book=Chú Thạch Sư
book_id=107302
out=C:\Dev\MTC\Chú Thạch Sư
chapters_total=124 expected=124
[1/124] skip existing file=Chương 1 Từ Việt Nam về Âu Lạc.txt
[2/124] skip existing file=Chương 2 Ném hắn đi.txt
[3/124] skip existing file=Chương 3 Tịch Thần hệ thống.txt
[4/124] skip existing file=Chương 4 Tinh Linh hóa.txt
[5/124] skip existing file=Chương 5 Chân chính về Âu Lạc.txt
[6/124] skip existing file=Chương 6 Tổ đội.txt
[7/124] skip existing file=Chương 7 Bàn chuyện vận khí.txt
[8/124] skip existing file=Chương 8 Thử nghiệm.txt
[9/124] skip existing file=Chương 9 Thiên chức.txt
[10/124] skip existing file=Chương 10 Gậy ông đập lưng ông.txt
[11/124] skip existing file=Chương 11 Thần Sơn nói chuyện.txt
[12/124] skip existing file=Chương 12 Làm công ăn lương.txt
[13/124] skip existing file=Chương 13 Dọn thư viện.txt
[14/124] skip existing file=Chương 14 Vua hố bán đồ.txt
[15/124] skip existing file=Chương 15 Ta tính khí chính là như vậy.txt
[16/124] skip existing file=Chương 16 Mỗi kẻ một suy tính.txt
[17/124] skip existing file=Chương 17 Liên miên tiễn vũ.txt
[18/124] skip existing file=Chương 18 Đánh kiểu chủ động.txt
[19/124] skip existing file=Chương 19 Lật cái bàn cờ.txt
[20/124] skip existing file=Chương 20 Tử Lôi Hải.txt
[21/124] skip existing file=Chương 21 Loạn Trùng Ma.txt
[22/124] skip existing file=Chương 22 Diệt trùng.txt
[23/124] skip existing file=Chương 23 Không muốn học chỉ muốn ra tiền.txt
[24/124] skip existing file=Chương 24 Ép đi học.txt
[25/124] skip existing file=Chương 25 Đặc thù thể chất.txt
[26/124] skip existing file=Chương 26 Điện chủ.txt
[27/124] skip existing file=Chương 27 Gia nhập.txt
[28/124] skip existing file=Chương 28 Tranh tài.txt
[29/124] skip existing file=Chương 29 Biến thái ma đầu.txt
[30/124] skip existing file=Chương 30 Đối chiến.txt
[31/124] skip existing file=Chương 31 Hỗn Ma.txt
[32/124] skip existing file=Chương 32 Kết nghĩa.txt
[33/124] skip existing file=Chương 33 Cẩu lương.txt
[34/124] skip existing file=Chương 34 Nhân lực dồi dào.txt
[35/124] skip existing file=Chương 35 Thần vật.txt
[36/124] skip existing file=Chương 36 Phụ trợ Cốt Kiếp Cung.txt
[37/124] skip existing file=Chương 37 Yêu thú.txt
[38/124] skip existing file=Chương 38 Thâu hồn.txt
[39/124] skip existing file=Chương 39 Trở về.txt
[40/124] skip existing file=Chương 40 Mối làm ăn.txt
[41/124] skip existing file=Chương 41 Đại lịch luyện.txt
[42/124] skip existing file=Chương 42 Ba chọi ba.txt
[43/124] skip existing file=Chương 43 Phong chủ.txt
[44/124] skip existing file=Chương 44 Tiến vào đồ sát.txt
[45/124] skip existing file=Chương 45 Trực tiếp đối đầu.txt
[46/124] skip existing file=Chương 46 Siêu Cấp chiến.txt
[47/124] skip existing file=Chương 47 Dị Ma Linh.txt
[48/124] skip existing file=Chương 48 Lập lại tất cả.txt
[49/124] skip existing file=Chương 49 Điều khiển.txt
[50/124] skip existing file=Chương 50 Ngay lập tức tòng quân.txt
[51/124] skip existing file=Chương 51 Doanh trại.txt
[52/124] skip existing file=Chương 52 Thạch Sanh.txt
[53/124] skip existing file=Chương 53 Tiên nhân.txt
[54/124] skip existing file=Chương 54 Người đi ta ở.txt
[55/124] skip existing file=Chương 55 Ma rừng.txt
[56/124] skip existing file=Chương 56 Vong linh thủy triều.txt
[57/124] skip existing file=Chương 57 Cứu vớt.txt
[58/124] skip existing file=Chương 58 Niết bàn.txt
[59/124] skip existing file=Chương 59 Giảng một lần về đổi mới.txt
[60/124] skip existing file=Chương 60 Lập trình khả năng.txt
[61/124] skip existing file=Chương 61 Phong hầu.txt
[62/124] skip existing file=Chương 62 Dã Tràng.txt
[63/124] skip existing file=Chương 63 Cổ tích đen.txt
[64/124] skip existing file=Chương 64 Hận nữ nhân.txt
[65/124] skip existing file=Chương 65 Nhọ nhất thế gian.txt
[66/124] skip existing file=Chương 66 Không phải Mai An Tiêm.txt
[67/124] skip existing file=Chương 67 Tựu Thạch Sư.txt
[68/124] skip existing file=Chương 68 Lặn.txt
[69/124] skip existing file=Chương 69 Tầng thứ 30.txt
[70/124] skip existing file=Chương 70 Thân phận.txt
[71/124] skip existing file=Chương 71 Vô Danh Đảo tiến đến.txt
[72/124] skip existing file=Chương 72 Yêu Ngư.txt
[73/124] skip existing file=Chương 73 Thực Tế Hóa.txt
[74/124] skip existing file=Chương 74 Khoảng lặng.txt
[75/124] skip existing file=Chương 75 Âm mưu.txt
[76/124] skip existing file=Chương 76 Liên kết.txt
[77/124] skip existing file=Chương 77 Lôi Hải.txt
[78/124] skip existing file=Chương 78 Thần khí.txt
[79/124] skip existing file=Chương 79 Quỷ Địa Quy.txt
[80/124] skip existing file=Chương 80 Cuồng.txt
[81/124] skip existing file=Chương 81 Viện quân.txt
[82/124] download chapter_id=13720404 file=Chương 82 Vị ‘cóc’.txt
  OK decrypted=True written=Chương 82 Vị ‘cóc’.txt
[83/124] skip existing file=Chương 83 Đại địa chi tử.txt
[84/124] skip existing file=Chương 84 Luận chuyện hồi sinh.txt
[85/124] skip existing file=Chương 85 Truy lùng.txt
[86/124] skip existing file=Chương 86 Lưu Huyền Di.txt
[87/124] skip existing file=Chương 87 Huyết mạch ức chế.txt
[88/124] skip existing file=Chương 88 Xuất hiện.txt
[89/124] skip existing file=Chương 89 Cứu hộ.txt
[90/124] skip existing file=Chương 90 Lật mặt.txt
[91/124] skip existing file=Chương 91 Cửu giáo chủ đại giáo hoàng.txt
[92/124] skip existing file=Chương 92 Luật Thạch.txt
[93/124] skip existing file=Chương 93 Xây Cổ Loa Thành.txt
[94/124] skip existing file=Chương 94 Hắc Bạch Cấm Vệ.txt
[95/124] skip existing file=Chương 95 Hệ thống.txt
[96/124] skip existing file=Chương 96 Đa đại lục.txt
[97/124] skip existing file=Chương 97 Thầy bói xem voi.txt
[98/124] skip existing file=Chương 98 Khôi Lỗi Sư.txt
[99/124] skip existing file=Chương 99 Chấm dứt thế nào là việc của ta.txt
[100/124] skip existing file=Chương 100 Xương Cuồng.txt
[101/124] skip existing file=Chương 101 An Vương Giới.txt
[102/124] skip existing file=Chương 102 Ngọc Hoàng sai nước.txt
[103/124] skip existing file=Chương 103 Phá pháp.txt
[104/124] skip existing file=Chương 104 Ma giới.txt
[105/124] skip existing file=Chương 105 Cuội điên rồi.txt
[106/124] skip existing file=Chương 106 Lưu Linh Tôn.txt
[107/124] skip existing file=Chương 107 Chư thần.txt
[108/124] skip existing file=Chương 108 Ngang.txt
[109/124] skip existing file=Chương 109 Ba chiếc rìu.txt
[110/124] skip existing file=Chương 110 Báo cáo bắt buộc của Cung Đình Xạ Tuyến.txt
[111/124] skip existing file=Chương 111 Ác quan Từ Thức.txt
[112/124] skip existing file=Chương 112 Hên xui.txt
[113/124] skip existing file=Chương 113 Miễn nhiễm toàn bộ.txt
[114/124] skip existing file=Chương 114 Hùng biện.txt
[115/124] skip existing file=Chương 115 Thân phận Tịch Thần.txt
[116/124] skip existing file=Chương 116 Gà vịt đánh nhau người chết.txt
[117/124] skip existing file=Chương 117 Hỗn Độn Chi Chủ.txt
[118/124] skip existing file=Chương 118 Ba Bị.txt
[119/124] skip existing file=Chương 119 Trang Thần.txt
[120/124] skip existing file=Chương 120 Zeus tận số.txt
[121/124] skip existing file=Chương 121 Nhậm chức.txt
[122/124] skip existing file=Chương 122 Loạn thế Triệu Trọng Thủy.txt
[123/124] skip existing file=Chương 123 Ngòi nổ của khởi nghĩa.txt
[124/124] skip existing file=Chương 124 Thời hạn.txt
final_ok=124
final_fail=0
out=C:\Dev\MTC\Chú Thạch Sư

[stderr]
