book=Stardust Crusaders Tôi Là Kakyoin
book_id=127154
out=C:\Dev\MTC\Stardust Crusaders Tôi Là Kakyoin
chapters_total=103 expected=103
[1/103] skip existing file=Chương 1 Noriaki Kakyoin.txt
[2/103] skip existing file=Chương 2 Stand.txt
[3/103] skip existing file=Chương 3 Xuất phát.txt
[4/103] skip existing file=Chương 4 Tower Of Gray.txt
[5/103] skip existing file=Chương 5 Tower of Gray.txt
[6/103] skip existing file=Chương 6 Jean Pierre Polnareff.txt
[7/103] skip existing file=Chương 7 Heirophant Green vs Silver Chariot.txt
[8/103] skip existing file=Chương 8 Avdol vs Polnareff.txt
[9/103] skip existing file=Chương 9 Nhập bọn.txt
[10/103] skip existing file=Chương 10 Dark Blue Moon.txt
[11/103] skip existing file=Chương 11 Heirophant Green vs Dark Blue Moon.txt
[12/103] skip existing file=Chương 12 Nạn nhân tiếp theo.txt
[13/103] skip existing file=Chương 13 Strength.txt
[14/103] skip existing file=Chương 14 Strength.txt
[15/103] skip existing file=Chương 15 Đến Singapore.txt
[16/103] skip existing file=Chương 16 Devo.txt
[17/103] skip existing file=Chương 17 Không ngờ lại gặp phải thằng liều.txt
[18/103] skip existing file=Chương 18 Kẻ phản bội.txt
[19/103] skip existing file=Chương 19 Rero rero rero.txt
[20/103] skip existing file=Chương 20 Yellow Temperance.txt
[21/103] skip existing file=Chương 21 Tuyệt kỹ của nhà Joestar.txt
[22/103] skip existing file=Chương 22 Kẻ hủy diệt nhà vệ sinh Polnareff.txt
[23/103] skip existing file=Chương 23 Hoàng Đế và Kẻ Bị Treo.txt
[24/103] skip existing file=Chương 24 Hoàng Đế và Kẻ Bị Treo.txt
[25/103] skip existing file=Chương 25 Cái chết của Avdol.txt
[26/103] skip existing file=Chương 26 Chiến đấu trực diện.txt
[27/103] skip existing file=Chương 27 Kẻ bị treo.txt
[28/103] skip existing file=Chương 28 Thành phố Varanasi.txt
[29/103] skip existing file=Chương 29 Nữ Hoàng.txt
[30/103] skip existing file=Chương 30 worldcup mài bỏ túi tao thì bỏ con.txt
[31/103] skip existing file=Chương 31 Wheel of Fortune.txt
[32/103] skip existing file=Chương 32 Wheel of Fortune.txt
[33/103] skip existing file=Chương 33 Wheel of Fortune.txt
[34/103] skip existing file=Chương 34 Chia tay Anne.txt
[35/103] skip existing file=Chương 35 Cái xác kỳ lạ.txt
[36/103] skip existing file=Chương 36 Khách sạn.txt
[37/103] skip existing file=Chương 37 Justice.txt
[38/103] skip existing file=Chương 38 Chiến thần nhà vệ sinh Polnareff.txt
[39/103] skip existing file=Chương 39 Stand Arrow.txt
[40/103] skip existing file=Chương 40 Hăng quá hóa dở.txt
[41/103] skip existing file=Chương 41 Giải quyết vấn đề.txt
[42/103] skip existing file=Chương 42 Lovers.txt
[43/103] skip existing file=Chương 43 Lovers.txt
[44/103] skip existing file=Chương 44 Lovers.txt
[45/103] skip existing file=Chương 45 Lovers.txt
[46/103] skip existing file=Chương 46 Lovers.txt
[47/103] skip existing file=Chương 47 Lovers.txt
[48/103] skip existing file=Chương 48 Sun.txt
[49/103] skip existing file=Chương 49 Sun.txt
[50/103] skip existing file=Chương 50 Sun.txt
[51/103] skip existing file=Chương 51 Death 13.txt
[52/103] skip existing file=Chương 52 Death 13.txt
[53/103] skip existing file=Chương 53 Death 13.txt
[54/103] skip existing file=Chương 54 Death 13.txt
[55/103] skip existing file=Chương 55 Death 13.txt
[56/103] skip existing file=Chương 56 Những cái loại không làm mà đòi có ăn thì chỉ có ăn.txt
[57/103] skip existing file=Chương 57 Judgement.txt
[58/103] skip existing file=Chương 58 Judgemet.txt
[59/103] skip existing file=Chương 59 Sherry.txt
[60/103] skip existing file=Chương 60 Yes i am.txt
[61/103] skip existing file=Chương 61 Avdol trở lại.txt
[62/103] skip existing file=Chương 62 Khởi hành.txt
[63/103] skip existing file=Chương 63 Tàu ngầm.txt
[64/103] skip existing file=Chương 64 High Priestess.txt
[65/103] skip existing file=Chương 65 High Priestess.txt
[66/103] skip existing file=Chương 66 High Priestess.txt
[67/103] skip existing file=Chương 67 High Priestess.txt
[68/103] skip existing file=Chương 68 Thành viên mới.txt
[69/103] skip existing file=Chương 69 The Fool.txt
[70/103] download chapter_id=18885984 file=Chương 70 N'Doul.txt
  OK decrypted=True written=Chương 70 N'Doul.txt
[71/103] skip existing file=Chương 71 Thần Geb.txt
[72/103] skip existing file=Chương 72 Thần Geb.txt
[73/103] skip existing file=Chương 73 Thần Geb.txt
[74/103] skip existing file=Chương 74 Thần Geb.txt
[75/103] skip existing file=Chương 75 Mắc kẹt.txt
[76/103] skip existing file=Chương 76 Ảo ảnh.txt
[77/103] skip existing file=Chương 77 Ảo ảnh.txt
[78/103] skip existing file=Chương 78 Bão cát.txt
[79/103] skip existing file=Chương 79 Xe lửa.txt
[80/103] skip existing file=Chương 80 Xe lửa.txt
[81/103] skip existing file=Chương 81 Cái Bẫy.txt
[82/103] skip existing file=Chương 82 Satanic Coupler.txt
[83/103] skip existing file=Chương 83 Thành Phố Ảo Ảnh.txt
[84/103] skip existing file=Chương 84 Biện Pháp.txt
[85/103] skip existing file=Chương 85 Trốn Thoát.txt
[86/103] skip existing file=Chương 86 Chạy.txt
[87/103] skip existing file=Chương 87 Chạy.txt
[88/103] skip existing file=Chương 88 Bí Mật.txt
[89/103] skip existing file=Chương 89 The Last Crusader.txt
[90/103] skip existing file=Chương 90 The Last Crusaders.txt
[91/103] skip existing file=Chương 91 Sống sót.txt
[92/103] skip existing file=Chương 92 Absalom.txt
[93/103] download chapter_id=19285120 file=Chương 93 Untitled.txt
  OK decrypted=True written=Chương 93 Untitled.txt
[94/103] skip existing file=Chương 94 Kế hoạch.txt
[95/103] download chapter_id=19346342 file=Chương 95 Untitled.txt
  OK decrypted=True written=Chương 95 Untitled.txt
[96/103] download chapter_id=19384296 file=Chương 96 Untitled.txt
  OK decrypted=True written=Chương 96 Untitled.txt
[97/103] download chapter_id=19394308 file=Chương 97 Untitled.txt
  OK decrypted=True written=Chương 97 Untitled.txt
[98/103] download chapter_id=19405615 file=Chương 98 Untitled.txt
  OK decrypted=True written=Chương 98 Untitled.txt
[99/103] download chapter_id=19411811 file=Chương 99 Untitled.txt
  OK decrypted=True written=Chương 99 Untitled.txt
[100/103] download chapter_id=19421106 file=Chương 100 Untitled.txt
  OK decrypted=True written=Chương 100 Untitled.txt
[101/103] download chapter_id=19433674 file=Chương 101 Untitled.txt
  OK decrypted=True written=Chương 101 Untitled.txt
[102/103] skip existing file=Chương 102 Anh em nhà Oingo Boingo.txt
[103/103] skip existing file=Chương 103 Chương Cuối Ánh Sáng Rực Rỡ.txt
final_ok=103
final_fail=0
out=C:\Dev\MTC\Stardust Crusaders Tôi Là Kakyoin

[stderr]
