book=Đại Cồ Việt Nhất Thống Chí
book_id=109557
out=C:\Dev\MTC\Đại Cồ Việt Nhất Thống Chí
chapters_total=21 expected=21
[1/21] skip existing file=Chương 1 Ba trăm năm lẻ Tuỳ Đường Lại trong Ngũ quý tang thương cũng dài Hồng châu họ Khúc hùng tài Gặp đời Thúc Quý toan bài bá vương.txt
[2/21] download chapter_id=14098724 file=Chương 2 Thánh tổ tiên vương Nhất bào bách noãn. Sinh hạ bách thần Khai quốc an dân.txt
  OK decrypted=True written=Chương 2 Thánh tổ tiên vương Nhất bào bách noãn. Sinh hạ bách thần Khai quốc an dân.txt
[3/21] download chapter_id=14098729 file=Chương 3 Bước chân vào Châu buổi mới đầu. Sinh tử giao ước nghĩa kim lan.txt
  OK decrypted=True written=Chương 3 Bước chân vào Châu buổi mới đầu. Sinh tử giao ước nghĩa kim lan.txt
[4/21] download chapter_id=14098732 file=Chương 4 Truyền phong thơ Lý Thông phá trận. Kế khổ nhục Cự Lượng trá hàng.txt
  OK decrypted=True written=Chương 4 Truyền phong thơ Lý Thông phá trận. Kế khổ nhục Cự Lượng trá hàng.txt
[5/21] download chapter_id=14098733 file=Chương 5 Dâng thư trá hàng Cự Lạng cứu Liễn. Nửa đêm công trại Lý Thông báo thù nhà.txt
  OK decrypted=True written=Chương 5 Dâng thư trá hàng Cự Lạng cứu Liễn. Nửa đêm công trại Lý Thông báo thù nhà.txt
[6/21] download chapter_id=14098735 file=Chương 6 Nâng chén rượu luận chuyện thiên hạ. Đất Nam Giao Thập Nhị sứ quân.txt
  OK decrypted=True written=Chương 6 Nâng chén rượu luận chuyện thiên hạ. Đất Nam Giao Thập Nhị sứ quân.txt
[7/21] download chapter_id=14098736 file=Chương 7 Trường diễn võ Thạch Sanh so tài. Khiển binh tướng Lý Thông ra trận.txt
  OK decrypted=True written=Chương 7 Trường diễn võ Thạch Sanh so tài. Khiển binh tướng Lý Thông ra trận.txt
[8/21] download chapter_id=14098737 file=Chương 8 Lý Thông bày kế trấn bốn lộ sứ quân. Lê Hoàn đi sứ dùng độc diệt thủy yêu.txt
  OK decrypted=True written=Chương 8 Lý Thông bày kế trấn bốn lộ sứ quân. Lê Hoàn đi sứ dùng độc diệt thủy yêu.txt
[9/21] download chapter_id=14098738 file=Chương 9 Sí Điểu hạ sơn báo thù bạn. Lý Thông mang binh đánh Ái Châu.txt
  OK decrypted=True written=Chương 9 Sí Điểu hạ sơn báo thù bạn. Lý Thông mang binh đánh Ái Châu.txt
[10/21] download chapter_id=14098739 file=Chương 10 Sí Điểu đốt nhang thỉnh đạo hữu. Song Tinh hạ sơn báo thù xưa.txt
  OK decrypted=True written=Chương 10 Sí Điểu đốt nhang thỉnh đạo hữu. Song Tinh hạ sơn báo thù xưa.txt
[11/21] download chapter_id=14098740 file=Chương 11 Ham lập công Nguyễn Bặc sa vây. Bủa lưới câu Lục Tinh bày trận.txt
  OK decrypted=True written=Chương 11 Ham lập công Nguyễn Bặc sa vây. Bủa lưới câu Lục Tinh bày trận.txt
[12/21] download chapter_id=14103746 file=Chương 12 Bày Trận Tứ Quỷ Ngư Tinh Đệ Chiến Thơ. Lập Điện Lạc Thần Y Man Thâu Hồn Phách.txt
  OK decrypted=True written=Chương 12 Bày Trận Tứ Quỷ Ngư Tinh Đệ Chiến Thơ. Lập Điện Lạc Thần Y Man Thâu Hồn Phách.txt
[13/21] download chapter_id=14104136 file=Chương 13 Xông Trận Đồ Thạch Sanh bỏ mạng. Phép Thông Linh Lý Thông cầu Sơn Thánh.txt
  OK decrypted=True written=Chương 13 Xông Trận Đồ Thạch Sanh bỏ mạng. Phép Thông Linh Lý Thông cầu Sơn Thánh.txt
[14/21] download chapter_id=14105204 file=Chương 14 Lý Thông thỉnh Thần cầu tứ bảo. Chư Tiên hạ phàm tróc kẻ gian.txt
  OK decrypted=True written=Chương 14 Lý Thông thỉnh Thần cầu tứ bảo. Chư Tiên hạ phàm tróc kẻ gian.txt
[15/21] download chapter_id=14107081 file=Chương 15 Dùng pháp bảo phá trận câu hồn. Sử phép lạ tam yêu đào mạng.txt
  OK decrypted=True written=Chương 15 Dùng pháp bảo phá trận câu hồn. Sử phép lạ tam yêu đào mạng.txt
[16/21] download chapter_id=14117279 file=Chương 16 Nơi đền thờ Hắc Đế báo mộng. Chốn non cao tam tướng quy hàng.txt
  OK decrypted=True written=Chương 16 Nơi đền thờ Hắc Đế báo mộng. Chốn non cao tam tướng quy hàng.txt
[17/21] download chapter_id=14130552 file=Chương 17 Xông Chu Tước Sí Điểu trụi lông. Thám Bạch Hổ Hồ Yêu đứt vĩ.txt
  OK decrypted=True written=Chương 17 Xông Chu Tước Sí Điểu trụi lông. Thám Bạch Hổ Hồ Yêu đứt vĩ.txt
[18/21] download chapter_id=14152550 file=Chương 18 Trúng thần phong Sí Điểu gặp nguy. Sa Huyền Vũ Ngư Tinh thác mạng.txt
  OK decrypted=True written=Chương 18 Trúng thần phong Sí Điểu gặp nguy. Sa Huyền Vũ Ngư Tinh thác mạng.txt
[19/21] download chapter_id=14294346 file=Chương 19 Cứu huynh đệ Lý Thông ứng kiếp. Trảm pháp bảo Thiên Vấn ra oai.txt
  OK decrypted=True written=Chương 19 Cứu huynh đệ Lý Thông ứng kiếp. Trảm pháp bảo Thiên Vấn ra oai.txt
[20/21] download chapter_id=14309785 file=Chương 20 Mộc Lộc thượng sơn cầu đạo hữu. Lý Thông trảm yêu luyện thần binh.txt
  OK decrypted=True written=Chương 20 Mộc Lộc thượng sơn cầu đạo hữu. Lý Thông trảm yêu luyện thần binh.txt
[21/21] download chapter_id=14355408 file=Chương 21 Gặp dị nhân Lý Thông ứng kiếp. Lập đàn phép Ngũ Thánh ra oai.txt
  OK decrypted=True written=Chương 21 Gặp dị nhân Lý Thông ứng kiếp. Lập đàn phép Ngũ Thánh ra oai.txt
final_ok=21
final_fail=0
out=C:\Dev\MTC\Đại Cồ Việt Nhất Thống Chí

[stderr]
