book=Biến Thiên 1 Lol Để Người Già Dạy Cách Chơi Liên Minh
book_id=122398
out=C:\Dev\MTC\Biến Thiên 1 Lol Để Người Già Dạy Cách Chơi Liên Minh
chapters_total=354 expected=354
[1/354] skip existing file=Chương 1 Thế giới của thể thao điện tử.txt
[2/354] skip existing file=Chương 2 Tiểu thuyết tiên đoán tương lai.txt
[3/354] skip existing file=Chương 3 Đi tìm đồng đội.txt
[4/354] skip existing file=Chương 4 Kiều Oanh.txt
[5/354] skip existing file=Chương 5 Giới thiệu thành viên.txt
[6/354] skip existing file=Chương 6 Đội hình tập hợp.txt
[7/354] skip existing file=Chương 7 Lại là Kayle.txt
[8/354] skip existing file=Chương 8 Bảo vệ điều kiện thắng.txt
[9/354] skip existing file=Chương 9 Gấu đần Volibear.txt
[10/354] skip existing file=Chương 10 Đang trong trận Duy hỏi ăn mừng món gì.txt
[11/354] skip existing file=Chương 11 Thảm sát ở đường dưới.txt
[12/354] skip existing file=Chương 12 Azir hi vọng cuối cùng.txt
[13/354] skip existing file=Chương 13 Trận đầu thắng lợi.txt
[14/354] skip existing file=Chương 14 FED giữ nguyên lãi suất.txt
[15/354] skip existing file=Chương 15 Ba tướng hỗ trợ.txt
[16/354] skip existing file=Chương 16 Khai thác Kassadin.txt
[17/354] skip existing file=Chương 17 Lăn cầu tuyết.txt
[18/354] skip existing file=Chương 18 Kết thúc chóng vánh.txt
[19/354] skip existing file=Chương 19 Fan hâm mộ.txt
[20/354] skip existing file=Chương 20 Cấm chọn căng não.txt
[21/354] skip existing file=Chương 21 Tranh chấp khu vực bờ sông.txt
[22/354] skip existing file=Chương 22 Giao tranh sứ giả.txt
[23/354] skip existing file=Chương 23 Áp lực từ Garen.txt
[24/354] skip existing file=Chương 24 Nhằm vào Ashe.txt
[25/354] skip existing file=Chương 25 Tất cả hài lòng chỉ mình Oanh bị đánh.txt
[26/354] skip existing file=Chương 26 Giao tranh hang rồng.txt
[27/354] skip existing file=Chương 27 Phóng viên tập kích.txt
[28/354] skip existing file=Chương 28 Chiến thuật bị học lỏm.txt
[29/354] skip existing file=Chương 29 Nhất Xạ Tứ Nô.txt
[30/354] skip existing file=Chương 30 Băng trụ.txt
[31/354] skip existing file=Chương 31 Hết mid tới top.txt
[32/354] skip existing file=Chương 32 Tứ nô bị phế thảm sát bắt đầu.txt
[33/354] skip existing file=Chương 33 Bất lực thật sự.txt
[34/354] skip existing file=Chương 34 Khi trò chơi không phải để chơi.txt
[35/354] skip existing file=Chương 35 Góc khuất sau màn hình.txt
[36/354] skip existing file=Chương 36 Duy nói trận đấu đã kết thúc.txt
[37/354] skip existing file=Chương 37 Băng trụ liên tục.txt
[38/354] skip existing file=Chương 38 Áp lực từ Yone.txt
[39/354] skip existing file=Chương 39 Nổ Hoa.txt
[40/354] skip existing file=Chương 40 Năm người vây bắt.txt
[41/354] skip existing file=Chương 41 Thầy Giáo Ba.txt
[42/354] skip existing file=Chương 42 Nasus vs Riven.txt
[43/354] skip existing file=Chương 43 Kiểm soát thế lính.txt
[44/354] skip existing file=Chương 44 Cún con tiến hóa khuyển thần.txt
[45/354] skip existing file=Chương 45 Chúng sinh bình đẳng ba gõ quy thiên.txt
[46/354] skip existing file=Chương 46 Lời mời đến từ Hàn Quốc.txt
[47/354] skip existing file=Chương 47 Gặp lại kẻ thù.txt
[48/354] skip existing file=Chương 48 Varus đường trên.txt
[49/354] skip existing file=Chương 49 Hai ba con mực.txt
[50/354] skip existing file=Chương 50 Thay phiên tự sát.txt
[51/354] skip existing file=Chương 51 Varus tank.txt
[52/354] skip existing file=Chương 52 Wow wow League of Legend.txt
[53/354] skip existing file=Chương 53 Hàn Quốc.txt
[54/354] skip existing file=Chương 54 Góc khuất.txt
[55/354] skip existing file=Chương 55 Nhà tiên tri Tiến Duy.txt
[56/354] skip existing file=Chương 56 Cánh trên vs cánh dưới.txt
[57/354] skip existing file=Chương 57 Đóng cửa thả chó.txt
[58/354] skip existing file=Chương 58 Đi bộ hít thở cũng có sai lầm.txt
[59/354] skip existing file=Chương 59 Vì tiếc dịch chuyển mất một trận đấu.txt
[60/354] skip existing file=Chương 60 Gặp mặt Lý Viễn.txt
[61/354] skip existing file=Chương 61 Joker Family.txt
[62/354] skip existing file=Chương 62 Phản xạ hơn người.txt
[63/354] skip existing file=Chương 63 Đảo đường chiến thuật.txt
[64/354] skip existing file=Chương 64 Đảo đường liên tục.txt
[65/354] skip existing file=Chương 65 Lợi thế mong manh.txt
[66/354] skip existing file=Chương 66 Trao đổi mục tiêu.txt
[67/354] skip existing file=Chương 67 Baron không thể end game.txt
[68/354] skip existing file=Chương 68 Một con Mắt Kiểm Soát dẫn tới thảm án.txt
[69/354] skip existing file=Chương 69 Oanh gặp lại chủ cũ.txt
[70/354] skip existing file=Chương 70 Rumble mất tốc biến cây ATM di động.txt
[71/354] skip existing file=Chương 71 Thiên Thần Hạ Phàm.txt
[72/354] skip existing file=Chương 72 Ra vào xoắn não.txt
[73/354] skip existing file=Chương 73 Chiến thuật bốn một.txt
[74/354] skip existing file=Chương 74 Chủ tịch antifan.txt
[75/354] skip existing file=Chương 75 Khi chủ tịch antifan làm trợ lý.txt
[76/354] skip existing file=Chương 76 Cổ Kiếm đội chuyên kéo late.txt
[77/354] skip existing file=Chương 77 Out trình di chuyển.txt
[78/354] skip existing file=Chương 78 Cực kì tàn ác.txt
[79/354] skip existing file=Chương 79 Azir xuất thần.txt
[80/354] skip existing file=Chương 80 Chênh lệch quá lớn.txt
[81/354] skip existing file=Chương 81 Thánh nhân đãi kẻ khù khờ.txt
[82/354] skip existing file=Chương 82 Chỉ ra sai lầm.txt
[83/354] skip existing file=Chương 83 Feed mạng chưa chắc đã lỗ.txt
[84/354] skip existing file=Chương 84 Kết thúc phiên bản cũ.txt
[85/354] skip existing file=Chương 85 Khởi đầu phiên bản mới.txt
[86/354] skip existing file=Chương 86 Những điều mới mẻ.txt
[87/354] skip existing file=Chương 87 Thủ hòa trao đổi mục tiêu.txt
[88/354] skip existing file=Chương 88 Khuyết điểm đấu sĩ tốn tài nguyên.txt
[89/354] skip existing file=Chương 89 Rell bán độ.txt
[90/354] skip existing file=Chương 90 Lúa chín cúi đầu sông sâu tĩnh lặng.txt
[91/354] skip existing file=Chương 91 Giao tranh liên tục.txt
[92/354] skip existing file=Chương 92 Tuyển thủ biến chất.txt
[93/354] skip existing file=Chương 93 Bạn trai em là Vũ Tiến Duy.txt
[94/354] skip existing file=Chương 94 Oanh chất vấn.txt
[95/354] skip existing file=Chương 95 Coi như end game.txt
[96/354] skip existing file=Chương 96 Trận cuối trước vòng chung kết.txt
[97/354] skip existing file=Chương 97 Hai rừng kết hợp proxy.txt
[98/354] skip existing file=Chương 98 Người tàn ác thường sống thảnh thơi.txt
[99/354] skip existing file=Chương 99 Nạn nhân tiếp theo.txt
[100/354] skip existing file=Chương 100 Trang bị sát thủ phiên bản mới.txt
[101/354] skip existing file=Chương 101 Tăng tốc trận đấu.txt
[102/354] skip existing file=Chương 102 Vừa đánh vừa rút kinh nghiệm.txt
[103/354] skip existing file=Chương 103 Nỗi sợ giục cưới mùa tết.txt
[104/354] skip existing file=Chương 104 Cả nhóm anti toàn là gián điệp.txt
[105/354] skip existing file=Chương 105 Hwei xạ thủ.txt
[106/354] skip existing file=Chương 106 Xạ thủ xài trang bị hỗ trợ.txt
[107/354] skip existing file=Chương 107 Tướng hai trăm năm.txt
[108/354] skip existing file=Chương 108 Áp lực từ Pyke.txt
[109/354] skip existing file=Chương 109 Hỗ trợ gánh team.txt
[110/354] skip existing file=Chương 110 Chiến thắng dễ dàng.txt
[111/354] skip existing file=Chương 111 Đánh lừa cấm chọn.txt
[112/354] skip existing file=Chương 112 Phiên bản mid rừng.txt
[113/354] skip existing file=Chương 113 Giao tranh một chấm máu.txt
[114/354] skip existing file=Chương 114 Bình tĩnh khi thất thế.txt
[115/354] skip existing file=Chương 115 Sự quan trọng của tầm nhìn.txt
[116/354] skip existing file=Chương 116 Kiểm soát chuẩn chỉ.txt
[117/354] skip existing file=Chương 117 Kế hoạch cải tạo Liên Minh.txt
[118/354] skip existing file=Chương 118 Gặp lại Lý Viễn.txt
[119/354] skip existing file=Chương 119 Trận đầu đánh BO3.txt
[120/354] skip existing file=Chương 120 Khắc chế Brand đi rừng.txt
[121/354] skip existing file=Chương 121 Lucian hack tiền.txt
[122/354] skip existing file=Chương 122 Cừu Cứu Sinh.txt
[123/354] skip existing file=Chương 123 Cắm trại Brand.txt
[124/354] skip existing file=Chương 124 Đại Chiến Sắp Tới.txt
[125/354] skip existing file=Chương 125 Tốc Biến ăn mạng.txt
[126/354] skip existing file=Chương 126 Sai lầm phải chịu phạt.txt
[127/354] skip existing file=Chương 127 Điều luật mới.txt
[128/354] skip existing file=Chương 128 Ăn tham có cơ sở.txt
[129/354] skip existing file=Chương 129 Tử thần hàng lâm.txt
[130/354] skip existing file=Chương 130 Cấp hai cướp rừng.txt
[131/354] skip existing file=Chương 131 Gnar cân hai.txt
[132/354] skip existing file=Chương 132 Tên hề lừa gạt.txt
[133/354] skip existing file=Chương 133 Jarvan IV làm liều.txt
[134/354] skip existing file=Chương 134 Tấm vé đi tới chung kết.txt
[135/354] skip existing file=Chương 135 Đấu Sĩ vs Xạ Thủ.txt
[136/354] skip existing file=Chương 136 Chỉ Một Mà Thôi.txt
[137/354] skip existing file=Chương 137 Đội hình bị chia cắt.txt
[138/354] skip existing file=Chương 138 Tốc Biến tạo tường.txt
[139/354] skip existing file=Chương 139 Đội mạnh mạnh ai nấy đánh.txt
[140/354] skip existing file=Chương 140 Vion thức tỉnh.txt
[141/354] skip existing file=Chương 141 Bản lĩnh đội mạnh.txt
[142/354] skip existing file=Chương 142 Có qua có lại.txt
[143/354] skip existing file=Chương 143 Hi vọng vụt tắt.txt
[144/354] skip existing file=Chương 144 Di chuyển cấp một.txt
[145/354] skip existing file=Chương 145 Dive trụ sớm.txt
[146/354] skip existing file=Chương 146 Hack não chiến thuật.txt
[147/354] skip existing file=Chương 147 Kiểm soát thế trận.txt
[148/354] skip existing file=Chương 148 Vion mở giao tranh.txt
[149/354] skip existing file=Chương 149 Quản lý tài nguyên.txt
[150/354] skip existing file=Chương 150 Nỗ lực của Vion.txt
[151/354] skip existing file=Chương 151 Càng thua tiền càng phải ép đánh.txt
[152/354] skip existing file=Chương 152 Sức mạnh tình bạn.txt
[153/354] skip existing file=Chương 153 Tự nhiên có vợ.txt
[154/354] skip existing file=Chương 154 Xe tăng bao vây.txt
[155/354] skip existing file=Chương 155 Chế độ cảnh vệ như nguyên thủ chương này chống chỉ định với người đang ăn cơm.txt
[156/354] skip existing file=Chương 156 Giải cứu Tiếng Việt.txt
[157/354] skip existing file=Chương 157 Tuyển thủ dự bị.txt
[158/354] skip existing file=Chương 158 Khai mạc chung kết.txt
[159/354] skip existing file=Chương 159 Cà khịa nhiều chút thì vui nhiều lần.txt
[160/354] skip existing file=Chương 160 Duy đã bị lừa.txt
[161/354] skip existing file=Chương 161 Oanhatrox khác với Aatrox.txt
[162/354] skip existing file=Chương 162 Tiếp tục solo kill đường trên.txt
[163/354] skip existing file=Chương 163 Nỗ lực chống cự.txt
[164/354] skip existing file=Chương 164 Trick sứ giả khe nứt.txt
[165/354] skip existing file=Chương 165 Tìm Đường Cứu Nước.txt
[166/354] skip existing file=Chương 166 Cướp Baron.txt
[167/354] skip existing file=Chương 167 Chồng dại cái mang.txt
[168/354] skip existing file=Chương 168 Bắt đầu ván hai.txt
[169/354] skip existing file=Chương 169 Aurelion Sol.txt
[170/354] skip existing file=Chương 170 Đạt Ngọc đáp lễ.txt
[171/354] skip existing file=Chương 171 Ăn miếng trả miếng.txt
[172/354] skip existing file=Chương 172 Màn Trời Giáng Thế.txt
[173/354] skip existing file=Chương 173 Thời khắc của ADC.txt
[174/354] skip existing file=Chương 174 Kẻ khóc người cười.txt
[175/354] skip existing file=Chương 175 FMVP là cả đội.txt
[176/354] skip existing file=Chương 176 Khởi hành đi Bắc Kinh.txt
[177/354] skip existing file=Chương 177 Xung Đột ở quán ăn.txt
[178/354] skip existing file=Chương 178 Thuật Pháp Lạc Việt.txt
[179/354] skip existing file=Chương 179 Bước vào đấu tập.txt
[180/354] skip existing file=Chương 180 Đệ tử Seoul vs Dragon Team.txt
[181/354] skip existing file=Chương 181 Cống cao ngã mạn.txt
[182/354] skip existing file=Chương 182 Sự ích kỷ quen thuộc.txt
[183/354] skip existing file=Chương 183 Thư viện Tổ Chim.txt
[184/354] skip existing file=Chương 184 Long Nhất nạn nhân số một.txt
[185/354] skip existing file=Chương 185 Chiến hạm Thiên Đình.txt
[186/354] skip existing file=Chương 186 Người thông minh nói chuyện lập lờ.txt
[187/354] skip existing file=Chương 187 Con gà và hạt thóc.txt
[188/354] skip existing file=Chương 188 Leblanc thống trị trận đấu.txt
[189/354] skip existing file=Chương 189 buổi phỏng vấn bão táp.txt
[190/354] skip existing file=Chương 190 Bồi dưỡng dự bị.txt
[191/354] skip existing file=Chương 191 Vào vòng chung kết luyện người mới.txt
[192/354] skip existing file=Chương 192 Độc lạ Đông Lào bốn tướng đấu sĩ.txt
[193/354] skip existing file=Chương 193 Content tái hiện.txt
[194/354] skip existing file=Chương 194 Aurelion Sol cũng làm content.txt
[195/354] skip existing file=Chương 195 Giải thích hiểu lầm.txt
[196/354] skip existing file=Chương 196 Phép thử ngầm.txt
[197/354] skip existing file=Chương 197 Những kẻ mạo danh.txt
[198/354] skip existing file=Chương 198 Vaybu xuất hiện.txt
[199/354] skip existing file=Chương 199 Nội bộ lục đục.txt
[200/354] skip existing file=Chương 200 Ao cá Chình.txt
[201/354] skip existing file=Chương 201 Yorick gọi cả đội trả lời.txt
[202/354] skip existing file=Chương 202 Duy được phỏng vấn.txt
[203/354] skip existing file=Chương 203 Mưu đồ bí mật.txt
[204/354] skip existing file=Chương 204 Number One đã gọi.txt
[205/354] skip existing file=Chương 205 Mưu hèn kế bẩn.txt
[206/354] skip existing file=Chương 206 Duy xuống làm hỗ trợ.txt
[207/354] skip existing file=Chương 207 Hỗ trợ cũng biết phản gank.txt
[208/354] skip existing file=Chương 208 Bỏ mạng giữ chiêu.txt
[209/354] skip existing file=Chương 209 Đùa không vui Đạt đã căng.txt
[210/354] skip existing file=Chương 210 Hai tay bốn súng cân năm.txt
[211/354] skip existing file=Chương 211 Tận thế của gia tộc họ Dương.txt
[212/354] skip existing file=Chương 212 Trận đấu kết thúc.txt
[213/354] skip existing file=Chương 213 Lễ cầu hôn trong mơ.txt
[214/354] skip existing file=Chương 214 Con báo Ngọc kẻ hủy diệt hành tinh.txt
[215/354] skip existing file=Chương 215 Đông Lào Siêu Cường.txt
[216/354] skip existing file=Chương 216 Trận đang còn đánh Duy chuẩn bị chúc mừng.txt
[217/354] skip existing file=Chương 217 Bắt đầu cấm chọn.txt
[218/354] download chapter_id=17491348 file=Chương 218 Kog'Maw và Lulu.txt
  OK decrypted=True written=Chương 218 Kog'Maw và Lulu.txt
[219/354] skip existing file=Chương 219 Càng là cao thủ càng đơn giản.txt
[220/354] skip existing file=Chương 220 Giao tranh hang rồng.txt
[221/354] skip existing file=Chương 221 Tứ đại hộ pháp.txt
[222/354] skip existing file=Chương 222 Cung Chạng Vạng.txt
[223/354] skip existing file=Chương 223 Bắt đầu ván hai.txt
[224/354] skip existing file=Chương 224 Thiên Thần tái hiện.txt
[225/354] skip existing file=Chương 225 End game ở phút thứ ba.txt
[226/354] skip existing file=Chương 226 Cắm trại đường dưới.txt
[227/354] skip existing file=Chương 227 Nhường rồng đổi trụ.txt
[228/354] skip existing file=Chương 228 Kayle chém hết.txt
[229/354] skip existing file=Chương 229 Bắc Kinh no China.txt
[230/354] skip existing file=Chương 230 Anh hùng khó qua ải mỹ nhân.txt
[231/354] skip existing file=Chương 231 Người cáo chủng tộc lừa tình.txt
[232/354] skip existing file=Chương 232 Cấm chọn mưu mô.txt
[233/354] skip existing file=Chương 233 Lại là end game phút thứ ba.txt
[234/354] skip existing file=Chương 234 Tầm quan trọng của năng lượng.txt
[235/354] skip existing file=Chương 235 Aatrox bọc đầu tự sát.txt
[236/354] skip existing file=Chương 236 Siêu sao bóng đá Lee Sin.txt
[237/354] download chapter_id=17535901 file=Chương 237 Kế hoạch “chúa cứu thế”.txt
  OK decrypted=True written=Chương 237 Kế hoạch “chúa cứu thế”.txt
[238/354] skip existing file=Chương 238 Câu chuyện bên lề.txt
[239/354] skip existing file=Chương 239 Bắt nạt từ cấp một.txt
[240/354] skip existing file=Chương 240 Bỏ bot lấy Sâu.txt
[241/354] skip existing file=Chương 241 Trong trận chung kết toàn cao thủ.txt
[242/354] skip existing file=Chương 242 Hi sinh cá nhân đổi mục tiêu lớn.txt
[243/354] skip existing file=Chương 243 Tránh đánh trực diện.txt
[244/354] download chapter_id=17552772 file=Chương 244 SFT. Ghi Đề.txt
  OK decrypted=True written=Chương 244 SFT. Ghi Đề.txt
[245/354] skip existing file=Chương 245 Mỹ Hương lên sân.txt
[246/354] skip existing file=Chương 246 Đánh nhau từ cấp một.txt
[247/354] skip existing file=Chương 247 Bà Hoàng solo.txt
[248/354] skip existing file=Chương 248 Băng trụ cân hai.txt
[249/354] skip existing file=Chương 249 Điểm yếu của Hương.txt
[250/354] skip existing file=Chương 250 Năm người vây bắt.txt
[251/354] skip existing file=Chương 251 Irelia còn mana là Irelia đầy máu.txt
[252/354] skip existing file=Chương 252 Hệ thống triệu hồi sư.txt
[253/354] skip existing file=Chương 253 Hướng dẫn tân thủ.txt
[254/354] skip existing file=Chương 254 Mật Mã Ăn Nhậu.txt
[255/354] skip existing file=Chương 255 Diệt chủng không đổ máu.txt
[256/354] skip existing file=Chương 256 Nam thừa nữ thiếu cú lừa thế kỷ.txt
[257/354] skip existing file=Chương 257 Hào khí Đông Lào.txt
[258/354] skip existing file=Chương 258 Dấu vết âm mưu.txt
[259/354] skip existing file=Chương 259 Người hi sinh không được công nhận.txt
[260/354] skip existing file=Chương 260 Điểm yếu của đội Bạch Tử.txt
[261/354] skip existing file=Chương 261 Câu lạc bộ thành đạt.txt
[262/354] skip existing file=Chương 262 Âm mưu diệt chủng người Việt.txt
[263/354] skip existing file=Chương 263 Ứng Thiên Trừ Tà Thuật.txt
[264/354] skip existing file=Chương 264 Gian trá lọc lừa.txt
[265/354] skip existing file=Chương 265 Orclé nhân chứng trải qua diệt chủng.txt
[266/354] skip existing file=Chương 266 Người còn sống nhưng dân tộc đã vong.txt
[267/354] skip existing file=Chương 267 Át chủ bài.txt
[268/354] skip existing file=Chương 268 Chuẩn bị đấu tập.txt
[269/354] download chapter_id=17618999 file=Chương 269 Chào mừng đến với Summoner’ Rift.txt
  OK decrypted=True written=Chương 269 Chào mừng đến với Summoner’ Rift.txt
[270/354] skip existing file=Chương 270 Tiếng kêu rên giữa hẻm núi.txt
[271/354] skip existing file=Chương 271 Nhảy múa trước mũi lao.txt
[272/354] skip existing file=Chương 272 Thiên tài và kẻ đần rất giống nhau.txt
[273/354] skip existing file=Chương 273 Vừa chơi vừa nghiên cứu.txt
[274/354] skip existing file=Chương 274 Chân thực đến đáng sợ.txt
[275/354] skip existing file=Chương 275 Ăn Baron.txt
[276/354] skip existing file=Chương 276 Đông Lào phòng tuyến cuối cùng.txt
[277/354] skip existing file=Chương 277 Thục nữ hám tiền và doanh nhân phông bạt.txt
[278/354] skip existing file=Chương 278 Truyền tai tẩy não.txt
[279/354] skip existing file=Chương 279 Trước ngày khai mạc.txt
[280/354] skip existing file=Chương 280 Khai mạc chung kết vũ trụ.txt
[281/354] skip existing file=Chương 281 Xuân Đào vs Min Xu.txt
[282/354] skip existing file=Chương 282 Mở đầu vòng chung kết.txt
[283/354] skip existing file=Chương 283 Cách dùng Sóng âm không bao giờ trượt.txt
[284/354] skip existing file=Chương 284 Lee Sin cục súc.txt
[285/354] skip existing file=Chương 285 Áp lực cánh dưới.txt
[286/354] skip existing file=Chương 286 Khớp từng chiêu một.txt
[287/354] skip existing file=Chương 287 Được ăn cả ngã về không.txt
[288/354] skip existing file=Chương 288 Công khai tuyên chiến.txt
[289/354] skip existing file=Chương 289 Sai một li đi một thùng.txt
[290/354] skip existing file=Chương 290 Phát hiện đáng ngờ.txt
[291/354] skip existing file=Chương 291 Wombo combo tái hiện ngoài vũ trụ.txt
[292/354] skip existing file=Chương 292 Năm người mười ý.txt
[293/354] skip existing file=Chương 293 Khủng hoảng lao động ở Đông Lào.txt
[294/354] skip existing file=Chương 294 Thay người.txt
[295/354] skip existing file=Chương 295 Malphite chúa tể bú win.txt
[296/354] skip existing file=Chương 296 Malphite và Jayce ai counter ai.txt
[297/354] skip existing file=Chương 297 Chó cắn chó.txt
[298/354] skip existing file=Chương 298 Toàn quân bị diệt.txt
[299/354] skip existing file=Chương 299 Mơ thấy tương lai.txt
[300/354] skip existing file=Chương 300 Bắt đầu tứ kết.txt
[301/354] skip existing file=Chương 301 Sư Tử cũng đi làm xiếc.txt
[302/354] download chapter_id=17721835 file=Chương 302 Bị ép “dạo phố”.txt
  OK decrypted=True written=Chương 302 Bị ép “dạo phố”.txt
[303/354] skip existing file=Chương 303 Giằng co quyết liệt.txt
[304/354] skip existing file=Chương 304 Chia đánh nhiều đường.txt
[305/354] skip existing file=Chương 305 Giao tranh quyết định.txt
[306/354] skip existing file=Chương 306 Phỏng Vấn Mỹ Hương.txt
[307/354] skip existing file=Chương 307 Tận dụng sơ hở.txt
[308/354] skip existing file=Chương 308 Con sông quê nối tiếp con sông quê.txt
[309/354] skip existing file=Chương 309 bóp chết Gnar.txt
[310/354] skip existing file=Chương 310 Hai lai thành heo lai.txt
[311/354] skip existing file=Chương 311 Tranh chấp.txt
[312/354] skip existing file=Chương 312 Mật ngọt.txt
[313/354] skip existing file=Chương 313 Chết ruồi.txt
[314/354] skip existing file=Chương 314 Trách nhiệm.txt
[315/354] skip existing file=Chương 315 Bàn tay vô hình.txt
[316/354] skip existing file=Chương 316 Nữ Tôn Thiên Hạ.txt
[317/354] skip existing file=Chương 317 Trận bán kết.txt
[318/354] skip existing file=Chương 318 Cướp rừng và kiểm lâm.txt
[319/354] skip existing file=Chương 319 Gặp đối thủ.txt
[320/354] skip existing file=Chương 320 Chui đầu vào rọ.txt
[321/354] skip existing file=Chương 321 Cổ vũ.txt
[322/354] skip existing file=Chương 322 Giao lưu chiến thuật.txt
[323/354] skip existing file=Chương 323 Vây bắt.txt
[324/354] skip existing file=Chương 324 Kẻ ngu và người thông minh.txt
[325/354] skip existing file=Chương 325 Điên cuồng.txt
[326/354] skip existing file=Chương 326 Chỉ có nữ quyền mới đánh bại được nữ quyền.txt
[327/354] skip existing file=Chương 327 Succubus.txt
[328/354] skip existing file=Chương 328 Nữ quyền vs mẫu hệ.txt
[329/354] skip existing file=Chương 329 Đại thanh tẩy.txt
[330/354] skip existing file=Chương 330 Trải Nghiệm chuyển giới.txt
[331/354] skip existing file=Chương 331 Không làm mà đòi có ăn.txt
[332/354] skip existing file=Chương 332 Chủ tịch Xuân Đào.txt
[333/354] skip existing file=Chương 333 Trò chơi nhưng không phải để chơi.txt
[334/354] skip existing file=Chương 334 Min Xu và Tà Thần.txt
[335/354] skip existing file=Chương 335 Tà thần xâm lấn.txt
[336/354] skip existing file=Chương 336 Baron lên bờ.txt
[337/354] skip existing file=Chương 337 Hủy diệt vũ trụ chỉ cần ba giây.txt
[338/354] skip existing file=Chương 338 Ván đấu cứu thế.txt
[339/354] skip existing file=Chương 339 Bản sắc anh hùng.txt
[340/354] skip existing file=Chương 340 Đối thủ bật hack.txt
[341/354] skip existing file=Chương 341 Đường cùng ngõ cụt.txt
[342/354] skip existing file=Chương 342 Chơi liều.txt
[343/354] skip existing file=Chương 343 Lần lượt gục ngã.txt
[344/354] skip existing file=Chương 344 Never Back Down.txt
[345/354] skip existing file=Chương 345 Thế trận tươi sáng.txt
[346/354] skip existing file=Chương 346 Công thủ hoán đổi.txt
[347/354] skip existing file=Chương 347 Tổ chức tấn công.txt
[348/354] skip existing file=Chương 348 Quỷ Nữ và Baron.txt
[349/354] skip existing file=Chương 349 Âm Mưu của Quỷ Nữ.txt
[350/354] skip existing file=Chương 350 Cánh Cửa Địa Ngục.txt
[351/354] skip existing file=Chương 351 Thời khắc cuối cùng.txt
[352/354] skip existing file=Chương 352 Thượng nhân vĩ đại.txt
[353/354] skip existing file=Chương 353 Nghịch phạt tà thần.txt
[354/354] skip existing file=Chương 354 Kết thúc để bắt đầu.txt
final_ok=354
final_fail=0
out=C:\Dev\MTC\Biến Thiên 1 Lol Để Người Già Dạy Cách Chơi Liên Minh

[stderr]
