book=Nhân Tổ
book_id=102408
out=C:\Dev\MTC\Nhân Tổ
chapters_total=822 expected=822
[1/822] skip existing file=Chương 1 Nhân tộc số phận.txt
[2/822] skip existing file=Chương 2 Tôn Kỳ.txt
[3/822] skip existing file=Chương 3 Ma giới.txt
[4/822] skip existing file=Chương 4 Học tập.txt
[5/822] skip existing file=Chương 5 Hồn nô.txt
[6/822] skip existing file=Chương 6 Rèn luyện.txt
[7/822] skip existing file=Chương 7 Mười năm.txt
[8/822] skip existing file=Chương 8 Chiến nô.txt
[9/822] skip existing file=Chương 9 Bạo Hồn đan.txt
[10/822] skip existing file=Chương 10 Thí luyện.txt
[11/822] skip existing file=Chương 11 Tiến sâu vào trong sơn mạch.txt
[12/822] skip existing file=Chương 12 Trở lên mạnh mẽ.txt
[13/822] skip existing file=Chương 13 Lễ hội đầu năm.txt
[14/822] skip existing file=Chương 14 Tham gia thí luyện tràng.txt
[15/822] skip existing file=Chương 15 Huyết hồ.txt
[16/822] skip existing file=Chương 16 Hạt giống cảm xúc.txt
[17/822] skip existing file=Chương 17 Thôn ma quyết.txt
[18/822] skip existing file=Chương 18 Xâm nhập Liên Vân sơn mạch.txt
[19/822] skip existing file=Chương 19 Dụ ma thú.txt
[20/822] skip existing file=Chương 20 Ma thú mộ cốt.txt
[21/822] skip existing file=Chương 21 Tam Sinh Tam Thế Cô.txt
[22/822] skip existing file=Chương 22 Thu nhập thảo dược.txt
[23/822] skip existing file=Chương 23 Long Đàm.txt
[24/822] skip existing file=Chương 24 Nguyệt tinh hoa.txt
[25/822] skip existing file=Chương 25 Trở về.txt
[26/822] skip existing file=Chương 26 Thành Hương Ba.txt
[27/822] skip existing file=Chương 27 Mộ cổ xuất thế.txt
[28/822] skip existing file=Chương 28 Triều Thiên Ca.txt
[29/822] skip existing file=Chương 29 Bảo vật hoa mắt.txt
[30/822] skip existing file=Chương 30 Viên đá thần bí.txt
[31/822] skip existing file=Chương 31 Phá trận.txt
[32/822] skip existing file=Chương 32 Ta là ai.txt
[33/822] skip existing file=Chương 33 Ta là Tôn Kỳ.txt
[34/822] skip existing file=Chương 34 Trở về thành Thực Nguyệt.txt
[35/822] skip existing file=Chương 35 Thân phận hoàn hảo.txt
[36/822] skip existing file=Chương 36 Con đường khác.txt
[37/822] skip existing file=Chương 37 Đột phá cảnh giới.txt
[38/822] skip existing file=Chương 38 Luyện đan không dễ.txt
[39/822] skip existing file=Chương 39 Luyện đan không khó.txt
[40/822] skip existing file=Chương 40 Luôn có bọn đạo chích.txt
[41/822] skip existing file=Chương 41 Thiên tài luyện đan.txt
[42/822] skip existing file=Chương 42 Điệu thấp mà sống.txt
[43/822] skip existing file=Chương 43 Ăn cướp.txt
[44/822] skip existing file=Chương 44 Lần đầu luyện khí.txt
[45/822] download chapter_id=12071962 file=Chương 45 Lần đầu tiên… thật muốn ói.txt
  OK decrypted=True written=Chương 45 Lần đầu tiên… thật muốn ói.txt
[46/822] skip existing file=Chương 46 Thương thuật.txt
[47/822] skip existing file=Chương 47 Hung Ma.txt
[48/822] skip existing file=Chương 48 Thương pháp tam chiêu.txt
[49/822] skip existing file=Chương 49 Huyền bí Thiên Linh.txt
[50/822] skip existing file=Chương 50 Tiến cấp.txt
[51/822] skip existing file=Chương 51 Rút hồn.txt
[52/822] skip existing file=Chương 52 Khổ vì thiếu tiền.txt
[53/822] skip existing file=Chương 53 Mở Thiên Linh.txt
[54/822] skip existing file=Chương 54 Thiên Hải.txt
[55/822] skip existing file=Chương 55 Thần thức.txt
[56/822] skip existing file=Chương 56 Mở linh hồ mới.txt
[57/822] skip existing file=Chương 57 Khách không mời mà đến.txt
[58/822] skip existing file=Chương 58 Đấu đan.txt
[59/822] skip existing file=Chương 59 Tự mình biết mình.txt
[60/822] skip existing file=Chương 60 Sưu Hồn Thuật.txt
[61/822] skip existing file=Chương 61 Hoàn thiện Sưu Hồn Thuật.txt
[62/822] skip existing file=Chương 62 Hung Ma tái hiện.txt
[63/822] skip existing file=Chương 63 Săn Hung Ma.txt
[64/822] skip existing file=Chương 64 Nghi ngờ.txt
[65/822] skip existing file=Chương 65 Ma pháp sơ thành.txt
[66/822] skip existing file=Chương 66 Đan đạo nan đề.txt
[67/822] skip existing file=Chương 67 Cửa hàng hắc ám.txt
[68/822] skip existing file=Chương 68 Quăng lưới bắt cá lớn.txt
[69/822] skip existing file=Chương 69 Đan đạo.txt
[70/822] skip existing file=Chương 70 Thời gian như gió thoảng.txt
[71/822] skip existing file=Chương 71 Thi tuyển.txt
[72/822] skip existing file=Chương 72 Hắc Liên Thành.txt
[73/822] skip existing file=Chương 73 Sơ đấu.txt
[74/822] skip existing file=Chương 74 Ngươi không xứng.txt
[75/822] skip existing file=Chương 75 Thi tuyển mở ra.txt
[76/822] skip existing file=Chương 76 Nhập luyện linh sư hội.txt
[77/822] skip existing file=Chương 77 Học đồ.txt
[78/822] skip existing file=Chương 78 Cô lập.txt
[79/822] skip existing file=Chương 79 Đan đạo chân lý.txt
[80/822] skip existing file=Chương 80 Lũ điên.txt
[81/822] skip existing file=Chương 81 Thanh Sơn Lục Tiên.txt
[82/822] skip existing file=Chương 82 Thất Đức.txt
[83/822] skip existing file=Chương 83 Tặng lễ.txt
[84/822] skip existing file=Chương 84 Thất Đức xuống núi.txt
[85/822] skip existing file=Chương 85 Đã nhắc.txt
[86/822] skip existing file=Chương 86 Vô Tận Thuỷ Trạch.txt
[87/822] skip existing file=Chương 87 Thực Độc Hoa cùng Phong Huyết Ong.txt
[88/822] skip existing file=Chương 88 Huyết Ma Khoáng.txt
[89/822] skip existing file=Chương 89 Huyễn Hương cửa hàng.txt
[90/822] skip existing file=Chương 90 Thời Huyết Thạch.txt
[91/822] skip existing file=Chương 91 Hệ thống đan đạo mới.txt
[92/822] skip existing file=Chương 92 Đấu cược.txt
[93/822] skip existing file=Chương 93 Cược lớn.txt
[94/822] skip existing file=Chương 94 Rộng rãi không tham lam.txt
[95/822] skip existing file=Chương 95 Thắng đến cuối cùng.txt
[96/822] skip existing file=Chương 96 Thiên tài đời nào cũng có nhưng Tổ chỉ có một.txt
[97/822] skip existing file=Chương 97 Vạn Thảo Trang.txt
[98/822] skip existing file=Chương 98 Vòng sơ tuyển.txt
[99/822] skip existing file=Chương 99 Ăn trộm không ăn cướp.txt
[100/822] skip existing file=Chương 100 Nhập Vạn Thảo Trang.txt
[101/822] skip existing file=Chương 101 Thu nhập thảo dược.txt
[102/822] skip existing file=Chương 102 Ma tộc tâm tính.txt
[103/822] skip existing file=Chương 103 Bọ ngựa bắt ve.txt
[104/822] skip existing file=Chương 104 Bán thảo dược.txt
[105/822] skip existing file=Chương 105 Tử Kim Hồ Lô.txt
[106/822] skip existing file=Chương 106 Thất Đức vang danh.txt
[107/822] skip existing file=Chương 107 Thanh danh bại hoại.txt
[108/822] skip existing file=Chương 108 Nhận hết xú danh.txt
[109/822] skip existing file=Chương 109 Nguồn gốc của đan chiến.txt
[110/822] skip existing file=Chương 110 Nói xong rồi thì cút.txt
[111/822] skip existing file=Chương 111 Nhảy nhót đủ rồi chứ.txt
[112/822] skip existing file=Chương 112 Ngươi có thể chết.txt
[113/822] skip existing file=Chương 113 Tiểu cố sự.txt
[114/822] skip existing file=Chương 114 Chỉ là tiểu thuật.txt
[115/822] skip existing file=Chương 115 Đan chiến kết thúc.txt
[116/822] skip existing file=Chương 116 Hỏa Nguyên.txt
[117/822] skip existing file=Chương 117 Mười năm chữ chân ngôn.txt
[118/822] skip existing file=Chương 118 Hỏa Linh.txt
[119/822] skip existing file=Chương 119 Hỏa Hỏa.txt
[120/822] skip existing file=Chương 120 Phục kích.txt
[121/822] skip existing file=Chương 121 Ngũ Bảo Đan Tháp công dụng.txt
[122/822] skip existing file=Chương 122 Độc chết Tạo Thể cảnh.txt
[123/822] skip existing file=Chương 123 Lưỡng bại câu thương.txt
[124/822] skip existing file=Chương 124 Tàn kết hợp cùng phế.txt
[125/822] skip existing file=Chương 125 Dung hợp.txt
[126/822] skip existing file=Chương 126 Bị bắt.txt
[127/822] skip existing file=Chương 127 Đào mỏ.txt
[128/822] skip existing file=Chương 128 Không lối thoát.txt
[129/822] skip existing file=Chương 129 Mỏ ma thạch.txt
[130/822] skip existing file=Chương 130 Niệm.txt
[131/822] skip existing file=Chương 131 Nụ cười mờ ảo.txt
[132/822] skip existing file=Chương 132 Ngôn lời.txt
[133/822] skip existing file=Chương 133 Đội tìm kiếm.txt
[134/822] skip existing file=Chương 134 Dị Hỏa Luyện Đan.txt
[135/822] skip existing file=Chương 135 Sâu Tử Thần.txt
[136/822] skip existing file=Chương 136 Tan tác.txt
[137/822] skip existing file=Chương 137 Tập kích khu mỏ.txt
[138/822] skip existing file=Chương 138 Trốn thoát.txt
[139/822] skip existing file=Chương 139 Ma Hoàng Sơn.txt
[140/822] skip existing file=Chương 140 Ma tộc bí sử.txt
[141/822] skip existing file=Chương 141 Đại khủng bố.txt
[142/822] skip existing file=Chương 142 Thiên tài bi ai.txt
[143/822] skip existing file=Chương 143 Sát Thần Khu.txt
[144/822] skip existing file=Chương 144 Tên trộm.txt
[145/822] skip existing file=Chương 145 Gián điệp.txt
[146/822] skip existing file=Chương 146 Lần đầu tiếp xúc Thần tộc.txt
[147/822] skip existing file=Chương 147 Thiên Địa Thần Thủy.txt
[148/822] skip existing file=Chương 148 Ô Sào Thành.txt
[149/822] skip existing file=Chương 149 Tiểu U.txt
[150/822] skip existing file=Chương 150 Khe nứt Thiên Linh.txt
[151/822] skip existing file=Chương 151 Dược đồng.txt
[152/822] skip existing file=Chương 152 Ta rất may mắn.txt
[153/822] skip existing file=Chương 153 Khách đến từ Hắc Liên Thành.txt
[154/822] skip existing file=Chương 154 Thăm dò.txt
[155/822] skip existing file=Chương 155 Ai thông minh hơn.txt
[156/822] skip existing file=Chương 156 Trộm Tạo Hóa Mẫu Thổ.txt
[157/822] skip existing file=Chương 157 Xóa dấu vết.txt
[158/822] skip existing file=Chương 158 Vá Thiên Hải.txt
[159/822] skip existing file=Chương 159 Dốc hết sức.txt
[160/822] skip existing file=Chương 160 Khởi động lại Thiên Hải.txt
[161/822] skip existing file=Chương 161 Nhất bộ nhất cấp.txt
[162/822] skip existing file=Chương 162 Diệt đạo tặc.txt
[163/822] skip existing file=Chương 163 Tham gia thương đội.txt
[164/822] skip existing file=Chương 164 Tính toán.txt
[165/822] skip existing file=Chương 165 Phục kích.txt
[166/822] skip existing file=Chương 166 Cược nô lệ.txt
[167/822] skip existing file=Chương 167 Hai trận đầu tiên.txt
[168/822] skip existing file=Chương 168 Trái lệnh.txt
[169/822] skip existing file=Chương 169 Ngươi có muốn đi theo ta.txt
[170/822] skip existing file=Chương 170 Đòi nợ.txt
[171/822] skip existing file=Chương 171 Ta muốn trải nghiệm cuộc sống.txt
[172/822] skip existing file=Chương 172 Trở về.txt
[173/822] skip existing file=Chương 173 Tâm cảnh cùng đạo tâm.txt
[174/822] skip existing file=Chương 174 Tá sinh.txt
[175/822] skip existing file=Chương 175 Tạo Thể cảnh.txt
[176/822] skip existing file=Chương 176 Nghi ngờ.txt
[177/822] skip existing file=Chương 177 Âm mưu vô hình.txt
[178/822] skip existing file=Chương 178 Tiến Hóa bí cảnh.txt
[179/822] skip existing file=Chương 179 Vòng thi thứ hai.txt
[180/822] skip existing file=Chương 180 Hóa điệp.txt
[181/822] skip existing file=Chương 181 Nghệ Cơ toan tính.txt
[182/822] skip existing file=Chương 182 Cút xuống đây.txt
[183/822] skip existing file=Chương 183 Khiêu chiến.txt
[184/822] skip existing file=Chương 184 Ta cho ngươi cơ hội khiêu chiến.txt
[185/822] skip existing file=Chương 185 Phá luật.txt
[186/822] skip existing file=Chương 186 Vào Tiến Hóa bí cảnh.txt
[187/822] skip existing file=Chương 187 sơ lược Tiến Hóa bí cảnh.txt
[188/822] skip existing file=Chương 188 Tuyệt Đỉnh Sơn.txt
[189/822] skip existing file=Chương 189 Độc bước.txt
[190/822] skip existing file=Chương 190 Lên đỉnh.txt
[191/822] skip existing file=Chương 191 Không thể nào.txt
[192/822] skip existing file=Chương 192 Đạo thể.txt
[193/822] skip existing file=Chương 193 Nhờ giúp đỡ.txt
[194/822] skip existing file=Chương 194 Không nối thoát.txt
[195/822] skip existing file=Chương 195 Nhân dạng.txt
[196/822] skip existing file=Chương 196 Trại súc vật.txt
[197/822] skip existing file=Chương 197 Ta không phải Nhân tộc.txt
[198/822] skip existing file=Chương 198 Một buổi chiều hóa phàm.txt
[199/822] skip existing file=Chương 199 Nhân tính cùng Ma tính.txt
[200/822] skip existing file=Chương 200 Một buổi sáng nhập thể.txt
[201/822] skip existing file=Chương 201 Nhục nhã.txt
[202/822] skip existing file=Chương 202 Cái cớ.txt
[203/822] skip existing file=Chương 203 Ma linh đan.txt
[204/822] skip existing file=Chương 204 Mổ xẻ.txt
[205/822] skip existing file=Chương 205 Lựa chọn bảo vật.txt
[206/822] skip existing file=Chương 206 Hải Lam Châu.txt
[207/822] skip existing file=Chương 207 Thử chiến lực.txt
[208/822] skip existing file=Chương 208 Tạo hóa khó hiểu.txt
[209/822] skip existing file=Chương 209 Thọ lễ hay tang lễ.txt
[210/822] skip existing file=Chương 210 Phản phệ.txt
[211/822] skip existing file=Chương 211 Giải khúc mắc trong lòng.txt
[212/822] skip existing file=Chương 212 Tổ tông.txt
[213/822] skip existing file=Chương 213 Tạp văn Đồng Hoa Bảng.txt
[214/822] skip existing file=Chương 214 Săn Tân Tinh Bảng.txt
[215/822] skip existing file=Chương 215 Đồ sát quán.txt
[216/822] skip existing file=Chương 216 Tự gạt chính mình.txt
[217/822] skip existing file=Chương 217 Tranh giành khiêu chiến.txt
[218/822] skip existing file=Chương 218 Hốt mớ trót.txt
[219/822] skip existing file=Chương 219 Luyện ma linh đan.txt
[220/822] skip existing file=Chương 220 Đông du.txt
[221/822] skip existing file=Chương 221 Vào cổ mộ.txt
[222/822] skip existing file=Chương 222 Thực Ma Nghĩ.txt
[223/822] skip existing file=Chương 223 Trứng Hải Vương.txt
[224/822] skip existing file=Chương 224 Huyết dẫn.txt
[225/822] skip existing file=Chương 225 Liên thủ.txt
[226/822] skip existing file=Chương 226 Giả chết.txt
[227/822] skip existing file=Chương 227 Trận chiến tranh đoạt cuối cùng.txt
[228/822] skip existing file=Chương 228 Phá đảo.txt
[229/822] skip existing file=Chương 229 Nướng trứng.txt
[230/822] skip existing file=Chương 230 Kế hoạch kinh thiên.txt
[231/822] skip existing file=Chương 231 Tạo Thể tứ trọng.txt
[232/822] skip existing file=Chương 232 Khống vật.txt
[233/822] skip existing file=Chương 233 Luyện khí hội.txt
[234/822] skip existing file=Chương 234 Tính toán ta phải chịu hậu quả.txt
[235/822] skip existing file=Chương 235 Hỏa thiêu Thất Thiên Đài.txt
[236/822] skip existing file=Chương 236 Làm sơn tặc.txt
[237/822] skip existing file=Chương 237 Ta đáng sợ vậy sao.txt
[238/822] skip existing file=Chương 238 Hồng Hoàng Hồ Lô.txt
[239/822] skip existing file=Chương 239 Bách Dụng Đan.txt
[240/822] skip existing file=Chương 240 Đánh Hoa Quả Sơn.txt
[241/822] skip existing file=Chương 241 Tiễu trừ sơn tặc.txt
[242/822] skip existing file=Chương 242 Đường Tử Ly.txt
[243/822] skip existing file=Chương 243 Chiếm núi làm vương.txt
[244/822] skip existing file=Chương 244 Huynh đệ tình thâm.txt
[245/822] skip existing file=Chương 245 Hy vọng tạo thể.txt
[246/822] skip existing file=Chương 246 Vây giết Hỏa Hạt Ma Sư.txt
[247/822] skip existing file=Chương 247 Chế tạo Tạo Thể cảnh.txt
[248/822] skip existing file=Chương 248 Khi kẻ ngu có sức mạnh.txt
[249/822] skip existing file=Chương 249 Âm mưu tạo phản.txt
[250/822] skip existing file=Chương 250 Kế hoạch tạo phản.txt
[251/822] skip existing file=Chương 251 Chết đúng quy trình.txt
[252/822] skip existing file=Chương 252 Triệt sản.txt
[253/822] skip existing file=Chương 253 Diệt cỏ tận gốc.txt
[254/822] skip existing file=Chương 254 Phương pháp luyện đan mới.txt
[255/822] skip existing file=Chương 255 Gặp lại.txt
[256/822] skip existing file=Chương 256 Ngươi có thể chết.txt
[257/822] skip existing file=Chương 257 Vẫn chỉ là một con cờ.txt
[258/822] skip existing file=Chương 258 Vác trên vai cả Nhân tộc.txt
[259/822] skip existing file=Chương 259 Hắc Thủy Ma Ngục.txt
[260/822] skip existing file=Chương 260 Lê Đình.txt
[261/822] skip existing file=Chương 261 Căn phòng cuối cùng.txt
[262/822] skip existing file=Chương 262 Cổ Tự Vân tuyệt bút.txt
[263/822] skip existing file=Chương 263 Giá trị của bản thân.txt
[264/822] skip existing file=Chương 264 Ân huệ cuối cùng.txt
[265/822] skip existing file=Chương 265 Tranh giành.txt
[266/822] skip existing file=Chương 266 Thiên Hoa Đan.txt
[267/822] skip existing file=Chương 267 Đan Thanh Cung Chủ.txt
[268/822] skip existing file=Chương 268 Gặp lại.txt
[269/822] skip existing file=Chương 269 Cơ hội tạo thể.txt
[270/822] skip existing file=Chương 270 Lôi kéo và ly gián.txt
[271/822] skip existing file=Chương 271 Đã đến lúc phải chết.txt
[272/822] skip existing file=Chương 272 Lễ Tế Tổ.txt
[273/822] skip existing file=Chương 273 Đứng ra làm trọng tài.txt
[274/822] skip existing file=Chương 274 Gặp lại niệm cũ.txt
[275/822] skip existing file=Chương 275 Cắt từng miếng thịt giao ra ma tinh.txt
[276/822] skip existing file=Chương 276 Sơ lược Tổ Địa.txt
[277/822] skip existing file=Chương 277 Tranh đoạt thảm khốc.txt
[278/822] skip existing file=Chương 278 Lễ diễu hành.txt
[279/822] skip existing file=Chương 279 Lạc lối trong ám lộ.txt
[280/822] skip existing file=Chương 280 Chiến đấu trong tuyệt vọng.txt
[281/822] skip existing file=Chương 281 Đạp lên xác chết mà đi.txt
[282/822] skip existing file=Chương 282 Vạn đạo chi địa.txt
[283/822] skip existing file=Chương 283 Trận chiến vô cực.txt
[284/822] skip existing file=Chương 284 Nửa cái người chết.txt
[285/822] skip existing file=Chương 285 Tra hỏi.txt
[286/822] skip existing file=Chương 286 Xâu chuỗi sự việc.txt
[287/822] skip existing file=Chương 287 Ma chủng đỉa ma.txt
[288/822] skip existing file=Chương 288 Cơn nghiện.txt
[289/822] skip existing file=Chương 289 Ngươi yên tâm sống trong bụng ta.txt
[290/822] skip existing file=Chương 290 Luyện khí.txt
[291/822] skip existing file=Chương 291 Hắn không thể chết.txt
[292/822] skip existing file=Chương 292 Phòng tặc phòng hỏa phòng Tinh Niệm.txt
[293/822] skip existing file=Chương 293 Vinh quy bái tổ.txt
[294/822] skip existing file=Chương 294 Nơi đây không còn là cố hương.txt
[295/822] skip existing file=Chương 295 Sơ luận đạo.txt
[296/822] skip existing file=Chương 296 Di hoa tiếp mộc vu oan giá họa.txt
[297/822] skip existing file=Chương 297 Tình yêu và danh vọng.txt
[298/822] skip existing file=Chương 298 Tập sát.txt
[299/822] skip existing file=Chương 299 Một giai thoại đẹp về tình nghĩa quân thần.txt
[300/822] skip existing file=Chương 300 U Diêm Phán.txt
[301/822] skip existing file=Chương 301 Đoạt xá.txt
[302/822] skip existing file=Chương 302 Bạch Thiên Thu.txt
[303/822] skip existing file=Chương 303 Minh Linh Thảo.txt
[304/822] skip existing file=Chương 304 Hấp thu huyết mạch.txt
[305/822] skip existing file=Chương 305 Nhìn trộm.txt
[306/822] skip existing file=Chương 306 Đối chiến Địa Hùng Vương.txt
[307/822] skip existing file=Chương 307 Chờ đợi là hạnh phúc.txt
[308/822] skip existing file=Chương 308 Cướp địa bàn.txt
[309/822] skip existing file=Chương 309 Yêu hạch.txt
[310/822] skip existing file=Chương 310 Chủng tính tăng cường ngũ giác.txt
[311/822] skip existing file=Chương 311 Chủng tính Cuồng Bạo.txt
[312/822] skip existing file=Chương 312 Bản tính loài gấu.txt
[313/822] skip existing file=Chương 313 Yêu thú mở Đan Điền.txt
[314/822] skip existing file=Chương 314 Hóa Hình.txt
[315/822] skip existing file=Chương 315 Giấc mơ không bao giờ thành hiện thực.txt
[316/822] skip existing file=Chương 316 Yêu khí phản phệ.txt
[317/822] skip existing file=Chương 317 Hồng Côn.txt
[318/822] skip existing file=Chương 318 Tổ kiến.txt
[319/822] skip existing file=Chương 319 Lấy lại linh trí.txt
[320/822] skip existing file=Chương 320 Đoạt xá Hồng Côn Nữ Hoàng.txt
[321/822] skip existing file=Chương 321 Chiến Hồng Côn Nữ Hoàng.txt
[322/822] skip existing file=Chương 322 Đoạt quyền chỉ huy.txt
[323/822] skip existing file=Chương 323 Công cao hơn chủ.txt
[324/822] skip existing file=Chương 324 Vinh Quang Chiến Trường.txt
[325/822] skip existing file=Chương 325 Thay thế.txt
[326/822] skip existing file=Chương 326 Huynh đệ tương tàn.txt
[327/822] skip existing file=Chương 327 Truy xét.txt
[328/822] skip existing file=Chương 328 Chạy trốn.txt
[329/822] skip existing file=Chương 329 Nghi ngờ.txt
[330/822] skip existing file=Chương 330 Thổ lộ.txt
[331/822] skip existing file=Chương 331 Loài máu bùn.txt
[332/822] skip existing file=Chương 332 Ngư ông đắc lợi.txt
[333/822] skip existing file=Chương 333 Mượn đao giết mèo.txt
[334/822] skip existing file=Chương 334 Nuôi huyết tính hoặc làm súc sinh.txt
[335/822] skip existing file=Chương 335 Quân cảm tử.txt
[336/822] skip existing file=Chương 336 Nhiệm vụ đầu tiên.txt
[337/822] skip existing file=Chương 337 Tàn sát.txt
[338/822] skip existing file=Chương 338 Giá trị của quân cảm tử.txt
[339/822] skip existing file=Chương 339 Bạch Long Vĩ.txt
[340/822] skip existing file=Chương 340 Truyền thuyết.txt
[341/822] skip existing file=Chương 341 Trở thành Hải tộc.txt
[342/822] skip existing file=Chương 342 Khu hổ diệt sói.txt
[343/822] skip existing file=Chương 343 Hoàn mỹ kế hoạch.txt
[344/822] skip existing file=Chương 344 Nguyên Tổ.txt
[345/822] skip existing file=Chương 345 Thế Giới Thụ.txt
[346/822] skip existing file=Chương 346 Hải Táng.txt
[347/822] skip existing file=Chương 347 Vỡ trận.txt
[348/822] skip existing file=Chương 348 Nga Phù.txt
[349/822] skip existing file=Chương 349 Ngư Tinh Hồn.txt
[350/822] skip existing file=Chương 350 Ngươi lừa ta gạt.txt
[351/822] skip existing file=Chương 351 Chỉ một chút nữa thôi.txt
[352/822] skip existing file=Chương 352 Kết thúc trận chiến.txt
[353/822] skip existing file=Chương 353 Bát điện hạ.txt
[354/822] skip existing file=Chương 354 Mất trí nhớ.txt
[355/822] skip existing file=Chương 355 Hải Vương Vũ Đông.txt
[356/822] skip existing file=Chương 356 Gây chuyện.txt
[357/822] skip existing file=Chương 357 Khôi phục trí nhớ.txt
[358/822] skip existing file=Chương 358 Tiết lộ sự thật.txt
[359/822] skip existing file=Chương 359 Long Diên Hương.txt
[360/822] skip existing file=Chương 360 Phù Quốc Vương.txt
[361/822] skip existing file=Chương 361 Lễ nhậm chức.txt
[362/822] skip existing file=Chương 362 Quá biến thái.txt
[363/822] skip existing file=Chương 363 Vụ án trê cóc.txt
[364/822] skip existing file=Chương 364 Cung A Phòng.txt
[365/822] skip existing file=Chương 365 Tất cả từ quan.txt
[366/822] skip existing file=Chương 366 Mua quan bán chức.txt
[367/822] skip existing file=Chương 367 Đấu giá.txt
[368/822] skip existing file=Chương 368 Ngắm tượng.txt
[369/822] download chapter_id=12797333 file=Chương 369 Khởi nghĩa Nguyễn Đình 1.txt
  OK decrypted=True written=Chương 369 Khởi nghĩa Nguyễn Đình 1.txt
[370/822] download chapter_id=12797341 file=Chương 370 Khởi nghĩa Nguyễn Đình 2.txt
  OK decrypted=True written=Chương 370 Khởi nghĩa Nguyễn Đình 2.txt
[371/822] skip existing file=Chương 371 Tứ đổ tường.txt
[372/822] skip existing file=Chương 372 Công và tội.txt
[373/822] skip existing file=Chương 373 Trở về.txt
[374/822] skip existing file=Chương 374 Hấp Huyết Thạch.txt
[375/822] skip existing file=Chương 375 Đoạn Trường Nhai.txt
[376/822] skip existing file=Chương 376 Tổng tiến công.txt
[377/822] skip existing file=Chương 377 Chiến Khương Dung.txt
[378/822] skip existing file=Chương 378 Rút lui.txt
[379/822] skip existing file=Chương 379 Tiết lộ bí mật.txt
[380/822] skip existing file=Chương 380 Xuất phát.txt
[381/822] skip existing file=Chương 381 Vành đai giông bão.txt
[382/822] skip existing file=Chương 382 Vành đai băng hỏa lưỡng cực.txt
[383/822] skip existing file=Chương 383 Tuyết Dị và Hỏa Dị.txt
[384/822] skip existing file=Chương 384 Vành đai chân không.txt
[385/822] skip existing file=Chương 385 Nhân tộc tổ tông.txt
[386/822] skip existing file=Chương 386 Đều vì tính mạng.txt
[387/822] skip existing file=Chương 387 Thế Giới Thụ và Nguyên Tổ.txt
[388/822] skip existing file=Chương 388 Vành đai cổ bào.txt
[389/822] skip existing file=Chương 389 Hải Vương tuyệt chiêu.txt
[390/822] skip existing file=Chương 390 Vì đại kế Hải tộc.txt
[391/822] skip existing file=Chương 391 Lộ mặt.txt
[392/822] skip existing file=Chương 392 Thảo Trùng Yêu Quân.txt
[393/822] skip existing file=Chương 393 Vành đai vạn đạo.txt
[394/822] skip existing file=Chương 394 Tiễn các ngươi lên đường.txt
[395/822] skip existing file=Chương 395 Lên đảo.txt
[396/822] skip existing file=Chương 396 Con Rắn.txt
[397/822] skip existing file=Chương 397 Đối chiến một chiêu.txt
[398/822] skip existing file=Chương 398 Dở sống dở chết.txt
[399/822] skip existing file=Chương 399 Chữa thương.txt
[400/822] skip existing file=Chương 400 Lạc trong vùng Biển Quái Vật.txt
[401/822] skip existing file=Chương 401 Nguồn gốc Long Diên Hương.txt
[402/822] skip existing file=Chương 402 Biển Quái Vật nguy hiểm.txt
[403/822] skip existing file=Chương 403 Gặp lại bóng dáng cũ.txt
[404/822] skip existing file=Chương 404 Trở lại Yêu giới.txt
[405/822] skip existing file=Chương 405 Sứ Thanh Giang chiến Bạch Kê Tinh.txt
[406/822] skip existing file=Chương 406 Diên Uẩn Thụ.txt
[407/822] skip existing file=Chương 407 Lưu Ly Hỏa Liên.txt
[408/822] skip existing file=Chương 408 Hai lựa chọn.txt
[409/822] skip existing file=Chương 409 Quyết định.txt
[410/822] skip existing file=Chương 410 Tranh giành chỗ đặt chân.txt
[411/822] skip existing file=Chương 411 Cao Bằng tộc.txt
[412/822] skip existing file=Chương 412 Sứ Thanh Giang thức tỉnh.txt
[413/822] skip existing file=Chương 413 Kẻ đến từ tương lai.txt
[414/822] skip existing file=Chương 414 Ma Sư Hoàng tái hiện.txt
[415/822] skip existing file=Chương 415 Sấm Ma giới.txt
[416/822] skip existing file=Chương 416 Sấm Hải tộc.txt
[417/822] skip existing file=Chương 417 Đôi mắt màu vàng chanh.txt
[418/822] skip existing file=Chương 418 Một bài đồng dao.txt
[419/822] skip existing file=Chương 419 Tranh cãi.txt
[420/822] skip existing file=Chương 420 Sấm ngôn Đại Thế Giới.txt
[421/822] skip existing file=Chương 421 Thiên Tru giáng.txt
[422/822] skip existing file=Chương 422 Đừng mà.txt
[423/822] skip existing file=Chương 423 Lạc Bá.txt
[424/822] skip existing file=Chương 424 Hỏa Hỏa và Tuyết Tuyết.txt
[425/822] skip existing file=Chương 425 Hắc vân xuất hiện.txt
[426/822] skip existing file=Chương 426 Ma Sư Hoàng vẫn lạc.txt
[427/822] skip existing file=Chương 427 Ba ngày thời gian.txt
[428/822] skip existing file=Chương 428 Kẻ phải đến cuối cùng cũng đến.txt
[429/822] skip existing file=Chương 429 Nước mắt cá sấu.txt
[430/822] skip existing file=Chương 430 Lật mặt.txt
[431/822] skip existing file=Chương 431 Bắt cá trong chậu.txt
[432/822] skip existing file=Chương 432 Cực Huyết Tâm Đan.txt
[433/822] skip existing file=Chương 433 Xóa sổ Ma Sư Vực.txt
[434/822] skip existing file=Chương 434 Di ngôn.txt
[435/822] skip existing file=Chương 435 Tương lai gặp.txt
[436/822] skip existing file=Chương 436 Khởi hành.txt
[437/822] skip existing file=Chương 437 Trận chiến đầu tiên trên hành trình.txt
[438/822] skip existing file=Chương 438 Đến điểm khởi nguồn sông Thương Lan.txt
[439/822] skip existing file=Chương 439 Lạc trong U Ám Thủy Trạch.txt
[440/822] skip existing file=Chương 440 Phơi bày sự thật.txt
[441/822] skip existing file=Chương 441 Hành trình thực sự bắt đầu.txt
[442/822] skip existing file=Chương 442 Những cái chết kỳ lạ.txt
[443/822] skip existing file=Chương 443 Cát ăn thịt.txt
[444/822] skip existing file=Chương 444 Sự thật về sa mạc ăn thịt.txt
[445/822] skip existing file=Chương 445 Lương khô.txt
[446/822] skip existing file=Chương 446 Cua sỏi.txt
[447/822] skip existing file=Chương 447 Gian nan chiến đấu.txt
[448/822] skip existing file=Chương 448 Quái vật trong nước.txt
[449/822] skip existing file=Chương 449 Đỉa nước.txt
[450/822] skip existing file=Chương 450 Đồng Tâm.txt
[451/822] skip existing file=Chương 451 Bọ đất.txt
[452/822] skip existing file=Chương 452 Bọ ăn thịt.txt
[453/822] skip existing file=Chương 453 Tâm kế nhỏ nhen.txt
[454/822] skip existing file=Chương 454 Ký sinh trùng.txt
[455/822] skip existing file=Chương 455 Thuồng luồng.txt
[456/822] skip existing file=Chương 456 Nhân Nhân.txt
[457/822] skip existing file=Chương 457 Lạc Nguyệt Vọng Ca.txt
[458/822] skip existing file=Chương 458 Trẻ con dễ dụ.txt
[459/822] skip existing file=Chương 459 Ta gọi Kỳ.txt
[460/822] skip existing file=Chương 460 Tạo hóa đôi chân.txt
[461/822] skip existing file=Chương 461 Đôi chân bước đi.txt
[462/822] skip existing file=Chương 462 Ứng sấm.txt
[463/822] skip existing file=Chương 463 Nữ cường.txt
[464/822] skip existing file=Chương 464 Ta khổ ngươi cũng phải khổ.txt
[465/822] skip existing file=Chương 465 Cỏ lùng.txt
[466/822] skip existing file=Chương 466 Giá họa.txt
[467/822] skip existing file=Chương 467 Trò chơi tiếp tục.txt
[468/822] skip existing file=Chương 468 Khốn kiếp.txt
[469/822] skip existing file=Chương 469 Thực ảo đan xen.txt
[470/822] skip existing file=Chương 470 Đầm máu.txt
[471/822] skip existing file=Chương 471 Huyết Linh.txt
[472/822] skip existing file=Chương 472 Lợi ích của Huyết Linh.txt
[473/822] skip existing file=Chương 473 Xác Kiêu.txt
[474/822] skip existing file=Chương 474 Mặt người.txt
[475/822] skip existing file=Chương 475 Sự thật Huyết Linh.txt
[476/822] skip existing file=Chương 476 Chiến Huyết Linh.txt
[477/822] skip existing file=Chương 477 Vây giết.txt
[478/822] skip existing file=Chương 478 Sống lại.txt
[479/822] skip existing file=Chương 479 Hoàn hảo thành đáng nghi.txt
[480/822] skip existing file=Chương 480 Xếp hạng thực lực.txt
[481/822] skip existing file=Chương 481 Phá phong ấn.txt
[482/822] skip existing file=Chương 482 Sinh vật Vực Sâu.txt
[483/822] skip existing file=Chương 483 Lừa gạt.txt
[484/822] skip existing file=Chương 484 Không thể giết được.txt
[485/822] skip existing file=Chương 485 Chạy không thoát.txt
[486/822] skip existing file=Chương 486 Chiêu bài cuối cùng.txt
[487/822] skip existing file=Chương 487 Đặt chân lên Nguyên Sơn.txt
[488/822] skip existing file=Chương 488 Trả giá.txt
[489/822] skip existing file=Chương 489 Gặp Nguyên Tổ.txt
[490/822] skip existing file=Chương 490 Đón nhận cái chết.txt
[491/822] skip existing file=Chương 491 Tiểu thạch bia.txt
[492/822] skip existing file=Chương 492 Đại đạo lưu ấn.txt
[493/822] skip existing file=Chương 493 Nguyền rủa.txt
[494/822] skip existing file=Chương 494 Thành viên mới.txt
[495/822] skip existing file=Chương 495 Giới Bia.txt
[496/822] skip existing file=Chương 496 Vơ vét.txt
[497/822] skip existing file=Chương 497 Thương lượng.txt
[498/822] skip existing file=Chương 498 Ra ngoài.txt
[499/822] skip existing file=Chương 499 Kịch chiến sinh vật Vực Sâu.txt
[500/822] skip existing file=Chương 500 Thu xác.txt
[501/822] skip existing file=Chương 501 Tế bái.txt
[502/822] skip existing file=Chương 502 Điềm cực hung.txt
[503/822] skip existing file=Chương 503 Bại lộ thân phận.txt
[504/822] skip existing file=Chương 504 Cốt Sơn.txt
[505/822] skip existing file=Chương 505 Ra ngoài.txt
[506/822] skip existing file=Chương 506 Trận đánh đầu tiên với cơ thể mới.txt
[507/822] skip existing file=Chương 507 Chiếm cái đỉnh núi làm vương.txt
[508/822] skip existing file=Chương 508 Lưu cái tiếng thơm.txt
[509/822] skip existing file=Chương 509 Vây núi.txt
[510/822] skip existing file=Chương 510 Ghét mấy tên thông minh.txt
[511/822] skip existing file=Chương 511 Tam phân thiên hạ.txt
[512/822] skip existing file=Chương 512 Chiến Trấn Thiên Thần Tượng.txt
[513/822] skip existing file=Chương 513 Ngạc nhiên chưa.txt
[514/822] skip existing file=Chương 514 Lại thêm mấy tên Chúa Tể Vực Sâu.txt
[515/822] skip existing file=Chương 515 Siêu cấp đùi to.txt
[516/822] skip existing file=Chương 516 Sống trong vô nghĩa chết trong vô hình.txt
[517/822] skip existing file=Chương 517 Vô vọng ta vẫn làm.txt
[518/822] skip existing file=Chương 518 Nhập yêu.txt
[519/822] download chapter_id=13261478 file=Chương 519 Ta… chính là trời.txt
  OK decrypted=True written=Chương 519 Ta… chính là trời.txt
[520/822] skip existing file=Chương 520 Tập sát.txt
[521/822] skip existing file=Chương 521 Đánh không kịp thở.txt
[522/822] skip existing file=Chương 522 Không thể thoát.txt
[523/822] skip existing file=Chương 523 Bắt con tin.txt
[524/822] skip existing file=Chương 524 Sinh vật Vực Sâu bí mật.txt
[525/822] skip existing file=Chương 525 Kết thúc.txt
[526/822] skip existing file=Chương 526 500 năm sau.txt
[527/822] skip existing file=Chương 527 Cung nghênh lão tổ tông trở về.txt
[528/822] skip existing file=Chương 528 Thánh tộc.txt
[529/822] skip existing file=Chương 529 Vô thức.txt
[530/822] skip existing file=Chương 530 Triệu hồi.txt
[531/822] skip existing file=Chương 531 Lợi dụng lẫn nhau.txt
[532/822] skip existing file=Chương 532 Tìm lại vật cũ.txt
[533/822] skip existing file=Chương 533 Duy ngã độc tôn.txt
[534/822] skip existing file=Chương 534 Giải mã.txt
[535/822] skip existing file=Chương 535 Giả thuyết Nhân tộc.txt
[536/822] skip existing file=Chương 536 Kịch liệt.txt
[537/822] skip existing file=Chương 537 Lãnh Địa Hươu Non.txt
[538/822] skip existing file=Chương 538 Suy đoán.txt
[539/822] skip existing file=Chương 539 Không gian huyết tinh.txt
[540/822] skip existing file=Chương 540 Khởi nguyên của Lĩnh Vực.txt
[541/822] skip existing file=Chương 541 Huyết Ngục Lĩnh Vực.txt
[542/822] skip existing file=Chương 542 Phát hiện mới.txt
[543/822] skip existing file=Chương 543 Hoàn thiện.txt
[544/822] skip existing file=Chương 544 Ảo Tâm Phiến.txt
[545/822] skip existing file=Chương 545 Bị khắc chế.txt
[546/822] skip existing file=Chương 546 Mộc Chi Tâm.txt
[547/822] skip existing file=Chương 547 Ngư ông đắc lợi.txt
[548/822] skip existing file=Chương 548 Chuyện không ngờ.txt
[549/822] skip existing file=Chương 549 Kế trong kế.txt
[550/822] skip existing file=Chương 550 Thu lãi.txt
[551/822] skip existing file=Chương 551 Thanh Ngọc Viên tụ hội.txt
[552/822] skip existing file=Chương 552 Nuôi con nghiện.txt
[553/822] skip existing file=Chương 553 Dạo một vòng thế gian.txt
[554/822] skip existing file=Chương 554 Thăm dò.txt
[555/822] skip existing file=Chương 555 Muốn ta quỳ.txt
[556/822] skip existing file=Chương 556 Trị Dân Tứ Thuyết.txt
[557/822] skip existing file=Chương 557 Khiêu khích thăm dò.txt
[558/822] skip existing file=Chương 558 Thông Ngôn Đại Thánh mời.txt
[559/822] skip existing file=Chương 559 Chính tay giết đạo hữu của mình.txt
[560/822] skip existing file=Chương 560 Ta biết ngươi là ai.txt
[561/822] skip existing file=Chương 561 Gia nhập Thánh tộc.txt
[562/822] skip existing file=Chương 562 Nhân tộc biến dị.txt
[563/822] skip existing file=Chương 563 Tranh tài.txt
[564/822] skip existing file=Chương 564 Bộ xương.txt
[565/822] skip existing file=Chương 565 Bát Thánh Thiên Tôn.txt
[566/822] skip existing file=Chương 566 Phong thánh.txt
[567/822] skip existing file=Chương 567 Tuyên ngôn.txt
[568/822] skip existing file=Chương 568 Thiêu hủy.txt
[569/822] skip existing file=Chương 569 Oan gia đến.txt
[570/822] skip existing file=Chương 570 Mọi thứ đều nằm trong tính toán.txt
[571/822] skip existing file=Chương 571 Phục kích.txt
[572/822] skip existing file=Chương 572 Chế tạo huyết mạch.txt
[573/822] skip existing file=Chương 573 Yêu cầu không tưởng.txt
[574/822] skip existing file=Chương 574 Khởi động kế hoạch.txt
[575/822] skip existing file=Chương 575 Mở đầu trận chiến.txt
[576/822] skip existing file=Chương 576 Một kích tuyệt sát.txt
[577/822] skip existing file=Chương 577 Truy sát.txt
[578/822] skip existing file=Chương 578 Nhận lời nàng.txt
[579/822] skip existing file=Chương 579 Tha cho ta.txt
[580/822] skip existing file=Chương 580 Xé rách đôi.txt
[581/822] skip existing file=Chương 581 Mượn tạm một ngọn gió âm.txt
[582/822] skip existing file=Chương 582 Chết hay chưa.txt
[583/822] skip existing file=Chương 583 Nhất lộ hướng tây.txt
[584/822] skip existing file=Chương 584 Kết giới.txt
[585/822] skip existing file=Chương 585 Quang tuyến.txt
[586/822] skip existing file=Chương 586 Nắm thế chủ động.txt
[587/822] skip existing file=Chương 587 Kết giới bạo động.txt
[588/822] skip existing file=Chương 588 Gặp Thần Sứ.txt
[589/822] skip existing file=Chương 589 Bị đánh lén.txt
[590/822] skip existing file=Chương 590 Nghiền ép.txt
[591/822] skip existing file=Chương 591 Yêu giới hỗn loạn.txt
[592/822] skip existing file=Chương 592 Nhập chủ Thần tộc.txt
[593/822] skip existing file=Chương 593 Được cứu.txt
[594/822] skip existing file=Chương 594 Lễ Khai Nguyên.txt
[595/822] skip existing file=Chương 595 Tranh giành.txt
[596/822] skip existing file=Chương 596 Chọn tên.txt
[597/822] skip existing file=Chương 597 Khai Nguyên kết thúc.txt
[598/822] skip existing file=Chương 598 Tham ngộ.txt
[599/822] skip existing file=Chương 599 Lịch sử Thần tộc.txt
[600/822] skip existing file=Chương 600 Hàn Thuyên và Thảo.txt
[601/822] skip existing file=Chương 601 Sơ lược Thần tộc.txt
[602/822] skip existing file=Chương 602 Lễ hội bảy nhà.txt
[603/822] skip existing file=Chương 603 Các thử thách.txt
[604/822] skip existing file=Chương 604 Thử đàn.txt
[605/822] skip existing file=Chương 605 Hầm ngục thử thách.txt
[606/822] skip existing file=Chương 606 Nghi ngờ.txt
[607/822] skip existing file=Chương 607 Hội giúp nhau.txt
[608/822] skip existing file=Chương 608 Tu luyện tinh thần.txt
[609/822] skip existing file=Chương 609 Thắp sáng tinh thần đầu tiên.txt
[610/822] skip existing file=Chương 610 Thần khí biến mất.txt
[611/822] skip existing file=Chương 611 Bắt tặc.txt
[612/822] skip existing file=Chương 612 Tuần tra.txt
[613/822] skip existing file=Chương 613 Hung thủ lộ diện.txt
[614/822] skip existing file=Chương 614 Thế tội.txt
[615/822] skip existing file=Chương 615 Chuyển Luân.txt
[616/822] skip existing file=Chương 616 Minh văn.txt
[617/822] skip existing file=Chương 617 Sinh mà bất phàm lấy phong thần làm cất bước.txt
[618/822] skip existing file=Chương 618 Nguyên Sa tỏa sáng.txt
[619/822] skip existing file=Chương 619 Miệng lưỡi có thể giết người.txt
[620/822] skip existing file=Chương 620 Liên tục gặp may.txt
[621/822] skip existing file=Chương 621 Dạ Tuyết.txt
[622/822] skip existing file=Chương 622 Lấy công pháp.txt
[623/822] skip existing file=Chương 623 Nhận nhiệm vụ.txt
[624/822] skip existing file=Chương 624 Không muốn làm việc đàng hoàng.txt
[625/822] skip existing file=Chương 625 Được mỹ nhân theo đuổi.txt
[626/822] skip existing file=Chương 626 Được ôm mỹ nhân.txt
[627/822] skip existing file=Chương 627 Cưỡng hôn nữ thần.txt
[628/822] skip existing file=Chương 628 Thoát khỏi thâm cốc.txt
[629/822] skip existing file=Chương 629 Biện hộ.txt
[630/822] skip existing file=Chương 630 Vào Thần Nguyên.txt
[631/822] skip existing file=Chương 631 Nữ Thần Cổ Gà.txt
[632/822] skip existing file=Chương 632 Dạo một vòng Phàm Nhân giới.txt
[633/822] skip existing file=Chương 633 Uyển.txt
[634/822] skip existing file=Chương 634 Rắc rối lại đến.txt
[635/822] skip existing file=Chương 635 Nguyện lực.txt
[636/822] skip existing file=Chương 636 Phản ngược.txt
[637/822] skip existing file=Chương 637 Dụ dỗ Tửu Lão.txt
[638/822] skip existing file=Chương 638 Thiên tài quyết đấu.txt
[639/822] skip existing file=Chương 639 Thân bại danh liệt.txt
[640/822] skip existing file=Chương 640 Phản bội.txt
[641/822] skip existing file=Chương 641 Ngạc nhiên chưa.txt
[642/822] skip existing file=Chương 642 Gặp phu tử.txt
[643/822] skip existing file=Chương 643 Đệ tử ký danh.txt
[644/822] skip existing file=Chương 644 Đạo thạch.txt
[645/822] skip existing file=Chương 645 Phát tiết.txt
[646/822] skip existing file=Chương 646 Liều mạng.txt
[647/822] skip existing file=Chương 647 Liên Tinh.txt
[648/822] skip existing file=Chương 648 Tranh giành thẻ bài.txt
[649/822] skip existing file=Chương 649 Tiến vào đạo thạch.txt
[650/822] skip existing file=Chương 650 Hắc dịch.txt
[651/822] skip existing file=Chương 651 Đổ vỡ.txt
[652/822] skip existing file=Chương 652 Lục Dục Thiên Ma.txt
[653/822] skip existing file=Chương 653 Gieo xuống cỏ dại.txt
[654/822] skip existing file=Chương 654 Hợp tinh.txt
[655/822] skip existing file=Chương 655 Trí Tuyệt Thiên Hạ.txt
[656/822] skip existing file=Chương 656 Nữ Thần Điện.txt
[657/822] skip existing file=Chương 657 Thần Đạo Gia.txt
[658/822] skip existing file=Chương 658 Luân hồi hình dạng.txt
[659/822] skip existing file=Chương 659 Mở đầu cuộc thi.txt
[660/822] skip existing file=Chương 660 Vào vòng xếp hạng.txt
[661/822] skip existing file=Chương 661 Họa từ miệng mà ra.txt
[662/822] skip existing file=Chương 662 Trận ba người.txt
[663/822] skip existing file=Chương 663 Nhất dực xuất hiện.txt
[664/822] skip existing file=Chương 664 Sửng sốt rồi kinh ngạc.txt
[665/822] skip existing file=Chương 665 Là luật pháp chế buộc ta.txt
[666/822] skip existing file=Chương 666 Tố cáo.txt
[667/822] skip existing file=Chương 667 Bách Gia Cự Tử.txt
[668/822] skip existing file=Chương 668 Một bóng lưng.txt
[669/822] skip existing file=Chương 669 Khiêu chiến Binh Gia.txt
[670/822] skip existing file=Chương 670 Khiêu chiến các nhà.txt
[671/822] skip existing file=Chương 671 Bại tận Thần Đạo Gia.txt
[672/822] skip existing file=Chương 672 Ý.txt
[673/822] skip existing file=Chương 673 Chủng.txt
[674/822] skip existing file=Chương 674 Hỏa Chủng.txt
[675/822] skip existing file=Chương 675 Cứu người người không trả ơn.txt
[676/822] skip existing file=Chương 676 Tứ Cực Đạo Chủng.txt
[677/822] skip existing file=Chương 677 Vạn Thiên Băng Tằm.txt
[678/822] skip existing file=Chương 678 Tuyết Nhi gọi sư thúc đi.txt
[679/822] skip existing file=Chương 679 Nhân Chủng.txt
[680/822] skip existing file=Chương 680 Ngươi bình thường một chút có được không.txt
[681/822] skip existing file=Chương 681 Từ bỏ đi.txt
[682/822] skip existing file=Chương 682 Nhóm lửa sinh mệnh.txt
[683/822] skip existing file=Chương 683 Nhập ngũ.txt
[684/822] skip existing file=Chương 684 Rèn luyện tân binh.txt
[685/822] skip existing file=Chương 685 Cổ Thiên Thần nói chuyện.txt
[686/822] skip existing file=Chương 686 Vu và Ngang.txt
[687/822] skip existing file=Chương 687 Hỗn loạn.txt
[688/822] skip existing file=Chương 688 Tính toán lẫn nhau.txt
[689/822] skip existing file=Chương 689 Nhận truyền thừa.txt
[690/822] skip existing file=Chương 690 Cứu ai đây.txt
[691/822] skip existing file=Chương 691 Thiên mệnh sở quy.txt
[692/822] skip existing file=Chương 692 Ít nhất còn có ngươi bên cạnh.txt
[693/822] skip existing file=Chương 693 Vua khỉ.txt
[694/822] skip existing file=Chương 694 Những ngày tháng vui chơi.txt
[695/822] skip existing file=Chương 695 Việt.txt
[696/822] skip existing file=Chương 696 Khắp nơi chèn ép.txt
[697/822] skip existing file=Chương 697 Chọc tức.txt
[698/822] skip existing file=Chương 698 Trở về Thần giới.txt
[699/822] skip existing file=Chương 699 Lấy sức dân chăm lo cho dân.txt
[700/822] skip existing file=Chương 700 Pháp Luân Tam Pháp.txt
[701/822] skip existing file=Chương 701 Khai Sơn Việt Phủ.txt
[702/822] skip existing file=Chương 702 Thật hay dối trá.txt
[703/822] skip existing file=Chương 703 Vô Lượng Tháp.txt
[704/822] skip existing file=Chương 704 Đưa đồ.txt
[705/822] skip existing file=Chương 705 Thập Dương.txt
[706/822] skip existing file=Chương 706 Thăm dò.txt
[707/822] skip existing file=Chương 707 Kiểm tra.txt
[708/822] skip existing file=Chương 708 Lên kế hoạch.txt
[709/822] skip existing file=Chương 709 Tuyển chọn.txt
[710/822] skip existing file=Chương 710 Bắt đầu chiến dịch.txt
[711/822] skip existing file=Chương 711 Chia đội.txt
[712/822] skip existing file=Chương 712 Khai quang phủ.txt
[713/822] skip existing file=Chương 713 Ám Vô Giới tới tay.txt
[714/822] skip existing file=Chương 714 Lục soát.txt
[715/822] skip existing file=Chương 715 Trúng kế.txt
[716/822] skip existing file=Chương 716 Đùa giỡn Ám Vô Giới.txt
[717/822] download chapter_id=13984268 file=Chương 717 Nghi ngờ. Tính toán sai. Cô độc.txt
  OK decrypted=True written=Chương 717 Nghi ngờ. Tính toán sai. Cô độc.txt
[718/822] skip existing file=Chương 718 Trong sách có bảo tàng.txt
[719/822] skip existing file=Chương 719 Dung hòa tri thức.txt
[720/822] skip existing file=Chương 720 Luyện đan gây họa.txt
[721/822] skip existing file=Chương 721 Dẫn đạo nhập đan.txt
[722/822] skip existing file=Chương 722 Ý cảnh.txt
[723/822] skip existing file=Chương 723 Ngao du lĩnh ngộ.txt
[724/822] skip existing file=Chương 724 Lạc đạo.txt
[725/822] skip existing file=Chương 725 Thuận thế mà làm.txt
[726/822] skip existing file=Chương 726 Tơ nguyện.txt
[727/822] skip existing file=Chương 727 Tiểu thế giới.txt
[728/822] skip existing file=Chương 728 Thăm Nguyên Sa.txt
[729/822] skip existing file=Chương 729 Hỏa Hỏa cùng Hỏa Hỏa.txt
[730/822] skip existing file=Chương 730 Nhớ lại.txt
[731/822] skip existing file=Chương 731 Đạo khí của Thánh Hóa.txt
[732/822] skip existing file=Chương 732 Hiến tế triệu hồi.txt
[733/822] skip existing file=Chương 733 Xâm chiếm.txt
[734/822] skip existing file=Chương 734 Đại chiến khởi.txt
[735/822] skip existing file=Chương 735 Tính toán lẫn nhau.txt
[736/822] skip existing file=Chương 736 Tiểu thế giới phá.txt
[737/822] skip existing file=Chương 737 Không thể thoát.txt
[738/822] skip existing file=Chương 738 Bị bắt làm con tin.txt
[739/822] skip existing file=Chương 739 Đấu trường.txt
[740/822] skip existing file=Chương 740 Liên thắng.txt
[741/822] skip existing file=Chương 741 Vận dụng thế.txt
[742/822] skip existing file=Chương 742 Cướp ngục.txt
[743/822] skip existing file=Chương 743 Chạy trốn.txt
[744/822] skip existing file=Chương 744 Vô hình phối hợp.txt
[745/822] skip existing file=Chương 745 Chạm mặt.txt
[746/822] skip existing file=Chương 746 Truy tìm thánh vật.txt
[747/822] skip existing file=Chương 747 Kẻ tình nghi.txt
[748/822] skip existing file=Chương 748 Đạo Khí phân chia.txt
[749/822] skip existing file=Chương 749 Thánh vật xuất thế.txt
[750/822] skip existing file=Chương 750 Hợp tác xoay vần.txt
[751/822] skip existing file=Chương 751 Chân tướng sáng tỏ.txt
[752/822] skip existing file=Chương 752 Đối thoại với hắc ám.txt
[753/822] skip existing file=Chương 753 Nhận lầm.txt
[754/822] skip existing file=Chương 754 Tuyên bố mở màn.txt
[755/822] skip existing file=Chương 755 Xóa bỏ nghi ngờ.txt
[756/822] skip existing file=Chương 756 Thiên Thần tỉnh giấc.txt
[757/822] skip existing file=Chương 757 Gặp lại Nguyên Sa.txt
[758/822] skip existing file=Chương 758 Tranh đạo tràng.txt
[759/822] skip existing file=Chương 759 Cộng minh.txt
[760/822] skip existing file=Chương 760 Lại thêm cảm ngộ.txt
[761/822] skip existing file=Chương 761 Mảnh vỡ Khai Thiên Phủ.txt
[762/822] skip existing file=Chương 762 Sắp hết một ngày.txt
[763/822] skip existing file=Chương 763 Thời Không Chi Môn.txt
[764/822] skip existing file=Chương 764 Hậu cần quân.txt
[765/822] skip existing file=Chương 765 Người đeo mặt nạ.txt
[766/822] skip existing file=Chương 766 Bị lừa.txt
[767/822] skip existing file=Chương 767 Đánh cho mỏi tay.txt
[768/822] skip existing file=Chương 768 Làm đá mài đao.txt
[769/822] skip existing file=Chương 769 Khiêu chiến.txt
[770/822] skip existing file=Chương 770 Đánh xuyên tứ đảo.txt
[771/822] skip existing file=Chương 771 Áp đảo.txt
[772/822] skip existing file=Chương 772 Phong thần.txt
[773/822] skip existing file=Chương 773 Thay đổi Chuyển Luân.txt
[774/822] skip existing file=Chương 774 Hồn Luân.txt
[775/822] skip existing file=Chương 775 Hỏa Ngục.txt
[776/822] skip existing file=Chương 776 Đột kích.txt
[777/822] skip existing file=Chương 777 Đối chiến Thiên Thần.txt
[778/822] skip existing file=Chương 778 Đạo Khí trợ chiến.txt
[779/822] skip existing file=Chương 779 Thiên Thần chết.txt
[780/822] skip existing file=Chương 780 Dư âm.txt
[781/822] skip existing file=Chương 781 Phân tách Nhân Chủng.txt
[782/822] skip existing file=Chương 782 Ma tộc đột kích.txt
[783/822] skip existing file=Chương 783 Ma Thần giao chiến.txt
[784/822] skip existing file=Chương 784 Cuộc trò chuyện định mệnh.txt
[785/822] skip existing file=Chương 785 Đánh thẳng vào Ma giới.txt
[786/822] skip existing file=Chương 786 Tơ nguyên thể hiện.txt
[787/822] skip existing file=Chương 787 Thống lĩnh thứ 13.txt
[788/822] skip existing file=Chương 788 Bụi Gai.txt
[789/822] skip existing file=Chương 789 Ý nghĩa thành Tổ.txt
[790/822] skip existing file=Chương 790 Kế hoạch tiêu diệt con người.txt
[791/822] skip existing file=Chương 791 Thái Âm Chi Thủy.txt
[792/822] skip existing file=Chương 792 Dưới ánh trăng.txt
[793/822] skip existing file=Chương 793 Thập Dương thành đạo.txt
[794/822] skip existing file=Chương 794 Đạo tranh.txt
[795/822] skip existing file=Chương 795 Lật mặt.txt
[796/822] skip existing file=Chương 796 Hàn Thuyên nỗi lòng.txt
[797/822] skip existing file=Chương 797 Điên cuồng một lần.txt
[798/822] skip existing file=Chương 798 Thời gian đảo lưu.txt
[799/822] skip existing file=Chương 799 Tiêu diệt con người.txt
[800/822] skip existing file=Chương 800 Đêm tuyết rơi.txt
[801/822] skip existing file=Chương 801 Hối hận không.txt
[802/822] skip existing file=Chương 802 Luyện Ngục.txt
[803/822] skip existing file=Chương 803 Địa Ngục đáng sợ.txt
[804/822] skip existing file=Chương 804 Địa Ngục hủy.txt
[805/822] skip existing file=Chương 805 Lại làm người.txt
[806/822] skip existing file=Chương 806 Xuất hành.txt
[807/822] skip existing file=Chương 807 Mười cái đồ đệ.txt
[808/822] skip existing file=Chương 808 Các tộc chú ý.txt
[809/822] skip existing file=Chương 809 Khiêu khích các tộc.txt
[810/822] skip existing file=Chương 810 Thời giờ đã đến.txt
[811/822] skip existing file=Chương 811 Ta là Nhân Tổ.txt
[812/822] skip existing file=Chương 812 Hoảng sợ.txt
[813/822] skip existing file=Chương 813 Gặp lại người quen cũ.txt
[814/822] skip existing file=Chương 814 Nhân Tổ là nữ.txt
[815/822] skip existing file=Chương 815 Thống nhất thiên địa.txt
[816/822] skip existing file=Chương 816 Bí mật loài rắn.txt
[817/822] skip existing file=Chương 817 Khí độ tông sư.txt
[818/822] skip existing file=Chương 818 Giết Lục Dục chiến Quang Minh.txt
[819/822] skip existing file=Chương 819 Quang Minh đã chết.txt
[820/822] skip existing file=Chương 820 Diệt sát ý thức.txt
[821/822] skip existing file=Chương 821 Hạt giống nảy mầm Đại Kết Cục.txt
[822/822] skip existing file=Chương 822 Ngoại truyện.txt
final_ok=822
final_fail=0
out=C:\Dev\MTC\Nhân Tổ

[stderr]
