book=Bắt Đầu Cùng Chị Dâu Nương Tựa Lẫn Nhau
book_id=128485
out=C:\Dev\MTC\Bắt Đầu Cùng Chị Dâu Nương Tựa Lẫn Nhau
chapters_total=70 expected=70
[1/70] skip existing file=Chương 1 Tà Lam.txt
[2/70] skip existing file=Chương 2 Họp lớp Hoa Nguyệt.txt
[3/70] skip existing file=Chương 3 Gặp lại Tạ Trọng Băng.txt
[4/70] skip existing file=Chương 4 Trong nhà vệ sinh Play.txt
[5/70] skip existing file=Chương 5 Đột phá tu vi Chị Dâu Play.txt
[6/70] skip existing file=Chương 6 Thay thế thân phận.txt
[7/70] skip existing file=Chương 7 Nhà tắm Play.txt
[8/70] skip existing file=Chương 8 Sáng sớm muốn ăn kem ly.txt
[9/70] skip existing file=Chương 9 Khống Thần Châu.txt
[10/70] skip existing file=Chương 10 Chỉ cần mãi mãi ở bên Tà Lam là ta vui vẻ nhất rồi.txt
[11/70] skip existing file=Chương 11 Đến Thái Nhất tông.txt
[12/70] skip existing file=Chương 12 Tố Lãnh Sương.txt
[13/70] skip existing file=Chương 13 Tố Lãnh Sương muốn ăn sạch Tà Lam.txt
[14/70] skip existing file=Chương 14 Tố Lãnh Sương mê muội.txt
[15/70] skip existing file=Chương 15 Tà Lam ta muốn ăn kem ky.txt
[16/70] skip existing file=Chương 16 Mị Lực Ấn Ký Trị Liệu Đừng có mà chọc ta nếu không.txt
[17/70] skip existing file=Chương 17 Trả lại cho ngươi.txt
[18/70] skip existing file=Chương 18 Một năm trôi qua.txt
[19/70] skip existing file=Chương 19 Cực cảnh.txt
[20/70] skip existing file=Chương 20 Đến Thiết quốc.txt
[21/70] download chapter_id=18498451 file=Chương 21 Ma...ma quỷ.txt
  OK decrypted=True written=Chương 21 Ma...ma quỷ.txt
[22/70] skip existing file=Chương 22 Giới Linh Thú Giới Linh Sư.txt
[23/70] skip existing file=Chương 23 Vậy ngươi sờ sờ nó.txt
[24/70] skip existing file=Chương 24 Nhóc đáng thương.txt
[25/70] skip existing file=Chương 25 Rời đi địa cầu.txt
[26/70] skip existing file=Chương 26 Quan tài Đến tu tiên giới.txt
[27/70] skip existing file=Chương 27 Tứ Sinh Tỏa Phong trận.txt
[28/70] skip existing file=Chương 28 Hồi Tưởng Thánh Quang.txt
[29/70] skip existing file=Chương 29 Lĩnh ngộ Cực Cảnh trong chém giết.txt
[30/70] skip existing file=Chương 30 Bãi cỏ Play Đồ nhà quê.txt
[31/70] skip existing file=Chương 31 Tà Lam bị nữ nhân trêu chọc Trên đường gặp cường giả giao thủ.txt
[32/70] skip existing file=Chương 32 Hoa Thiên Ngự kiếm thuật.txt
[33/70] skip existing file=Chương 33 Ta còn muốn đi nhờ xe Tần Thanh Tuyết.txt
[34/70] skip existing file=Chương 34 Tần Thanh Tuyết an bài Nhị nữ Play.txt
[35/70] skip existing file=Chương 35 Mụ mụ để ta giúp ngươi có được hay không.txt
[36/70] skip existing file=Chương 36 Tần Thanh Nhã.txt
[37/70] skip existing file=Chương 37 Địch tập.txt
[38/70] skip existing file=Chương 38 Ung dung giải quyết Tà Lam ngươi có thể ngủ cùng với ta sao.txt
[39/70] skip existing file=Chương 39 Trong liều Play.txt
[40/70] skip existing file=Chương 40 Khảo hạch chính thức tiến hành.txt
[41/70] skip existing file=Chương 41 Vào bí cảnh.txt
[42/70] skip existing file=Chương 42 Khảo hạch tuyển chọn đệ tử kết thúc.txt
[43/70] skip existing file=Chương 43 Hồ Mị Na Thu đồ đệ.txt
[44/70] skip existing file=Chương 44 Tần Thanh Nhã cầu xin chủ nhân giúp chữa bệnh.txt
[45/70] skip existing file=Chương 45 Chủ nhân ăn từ từ bào ngư ta còn có rất nhiều.txt
[46/70] skip existing file=Chương 46 Yêu tinh Hồ Mị Na.txt
[47/70] skip existing file=Chương 47 Giúp Mỹ trưởng lão sửa y phục tu luyện vũ kỹ.txt
[48/70] skip existing file=Chương 48 Tự tìm.txt
[49/70] skip existing file=Chương 49 Nhận nhiệm vụ.txt
[50/70] skip existing file=Chương 50 Truy sát thực chiến đột phá.txt
[51/70] skip existing file=Chương 51 Cực Cảnh hình thức ban đầu.txt
[52/70] skip existing file=Chương 52 Lệ Quyên Trở về Bạch Nhật tông.txt
[53/70] skip existing file=Chương 53 Ô Chiến Dương.txt
[54/70] download chapter_id=18828322 file=Chương 54 Câu cá Sư phụ cứu ta...ya mê.txt
  OK decrypted=True written=Chương 54 Câu cá Sư phụ cứu ta...ya mê.txt
[55/70] skip existing file=Chương 55 Độ Vân Diệp Hương Quan hệ phức tạp.txt
[56/70] skip existing file=Chương 56 Hải long xuất thế tứ phượng gào khóc.txt
[57/70] download chapter_id=18860155 file=Chương 57 Untitled.txt
  OK decrypted=True written=Chương 57 Untitled.txt
[58/70] skip existing file=Chương 58 Tần Thanh Nhã đòi hỏi ban thưởng.txt
[59/70] skip existing file=Chương 59 Tà Hồn Cốc.txt
[60/70] skip existing file=Chương 60 Yêu thú cấp 5 Đại Cự Viên.txt
[61/70] skip existing file=Chương 61 Thải Thanh thanh tịnh ngu xuẩn ánh mắt.txt
[62/70] skip existing file=Chương 62 Thải Thanh vụng về biểu diễn.txt
[63/70] skip existing file=Chương 63 Cô Cô Liễu Như Yên.txt
[64/70] skip existing file=Chương 64 Thời gian cùng chúng nữ nói chuyện phiếm.txt
[65/70] skip existing file=Chương 65 Được rồi bảo bối đừng nghịch nữa.txt
[66/70] skip existing file=Chương 66 Quy tắc thi đấu Chu Trúc Thanh.txt
[67/70] skip existing file=Chương 67 vs Diệp Thần.txt
[68/70] skip existing file=Chương 68 Diệp Thần quá nghiêm túc Tà Lam bất đắc dĩ.txt
[69/70] skip existing file=Chương 69 Diệp Thần vs tái nhợt thanh niên.txt
[70/70] download chapter_id=19002061 file=Chương 70 Chương 70 Ha ha ha cuối cùng bản tọa cũng từ nơi chết tiệc này đi ra.txt
  OK decrypted=True written=Chương 70 Chương 70 Ha ha ha cuối cùng bản tọa cũng từ nơi chết tiệc này đi ra.txt
final_ok=70
final_fail=0
out=C:\Dev\MTC\Bắt Đầu Cùng Chị Dâu Nương Tựa Lẫn Nhau

[stderr]
