book=Bạch Quả Chi Đồng Nhân Thiếu Niên Ca Hành Quyển 1 end
book_id=104077
out=C:\Dev\MTC\Bạch Quả Chi Đồng Nhân Thiếu Niên Ca Hành Quyển 1 end
chapters_total=116 expected=116
[1/116] download chapter_id=12693940 file=Chương 1 Quả Quả Xuyên Qua 1.txt
  OK decrypted=True written=Chương 1 Quả Quả Xuyên Qua 1.txt
[2/116] download chapter_id=12693941 file=Chương 2 Quả Quả Xuyên Qua 2.txt
  OK decrypted=True written=Chương 2 Quả Quả Xuyên Qua 2.txt
[3/116] download chapter_id=12693945 file=Chương 3 Hồi Phủ Với Ta 1.txt
  OK decrypted=True written=Chương 3 Hồi Phủ Với Ta 1.txt
[4/116] download chapter_id=12693946 file=Chương 4 Hồi Phủ Với Ta 2.txt
  OK decrypted=True written=Chương 4 Hồi Phủ Với Ta 2.txt
[5/116] skip existing file=Chương 5 Sười Ấm Trường Cung.txt
[6/116] download chapter_id=12693954 file=Chương 6 Vạn Ảnh Độc Băng Châm 1.txt
  OK decrypted=True written=Chương 6 Vạn Ảnh Độc Băng Châm 1.txt
[7/116] download chapter_id=12693955 file=Chương 7 Vạn Ảnh Độc Băng Châm 2.txt
  OK decrypted=True written=Chương 7 Vạn Ảnh Độc Băng Châm 2.txt
[8/116] download chapter_id=12693956 file=Chương 8 Trúng Độc 1.txt
  OK decrypted=True written=Chương 8 Trúng Độc 1.txt
[9/116] download chapter_id=12693957 file=Chương 9 Trúng Độc 2.txt
  OK decrypted=True written=Chương 9 Trúng Độc 2.txt
[10/116] download chapter_id=12693958 file=Chương 10 Sơn Hoa Bán Lệ 1.txt
  OK decrypted=True written=Chương 10 Sơn Hoa Bán Lệ 1.txt
[11/116] download chapter_id=12693959 file=Chương 11 Sơn Hoa Bán Lệ 2.txt
  OK decrypted=True written=Chương 11 Sơn Hoa Bán Lệ 2.txt
[12/116] download chapter_id=12693960 file=Chương 12 Ngộ Giả 1.txt
  OK decrypted=True written=Chương 12 Ngộ Giả 1.txt
[13/116] download chapter_id=12693961 file=Chương 13 Ngộ Giả 2.txt
  OK decrypted=True written=Chương 13 Ngộ Giả 2.txt
[14/116] download chapter_id=12693962 file=Chương 14 Vật Tế 1.txt
  OK decrypted=True written=Chương 14 Vật Tế 1.txt
[15/116] download chapter_id=12693963 file=Chương 15 Vật Tế 2.txt
  OK decrypted=True written=Chương 15 Vật Tế 2.txt
[16/116] download chapter_id=12693966 file=Chương 16 Hôm Nay Phải Có Một Người Chết 1.txt
  OK decrypted=True written=Chương 16 Hôm Nay Phải Có Một Người Chết 1.txt
[17/116] download chapter_id=12693967 file=Chương 17 Hôm Nay Phải Có Một Người Chết 2.txt
  OK decrypted=True written=Chương 17 Hôm Nay Phải Có Một Người Chết 2.txt
[18/116] download chapter_id=12693968 file=Chương 18 Đến Thăm Couple Phi Cơ 1.txt
  OK decrypted=True written=Chương 18 Đến Thăm Couple Phi Cơ 1.txt
[19/116] download chapter_id=12693969 file=Chương 19 Đến Thăm Couple Phi Cơ 2.txt
  OK decrypted=True written=Chương 19 Đến Thăm Couple Phi Cơ 2.txt
[20/116] download chapter_id=12693970 file=Chương 20 Vô Tâm Ngươi Đoạn Tụ 1.txt
  OK decrypted=True written=Chương 20 Vô Tâm Ngươi Đoạn Tụ 1.txt
[21/116] download chapter_id=12693976 file=Chương 21 Vô Tâm Ngươi Đoạn Tụ 2.txt
  OK decrypted=True written=Chương 21 Vô Tâm Ngươi Đoạn Tụ 2.txt
[22/116] download chapter_id=12693977 file=Chương 22 Dẫn Tình Chú 1.txt
  OK decrypted=True written=Chương 22 Dẫn Tình Chú 1.txt
[23/116] download chapter_id=12693978 file=Chương 23 Dẫn Tình Chú 2.txt
  OK decrypted=True written=Chương 23 Dẫn Tình Chú 2.txt
[24/116] download chapter_id=12693979 file=Chương 24 Hắc Y Nhân Lộ Diện 1.txt
  OK decrypted=True written=Chương 24 Hắc Y Nhân Lộ Diện 1.txt
[25/116] download chapter_id=12693980 file=Chương 25 Hắc Y Nhân Lộ Diện 2.txt
  OK decrypted=True written=Chương 25 Hắc Y Nhân Lộ Diện 2.txt
[26/116] download chapter_id=12693985 file=Chương 26 Bắt Nhầm Con Tin 1.txt
  OK decrypted=True written=Chương 26 Bắt Nhầm Con Tin 1.txt
[27/116] download chapter_id=12693986 file=Chương 27 Bắt Nhầm Con Tin 2.txt
  OK decrypted=True written=Chương 27 Bắt Nhầm Con Tin 2.txt
[28/116] skip existing file=Chương 28 Bắt Nhầm Con Tin 3.txt
[29/116] skip existing file=Chương 29 Bắt Nhầm Con Tin 4.txt
[30/116] skip existing file=Chương 30 Bắt Nhầm Con Tin 5.txt
[31/116] skip existing file=Chương 31 Bắt Nhầm Con Tin 6.txt
[32/116] download chapter_id=12693991 file=Chương 32 Cổ Chủ Không Qua Khỏi 25 1.txt
  OK decrypted=True written=Chương 32 Cổ Chủ Không Qua Khỏi 25 1.txt
[33/116] download chapter_id=12721803 file=Chương 33 Cổ Chủ Không Qua Khỏi 25 2.txt
  OK decrypted=True written=Chương 33 Cổ Chủ Không Qua Khỏi 25 2.txt
[34/116] download chapter_id=12852997 file=Chương 34 Tình Yêu Không Có Tại Sao 1.txt
  OK decrypted=True written=Chương 34 Tình Yêu Không Có Tại Sao 1.txt
[35/116] download chapter_id=12854212 file=Chương 35 Tình Yêu Không Có Tại Sao 2.txt
  OK decrypted=True written=Chương 35 Tình Yêu Không Có Tại Sao 2.txt
[36/116] download chapter_id=12857381 file=Chương 36 Thật Muốn Nhổ Bông Cướp Chậu 1.txt
  OK decrypted=True written=Chương 36 Thật Muốn Nhổ Bông Cướp Chậu 1.txt
[37/116] download chapter_id=12860552 file=Chương 37 Thật Muốn Nhổ Bông Cướp Chậu 2.txt
  OK decrypted=True written=Chương 37 Thật Muốn Nhổ Bông Cướp Chậu 2.txt
[38/116] skip existing file=Chương 38 Thật Muốn Nhổ Bông Cướp Chậu 3.txt
[39/116] download chapter_id=12863873 file=Chương 39 Dọa Cho Vui 1.txt
  OK decrypted=True written=Chương 39 Dọa Cho Vui 1.txt
[40/116] download chapter_id=12863874 file=Chương 40 Dọa Cho Vui 2.txt
  OK decrypted=True written=Chương 40 Dọa Cho Vui 2.txt
[41/116] download chapter_id=12869935 file=Chương 41 Tâm Sự Đêm Khuya 1.txt
  OK decrypted=True written=Chương 41 Tâm Sự Đêm Khuya 1.txt
[42/116] download chapter_id=12871366 file=Chương 42 Tâm Sự Đêm Khuya 2.txt
  OK decrypted=True written=Chương 42 Tâm Sự Đêm Khuya 2.txt
[43/116] skip existing file=Chương 43 Tâm Sự Đêm Khuya 3.txt
[44/116] download chapter_id=12876462 file=Chương 44 Cổ Tương Liên 1.txt
  OK decrypted=True written=Chương 44 Cổ Tương Liên 1.txt
[45/116] download chapter_id=12876463 file=Chương 45 Cổ Tương Liên 2.txt
  OK decrypted=True written=Chương 45 Cổ Tương Liên 2.txt
[46/116] skip existing file=Chương 46 Cổ Tương Liên 3.txt
[47/116] skip existing file=Chương 47 Lạc Vào Viễn Cảnh Thông Thiên Tháp.txt
[48/116] download chapter_id=12885174 file=Chương 48 Hồi 1. Thông Thiên Tháp Tầng Thứ Nhất Băng Diệm Lân Vương 1.txt
  OK decrypted=True written=Chương 48 Hồi 1. Thông Thiên Tháp Tầng Thứ Nhất Băng Diệm Lân Vương 1.txt
[49/116] download chapter_id=12888623 file=Chương 49 Hồi 1. Thông Thiên Tháp Tầng Thứ Nhất Băng Diệm Lân Vương 2.txt
  OK decrypted=True written=Chương 49 Hồi 1. Thông Thiên Tháp Tầng Thứ Nhất Băng Diệm Lân Vương 2.txt
[50/116] download chapter_id=12891475 file=Chương 50 Hồi 1. Thông Thiên Tháp Tầng Thứ Nhất Băng Diệm Lân Vương 3.txt
  OK decrypted=True written=Chương 50 Hồi 1. Thông Thiên Tháp Tầng Thứ Nhất Băng Diệm Lân Vương 3.txt
[51/116] download chapter_id=12893218 file=Chương 51 Hồi 2. Tầng Thứ Hai Kỳ Thế Chi Vương 1.txt
  OK decrypted=True written=Chương 51 Hồi 2. Tầng Thứ Hai Kỳ Thế Chi Vương 1.txt
[52/116] download chapter_id=12897025 file=Chương 52 Hồi 2. Tầng Thứ Hai Kỳ Thế Chi Vương 2.txt
  OK decrypted=True written=Chương 52 Hồi 2. Tầng Thứ Hai Kỳ Thế Chi Vương 2.txt
[53/116] download chapter_id=12900127 file=Chương 53 Hồi 3. Tầng Thứ Ba Mê Lộ 1.txt
  OK decrypted=True written=Chương 53 Hồi 3. Tầng Thứ Ba Mê Lộ 1.txt
[54/116] download chapter_id=12903840 file=Chương 54 Hồi 3. Tầng Thứ Ba Mê Lộ 2.txt
  OK decrypted=True written=Chương 54 Hồi 3. Tầng Thứ Ba Mê Lộ 2.txt
[55/116] download chapter_id=12907779 file=Chương 55 Hồi 3. Tầng Thứ Ba Mê Lộ 3.txt
  OK decrypted=True written=Chương 55 Hồi 3. Tầng Thứ Ba Mê Lộ 3.txt
[56/116] download chapter_id=12912286 file=Chương 56 Hồi 3. Tầng Thứ Ba Mê Lộ 4.txt
  OK decrypted=True written=Chương 56 Hồi 3. Tầng Thứ Ba Mê Lộ 4.txt
[57/116] download chapter_id=12915211 file=Chương 57 Hồi 3. Tầng Thứ Ba Mê Lộ 5.txt
  OK decrypted=True written=Chương 57 Hồi 3. Tầng Thứ Ba Mê Lộ 5.txt
[58/116] download chapter_id=12917891 file=Chương 58 Hồi 1. Tầng Thứ Tư Đại Mạc Chết Chóc 1.txt
  OK decrypted=True written=Chương 58 Hồi 1. Tầng Thứ Tư Đại Mạc Chết Chóc 1.txt
[59/116] download chapter_id=12919287 file=Chương 59 Hồi 1. Tầng Thứ Tư Đại Mạc Chết Chóc 2.txt
  OK decrypted=True written=Chương 59 Hồi 1. Tầng Thứ Tư Đại Mạc Chết Chóc 2.txt
[60/116] download chapter_id=12930277 file=Chương 60 Hồi 1. Tầng Thứ Tư Đại Mạc Chết Chóc 3.txt
  OK decrypted=True written=Chương 60 Hồi 1. Tầng Thứ Tư Đại Mạc Chết Chóc 3.txt
[61/116] download chapter_id=12942586 file=Chương 61 Hồi 1. Tầng Thứ Tư Đại Mạc Chết Chóc 4.txt
  OK decrypted=True written=Chương 61 Hồi 1. Tầng Thứ Tư Đại Mạc Chết Chóc 4.txt
[62/116] download chapter_id=12946968 file=Chương 62 Hồi 1. Tầng Thứ Tư Đại Mạc Chết Chóc 5.txt
  OK decrypted=True written=Chương 62 Hồi 1. Tầng Thứ Tư Đại Mạc Chết Chóc 5.txt
[63/116] download chapter_id=12951348 file=Chương 63 Hồi 1. Tầng Thứ Tư Đại Mạc Chết Chóc 6.txt
  OK decrypted=True written=Chương 63 Hồi 1. Tầng Thứ Tư Đại Mạc Chết Chóc 6.txt
[64/116] download chapter_id=12958260 file=Chương 64 Hồi 1. Tầng Thứ Tư Đại Mạc Chết Chóc 7.txt
  OK decrypted=True written=Chương 64 Hồi 1. Tầng Thứ Tư Đại Mạc Chết Chóc 7.txt
[65/116] download chapter_id=12964590 file=Chương 65 Hồi 2. Tầng Thứ Năm Giữa Lòng Dung Nham 1.txt
  OK decrypted=True written=Chương 65 Hồi 2. Tầng Thứ Năm Giữa Lòng Dung Nham 1.txt
[66/116] download chapter_id=12976774 file=Chương 66 Hồi 2. Tầng Thứ Năm Giữa Lòng Dung Nham 2.txt
  OK decrypted=True written=Chương 66 Hồi 2. Tầng Thứ Năm Giữa Lòng Dung Nham 2.txt
[67/116] download chapter_id=12984648 file=Chương 67 Hồi 2. Tầng Thứ Năm Giữa Lòng Dung Nham 3.txt
  OK decrypted=True written=Chương 67 Hồi 2. Tầng Thứ Năm Giữa Lòng Dung Nham 3.txt
[68/116] download chapter_id=12993994 file=Chương 68 Hồi 2. Tầng Thứ Năm Giữa Lòng Dung Nham 4.txt
  OK decrypted=True written=Chương 68 Hồi 2. Tầng Thứ Năm Giữa Lòng Dung Nham 4.txt
[69/116] download chapter_id=13006417 file=Chương 69 Hồi 3. Tầng Thứ Sáu Sương Mù Đoạt Mạng 1.txt
  OK decrypted=True written=Chương 69 Hồi 3. Tầng Thứ Sáu Sương Mù Đoạt Mạng 1.txt
[70/116] download chapter_id=13017215 file=Chương 70 Hồi 3. Tầng Thứ Sáu Sương Mù Đoạt Mạng 2.txt
  OK decrypted=True written=Chương 70 Hồi 3. Tầng Thứ Sáu Sương Mù Đoạt Mạng 2.txt
[71/116] download chapter_id=13037999 file=Chương 71 Hồi 3. Tầng Thứ Sáu Sương Mù Đoạt Mạng 3.txt
  OK decrypted=True written=Chương 71 Hồi 3. Tầng Thứ Sáu Sương Mù Đoạt Mạng 3.txt
[72/116] skip existing file=Chương 72 Tầng Thứ Bảy Vẫn Chưa Hoàn Chỉnh.txt
[73/116] download chapter_id=13068332 file=Chương 73 Hồi 1. Hòa Thượng Khốn Nạn HT.txt
  OK decrypted=True written=Chương 73 Hồi 1. Hòa Thượng Khốn Nạn HT.txt
[74/116] download chapter_id=13089219 file=Chương 74 Hồi 2. Hòa Thượng Khốn Nạn.txt
  OK decrypted=True written=Chương 74 Hồi 2. Hòa Thượng Khốn Nạn.txt
[75/116] download chapter_id=13100482 file=Chương 75 Hồi 1. Đạp Đổ Thông Thiên.txt
  OK decrypted=True written=Chương 75 Hồi 1. Đạp Đổ Thông Thiên.txt
[76/116] download chapter_id=13109870 file=Chương 76 Hồi 2. Diêu Cổ Tịch Triều.txt
  OK decrypted=True written=Chương 76 Hồi 2. Diêu Cổ Tịch Triều.txt
[77/116] download chapter_id=13116033 file=Chương 77 Hồi 3. Hé Lộ Ẩn Tình Năm Xưa.txt
  OK decrypted=True written=Chương 77 Hồi 3. Hé Lộ Ẩn Tình Năm Xưa.txt
[78/116] download chapter_id=13121904 file=Chương 78 Sư Phụ Đang Đợi Ngươi 1.txt
  OK decrypted=True written=Chương 78 Sư Phụ Đang Đợi Ngươi 1.txt
[79/116] download chapter_id=13128561 file=Chương 79 Sư Phụ Đang Đợi Ngươi 2.txt
  OK decrypted=True written=Chương 79 Sư Phụ Đang Đợi Ngươi 2.txt
[80/116] download chapter_id=13134400 file=Chương 80 Bạch Quả Ta Hôm Nay Xin Thề 1.txt
  OK decrypted=True written=Chương 80 Bạch Quả Ta Hôm Nay Xin Thề 1.txt
[81/116] download chapter_id=13157766 file=Chương 81 Bạch Quả Ta Hôm Nay Xin Thề 2.txt
  OK decrypted=True written=Chương 81 Bạch Quả Ta Hôm Nay Xin Thề 2.txt
[82/116] download chapter_id=13171318 file=Chương 82 Ngân Hồ Tâm 1.txt
  OK decrypted=True written=Chương 82 Ngân Hồ Tâm 1.txt
[83/116] download chapter_id=13171319 file=Chương 83 Ngân Hồ Tâm 2.txt
  OK decrypted=True written=Chương 83 Ngân Hồ Tâm 2.txt
[84/116] skip existing file=Chương 84 Đại Phạn Âm Tự.txt
[85/116] skip existing file=Chương 85 Tiên Phạn Chi Tranh.txt
[86/116] download chapter_id=13199361 file=Chương 86 Hồi 1. Gây Thù Chuốc Oán.txt
  OK decrypted=True written=Chương 86 Hồi 1. Gây Thù Chuốc Oán.txt
[87/116] download chapter_id=13209134 file=Chương 87 Hồi 2. Thiên Ma Loạn Vũ.txt
  OK decrypted=True written=Chương 87 Hồi 2. Thiên Ma Loạn Vũ.txt
[88/116] download chapter_id=13219317 file=Chương 88 Hồi 1. Phá Trừ Tâm Ma.txt
  OK decrypted=True written=Chương 88 Hồi 1. Phá Trừ Tâm Ma.txt
[89/116] download chapter_id=13232147 file=Chương 89 Hồi 2. Bàn Vào Chuyện Chính.txt
  OK decrypted=True written=Chương 89 Hồi 2. Bàn Vào Chuyện Chính.txt
[90/116] download chapter_id=13233544 file=Chương 90 Ta Không Phải Quân Tử 1.txt
  OK decrypted=True written=Chương 90 Ta Không Phải Quân Tử 1.txt
[91/116] download chapter_id=13246748 file=Chương 91 Ta Không Phải Quân Tử 2.txt
  OK decrypted=True written=Chương 91 Ta Không Phải Quân Tử 2.txt
[92/116] skip existing file=Chương 92 Ta Không Phải Quân Tử 3.txt
[93/116] download chapter_id=13317100 file=Chương 93 Hồi 1. Bọn Ta Chân Chính Là Con Người.txt
  OK decrypted=True written=Chương 93 Hồi 1. Bọn Ta Chân Chính Là Con Người.txt
[94/116] download chapter_id=13317136 file=Chương 94 Hồi 2. Thân Phận Phô Bày.txt
  OK decrypted=True written=Chương 94 Hồi 2. Thân Phận Phô Bày.txt
[95/116] download chapter_id=13317137 file=Chương 95 Hồi 3. Truyền Công Thụ Pháp.txt
  OK decrypted=True written=Chương 95 Hồi 3. Truyền Công Thụ Pháp.txt
[96/116] download chapter_id=13317138 file=Chương 96 Hồi 4. Đàm Luận Nhân Sinh.txt
  OK decrypted=True written=Chương 96 Hồi 4. Đàm Luận Nhân Sinh.txt
[97/116] download chapter_id=13322129 file=Chương 97 Hồi 1. Tùy Tâm Sở Dục.txt
  OK decrypted=True written=Chương 97 Hồi 1. Tùy Tâm Sở Dục.txt
[98/116] download chapter_id=13322130 file=Chương 98 Hồi 2. Tùy Ý Hành Sự.txt
  OK decrypted=True written=Chương 98 Hồi 2. Tùy Ý Hành Sự.txt
[99/116] skip existing file=Chương 99 Chúng Ta Cùng Nhau Đi.txt
[100/116] download chapter_id=13330997 file=Chương 100 Hồi 1. La Hán Phục Ma.txt
  OK decrypted=True written=Chương 100 Hồi 1. La Hán Phục Ma.txt
[101/116] download chapter_id=13330998 file=Chương 101 Hồi 2. Đại Giác Ác Sư.txt
  OK decrypted=True written=Chương 101 Hồi 2. Đại Giác Ác Sư.txt
[102/116] download chapter_id=13338350 file=Chương 102 Ngân Hồ Dậy Sóng 1.txt
  OK decrypted=True written=Chương 102 Ngân Hồ Dậy Sóng 1.txt
[103/116] download chapter_id=13338417 file=Chương 103 Ngân Hồ Dậy Sóng 2.txt
  OK decrypted=True written=Chương 103 Ngân Hồ Dậy Sóng 2.txt
[104/116] download chapter_id=13338484 file=Chương 104 Hồi 1. Thiếu Niên Vô Song.txt
  OK decrypted=True written=Chương 104 Hồi 1. Thiếu Niên Vô Song.txt
[105/116] download chapter_id=13338485 file=Chương 105 Hồi 2. Ngự Kiếm Phi Thương.txt
  OK decrypted=True written=Chương 105 Hồi 2. Ngự Kiếm Phi Thương.txt
[106/116] download chapter_id=13340642 file=Chương 106 Hồi 1. Tạo Hình Max Xấu.txt
  OK decrypted=True written=Chương 106 Hồi 1. Tạo Hình Max Xấu.txt
[107/116] download chapter_id=13340643 file=Chương 107 Hồi 2. Bà Đây Đập Chết Cả Nhà Ngươi.txt
  OK decrypted=True written=Chương 107 Hồi 2. Bà Đây Đập Chết Cả Nhà Ngươi.txt
[108/116] download chapter_id=13354235 file=Chương 108 Hồi 3. Bàn Chuyện Làm Ăn.txt
  OK decrypted=True written=Chương 108 Hồi 3. Bàn Chuyện Làm Ăn.txt
[109/116] download chapter_id=13354236 file=Chương 109 Hồi 4. Giáo Chủ Thiên Ngoại Thiên.txt
  OK decrypted=True written=Chương 109 Hồi 4. Giáo Chủ Thiên Ngoại Thiên.txt
[110/116] download chapter_id=13354237 file=Chương 110 Hồi 5. Cung Tiễn Tông Chủ Giáo Chủ Quy Tông.txt
  OK decrypted=True written=Chương 110 Hồi 5. Cung Tiễn Tông Chủ Giáo Chủ Quy Tông.txt
[111/116] download chapter_id=13356521 file=Chương 111 Hồi 1. Thiên Ngoại Chi Thiên.txt
  OK decrypted=True written=Chương 111 Hồi 1. Thiên Ngoại Chi Thiên.txt
[112/116] download chapter_id=13356522 file=Chương 112 Hồi 2. Còn Ai Không Phục Nữa Không.txt
  OK decrypted=True written=Chương 112 Hồi 2. Còn Ai Không Phục Nữa Không.txt
[113/116] download chapter_id=13356523 file=Chương 113 Hồi 3. Vô Lực Phản Kháng.txt
  OK decrypted=True written=Chương 113 Hồi 3. Vô Lực Phản Kháng.txt
[114/116] download chapter_id=13361824 file=Chương 114 Muốn... Hôn... Nàng.txt
  OK decrypted=True written=Chương 114 Muốn... Hôn... Nàng.txt
[115/116] download chapter_id=13361825 file=Chương 115 Muốn... Hôn... Nàng HT.txt
  OK decrypted=True written=Chương 115 Muốn... Hôn... Nàng HT.txt
[116/116] download chapter_id=13361826 file=Chương 116 Muốn... Hôn... Nàng HT End Q1.txt
  OK decrypted=True written=Chương 116 Muốn... Hôn... Nàng HT End Q1.txt
final_ok=116
final_fail=0
out=C:\Dev\MTC\Bạch Quả Chi Đồng Nhân Thiếu Niên Ca Hành Quyển 1 end

[stderr]
