book=Tro Tàn
book_id=130595
out=C:\Dev\MTC\Tro Tàn
chapters_total=125 expected=125
[1/125] skip existing file=Chương 1 Khẩn cấp.txt
[2/125] skip existing file=Chương 2 Nguyễn Minh Chính.txt
[3/125] skip existing file=Chương 3 Trí tuệ nhân tạo Doya.txt
[4/125] skip existing file=Chương 4 Đối mặt nguy hiểm.txt
[5/125] skip existing file=Chương 5 Tình người trong hoạn nạn.txt
[6/125] skip existing file=Chương 6 Tuyết Rơi Ở Xích Đạo.txt
[7/125] skip existing file=Chương 7 Khi Đêm Buông Xuống.txt
[8/125] skip existing file=Chương 8 Rèn Luyện Sức Khỏe.txt
[9/125] skip existing file=Chương 9 Hành Trình Mới.txt
[10/125] skip existing file=Chương 10 Giữa Hai Làn Ranh Cuộc Chiến Sinh Tồn.txt
[11/125] skip existing file=Chương 11 Đối Đầu Và Người Mới.txt
[12/125] skip existing file=Chương 12 Kế Hoạch Hợp Tác.txt
[13/125] skip existing file=Chương 13 Đột Kích Trong Đêm.txt
[14/125] skip existing file=Chương 14 Giải Cứu.txt
[15/125] skip existing file=Chương 15 Cuộc Chiến Của Những Tâm Hồn.txt
[16/125] skip existing file=Chương 16 Những Bước Chân Không Ngừng.txt
[17/125] skip existing file=Chương 17 Thành Phố Trong Tầm Tay.txt
[18/125] skip existing file=Chương 18 Phân Chia Giai Cấp.txt
[19/125] skip existing file=Chương 19 Giây Phút Định Mệnh.txt
[20/125] skip existing file=Chương 20 Những Kẻ Chiến Thắng.txt
[21/125] skip existing file=Chương 21 Mối Đe Dọa từ Bóng Tối.txt
[22/125] skip existing file=Chương 22 Sự Phát Triển Mới.txt
[23/125] skip existing file=Chương 23 Đường Đến Tự Do Cuộc Đối Đầu Với Quá Khứ.txt
[24/125] skip existing file=Chương 24 Cuộc Đối Đầu Căng Thẳng.txt
[25/125] skip existing file=Chương 25 Nước Nga Bành Thập Tam và Bành Thập Cửu.txt
[26/125] skip existing file=Chương 26 Xe Bọc Thép.txt
[27/125] skip existing file=Chương 27 Lên Kế Hoạch Phát Triển.txt
[28/125] skip existing file=Chương 28 Tín Hiệu Mới.txt
[29/125] skip existing file=Chương 29 Thương Thảo và Những Cơ Hội Mới.txt
[30/125] skip existing file=Chương 30 Hành Trình Đến Thị Trấn.txt
[31/125] skip existing file=Chương 31 Khám Phá Thị Trấn Mới.txt
[32/125] skip existing file=Chương 32 Thương Thảo Tại Thị Trấn.txt
[33/125] skip existing file=Chương 33 Chủ tịch Xã Dương Phú Thịnh.txt
[34/125] skip existing file=Chương 34 Cuộc Gặp Gỡ Bất Ngờ.txt
[35/125] skip existing file=Chương 35 Đối Mặt Với Kẻ Thù.txt
[36/125] download chapter_id=19346552 file=Chương 36 Đánh “Giặc” Phải Bắt Vua.txt
  OK decrypted=True written=Chương 36 Đánh “Giặc” Phải Bắt Vua.txt
[37/125] download chapter_id=19346553 file=Chương 37 Sự Thật Về Mười Bốn Tỷ Phần 1.txt
  OK decrypted=True written=Chương 37 Sự Thật Về Mười Bốn Tỷ Phần 1.txt
[38/125] download chapter_id=19346554 file=Chương 38 Sự Thật Về Mười Bốn Tỷ Phần 2.txt
  OK decrypted=True written=Chương 38 Sự Thật Về Mười Bốn Tỷ Phần 2.txt
[39/125] skip existing file=Chương 39 Bão Tuyết.txt
[40/125] skip existing file=Chương 40 Sức Khỏe Với Dấu Hiệu Lạ Của Hải.txt
[41/125] skip existing file=Chương 41 Cải Tiến Doya.txt
[42/125] skip existing file=Chương 42 Kiên Cường Trước Bão Tố.txt
[43/125] skip existing file=Chương 43 Mừng Rỡ Khi Thấy Cứu Viện.txt
[44/125] skip existing file=Chương 44 Lòng Tốt Không Được Đền Đáp.txt
[45/125] skip existing file=Chương 45 Khó Khăn Nối Tiếp Khó Khăn.txt
[46/125] skip existing file=Chương 46 Cuộc Đấu Súng Căng Thẳng.txt
[47/125] skip existing file=Chương 47 Chạy Đua Với Thời Gian.txt
[48/125] skip existing file=Chương 48 Bị Bắt Làm Con Tin.txt
[49/125] skip existing file=Chương 49 Trở Về An Toàn.txt
[50/125] skip existing file=Chương 50 Phân Chia Chiến Lợi Phẩm.txt
[51/125] skip existing file=Chương 51 Đối Diện Với Bão Tuyết.txt
[52/125] skip existing file=Chương 52 Tránh Trú Qua Cơn Bão.txt
[53/125] skip existing file=Chương 53 Sáng Kiến Mới.txt
[54/125] skip existing file=Chương 54 Kẻ Thù Của Kẻ Thù Chính Là Đồng Minh.txt
[55/125] skip existing file=Chương 55 Thả Con Săn Sắt Bắt Con Cá Rô.txt
[56/125] skip existing file=Chương 56 Người Đàn Ông Kỳ Lạ Tên Trường.txt
[57/125] skip existing file=Chương 57 Những Hồi Ức Quá Khứ.txt
[58/125] skip existing file=Chương 58 Cuộc Hẹn Hò Hiếm Hoi.txt
[59/125] skip existing file=Chương 59 Biến Cố Khó Lường.txt
[60/125] skip existing file=Chương 60 Tỉnh Giấc Hồi Ức Mình Vẫn Còn Thứ Phải Làm.txt
[61/125] skip existing file=Chương 61 Do Thám Ban Đêm.txt
[62/125] skip existing file=Chương 62 Chuẩn Bị Cho Chiến Dịch Mới.txt
[63/125] skip existing file=Chương 63 Căn Cứ Quân Sự.txt
[64/125] skip existing file=Chương 64 Lời Đề Nghị Hấp Dẫn.txt
[65/125] skip existing file=Chương 65 Bí Mật Động Trời Của Thị Trấn.txt
[66/125] skip existing file=Chương 66 Dấu Chân Bất Tận.txt
[67/125] skip existing file=Chương 67 Hành Động Xuẩn.txt
[68/125] skip existing file=Chương 68 Vết Ban Xanh.txt
[69/125] skip existing file=Chương 69 Tiến Tới Căn Cứ Mới.txt
[70/125] skip existing file=Chương 70 Phía Sau Căn Cứ Sản Xuất.txt
[71/125] skip existing file=Chương 71 Bàn Bạc Kế Hoạch.txt
[72/125] skip existing file=Chương 72 Kế Hoạch Bắt Đầu.txt
[73/125] skip existing file=Chương 73 Thất Bại Toàn Tập.txt
[74/125] skip existing file=Chương 74 Rượt Đuổi.txt
[75/125] skip existing file=Chương 75 Xâm Nhập Vào Nội Bộ.txt
[76/125] skip existing file=Chương 76 Chiêu Đãi Người Mới.txt
[77/125] skip existing file=Chương 77 Sáu Khu Vực Sản Xuất.txt
[78/125] skip existing file=Chương 78 Ám Ảnh Tâm Lý.txt
[79/125] skip existing file=Chương 79 Cuộc Trò Chuyện Ngắn.txt
[80/125] skip existing file=Chương 80 Một Đêm.txt
[81/125] skip existing file=Chương 81 Trận Chiến Trong Đêm.txt
[82/125] download chapter_id=19855777 file=Chương 82 Untitled.txt
  OK decrypted=True written=Chương 82 Untitled.txt
[83/125] skip existing file=Chương 83 Đấu Súng.txt
[84/125] skip existing file=Chương 84 Đường Hầm.txt
[85/125] skip existing file=Chương 85 Đánh Bom.txt
[86/125] skip existing file=Chương 86 Tất Cả Kế Hoạch.txt
[87/125] skip existing file=Chương 87 Tiếp Quản.txt
[88/125] skip existing file=Chương 88 Mai Táng.txt
[89/125] skip existing file=Chương 89 Thế Lực Đứng Sau.txt
[90/125] skip existing file=Chương 90 Tới Thị Trấn.txt
[91/125] skip existing file=Chương 91 Xung Đột Giữa Hai Bên.txt
[92/125] skip existing file=Chương 92 Người Quen.txt
[93/125] skip existing file=Chương 93 Ấm Áp Giữa Trời Tuyết Lạnh.txt
[94/125] skip existing file=Chương 94 Bình.txt
[95/125] skip existing file=Chương 95 Lo Lắng Bất An.txt
[96/125] skip existing file=Chương 96 Ồn Ào.txt
[97/125] skip existing file=Chương 97 Giáo Phái Trắng.txt
[98/125] skip existing file=Chương 98 Kế Hoạch Thất Bại.txt
[99/125] skip existing file=Chương 99 Bị Bao Vây.txt
[100/125] skip existing file=Chương 100 Đàm Phán.txt
[101/125] skip existing file=Chương 101 Tra Khảo.txt
[102/125] skip existing file=Chương 102 Trần Huy Trường.txt
[103/125] skip existing file=Chương 103 Kế Hoạch.txt
[104/125] skip existing file=Chương 104 Bữa Rượu Đãi.txt
[105/125] skip existing file=Chương 105 Chút Tình Thương Còn Lại.txt
[106/125] skip existing file=Chương 106 Lực Lượng Lao Động Trẻ.txt
[107/125] skip existing file=Chương 107 Ngôi Nhà Đầu Tiên.txt
[108/125] skip existing file=Chương 108 Tra Tấn.txt
[109/125] skip existing file=Chương 109 Sập Bẫy.txt
[110/125] skip existing file=Chương 110 Trại Giam Thạch Đạo.txt
[111/125] skip existing file=Chương 111 Ba tội phạm nguy hiểm.txt
[112/125] skip existing file=Chương 112 2396 7124 8491.txt
[113/125] skip existing file=Chương 113 Tham Quan Trại.txt
[114/125] skip existing file=Chương 114 7124 Biến Mất.txt
[115/125] skip existing file=Chương 115 Cướp Tù.txt
[116/125] skip existing file=Chương 116 Nhiệm Vụ Thất Bại.txt
[117/125] skip existing file=Chương 117 Thuyết Phục 8491.txt
[118/125] skip existing file=Chương 118 Thuyết Phục Loan.txt
[119/125] skip existing file=Chương 119 Vào Rừng.txt
[120/125] skip existing file=Chương 120 Trạm vệ tinh NDS.txt
[121/125] skip existing file=Chương 121 Tai Nạn.txt
[122/125] skip existing file=Chương 122 Xung Đột Nhà Cửa.txt
[123/125] skip existing file=Chương 123 Động Vật Trong Hang.txt
[124/125] skip existing file=Chương 124 Phát Tín Hiệu Tìm Người.txt
[125/125] skip existing file=Chương 125 Chính Phủ Ở Đâu.txt
final_ok=125
final_fail=0
out=C:\Dev\MTC\Tro Tàn

[stderr]
