book=Siêu Dự Bị
book_id=105459
out=C:\Dev\MTC\Siêu Dự Bị
chapters_total=121 expected=121
[1/121] skip existing file=Chương 1 Tony Tèo.txt
[2/121] skip existing file=Chương 2 Biến cố.txt
[3/121] skip existing file=Chương 3 Huấn luyện địa ngục.txt
[4/121] skip existing file=Chương 4 Khả năng đặc biệt.txt
[5/121] skip existing file=Chương 5 Sân bóng trong mơ.txt
[6/121] skip existing file=Chương 6 Trận đấu đầu tiên.txt
[7/121] skip existing file=Chương 7 Anh hùng cứu mỹ nhân.txt
[8/121] skip existing file=Chương 8 Thử tài.txt
[9/121] skip existing file=Chương 9 Oan gia ngõ hẹp.txt
[10/121] skip existing file=Chương 10 Lần đầu làm dự bị.txt
[11/121] skip existing file=Chương 11 Cản anh là vô bệnh viện.txt
[12/121] skip existing file=Chương 12 Phong ba buổi hẹn hò.txt
[13/121] skip existing file=Chương 13 Một đấu một.txt
[14/121] skip existing file=Chương 14 Kung Fu và Bóng đá.txt
[15/121] skip existing file=Chương 15 Bán kết bắt đầu.txt
[16/121] skip existing file=Chương 16 Trường Sa vs Song Tử Tây.txt
[17/121] skip existing file=Chương 17 Một đêm bên nhau.txt
[18/121] skip existing file=Chương 18 Học chích mũi.txt
[19/121] skip existing file=Chương 19 Trận chung kết gây cấn.txt
[20/121] skip existing file=Chương 20 Bị dẫn bàn.txt
[21/121] skip existing file=Chương 21 Lá vàng rơi.txt
[22/121] skip existing file=Chương 22 Cảm xúc chiến thắng.txt
[23/121] skip existing file=Chương 23 Giang hồ không đánh không quen biết.txt
[24/121] skip existing file=Chương 24 Học viện APFC.txt
[25/121] skip existing file=Chương 25 Tuyển sinh bắt đầu.txt
[26/121] skip existing file=Chương 26 Đấu tâng bóng.txt
[27/121] skip existing file=Chương 27 Thi đấu 3 vs 3.txt
[28/121] skip existing file=Chương 28 Chung kết kỳ tuyển sinh.txt
[29/121] skip existing file=Chương 29 Hợp đồng bí mật.txt
[30/121] skip existing file=Chương 30 Học dẫn bóng.txt
[31/121] skip existing file=Chương 31 Mộng du.txt
[32/121] skip existing file=Chương 32 Buổi tập đầu tiên.txt
[33/121] skip existing file=Chương 33 Lại bị cấm sút.txt
[34/121] skip existing file=Chương 34 Tèo điên và Tèo tỉnh.txt
[35/121] skip existing file=Chương 35 Đấu giao hữu.txt
[36/121] skip existing file=Chương 36 Hiệp hai căng thẳng.txt
[37/121] skip existing file=Chương 37 Đánh giá sau trận.txt
[38/121] skip existing file=Chương 38 Cô thủ môn xinh đẹp 1.txt
[39/121] skip existing file=Chương 39 Cô thủ môn xinh đẹp 2.txt
[40/121] skip existing file=Chương 40 Tiềm năng kích hoạt.txt
[41/121] skip existing file=Chương 41 Chấn thương.txt
[42/121] skip existing file=Chương 42 Lộn xộn trong phòng ký túc.txt
[43/121] skip existing file=Chương 43 Sáng tạo chiêu thức.txt
[44/121] skip existing file=Chương 44 Cú sút lái gió 1.txt
[45/121] skip existing file=Chương 45 Cú sút lái gió 2.txt
[46/121] skip existing file=Chương 46 Tèo thành thật.txt
[47/121] skip existing file=Chương 47 Cuộc họp cấp cao.txt
[48/121] skip existing file=Chương 48 Chỉ có 4 điểm.txt
[49/121] skip existing file=Chương 49 Luyện tập phối hợp.txt
[50/121] skip existing file=Chương 50 Đá ma siêu cấp.txt
[51/121] skip existing file=Chương 51 U17 giải tán.txt
[52/121] skip existing file=Chương 52 Vòng chung kết U17 quốc gia.txt
[53/121] skip existing file=Chương 53 Mở màn thuận lợi.txt
[54/121] skip existing file=Chương 54 Mãnh tiến chung kết.txt
[55/121] skip existing file=Chương 55 Bộ đôi song sát.txt
[56/121] skip existing file=Chương 56 Thế khó.txt
[57/121] skip existing file=Chương 57 Át chủ bài.txt
[58/121] skip existing file=Chương 58 Quán quân.txt
[59/121] skip existing file=Chương 59 Nhà mẹ vợ.txt
[60/121] skip existing file=Chương 60 Bóng chuyền 1.txt
[61/121] skip existing file=Chương 61 Bóng chuyền 2.txt
[62/121] skip existing file=Chương 62 Celine.txt
[63/121] skip existing file=Chương 63 Đại cải cách.txt
[64/121] skip existing file=Chương 64 Giao hữu U19 quốc gia 1.txt
[65/121] skip existing file=Chương 65 Giao hữu U19 quốc gia 2.txt
[66/121] skip existing file=Chương 66 Nghiền ép.txt
[67/121] skip existing file=Chương 67 Hợp đồng bom tấn.txt
[68/121] skip existing file=Chương 68 Tuyển trẻ tập trung.txt
[69/121] skip existing file=Chương 69 Thành tích khó hiểu.txt
[70/121] skip existing file=Chương 70 Đá với Mông Cổ 1.txt
[71/121] skip existing file=Chương 71 Đá với Mông Cổ 2.txt
[72/121] skip existing file=Chương 72 Lời hứa.txt
[73/121] skip existing file=Chương 73 Áp lực.txt
[74/121] skip existing file=Chương 74 Phối hợp nhịp nhàng.txt
[75/121] skip existing file=Chương 75 Mười giây khó quên.txt
[76/121] skip existing file=Chương 76 Ronaldo De Lima.txt
[77/121] skip existing file=Chương 77 Ngoại binh.txt
[78/121] skip existing file=Chương 78 Thua thảm.txt
[79/121] skip existing file=Chương 79 Vòng hai V.League.txt
[80/121] skip existing file=Chương 80 Chảo lửa APFC.txt
[81/121] skip existing file=Chương 81 Sức mạnh tuổi trẻ.txt
[82/121] skip existing file=Chương 82 Tèo cục súc.txt
[83/121] skip existing file=Chương 83 Nổi tiếng.txt
[84/121] skip existing file=Chương 84 Chức năng Kick Off.txt
[85/121] skip existing file=Chương 85 Hội quân tuyển quốc gia 1.txt
[86/121] skip existing file=Chương 86 Hội quân tuyển quốc gia 2.txt
[87/121] skip existing file=Chương 87 Hội quân tuyển quốc gia 3.txt
[88/121] skip existing file=Chương 88 Tiến về Thái Lan.txt
[89/121] skip existing file=Chương 89 Trước trận chung kết.txt
[90/121] skip existing file=Chương 90 Trung vệ thép.txt
[91/121] skip existing file=Chương 91 Vô danh tiểu tốt.txt
[92/121] skip existing file=Chương 92 Phá vỡ định kiến.txt
[93/121] skip existing file=Chương 93 Phân tích của huấn luyện viên.txt
[94/121] skip existing file=Chương 94 Danh vọng.txt
[95/121] skip existing file=Chương 95 Dàn xếp tỉ số.txt
[96/121] download chapter_id=13478782 file=Chương 96 Tiến vào vòng trong.txt
  OK decrypted=True written=Chương 96 Tiến vào vòng trong.txt
[97/121] skip existing file=Chương 97 Kích thích tâm lý.txt
[98/121] skip existing file=Chương 98 Thay đổi chiến thuật.txt
[99/121] skip existing file=Chương 99 Tứ kết.txt
[100/121] skip existing file=Chương 100 Coach Hãy tin ở em.txt
[101/121] skip existing file=Chương 101 Sút luân lưu cân não.txt
[102/121] skip existing file=Chương 102 Kỳ tích tái hiện.txt
[103/121] skip existing file=Chương 103 Đêm trước bán kết.txt
[104/121] skip existing file=Chương 104 Derby Đông Nam Á.txt
[105/121] skip existing file=Chương 105 VAR.txt
[106/121] skip existing file=Chương 106 Ác mộng.txt
[107/121] skip existing file=Chương 107 Đôi công.txt
[108/121] skip existing file=Chương 108 Tốc độ biến thái.txt
[109/121] skip existing file=Chương 109 Trên bàn chiến thuật.txt
[110/121] skip existing file=Chương 110 Trời đã sinh ra Thái sao còn sinh Won.txt
[111/121] skip existing file=Chương 111 Giấc mơ vẫn còn.txt
[112/121] skip existing file=Chương 112 Về nhà ăn tết.txt
[113/121] skip existing file=Chương 113 Dư âm sau chiến thắng.txt
[114/121] skip existing file=Chương 114 Cưỡng hôn.txt
[115/121] skip existing file=Chương 115 Thủ môn quái vật.txt
[116/121] skip existing file=Chương 116 Hành quân ra Bắc.txt
[117/121] skip existing file=Chương 117 Ưu thế chủ nhà.txt
[118/121] skip existing file=Chương 118 Dùng công đối công.txt
[119/121] skip existing file=Chương 119 Ý tưởng lớn gặp nhau.txt
[120/121] skip existing file=Chương 120 Trốn viện.txt
[121/121] skip existing file=Chương 121 Ra nước ngoài Đại kết cục.txt
final_ok=121
final_fail=0
out=C:\Dev\MTC\Siêu Dự Bị

[stderr]
