book=Hư Vô Xâm Chiếm
book_id=143169
out=C:\Dev\MTC\Hư Vô Xâm Chiếm
chapters_total=74 expected=74
[1/74] skip existing file=Chương 1 Dịch Quang.txt
[2/74] skip existing file=Chương 2 MACHI.txt
[3/74] skip existing file=Chương 3 Không gian trùng điệp.txt
[4/74] skip existing file=Chương 4 Mặt nước gợi sóng.txt
[5/74] skip existing file=Chương 5 Võng La Gi.txt
[6/74] skip existing file=Chương 6 Quang kỹ.txt
[7/74] skip existing file=Chương 7 Lê Minh Xuân.txt
[8/74] skip existing file=Chương 8 U Sâm Tượng.txt
[9/74] skip existing file=Chương 9 Ám Chung Tượng.txt
[10/74] skip existing file=Chương 10 Diệt chi.txt
[11/74] skip existing file=Chương 11 Latila.txt
[12/74] skip existing file=Chương 12 Bạch Đồ.txt
[13/74] skip existing file=Chương 13 Vấn lòng.txt
[14/74] skip existing file=Chương 14 Sống hay từ bỏ.txt
[15/74] skip existing file=Chương 15 Uyết Ưng.txt
[16/74] skip existing file=Chương 16 Siêu Quang Kỹ.txt
[17/74] skip existing file=Chương 17 Lễ Chọn Tài.txt
[18/74] skip existing file=Chương 18 Cháy lên.txt
[19/74] skip existing file=Chương 19 Tất Sát Quang Kỹ.txt
[20/74] skip existing file=Chương 20 Quyết chiến.txt
[21/74] skip existing file=Chương 21 Chân lý.txt
[22/74] skip existing file=Chương 22 Khoảng khắc.txt
[23/74] skip existing file=Chương 23 Lễ Chọn Tài Hồi kết.txt
[24/74] skip existing file=Chương 24 Chuyện xưa.txt
[25/74] skip existing file=Chương 25 Kinh Quy.txt
[26/74] skip existing file=Chương 26 Tiến công cấm địa.txt
[27/74] skip existing file=Chương 27 Quái vật kì lạ.txt
[28/74] skip existing file=Chương 28 Thu hoạch lớn.txt
[29/74] skip existing file=Chương 29 Bóng đen bí ẩn.txt
[30/74] skip existing file=Chương 30 Phấn đấu.txt
[31/74] skip existing file=Chương 31 Cấp 100.txt
[32/74] skip existing file=Chương 32 Thí Luyện Tranh Tài.txt
[33/74] skip existing file=Chương 33 Hội Ảnh Tử.txt
[34/74] skip existing file=Chương 34 Bước vào thế giới của ta.txt
[35/74] skip existing file=Chương 35 Con tàu lệch đường ray.txt
[36/74] skip existing file=Chương 36 Thành lập tổ chức OUZO.txt
[37/74] skip existing file=Chương 37 Tới Thiên Quốc.txt
[38/74] skip existing file=Chương 38 Lễ hồi hương.txt
[39/74] skip existing file=Chương 39 Lịch sử.txt
[40/74] skip existing file=Chương 40 Mười nghìn năm quá khứ tái hiện.txt
[41/74] skip existing file=Chương 41 Bé ngoan.txt
[42/74] skip existing file=Chương 42 Sự thật.txt
[43/74] skip existing file=Chương 43 Ủy thác.txt
[44/74] download chapter_id=25387349 file=Chương 44 Chiến dịch ' Quét sạch '.txt
  OK decrypted=True written=Chương 44 Chiến dịch ' Quét sạch '.txt
[45/74] skip existing file=Chương 45 Lời mời.txt
[46/74] skip existing file=Chương 46 Tách ra.txt
[47/74] skip existing file=Chương 47 Chuyển giao.txt
[48/74] skip existing file=Chương 48 Thăm dò.txt
[49/74] skip existing file=Chương 49 Cam chịu.txt
[50/74] skip existing file=Chương 50 Hoang Thần Đại Lục.txt
[51/74] skip existing file=Chương 51 Lập chi nhánh.txt
[52/74] skip existing file=Chương 52 Nhánh đào thấm độc.txt
[53/74] skip existing file=Chương 53 Hoàng Kim Thụ.txt
[54/74] skip existing file=Chương 54 Nghỉ hưu.txt
[55/74] skip existing file=Chương 55 Huấn luyện.txt
[56/74] skip existing file=Chương 56 Kiếp nạn.txt
[57/74] skip existing file=Chương 57 Quyết đoán.txt
[58/74] skip existing file=Chương 58 Sóng ngầm nơi biển sâu.txt
[59/74] skip existing file=Chương 59 Ngọn nến.txt
[60/74] skip existing file=Chương 60 Sa ngã.txt
[61/74] skip existing file=Chương 61 Tấu lên khúc ca mở màn.txt
[62/74] skip existing file=Chương 62 Đè bẹp.txt
[63/74] skip existing file=Chương 63 Nữ Hoàng.txt
[64/74] skip existing file=Chương 64 Chuyện xưa người mới.txt
[65/74] skip existing file=Chương 65 Hồi tưởng.txt
[66/74] skip existing file=Chương 66 Nguồn cuội.txt
[67/74] skip existing file=Chương 67 Nghịch Thần.txt
[68/74] skip existing file=Chương 68 Sinh vật đầu tiên.txt
[69/74] skip existing file=Chương 69 Truyền lại.txt
[70/74] skip existing file=Chương 70 Ngọn lửa cháy mãi.txt
[71/74] skip existing file=Chương 71 Trận chiến quy nhất.txt
[72/74] skip existing file=Chương 72 Mất kiểm soát.txt
[73/74] skip existing file=Chương 73 Dấu chấm kết thúc hành trình.txt
[74/74] skip existing file=Chương 74 Ngoại truyện Tổng kết.txt
final_ok=74
final_fail=0
out=C:\Dev\MTC\Hư Vô Xâm Chiếm

[stderr]
