book=Đế Chế Kinh Tế Mới Tại Nước Việt
book_id=104292
out=C:\Dev\MTC\Đế Chế Kinh Tế Mới Tại Nước Việt
chapters_total=379 expected=379
[1/379] download chapter_id=12784017 file=Chương 1 Gặp Nạn.txt
  OK decrypted=True written=Chương 1 Gặp Nạn.txt
[2/379] download chapter_id=12784018 file=Chương 2 Trọng Sinh.txt
  OK decrypted=True written=Chương 2 Trọng Sinh.txt
[3/379] download chapter_id=12784019 file=Chương 3 Nền Văn Minh Atlantis.txt
  OK decrypted=True written=Chương 3 Nền Văn Minh Atlantis.txt
[4/379] download chapter_id=12784020 file=Chương 4 Hợp Tác.txt
  OK decrypted=True written=Chương 4 Hợp Tác.txt
[5/379] download chapter_id=12784021 file=Chương 5 Cơn Mưa Và Bốn Tên Cướp.txt
  OK decrypted=True written=Chương 5 Cơn Mưa Và Bốn Tên Cướp.txt
[6/379] download chapter_id=12784022 file=Chương 6 Viên Gạch Đầu Tiên.txt
  OK decrypted=True written=Chương 6 Viên Gạch Đầu Tiên.txt
[7/379] download chapter_id=12784023 file=Chương 7 Bước Phát Triển Kế Tiếp.txt
  OK decrypted=True written=Chương 7 Bước Phát Triển Kế Tiếp.txt
[8/379] download chapter_id=12784024 file=Chương 8 Tìm Đường Ra Thị Trường.txt
  OK decrypted=True written=Chương 8 Tìm Đường Ra Thị Trường.txt
[9/379] download chapter_id=12784025 file=Chương 9 Kỳ Thi Vượt Cấp.txt
  OK decrypted=True written=Chương 9 Kỳ Thi Vượt Cấp.txt
[10/379] download chapter_id=12784026 file=Chương 10 Chuyển Nhượng Bản Quyền.txt
  OK decrypted=True written=Chương 10 Chuyển Nhượng Bản Quyền.txt
[11/379] download chapter_id=12784027 file=Chương 11 Trần Hàng.txt
  OK decrypted=True written=Chương 11 Trần Hàng.txt
[12/379] download chapter_id=12784028 file=Chương 12 Pin Nano.txt
  OK decrypted=True written=Chương 12 Pin Nano.txt
[13/379] download chapter_id=12784029 file=Chương 13 Trận Cầu.txt
  OK decrypted=True written=Chương 13 Trận Cầu.txt
[14/379] download chapter_id=12784030 file=Chương 14 Nhân Sinh.txt
  OK decrypted=True written=Chương 14 Nhân Sinh.txt
[15/379] download chapter_id=12784031 file=Chương 15 Oanh Động.txt
  OK decrypted=True written=Chương 15 Oanh Động.txt
[16/379] download chapter_id=12784047 file=Chương 16 Vấn Đề Khu Công Nghệ Cao.txt
  OK decrypted=True written=Chương 16 Vấn Đề Khu Công Nghệ Cao.txt
[17/379] download chapter_id=12784048 file=Chương 17 Giải Cứu.txt
  OK decrypted=True written=Chương 17 Giải Cứu.txt
[18/379] download chapter_id=12784049 file=Chương 18 Chuỗi Siêu Thị Điện Máy.txt
  OK decrypted=True written=Chương 18 Chuỗi Siêu Thị Điện Máy.txt
[19/379] download chapter_id=12784050 file=Chương 19 Tiến Độ Nhà Máy.txt
  OK decrypted=True written=Chương 19 Tiến Độ Nhà Máy.txt
[20/379] download chapter_id=12784051 file=Chương 20 Cao Việt.txt
  OK decrypted=True written=Chương 20 Cao Việt.txt
[21/379] download chapter_id=12784052 file=Chương 21 Lễ Khánh Thành.txt
  OK decrypted=True written=Chương 21 Lễ Khánh Thành.txt
[22/379] download chapter_id=12784053 file=Chương 22 Phản Gián Kế Đại Công Cáo Thành.txt
  OK decrypted=True written=Chương 22 Phản Gián Kế Đại Công Cáo Thành.txt
[23/379] download chapter_id=12784054 file=Chương 23 Quy Hoạch Khu Nghỉ Dưỡng.txt
  OK decrypted=True written=Chương 23 Quy Hoạch Khu Nghỉ Dưỡng.txt
[24/379] download chapter_id=12784055 file=Chương 24 Uy Hiếp.txt
  OK decrypted=True written=Chương 24 Uy Hiếp.txt
[25/379] download chapter_id=12784056 file=Chương 25 Theo Dõi.txt
  OK decrypted=True written=Chương 25 Theo Dõi.txt
[26/379] download chapter_id=12784057 file=Chương 26 Khu Hổ Thôn Lang Mượn Đao Giết Người.txt
  OK decrypted=True written=Chương 26 Khu Hổ Thôn Lang Mượn Đao Giết Người.txt
[27/379] download chapter_id=12784058 file=Chương 27 Biến Cố Chính Trị.txt
  OK decrypted=True written=Chương 27 Biến Cố Chính Trị.txt
[28/379] download chapter_id=12784059 file=Chương 28 Năm 2003.txt
  OK decrypted=True written=Chương 28 Năm 2003.txt
[29/379] download chapter_id=12784060 file=Chương 29 Về Nhà.txt
  OK decrypted=True written=Chương 29 Về Nhà.txt
[30/379] download chapter_id=12784061 file=Chương 30 Ông Lão Thầy Bói.txt
  OK decrypted=True written=Chương 30 Ông Lão Thầy Bói.txt
[31/379] download chapter_id=12784082 file=Chương 31 Sản Phẩm Mới.txt
  OK decrypted=True written=Chương 31 Sản Phẩm Mới.txt
[32/379] download chapter_id=12784083 file=Chương 32 Tập Đoàn Thành Lập.txt
  OK decrypted=True written=Chương 32 Tập Đoàn Thành Lập.txt
[33/379] download chapter_id=12784084 file=Chương 33 Trước Kỳ Thi Tốt Nghiệp.txt
  OK decrypted=True written=Chương 33 Trước Kỳ Thi Tốt Nghiệp.txt
[34/379] download chapter_id=12784085 file=Chương 34 Trở Lại Hà Đô.txt
  OK decrypted=True written=Chương 34 Trở Lại Hà Đô.txt
[35/379] download chapter_id=12784086 file=Chương 35 Bùi Lợi.txt
  OK decrypted=True written=Chương 35 Bùi Lợi.txt
[36/379] download chapter_id=12784087 file=Chương 36 Bắt Cóc.txt
  OK decrypted=True written=Chương 36 Bắt Cóc.txt
[37/379] download chapter_id=12784088 file=Chương 37 Giải Cứu 1.txt
  OK decrypted=True written=Chương 37 Giải Cứu 1.txt
[38/379] download chapter_id=12784089 file=Chương 38 Giải Cứu 2.txt
  OK decrypted=True written=Chương 38 Giải Cứu 2.txt
[39/379] download chapter_id=12784090 file=Chương 39 Sau Vụ Việc.txt
  OK decrypted=True written=Chương 39 Sau Vụ Việc.txt
[40/379] download chapter_id=12784091 file=Chương 40 Chiêu Tướng.txt
  OK decrypted=True written=Chương 40 Chiêu Tướng.txt
[41/379] download chapter_id=12784092 file=Chương 41 Tham Quan Khu Nghỉ Dưỡng.txt
  OK decrypted=True written=Chương 41 Tham Quan Khu Nghỉ Dưỡng.txt
[42/379] download chapter_id=12784093 file=Chương 42 Gặp Lại Ninh Lan Phương.txt
  OK decrypted=True written=Chương 42 Gặp Lại Ninh Lan Phương.txt
[43/379] download chapter_id=12784094 file=Chương 43 Trợ Lý Riêng.txt
  OK decrypted=True written=Chương 43 Trợ Lý Riêng.txt
[44/379] download chapter_id=12784095 file=Chương 44 Biệt Thự.txt
  OK decrypted=True written=Chương 44 Biệt Thự.txt
[45/379] download chapter_id=12784096 file=Chương 45 Mua Sắm Phong Ba 1.txt
  OK decrypted=True written=Chương 45 Mua Sắm Phong Ba 1.txt
[46/379] download chapter_id=12784102 file=Chương 46 Mua Sắm Phong Ba 2.txt
  RETRYABLE_FAIL attempt=1 chapter_id=12784102: unable to decode iv
  OK decrypted=True retry=2 written=Chương 46 Mua Sắm Phong Ba 2.txt
[47/379] download chapter_id=12784103 file=Chương 47 Mua Sắm Phong Ba 3.txt
  OK decrypted=True written=Chương 47 Mua Sắm Phong Ba 3.txt
[48/379] download chapter_id=12784104 file=Chương 48 Âm Mưu.txt
  OK decrypted=True written=Chương 48 Âm Mưu.txt
[49/379] download chapter_id=12784105 file=Chương 49 Chuyến Picnic Vui Vẻ.txt
  OK decrypted=True written=Chương 49 Chuyến Picnic Vui Vẻ.txt
[50/379] download chapter_id=12784106 file=Chương 50 Buổi Họp 1.txt
  OK decrypted=True written=Chương 50 Buổi Họp 1.txt
[51/379] download chapter_id=12784107 file=Chương 51 Buổi Họp 2.txt
  OK decrypted=True written=Chương 51 Buổi Họp 2.txt
[52/379] download chapter_id=12784108 file=Chương 52 Bị Theo Dõi.txt
  OK decrypted=True written=Chương 52 Bị Theo Dõi.txt
[53/379] download chapter_id=12784109 file=Chương 53 Bị Điều Tra.txt
  OK decrypted=True written=Chương 53 Bị Điều Tra.txt
[54/379] download chapter_id=12784110 file=Chương 54 Chuyện Ở Xóm Trọ 1.txt
  OK decrypted=True written=Chương 54 Chuyện Ở Xóm Trọ 1.txt
[55/379] download chapter_id=12784111 file=Chương 55 Chuyện Ở Xóm Trọ 2.txt
  OK decrypted=True written=Chương 55 Chuyện Ở Xóm Trọ 2.txt
[56/379] download chapter_id=12784112 file=Chương 56 Cuộc Gặp Bí Mật 1.txt
  OK decrypted=True written=Chương 56 Cuộc Gặp Bí Mật 1.txt
[57/379] download chapter_id=12784113 file=Chương 57 Cuộc Gặp Bí Mật 2.txt
  OK decrypted=True written=Chương 57 Cuộc Gặp Bí Mật 2.txt
[58/379] download chapter_id=12784114 file=Chương 58 Âm Mưu Sơ Lộ.txt
  OK decrypted=True written=Chương 58 Âm Mưu Sơ Lộ.txt
[59/379] download chapter_id=12784115 file=Chương 59 Phao Bác Dẫn Ngọc Ném Viên Ngói Để Lấy Viên Ngọc.txt
  RETRYABLE_FAIL attempt=1 chapter_id=12784115: unable to decode iv
  OK decrypted=True retry=2 written=Chương 59 Phao Bác Dẫn Ngọc Ném Viên Ngói Để Lấy Viên Ngọc.txt
[60/379] download chapter_id=12784116 file=Chương 60 Dĩ Dật Đãi Lao Dẫn Xà Xuất Động.txt
  OK decrypted=True written=Chương 60 Dĩ Dật Đãi Lao Dẫn Xà Xuất Động.txt
[61/379] download chapter_id=12784147 file=Chương 61 Minh Tu Sạn Đạo Ám Độ Trần Thương 1.txt
  OK decrypted=True written=Chương 61 Minh Tu Sạn Đạo Ám Độ Trần Thương 1.txt
[62/379] download chapter_id=12784148 file=Chương 62 Minh Tu Sạn Đạo Ám Độ Trần Thương 2.txt
  OK decrypted=True written=Chương 62 Minh Tu Sạn Đạo Ám Độ Trần Thương 2.txt
[63/379] download chapter_id=12784149 file=Chương 63 Lý Đại Đào Cương Kim Thiền Thoát Xác Mận Chết Thay Đào Ve Xầu Lột Xác.txt
  OK decrypted=True written=Chương 63 Lý Đại Đào Cương Kim Thiền Thoát Xác Mận Chết Thay Đào Ve Xầu Lột Xác.txt
[64/379] download chapter_id=12784150 file=Chương 64 Ổn Định Bước Chân.txt
  OK decrypted=True written=Chương 64 Ổn Định Bước Chân.txt
[65/379] download chapter_id=12784151 file=Chương 65 Tình Địch Mới.txt
  OK decrypted=True written=Chương 65 Tình Địch Mới.txt
[66/379] download chapter_id=12784152 file=Chương 66 Nữ Chủ Nhân.txt
  OK decrypted=True written=Chương 66 Nữ Chủ Nhân.txt
[67/379] download chapter_id=12784153 file=Chương 67 Sự Kiện Ngư Dân.txt
  OK decrypted=True written=Chương 67 Sự Kiện Ngư Dân.txt
[68/379] download chapter_id=12784154 file=Chương 68 Chuyện Của Thiều Đại.txt
  OK decrypted=True written=Chương 68 Chuyện Của Thiều Đại.txt
[69/379] download chapter_id=12784155 file=Chương 69 Bàn Bạc.txt
  OK decrypted=True written=Chương 69 Bàn Bạc.txt
[70/379] download chapter_id=12784156 file=Chương 70 Siêu Cấp Công Nghệ.txt
  OK decrypted=True written=Chương 70 Siêu Cấp Công Nghệ.txt
[71/379] download chapter_id=12784157 file=Chương 71 Kế Hoạch Chi Tiết.txt
  OK decrypted=True written=Chương 71 Kế Hoạch Chi Tiết.txt
[72/379] download chapter_id=12784158 file=Chương 72 Trợ Giúp.txt
  OK decrypted=True written=Chương 72 Trợ Giúp.txt
[73/379] download chapter_id=12784159 file=Chương 73 Tranh Chấp.txt
  OK decrypted=True written=Chương 73 Tranh Chấp.txt
[74/379] download chapter_id=12784160 file=Chương 74 Nhịp Điệu Sinh Hoạt.txt
  OK decrypted=True written=Chương 74 Nhịp Điệu Sinh Hoạt.txt
[75/379] download chapter_id=12784161 file=Chương 75 Khảo Sát.txt
  OK decrypted=True written=Chương 75 Khảo Sát.txt
[76/379] download chapter_id=12784202 file=Chương 76 Xung Tướng.txt
  OK decrypted=True written=Chương 76 Xung Tướng.txt
[77/379] download chapter_id=12784203 file=Chương 77 Gala 1.txt
  OK decrypted=True written=Chương 77 Gala 1.txt
[78/379] download chapter_id=12784204 file=Chương 78 Gala 2.txt
  OK decrypted=True written=Chương 78 Gala 2.txt
[79/379] download chapter_id=12784205 file=Chương 79 Mở Rộng Chuỗi Sản Phẩm 1.txt
  OK decrypted=True written=Chương 79 Mở Rộng Chuỗi Sản Phẩm 1.txt
[80/379] download chapter_id=12784206 file=Chương 80 Mở Rộng Chuỗi Sản Phẩm 2.txt
  OK decrypted=True written=Chương 80 Mở Rộng Chuỗi Sản Phẩm 2.txt
[81/379] download chapter_id=12784207 file=Chương 81 Gặp Lại Người Quen 1.txt
  OK decrypted=True written=Chương 81 Gặp Lại Người Quen 1.txt
[82/379] download chapter_id=12784208 file=Chương 82 Gặp Lại Người Quen 2.txt
  OK decrypted=True written=Chương 82 Gặp Lại Người Quen 2.txt
[83/379] download chapter_id=12784209 file=Chương 83 Gặp Cha Mẹ Vợ Tương Lai 1.txt
  OK decrypted=True written=Chương 83 Gặp Cha Mẹ Vợ Tương Lai 1.txt
[84/379] download chapter_id=12784210 file=Chương 84 Gặp Cha Mẹ Vợ Tương Lai 2.txt
  OK decrypted=True written=Chương 84 Gặp Cha Mẹ Vợ Tương Lai 2.txt
[85/379] download chapter_id=12784211 file=Chương 85 Hội Nghị 1.txt
  OK decrypted=True written=Chương 85 Hội Nghị 1.txt
[86/379] download chapter_id=12784212 file=Chương 86 Hội Nghị 2.txt
  OK decrypted=True written=Chương 86 Hội Nghị 2.txt
[87/379] download chapter_id=12784213 file=Chương 87 Tâm Tư 1.txt
  OK decrypted=True written=Chương 87 Tâm Tư 1.txt
[88/379] download chapter_id=12784214 file=Chương 88 Tâm Tư 2.txt
  OK decrypted=True written=Chương 88 Tâm Tư 2.txt
[89/379] download chapter_id=12784215 file=Chương 89 Chuyện Trong Khu Nghỉ Dưỡng 1.txt
  OK decrypted=True written=Chương 89 Chuyện Trong Khu Nghỉ Dưỡng 1.txt
[90/379] download chapter_id=12784216 file=Chương 90 Chuyện Trong Khu Nghỉ Dưỡng 2.txt
  OK decrypted=True written=Chương 90 Chuyện Trong Khu Nghỉ Dưỡng 2.txt
[91/379] download chapter_id=12784241 file=Chương 91 Bên Trong Phòng Trà.txt
  OK decrypted=True written=Chương 91 Bên Trong Phòng Trà.txt
[92/379] download chapter_id=12784242 file=Chương 92 Xung Đột 1.txt
  OK decrypted=True written=Chương 92 Xung Đột 1.txt
[93/379] download chapter_id=12784243 file=Chương 93 Xung Đột 2.txt
  OK decrypted=True written=Chương 93 Xung Đột 2.txt
[94/379] download chapter_id=12784244 file=Chương 94 Xung Đột 3.txt
  OK decrypted=True written=Chương 94 Xung Đột 3.txt
[95/379] download chapter_id=12784245 file=Chương 95 Bàn Bạc Âm Mưu.txt
  OK decrypted=True written=Chương 95 Bàn Bạc Âm Mưu.txt
[96/379] download chapter_id=12784246 file=Chương 96 Triển Khai Dự Án Mới.txt
  OK decrypted=True written=Chương 96 Triển Khai Dự Án Mới.txt
[97/379] download chapter_id=12784247 file=Chương 97 Tiếp Xúc 1.txt
  OK decrypted=True written=Chương 97 Tiếp Xúc 1.txt
[98/379] download chapter_id=12784248 file=Chương 98 Tiếp Xúc 2.txt
  OK decrypted=True written=Chương 98 Tiếp Xúc 2.txt
[99/379] download chapter_id=12784249 file=Chương 99 Áp Lực Nhiều Hướng 1.txt
  OK decrypted=True written=Chương 99 Áp Lực Nhiều Hướng 1.txt
[100/379] download chapter_id=12784250 file=Chương 100 Áp Lực Nhiều Hướng 2.txt
  OK decrypted=True written=Chương 100 Áp Lực Nhiều Hướng 2.txt
[101/379] download chapter_id=12784251 file=Chương 101 Đường Lang Bộ Thiền Hoàng Tước Tại Hậu Bọ Ngựa Bắt Ve Chim Sẻ Rình Phía Sau.txt
  OK decrypted=True written=Chương 101 Đường Lang Bộ Thiền Hoàng Tước Tại Hậu Bọ Ngựa Bắt Ve Chim Sẻ Rình Phía Sau.txt
[102/379] download chapter_id=12784252 file=Chương 102 Trừng Phạt.txt
  OK decrypted=True written=Chương 102 Trừng Phạt.txt
[103/379] download chapter_id=12784253 file=Chương 103 Tìm Giải Pháp 1.txt
  OK decrypted=True written=Chương 103 Tìm Giải Pháp 1.txt
[104/379] download chapter_id=12784254 file=Chương 104 Tìm Giải Pháp 2.txt
  OK decrypted=True written=Chương 104 Tìm Giải Pháp 2.txt
[105/379] download chapter_id=12784255 file=Chương 105 Quan Môn Tróc Tặc 1.txt
  OK decrypted=True written=Chương 105 Quan Môn Tróc Tặc 1.txt
[106/379] download chapter_id=12784260 file=Chương 106 Quan Môn Tróc Tặc 2.txt
  OK decrypted=True written=Chương 106 Quan Môn Tróc Tặc 2.txt
[107/379] download chapter_id=12784261 file=Chương 107 Sắp Đặt.txt
  OK decrypted=True written=Chương 107 Sắp Đặt.txt
[108/379] download chapter_id=12784262 file=Chương 108 Quỹ Tích Số Phận Nghịch Chuyển.txt
  OK decrypted=True written=Chương 108 Quỹ Tích Số Phận Nghịch Chuyển.txt
[109/379] download chapter_id=12784263 file=Chương 109 Dự Định Mới 1.txt
  OK decrypted=True written=Chương 109 Dự Định Mới 1.txt
[110/379] download chapter_id=12784264 file=Chương 110 Dự Định Mới 2.txt
  OK decrypted=True written=Chương 110 Dự Định Mới 2.txt
[111/379] download chapter_id=12784265 file=Chương 111 Món Quà.txt
  OK decrypted=True written=Chương 111 Món Quà.txt
[112/379] download chapter_id=12784266 file=Chương 112 Thẩm Tra.txt
  OK decrypted=True written=Chương 112 Thẩm Tra.txt
[113/379] download chapter_id=12784267 file=Chương 113 Chuyện Của Hai Cô Gái.txt
  OK decrypted=True written=Chương 113 Chuyện Của Hai Cô Gái.txt
[114/379] download chapter_id=12784268 file=Chương 114 Kế Hoạch Siêu Lực Lượng.txt
  OK decrypted=True written=Chương 114 Kế Hoạch Siêu Lực Lượng.txt
[115/379] download chapter_id=12784269 file=Chương 115 Những Câu Chuyện Của Tuổi Trẻ.txt
  OK decrypted=True written=Chương 115 Những Câu Chuyện Của Tuổi Trẻ.txt
[116/379] download chapter_id=12784270 file=Chương 116 Tiệc Sinh Nhật 1.txt
  OK decrypted=True written=Chương 116 Tiệc Sinh Nhật 1.txt
[117/379] download chapter_id=12784271 file=Chương 117 Tiệc Sinh Nhật 2.txt
  OK decrypted=True written=Chương 117 Tiệc Sinh Nhật 2.txt
[118/379] download chapter_id=12784272 file=Chương 118 Tiệc Sinh Nhật 3.txt
  OK decrypted=True written=Chương 118 Tiệc Sinh Nhật 3.txt
[119/379] download chapter_id=12784273 file=Chương 119 Tiệc Sinh Nhật 4.txt
  OK decrypted=True written=Chương 119 Tiệc Sinh Nhật 4.txt
[120/379] download chapter_id=12784274 file=Chương 120 Xung Đột Tại Quán Ăn.txt
  OK decrypted=True written=Chương 120 Xung Đột Tại Quán Ăn.txt
[121/379] download chapter_id=12784309 file=Chương 121 Nụ Hôn.txt
  OK decrypted=True written=Chương 121 Nụ Hôn.txt
[122/379] download chapter_id=12784310 file=Chương 122 Hoạt Động Ngầm.txt
  OK decrypted=True written=Chương 122 Hoạt Động Ngầm.txt
[123/379] download chapter_id=12784311 file=Chương 123 Nhiệm Vụ Mật.txt
  OK decrypted=True written=Chương 123 Nhiệm Vụ Mật.txt
[124/379] download chapter_id=12784312 file=Chương 124 Kế Hoạch Viễn Tưởng.txt
  OK decrypted=True written=Chương 124 Kế Hoạch Viễn Tưởng.txt
[125/379] download chapter_id=12784313 file=Chương 125 Cuộc Nói Chuyện Của Mẹ Và Con Gái.txt
  OK decrypted=True written=Chương 125 Cuộc Nói Chuyện Của Mẹ Và Con Gái.txt
[126/379] download chapter_id=12784314 file=Chương 126 Gặp Lại Lê Hải.txt
  OK decrypted=True written=Chương 126 Gặp Lại Lê Hải.txt
[127/379] download chapter_id=12784315 file=Chương 127 Buổi Ra Mắt.txt
  OK decrypted=True written=Chương 127 Buổi Ra Mắt.txt
[128/379] download chapter_id=12784316 file=Chương 128 Rắc Rối Của Trần Khanh.txt
  OK decrypted=True written=Chương 128 Rắc Rối Của Trần Khanh.txt
[129/379] download chapter_id=12784317 file=Chương 129 Nguy Cơ Của Gia Đình Đình Hương.txt
  OK decrypted=True written=Chương 129 Nguy Cơ Của Gia Đình Đình Hương.txt
[130/379] download chapter_id=12784318 file=Chương 130 Thỏa Thuận Hôn Nhân.txt
  OK decrypted=True written=Chương 130 Thỏa Thuận Hôn Nhân.txt
[131/379] download chapter_id=12784319 file=Chương 131 Cách Của Lý Đông 1.txt
  OK decrypted=True written=Chương 131 Cách Của Lý Đông 1.txt
[132/379] download chapter_id=12784320 file=Chương 132 Cách Của Lý Đông 2.txt
  OK decrypted=True written=Chương 132 Cách Của Lý Đông 2.txt
[133/379] download chapter_id=12784321 file=Chương 133 Tản Mạn.txt
  OK decrypted=True written=Chương 133 Tản Mạn.txt
[134/379] download chapter_id=12784322 file=Chương 134 Thảo Luận.txt
  OK decrypted=True written=Chương 134 Thảo Luận.txt
[135/379] download chapter_id=12784323 file=Chương 135 Đòi Nợ.txt
  OK decrypted=True written=Chương 135 Đòi Nợ.txt
[136/379] download chapter_id=12784328 file=Chương 136 Việc Trả Tiền Rắc Rối.txt
  OK decrypted=True written=Chương 136 Việc Trả Tiền Rắc Rối.txt
[137/379] download chapter_id=12784329 file=Chương 137 Chiêu Mộ.txt
  OK decrypted=True written=Chương 137 Chiêu Mộ.txt
[138/379] download chapter_id=12784330 file=Chương 138 Âm Mưu Nham Hiểm.txt
  OK decrypted=True written=Chương 138 Âm Mưu Nham Hiểm.txt
[139/379] download chapter_id=12784331 file=Chương 139 Ý Định Mới Nảy Mầm.txt
  OK decrypted=True written=Chương 139 Ý Định Mới Nảy Mầm.txt
[140/379] download chapter_id=12784332 file=Chương 140 Sự Cố Ngụy Tạo.txt
  OK decrypted=True written=Chương 140 Sự Cố Ngụy Tạo.txt
[141/379] download chapter_id=12784333 file=Chương 141 Sóng Ngầm.txt
  OK decrypted=True written=Chương 141 Sóng Ngầm.txt
[142/379] download chapter_id=12784334 file=Chương 142 Bàn Bạc Tìm Giải Pháp.txt
  OK decrypted=True written=Chương 142 Bàn Bạc Tìm Giải Pháp.txt
[143/379] download chapter_id=12784335 file=Chương 143 Điều Tra.txt
  OK decrypted=True written=Chương 143 Điều Tra.txt
[144/379] download chapter_id=12784336 file=Chương 144 Phiên Tòa.txt
  OK decrypted=True written=Chương 144 Phiên Tòa.txt
[145/379] download chapter_id=12784337 file=Chương 145 Hồi Mã Thương.txt
  OK decrypted=True written=Chương 145 Hồi Mã Thương.txt
[146/379] download chapter_id=12784338 file=Chương 146 Gió Chướng Đổi Chiều.txt
  OK decrypted=True written=Chương 146 Gió Chướng Đổi Chiều.txt
[147/379] download chapter_id=12784339 file=Chương 147 Lựa Chọn Đối Sách.txt
  OK decrypted=True written=Chương 147 Lựa Chọn Đối Sách.txt
[148/379] download chapter_id=12784340 file=Chương 148 Tập Đoàn Lính Đánh Thuê.txt
  OK decrypted=True written=Chương 148 Tập Đoàn Lính Đánh Thuê.txt
[149/379] download chapter_id=12784341 file=Chương 149 Giao Dịch Khủng Bố Và Tranh Chấp Ái Tình.txt
  OK decrypted=True written=Chương 149 Giao Dịch Khủng Bố Và Tranh Chấp Ái Tình.txt
[150/379] download chapter_id=12784342 file=Chương 150 Trần Khanh Thành Tú.txt
  OK decrypted=True written=Chương 150 Trần Khanh Thành Tú.txt
[151/379] download chapter_id=12784344 file=Chương 151 Ghen Tức.txt
  OK decrypted=True written=Chương 151 Ghen Tức.txt
[152/379] download chapter_id=12784345 file=Chương 152 Tạo Lập Quan Hệ.txt
  OK decrypted=True written=Chương 152 Tạo Lập Quan Hệ.txt
[153/379] download chapter_id=12784346 file=Chương 153 Chuốc Mê.txt
  OK decrypted=True written=Chương 153 Chuốc Mê.txt
[154/379] download chapter_id=12784347 file=Chương 154 Vì Em Anh Nguyện Hóa Hồ Đồ Cơn Thịnh Nộ Rung Chuyển Hà Đô 1.txt
  OK decrypted=True written=Chương 154 Vì Em Anh Nguyện Hóa Hồ Đồ Cơn Thịnh Nộ Rung Chuyển Hà Đô 1.txt
[155/379] download chapter_id=12784348 file=Chương 155 Vì Em Anh Nguyện Hóa Hồ Đồ Cơn Thịnh Nộ Rung Chuyển Hà Đô 2.txt
  OK decrypted=True written=Chương 155 Vì Em Anh Nguyện Hóa Hồ Đồ Cơn Thịnh Nộ Rung Chuyển Hà Đô 2.txt
[156/379] download chapter_id=12784349 file=Chương 156 Vì Em Anh Nguyện Hóa Hồ Đồ Cơn Thịnh Nộ Rung Chuyển Hà Đô 3.txt
  OK decrypted=True written=Chương 156 Vì Em Anh Nguyện Hóa Hồ Đồ Cơn Thịnh Nộ Rung Chuyển Hà Đô 3.txt
[157/379] download chapter_id=12784350 file=Chương 157 Vì Em Anh Nguyện Hóa Hồ Đồ Cơn Thịnh Nộ Rung Chuyển Hà Đô 4.txt
  OK decrypted=True written=Chương 157 Vì Em Anh Nguyện Hóa Hồ Đồ Cơn Thịnh Nộ Rung Chuyển Hà Đô 4.txt
[158/379] download chapter_id=12784351 file=Chương 158 Vì Em Anh Nguyện Hóa Hồ Đồ Cơn Thịnh Nộ Rung Chuyển Hà Đô 5.txt
  OK decrypted=True written=Chương 158 Vì Em Anh Nguyện Hóa Hồ Đồ Cơn Thịnh Nộ Rung Chuyển Hà Đô 5.txt
[159/379] download chapter_id=12784352 file=Chương 159 Vì Em Anh Nguyện Hóa Hồ Đồ Cơn Thịnh Nộ Rung Chuyển Hà Đô 6.txt
  OK decrypted=True written=Chương 159 Vì Em Anh Nguyện Hóa Hồ Đồ Cơn Thịnh Nộ Rung Chuyển Hà Đô 6.txt
[160/379] download chapter_id=12784353 file=Chương 160 Vì Em Anh Nguyện Hóa Hồ Đồ Cơn Thịnh Nộ Rung Chuyển Hà Đô 7.txt
  OK decrypted=True written=Chương 160 Vì Em Anh Nguyện Hóa Hồ Đồ Cơn Thịnh Nộ Rung Chuyển Hà Đô 7.txt
[161/379] download chapter_id=12784354 file=Chương 161 Vì Em Anh Nguyện Hóa Hồ Đồ Cơn Thịnh Nộ Rung Chuyển Hà Đô 8.txt
  OK decrypted=True written=Chương 161 Vì Em Anh Nguyện Hóa Hồ Đồ Cơn Thịnh Nộ Rung Chuyển Hà Đô 8.txt
[162/379] download chapter_id=12784355 file=Chương 162 Vãn Cục.txt
  OK decrypted=True written=Chương 162 Vãn Cục.txt
[163/379] download chapter_id=12784356 file=Chương 163 Mượn Đường Diệt Quắc.txt
  OK decrypted=True written=Chương 163 Mượn Đường Diệt Quắc.txt
[164/379] download chapter_id=12784357 file=Chương 164 Kế Hoạch Tấn Công.txt
  OK decrypted=True written=Chương 164 Kế Hoạch Tấn Công.txt
[165/379] download chapter_id=12784358 file=Chương 165 Lần Đầu Chính Thức Tới Nhà.txt
  OK decrypted=True written=Chương 165 Lần Đầu Chính Thức Tới Nhà.txt
[166/379] download chapter_id=12784361 file=Chương 166 Vụ Khủng Bố.txt
  OK decrypted=True written=Chương 166 Vụ Khủng Bố.txt
[167/379] download chapter_id=12784362 file=Chương 167 Triển Khai Điều Tra.txt
  OK decrypted=True written=Chương 167 Triển Khai Điều Tra.txt
[168/379] download chapter_id=12784363 file=Chương 168 Phán Đoán.txt
  OK decrypted=True written=Chương 168 Phán Đoán.txt
[169/379] download chapter_id=12784364 file=Chương 169 Phương Án Khắc Phục.txt
  OK decrypted=True written=Chương 169 Phương Án Khắc Phục.txt
[170/379] download chapter_id=12784365 file=Chương 170 Kế Sách Trốn Chạy.txt
  OK decrypted=True written=Chương 170 Kế Sách Trốn Chạy.txt
[171/379] download chapter_id=12784366 file=Chương 171 Truy Bắt 1.txt
  OK decrypted=True written=Chương 171 Truy Bắt 1.txt
[172/379] download chapter_id=12784367 file=Chương 172 Truy Bắt 2.txt
  OK decrypted=True written=Chương 172 Truy Bắt 2.txt
[173/379] download chapter_id=12784368 file=Chương 173 Truy Bắt 3.txt
  OK decrypted=True written=Chương 173 Truy Bắt 3.txt
[174/379] download chapter_id=12784369 file=Chương 174 Ý Tưởng Sản Xuất Điện Thoại Di Động.txt
  OK decrypted=True written=Chương 174 Ý Tưởng Sản Xuất Điện Thoại Di Động.txt
[175/379] download chapter_id=12784370 file=Chương 175 Sơ Nhập Kỷ Nguyên.txt
  OK decrypted=True written=Chương 175 Sơ Nhập Kỷ Nguyên.txt
[176/379] download chapter_id=12784371 file=Chương 176 Nhậm Chức.txt
  OK decrypted=True written=Chương 176 Nhậm Chức.txt
[177/379] download chapter_id=12784372 file=Chương 177 Công Ty Phần Mềm.txt
  OK decrypted=True written=Chương 177 Công Ty Phần Mềm.txt
[178/379] download chapter_id=12784373 file=Chương 178 Chính Sách Mới.txt
  OK decrypted=True written=Chương 178 Chính Sách Mới.txt
[179/379] download chapter_id=12784374 file=Chương 179 Hứa Hẹn Tiên Tri.txt
  OK decrypted=True written=Chương 179 Hứa Hẹn Tiên Tri.txt
[180/379] download chapter_id=12784375 file=Chương 180 Sự Kiện Ra Mắt Mv.txt
  OK decrypted=True written=Chương 180 Sự Kiện Ra Mắt Mv.txt
[181/379] download chapter_id=12784387 file=Chương 181 Hot Mv.txt
  OK decrypted=True written=Chương 181 Hot Mv.txt
[182/379] download chapter_id=12784388 file=Chương 182 Hiềm Khích 1.txt
  OK decrypted=True written=Chương 182 Hiềm Khích 1.txt
[183/379] download chapter_id=12784389 file=Chương 183 Hiềm Khích 2.txt
  OK decrypted=True written=Chương 183 Hiềm Khích 2.txt
[184/379] download chapter_id=12784390 file=Chương 184 Diệt Khẩu 1.txt
  OK decrypted=True written=Chương 184 Diệt Khẩu 1.txt
[185/379] download chapter_id=12784391 file=Chương 185 Diệt Khẩu 2.txt
  OK decrypted=True written=Chương 185 Diệt Khẩu 2.txt
[186/379] download chapter_id=12784392 file=Chương 186 Tính Toán Của Đôi Bên.txt
  OK decrypted=True written=Chương 186 Tính Toán Của Đôi Bên.txt
[187/379] download chapter_id=12784393 file=Chương 187 Intelligence Network Mạng Lưới Tình Báo.txt
  OK decrypted=True written=Chương 187 Intelligence Network Mạng Lưới Tình Báo.txt
[188/379] download chapter_id=12784394 file=Chương 188 Những Vụ Mất Tích.txt
  OK decrypted=True written=Chương 188 Những Vụ Mất Tích.txt
[189/379] download chapter_id=12784395 file=Chương 189 Hoang Mang.txt
  OK decrypted=True written=Chương 189 Hoang Mang.txt
[190/379] download chapter_id=12784396 file=Chương 190 Hoạch Định 1.txt
  OK decrypted=True written=Chương 190 Hoạch Định 1.txt
[191/379] download chapter_id=12784397 file=Chương 191 Hoạch Định 2.txt
  OK decrypted=True written=Chương 191 Hoạch Định 2.txt
[192/379] download chapter_id=12784398 file=Chương 192 Câu Chuyện Ban Mai.txt
  OK decrypted=True written=Chương 192 Câu Chuyện Ban Mai.txt
[193/379] download chapter_id=12784399 file=Chương 193 Bất An Của Người Làm Cha.txt
  OK decrypted=True written=Chương 193 Bất An Của Người Làm Cha.txt
[194/379] download chapter_id=12784400 file=Chương 194 Chuyện Ở Tiệc Cưới.txt
  OK decrypted=True written=Chương 194 Chuyện Ở Tiệc Cưới.txt
[195/379] download chapter_id=12784401 file=Chương 195 Trù Bị Apec 2006.txt
  OK decrypted=True written=Chương 195 Trù Bị Apec 2006.txt
[196/379] download chapter_id=12784417 file=Chương 196 Thương Mại Điện Tử.txt
  OK decrypted=True written=Chương 196 Thương Mại Điện Tử.txt
[197/379] download chapter_id=12784418 file=Chương 197 Hacker Nguyễn Quang Trung.txt
  OK decrypted=True written=Chương 197 Hacker Nguyễn Quang Trung.txt
[198/379] download chapter_id=12784419 file=Chương 198 Tống Tiền.txt
  OK decrypted=True written=Chương 198 Tống Tiền.txt
[199/379] download chapter_id=12784420 file=Chương 199 Bkav Điều Tra.txt
  OK decrypted=True written=Chương 199 Bkav Điều Tra.txt
[200/379] download chapter_id=12784421 file=Chương 200 Nhiệm Vụ Đặc Biệt.txt
  OK decrypted=True written=Chương 200 Nhiệm Vụ Đặc Biệt.txt
[201/379] download chapter_id=12784422 file=Chương 201 Kế Hoạch Phát Triển Thương Mại Điện Tử 1.txt
  OK decrypted=True written=Chương 201 Kế Hoạch Phát Triển Thương Mại Điện Tử 1.txt
[202/379] download chapter_id=12784423 file=Chương 202 Kế Hoạch Phát Triển Thương Mại Điện Tử 2.txt
  OK decrypted=True written=Chương 202 Kế Hoạch Phát Triển Thương Mại Điện Tử 2.txt
[203/379] download chapter_id=12784424 file=Chương 203 Kế Hoạch Phát Triển Thương Mại Điện Tử 2.txt
  OK decrypted=True written=Chương 203 Kế Hoạch Phát Triển Thương Mại Điện Tử 2.txt
[204/379] download chapter_id=12784425 file=Chương 204 Ruồi Trinh Sát.txt
  OK decrypted=True written=Chương 204 Ruồi Trinh Sát.txt
[205/379] download chapter_id=12784426 file=Chương 205 Khó Xử.txt
  OK decrypted=True written=Chương 205 Khó Xử.txt
[206/379] download chapter_id=12784427 file=Chương 206 Chuyện Ở Rạp Chiếu Phim.txt
  OK decrypted=True written=Chương 206 Chuyện Ở Rạp Chiếu Phim.txt
[207/379] download chapter_id=12784428 file=Chương 207 Thấu Suốt.txt
  OK decrypted=True written=Chương 207 Thấu Suốt.txt
[208/379] download chapter_id=12784429 file=Chương 208 Lòng Dạ.txt
  OK decrypted=True written=Chương 208 Lòng Dạ.txt
[209/379] download chapter_id=12784430 file=Chương 209 Tới Mỹ.txt
  OK decrypted=True written=Chương 209 Tới Mỹ.txt
[210/379] download chapter_id=12784431 file=Chương 210 Đàm Phán 1.txt
  OK decrypted=True written=Chương 210 Đàm Phán 1.txt
[211/379] download chapter_id=12784442 file=Chương 211 Đàm Phán 2.txt
  OK decrypted=True written=Chương 211 Đàm Phán 2.txt
[212/379] download chapter_id=12784443 file=Chương 212 Hiệp Đàm Thu Mua Facebook.txt
  OK decrypted=True written=Chương 212 Hiệp Đàm Thu Mua Facebook.txt
[213/379] download chapter_id=12784444 file=Chương 213 Chuyển Giao.txt
  OK decrypted=True written=Chương 213 Chuyển Giao.txt
[214/379] download chapter_id=12784445 file=Chương 214 Victor Huy Phan.txt
  OK decrypted=True written=Chương 214 Victor Huy Phan.txt
[215/379] download chapter_id=12784446 file=Chương 215 Oan Khuất Của Lý Đông.txt
  OK decrypted=True written=Chương 215 Oan Khuất Của Lý Đông.txt
[216/379] download chapter_id=12784447 file=Chương 216 Bắt Bí Và Phản Phệ.txt
  OK decrypted=True written=Chương 216 Bắt Bí Và Phản Phệ.txt
[217/379] download chapter_id=12784448 file=Chương 217 Thực Tại.txt
  OK decrypted=True written=Chương 217 Thực Tại.txt
[218/379] download chapter_id=12784449 file=Chương 218 Buổi Tiệc Khuya.txt
  OK decrypted=True written=Chương 218 Buổi Tiệc Khuya.txt
[219/379] download chapter_id=12784450 file=Chương 219 Quay Lén.txt
  OK decrypted=True written=Chương 219 Quay Lén.txt
[220/379] download chapter_id=12784451 file=Chương 220 Scandal.txt
  OK decrypted=True written=Chương 220 Scandal.txt
[221/379] download chapter_id=12784452 file=Chương 221 Lý Đông Tới 1.txt
  OK decrypted=True written=Chương 221 Lý Đông Tới 1.txt
[222/379] download chapter_id=12784453 file=Chương 222 Lý Đông Tới 2.txt
  OK decrypted=True written=Chương 222 Lý Đông Tới 2.txt
[223/379] download chapter_id=12784454 file=Chương 223 Lan Phương Và Lý Đông.txt
  OK decrypted=True written=Chương 223 Lan Phương Và Lý Đông.txt
[224/379] download chapter_id=12784455 file=Chương 224 Bại Lộ.txt
  OK decrypted=True written=Chương 224 Bại Lộ.txt
[225/379] download chapter_id=12784456 file=Chương 225 Sức Ép.txt
  OK decrypted=True written=Chương 225 Sức Ép.txt
[226/379] download chapter_id=12784457 file=Chương 226 Công Khai Nhận Tội.txt
  OK decrypted=True written=Chương 226 Công Khai Nhận Tội.txt
[227/379] download chapter_id=12784458 file=Chương 227 Mưu Cục.txt
  OK decrypted=True written=Chương 227 Mưu Cục.txt
[228/379] download chapter_id=12784459 file=Chương 228 Ý Tưởng Sản Xuất Nông Nghiệp Sạch.txt
  OK decrypted=True written=Chương 228 Ý Tưởng Sản Xuất Nông Nghiệp Sạch.txt
[229/379] download chapter_id=12784460 file=Chương 229 Vô Đề.txt
  OK decrypted=True written=Chương 229 Vô Đề.txt
[230/379] download chapter_id=12784461 file=Chương 230 Kỳ Nghỉ Ở Úc.txt
  OK decrypted=True written=Chương 230 Kỳ Nghỉ Ở Úc.txt
[231/379] download chapter_id=12784462 file=Chương 231 Đêm Cuối Ở Úc.txt
  OK decrypted=True written=Chương 231 Đêm Cuối Ở Úc.txt
[232/379] download chapter_id=12784463 file=Chương 232 Apec Tiếp Đón Tổng Thống Mỹ.txt
  OK decrypted=True written=Chương 232 Apec Tiếp Đón Tổng Thống Mỹ.txt
[233/379] download chapter_id=12784464 file=Chương 233 Sóng Ngầm Lại Nổi.txt
  OK decrypted=True written=Chương 233 Sóng Ngầm Lại Nổi.txt
[234/379] download chapter_id=12784465 file=Chương 234 Trao Đổi.txt
  OK decrypted=True written=Chương 234 Trao Đổi.txt
[235/379] download chapter_id=12784466 file=Chương 235 Boss Net.txt
  OK decrypted=True written=Chương 235 Boss Net.txt
[236/379] download chapter_id=12784467 file=Chương 236 Tiến Độ Các Dự Án.txt
  OK decrypted=True written=Chương 236 Tiến Độ Các Dự Án.txt
[237/379] download chapter_id=12784468 file=Chương 237 Chuyện Kỳ Lạ Của Ba Người.txt
  OK decrypted=True written=Chương 237 Chuyện Kỳ Lạ Của Ba Người.txt
[238/379] download chapter_id=12784469 file=Chương 238 Thỉnh Cầu Của Đình Hương.txt
  OK decrypted=True written=Chương 238 Thỉnh Cầu Của Đình Hương.txt
[239/379] download chapter_id=12784470 file=Chương 239 Chiếc Xe Mất Tích.txt
  OK decrypted=True written=Chương 239 Chiếc Xe Mất Tích.txt
[240/379] download chapter_id=12784471 file=Chương 240 Món Quà Đặc Sắc.txt
  OK decrypted=True written=Chương 240 Món Quà Đặc Sắc.txt
[241/379] download chapter_id=12784475 file=Chương 241 Đề Nghị Tới Từ Nước Mỹ.txt
  OK decrypted=True written=Chương 241 Đề Nghị Tới Từ Nước Mỹ.txt
[242/379] download chapter_id=12784476 file=Chương 242 Ra Mắt Sphone.txt
  OK decrypted=True written=Chương 242 Ra Mắt Sphone.txt
[243/379] download chapter_id=12784477 file=Chương 243 Kế Hoạch Phân Phối Sphone 1.txt
  OK decrypted=True written=Chương 243 Kế Hoạch Phân Phối Sphone 1.txt
[244/379] download chapter_id=12784478 file=Chương 244 Kế Hoạch Phân Phối Sphone 2.txt
  OK decrypted=True written=Chương 244 Kế Hoạch Phân Phối Sphone 2.txt
[245/379] download chapter_id=12784479 file=Chương 245 Thâu Tóm GM.txt
  OK decrypted=True written=Chương 245 Thâu Tóm GM.txt
[246/379] download chapter_id=12784480 file=Chương 246 Siêu Phẩm Kn777.txt
  OK decrypted=True written=Chương 246 Siêu Phẩm Kn777.txt
[247/379] download chapter_id=12784481 file=Chương 247 Khó Khăn Của Airbus.txt
  OK decrypted=True written=Chương 247 Khó Khăn Của Airbus.txt
[248/379] download chapter_id=12784482 file=Chương 248 Phương Án.txt
  OK decrypted=True written=Chương 248 Phương Án.txt
[249/379] download chapter_id=12784483 file=Chương 249 Niên Hội 1.txt
  OK decrypted=True written=Chương 249 Niên Hội 1.txt
[250/379] download chapter_id=12784484 file=Chương 250 Niên hội 2.txt
  OK decrypted=True written=Chương 250 Niên hội 2.txt
[251/379] download chapter_id=12784485 file=Chương 251 Phát Hiện Lớn Của Đình Hương.txt
  OK decrypted=True written=Chương 251 Phát Hiện Lớn Của Đình Hương.txt
[252/379] download chapter_id=12784486 file=Chương 252 Đình Hương Rắc Rối.txt
  OK decrypted=True written=Chương 252 Đình Hương Rắc Rối.txt
[253/379] download chapter_id=12784487 file=Chương 253 Chiến Lược Mở Ra Thị Trường Thương Mại Điện Tử.txt
  OK decrypted=True written=Chương 253 Chiến Lược Mở Ra Thị Trường Thương Mại Điện Tử.txt
[254/379] download chapter_id=12784488 file=Chương 254 Người Về Từ Nước Mỹ.txt
  OK decrypted=True written=Chương 254 Người Về Từ Nước Mỹ.txt
[255/379] download chapter_id=12784489 file=Chương 255 Khởi Động Dự Án Truyền Tải Điện Không Dây.txt
  OK decrypted=True written=Chương 255 Khởi Động Dự Án Truyền Tải Điện Không Dây.txt
[256/379] download chapter_id=12784500 file=Chương 256 Giới Thiệu Nhân Sự.txt
  OK decrypted=True written=Chương 256 Giới Thiệu Nhân Sự.txt
[257/379] download chapter_id=12784501 file=Chương 257 Cuộc Họp.txt
  OK decrypted=True written=Chương 257 Cuộc Họp.txt
[258/379] download chapter_id=12784502 file=Chương 258 Robot Cứu Nạn 1.txt
  OK decrypted=True written=Chương 258 Robot Cứu Nạn 1.txt
[259/379] download chapter_id=12784503 file=Chương 259 Robot Cứu Nạn 2.txt
  OK decrypted=True written=Chương 259 Robot Cứu Nạn 2.txt
[260/379] download chapter_id=12784504 file=Chương 260 Họp Báo.txt
  OK decrypted=True written=Chương 260 Họp Báo.txt
[261/379] download chapter_id=12784505 file=Chương 261 Mã Vân.txt
  OK decrypted=True written=Chương 261 Mã Vân.txt
[262/379] download chapter_id=12784506 file=Chương 262 Phù Dâu Và Phù Rể.txt
  OK decrypted=True written=Chương 262 Phù Dâu Và Phù Rể.txt
[263/379] download chapter_id=12784507 file=Chương 263 Yêu Người Bằng Cả Chân Tâm.txt
  OK decrypted=True written=Chương 263 Yêu Người Bằng Cả Chân Tâm.txt
[264/379] download chapter_id=12784508 file=Chương 264 Mua Sắm Lễ Phục.txt
  OK decrypted=True written=Chương 264 Mua Sắm Lễ Phục.txt
[265/379] download chapter_id=12784509 file=Chương 265 Tình Viên Ý Mãn 1.txt
  OK decrypted=True written=Chương 265 Tình Viên Ý Mãn 1.txt
[266/379] download chapter_id=12784510 file=Chương 266 Tình Viên Ý Mãn 2.txt
  OK decrypted=True written=Chương 266 Tình Viên Ý Mãn 2.txt
[267/379] download chapter_id=12784511 file=Chương 267 Tình Viên Ý Mãn 3.txt
  OK decrypted=True written=Chương 267 Tình Viên Ý Mãn 3.txt
[268/379] download chapter_id=12784512 file=Chương 268 Tình Viên Ý Mãn 4.txt
  OK decrypted=True written=Chương 268 Tình Viên Ý Mãn 4.txt
[269/379] download chapter_id=12784513 file=Chương 269 Kinh Động Năm Châu Vang Danh Nước Việt.txt
  OK decrypted=True written=Chương 269 Kinh Động Năm Châu Vang Danh Nước Việt.txt
[270/379] download chapter_id=12784514 file=Chương 270 Phim Trường.txt
  OK decrypted=True written=Chương 270 Phim Trường.txt
[271/379] download chapter_id=12784515 file=Chương 271 Tổ Chức Thần Bí.txt
  OK decrypted=True written=Chương 271 Tổ Chức Thần Bí.txt
[272/379] download chapter_id=12784516 file=Chương 272 Xe Tự Lái.txt
  OK decrypted=True written=Chương 272 Xe Tự Lái.txt
[273/379] download chapter_id=12784517 file=Chương 273 Đô Thị Thông Minh Smart House.txt
  OK decrypted=True written=Chương 273 Đô Thị Thông Minh Smart House.txt
[274/379] download chapter_id=12784518 file=Chương 274 Đại Kế Hoạch Nâng Tầm Nền Kinh Tế.txt
  OK decrypted=True written=Chương 274 Đại Kế Hoạch Nâng Tầm Nền Kinh Tế.txt
[275/379] download chapter_id=12784519 file=Chương 275 Dự Định Của Trương Ngọc.txt
  OK decrypted=True written=Chương 275 Dự Định Của Trương Ngọc.txt
[276/379] download chapter_id=12784520 file=Chương 276 Lăn Tăn Gió Chướng.txt
  OK decrypted=True written=Chương 276 Lăn Tăn Gió Chướng.txt
[277/379] download chapter_id=12784521 file=Chương 277 Kỷ Nguyên Got Challenger.txt
  OK decrypted=True written=Chương 277 Kỷ Nguyên Got Challenger.txt
[278/379] download chapter_id=12784522 file=Chương 278 “Quách Gia”.txt
  OK decrypted=True written=Chương 278 “Quách Gia”.txt
[279/379] download chapter_id=12784523 file=Chương 279 Lộ.txt
  OK decrypted=True written=Chương 279 Lộ.txt
[280/379] download chapter_id=12784524 file=Chương 280 Vấn Tội.txt
  OK decrypted=True written=Chương 280 Vấn Tội.txt
[281/379] download chapter_id=12784525 file=Chương 281 Bắt Cóc.txt
  OK decrypted=True written=Chương 281 Bắt Cóc.txt
[282/379] download chapter_id=12784526 file=Chương 282 Bắt Cóc 2.txt
  OK decrypted=True written=Chương 282 Bắt Cóc 2.txt
[283/379] download chapter_id=12784527 file=Chương 283 Toàn Diện Tiếp Cận.txt
  OK decrypted=True written=Chương 283 Toàn Diện Tiếp Cận.txt
[284/379] download chapter_id=12784528 file=Chương 284 Chuyên Cơ Riêng.txt
  OK decrypted=True written=Chương 284 Chuyên Cơ Riêng.txt
[285/379] download chapter_id=12784529 file=Chương 285 Vấn Đề Lãnh Thổ 1.txt
  OK decrypted=True written=Chương 285 Vấn Đề Lãnh Thổ 1.txt
[286/379] download chapter_id=12784530 file=Chương 286 Vấn Đề Lãnh Thổ 2.txt
  OK decrypted=True written=Chương 286 Vấn Đề Lãnh Thổ 2.txt
[287/379] download chapter_id=12784531 file=Chương 287 Lần Đầu Bá Khí.txt
  OK decrypted=True written=Chương 287 Lần Đầu Bá Khí.txt
[288/379] download chapter_id=12784532 file=Chương 288 Nghi Ngờ.txt
  OK decrypted=True written=Chương 288 Nghi Ngờ.txt
[289/379] download chapter_id=12784533 file=Chương 289 Thoáng Gặp.txt
  OK decrypted=True written=Chương 289 Thoáng Gặp.txt
[290/379] download chapter_id=12784534 file=Chương 290 Thuyết Phục.txt
  OK decrypted=True written=Chương 290 Thuyết Phục.txt
[291/379] download chapter_id=12784535 file=Chương 291 Thúc Đẩy.txt
  OK decrypted=True written=Chương 291 Thúc Đẩy.txt
[292/379] download chapter_id=12784536 file=Chương 292 Chateau Haut Rượu Trang Tạm Dịch Hồng Nhan Dung Rượu Trang.txt
  OK decrypted=True written=Chương 292 Chateau Haut Rượu Trang Tạm Dịch Hồng Nhan Dung Rượu Trang.txt
[293/379] download chapter_id=12784537 file=Chương 293 Gia Tộc Bí Ẩn.txt
  OK decrypted=True written=Chương 293 Gia Tộc Bí Ẩn.txt
[294/379] download chapter_id=12784538 file=Chương 294 Bức Chó Nhảy Tường Dẫn Xà Xuất Động.txt
  OK decrypted=True written=Chương 294 Bức Chó Nhảy Tường Dẫn Xà Xuất Động.txt
[295/379] download chapter_id=12784539 file=Chương 295 Sang Pháp.txt
  OK decrypted=True written=Chương 295 Sang Pháp.txt
[296/379] download chapter_id=12784540 file=Chương 296 Hành Trình.txt
  OK decrypted=True written=Chương 296 Hành Trình.txt
[297/379] download chapter_id=12784541 file=Chương 297 Đối Sách Của 2 Vị Ceo.txt
  OK decrypted=True written=Chương 297 Đối Sách Của 2 Vị Ceo.txt
[298/379] download chapter_id=12784542 file=Chương 298 Bàn Bạc Bên Căn Nhà Gỗ.txt
  OK decrypted=True written=Chương 298 Bàn Bạc Bên Căn Nhà Gỗ.txt
[299/379] download chapter_id=12784543 file=Chương 299 Lại Hiến Kế.txt
  OK decrypted=True written=Chương 299 Lại Hiến Kế.txt
[300/379] download chapter_id=12784544 file=Chương 300 Kỵ Sĩ Đen.txt
  OK decrypted=True written=Chương 300 Kỵ Sĩ Đen.txt
[301/379] download chapter_id=12784545 file=Chương 301 Tập Hợp.txt
  OK decrypted=True written=Chương 301 Tập Hợp.txt
[302/379] download chapter_id=12784546 file=Chương 302 Thủ Lĩnh Schweinsteiger.txt
  OK decrypted=True written=Chương 302 Thủ Lĩnh Schweinsteiger.txt
[303/379] download chapter_id=12784547 file=Chương 303 Nguy Cơ Trùng Trùng.txt
  OK decrypted=True written=Chương 303 Nguy Cơ Trùng Trùng.txt
[304/379] download chapter_id=12784548 file=Chương 304 Nghi Ngờ.txt
  OK decrypted=True written=Chương 304 Nghi Ngờ.txt
[305/379] download chapter_id=12784549 file=Chương 305 Bí Mật Bị Tiết Lộ.txt
  OK decrypted=True written=Chương 305 Bí Mật Bị Tiết Lộ.txt
[306/379] download chapter_id=12784550 file=Chương 306 Phát Hiện.txt
  OK decrypted=True written=Chương 306 Phát Hiện.txt
[307/379] download chapter_id=12784551 file=Chương 307 Somalo Sức Mạnh Sơ Hiện.txt
  OK decrypted=True written=Chương 307 Somalo Sức Mạnh Sơ Hiện.txt
[308/379] download chapter_id=12784552 file=Chương 308 Giải Mã Bắt Đầu.txt
  OK decrypted=True written=Chương 308 Giải Mã Bắt Đầu.txt
[309/379] download chapter_id=12784553 file=Chương 309 Thế Lực Mới.txt
  OK decrypted=True written=Chương 309 Thế Lực Mới.txt
[310/379] download chapter_id=12784554 file=Chương 310 Đòn Phản Kích.txt
  OK decrypted=True written=Chương 310 Đòn Phản Kích.txt
[311/379] download chapter_id=12784555 file=Chương 311 Trừng Phạt Và Sắp Đặt.txt
  OK decrypted=True written=Chương 311 Trừng Phạt Và Sắp Đặt.txt
[312/379] download chapter_id=12784556 file=Chương 312 Áp Lực Lâm Đầu.txt
  OK decrypted=True written=Chương 312 Áp Lực Lâm Đầu.txt
[313/379] download chapter_id=12784557 file=Chương 313 Trả Giá.txt
  OK decrypted=True written=Chương 313 Trả Giá.txt
[314/379] download chapter_id=12784558 file=Chương 314 Hoang Mang Và Đối Sách.txt
  OK decrypted=True written=Chương 314 Hoang Mang Và Đối Sách.txt
[315/379] download chapter_id=12784559 file=Chương 315 Báo Đáp Của Hồng Nhan 1.txt
  OK decrypted=True written=Chương 315 Báo Đáp Của Hồng Nhan 1.txt
[316/379] download chapter_id=12784579 file=Chương 316 Báo Đáp Của Hồng Nhan 2.txt
  OK decrypted=True written=Chương 316 Báo Đáp Của Hồng Nhan 2.txt
[317/379] download chapter_id=12784580 file=Chương 317 Báo Đáp Của Hồng Nhan 3.txt
  OK decrypted=True written=Chương 317 Báo Đáp Của Hồng Nhan 3.txt
[318/379] download chapter_id=12784581 file=Chương 318 Báo Đáp Của Hồng Nhan 4.txt
  OK decrypted=True written=Chương 318 Báo Đáp Của Hồng Nhan 4.txt
[319/379] download chapter_id=12784582 file=Chương 319 Điều Động Cứu Cấp.txt
  OK decrypted=True written=Chương 319 Điều Động Cứu Cấp.txt
[320/379] download chapter_id=12784583 file=Chương 320 Rò Rỉ.txt
  OK decrypted=True written=Chương 320 Rò Rỉ.txt
[321/379] download chapter_id=12784584 file=Chương 321 Nhân Bản Lượng Tử.txt
  OK decrypted=True written=Chương 321 Nhân Bản Lượng Tử.txt
[322/379] download chapter_id=12784585 file=Chương 322 Rắc Rối Của Wepro.txt
  OK decrypted=True written=Chương 322 Rắc Rối Của Wepro.txt
[323/379] download chapter_id=12784586 file=Chương 323 Đầu Mối.txt
  OK decrypted=True written=Chương 323 Đầu Mối.txt
[324/379] download chapter_id=12784587 file=Chương 324 Mượn Dao Đồ Tể.txt
  OK decrypted=True written=Chương 324 Mượn Dao Đồ Tể.txt
[325/379] download chapter_id=12784588 file=Chương 325 Nội Chiến.txt
  OK decrypted=True written=Chương 325 Nội Chiến.txt
[326/379] download chapter_id=12784589 file=Chương 326 Sức Ép Từ Bắc Phương.txt
  OK decrypted=True written=Chương 326 Sức Ép Từ Bắc Phương.txt
[327/379] download chapter_id=12784590 file=Chương 327 Đại Mưu Cục.txt
  OK decrypted=True written=Chương 327 Đại Mưu Cục.txt
[328/379] download chapter_id=12784591 file=Chương 328 Khê Lạc Độ.txt
  OK decrypted=True written=Chương 328 Khê Lạc Độ.txt
[329/379] download chapter_id=12784592 file=Chương 329 Trung Nam Hải Áp Lực Lâm Đầu.txt
  OK decrypted=True written=Chương 329 Trung Nam Hải Áp Lực Lâm Đầu.txt
[330/379] download chapter_id=12784593 file=Chương 330 Chiến Đàm.txt
  OK decrypted=True written=Chương 330 Chiến Đàm.txt
[331/379] download chapter_id=12784594 file=Chương 331 Thỏa Hiệp.txt
  OK decrypted=True written=Chương 331 Thỏa Hiệp.txt
[332/379] download chapter_id=12784595 file=Chương 332 Thẩm Tội.txt
  OK decrypted=True written=Chương 332 Thẩm Tội.txt
[333/379] download chapter_id=12784596 file=Chương 333 Giấc Mộng Hóa Rồng.txt
  OK decrypted=True written=Chương 333 Giấc Mộng Hóa Rồng.txt
[334/379] download chapter_id=12784597 file=Chương 334 Sphone Phiên Bản Lỗi Cái Chết Của Nokia Apple.txt
  OK decrypted=True written=Chương 334 Sphone Phiên Bản Lỗi Cái Chết Của Nokia Apple.txt
[335/379] download chapter_id=12784598 file=Chương 335 Lộ Diện.txt
  OK decrypted=True written=Chương 335 Lộ Diện.txt
[336/379] download chapter_id=12784599 file=Chương 336 Dầu Đá Phiến Con Dao Sát Nhân.txt
  OK decrypted=True written=Chương 336 Dầu Đá Phiến Con Dao Sát Nhân.txt
[337/379] download chapter_id=12784600 file=Chương 337 Báo Oán.txt
  OK decrypted=True written=Chương 337 Báo Oán.txt
[338/379] download chapter_id=12784601 file=Chương 338 Bên Bờ Biển.txt
  OK decrypted=True written=Chương 338 Bên Bờ Biển.txt
[339/379] download chapter_id=12784602 file=Chương 339 Lần Đầu Chính Thức Gặp Lại.txt
  OK decrypted=True written=Chương 339 Lần Đầu Chính Thức Gặp Lại.txt
[340/379] download chapter_id=12784603 file=Chương 340 Tiếp Cận.txt
  OK decrypted=True written=Chương 340 Tiếp Cận.txt
[341/379] download chapter_id=12784604 file=Chương 341 Cổ Phiếu Sập Giá.txt
  OK decrypted=True written=Chương 341 Cổ Phiếu Sập Giá.txt
[342/379] download chapter_id=12784605 file=Chương 342 Hoang Mang.txt
  OK decrypted=True written=Chương 342 Hoang Mang.txt
[343/379] download chapter_id=12784606 file=Chương 343 Thao Túng.txt
  OK decrypted=True written=Chương 343 Thao Túng.txt
[344/379] download chapter_id=12784607 file=Chương 344 Đối Thủ Lộ Mặt.txt
  OK decrypted=True written=Chương 344 Đối Thủ Lộ Mặt.txt
[345/379] download chapter_id=12784608 file=Chương 345 Nhận Diện.txt
  OK decrypted=True written=Chương 345 Nhận Diện.txt
[346/379] download chapter_id=12784609 file=Chương 346 Triệu Hồi Sát Thủ.txt
  OK decrypted=True written=Chương 346 Triệu Hồi Sát Thủ.txt
[347/379] download chapter_id=12784610 file=Chương 347 Cực Hạn Của Văn Minh.txt
  OK decrypted=True written=Chương 347 Cực Hạn Của Văn Minh.txt
[348/379] download chapter_id=12784611 file=Chương 348 Ám Sát.txt
  OK decrypted=True written=Chương 348 Ám Sát.txt
[349/379] download chapter_id=12784612 file=Chương 349 Giải Cứu.txt
  OK decrypted=True written=Chương 349 Giải Cứu.txt
[350/379] download chapter_id=12784613 file=Chương 350 Lồng Năng Lượng.txt
  OK decrypted=True written=Chương 350 Lồng Năng Lượng.txt
[351/379] download chapter_id=12784614 file=Chương 351 Công Địch.txt
  OK decrypted=True written=Chương 351 Công Địch.txt
[352/379] download chapter_id=12784615 file=Chương 352 Gậy Ông Đập Lưng Ông.txt
  OK decrypted=True written=Chương 352 Gậy Ông Đập Lưng Ông.txt
[353/379] download chapter_id=12784616 file=Chương 353 Thương Mại Hóa.txt
  OK decrypted=True written=Chương 353 Thương Mại Hóa.txt
[354/379] download chapter_id=12784617 file=Chương 354 Thâu Tóm.txt
  OK decrypted=True written=Chương 354 Thâu Tóm.txt
[355/379] download chapter_id=12784618 file=Chương 355 Nguy Cơ Lại Tới.txt
  OK decrypted=True written=Chương 355 Nguy Cơ Lại Tới.txt
[356/379] download chapter_id=12784619 file=Chương 356 Giao Kèo.txt
  OK decrypted=True written=Chương 356 Giao Kèo.txt
[357/379] download chapter_id=12784620 file=Chương 357 Bảy Bậc Thang Văn Minh.txt
  OK decrypted=True written=Chương 357 Bảy Bậc Thang Văn Minh.txt
[358/379] download chapter_id=12784621 file=Chương 358 Bí Ẩn Của Mặt Trăng.txt
  OK decrypted=True written=Chương 358 Bí Ẩn Của Mặt Trăng.txt
[359/379] download chapter_id=12784622 file=Chương 359 Nhã Phương Tới.txt
  OK decrypted=True written=Chương 359 Nhã Phương Tới.txt
[360/379] download chapter_id=12784623 file=Chương 360 Truy Vấn.txt
  OK decrypted=True written=Chương 360 Truy Vấn.txt
[361/379] download chapter_id=12784636 file=Chương 361 Trò Chuyện.txt
  OK decrypted=True written=Chương 361 Trò Chuyện.txt
[362/379] download chapter_id=12784637 file=Chương 362 Đại Lễ 1000 Năm Thăng Long.txt
  OK decrypted=True written=Chương 362 Đại Lễ 1000 Năm Thăng Long.txt
[363/379] download chapter_id=12784638 file=Chương 363 Thân Cận.txt
  OK decrypted=True written=Chương 363 Thân Cận.txt
[364/379] download chapter_id=12784639 file=Chương 364 Thân Phận.txt
  OK decrypted=True written=Chương 364 Thân Phận.txt
[365/379] download chapter_id=12784640 file=Chương 365 Máy In 3D.txt
  OK decrypted=True written=Chương 365 Máy In 3D.txt
[366/379] download chapter_id=12784641 file=Chương 366 Tới Nhà.txt
  OK decrypted=True written=Chương 366 Tới Nhà.txt
[367/379] download chapter_id=12784642 file=Chương 367 Công Nghệ Cho Nguồn Nước Ngọt Bền Vững.txt
  OK decrypted=True written=Chương 367 Công Nghệ Cho Nguồn Nước Ngọt Bền Vững.txt
[368/379] download chapter_id=12784643 file=Chương 368 Đấu Trí.txt
  OK decrypted=True written=Chương 368 Đấu Trí.txt
[369/379] download chapter_id=12784644 file=Chương 369 Cuộc Bắt Giữ Bất Thành.txt
  OK decrypted=True written=Chương 369 Cuộc Bắt Giữ Bất Thành.txt
[370/379] download chapter_id=12784645 file=Chương 370 Mảnh Vỡ Viên Pha Lê.txt
  OK decrypted=True written=Chương 370 Mảnh Vỡ Viên Pha Lê.txt
[371/379] download chapter_id=12784646 file=Chương 371 Đại Lễ.txt
  OK decrypted=True written=Chương 371 Đại Lễ.txt
[372/379] download chapter_id=12784647 file=Chương 372 Manh Mối Mảnh Vỡ Thất Lạc.txt
  OK decrypted=True written=Chương 372 Manh Mối Mảnh Vỡ Thất Lạc.txt
[373/379] download chapter_id=12784648 file=Chương 373 Mệnh Lệnh Gián Điệp.txt
  OK decrypted=True written=Chương 373 Mệnh Lệnh Gián Điệp.txt
[374/379] download chapter_id=12784649 file=Chương 374 Suy Tính.txt
  OK decrypted=True written=Chương 374 Suy Tính.txt
[375/379] download chapter_id=12784650 file=Chương 375 Bắt Giữ.txt
  OK decrypted=True written=Chương 375 Bắt Giữ.txt
[376/379] download chapter_id=12784847 file=Chương 376 Hợp tác.txt
  OK decrypted=True written=Chương 376 Hợp tác.txt
[377/379] download chapter_id=12784848 file=Chương 377 Bắt đầu phản kích.txt
  OK decrypted=True written=Chương 377 Bắt đầu phản kích.txt
[378/379] download chapter_id=12784849 file=Chương 378 Lá bài “Mặt trăng”.txt
  OK decrypted=True written=Chương 378 Lá bài “Mặt trăng”.txt
[379/379] download chapter_id=12784851 file=Chương 379 Đại Kết cục.txt
  OK decrypted=True written=Chương 379 Đại Kết cục.txt
final_ok=379
final_fail=0
out=C:\Dev\MTC\Đế Chế Kinh Tế Mới Tại Nước Việt

[stderr]
