book=Hạnh Phúc Đơn Độc
book_id=109958
out=C:\Dev\MTC\Hạnh Phúc Đơn Độc
chapters_total=59 expected=59
[1/59] download chapter_id=14208059 file=Chương 1 Untitled.txt
  OK decrypted=True written=Chương 1 Untitled.txt
[2/59] download chapter_id=14208085 file=Chương 2 Untitled.txt
  OK decrypted=True written=Chương 2 Untitled.txt
[3/59] download chapter_id=14208150 file=Chương 3 Untitled.txt
  OK decrypted=True written=Chương 3 Untitled.txt
[4/59] download chapter_id=14208182 file=Chương 4 Untitled.txt
  OK decrypted=True written=Chương 4 Untitled.txt
[5/59] download chapter_id=14208995 file=Chương 5 Untitled.txt
  OK decrypted=True written=Chương 5 Untitled.txt
[6/59] download chapter_id=14209039 file=Chương 6 Untitled.txt
  OK decrypted=True written=Chương 6 Untitled.txt
[7/59] download chapter_id=14209047 file=Chương 7 Untitled.txt
  OK decrypted=True written=Chương 7 Untitled.txt
[8/59] download chapter_id=14209226 file=Chương 8 Untitled.txt
  OK decrypted=True written=Chương 8 Untitled.txt
[9/59] download chapter_id=14209240 file=Chương 9 Untitled.txt
  OK decrypted=True written=Chương 9 Untitled.txt
[10/59] download chapter_id=14209250 file=Chương 10 Untitled.txt
  OK decrypted=True written=Chương 10 Untitled.txt
[11/59] download chapter_id=14212157 file=Chương 11 Untitled.txt
  OK decrypted=True written=Chương 11 Untitled.txt
[12/59] download chapter_id=14212321 file=Chương 12 Untitled.txt
  OK decrypted=True written=Chương 12 Untitled.txt
[13/59] download chapter_id=14212346 file=Chương 13 Untitled.txt
  OK decrypted=True written=Chương 13 Untitled.txt
[14/59] download chapter_id=14212381 file=Chương 14 Untitled.txt
  OK decrypted=True written=Chương 14 Untitled.txt
[15/59] download chapter_id=14212522 file=Chương 15 Untitled.txt
  OK decrypted=True written=Chương 15 Untitled.txt
[16/59] download chapter_id=14214281 file=Chương 16 Untitled.txt
  OK decrypted=True written=Chương 16 Untitled.txt
[17/59] download chapter_id=14214410 file=Chương 17 Untitled.txt
  OK decrypted=True written=Chương 17 Untitled.txt
[18/59] download chapter_id=14214495 file=Chương 18 Untitled.txt
  OK decrypted=True written=Chương 18 Untitled.txt
[19/59] download chapter_id=14218173 file=Chương 19 Untitled.txt
  OK decrypted=True written=Chương 19 Untitled.txt
[20/59] download chapter_id=14218332 file=Chương 20 Untitled.txt
  OK decrypted=True written=Chương 20 Untitled.txt
[21/59] download chapter_id=14218389 file=Chương 21 Khái quát gia tộc họ Ijuin.txt
  OK decrypted=True written=Chương 21 Khái quát gia tộc họ Ijuin.txt
[22/59] download chapter_id=14219993 file=Chương 22 Untitled.txt
  OK decrypted=True written=Chương 22 Untitled.txt
[23/59] download chapter_id=14224107 file=Chương 23 Untitled.txt
  OK decrypted=True written=Chương 23 Untitled.txt
[24/59] download chapter_id=14224292 file=Chương 24 Untitled.txt
  OK decrypted=True written=Chương 24 Untitled.txt
[25/59] download chapter_id=14227636 file=Chương 25 Untitled.txt
  OK decrypted=True written=Chương 25 Untitled.txt
[26/59] download chapter_id=14227751 file=Chương 26 Untitled.txt
  OK decrypted=True written=Chương 26 Untitled.txt
[27/59] download chapter_id=14231362 file=Chương 27 Untitled.txt
  OK decrypted=True written=Chương 27 Untitled.txt
[28/59] download chapter_id=14231443 file=Chương 28 Untitled.txt
  OK decrypted=True written=Chương 28 Untitled.txt
[29/59] download chapter_id=14231504 file=Chương 29 Hậu duệ gia tộc Ijuin đời thứ 6.txt
  OK decrypted=True written=Chương 29 Hậu duệ gia tộc Ijuin đời thứ 6.txt
[30/59] download chapter_id=14234375 file=Chương 30 Untitled.txt
  OK decrypted=True written=Chương 30 Untitled.txt
[31/59] download chapter_id=14234478 file=Chương 31 Untitled.txt
  OK decrypted=True written=Chương 31 Untitled.txt
[32/59] download chapter_id=14235731 file=Chương 32 Untitled.txt
  OK decrypted=True written=Chương 32 Untitled.txt
[33/59] download chapter_id=14243413 file=Chương 33 Untitled.txt
  OK decrypted=True written=Chương 33 Untitled.txt
[34/59] download chapter_id=14246746 file=Chương 34 Untitled.txt
  OK decrypted=True written=Chương 34 Untitled.txt
[35/59] download chapter_id=14250262 file=Chương 35 Untitled.txt
  OK decrypted=True written=Chương 35 Untitled.txt
[36/59] download chapter_id=14253709 file=Chương 36 Khái quát về trường liên cấp St. Lucifer.txt
  OK decrypted=True written=Chương 36 Khái quát về trường liên cấp St. Lucifer.txt
[37/59] download chapter_id=14254125 file=Chương 37 Untitled.txt
  OK decrypted=True written=Chương 37 Untitled.txt
[38/59] download chapter_id=14260405 file=Chương 38 Untitled.txt
  OK decrypted=True written=Chương 38 Untitled.txt
[39/59] download chapter_id=14263478 file=Chương 39 Untitled.txt
  OK decrypted=True written=Chương 39 Untitled.txt
[40/59] download chapter_id=14274348 file=Chương 40 Untitled.txt
  OK decrypted=True written=Chương 40 Untitled.txt
[41/59] download chapter_id=14280269 file=Chương 41 Một số điều bạn chưa biết.txt
  OK decrypted=True written=Chương 41 Một số điều bạn chưa biết.txt
[42/59] download chapter_id=14368100 file=Chương 42 Untitled.txt
  OK decrypted=True written=Chương 42 Untitled.txt
[43/59] download chapter_id=14370585 file=Chương 43 Untitled.txt
  OK decrypted=True written=Chương 43 Untitled.txt
[44/59] download chapter_id=14373092 file=Chương 44 Untitled.txt
  OK decrypted=True written=Chương 44 Untitled.txt
[45/59] download chapter_id=14375894 file=Chương 45 Untitled.txt
  OK decrypted=True written=Chương 45 Untitled.txt
[46/59] download chapter_id=14385265 file=Chương 46 Untitled.txt
  OK decrypted=True written=Chương 46 Untitled.txt
[47/59] download chapter_id=14393465 file=Chương 47 Untitled.txt
  OK decrypted=True written=Chương 47 Untitled.txt
[48/59] download chapter_id=14424038 file=Chương 48 Untitled.txt
  OK decrypted=True written=Chương 48 Untitled.txt
[49/59] download chapter_id=14424256 file=Chương 49 Thông tin các lãnh đạo của trường.txt
  OK decrypted=True written=Chương 49 Thông tin các lãnh đạo của trường.txt
[50/59] download chapter_id=14426097 file=Chương 50 Untitled.txt
  OK decrypted=True written=Chương 50 Untitled.txt
[51/59] download chapter_id=14429786 file=Chương 51 Untitled.txt
  OK decrypted=True written=Chương 51 Untitled.txt
[52/59] download chapter_id=14433531 file=Chương 52 Untitled.txt
  OK decrypted=True written=Chương 52 Untitled.txt
[53/59] download chapter_id=14435390 file=Chương 53 Untitled.txt
  OK decrypted=True written=Chương 53 Untitled.txt
[54/59] download chapter_id=14437092 file=Chương 54 Untitled.txt
  OK decrypted=True written=Chương 54 Untitled.txt
[55/59] download chapter_id=14442421 file=Chương 55 Untitled.txt
  OK decrypted=True written=Chương 55 Untitled.txt
[56/59] download chapter_id=14444824 file=Chương 56 Phiên ngoại 1 Ijuin Akali Otori Daisuke.txt
  OK decrypted=True written=Chương 56 Phiên ngoại 1 Ijuin Akali Otori Daisuke.txt
[57/59] download chapter_id=14450918 file=Chương 57 Phiên ngoại 2 Soma Tony Luna Clamonves.txt
  OK decrypted=True written=Chương 57 Phiên ngoại 2 Soma Tony Luna Clamonves.txt
[58/59] download chapter_id=14464485 file=Chương 58 Phiên ngoại 3 Matsuda Rui Kagano Shiori.txt
  OK decrypted=True written=Chương 58 Phiên ngoại 3 Matsuda Rui Kagano Shiori.txt
[59/59] download chapter_id=14468829 file=Chương 59 Phiên ngoại 4 Kaido Juuzen Albert Jung.txt
  OK decrypted=True written=Chương 59 Phiên ngoại 4 Kaido Juuzen Albert Jung.txt
final_ok=59
final_fail=0
out=C:\Dev\MTC\Hạnh Phúc Đơn Độc

[stderr]
