book=Thất Nguyệt Tu Chân Giới
book_id=107498
out=C:\Dev\MTC\Thất Nguyệt Tu Chân Giới
chapters_total=328 expected=328
[1/328] download chapter_id=13625518 file=Chương 1 Thế Giới Mới.txt
  OK decrypted=True written=Chương 1 Thế Giới Mới.txt
[2/328] download chapter_id=13627915 file=Chương 2 Thiên Kiếp Vạn Tượng Tử Long Lôi Kiếp.txt
  OK decrypted=True written=Chương 2 Thiên Kiếp Vạn Tượng Tử Long Lôi Kiếp.txt
[3/328] download chapter_id=13628915 file=Chương 3 Bắc Tiểu Lục.txt
  OK decrypted=True written=Chương 3 Bắc Tiểu Lục.txt
[4/328] download chapter_id=13636678 file=Chương 4 Tam Đại Ẩn Tộc.txt
  OK decrypted=True written=Chương 4 Tam Đại Ẩn Tộc.txt
[5/328] download chapter_id=13641923 file=Chương 5 Thất Nguyệt đại lục.txt
  OK decrypted=True written=Chương 5 Thất Nguyệt đại lục.txt
[6/328] download chapter_id=13642711 file=Chương 6 Nhẫn Ngũ Hành Diệt Lôi Kiếm.txt
  OK decrypted=True written=Chương 6 Nhẫn Ngũ Hành Diệt Lôi Kiếm.txt
[7/328] download chapter_id=13646323 file=Chương 7 Đan Các Phần giới thiệu.txt
  OK decrypted=True written=Chương 7 Đan Các Phần giới thiệu.txt
[8/328] download chapter_id=13647785 file=Chương 8 Tiểu ma nữ Bắc Thiên Tuyết.txt
  OK decrypted=True written=Chương 8 Tiểu ma nữ Bắc Thiên Tuyết.txt
[9/328] download chapter_id=13648610 file=Chương 9 Thất Tinh Sơn Phần giới thiệu.txt
  OK decrypted=True written=Chương 9 Thất Tinh Sơn Phần giới thiệu.txt
[10/328] download chapter_id=13651387 file=Chương 10 Thánh Bia Tứ Bảng Phần giới thiệu.txt
  OK decrypted=True written=Chương 10 Thánh Bia Tứ Bảng Phần giới thiệu.txt
[11/328] download chapter_id=13657192 file=Chương 11 Nửa Bước Tiên Bảo Phần giới thiệu.txt
  OK decrypted=True written=Chương 11 Nửa Bước Tiên Bảo Phần giới thiệu.txt
[12/328] download chapter_id=13658702 file=Chương 12 Ngũ Hành thế giới.txt
  OK decrypted=True written=Chương 12 Ngũ Hành thế giới.txt
[13/328] download chapter_id=13659795 file=Chương 13 Phụ Tử Nói Chuyện.txt
  OK decrypted=True written=Chương 13 Phụ Tử Nói Chuyện.txt
[14/328] download chapter_id=13660948 file=Chương 14 Ba bước nghịch cảnh Nghịch Đế.txt
  OK decrypted=True written=Chương 14 Ba bước nghịch cảnh Nghịch Đế.txt
[15/328] download chapter_id=13661667 file=Chương 15 Quyền Pháp Tiểu Thành.txt
  OK decrypted=True written=Chương 15 Quyền Pháp Tiểu Thành.txt
[16/328] download chapter_id=13670825 file=Chương 16 Đến Nam An Châu.txt
  OK decrypted=True written=Chương 16 Đến Nam An Châu.txt
[17/328] download chapter_id=13670826 file=Chương 17 Địa Vực Thần Phong Cốc 1.txt
  OK decrypted=True written=Chương 17 Địa Vực Thần Phong Cốc 1.txt
[18/328] download chapter_id=13769539 file=Chương 18 Địa Vực Thần Phong Cốc 2.txt
  OK decrypted=True written=Chương 18 Địa Vực Thần Phong Cốc 2.txt
[19/328] download chapter_id=13670828 file=Chương 19 Địa Vực Thần Phong Cốc 3.txt
  OK decrypted=True written=Chương 19 Địa Vực Thần Phong Cốc 3.txt
[20/328] download chapter_id=13690946 file=Chương 20 Nam Nữ Thụ Thụ Bất Thân.txt
  OK decrypted=True written=Chương 20 Nam Nữ Thụ Thụ Bất Thân.txt
[21/328] download chapter_id=13690947 file=Chương 21 Ta Chịu Trách Nhiệm Với Muội.txt
  OK decrypted=True written=Chương 21 Ta Chịu Trách Nhiệm Với Muội.txt
[22/328] download chapter_id=13690958 file=Chương 22 Cầm Linh Bí Cảnh.txt
  OK decrypted=True written=Chương 22 Cầm Linh Bí Cảnh.txt
[23/328] download chapter_id=13690959 file=Chương 23 Danh Ngạch Vào Bí Cảnh.txt
  OK decrypted=True written=Chương 23 Danh Ngạch Vào Bí Cảnh.txt
[24/328] download chapter_id=13690988 file=Chương 24 Khởi Hành.txt
  OK decrypted=True written=Chương 24 Khởi Hành.txt
[25/328] download chapter_id=13690996 file=Chương 25 Tiến Vào Bí Cảnh.txt
  OK decrypted=True written=Chương 25 Tiến Vào Bí Cảnh.txt
[26/328] download chapter_id=13690998 file=Chương 26 Khiếp Sợ.txt
  OK decrypted=True written=Chương 26 Khiếp Sợ.txt
[27/328] download chapter_id=13696585 file=Chương 27 Tư Khuynh Mỹ Thần Tượng.txt
  OK decrypted=True written=Chương 27 Tư Khuynh Mỹ Thần Tượng.txt
[28/328] download chapter_id=13706111 file=Chương 28 Trò Chuyện Tâm Sự.txt
  OK decrypted=True written=Chương 28 Trò Chuyện Tâm Sự.txt
[29/328] download chapter_id=13706119 file=Chương 29 Dược Viên.txt
  OK decrypted=True written=Chương 29 Dược Viên.txt
[30/328] download chapter_id=13708175 file=Chương 30 Thái Liên Kim Hoa.txt
  OK decrypted=True written=Chương 30 Thái Liên Kim Hoa.txt
[31/328] download chapter_id=13708416 file=Chương 31 Súc Sinh.txt
  OK decrypted=True written=Chương 31 Súc Sinh.txt
[32/328] download chapter_id=13711470 file=Chương 32 Tư Khuynh Mỹ Tức Giận.txt
  OK decrypted=True written=Chương 32 Tư Khuynh Mỹ Tức Giận.txt
[33/328] download chapter_id=13711771 file=Chương 33 Tử Đề Liên.txt
  OK decrypted=True written=Chương 33 Tử Đề Liên.txt
[34/328] download chapter_id=13714226 file=Chương 34 Ẩn Giấu Thực Lực.txt
  OK decrypted=True written=Chương 34 Ẩn Giấu Thực Lực.txt
[35/328] download chapter_id=13714571 file=Chương 35 Ta Cho Phép Ngươi Được Chết.txt
  OK decrypted=True written=Chương 35 Ta Cho Phép Ngươi Được Chết.txt
[36/328] download chapter_id=13714900 file=Chương 36 Thấy Được Người Quen.txt
  OK decrypted=True written=Chương 36 Thấy Được Người Quen.txt
[37/328] download chapter_id=13717240 file=Chương 37 Linh Phù Va Chạm.txt
  OK decrypted=True written=Chương 37 Linh Phù Va Chạm.txt
[38/328] download chapter_id=13719756 file=Chương 38 Hồng Giao Long Khâu.txt
  OK decrypted=True written=Chương 38 Hồng Giao Long Khâu.txt
[39/328] download chapter_id=13719882 file=Chương 39 Đệ Đến Gặp Nó Tâm Sự.txt
  OK decrypted=True written=Chương 39 Đệ Đến Gặp Nó Tâm Sự.txt
[40/328] download chapter_id=13720660 file=Chương 40 Thu Phục.txt
  OK decrypted=True written=Chương 40 Thu Phục.txt
[41/328] download chapter_id=13720873 file=Chương 41 Sơn Động Dưới Lòng Đất.txt
  OK decrypted=True written=Chương 41 Sơn Động Dưới Lòng Đất.txt
[42/328] download chapter_id=13721187 file=Chương 42 Vạn Niên Thạch Duẩn Tuỷ.txt
  OK decrypted=True written=Chương 42 Vạn Niên Thạch Duẩn Tuỷ.txt
[43/328] download chapter_id=13723556 file=Chương 43 Cốt Cảnh Chân Khí Chuyển Hóa.txt
  OK decrypted=True written=Chương 43 Cốt Cảnh Chân Khí Chuyển Hóa.txt
[44/328] download chapter_id=13722723 file=Chương 44 Hắc Lân Yêu Mãng.txt
  OK decrypted=True written=Chương 44 Hắc Lân Yêu Mãng.txt
[45/328] download chapter_id=13728425 file=Chương 45 Con Yêu Này Thật Tiện.txt
  OK decrypted=True written=Chương 45 Con Yêu Này Thật Tiện.txt
[46/328] download chapter_id=13729183 file=Chương 46 U Minh Thú.txt
  OK decrypted=True written=Chương 46 U Minh Thú.txt
[47/328] download chapter_id=13732241 file=Chương 47 Tiến Vào Di Tích Thần Điện.txt
  OK decrypted=True written=Chương 47 Tiến Vào Di Tích Thần Điện.txt
[48/328] download chapter_id=13732739 file=Chương 48 Thần Điện Mở Thế Cục Hỗn Loạn.txt
  OK decrypted=True written=Chương 48 Thần Điện Mở Thế Cục Hỗn Loạn.txt
[49/328] download chapter_id=13734819 file=Chương 49 Triệu phong Ghen Ghét.txt
  OK decrypted=True written=Chương 49 Triệu phong Ghen Ghét.txt
[50/328] download chapter_id=13735202 file=Chương 50 Triệu Phong Vô Hình.txt
  OK decrypted=True written=Chương 50 Triệu Phong Vô Hình.txt
[51/328] download chapter_id=13736074 file=Chương 51 Triệu Phong Kiếm Pháp.txt
  OK decrypted=True written=Chương 51 Triệu Phong Kiếm Pháp.txt
[52/328] download chapter_id=13741117 file=Chương 52 Cổ Trùng Xuất Hiện.txt
  OK decrypted=True written=Chương 52 Cổ Trùng Xuất Hiện.txt
[53/328] download chapter_id=13741125 file=Chương 53 Tiểu Gia Ta Lấy Đức Phục Người.txt
  OK decrypted=True written=Chương 53 Tiểu Gia Ta Lấy Đức Phục Người.txt
[54/328] download chapter_id=13742364 file=Chương 54 Một Mình Vượt Dung Nham.txt
  OK decrypted=True written=Chương 54 Một Mình Vượt Dung Nham.txt
[55/328] download chapter_id=13743869 file=Chương 55 Bước Vào Thần Điện Môn.txt
  OK decrypted=True written=Chương 55 Bước Vào Thần Điện Môn.txt
[56/328] download chapter_id=13744566 file=Chương 56 Phá Trận Đàm Phán.txt
  OK decrypted=True written=Chương 56 Phá Trận Đàm Phán.txt
[57/328] download chapter_id=13756459 file=Chương 57 Linh Quả Thất Phẩm.txt
  OK decrypted=True written=Chương 57 Linh Quả Thất Phẩm.txt
[58/328] download chapter_id=13748538 file=Chương 58 Bạo Khí Đan.txt
  OK decrypted=True written=Chương 58 Bạo Khí Đan.txt
[59/328] download chapter_id=13752899 file=Chương 59 Tự Bạo Pháp Khí.txt
  OK decrypted=True written=Chương 59 Tự Bạo Pháp Khí.txt
[60/328] download chapter_id=13752902 file=Chương 60 Lại Một Tên Trang Bức.txt
  OK decrypted=True written=Chương 60 Lại Một Tên Trang Bức.txt
[61/328] download chapter_id=13759030 file=Chương 61 Uy Hiếp Trắng Trợn.txt
  OK decrypted=True written=Chương 61 Uy Hiếp Trắng Trợn.txt
[62/328] download chapter_id=13759888 file=Chương 62 Bạch Lăng Lắc Lư.txt
  OK decrypted=True written=Chương 62 Bạch Lăng Lắc Lư.txt
[63/328] download chapter_id=13779405 file=Chương 63 Ta Cho Ngươi Hai Lựa Chọn.txt
  OK decrypted=True written=Chương 63 Ta Cho Ngươi Hai Lựa Chọn.txt
[64/328] download chapter_id=13779466 file=Chương 64 Kết Thúc Cuộc Chiến.txt
  OK decrypted=True written=Chương 64 Kết Thúc Cuộc Chiến.txt
[65/328] download chapter_id=13781878 file=Chương 65 Tiểu Bì Nương Đừng Theo Ta.txt
  OK decrypted=True written=Chương 65 Tiểu Bì Nương Đừng Theo Ta.txt
[66/328] download chapter_id=13781882 file=Chương 66 Phá Lệ Yên Tĩnh.txt
  OK decrypted=True written=Chương 66 Phá Lệ Yên Tĩnh.txt
[67/328] download chapter_id=13785622 file=Chương 67 Trận Pháp Khó Giải Quyết.txt
  OK decrypted=True written=Chương 67 Trận Pháp Khó Giải Quyết.txt
[68/328] download chapter_id=13790283 file=Chương 68 Bị Thương.txt
  OK decrypted=True written=Chương 68 Bị Thương.txt
[69/328] download chapter_id=13792413 file=Chương 69 Hồi Phục Đỉnh Phong.txt
  OK decrypted=True written=Chương 69 Hồi Phục Đỉnh Phong.txt
[70/328] download chapter_id=13797211 file=Chương 70 Cốc Y Xuất Thủ.txt
  OK decrypted=True written=Chương 70 Cốc Y Xuất Thủ.txt
[71/328] download chapter_id=13801728 file=Chương 71 Tinh Vũ Môn Ngũ Thiếu.txt
  OK decrypted=True written=Chương 71 Tinh Vũ Môn Ngũ Thiếu.txt
[72/328] download chapter_id=13929168 file=Chương 72 Toàn Diệt Trùng Thú Chạy Ra.txt
  OK decrypted=True written=Chương 72 Toàn Diệt Trùng Thú Chạy Ra.txt
[73/328] download chapter_id=13929200 file=Chương 73 Bí Thuật.txt
  OK decrypted=True written=Chương 73 Bí Thuật.txt
[74/328] download chapter_id=13991518 file=Chương 74 Cốc Y Xuất Thủ.txt
  OK decrypted=True written=Chương 74 Cốc Y Xuất Thủ.txt
[75/328] download chapter_id=13991537 file=Chương 75 Không Chết Không Thôi.txt
  OK decrypted=True written=Chương 75 Không Chết Không Thôi.txt
[76/328] download chapter_id=13993844 file=Chương 76 Dị Hỏa.txt
  OK decrypted=True written=Chương 76 Dị Hỏa.txt
[77/328] download chapter_id=13993938 file=Chương 77 Phản Sát.txt
  OK decrypted=True written=Chương 77 Phản Sát.txt
[78/328] download chapter_id=13995714 file=Chương 78 Đường Này Ngươi Không Thể Đi.txt
  OK decrypted=True written=Chương 78 Đường Này Ngươi Không Thể Đi.txt
[79/328] download chapter_id=13998607 file=Chương 79 Tu Luyện Tà Công.txt
  OK decrypted=True written=Chương 79 Tu Luyện Tà Công.txt
[80/328] download chapter_id=13998611 file=Chương 80 Thỏa Hiệp.txt
  OK decrypted=True written=Chương 80 Thỏa Hiệp.txt
[81/328] download chapter_id=14001544 file=Chương 81 Di Tích Bí Ẩn.txt
  OK decrypted=True written=Chương 81 Di Tích Bí Ẩn.txt
[82/328] download chapter_id=14001551 file=Chương 82 Cấm Chế Biến Mất.txt
  OK decrypted=True written=Chương 82 Cấm Chế Biến Mất.txt
[83/328] download chapter_id=14003499 file=Chương 83 Tử Điện Tinh Hỏa.txt
  OK decrypted=True written=Chương 83 Tử Điện Tinh Hỏa.txt
[84/328] download chapter_id=14003500 file=Chương 84 Ngươi Nhìn Thấy Ta Rồi.txt
  OK decrypted=True written=Chương 84 Ngươi Nhìn Thấy Ta Rồi.txt
[85/328] download chapter_id=14004227 file=Chương 85 Tỷ Tỷ Tiện Nghi.txt
  OK decrypted=True written=Chương 85 Tỷ Tỷ Tiện Nghi.txt
[86/328] download chapter_id=14006828 file=Chương 86 Trung Tâm Đại Điện.txt
  OK decrypted=True written=Chương 86 Trung Tâm Đại Điện.txt
[87/328] download chapter_id=14006829 file=Chương 87 Khảo Nghiệm Bậc Thang.txt
  OK decrypted=True written=Chương 87 Khảo Nghiệm Bậc Thang.txt
[88/328] download chapter_id=14006865 file=Chương 88 Thong Dong.txt
  OK decrypted=True written=Chương 88 Thong Dong.txt
[89/328] download chapter_id=14006866 file=Chương 89 Người Đâu.txt
  OK decrypted=True written=Chương 89 Người Đâu.txt
[90/328] download chapter_id=14012582 file=Chương 90 Cổ Niệm Tranh Phong Nhất Niệm Phong Mang.txt
  OK decrypted=True written=Chương 90 Cổ Niệm Tranh Phong Nhất Niệm Phong Mang.txt
[91/328] download chapter_id=14012583 file=Chương 91 Đăng Đỉnh Phong Quang.txt
  OK decrypted=True written=Chương 91 Đăng Đỉnh Phong Quang.txt
[92/328] download chapter_id=14016752 file=Chương 92 Di Tích Sụp Đổ.txt
  OK decrypted=True written=Chương 92 Di Tích Sụp Đổ.txt
[93/328] download chapter_id=14016772 file=Chương 93 Áp Đảo Tuyệt Đối.txt
  OK decrypted=True written=Chương 93 Áp Đảo Tuyệt Đối.txt
[94/328] download chapter_id=14020752 file=Chương 94 Nói Thật.txt
  OK decrypted=True written=Chương 94 Nói Thật.txt
[95/328] download chapter_id=14020753 file=Chương 95 Thôn Thực Trùng.txt
  OK decrypted=True written=Chương 95 Thôn Thực Trùng.txt
[96/328] download chapter_id=14020754 file=Chương 96 Nguyên Nhân.txt
  OK decrypted=True written=Chương 96 Nguyên Nhân.txt
[97/328] download chapter_id=14020755 file=Chương 97 Huyết Cấm Thiên Phú.txt
  OK decrypted=True written=Chương 97 Huyết Cấm Thiên Phú.txt
[98/328] download chapter_id=14024112 file=Chương 98 Trận Chiến Gian Khổ 1.txt
  OK decrypted=True written=Chương 98 Trận Chiến Gian Khổ 1.txt
[99/328] download chapter_id=14024116 file=Chương 99 Trận Chiến Gian Khổ 2.txt
  OK decrypted=True written=Chương 99 Trận Chiến Gian Khổ 2.txt
[100/328] download chapter_id=14024117 file=Chương 100 Trận Chiến Gian Khổ 3.txt
  OK decrypted=True written=Chương 100 Trận Chiến Gian Khổ 3.txt
[101/328] download chapter_id=14026205 file=Chương 101 Thôn Thực Trùng Biến Đổi.txt
  OK decrypted=True written=Chương 101 Thôn Thực Trùng Biến Đổi.txt
[102/328] download chapter_id=14026206 file=Chương 102 Sức Mạnh Mới.txt
  OK decrypted=True written=Chương 102 Sức Mạnh Mới.txt
[103/328] download chapter_id=14029086 file=Chương 103 Triền Đấu.txt
  OK decrypted=True written=Chương 103 Triền Đấu.txt
[104/328] download chapter_id=14029087 file=Chương 104 Hồi Kết 1.txt
  OK decrypted=True written=Chương 104 Hồi Kết 1.txt
[105/328] download chapter_id=14029088 file=Chương 105 Hồi Kết 2.txt
  OK decrypted=True written=Chương 105 Hồi Kết 2.txt
[106/328] download chapter_id=14033625 file=Chương 106 Hồi Kết 3.txt
  OK decrypted=True written=Chương 106 Hồi Kết 3.txt
[107/328] download chapter_id=14033642 file=Chương 107 Thâm Uyên Vực Thẳm.txt
  OK decrypted=True written=Chương 107 Thâm Uyên Vực Thẳm.txt
[108/328] download chapter_id=14038599 file=Chương 108 Kiếm Cung Đế Phủ.txt
  OK decrypted=True written=Chương 108 Kiếm Cung Đế Phủ.txt
[109/328] download chapter_id=14038602 file=Chương 109 Khảo Nghiệm 1.txt
  OK decrypted=True written=Chương 109 Khảo Nghiệm 1.txt
[110/328] download chapter_id=14041558 file=Chương 110 Khảo Nghiệm 2.txt
  OK decrypted=True written=Chương 110 Khảo Nghiệm 2.txt
[111/328] download chapter_id=14041565 file=Chương 111 Khảo Nghiệm 3.txt
  OK decrypted=True written=Chương 111 Khảo Nghiệm 3.txt
[112/328] download chapter_id=14060980 file=Chương 112 Bạch Cửu Thiên.txt
  OK decrypted=True written=Chương 112 Bạch Cửu Thiên.txt
[113/328] download chapter_id=14063561 file=Chương 113 Diệt Linh Tam Chuyển Tiên Thể.txt
  OK decrypted=True written=Chương 113 Diệt Linh Tam Chuyển Tiên Thể.txt
[114/328] download chapter_id=14063567 file=Chương 114 Bí Cảnh Dị Biến.txt
  OK decrypted=True written=Chương 114 Bí Cảnh Dị Biến.txt
[115/328] download chapter_id=14067365 file=Chương 115 Sư Phụ Tốt Chính Là Muốn Hố.txt
  OK decrypted=True written=Chương 115 Sư Phụ Tốt Chính Là Muốn Hố.txt
[116/328] download chapter_id=14069821 file=Chương 116 Hóa Chân Hiển Hiện.txt
  OK decrypted=True written=Chương 116 Hóa Chân Hiển Hiện.txt
[117/328] download chapter_id=14072922 file=Chương 117 An Nguyệt Nữ Thần.txt
  OK decrypted=True written=Chương 117 An Nguyệt Nữ Thần.txt
[118/328] download chapter_id=14075494 file=Chương 118 Cầm Đá Đập Lên Chân.txt
  OK decrypted=True written=Chương 118 Cầm Đá Đập Lên Chân.txt
[119/328] download chapter_id=14081529 file=Chương 119 Hóa Chân Vẫn Lạc.txt
  OK decrypted=True written=Chương 119 Hóa Chân Vẫn Lạc.txt
[120/328] download chapter_id=14114768 file=Chương 120 Bắc Tộc Lão Tổ.txt
  OK decrypted=True written=Chương 120 Bắc Tộc Lão Tổ.txt
[121/328] download chapter_id=14114771 file=Chương 121 Bạch Cửu Thiên Rời Đi.txt
  OK decrypted=True written=Chương 121 Bạch Cửu Thiên Rời Đi.txt
[122/328] download chapter_id=14114772 file=Chương 122 Tìm Nơi Đặt Chân.txt
  OK decrypted=True written=Chương 122 Tìm Nơi Đặt Chân.txt
[123/328] download chapter_id=14114780 file=Chương 123 Vọng Lôi Tam Thập Lục Kiếm.txt
  OK decrypted=True written=Chương 123 Vọng Lôi Tam Thập Lục Kiếm.txt
[124/328] download chapter_id=14114782 file=Chương 124 Thiên An Hồ Bí Mật.txt
  OK decrypted=True written=Chương 124 Thiên An Hồ Bí Mật.txt
[125/328] download chapter_id=14114784 file=Chương 125 Giao Dịch Ngươi Nghĩ Nhiều Rồi.txt
  OK decrypted=True written=Chương 125 Giao Dịch Ngươi Nghĩ Nhiều Rồi.txt
[126/328] download chapter_id=14114785 file=Chương 126 Động Phủ Dưới Đáy Hồ.txt
  OK decrypted=True written=Chương 126 Động Phủ Dưới Đáy Hồ.txt
[127/328] download chapter_id=14114786 file=Chương 127 Đụng Độ Xích Nhãn Trư Yêu.txt
  OK decrypted=True written=Chương 127 Đụng Độ Xích Nhãn Trư Yêu.txt
[128/328] download chapter_id=14114787 file=Chương 128 Cứu Giúp.txt
  OK decrypted=True written=Chương 128 Cứu Giúp.txt
[129/328] download chapter_id=14114788 file=Chương 129 Diệp Trần Tặng Đồ.txt
  OK decrypted=True written=Chương 129 Diệp Trần Tặng Đồ.txt
[130/328] download chapter_id=14114789 file=Chương 130 Pháp Bảo Đặc Biệt.txt
  OK decrypted=True written=Chương 130 Pháp Bảo Đặc Biệt.txt
[131/328] download chapter_id=14118788 file=Chương 131 Đến Hải Châu.txt
  OK decrypted=True written=Chương 131 Đến Hải Châu.txt
[132/328] download chapter_id=14118789 file=Chương 132 Tây Thái Thần.txt
  OK decrypted=True written=Chương 132 Tây Thái Thần.txt
[133/328] download chapter_id=14119071 file=Chương 133 Đệ Tử Gia Tộc.txt
  OK decrypted=True written=Chương 133 Đệ Tử Gia Tộc.txt
[134/328] download chapter_id=14119104 file=Chương 134 Đấu Giá Hội.txt
  OK decrypted=True written=Chương 134 Đấu Giá Hội.txt
[135/328] download chapter_id=14119105 file=Chương 135 Đấu Giá Hội 2.txt
  OK decrypted=True written=Chương 135 Đấu Giá Hội 2.txt
[136/328] download chapter_id=14119106 file=Chương 136 Linh Hoàn Thảo.txt
  OK decrypted=True written=Chương 136 Linh Hoàn Thảo.txt
[137/328] download chapter_id=14119109 file=Chương 137 Tảng Đá Kỳ Bí.txt
  OK decrypted=True written=Chương 137 Tảng Đá Kỳ Bí.txt
[138/328] download chapter_id=14119170 file=Chương 138 Chọc Giận.txt
  OK decrypted=True written=Chương 138 Chọc Giận.txt
[139/328] download chapter_id=14119932 file=Chương 139 Rời Đi Tứ Tụ Lâu.txt
  OK decrypted=True written=Chương 139 Rời Đi Tứ Tụ Lâu.txt
[140/328] download chapter_id=14119940 file=Chương 140 Đệ Tử Trưởng Lão.txt
  OK decrypted=True written=Chương 140 Đệ Tử Trưởng Lão.txt
[141/328] download chapter_id=14119942 file=Chương 141 Trần Gia.txt
  OK decrypted=True written=Chương 141 Trần Gia.txt
[142/328] download chapter_id=14120160 file=Chương 142 Âm Sát Thi Luyện Thi Tông.txt
  OK decrypted=True written=Chương 142 Âm Sát Thi Luyện Thi Tông.txt
[143/328] download chapter_id=14120189 file=Chương 143 Ba Con Âm Sát Thi.txt
  OK decrypted=True written=Chương 143 Ba Con Âm Sát Thi.txt
[144/328] download chapter_id=14120193 file=Chương 144 Thương Vô Tà Bỏ Chạy.txt
  OK decrypted=True written=Chương 144 Thương Vô Tà Bỏ Chạy.txt
[145/328] download chapter_id=14120574 file=Chương 145 Ngộ Đạo.txt
  OK decrypted=True written=Chương 145 Ngộ Đạo.txt
[146/328] download chapter_id=14120580 file=Chương 146 Thành Công Trúc Cơ.txt
  OK decrypted=True written=Chương 146 Thành Công Trúc Cơ.txt
[147/328] download chapter_id=14120638 file=Chương 147 Trở Lại Hải Giác Thành.txt
  OK decrypted=True written=Chương 147 Trở Lại Hải Giác Thành.txt
[148/328] download chapter_id=14120650 file=Chương 148 Qủy U Tông Bị Hủy Diệt.txt
  OK decrypted=True written=Chương 148 Qủy U Tông Bị Hủy Diệt.txt
[149/328] download chapter_id=14120853 file=Chương 149 Thật Muốn Quất Tên Này.txt
  OK decrypted=True written=Chương 149 Thật Muốn Quất Tên Này.txt
[150/328] download chapter_id=14121714 file=Chương 150 Ngươi Lại Là Thứ Gì.txt
  OK decrypted=True written=Chương 150 Ngươi Lại Là Thứ Gì.txt
[151/328] download chapter_id=14122365 file=Chương 151 Đến Thất Sa Trấn.txt
  OK decrypted=True written=Chương 151 Đến Thất Sa Trấn.txt
[152/328] download chapter_id=14123440 file=Chương 152 Sức Mạnh Thiên Nhiên Cầu Mở Chương.txt
  OK decrypted=True written=Chương 152 Sức Mạnh Thiên Nhiên Cầu Mở Chương.txt
[153/328] download chapter_id=14124872 file=Chương 153 Thú Triều Địa Sa Thú.txt
  OK decrypted=True written=Chương 153 Thú Triều Địa Sa Thú.txt
[154/328] download chapter_id=14124874 file=Chương 154 Nơi Này Có Người.txt
  OK decrypted=True written=Chương 154 Nơi Này Có Người.txt
[155/328] download chapter_id=14127234 file=Chương 155 Di Tích Cường Giả.txt
  OK decrypted=True written=Chương 155 Di Tích Cường Giả.txt
[156/328] download chapter_id=14127565 file=Chương 156 Thăm Dò Di Tích.txt
  OK decrypted=True written=Chương 156 Thăm Dò Di Tích.txt
[157/328] download chapter_id=14128635 file=Chương 157 Huyết Trì Cạm Bẫy.txt
  OK decrypted=True written=Chương 157 Huyết Trì Cạm Bẫy.txt
[158/328] download chapter_id=14129774 file=Chương 158 Nhân Thế Tại Tâm.txt
  OK decrypted=True written=Chương 158 Nhân Thế Tại Tâm.txt
[159/328] download chapter_id=14130504 file=Chương 159 Lam An Lộ Kinh Khủng.txt
  OK decrypted=True written=Chương 159 Lam An Lộ Kinh Khủng.txt
[160/328] download chapter_id=14131019 file=Chương 160 Thoát Ra Trở Lại Sa Mạc.txt
  OK decrypted=True written=Chương 160 Thoát Ra Trở Lại Sa Mạc.txt
[161/328] download chapter_id=14131369 file=Chương 161 Sa Mạc Nguy Cơ.txt
  OK decrypted=True written=Chương 161 Sa Mạc Nguy Cơ.txt
[162/328] download chapter_id=14133952 file=Chương 162 Ốc Đảo Nguy Hiểm.txt
  OK decrypted=True written=Chương 162 Ốc Đảo Nguy Hiểm.txt
[163/328] download chapter_id=14135252 file=Chương 163 Hoạn Nạn Tương Trợ.txt
  OK decrypted=True written=Chương 163 Hoạn Nạn Tương Trợ.txt
[164/328] download chapter_id=14137058 file=Chương 164 Vượt Sa Mạc Gặp Chó Điên.txt
  OK decrypted=True written=Chương 164 Vượt Sa Mạc Gặp Chó Điên.txt
[165/328] download chapter_id=14137695 file=Chương 165 Giao Chiến Trúc Cơ Hậu Kỳ.txt
  OK decrypted=True written=Chương 165 Giao Chiến Trúc Cơ Hậu Kỳ.txt
[166/328] download chapter_id=14139827 file=Chương 166 Đột Phá Trong Chiến Đấu.txt
  OK decrypted=True written=Chương 166 Đột Phá Trong Chiến Đấu.txt
[167/328] download chapter_id=14140927 file=Chương 167 Thăm Dò Hoang Lĩnh Thiên.txt
  OK decrypted=True written=Chương 167 Thăm Dò Hoang Lĩnh Thiên.txt
[168/328] download chapter_id=14143990 file=Chương 168 Dã Tâm Của Hoang Lĩnh Môn.txt
  OK decrypted=True written=Chương 168 Dã Tâm Của Hoang Lĩnh Môn.txt
[169/328] download chapter_id=14144011 file=Chương 169 Hoang Lĩnh Thiên Bạo Loạn.txt
  OK decrypted=True written=Chương 169 Hoang Lĩnh Thiên Bạo Loạn.txt
[170/328] download chapter_id=14146446 file=Chương 170 Hoang Lĩnh Thiên Bạo Loạn 2.txt
  OK decrypted=True written=Chương 170 Hoang Lĩnh Thiên Bạo Loạn 2.txt
[171/328] download chapter_id=14146450 file=Chương 171 Dòng Sông Quỷ Dị.txt
  OK decrypted=True written=Chương 171 Dòng Sông Quỷ Dị.txt
[172/328] download chapter_id=14151134 file=Chương 172 Đại Chiến Thi Quỷ.txt
  OK decrypted=True written=Chương 172 Đại Chiến Thi Quỷ.txt
[173/328] download chapter_id=14151063 file=Chương 173 Lão Già Mất Nết.txt
  OK decrypted=True written=Chương 173 Lão Già Mất Nết.txt
[174/328] download chapter_id=14153500 file=Chương 174 Dị Bảo Xuất Hiện.txt
  OK decrypted=True written=Chương 174 Dị Bảo Xuất Hiện.txt
[175/328] download chapter_id=14153843 file=Chương 175 Ngọc Giản Công Pháp.txt
  OK decrypted=True written=Chương 175 Ngọc Giản Công Pháp.txt
[176/328] download chapter_id=14157164 file=Chương 176 Hỏa Ngư Phường Thị.txt
  OK decrypted=True written=Chương 176 Hỏa Ngư Phường Thị.txt
[177/328] download chapter_id=14157166 file=Chương 177 Cửu Chuyển Kiếm Đan.txt
  OK decrypted=True written=Chương 177 Cửu Chuyển Kiếm Đan.txt
[178/328] download chapter_id=14160278 file=Chương 178 La Khấu Vọng.txt
  OK decrypted=True written=Chương 178 La Khấu Vọng.txt
[179/328] download chapter_id=14160287 file=Chương 179 Hắc Tử Lôi Viêm.txt
  OK decrypted=True written=Chương 179 Hắc Tử Lôi Viêm.txt
[180/328] download chapter_id=14162482 file=Chương 180 Nằm Ngoài Dự Liệu.txt
  OK decrypted=True written=Chương 180 Nằm Ngoài Dự Liệu.txt
[181/328] download chapter_id=14163605 file=Chương 181 Mộng Kiếp Kiếp Trước Kiếp Này.txt
  OK decrypted=True written=Chương 181 Mộng Kiếp Kiếp Trước Kiếp Này.txt
[182/328] download chapter_id=14166057 file=Chương 182 Chưởng 182 Âm Mưu Và Đố Kỵ.txt
  OK decrypted=True written=Chương 182 Chưởng 182 Âm Mưu Và Đố Kỵ.txt
[183/328] download chapter_id=14166738 file=Chương 183 Cấp Độ Ác Chiến Hư Thần Kỳ.txt
  OK decrypted=True written=Chương 183 Cấp Độ Ác Chiến Hư Thần Kỳ.txt
[184/328] download chapter_id=14168408 file=Chương 184 Cấp Độ Ác Chiến Hư Thần Kỳ 2.txt
  OK decrypted=True written=Chương 184 Cấp Độ Ác Chiến Hư Thần Kỳ 2.txt
[185/328] download chapter_id=14169023 file=Chương 185 Cấp Độ Ác Chiến Hồi Kết 1.txt
  OK decrypted=True written=Chương 185 Cấp Độ Ác Chiến Hồi Kết 1.txt
[186/328] download chapter_id=14171495 file=Chương 186 Cấp Độ Ác Chiến Hồi Kết 2.txt
  OK decrypted=True written=Chương 186 Cấp Độ Ác Chiến Hồi Kết 2.txt
[187/328] download chapter_id=14172156 file=Chương 187 Đại Đạo Thề.txt
  OK decrypted=True written=Chương 187 Đại Đạo Thề.txt
[188/328] download chapter_id=14174041 file=Chương 188 Mời Không Đi Gia Hạn.txt
  OK decrypted=True written=Chương 188 Mời Không Đi Gia Hạn.txt
[189/328] download chapter_id=14174660 file=Chương 189 Cuộc Thi Đan Sư.txt
  OK decrypted=True written=Chương 189 Cuộc Thi Đan Sư.txt
[190/328] download chapter_id=14176636 file=Chương 190 Tư Cách Tham Gia.txt
  OK decrypted=True written=Chương 190 Tư Cách Tham Gia.txt
[191/328] download chapter_id=14177093 file=Chương 191 Lợi Hại.txt
  OK decrypted=True written=Chương 191 Lợi Hại.txt
[192/328] download chapter_id=14178581 file=Chương 192 Bẫy Nhập Đan.txt
  OK decrypted=True written=Chương 192 Bẫy Nhập Đan.txt
[193/328] download chapter_id=14179079 file=Chương 193 Danh Sách Thăng Cấp.txt
  OK decrypted=True written=Chương 193 Danh Sách Thăng Cấp.txt
[194/328] download chapter_id=14181359 file=Chương 194 Vòng 2 Khởi Tranh.txt
  OK decrypted=True written=Chương 194 Vòng 2 Khởi Tranh.txt
[195/328] download chapter_id=14182090 file=Chương 195 Ngươi Cần Phải Tin Tưởng.txt
  OK decrypted=True written=Chương 195 Ngươi Cần Phải Tin Tưởng.txt
[196/328] download chapter_id=14184595 file=Chương 196 Ta Không Trông Cậy Vào Vận May.txt
  OK decrypted=True written=Chương 196 Ta Không Trông Cậy Vào Vận May.txt
[197/328] download chapter_id=14186289 file=Chương 197 Chú Ngựa Ô Bất Ngờ.txt
  OK decrypted=True written=Chương 197 Chú Ngựa Ô Bất Ngờ.txt
[198/328] download chapter_id=14187039 file=Chương 198 Danh Hiệu Đệ Nhất Đan Sư.txt
  OK decrypted=True written=Chương 198 Danh Hiệu Đệ Nhất Đan Sư.txt
[199/328] download chapter_id=14187657 file=Chương 199 Bố Trí Trận Pháp.txt
  OK decrypted=True written=Chương 199 Bố Trí Trận Pháp.txt
[200/328] download chapter_id=14191863 file=Chương 200 Ở Đây Được Đánh Nhau Không.txt
  OK decrypted=True written=Chương 200 Ở Đây Được Đánh Nhau Không.txt
[201/328] download chapter_id=14192273 file=Chương 201 Tiến Vào Bình Nguyên Dược Cốc.txt
  OK decrypted=True written=Chương 201 Tiến Vào Bình Nguyên Dược Cốc.txt
[202/328] download chapter_id=14193575 file=Chương 202 Biến Cố Bất Ngờ.txt
  OK decrypted=True written=Chương 202 Biến Cố Bất Ngờ.txt
[203/328] download chapter_id=14194875 file=Chương 203 Buồn Bực.txt
  OK decrypted=True written=Chương 203 Buồn Bực.txt
[204/328] download chapter_id=14196535 file=Chương 204 Linh Tủy Trì Ai Là Kẻ Trộm.txt
  OK decrypted=True written=Chương 204 Linh Tủy Trì Ai Là Kẻ Trộm.txt
[205/328] download chapter_id=14197770 file=Chương 205 Tu Luyện.txt
  OK decrypted=True written=Chương 205 Tu Luyện.txt
[206/328] download chapter_id=14200010 file=Chương 206 Kiếm Nộ Đệ Nhất Ngân.txt
  OK decrypted=True written=Chương 206 Kiếm Nộ Đệ Nhất Ngân.txt
[207/328] download chapter_id=14200378 file=Chương 207 Ý Niệm Chi Cảnh.txt
  OK decrypted=True written=Chương 207 Ý Niệm Chi Cảnh.txt
[208/328] download chapter_id=14201773 file=Chương 208 Kim Đan Trung Kỳ.txt
  OK decrypted=True written=Chương 208 Kim Đan Trung Kỳ.txt
[209/328] download chapter_id=14203315 file=Chương 209 Kim Đan Vẫn Lạc.txt
  RETRYABLE_FAIL attempt=1 chapter_id=14203315: unable to decode iv
  OK decrypted=True retry=2 written=Chương 209 Kim Đan Vẫn Lạc.txt
[210/328] download chapter_id=14204763 file=Chương 210 Ngươi Đang Dạy Ta Làm Việc.txt
  OK decrypted=True written=Chương 210 Ngươi Đang Dạy Ta Làm Việc.txt
[211/328] download chapter_id=14205505 file=Chương 211 Thiên Kiêu Bại.txt
  OK decrypted=True written=Chương 211 Thiên Kiêu Bại.txt
[212/328] download chapter_id=14206628 file=Chương 212 Ngộ Nhập Trận Pháp.txt
  OK decrypted=True written=Chương 212 Ngộ Nhập Trận Pháp.txt
[213/328] download chapter_id=14207127 file=Chương 213 Pháp Tắc Giam Cầm.txt
  OK decrypted=True written=Chương 213 Pháp Tắc Giam Cầm.txt
[214/328] download chapter_id=14207516 file=Chương 214 Tiên Cảnh Giữa Hắc Ám.txt
  OK decrypted=True written=Chương 214 Tiên Cảnh Giữa Hắc Ám.txt
[215/328] download chapter_id=14208646 file=Chương 215 Một Giấc Chiêm Bao.txt
  OK decrypted=True written=Chương 215 Một Giấc Chiêm Bao.txt
[216/328] download chapter_id=14209008 file=Chương 216 Ngàn Năm Giấc Mộng Một Kiếp Thoáng Qua.txt
  OK decrypted=True written=Chương 216 Ngàn Năm Giấc Mộng Một Kiếp Thoáng Qua.txt
[217/328] download chapter_id=14210966 file=Chương 217 Bị Tước Đoạt Thôn Phệ.txt
  OK decrypted=True written=Chương 217 Bị Tước Đoạt Thôn Phệ.txt
[218/328] download chapter_id=14212423 file=Chương 218 Con Đường Kiếm Đạo Bị Chặt Đứt.txt
  OK decrypted=True written=Chương 218 Con Đường Kiếm Đạo Bị Chặt Đứt.txt
[219/328] download chapter_id=14213516 file=Chương 219 Liên Minh Lâm Tặc.txt
  OK decrypted=True written=Chương 219 Liên Minh Lâm Tặc.txt
[220/328] download chapter_id=14214750 file=Chương 220 Tu Sĩ Bắc Vọng Châu.txt
  OK decrypted=True written=Chương 220 Tu Sĩ Bắc Vọng Châu.txt
[221/328] download chapter_id=14215240 file=Chương 221 Điên Cuồng.txt
  OK decrypted=True written=Chương 221 Điên Cuồng.txt
[222/328] download chapter_id=14215649 file=Chương 222 Kim Đan Hắc Hoa.txt
  OK decrypted=True written=Chương 222 Kim Đan Hắc Hoa.txt
[223/328] download chapter_id=14217042 file=Chương 223 Bước Vào Hàng Ngũ Kim Đan.txt
  OK decrypted=True written=Chương 223 Bước Vào Hàng Ngũ Kim Đan.txt
[224/328] download chapter_id=14217926 file=Chương 224 Lập Uy.txt
  OK decrypted=True written=Chương 224 Lập Uy.txt
[225/328] download chapter_id=14219419 file=Chương 225 Bí Cảnh Khó Lường.txt
  OK decrypted=True written=Chương 225 Bí Cảnh Khó Lường.txt
[226/328] download chapter_id=14219489 file=Chương 226 Bị Cô Lập.txt
  OK decrypted=True written=Chương 226 Bị Cô Lập.txt
[227/328] download chapter_id=14223067 file=Chương 227 Lối Ra Thu Lộ Phí.txt
  OK decrypted=True written=Chương 227 Lối Ra Thu Lộ Phí.txt
[228/328] download chapter_id=14223920 file=Chương 228 Nộp Nộ Phí Căng Thẳng.txt
  OK decrypted=True written=Chương 228 Nộp Nộ Phí Căng Thẳng.txt
[229/328] download chapter_id=14225805 file=Chương 229 Không Muốn Thì... Cút.txt
  OK decrypted=True written=Chương 229 Không Muốn Thì... Cút.txt
[230/328] download chapter_id=14227597 file=Chương 230 Ai Mà Không Có Chuẩn Bị.txt
  OK decrypted=True written=Chương 230 Ai Mà Không Có Chuẩn Bị.txt
[231/328] download chapter_id=14229939 file=Chương 231 Bắc Tiểu Lục Kẻ Chờ Người Hận.txt
  OK decrypted=True written=Chương 231 Bắc Tiểu Lục Kẻ Chờ Người Hận.txt
[232/328] download chapter_id=14230871 file=Chương 232 Tham Lam Và Cái Kết.txt
  OK decrypted=True written=Chương 232 Tham Lam Và Cái Kết.txt
[233/328] download chapter_id=14232826 file=Chương 233 Ác Linh Cắn Nuốt Không Gian.txt
  OK decrypted=True written=Chương 233 Ác Linh Cắn Nuốt Không Gian.txt
[234/328] download chapter_id=14233626 file=Chương 234 Lĩnh Ngộ Đoạt Xá.txt
  OK decrypted=True written=Chương 234 Lĩnh Ngộ Đoạt Xá.txt
[235/328] download chapter_id=14236128 file=Chương 235 Đối Chiến.txt
  OK decrypted=True written=Chương 235 Đối Chiến.txt
[236/328] download chapter_id=14238011 file=Chương 236 Quyền Cước Thương Kỹ.txt
  OK decrypted=True written=Chương 236 Quyền Cước Thương Kỹ.txt
[237/328] download chapter_id=14241895 file=Chương 237 Sát Lục Thương Quyết Sát Lục Đại Đạo.txt
  OK decrypted=True written=Chương 237 Sát Lục Thương Quyết Sát Lục Đại Đạo.txt
[238/328] download chapter_id=14319090 file=Chương 238 Ngoài Lề.txt
  OK decrypted=True written=Chương 238 Ngoài Lề.txt
[239/328] download chapter_id=14243452 file=Chương 239 1 Ngoài Lề.txt
  OK decrypted=True written=Chương 239 1 Ngoài Lề.txt
[240/328] download chapter_id=14244495 file=Chương 240 Thương Pháp Vô Tiễn Thương Ảnh.txt
  OK decrypted=True written=Chương 240 Thương Pháp Vô Tiễn Thương Ảnh.txt
[241/328] download chapter_id=14245599 file=Chương 241 Không Dễ Chọc.txt
  OK decrypted=True written=Chương 241 Không Dễ Chọc.txt
[242/328] download chapter_id=14249185 file=Chương 242 Trận Pháp Này Ta Có Thể Thử.txt
  OK decrypted=True written=Chương 242 Trận Pháp Này Ta Có Thể Thử.txt
[243/328] download chapter_id=14250231 file=Chương 243 Ngạo Thiên Quỷ Dị.txt
  OK decrypted=True written=Chương 243 Ngạo Thiên Quỷ Dị.txt
[244/328] download chapter_id=14251690 file=Chương 244 Vô Duyên Với Truyền Thừa.txt
  OK decrypted=True written=Chương 244 Vô Duyên Với Truyền Thừa.txt
[245/328] download chapter_id=14253604 file=Chương 245 Ngạo Thiên Kiếm Tu Độ Khó.txt
  OK decrypted=True written=Chương 245 Ngạo Thiên Kiếm Tu Độ Khó.txt
[246/328] download chapter_id=14255114 file=Chương 246 Vạn Kiếp Luân Hồi 1.txt
  OK decrypted=True written=Chương 246 Vạn Kiếp Luân Hồi 1.txt
[247/328] download chapter_id=14256416 file=Chương 247 Vạn Kiếp Luân Hồi 2.txt
  OK decrypted=True written=Chương 247 Vạn Kiếp Luân Hồi 2.txt
[248/328] download chapter_id=14258399 file=Chương 248 Đòi Múa Rìu Qua Mắt Thợ.txt
  OK decrypted=True written=Chương 248 Đòi Múa Rìu Qua Mắt Thợ.txt
[249/328] download chapter_id=14259022 file=Chương 249 Không Gian Hỗn Loạn 1.txt
  OK decrypted=True written=Chương 249 Không Gian Hỗn Loạn 1.txt
[250/328] download chapter_id=14262577 file=Chương 250 Không Gian Hỗn Loạn 2.txt
  OK decrypted=True written=Chương 250 Không Gian Hỗn Loạn 2.txt
[251/328] download chapter_id=14263697 file=Chương 251 Không Gian Hỗn Loạn 3.txt
  OK decrypted=True written=Chương 251 Không Gian Hỗn Loạn 3.txt
[252/328] download chapter_id=14265107 file=Chương 252 Không Gian Hỗn Loạn 4.txt
  OK decrypted=True written=Chương 252 Không Gian Hỗn Loạn 4.txt
[253/328] download chapter_id=14267545 file=Chương 253 Bí Cảnh Đóng Lại.txt
  OK decrypted=True written=Chương 253 Bí Cảnh Đóng Lại.txt
[254/328] download chapter_id=14269691 file=Chương 254 Động Phủ Tà Tu.txt
  OK decrypted=True written=Chương 254 Động Phủ Tà Tu.txt
[255/328] download chapter_id=14270519 file=Chương 255 Diệt Sát Tà Tu.txt
  OK decrypted=True written=Chương 255 Diệt Sát Tà Tu.txt
[256/328] download chapter_id=14271933 file=Chương 256 Một Kiếp Nên Duyên Cả Đời Không Quên.txt
  OK decrypted=True written=Chương 256 Một Kiếp Nên Duyên Cả Đời Không Quên.txt
[257/328] download chapter_id=14272827 file=Chương 257 Vong Ơn Bội Nghĩa Lấy Oán Trả Ơn.txt
  OK decrypted=True written=Chương 257 Vong Ơn Bội Nghĩa Lấy Oán Trả Ơn.txt
[258/328] download chapter_id=14275679 file=Chương 258 Quỷ Cốc Đầm.txt
  OK decrypted=True written=Chương 258 Quỷ Cốc Đầm.txt
[259/328] download chapter_id=14275732 file=Chương 259 Đại Chiến Tử Âm Thú.txt
  OK decrypted=True written=Chương 259 Đại Chiến Tử Âm Thú.txt
[260/328] download chapter_id=14277880 file=Chương 260 Ngũ Đại Thi Tông.txt
  OK decrypted=True written=Chương 260 Ngũ Đại Thi Tông.txt
[261/328] download chapter_id=14280065 file=Chương 261 Lựa Chọn.txt
  OK decrypted=True written=Chương 261 Lựa Chọn.txt
[262/328] download chapter_id=14281763 file=Chương 262 Ma Vật Phân Thân.txt
  OK decrypted=True written=Chương 262 Ma Vật Phân Thân.txt
[263/328] download chapter_id=14283464 file=Chương 263 Đùa Thế Là Đủ Rồi.txt
  OK decrypted=True written=Chương 263 Đùa Thế Là Đủ Rồi.txt
[264/328] download chapter_id=14286860 file=Chương 264 Kim Đan Trung Kỳ.txt
  OK decrypted=True written=Chương 264 Kim Đan Trung Kỳ.txt
[265/328] download chapter_id=14286830 file=Chương 265 Vĩnh Hằng Vạn Sơn.txt
  OK decrypted=True written=Chương 265 Vĩnh Hằng Vạn Sơn.txt
[266/328] download chapter_id=14289611 file=Chương 266 Vùng Đất U Ám.txt
  OK decrypted=True written=Chương 266 Vùng Đất U Ám.txt
[267/328] download chapter_id=14289590 file=Chương 267 U Vực Quỷ Tu.txt
  OK decrypted=True written=Chương 267 U Vực Quỷ Tu.txt
[268/328] download chapter_id=14291087 file=Chương 268 Trận Chiến Khốc Liệt Tại Qủy Vực.txt
  OK decrypted=True written=Chương 268 Trận Chiến Khốc Liệt Tại Qủy Vực.txt
[269/328] download chapter_id=14292207 file=Chương 269 Ngộ Nhập Bắc Vọng Châu.txt
  OK decrypted=True written=Chương 269 Ngộ Nhập Bắc Vọng Châu.txt
[270/328] download chapter_id=14295207 file=Chương 270 Hải Thần Châu.txt
  OK decrypted=True written=Chương 270 Hải Thần Châu.txt
[271/328] download chapter_id=14295210 file=Chương 271 Cửu Đương Gia Toàn Phong Trại.txt
  OK decrypted=True written=Chương 271 Cửu Đương Gia Toàn Phong Trại.txt
[272/328] download chapter_id=14298321 file=Chương 272 Rời Khỏi Hải Thần Châu.txt
  OK decrypted=True written=Chương 272 Rời Khỏi Hải Thần Châu.txt
[273/328] download chapter_id=14299708 file=Chương 273 Hải Biên Thành Đấu Giá Hội.txt
  OK decrypted=True written=Chương 273 Hải Biên Thành Đấu Giá Hội.txt
[274/328] download chapter_id=14302998 file=Chương 274 Hải Lam Ngân Dực Vũ.txt
  OK decrypted=True written=Chương 274 Hải Lam Ngân Dực Vũ.txt
[275/328] download chapter_id=14302957 file=Chương 275 Hồn Ngưng Vọng Âm Tủy.txt
  OK decrypted=True written=Chương 275 Hồn Ngưng Vọng Âm Tủy.txt
[276/328] download chapter_id=14304291 file=Chương 276 Tinh Không Vòng Khuyên.txt
  OK decrypted=True written=Chương 276 Tinh Không Vòng Khuyên.txt
[277/328] download chapter_id=14305577 file=Chương 277 Tu Chân Lộ Tranh Đoạt.txt
  OK decrypted=True written=Chương 277 Tu Chân Lộ Tranh Đoạt.txt
[278/328] download chapter_id=14308360 file=Chương 278 Tỷ Đấu 1.txt
  OK decrypted=True written=Chương 278 Tỷ Đấu 1.txt
[279/328] download chapter_id=14308646 file=Chương 279 Tỷ Đấu 2.txt
  OK decrypted=True written=Chương 279 Tỷ Đấu 2.txt
[280/328] download chapter_id=14310571 file=Chương 280 Danh Ngạch Giảm Bớt.txt
  OK decrypted=True written=Chương 280 Danh Ngạch Giảm Bớt.txt
[281/328] download chapter_id=14319095 file=Chương 281 Lên Thuyền Đi Tới Tu Chân Lộ.txt
  OK decrypted=True written=Chương 281 Lên Thuyền Đi Tới Tu Chân Lộ.txt
[282/328] download chapter_id=14320706 file=Chương 282 Xung Đột Trên Phi Thuyền.txt
  OK decrypted=True written=Chương 282 Xung Đột Trên Phi Thuyền.txt
[283/328] download chapter_id=14321952 file=Chương 283 Vào Tu Chân Lộ.txt
  OK decrypted=True written=Chương 283 Vào Tu Chân Lộ.txt
[284/328] download chapter_id=14331638 file=Chương 284 Động Phủ Thần Bí.txt
  OK decrypted=True written=Chương 284 Động Phủ Thần Bí.txt
[285/328] download chapter_id=14335527 file=Chương 285 Phá Phong Ấn.txt
  OK decrypted=True written=Chương 285 Phá Phong Ấn.txt
[286/328] download chapter_id=14338541 file=Chương 286 Vô Thức.txt
  OK decrypted=True written=Chương 286 Vô Thức.txt
[287/328] download chapter_id=14344763 file=Chương 287 Bị Ngăn Cản.txt
  OK decrypted=True written=Chương 287 Bị Ngăn Cản.txt
[288/328] download chapter_id=14347681 file=Chương 288 Xung Đột.txt
  OK decrypted=True written=Chương 288 Xung Đột.txt
[289/328] download chapter_id=14350877 file=Chương 289 Giằng Co.txt
  OK decrypted=True written=Chương 289 Giằng Co.txt
[290/328] download chapter_id=14354829 file=Chương 290 Ngươi Dám Thu Phí Ta Sao.txt
  OK decrypted=True written=Chương 290 Ngươi Dám Thu Phí Ta Sao.txt
[291/328] download chapter_id=14355984 file=Chương 291 Gặp Lại Trường Sinh Thất.txt
  OK decrypted=True written=Chương 291 Gặp Lại Trường Sinh Thất.txt
[292/328] download chapter_id=14360599 file=Chương 292 Vực Thứ Hai Gian Nan.txt
  OK decrypted=True written=Chương 292 Vực Thứ Hai Gian Nan.txt
[293/328] download chapter_id=14362753 file=Chương 293 Phần Mộ.txt
  OK decrypted=True written=Chương 293 Phần Mộ.txt
[294/328] download chapter_id=14363885 file=Chương 294 Quan Tài Thần Bí.txt
  OK decrypted=True written=Chương 294 Quan Tài Thần Bí.txt
[295/328] download chapter_id=14367845 file=Chương 295 Trường Sinh Thất Xuất Thủ.txt
  OK decrypted=True written=Chương 295 Trường Sinh Thất Xuất Thủ.txt
[296/328] download chapter_id=14369424 file=Chương 296 Quan Tài Dị Biến.txt
  OK decrypted=True written=Chương 296 Quan Tài Dị Biến.txt
[297/328] download chapter_id=14370021 file=Chương 297 Lực Lượng Thần Bí.txt
  OK decrypted=True written=Chương 297 Lực Lượng Thần Bí.txt
[298/328] download chapter_id=14373311 file=Chương 298 Kiếm Ý Khủng Bố.txt
  OK decrypted=True written=Chương 298 Kiếm Ý Khủng Bố.txt
[299/328] download chapter_id=14374894 file=Chương 299 Sát Phạt Kiếm Ý.txt
  OK decrypted=True written=Chương 299 Sát Phạt Kiếm Ý.txt
[300/328] download chapter_id=14376911 file=Chương 300 Tổ Đội.txt
  OK decrypted=True written=Chương 300 Tổ Đội.txt
[301/328] download chapter_id=14377175 file=Chương 301 Đụng Độ Tứ Giai Yêu Thú.txt
  OK decrypted=True written=Chương 301 Đụng Độ Tứ Giai Yêu Thú.txt
[302/328] download chapter_id=14377999 file=Chương 302 Huyết Hải Biến Động.txt
  OK decrypted=True written=Chương 302 Huyết Hải Biến Động.txt
[303/328] download chapter_id=14388276 file=Chương 303 Bị Cuốn Vào Đáy Huyết Hải.txt
  OK decrypted=True written=Chương 303 Bị Cuốn Vào Đáy Huyết Hải.txt
[304/328] download chapter_id=14391212 file=Chương 304 Đáy Cạn Huyết Hải.txt
  OK decrypted=True written=Chương 304 Đáy Cạn Huyết Hải.txt
[305/328] download chapter_id=14393596 file=Chương 305 Thôi Diễn Cấm Trận.txt
  OK decrypted=True written=Chương 305 Thôi Diễn Cấm Trận.txt
[306/328] download chapter_id=14396257 file=Chương 306 Phiền Phức.txt
  OK decrypted=True written=Chương 306 Phiền Phức.txt
[307/328] download chapter_id=14398374 file=Chương 307 La Lục Tức Giận.txt
  OK decrypted=True written=Chương 307 La Lục Tức Giận.txt
[308/328] download chapter_id=14402505 file=Chương 308 Tự Bạo Nguyên Anh.txt
  OK decrypted=True written=Chương 308 Tự Bạo Nguyên Anh.txt
[309/328] download chapter_id=14405470 file=Chương 309 Thoát Khốn.txt
  OK decrypted=True written=Chương 309 Thoát Khốn.txt
[310/328] download chapter_id=14408345 file=Chương 310 Truyền Tống Thất Bại.txt
  OK decrypted=True written=Chương 310 Truyền Tống Thất Bại.txt
[311/328] download chapter_id=14411082 file=Chương 311 Cửa Vào Vực Thứ Ba.txt
  OK decrypted=True written=Chương 311 Cửa Vào Vực Thứ Ba.txt
[312/328] download chapter_id=14413294 file=Chương 312 Tu Chân Lộ Chân Chính.txt
  OK decrypted=True written=Chương 312 Tu Chân Lộ Chân Chính.txt
[313/328] download chapter_id=14414466 file=Chương 313 Gian Nan.txt
  OK decrypted=True written=Chương 313 Gian Nan.txt
[314/328] download chapter_id=14415030 file=Chương 314 Phát Tài.txt
  OK decrypted=True written=Chương 314 Phát Tài.txt
[315/328] download chapter_id=14415520 file=Chương 315 Lôi Điện Khủng Bố.txt
  OK decrypted=True written=Chương 315 Lôi Điện Khủng Bố.txt
[316/328] download chapter_id=14416354 file=Chương 316 Lần Nữa Tổ Đội.txt
  OK decrypted=True written=Chương 316 Lần Nữa Tổ Đội.txt
[317/328] download chapter_id=14417503 file=Chương 317 Đến Trấn Lôi Thành.txt
  OK decrypted=True written=Chương 317 Đến Trấn Lôi Thành.txt
[318/328] download chapter_id=14418075 file=Chương 318 Lôi Uy Khủng Bố.txt
  OK decrypted=True written=Chương 318 Lôi Uy Khủng Bố.txt
[319/328] download chapter_id=14428411 file=Chương 319 Ai Đâm Ai.txt
  OK decrypted=True written=Chương 319 Ai Đâm Ai.txt
[320/328] download chapter_id=14432621 file=Chương 320 Ụ Đá Lôi Hệ.txt
  OK decrypted=True written=Chương 320 Ụ Đá Lôi Hệ.txt
[321/328] download chapter_id=14434348 file=Chương 321 Bí Ẩn Trấn Lôi Thành.txt
  OK decrypted=True written=Chương 321 Bí Ẩn Trấn Lôi Thành.txt
[322/328] download chapter_id=14435845 file=Chương 322 Tiểu Hắc Tử Biến Hóa.txt
  OK decrypted=True written=Chương 322 Tiểu Hắc Tử Biến Hóa.txt
[323/328] download chapter_id=14438006 file=Chương 323 Bước Vào Sư Cảnh.txt
  OK decrypted=True written=Chương 323 Bước Vào Sư Cảnh.txt
[324/328] download chapter_id=14442572 file=Chương 324 Độ Kiếp Nguyên Anh 1.txt
  OK decrypted=True written=Chương 324 Độ Kiếp Nguyên Anh 1.txt
[325/328] download chapter_id=14443695 file=Chương 325 Độ Kiếp Nguyên Anh 2.txt
  OK decrypted=True written=Chương 325 Độ Kiếp Nguyên Anh 2.txt
[326/328] download chapter_id=14444062 file=Chương 326 Rời Khỏi Tu Chân Lộ.txt
  OK decrypted=True written=Chương 326 Rời Khỏi Tu Chân Lộ.txt
[327/328] download chapter_id=14444803 file=Chương 327 Rời Khỏi Bắc Vọng Châu HẾT QUYỂN 1.txt
  OK decrypted=True written=Chương 327 Rời Khỏi Bắc Vọng Châu HẾT QUYỂN 1.txt
[328/328] download chapter_id=14577588 file=Chương 328 Thông báo Tác giả có lời muốn nói 3.txt
  OK decrypted=True written=Chương 328 Thông báo Tác giả có lời muốn nói 3.txt
final_ok=328
final_fail=0
out=C:\Dev\MTC\Thất Nguyệt Tu Chân Giới

[stderr]
