book=Định Mệnh
book_id=106124
out=C:\Dev\MTC\Định Mệnh
chapters_total=65 expected=65
[1/65] download chapter_id=13250966 file=Chương 1 Gặp gỡ 1.txt
  OK decrypted=True written=Chương 1 Gặp gỡ 1.txt
[2/65] download chapter_id=13250990 file=Chương 2 Gặp gỡ 2.txt
  OK decrypted=True written=Chương 2 Gặp gỡ 2.txt
[3/65] download chapter_id=13254003 file=Chương 3 Chia tay 1.txt
  OK decrypted=True written=Chương 3 Chia tay 1.txt
[4/65] download chapter_id=13254013 file=Chương 4 Chia tay 2.txt
  OK decrypted=True written=Chương 4 Chia tay 2.txt
[5/65] download chapter_id=13265741 file=Chương 5 Tứ Long sứ.txt
  OK decrypted=True written=Chương 5 Tứ Long sứ.txt
[6/65] download chapter_id=13265751 file=Chương 6 Có phải là yêu.txt
  OK decrypted=True written=Chương 6 Có phải là yêu.txt
[7/65] download chapter_id=13265859 file=Chương 7 Cung chủ.txt
  OK decrypted=True written=Chương 7 Cung chủ.txt
[8/65] download chapter_id=13267506 file=Chương 8 Duyên.txt
  OK decrypted=True written=Chương 8 Duyên.txt
[9/65] download chapter_id=13267507 file=Chương 9 Nhớ ngươi.txt
  OK decrypted=True written=Chương 9 Nhớ ngươi.txt
[10/65] download chapter_id=13267508 file=Chương 10 Xin lỗi muội Y Y.txt
  OK decrypted=True written=Chương 10 Xin lỗi muội Y Y.txt
[11/65] download chapter_id=13268966 file=Chương 11 Buông tay.txt
  OK decrypted=True written=Chương 11 Buông tay.txt
[12/65] download chapter_id=13268971 file=Chương 12 Trọn đời.txt
  OK decrypted=True written=Chương 12 Trọn đời.txt
[13/65] download chapter_id=13268975 file=Chương 13 Thanh y nữ tử.txt
  OK decrypted=True written=Chương 13 Thanh y nữ tử.txt
[14/65] download chapter_id=13269531 file=Chương 14 Lỗi Nhịp Con Tim.txt
  OK decrypted=True written=Chương 14 Lỗi Nhịp Con Tim.txt
[15/65] download chapter_id=13271611 file=Chương 15 Giá như huynh ở đây.txt
  OK decrypted=True written=Chương 15 Giá như huynh ở đây.txt
[16/65] download chapter_id=13271612 file=Chương 16 Tuyết mùa thu phần 1.txt
  OK decrypted=True written=Chương 16 Tuyết mùa thu phần 1.txt
[17/65] download chapter_id=13278992 file=Chương 17 Tuyết mùa thu phần 2.txt
  OK decrypted=True written=Chương 17 Tuyết mùa thu phần 2.txt
[18/65] download chapter_id=13278993 file=Chương 18 Oan gia.txt
  OK decrypted=True written=Chương 18 Oan gia.txt
[19/65] download chapter_id=13293106 file=Chương 19 Hồi ức.txt
  OK decrypted=True written=Chương 19 Hồi ức.txt
[20/65] download chapter_id=13293107 file=Chương 20 Có thù tất báo 1.txt
  OK decrypted=True written=Chương 20 Có thù tất báo 1.txt
[21/65] download chapter_id=13293108 file=Chương 21 Có thù tất báo 2.txt
  OK decrypted=True written=Chương 21 Có thù tất báo 2.txt
[22/65] download chapter_id=13300214 file=Chương 22 Mai Hoa cổ động 1.txt
  OK decrypted=True written=Chương 22 Mai Hoa cổ động 1.txt
[23/65] download chapter_id=13300215 file=Chương 23 Mai Hoa cổ động 2.txt
  OK decrypted=True written=Chương 23 Mai Hoa cổ động 2.txt
[24/65] download chapter_id=13300216 file=Chương 24 Mai Hoa cổ động 3.txt
  OK decrypted=True written=Chương 24 Mai Hoa cổ động 3.txt
[25/65] download chapter_id=13302888 file=Chương 25 Mai Hoa cổ động 4.txt
  OK decrypted=True written=Chương 25 Mai Hoa cổ động 4.txt
[26/65] download chapter_id=13302889 file=Chương 26 Mai Hoa cổ động 5.txt
  OK decrypted=True written=Chương 26 Mai Hoa cổ động 5.txt
[27/65] download chapter_id=13302890 file=Chương 27 Mia Hoa cổ động 6.txt
  OK decrypted=True written=Chương 27 Mia Hoa cổ động 6.txt
[28/65] download chapter_id=13302891 file=Chương 28 Nguyệt Như.txt
  OK decrypted=True written=Chương 28 Nguyệt Như.txt
[29/65] download chapter_id=13306013 file=Chương 29 Ray rứt.txt
  OK decrypted=True written=Chương 29 Ray rứt.txt
[30/65] download chapter_id=13306014 file=Chương 30 Untitled.txt
  OK decrypted=True written=Chương 30 Untitled.txt
[31/65] download chapter_id=13306015 file=Chương 31 Mật ngọt 1.txt
  OK decrypted=True written=Chương 31 Mật ngọt 1.txt
[32/65] download chapter_id=13308354 file=Chương 32 Mật ngọt 2.txt
  OK decrypted=True written=Chương 32 Mật ngọt 2.txt
[33/65] download chapter_id=13308355 file=Chương 33 Trở về 1.txt
  OK decrypted=True written=Chương 33 Trở về 1.txt
[34/65] download chapter_id=13308356 file=Chương 34 Trở về 2.txt
  OK decrypted=True written=Chương 34 Trở về 2.txt
[35/65] download chapter_id=13311132 file=Chương 35 Trở về 2.txt
  OK decrypted=True written=Chương 35 Trở về 2.txt
[36/65] download chapter_id=13311133 file=Chương 36 Cho ta một chút thời gian.txt
  OK decrypted=True written=Chương 36 Cho ta một chút thời gian.txt
[37/65] download chapter_id=13311134 file=Chương 37 Nghi ngờ.txt
  OK decrypted=True written=Chương 37 Nghi ngờ.txt
[38/65] download chapter_id=13313933 file=Chương 38 Khởi đầu thương ly 1.txt
  OK decrypted=True written=Chương 38 Khởi đầu thương ly 1.txt
[39/65] download chapter_id=13313934 file=Chương 39 Khởi đầu thương ly 2.txt
  OK decrypted=True written=Chương 39 Khởi đầu thương ly 2.txt
[40/65] download chapter_id=13313935 file=Chương 40 Khởi đầu thương ly 3.txt
  OK decrypted=True written=Chương 40 Khởi đầu thương ly 3.txt
[41/65] download chapter_id=13316996 file=Chương 41 Khởi đầu thương ly 4.txt
  OK decrypted=True written=Chương 41 Khởi đầu thương ly 4.txt
[42/65] download chapter_id=13316997 file=Chương 42 Khởi đầu thương ly 5.txt
  OK decrypted=True written=Chương 42 Khởi đầu thương ly 5.txt
[43/65] download chapter_id=13319526 file=Chương 43 Rối lòng.txt
  OK decrypted=True written=Chương 43 Rối lòng.txt
[44/65] download chapter_id=13322591 file=Chương 44 Thân thế thật sự.txt
  OK decrypted=True written=Chương 44 Thân thế thật sự.txt
[45/65] download chapter_id=13325458 file=Chương 45 Thân thế thật sự 2.txt
  OK decrypted=True written=Chương 45 Thân thế thật sự 2.txt
[46/65] download chapter_id=13330974 file=Chương 46 Thân thế thật sự 3.txt
  OK decrypted=True written=Chương 46 Thân thế thật sự 3.txt
[47/65] download chapter_id=13332938 file=Chương 47 Loạn tâm.txt
  OK decrypted=True written=Chương 47 Loạn tâm.txt
[48/65] download chapter_id=13339406 file=Chương 48 Loạn tâm 2.txt
  OK decrypted=True written=Chương 48 Loạn tâm 2.txt
[49/65] download chapter_id=13344521 file=Chương 49 Mẹ.txt
  OK decrypted=True written=Chương 49 Mẹ.txt
[50/65] download chapter_id=13347869 file=Chương 50 Mê hồn tán 1.txt
  OK decrypted=True written=Chương 50 Mê hồn tán 1.txt
[51/65] download chapter_id=13356093 file=Chương 51 Mê hồn tán 2.txt
  OK decrypted=True written=Chương 51 Mê hồn tán 2.txt
[52/65] download chapter_id=13356094 file=Chương 52 Mê hồn tán 3.txt
  OK decrypted=True written=Chương 52 Mê hồn tán 3.txt
[53/65] download chapter_id=13370957 file=Chương 53 Mê hồn tán 4.txt
  OK decrypted=True written=Chương 53 Mê hồn tán 4.txt
[54/65] download chapter_id=13370958 file=Chương 54 Thừa nhận.txt
  OK decrypted=True written=Chương 54 Thừa nhận.txt
[55/65] download chapter_id=13696167 file=Chương 55 Sát nhân.txt
  OK decrypted=True written=Chương 55 Sát nhân.txt
[56/65] download chapter_id=13696168 file=Chương 56 Vô tình.txt
  OK decrypted=True written=Chương 56 Vô tình.txt
[57/65] download chapter_id=13696310 file=Chương 57 Bất ngờ.txt
  OK decrypted=True written=Chương 57 Bất ngờ.txt
[58/65] download chapter_id=13696311 file=Chương 58 Một chút ngọt ngào.txt
  OK decrypted=True written=Chương 58 Một chút ngọt ngào.txt
[59/65] download chapter_id=13696361 file=Chương 59 Đông qua chỉ hận xuân không về.txt
  OK decrypted=True written=Chương 59 Đông qua chỉ hận xuân không về.txt
[60/65] download chapter_id=13696362 file=Chương 60 Đông qua chỉ hận xuân không về 2.txt
  OK decrypted=True written=Chương 60 Đông qua chỉ hận xuân không về 2.txt
[61/65] download chapter_id=13703550 file=Chương 61 Xuân qua chỉ hận xuân không về 3.txt
  OK decrypted=True written=Chương 61 Xuân qua chỉ hận xuân không về 3.txt
[62/65] download chapter_id=13703551 file=Chương 62 Trò đùa định mệnh 1.txt
  OK decrypted=True written=Chương 62 Trò đùa định mệnh 1.txt
[63/65] download chapter_id=13703552 file=Chương 63 Trò đùa định mệnh 2.txt
  OK decrypted=True written=Chương 63 Trò đùa định mệnh 2.txt
[64/65] download chapter_id=13703553 file=Chương 64 Tận cùng thương đau.txt
  OK decrypted=True written=Chương 64 Tận cùng thương đau.txt
[65/65] download chapter_id=13703554 file=Chương 65 Thương ly Đại Kết Cục.txt
  OK decrypted=True written=Chương 65 Thương ly Đại Kết Cục.txt
final_ok=65
final_fail=0
out=C:\Dev\MTC\Định Mệnh

[stderr]
