book=Nhị Thứ Nguyên Thần Tượng Âm Nhạc
book_id=102973
out=C:\Dev\MTC\Nhị Thứ Nguyên Thần Tượng Âm Nhạc
chapters_total=376 expected=376
[1/376] download chapter_id=10832847 file=Chương 1 Hatsune Miku.txt
  OK decrypted=True written=Chương 1 Hatsune Miku.txt
[2/376] download chapter_id=10832848 file=Chương 2 Makino.txt
  OK decrypted=True written=Chương 2 Makino.txt
[3/376] download chapter_id=10832849 file=Chương 3 Bài Hát Hotaru.txt
  OK decrypted=True written=Chương 3 Bài Hát Hotaru.txt
[4/376] download chapter_id=10832850 file=Chương 4 Linh Lực.txt
  OK decrypted=True written=Chương 4 Linh Lực.txt
[5/376] download chapter_id=10832851 file=Chương 5 Thực Linh Quyết.txt
  OK decrypted=True written=Chương 5 Thực Linh Quyết.txt
[6/376] download chapter_id=10832852 file=Chương 6 Trái Ác Quỷ.txt
  OK decrypted=True written=Chương 6 Trái Ác Quỷ.txt
[7/376] download chapter_id=10832853 file=Chương 7 Không Gian Tinh Linh.txt
  OK decrypted=True written=Chương 7 Không Gian Tinh Linh.txt
[8/376] download chapter_id=10832854 file=Chương 8 Bẫy Rập.txt
  OK decrypted=True written=Chương 8 Bẫy Rập.txt
[9/376] download chapter_id=10832855 file=Chương 9 Làng Shimostuki.txt
  OK decrypted=True written=Chương 9 Làng Shimostuki.txt
[10/376] download chapter_id=10832856 file=Chương 10 Nhất Đao Lưu✢Sóng Âm Trảm.txt
  OK decrypted=True written=Chương 10 Nhất Đao Lưu✢Sóng Âm Trảm.txt
[11/376] download chapter_id=10832857 file=Chương 11 Khiêu Chiến.txt
  OK decrypted=True written=Chương 11 Khiêu Chiến.txt
[12/376] download chapter_id=10832858 file=Chương 12 Hyogoro.txt
  OK decrypted=True written=Chương 12 Hyogoro.txt
[13/376] download chapter_id=10832859 file=Chương 13 Học Kiếm.txt
  OK decrypted=True written=Chương 13 Học Kiếm.txt
[14/376] download chapter_id=10832860 file=Chương 14 Kuinai Nguy Hiểm.txt
  OK decrypted=True written=Chương 14 Kuinai Nguy Hiểm.txt
[15/376] download chapter_id=10832861 file=Chương 15 Mượn Đồ.txt
  OK decrypted=True written=Chương 15 Mượn Đồ.txt
[16/376] download chapter_id=10832862 file=Chương 16 Bảo Đao.txt
  OK decrypted=True written=Chương 16 Bảo Đao.txt
[17/376] download chapter_id=10832863 file=Chương 17 Lắng Nghe Vạn Vật Âm Thanh.txt
  OK decrypted=True written=Chương 17 Lắng Nghe Vạn Vật Âm Thanh.txt
[18/376] download chapter_id=10832864 file=Chương 18 Căn Cứ Trái Cây.txt
  OK decrypted=True written=Chương 18 Căn Cứ Trái Cây.txt
[19/376] download chapter_id=10832865 file=Chương 19 Hải Lâu Thạch.txt
  OK decrypted=True written=Chương 19 Hải Lâu Thạch.txt
[20/376] download chapter_id=10832866 file=Chương 20 Xây Dựng Bắt Đầu.txt
  OK decrypted=True written=Chương 20 Xây Dựng Bắt Đầu.txt
[21/376] download chapter_id=10832867 file=Chương 21 Đông Hải Nguy Cơ.txt
  OK decrypted=True written=Chương 21 Đông Hải Nguy Cơ.txt
[22/376] download chapter_id=10832868 file=Chương 22 Đại Vị Vương.txt
  OK decrypted=True written=Chương 22 Đại Vị Vương.txt
[23/376] download chapter_id=10832869 file=Chương 23 Houshoku Haki.txt
  OK decrypted=True written=Chương 23 Houshoku Haki.txt
[24/376] download chapter_id=10832870 file=Chương 24 Gion.txt
  OK decrypted=True written=Chương 24 Gion.txt
[25/376] download chapter_id=10832871 file=Chương 25 Goro Goro Trái Ác Quỷ.txt
  OK decrypted=True written=Chương 25 Goro Goro Trái Ác Quỷ.txt
[26/376] download chapter_id=10832872 file=Chương 26 Lôi Nhân.txt
  OK decrypted=True written=Chương 26 Lôi Nhân.txt
[27/376] download chapter_id=10832873 file=Chương 27 Gan Fall Thuần Phục.txt
  OK decrypted=True written=Chương 27 Gan Fall Thuần Phục.txt
[28/376] download chapter_id=10832874 file=Chương 28 Vé Ca Nhạc.txt
  OK decrypted=True written=Chương 28 Vé Ca Nhạc.txt
[29/376] download chapter_id=10832875 file=Chương 29 Tinh Linh Sân Khấu.txt
  OK decrypted=True written=Chương 29 Tinh Linh Sân Khấu.txt
[30/376] download chapter_id=10832876 file=Chương 30 Buổi Ca Nhạc Bắt Đầu.txt
  OK decrypted=True written=Chương 30 Buổi Ca Nhạc Bắt Đầu.txt
[31/376] download chapter_id=10832877 file=Chương 31 Tinh Linh Sân Khấu.txt
  OK decrypted=True written=Chương 31 Tinh Linh Sân Khấu.txt
[32/376] download chapter_id=10832878 file=Chương 32 Tadashi Ringo Ra Sân.txt
  OK decrypted=True written=Chương 32 Tadashi Ringo Ra Sân.txt
[33/376] download chapter_id=10832879 file=Chương 33 Ta Có Một Ước Mơ.txt
  OK decrypted=True written=Chương 33 Ta Có Một Ước Mơ.txt
[34/376] download chapter_id=10832880 file=Chương 34 Ca Nhạc Kết Thúc.txt
  OK decrypted=True written=Chương 34 Ca Nhạc Kết Thúc.txt
[35/376] download chapter_id=10832881 file=Chương 35 Tadashi Ringo Hắc Hóa.txt
  OK decrypted=True written=Chương 35 Tadashi Ringo Hắc Hóa.txt
[36/376] download chapter_id=10832882 file=Chương 36 Hatsune Miku Hoảng Hốt.txt
  OK decrypted=True written=Chương 36 Hatsune Miku Hoảng Hốt.txt
[37/376] download chapter_id=10832883 file=Chương 37 Hắc Hóa.txt
  OK decrypted=True written=Chương 37 Hắc Hóa.txt
[38/376] download chapter_id=10832884 file=Chương 38 Makino Vui Vẻ.txt
  OK decrypted=True written=Chương 38 Makino Vui Vẻ.txt
[39/376] download chapter_id=10832885 file=Chương 39 Ngôn Linh Đao Thiên Sứ Gabriel.txt
  OK decrypted=True written=Chương 39 Ngôn Linh Đao Thiên Sứ Gabriel.txt
[40/376] download chapter_id=10832886 file=Chương 40 Koushirou Kinh Ngạc.txt
  OK decrypted=True written=Chương 40 Koushirou Kinh Ngạc.txt
[41/376] download chapter_id=10832887 file=Chương 41 Ringo Xuất Sư.txt
  OK decrypted=True written=Chương 41 Ringo Xuất Sư.txt
[42/376] download chapter_id=10832888 file=Chương 42 Ta Là Izayoi Miku.txt
  OK decrypted=True written=Chương 42 Ta Là Izayoi Miku.txt
[43/376] download chapter_id=10832889 file=Chương 43 Kuinai Run Rẩy.txt
  OK decrypted=True written=Chương 43 Kuinai Run Rẩy.txt
[44/376] download chapter_id=10832890 file=Chương 44 Thuyết Phục Thất Bại.txt
  OK decrypted=True written=Chương 44 Thuyết Phục Thất Bại.txt
[45/376] download chapter_id=10832891 file=Chương 45 Quyết Đấu.txt
  OK decrypted=True written=Chương 45 Quyết Đấu.txt
[46/376] download chapter_id=10832892 file=Chương 46 Ringo Bừng Tỉnh.txt
  OK decrypted=True written=Chương 46 Ringo Bừng Tỉnh.txt
[47/376] download chapter_id=10832893 file=Chương 47 Miku Bất Hiếu.txt
  OK decrypted=True written=Chương 47 Miku Bất Hiếu.txt
[48/376] download chapter_id=10832894 file=Chương 48 Lại Đến Skypiea.txt
  OK decrypted=True written=Chương 48 Lại Đến Skypiea.txt
[49/376] download chapter_id=10832895 file=Chương 49 Kuinai Ghen Tỵ.txt
  OK decrypted=True written=Chương 49 Kuinai Ghen Tỵ.txt
[50/376] download chapter_id=10832896 file=Chương 50 Một Tuần Sau.txt
  OK decrypted=True written=Chương 50 Một Tuần Sau.txt
[51/376] download chapter_id=10832897 file=Chương 51 Trái Ác Quỷ và Người Shandia.txt
  OK decrypted=True written=Chương 51 Trái Ác Quỷ và Người Shandia.txt
[52/376] download chapter_id=10832898 file=Chương 52 Thế Giới Ý Chí.txt
  OK decrypted=True written=Chương 52 Thế Giới Ý Chí.txt
[53/376] download chapter_id=10832899 file=Chương 53 Giao Dịch.txt
  OK decrypted=True written=Chương 53 Giao Dịch.txt
[54/376] download chapter_id=10832900 file=Chương 54 Mikasa.txt
  OK decrypted=True written=Chương 54 Mikasa.txt
[55/376] download chapter_id=10832901 file=Chương 55 Ta Xem Ngươi Là Bằng Hữu Ngươi Lại Muốn Làm Mẹ Ta.txt
  OK decrypted=True written=Chương 55 Ta Xem Ngươi Là Bằng Hữu Ngươi Lại Muốn Làm Mẹ Ta.txt
[56/376] download chapter_id=10832902 file=Chương 56 Tà Giáo Xâm Lược.txt
  OK decrypted=True written=Chương 56 Tà Giáo Xâm Lược.txt
[57/376] download chapter_id=10832903 file=Chương 57 Thế Giới Pháp Tắc.txt
  OK decrypted=True written=Chương 57 Thế Giới Pháp Tắc.txt
[58/376] download chapter_id=10832904 file=Chương 58 Ringo Nghi Ngờ.txt
  OK decrypted=True written=Chương 58 Ringo Nghi Ngờ.txt
[59/376] download chapter_id=10832905 file=Chương 59 Hệ Thống Bí Mật.txt
  OK decrypted=True written=Chương 59 Hệ Thống Bí Mật.txt
[60/376] download chapter_id=10832906 file=Chương 60 Buổi Ca Nhạc Bắt Đầu.txt
  OK decrypted=True written=Chương 60 Buổi Ca Nhạc Bắt Đầu.txt
[61/376] download chapter_id=10832907 file=Chương 61 Tẩy Não Luật Lệ Xuyên Việt Giả.txt
  OK decrypted=True written=Chương 61 Tẩy Não Luật Lệ Xuyên Việt Giả.txt
[62/376] download chapter_id=10832908 file=Chương 62 Murasama Reine.txt
  OK decrypted=True written=Chương 62 Murasama Reine.txt
[63/376] download chapter_id=10832909 file=Chương 63 Quang Hoàn.txt
  OK decrypted=True written=Chương 63 Quang Hoàn.txt
[64/376] download chapter_id=10832910 file=Chương 64 Trường Học.txt
  OK decrypted=True written=Chương 64 Trường Học.txt
[65/376] download chapter_id=10832911 file=Chương 65 Người Qua Đường Thuộc Tính.txt
  OK decrypted=True written=Chương 65 Người Qua Đường Thuộc Tính.txt
[66/376] download chapter_id=10832912 file=Chương 66 Xuyên Việt Giả thân phận.txt
  OK decrypted=True written=Chương 66 Xuyên Việt Giả thân phận.txt
[67/376] download chapter_id=10832913 file=Chương 67 Nico. Robin.txt
  OK decrypted=True written=Chương 67 Nico. Robin.txt
[68/376] download chapter_id=10832914 file=Chương 68 Ringo Ác Ma.txt
  OK decrypted=True written=Chương 68 Ringo Ác Ma.txt
[69/376] download chapter_id=10832915 file=Chương 69 Nhiếp Ảnh Gia Hệ Thống.txt
  OK decrypted=True written=Chương 69 Nhiếp Ảnh Gia Hệ Thống.txt
[70/376] download chapter_id=10832916 file=Chương 70 Ringo Rời đi Xuyên Việt Giả Thù Hận.txt
  OK decrypted=True written=Chương 70 Ringo Rời đi Xuyên Việt Giả Thù Hận.txt
[71/376] download chapter_id=10832917 file=Chương 71 Thần Hệ và Thánh Nữ.txt
  OK decrypted=True written=Chương 71 Thần Hệ và Thánh Nữ.txt
[72/376] download chapter_id=10832918 file=Chương 72 Tiếp Cận Nico Robin.txt
  OK decrypted=True written=Chương 72 Tiếp Cận Nico Robin.txt
[73/376] download chapter_id=10832919 file=Chương 73 Cùng Nico Robin Trò Chuyện.txt
  OK decrypted=True written=Chương 73 Cùng Nico Robin Trò Chuyện.txt
[74/376] download chapter_id=10832920 file=Chương 74 Nico Robin Bị Phát Hiện.txt
  OK decrypted=True written=Chương 74 Nico Robin Bị Phát Hiện.txt
[75/376] download chapter_id=10832921 file=Chương 75 Katou Aki và Gion.txt
  OK decrypted=True written=Chương 75 Katou Aki và Gion.txt
[76/376] download chapter_id=10832922 file=Chương 76 Xui Xẻo Quang Hoàn Mở Ra.txt
  OK decrypted=True written=Chương 76 Xui Xẻo Quang Hoàn Mở Ra.txt
[77/376] download chapter_id=10832923 file=Chương 77 Nghịch Đảo cùng Bankai.txt
  OK decrypted=True written=Chương 77 Nghịch Đảo cùng Bankai.txt
[78/376] download chapter_id=10832924 file=Chương 78 Kaido chan.txt
  OK decrypted=True written=Chương 78 Kaido chan.txt
[79/376] download chapter_id=10832925 file=Chương 79 Gate Of Babylon.txt
  OK decrypted=True written=Chương 79 Gate Of Babylon.txt
[80/376] download chapter_id=10832926 file=Chương 80 Chân Tướng.txt
  OK decrypted=True written=Chương 80 Chân Tướng.txt
[81/376] download chapter_id=10832927 file=Chương 81 Cơ Thể Ta Đâu.txt
  OK decrypted=True written=Chương 81 Cơ Thể Ta Đâu.txt
[82/376] download chapter_id=10832928 file=Chương 82 Nhạc Mẫu Ta là Thế Giới Ý Chí.txt
  OK decrypted=True written=Chương 82 Nhạc Mẫu Ta là Thế Giới Ý Chí.txt
[83/376] download chapter_id=10832929 file=Chương 83 Baby 5.txt
  OK decrypted=True written=Chương 83 Baby 5.txt
[84/376] download chapter_id=10832930 file=Chương 84 Nico Robin Gia Nhập.txt
  OK decrypted=True written=Chương 84 Nico Robin Gia Nhập.txt
[85/376] download chapter_id=10832931 file=Chương 85 Lịch Sử Chính Văn.txt
  OK decrypted=True written=Chương 85 Lịch Sử Chính Văn.txt
[86/376] download chapter_id=10832932 file=Chương 86 Tiêu Đề Chan chức mọi người năm mới vui vẻ.txt
  OK decrypted=True written=Chương 86 Tiêu Đề Chan chức mọi người năm mới vui vẻ.txt
[87/376] download chapter_id=10832933 file=Chương 87 Gate Of Babylon đã có ai muốn Tiêu Đề Chan lì xì nà.txt
  OK decrypted=True written=Chương 87 Gate Of Babylon đã có ai muốn Tiêu Đề Chan lì xì nà.txt
[88/376] download chapter_id=10832934 file=Chương 88 Đạo Tặc cùng Mượn Đồ.txt
  OK decrypted=True written=Chương 88 Đạo Tặc cùng Mượn Đồ.txt
[89/376] download chapter_id=10832935 file=Chương 89 Ringo Tài Bảo.txt
  OK decrypted=True written=Chương 89 Ringo Tài Bảo.txt
[90/376] download chapter_id=10832936 file=Chương 90 Tam Tinh Jack.txt
  OK decrypted=True written=Chương 90 Tam Tinh Jack.txt
[91/376] download chapter_id=10832937 file=Chương 91 Ringo cùng Aki Suy Đoán.txt
  OK decrypted=True written=Chương 91 Ringo cùng Aki Suy Đoán.txt
[92/376] download chapter_id=10832938 file=Chương 92 Wano Quốc.txt
  OK decrypted=True written=Chương 92 Wano Quốc.txt
[93/376] download chapter_id=10832939 file=Chương 93 Bảo Cụ Trái Ác Quỷ.txt
  OK decrypted=True written=Chương 93 Bảo Cụ Trái Ác Quỷ.txt
[94/376] download chapter_id=10832940 file=Chương 94 Ringo Quyết Định.txt
  OK decrypted=True written=Chương 94 Ringo Quyết Định.txt
[95/376] download chapter_id=10832941 file=Chương 95 Cực Phẩm Đại Bảo Đao.txt
  OK decrypted=True written=Chương 95 Cực Phẩm Đại Bảo Đao.txt
[96/376] download chapter_id=10832942 file=Chương 96 Kuinai Chữa Trị.txt
  OK decrypted=True written=Chương 96 Kuinai Chữa Trị.txt
[97/376] download chapter_id=10832943 file=Chương 97 Gate Of Babylon ✢Hình Chiếu.txt
  OK decrypted=True written=Chương 97 Gate Of Babylon ✢Hình Chiếu.txt
[98/376] download chapter_id=10832944 file=Chương 98 Đệ Nhất Đại Kiếm Hào Mihawk.txt
  OK decrypted=True written=Chương 98 Đệ Nhất Đại Kiếm Hào Mihawk.txt
[99/376] download chapter_id=10832945 file=Chương 99 Kết Thúc.txt
  OK decrypted=True written=Chương 99 Kết Thúc.txt
[100/376] download chapter_id=10832946 file=Chương 100 Chiến Đấu và Động Tâm.txt
  OK decrypted=True written=Chương 100 Chiến Đấu và Động Tâm.txt
[101/376] download chapter_id=10832947 file=Chương 101 Đánh Cướp.txt
  OK decrypted=True written=Chương 101 Đánh Cướp.txt
[102/376] download chapter_id=10832948 file=Chương 102 Tadashi Ringo và Mio Date A Live Bắt Đầu.txt
  OK decrypted=True written=Chương 102 Tadashi Ringo và Mio Date A Live Bắt Đầu.txt
[103/376] download chapter_id=10832949 file=Chương 103 Hệ Thống Tân Năng Lực.txt
  OK decrypted=True written=Chương 103 Hệ Thống Tân Năng Lực.txt
[104/376] download chapter_id=10832950 file=Chương 104 Ringo Và Kurumi Lên Phường.txt
  OK decrypted=True written=Chương 104 Ringo Và Kurumi Lên Phường.txt
[105/376] download chapter_id=10832951 file=Chương 105 Tokisaki Kurumi.txt
  OK decrypted=True written=Chương 105 Tokisaki Kurumi.txt
[106/376] download chapter_id=10832952 file=Chương 106 Tokisaki Kurumi Tương Lai Tới Thăm.txt
  OK decrypted=True written=Chương 106 Tokisaki Kurumi Tương Lai Tới Thăm.txt
[107/376] download chapter_id=10832953 file=Chương 107 Cùng Nhau Tắm.txt
  OK decrypted=True written=Chương 107 Cùng Nhau Tắm.txt
[108/376] download chapter_id=10832954 file=Chương 108 Thợ Làm Móng Kurumi.txt
  OK decrypted=True written=Chương 108 Thợ Làm Móng Kurumi.txt
[109/376] download chapter_id=10832955 file=Chương 109 Công Hưởng Chi Hôn.txt
  OK decrypted=True written=Chương 109 Công Hưởng Chi Hôn.txt
[110/376] download chapter_id=10832956 file=Chương 110 3 Năm Sau.txt
  OK decrypted=True written=Chương 110 3 Năm Sau.txt
[111/376] download chapter_id=10832957 file=Chương 111 Gặp Lại Kurumi.txt
  OK decrypted=True written=Chương 111 Gặp Lại Kurumi.txt
[112/376] download chapter_id=10832958 file=Chương 112 Tadashi Mio.txt
  OK decrypted=True written=Chương 112 Tadashi Mio.txt
[113/376] download chapter_id=10832959 file=Chương 113 Tadashi Ringo Suy Nghĩ.txt
  OK decrypted=True written=Chương 113 Tadashi Ringo Suy Nghĩ.txt
[114/376] download chapter_id=10832960 file=Chương 114 Tokisaki Kurumi Hành Động.txt
  OK decrypted=True written=Chương 114 Tokisaki Kurumi Hành Động.txt
[115/376] download chapter_id=10832961 file=Chương 115 Tokisaki Kurumi Mục Đích.txt
  OK decrypted=True written=Chương 115 Tokisaki Kurumi Mục Đích.txt
[116/376] download chapter_id=10832962 file=Chương 116 Hatsune Miku Bí Mật.txt
  OK decrypted=True written=Chương 116 Hatsune Miku Bí Mật.txt
[117/376] download chapter_id=10832963 file=Chương 117 Tadashi Ringo Tương Lai.txt
  OK decrypted=True written=Chương 117 Tadashi Ringo Tương Lai.txt
[118/376] download chapter_id=10832964 file=Chương 118 Kurumi Đánh Cược.txt
  OK decrypted=True written=Chương 118 Kurumi Đánh Cược.txt
[119/376] download chapter_id=10832965 file=Chương 119 Tadashi Ringo Suy Đoán.txt
  OK decrypted=True written=Chương 119 Tadashi Ringo Suy Đoán.txt
[120/376] download chapter_id=10832966 file=Chương 120 Tokisaki Kurumi Động Tâm.txt
  OK decrypted=True written=Chương 120 Tokisaki Kurumi Động Tâm.txt
[121/376] download chapter_id=10832967 file=Chương 121 Ringo cùng Kurumi Phiền Não.txt
  OK decrypted=True written=Chương 121 Ringo cùng Kurumi Phiền Não.txt
[122/376] download chapter_id=10832968 file=Chương 122 Kurumi Và Miku Tỉnh Ngộ.txt
  OK decrypted=True written=Chương 122 Kurumi Và Miku Tỉnh Ngộ.txt
[123/376] download chapter_id=10832969 file=Chương 123 Tokisaki Kurumi Cầu Ái.txt
  OK decrypted=True written=Chương 123 Tokisaki Kurumi Cầu Ái.txt
[124/376] download chapter_id=10832970 file=Chương 124 Hẹn Hò.txt
  OK decrypted=True written=Chương 124 Hẹn Hò.txt
[125/376] download chapter_id=10832971 file=Chương 125 Tokisaki Kurumi Dục Vọng.txt
  OK decrypted=True written=Chương 125 Tokisaki Kurumi Dục Vọng.txt
[126/376] download chapter_id=10832972 file=Chương 126 Không Gian Chấn Động.txt
  OK decrypted=True written=Chương 126 Không Gian Chấn Động.txt
[127/376] download chapter_id=10832973 file=Chương 127 Tobiichi Origami.txt
  OK decrypted=True written=Chương 127 Tobiichi Origami.txt
[128/376] download chapter_id=10832974 file=Chương 128 Phong Ấn Itsuka Kotori.txt
  OK decrypted=True written=Chương 128 Phong Ấn Itsuka Kotori.txt
[129/376] download chapter_id=10832975 file=Chương 129 Elliot Baldwin Woodman.txt
  OK decrypted=True written=Chương 129 Elliot Baldwin Woodman.txt
[130/376] download chapter_id=10832976 file=Chương 130 Itsuka Shido.txt
  OK decrypted=True written=Chương 130 Itsuka Shido.txt
[131/376] download chapter_id=10832977 file=Chương 131 Trường Trung Học Raizen.txt
  OK decrypted=True written=Chương 131 Trường Trung Học Raizen.txt
[132/376] download chapter_id=10832978 file=Chương 132 Tobiichi Origami.txt
  OK decrypted=True written=Chương 132 Tobiichi Origami.txt
[133/376] download chapter_id=10832979 file=Chương 133 Shiori Vs Origami.txt
  OK decrypted=True written=Chương 133 Shiori Vs Origami.txt
[134/376] download chapter_id=10832980 file=Chương 134 Okamine Tamae.txt
  OK decrypted=True written=Chương 134 Okamine Tamae.txt
[135/376] download chapter_id=10832981 file=Chương 135 Vô Hạn Võ Đạo.txt
  OK decrypted=True written=Chương 135 Vô Hạn Võ Đạo.txt
[136/376] download chapter_id=10832982 file=Chương 136 Murasama Reine.txt
  OK decrypted=True written=Chương 136 Murasama Reine.txt
[137/376] download chapter_id=10832983 file=Chương 137 Ratatoskr Tổ Chức Mục Đích.txt
  OK decrypted=True written=Chương 137 Ratatoskr Tổ Chức Mục Đích.txt
[138/376] download chapter_id=10832984 file=Chương 138 Công Lược Hệ Thống.txt
  OK decrypted=True written=Chương 138 Công Lược Hệ Thống.txt
[139/376] download chapter_id=10832985 file=Chương 139 Hệ Thống nhiệm vụ.txt
  OK decrypted=True written=Chương 139 Hệ Thống nhiệm vụ.txt
[140/376] download chapter_id=10832986 file=Chương 140 Itsuka Shiori Thay Đổi.txt
  OK decrypted=True written=Chương 140 Itsuka Shiori Thay Đổi.txt
[141/376] download chapter_id=10832987 file=Chương 141 Tiêu Đề Chan Mất Tích.txt
  OK decrypted=True written=Chương 141 Tiêu Đề Chan Mất Tích.txt
[142/376] download chapter_id=10832988 file=Chương 142 Souji Honjou.txt
  OK decrypted=True written=Chương 142 Souji Honjou.txt
[143/376] download chapter_id=10832989 file=Chương 143 Itsuka Shiori Nhiệm Vụ.txt
  OK decrypted=True written=Chương 143 Itsuka Shiori Nhiệm Vụ.txt
[144/376] download chapter_id=10832990 file=Chương 144 Ringo Thẹn Thùng.txt
  OK decrypted=True written=Chương 144 Ringo Thẹn Thùng.txt
[145/376] download chapter_id=10832991 file=Chương 145 Lá Cây Màu Xanh.txt
  OK decrypted=True written=Chương 145 Lá Cây Màu Xanh.txt
[146/376] download chapter_id=10832992 file=Chương 146 Itsuka Shiori Kinh Sợ và Ringo Nghi Ngờ.txt
  OK decrypted=True written=Chương 146 Itsuka Shiori Kinh Sợ và Ringo Nghi Ngờ.txt
[147/376] download chapter_id=10832993 file=Chương 147 Okamine Tamae Dục Vọng.txt
  OK decrypted=True written=Chương 147 Okamine Tamae Dục Vọng.txt
[148/376] download chapter_id=10832994 file=Chương 148 Okamine Tamae Hoảng Sợ.txt
  OK decrypted=True written=Chương 148 Okamine Tamae Hoảng Sợ.txt
[149/376] download chapter_id=10832995 file=Chương 149 Tobiichi Origami Nhờ Vả.txt
  OK decrypted=True written=Chương 149 Tobiichi Origami Nhờ Vả.txt
[150/376] download chapter_id=10832996 file=Chương 150 Sống Chung.txt
  OK decrypted=True written=Chương 150 Sống Chung.txt
[151/376] download chapter_id=10832997 file=Chương 151 Hẹn Hò.txt
  OK decrypted=True written=Chương 151 Hẹn Hò.txt
[152/376] download chapter_id=10832998 file=Chương 152 Tadashi Ringo Ủy Khuất.txt
  OK decrypted=True written=Chương 152 Tadashi Ringo Ủy Khuất.txt
[153/376] download chapter_id=10832999 file=Chương 153 Lại BỊ Cường Hôn.txt
  OK decrypted=True written=Chương 153 Lại BỊ Cường Hôn.txt
[154/376] download chapter_id=10833000 file=Chương 154 Xuyên Việt Giả.txt
  OK decrypted=True written=Chương 154 Xuyên Việt Giả.txt
[155/376] download chapter_id=10833001 file=Chương 155 Hạ Thiên.txt
  OK decrypted=True written=Chương 155 Hạ Thiên.txt
[156/376] download chapter_id=10833002 file=Chương 156 Okamine Tamae Sợ Hãi.txt
  OK decrypted=True written=Chương 156 Okamine Tamae Sợ Hãi.txt
[157/376] download chapter_id=10833003 file=Chương 157 Chết Vì No.txt
  OK decrypted=True written=Chương 157 Chết Vì No.txt
[158/376] download chapter_id=10833004 file=Chương 158 Tobiichi Origami Thay Đổi.txt
  OK decrypted=True written=Chương 158 Tobiichi Origami Thay Đổi.txt
[159/376] download chapter_id=10833005 file=Chương 159 Yatogami Tohka Xuất Hiện.txt
  OK decrypted=True written=Chương 159 Yatogami Tohka Xuất Hiện.txt
[160/376] download chapter_id=10833006 file=Chương 160 AST Hành Vi Kỳ Quái.txt
  OK decrypted=True written=Chương 160 AST Hành Vi Kỳ Quái.txt
[161/376] download chapter_id=10833007 file=Chương 161 AST bí mật quan sát.txt
  OK decrypted=True written=Chương 161 AST bí mật quan sát.txt
[162/376] download chapter_id=10833008 file=Chương 162 Yatogami Tohka Quyết Định.txt
  OK decrypted=True written=Chương 162 Yatogami Tohka Quyết Định.txt
[163/376] download chapter_id=10833009 file=Chương 163 Tohka Kỳ Quái Phản Ứng.txt
  OK decrypted=True written=Chương 163 Tohka Kỳ Quái Phản Ứng.txt
[164/376] download chapter_id=10833010 file=Chương 164 Tokisaki Kurumi.txt
  OK decrypted=True written=Chương 164 Tokisaki Kurumi.txt
[165/376] download chapter_id=10833011 file=Chương 165 Ringo Và Tohka Hẹn Hò.txt
  OK decrypted=True written=Chương 165 Ringo Và Tohka Hẹn Hò.txt
[166/376] download chapter_id=10833012 file=Chương 166 Làm Thêm Người Quen.txt
  OK decrypted=True written=Chương 166 Làm Thêm Người Quen.txt
[167/376] download chapter_id=10833013 file=Chương 167 Lại Gặp Mặt.txt
  OK decrypted=True written=Chương 167 Lại Gặp Mặt.txt
[168/376] download chapter_id=10833014 file=Chương 168 Itsuka Shiori 30 Giây.txt
  OK decrypted=True written=Chương 168 Itsuka Shiori 30 Giây.txt
[169/376] download chapter_id=10833015 file=Chương 169 Tamae Tinh Linh.txt
  OK decrypted=True written=Chương 169 Tamae Tinh Linh.txt
[170/376] download chapter_id=10833016 file=Chương 170 Ác Và Thiện Kabbalah.txt
  OK decrypted=True written=Chương 170 Ác Và Thiện Kabbalah.txt
[171/376] download chapter_id=10833017 file=Chương 171 Origami và Kurumi đưa quà.txt
  OK decrypted=True written=Chương 171 Origami và Kurumi đưa quà.txt
[172/376] download chapter_id=12074418 file=Chương 173 Ẩn Giả Tinh Linh.txt
  OK decrypted=True written=Chương 173 Ẩn Giả Tinh Linh.txt
[173/376] download chapter_id=12074419 file=Chương 174 Yoshino và Yoshinon.txt
  OK decrypted=True written=Chương 174 Yoshino và Yoshinon.txt
[174/376] download chapter_id=12074420 file=Chương 175 Tadashi Ringo Bổ Não.txt
  OK decrypted=True written=Chương 175 Tadashi Ringo Bổ Não.txt
[175/376] download chapter_id=12074421 file=Chương 176 Tứ Giới Nguyên lý luận.txt
  OK decrypted=True written=Chương 176 Tứ Giới Nguyên lý luận.txt
[176/376] download chapter_id=12074422 file=Chương 177 Murasama Reine Suy Tư.txt
  OK decrypted=True written=Chương 177 Murasama Reine Suy Tư.txt
[177/376] download chapter_id=12074423 file=Chương 178 Trọng Sinh Giả.txt
  OK decrypted=True written=Chương 178 Trọng Sinh Giả.txt
[178/376] download chapter_id=12074424 file=Chương 179 Murasama Reine Thân Phận.txt
  OK decrypted=True written=Chương 179 Murasama Reine Thân Phận.txt
[179/376] download chapter_id=12074425 file=Chương 180 Rút Gọn Vĩnh Cửu Động Cơ.txt
  OK decrypted=True written=Chương 180 Rút Gọn Vĩnh Cửu Động Cơ.txt
[180/376] download chapter_id=12074426 file=Chương 181 Cuộc Thi.txt
  OK decrypted=True written=Chương 181 Cuộc Thi.txt
[181/376] download chapter_id=12074427 file=Chương 182 Yoshino.txt
  OK decrypted=True written=Chương 182 Yoshino.txt
[182/376] download chapter_id=12074428 file=Chương 183 Tenka.txt
  OK decrypted=True written=Chương 183 Tenka.txt
[183/376] download chapter_id=12074429 file=Chương 184 Giá Trị Nam Nữ.txt
  OK decrypted=True written=Chương 184 Giá Trị Nam Nữ.txt
[184/376] download chapter_id=12074430 file=Chương 185 Chiến Đấu Và Giết Chóc.txt
  OK decrypted=True written=Chương 185 Chiến Đấu Và Giết Chóc.txt
[185/376] download chapter_id=12074431 file=Chương 186 Kotori Quyết Định.txt
  OK decrypted=True written=Chương 186 Kotori Quyết Định.txt
[186/376] download chapter_id=12074432 file=Chương 187 Yoshino và Yoshinon Lạc Nhau.txt
  OK decrypted=True written=Chương 187 Yoshino và Yoshinon Lạc Nhau.txt
[187/376] download chapter_id=12074433 file=Chương 188 Ma Vương✢Asmodeus.txt
  OK decrypted=True written=Chương 188 Ma Vương✢Asmodeus.txt
[188/376] download chapter_id=12074434 file=Chương 189 Origami PK Tadashi Ringo.txt
  OK decrypted=True written=Chương 189 Origami PK Tadashi Ringo.txt
[189/376] download chapter_id=12074435 file=Chương 190 Phong Ấn Yoshino.txt
  OK decrypted=True written=Chương 190 Phong Ấn Yoshino.txt
[190/376] download chapter_id=12074436 file=Chương 191 Phim Tình Cảm và Bạo Lực Gia Đình.txt
  OK decrypted=True written=Chương 191 Phim Tình Cảm và Bạo Lực Gia Đình.txt
[191/376] download chapter_id=12074437 file=Chương 192 Tìm Kiếm Yoshinon.txt
  OK decrypted=True written=Chương 192 Tìm Kiếm Yoshinon.txt
[192/376] download chapter_id=12074438 file=Chương 193 Bán Nghịch Đảo.txt
  OK decrypted=True written=Chương 193 Bán Nghịch Đảo.txt
[193/376] download chapter_id=12074439 file=Chương 194 Thương Lượng.txt
  OK decrypted=True written=Chương 194 Thương Lượng.txt
[194/376] download chapter_id=12074440 file=Chương 195 Thăng Hoa hình thức.txt
  OK decrypted=True written=Chương 195 Thăng Hoa hình thức.txt
[195/376] download chapter_id=12074441 file=Chương 196 95 5 Tadashi Ringo Mệt Mỏi.txt
  OK decrypted=True written=Chương 196 95 5 Tadashi Ringo Mệt Mỏi.txt
[196/376] download chapter_id=12074442 file=Chương 197 Itsuka Shiori Ghen Tuông.txt
  OK decrypted=True written=Chương 197 Itsuka Shiori Ghen Tuông.txt
[197/376] download chapter_id=12074443 file=Chương 198 Đầu Rắn Nhỏ Thám Hiểm.txt
  OK decrypted=True written=Chương 198 Đầu Rắn Nhỏ Thám Hiểm.txt
[198/376] download chapter_id=12074444 file=Chương 199 Yoshino Chơi Trò Chơi.txt
  OK decrypted=True written=Chương 199 Yoshino Chơi Trò Chơi.txt
[199/376] download chapter_id=12074445 file=Chương 200 Yoshinon Chơi Trò Chơi.txt
  OK decrypted=True written=Chương 200 Yoshinon Chơi Trò Chơi.txt
[200/376] download chapter_id=12074446 file=Chương 201 Ringo Chơi Trò Chơi.txt
  OK decrypted=True written=Chương 201 Ringo Chơi Trò Chơi.txt
[201/376] download chapter_id=12074447 file=Chương 202 Yoshinon Trêu Ghẹo.txt
  OK decrypted=True written=Chương 202 Yoshinon Trêu Ghẹo.txt
[202/376] download chapter_id=12074448 file=Chương 203 Itsuka Shiori Khổ Cực.txt
  OK decrypted=True written=Chương 203 Itsuka Shiori Khổ Cực.txt
[203/376] download chapter_id=12074449 file=Chương 204 Itsuka Shiori Nồi.txt
  OK decrypted=True written=Chương 204 Itsuka Shiori Nồi.txt
[204/376] download chapter_id=12074450 file=Chương 205 Itsuka Kotori Kinh Ngạc.txt
  OK decrypted=True written=Chương 205 Itsuka Kotori Kinh Ngạc.txt
[205/376] download chapter_id=12074451 file=Chương 206 Kyouko Thỏa Hiệp.txt
  OK decrypted=True written=Chương 206 Kyouko Thỏa Hiệp.txt
[206/376] download chapter_id=12074452 file=Chương 207 Kurumi Biến Mèo~.txt
  OK decrypted=True written=Chương 207 Kurumi Biến Mèo~.txt
[207/376] download chapter_id=12074453 file=Chương 208 Kurumi Là Đồ Đần.txt
  OK decrypted=True written=Chương 208 Kurumi Là Đồ Đần.txt
[208/376] download chapter_id=12074454 file=Chương 209 Hạnh Phúc Giá Trị Thay Đổi.txt
  OK decrypted=True written=Chương 209 Hạnh Phúc Giá Trị Thay Đổi.txt
[209/376] download chapter_id=12074455 file=Chương 210 Kurumi Ghi Hận.txt
  OK decrypted=True written=Chương 210 Kurumi Ghi Hận.txt
[210/376] download chapter_id=12074456 file=Chương 211 Kurumi Tức Giận.txt
  OK decrypted=True written=Chương 211 Kurumi Tức Giận.txt
[211/376] download chapter_id=12074457 file=Chương 212 Ringo Phát Hiện.txt
  OK decrypted=True written=Chương 212 Ringo Phát Hiện.txt
[212/376] download chapter_id=12074458 file=Chương 213 Tokisaki Kurumi Tập Kích.txt
  OK decrypted=True written=Chương 213 Tokisaki Kurumi Tập Kích.txt
[213/376] download chapter_id=12074459 file=Chương 214 Tokisaki Kurumi Khiêu Khích.txt
  OK decrypted=True written=Chương 214 Tokisaki Kurumi Khiêu Khích.txt
[214/376] download chapter_id=12074460 file=Chương 215 Kuro.txt
  OK decrypted=True written=Chương 215 Kuro.txt
[215/376] download chapter_id=12074461 file=Chương 216 Kurumi và Yoshinon.txt
  OK decrypted=True written=Chương 216 Kurumi và Yoshinon.txt
[216/376] download chapter_id=12074462 file=Chương 217 Hả Ngươi nói cái gì.txt
  OK decrypted=True written=Chương 217 Hả Ngươi nói cái gì.txt
[217/376] download chapter_id=12074463 file=Chương 218 Itsuka Shiori Nghi Vấn.txt
  OK decrypted=True written=Chương 218 Itsuka Shiori Nghi Vấn.txt
[218/376] download chapter_id=12074464 file=Chương 219 Xuất Phát.txt
  OK decrypted=True written=Chương 219 Xuất Phát.txt
[219/376] download chapter_id=12074465 file=Chương 220 Tokisaki Kurumi Giao Lưu.txt
  OK decrypted=True written=Chương 220 Tokisaki Kurumi Giao Lưu.txt
[220/376] download chapter_id=12074466 file=Chương 221 Houshoku Haki Tái Hiện.txt
  OK decrypted=True written=Chương 221 Houshoku Haki Tái Hiện.txt
[221/376] download chapter_id=12074467 file=Chương 222 Vương Phi.txt
  OK decrypted=True written=Chương 222 Vương Phi.txt
[222/376] download chapter_id=12074468 file=Chương 223 Tokisaki Kurumi Xuất Kích.txt
  OK decrypted=True written=Chương 223 Tokisaki Kurumi Xuất Kích.txt
[223/376] download chapter_id=12074469 file=Chương 224 Phantoms Đăng Tràng.txt
  OK decrypted=True written=Chương 224 Phantoms Đăng Tràng.txt
[224/376] download chapter_id=12074470 file=Chương 225 Takamiya Mana.txt
  OK decrypted=True written=Chương 225 Takamiya Mana.txt
[225/376] download chapter_id=12074471 file=Chương 226 Đệ Nhất Ma Thuật Sư.txt
  OK decrypted=True written=Chương 226 Đệ Nhất Ma Thuật Sư.txt
[226/376] download chapter_id=12074472 file=Chương 227 Thiên Sứ Đăng Tràng.txt
  OK decrypted=True written=Chương 227 Thiên Sứ Đăng Tràng.txt
[227/376] download chapter_id=12074473 file=Chương 228 Ringo Thay Đổi Chủ Ý.txt
  OK decrypted=True written=Chương 228 Ringo Thay Đổi Chủ Ý.txt
[228/376] download chapter_id=12074474 file=Chương 229 Hoshimiya Mukuro Tức Giận.txt
  OK decrypted=True written=Chương 229 Hoshimiya Mukuro Tức Giận.txt
[229/376] download chapter_id=12074475 file=Chương 230 Tử Vong Và Tân Sinh.txt
  OK decrypted=True written=Chương 230 Tử Vong Và Tân Sinh.txt
[230/376] download chapter_id=12074476 file=Chương 231 Trêu Đùa Yoshinon.txt
  OK decrypted=True written=Chương 231 Trêu Đùa Yoshinon.txt
[231/376] download chapter_id=12074477 file=Chương 232 Tobiichi Origami Trêu Đùa.txt
  OK decrypted=True written=Chương 232 Tobiichi Origami Trêu Đùa.txt
[232/376] download chapter_id=12074478 file=Chương 233 Honjou Nia Không Có.txt
  OK decrypted=True written=Chương 233 Honjou Nia Không Có.txt
[233/376] download chapter_id=12074479 file=Chương 234 Phantoms Công Kích.txt
  OK decrypted=True written=Chương 234 Phantoms Công Kích.txt
[234/376] download chapter_id=12074480 file=Chương 235 Tenka Nghi Ngờ.txt
  OK decrypted=True written=Chương 235 Tenka Nghi Ngờ.txt
[235/376] download chapter_id=12074481 file=Chương 236 Đệ Tam Vĩnh Cửu Động Cơ tân năng lực.txt
  OK decrypted=True written=Chương 236 Đệ Tam Vĩnh Cửu Động Cơ tân năng lực.txt
[236/376] download chapter_id=12074482 file=Chương 237 Thức Tỉnh.txt
  OK decrypted=True written=Chương 237 Thức Tỉnh.txt
[237/376] download chapter_id=12074483 file=Chương 238 Chân Tướng.txt
  OK decrypted=True written=Chương 238 Chân Tướng.txt
[238/376] download chapter_id=12074484 file=Chương 239 Tadashi Ringo Ngả Bài.txt
  OK decrypted=True written=Chương 239 Tadashi Ringo Ngả Bài.txt
[239/376] download chapter_id=12074485 file=Chương 240 Ellen Bất An Ellen Mất Mặt.txt
  OK decrypted=True written=Chương 240 Ellen Bất An Ellen Mất Mặt.txt
[240/376] download chapter_id=12074486 file=Chương 241 Ghi Âm Giả.txt
  OK decrypted=True written=Chương 241 Ghi Âm Giả.txt
[241/376] download chapter_id=12074487 file=Chương 242 Tohka và Vật Chất Giới Nguyên.txt
  OK decrypted=True written=Chương 242 Tohka và Vật Chất Giới Nguyên.txt
[242/376] download chapter_id=12074488 file=Chương 243 Izayoi Miku Hẹn Hò.txt
  OK decrypted=True written=Chương 243 Izayoi Miku Hẹn Hò.txt
[243/376] download chapter_id=12074489 file=Chương 244 Izayoi Miku Hồi Tâm Chuyển Ý.txt
  OK decrypted=True written=Chương 244 Izayoi Miku Hồi Tâm Chuyển Ý.txt
[244/376] download chapter_id=12074490 file=Chương 245 Yamai Kaguya và Yamai Yuzuru.txt
  OK decrypted=True written=Chương 245 Yamai Kaguya và Yamai Yuzuru.txt
[245/376] download chapter_id=12578058 file=Chương 246 Yamai Tỷ Muội.txt
  OK decrypted=True written=Chương 246 Yamai Tỷ Muội.txt
[246/376] download chapter_id=12578059 file=Chương 247 Thắng Bại phân ra.txt
  OK decrypted=True written=Chương 247 Thắng Bại phân ra.txt
[247/376] download chapter_id=12578060 file=Chương 248 Yamai Kaguya Luống Cuống.txt
  OK decrypted=True written=Chương 248 Yamai Kaguya Luống Cuống.txt
[248/376] download chapter_id=12578061 file=Chương 249 Tadashi Ringo Lắc Lư.txt
  OK decrypted=True written=Chương 249 Tadashi Ringo Lắc Lư.txt
[249/376] download chapter_id=12578062 file=Chương 250 Yamai Kaguya Ý Nghĩ.txt
  OK decrypted=True written=Chương 250 Yamai Kaguya Ý Nghĩ.txt
[250/376] download chapter_id=12578063 file=Chương 251 Yamai Yuzuru Ý Nghĩ.txt
  OK decrypted=True written=Chương 251 Yamai Yuzuru Ý Nghĩ.txt
[251/376] download chapter_id=12578064 file=Chương 252 Ringo Đau Đầu.txt
  OK decrypted=True written=Chương 252 Ringo Đau Đầu.txt
[252/376] download chapter_id=12578065 file=Chương 253 Westcott Giao Dịch.txt
  OK decrypted=True written=Chương 253 Westcott Giao Dịch.txt
[253/376] download chapter_id=12578066 file=Chương 254 Ellen Quyết Định.txt
  OK decrypted=True written=Chương 254 Ellen Quyết Định.txt
[254/376] download chapter_id=12578067 file=Chương 255 Itsuka Kotori Tiều Đắc Ý.txt
  OK decrypted=True written=Chương 255 Itsuka Kotori Tiều Đắc Ý.txt
[255/376] download chapter_id=12578068 file=Chương 256 Ringo Tức Giận.txt
  OK decrypted=True written=Chương 256 Ringo Tức Giận.txt
[256/376] download chapter_id=12578069 file=Chương 257 Ellen Tàn Nhẫn.txt
  OK decrypted=True written=Chương 257 Ellen Tàn Nhẫn.txt
[257/376] download chapter_id=12578070 file=Chương 258 Cuộc Chơi Bắt Đầu.txt
  OK decrypted=True written=Chương 258 Cuộc Chơi Bắt Đầu.txt
[258/376] download chapter_id=12578071 file=Chương 259 Westcott Tính Toán.txt
  OK decrypted=True written=Chương 259 Westcott Tính Toán.txt
[259/376] download chapter_id=12578072 file=Chương 260 Westcott Chết.txt
  OK decrypted=True written=Chương 260 Westcott Chết.txt
[260/376] download chapter_id=12578073 file=Chương 261 Mất Ký Ức.txt
  OK decrypted=True written=Chương 261 Mất Ký Ức.txt
[261/376] download chapter_id=12578074 file=Chương 262 Honjou Nia Tỉnh Lại.txt
  OK decrypted=True written=Chương 262 Honjou Nia Tỉnh Lại.txt
[262/376] download chapter_id=12578075 file=Chương 263 Honjou Nia Suy Luận.txt
  OK decrypted=True written=Chương 263 Honjou Nia Suy Luận.txt
[263/376] download chapter_id=12578076 file=Chương 264 Ức Chế Lực Alaya và Gaia.txt
  OK decrypted=True written=Chương 264 Ức Chế Lực Alaya và Gaia.txt
[264/376] download chapter_id=12578077 file=Chương 265 Vòng Xoáy Căn Nguyên.txt
  OK decrypted=True written=Chương 265 Vòng Xoáy Căn Nguyên.txt
[265/376] download chapter_id=12607489 file=Chương 266 Đệ Tam Pháp.txt
  OK decrypted=True written=Chương 266 Đệ Tam Pháp.txt
[266/376] download chapter_id=12607490 file=Chương 267 Quá Khứ và Tương Lai.txt
  OK decrypted=True written=Chương 267 Quá Khứ và Tương Lai.txt
[267/376] download chapter_id=12607491 file=Chương 268 Kẻ Trộm Bí Ẩn.txt
  OK decrypted=True written=Chương 268 Kẻ Trộm Bí Ẩn.txt
[268/376] download chapter_id=12611297 file=Chương 269 Đi Đến Matou Gia.txt
  OK decrypted=True written=Chương 269 Đi Đến Matou Gia.txt
[269/376] download chapter_id=12611298 file=Chương 270 Matou Sakura Đáng Yêu.txt
  OK decrypted=True written=Chương 270 Matou Sakura Đáng Yêu.txt
[270/376] download chapter_id=12611565 file=Chương 271 Khởi Nguyên.txt
  OK decrypted=True written=Chương 271 Khởi Nguyên.txt
[271/376] download chapter_id=12611732 file=Chương 272 Scathach.txt
  OK decrypted=True written=Chương 272 Scathach.txt
[272/376] download chapter_id=12612900 file=Chương 273 Khiêu Chiến.txt
  OK decrypted=True written=Chương 273 Khiêu Chiến.txt
[273/376] download chapter_id=12613015 file=Chương 274 Thắng Bại.txt
  OK decrypted=True written=Chương 274 Thắng Bại.txt
[274/376] download chapter_id=12613313 file=Chương 275 Matou Sakura Quyết Định.txt
  OK decrypted=True written=Chương 275 Matou Sakura Quyết Định.txt
[275/376] download chapter_id=12613844 file=Chương 276 Einzbern Von Irisviel.txt
  OK decrypted=True written=Chương 276 Einzbern Von Irisviel.txt
[276/376] download chapter_id=12614834 file=Chương 277 Artroria và Irisviel.txt
  OK decrypted=True written=Chương 277 Artroria và Irisviel.txt
[277/376] download chapter_id=12615056 file=Chương 278 Irisviel Phiền Muộn.txt
  OK decrypted=True written=Chương 278 Irisviel Phiền Muộn.txt
[278/376] download chapter_id=12615587 file=Chương 279 Chén Thánh Cuộc Chiến Bắt Đầu.txt
  OK decrypted=True written=Chương 279 Chén Thánh Cuộc Chiến Bắt Đầu.txt
[279/376] download chapter_id=12615862 file=Chương 280 Thiên Sứ✢Sandalphon.txt
  OK decrypted=True written=Chương 280 Thiên Sứ✢Sandalphon.txt
[280/376] download chapter_id=12616494 file=Chương 281 Nốt Ruồi Ái Tình.txt
  OK decrypted=True written=Chương 281 Nốt Ruồi Ái Tình.txt
[281/376] download chapter_id=12617058 file=Chương 282 Halvanhelev Hình Thái Cuối Cùng.txt
  OK decrypted=True written=Chương 282 Halvanhelev Hình Thái Cuối Cùng.txt
[282/376] download chapter_id=12618244 file=Chương 283 Chinh Phục Vương IsKander Đại Đế.txt
  OK decrypted=True written=Chương 283 Chinh Phục Vương IsKander Đại Đế.txt
[283/376] download chapter_id=12618663 file=Chương 284 Anh Hùng Vương Gilgamesh.txt
  OK decrypted=True written=Chương 284 Anh Hùng Vương Gilgamesh.txt
[284/376] download chapter_id=12618887 file=Chương 285 Gate Of Babylon vs Gate Of Babylon.txt
  OK decrypted=True written=Chương 285 Gate Of Babylon vs Gate Of Babylon.txt
[285/376] download chapter_id=12619185 file=Chương 286 Gilgamesh Chúng ta kết giao đi.txt
  OK decrypted=True written=Chương 286 Gilgamesh Chúng ta kết giao đi.txt
[286/376] download chapter_id=12620498 file=Chương 287 Thiên Sứ✢Raphael.txt
  OK decrypted=True written=Chương 287 Thiên Sứ✢Raphael.txt
[287/376] download chapter_id=12620824 file=Chương 288 Matou Kariya Tỉnh Ngộ.txt
  OK decrypted=True written=Chương 288 Matou Kariya Tỉnh Ngộ.txt
[288/376] download chapter_id=12621083 file=Chương 289 Saber Tức Giận.txt
  OK decrypted=True written=Chương 289 Saber Tức Giận.txt
[289/376] download chapter_id=12621297 file=Chương 290 Làm Nữ Nhân Ta.txt
  OK decrypted=True written=Chương 290 Làm Nữ Nhân Ta.txt
[290/376] download chapter_id=12622674 file=Chương 291 Quyết Đấu Bắt Đầu.txt
  OK decrypted=True written=Chương 291 Quyết Đấu Bắt Đầu.txt
[291/376] download chapter_id=12622672 file=Chương 292 Excalibur.txt
  OK decrypted=True written=Chương 292 Excalibur.txt
[292/376] download chapter_id=12623161 file=Chương 293 Irisviel Cô Đơn Irisviel Muốn Bàng Hữu.txt
  OK decrypted=True written=Chương 293 Irisviel Cô Đơn Irisviel Muốn Bàng Hữu.txt
[293/376] download chapter_id=12623663 file=Chương 294 Saber Nghịch Đảo Altria Alter Ra Đời.txt
  OK decrypted=True written=Chương 294 Saber Nghịch Đảo Altria Alter Ra Đời.txt
[294/376] download chapter_id=12624946 file=Chương 295 Scathach Đánh Cược.txt
  OK decrypted=True written=Chương 295 Scathach Đánh Cược.txt
[295/376] download chapter_id=12625301 file=Chương 296 Kayneth EI Melloi Archibald.txt
  OK decrypted=True written=Chương 296 Kayneth EI Melloi Archibald.txt
[296/376] download chapter_id=12625607 file=Chương 297 Nương Óng Ánh Kinh Ngạc.txt
  OK decrypted=True written=Chương 297 Nương Óng Ánh Kinh Ngạc.txt
[297/376] download chapter_id=12626328 file=Chương 298 Ma Nhãn Thiên Lý Nhãn.txt
  OK decrypted=True written=Chương 298 Ma Nhãn Thiên Lý Nhãn.txt
[298/376] download chapter_id=12627324 file=Chương 299 Tadashi Ringo Ngạo Kiều.txt
  OK decrypted=True written=Chương 299 Tadashi Ringo Ngạo Kiều.txt
[299/376] download chapter_id=12627776 file=Chương 300 Tadashi Ringo Gia Tộc Bí Mật.txt
  OK decrypted=True written=Chương 300 Tadashi Ringo Gia Tộc Bí Mật.txt
[300/376] download chapter_id=12628102 file=Chương 301 Matou Sakura Trở Thành Đồng Phạm.txt
  OK decrypted=True written=Chương 301 Matou Sakura Trở Thành Đồng Phạm.txt
[301/376] download chapter_id=12629825 file=Chương 302 Tohsaka Aoi Trở Thành Zenjou Aoi.txt
  OK decrypted=True written=Chương 302 Tohsaka Aoi Trở Thành Zenjou Aoi.txt
[302/376] download chapter_id=12630022 file=Chương 303 Sư Tượng Ghen Kìa Bây Ơi.txt
  OK decrypted=True written=Chương 303 Sư Tượng Ghen Kìa Bây Ơi.txt
[303/376] download chapter_id=12630167 file=Chương 304 Altria Alter Vs Tadashi Ringo.txt
  OK decrypted=True written=Chương 304 Altria Alter Vs Tadashi Ringo.txt
[304/376] download chapter_id=12632807 file=Chương 305 Saber Vs Irisviel.txt
  OK decrypted=True written=Chương 305 Saber Vs Irisviel.txt
[305/376] download chapter_id=12633219 file=Chương 306 Matou Sakura Ngượng Ngùng.txt
  OK decrypted=True written=Chương 306 Matou Sakura Ngượng Ngùng.txt
[306/376] download chapter_id=12635641 file=Chương 307 Matou Sakura Hoài Nghi Nhân Sinh.txt
  OK decrypted=True written=Chương 307 Matou Sakura Hoài Nghi Nhân Sinh.txt
[307/376] download chapter_id=12635925 file=Chương 308 Matou Sakura Run Rẩy.txt
  OK decrypted=True written=Chương 308 Matou Sakura Run Rẩy.txt
[308/376] download chapter_id=12636233 file=Chương 309 Zenjou Aoi Cầu Cứu.txt
  OK decrypted=True written=Chương 309 Zenjou Aoi Cầu Cứu.txt
[309/376] download chapter_id=12638958 file=Chương 310 Zenjou Aoi Thỉnh Cầu.txt
  OK decrypted=True written=Chương 310 Zenjou Aoi Thỉnh Cầu.txt
[310/376] download chapter_id=12639766 file=Chương 311 Hoàn Mỹ Công Cụ Hình Người.txt
  OK decrypted=True written=Chương 311 Hoàn Mỹ Công Cụ Hình Người.txt
[311/376] download chapter_id=12641893 file=Chương 312 Mụ Mụ Của Ta Không Thể Đáng Yêu Như Vậy.txt
  OK decrypted=True written=Chương 312 Mụ Mụ Của Ta Không Thể Đáng Yêu Như Vậy.txt
[312/376] download chapter_id=12642284 file=Chương 313 Phương Pháp Giải Quyết.txt
  OK decrypted=True written=Chương 313 Phương Pháp Giải Quyết.txt
[313/376] download chapter_id=12644532 file=Chương 314 Mua Đồ.txt
  OK decrypted=True written=Chương 314 Mua Đồ.txt
[314/376] download chapter_id=12646842 file=Chương 315 Caster PK Saber.txt
  OK decrypted=True written=Chương 315 Caster PK Saber.txt
[315/376] download chapter_id=12646843 file=Chương 316 Ngươi Là Thượng Đế.txt
  OK decrypted=True written=Chương 316 Ngươi Là Thượng Đế.txt
[316/376] download chapter_id=12649090 file=Chương 317 Irisviel Phiền Muộn.txt
  OK decrypted=True written=Chương 317 Irisviel Phiền Muộn.txt
[317/376] download chapter_id=12649091 file=Chương 318 Zenjou Aoi Phức Tạp.txt
  OK decrypted=True written=Chương 318 Zenjou Aoi Phức Tạp.txt
[318/376] download chapter_id=12649685 file=Chương 319 Ngươi Có Muốn Hay Không Sống Sót.txt
  OK decrypted=True written=Chương 319 Ngươi Có Muốn Hay Không Sống Sót.txt
[319/376] download chapter_id=12650165 file=Chương 320 Summoner’s Rift.txt
  OK decrypted=True written=Chương 320 Summoner’s Rift.txt
[320/376] download chapter_id=12651208 file=Chương 321 Ringo Chủ Động Dụ Hoặc.txt
  OK decrypted=True written=Chương 321 Ringo Chủ Động Dụ Hoặc.txt
[321/376] download chapter_id=12651521 file=Chương 322 Lại Vung Thức Ăn Cho Chó.txt
  OK decrypted=True written=Chương 322 Lại Vung Thức Ăn Cho Chó.txt
[322/376] download chapter_id=12651733 file=Chương 323 Avalon Có Trên Tay Ngươi Sao.txt
  OK decrypted=True written=Chương 323 Avalon Có Trên Tay Ngươi Sao.txt
[323/376] download chapter_id=12653994 file=Chương 324 Thế Giới Thủ Hộ Giả.txt
  OK decrypted=True written=Chương 324 Thế Giới Thủ Hộ Giả.txt
[324/376] download chapter_id=12657053 file=Chương 325 Phu Nhân Thật Đáng Yêu.txt
  OK decrypted=True written=Chương 325 Phu Nhân Thật Đáng Yêu.txt
[325/376] download chapter_id=12659574 file=Chương 326 Vương Không Hiểu Lòng Người.txt
  OK decrypted=True written=Chương 326 Vương Không Hiểu Lòng Người.txt
[326/376] download chapter_id=12660041 file=Chương 327 Altria Alter Hoảng Hốt.txt
  OK decrypted=True written=Chương 327 Altria Alter Hoảng Hốt.txt
[327/376] download chapter_id=12661953 file=Chương 328 Altria Alter Làm Mai Mối.txt
  OK decrypted=True written=Chương 328 Altria Alter Làm Mai Mối.txt
[328/376] download chapter_id=12667097 file=Chương 329 Irisviel Ủy Khuất Ba Ba.txt
  OK decrypted=True written=Chương 329 Irisviel Ủy Khuất Ba Ba.txt
[329/376] download chapter_id=12667098 file=Chương 330 Tiêu Đề chan Bay Màu.txt
  OK decrypted=True written=Chương 330 Tiêu Đề chan Bay Màu.txt
[330/376] download chapter_id=12669972 file=Chương 331 Đi Đến Tohsaka gia tộc.txt
  OK decrypted=True written=Chương 331 Đi Đến Tohsaka gia tộc.txt
[331/376] download chapter_id=12669973 file=Chương 332 Liếc Mắt Đưa Tình.txt
  OK decrypted=True written=Chương 332 Liếc Mắt Đưa Tình.txt
[332/376] download chapter_id=12670108 file=Chương 333 Ringo Trong Lòng Buồn Nôn.txt
  OK decrypted=True written=Chương 333 Ringo Trong Lòng Buồn Nôn.txt
[333/376] download chapter_id=12670596 file=Chương 334 Tohsaka Rin Bỏ Trốn Xin Nguyệt Phiếu.txt
  OK decrypted=True written=Chương 334 Tohsaka Rin Bỏ Trốn Xin Nguyệt Phiếu.txt
[334/376] download chapter_id=12672509 file=Chương 335 Uryuu Ryuunosuke Đăng Tràng Cầu Nguyệt Phiếu.txt
  OK decrypted=True written=Chương 335 Uryuu Ryuunosuke Đăng Tràng Cầu Nguyệt Phiếu.txt
[335/376] download chapter_id=12672510 file=Chương 336 Là Mạo Hiểm Rõ Chưa Cầu Nguyệt Phiếu.txt
  OK decrypted=True written=Chương 336 Là Mạo Hiểm Rõ Chưa Cầu Nguyệt Phiếu.txt
[336/376] download chapter_id=12673443 file=Chương 337 Matou Sakura Khảo Nghiệm.txt
  OK decrypted=True written=Chương 337 Matou Sakura Khảo Nghiệm.txt
[337/376] download chapter_id=12673673 file=Chương 338 Matou Sakura Hắc Hóa.txt
  OK decrypted=True written=Chương 338 Matou Sakura Hắc Hóa.txt
[338/376] download chapter_id=12673976 file=Chương 339 Matou Sakura Thần Trợ Công Cầu Khen Thưởng.txt
  OK decrypted=True written=Chương 339 Matou Sakura Thần Trợ Công Cầu Khen Thưởng.txt
[339/376] download chapter_id=12676438 file=Chương 340 Matou Sakura Phát Giác Khác Thường.txt
  OK decrypted=True written=Chương 340 Matou Sakura Phát Giác Khác Thường.txt
[340/376] download chapter_id=12676439 file=Chương 341 Tohsaka Rin Hiểu Lầm.txt
  OK decrypted=True written=Chương 341 Tohsaka Rin Hiểu Lầm.txt
[341/376] download chapter_id=12678805 file=Chương 342 Tohsaka Rin Đỏ Mặt.txt
  OK decrypted=True written=Chương 342 Tohsaka Rin Đỏ Mặt.txt
[342/376] download chapter_id=12680753 file=Chương 343 Matou Sakura Cả Đời Dũng Khí.txt
  OK decrypted=True written=Chương 343 Matou Sakura Cả Đời Dũng Khí.txt
[343/376] download chapter_id=12681393 file=Chương 344 Bị Tohsaka Rin Phát Hiện.txt
  OK decrypted=True written=Chương 344 Bị Tohsaka Rin Phát Hiện.txt
[344/376] download chapter_id=12682998 file=Chương 345 Sakura và Ringo Hiểu Nhau 1.txt
  OK decrypted=True written=Chương 345 Sakura và Ringo Hiểu Nhau 1.txt
[345/376] download chapter_id=12687042 file=Chương 346 Zenjou Aoi Thẹn Thùng.txt
  OK decrypted=True written=Chương 346 Zenjou Aoi Thẹn Thùng.txt
[346/376] download chapter_id=12687743 file=Chương 347 Rin Sakura Thật Đáng Yêu.txt
  OK decrypted=True written=Chương 347 Rin Sakura Thật Đáng Yêu.txt
[347/376] download chapter_id=12690732 file=Chương 348 Ma Thuật Khắc Ấn.txt
  OK decrypted=True written=Chương 348 Ma Thuật Khắc Ấn.txt
[348/376] download chapter_id=12691927 file=Chương 349 Matou Sakura Khóc.txt
  OK decrypted=True written=Chương 349 Matou Sakura Khóc.txt
[349/376] download chapter_id=12693654 file=Chương 350 Zenjou Aoi Phiền Muộn.txt
  OK decrypted=True written=Chương 350 Zenjou Aoi Phiền Muộn.txt
[350/376] download chapter_id=12696051 file=Chương 351 《Tinh Linh Khắc Ấn》.txt
  OK decrypted=True written=Chương 351 《Tinh Linh Khắc Ấn》.txt
[351/376] download chapter_id=12696052 file=Chương 352 《Thiên Phú》《Cố Gắng》《Tài Nguyên》.txt
  OK decrypted=True written=Chương 352 《Thiên Phú》《Cố Gắng》《Tài Nguyên》.txt
[352/376] download chapter_id=12696053 file=Chương 353 《Kabbalah Khắc Ấn》.txt
  OK decrypted=True written=Chương 353 《Kabbalah Khắc Ấn》.txt
[353/376] download chapter_id=12698427 file=Chương 354 Vượt Rào Thế Giới 《Tu La Trang》.txt
  OK decrypted=True written=Chương 354 Vượt Rào Thế Giới 《Tu La Trang》.txt
[354/376] download chapter_id=12698428 file=Chương 355 Scathach Phiền Muộn Ringo Áy Náy 《Bán Nghịch Đảo》.txt
  OK decrypted=True written=Chương 355 Scathach Phiền Muộn Ringo Áy Náy 《Bán Nghịch Đảo》.txt
[355/376] download chapter_id=12698429 file=Chương 356 《Thần Uy Linh Trang》 《Thiên Sứ》《Ma Vương》.txt
  OK decrypted=True written=Chương 356 《Thần Uy Linh Trang》 《Thiên Sứ》《Ma Vương》.txt
[356/376] download chapter_id=12700713 file=Chương 357 Matou Kiraya Xuất Hiện.txt
  OK decrypted=True written=Chương 357 Matou Kiraya Xuất Hiện.txt
[357/376] download chapter_id=12700714 file=Chương 358 Công Bình Trò Chuyện.txt
  OK decrypted=True written=Chương 358 Công Bình Trò Chuyện.txt
[358/376] download chapter_id=12703311 file=Chương 359 《Chén Thánh》.txt
  OK decrypted=True written=Chương 359 《Chén Thánh》.txt
[359/376] download chapter_id=12703450 file=Chương 360 Matou Sakura Vạch Trần.txt
  OK decrypted=True written=Chương 360 Matou Sakura Vạch Trần.txt
[360/376] download chapter_id=12710248 file=Chương 361 Zenjou Aoi Hoảng Hốt.txt
  OK decrypted=True written=Chương 361 Zenjou Aoi Hoảng Hốt.txt
[361/376] download chapter_id=12712782 file=Chương 362 Tohsaka Rin Buồn Bực.txt
  OK decrypted=True written=Chương 362 Tohsaka Rin Buồn Bực.txt
[362/376] download chapter_id=12714979 file=Chương 363 Matou Sakura Bị Tỷ Tỷ Xanh.txt
  OK decrypted=True written=Chương 363 Matou Sakura Bị Tỷ Tỷ Xanh.txt
[363/376] download chapter_id=12717341 file=Chương 364 Matou Sakura Thần Trợ Công.txt
  OK decrypted=True written=Chương 364 Matou Sakura Thần Trợ Công.txt
[364/376] download chapter_id=12719677 file=Chương 365 Tohsaka Rin Trừng Phạt.txt
  OK decrypted=True written=Chương 365 Tohsaka Rin Trừng Phạt.txt
[365/376] download chapter_id=12722443 file=Chương 366 Tohsaka Rin Bị Tái.txt
  OK decrypted=True written=Chương 366 Tohsaka Rin Bị Tái.txt
[366/376] download chapter_id=12722444 file=Chương 367 Tohsaka Rin Ngầm Chấp Nhận.txt
  OK decrypted=True written=Chương 367 Tohsaka Rin Ngầm Chấp Nhận.txt
[367/376] download chapter_id=12725424 file=Chương 368 《Imagine Breaker》.txt
  OK decrypted=True written=Chương 368 《Imagine Breaker》.txt
[368/376] download chapter_id=12725425 file=Chương 369 Tadashi Ringo Biến Hóa.txt
  OK decrypted=True written=Chương 369 Tadashi Ringo Biến Hóa.txt
[369/376] download chapter_id=12727850 file=Chương 370 《Đệ Tam Pháp》.txt
  OK decrypted=True written=Chương 370 《Đệ Tam Pháp》.txt
[370/376] download chapter_id=12727851 file=Chương 371 Bảo Thạch Trái Cây.txt
  OK decrypted=True written=Chương 371 Bảo Thạch Trái Cây.txt
[371/376] download chapter_id=12731505 file=Chương 372 Tohsaka Rin Ủy Khuất.txt
  OK decrypted=True written=Chương 372 Tohsaka Rin Ủy Khuất.txt
[372/376] download chapter_id=12731872 file=Chương 373 Muội Khống Liếm Cẩu.txt
  OK decrypted=True written=Chương 373 Muội Khống Liếm Cẩu.txt
[373/376] download chapter_id=12733583 file=Chương 374 《Ma Thuật Chuyển Đổi》.txt
  OK decrypted=True written=Chương 374 《Ma Thuật Chuyển Đổi》.txt
[374/376] download chapter_id=12736086 file=Chương 375 Matou Sakura Ma Thuật Số Ảo.txt
  OK decrypted=True written=Chương 375 Matou Sakura Ma Thuật Số Ảo.txt
[375/376] download chapter_id=12737431 file=Chương 376 Lười đặt tiêu đề.txt
  OK decrypted=True written=Chương 376 Lười đặt tiêu đề.txt
[376/376] download chapter_id=12740290 file=Chương 377 Tadashi Ringo Nghi Hoặc.txt
  OK decrypted=True written=Chương 377 Tadashi Ringo Nghi Hoặc.txt
final_ok=376
final_fail=0
out=C:\Dev\MTC\Nhị Thứ Nguyên Thần Tượng Âm Nhạc

[stderr]
