book=Senju Gia Tộc Quật Khởi
book_id=107569
out=C:\Dev\MTC\Senju Gia Tộc Quật Khởi
chapters_total=366 expected=366
[1/366] download chapter_id=13646342 file=Chương 1 quá khứ đau khổ yếu đuối như sâu kiến.txt
  OK decrypted=True written=Chương 1 quá khứ đau khổ yếu đuối như sâu kiến.txt
[2/366] download chapter_id=13646343 file=Chương 2 món tiền đầu tiên.txt
  OK decrypted=True written=Chương 2 món tiền đầu tiên.txt
[3/366] download chapter_id=13646344 file=Chương 3 món tiền thứ 2.txt
  OK decrypted=True written=Chương 3 món tiền thứ 2.txt
[4/366] download chapter_id=13646345 file=Chương 4 hôn Tsunade.txt
  OK decrypted=True written=Chương 4 hôn Tsunade.txt
[5/366] download chapter_id=13646346 file=Chương 5 ta sẽ bảo vệ ngươi.txt
  OK decrypted=True written=Chương 5 ta sẽ bảo vệ ngươi.txt
[6/366] download chapter_id=13646348 file=Chương 6 bạn gái Tsunade.txt
  OK decrypted=True written=Chương 6 bạn gái Tsunade.txt
[7/366] download chapter_id=13646349 file=Chương 7 trở về còn cái nịt.txt
  OK decrypted=True written=Chương 7 trở về còn cái nịt.txt
[8/366] download chapter_id=13646350 file=Chương 8 xem thường cười nhạo.txt
  OK decrypted=True written=Chương 8 xem thường cười nhạo.txt
[9/366] download chapter_id=13646351 file=Chương 9 mua nhẫn thuật.txt
  OK decrypted=True written=Chương 9 mua nhẫn thuật.txt
[10/366] download chapter_id=13646352 file=Chương 10 hai quân giao chiến rất nóng nảy.txt
  OK decrypted=True written=Chương 10 hai quân giao chiến rất nóng nảy.txt
[11/366] download chapter_id=13647580 file=Chương 11 trả nợ ba năm không chán.txt
  OK decrypted=True written=Chương 11 trả nợ ba năm không chán.txt
[12/366] download chapter_id=13648154 file=Chương 12 tu luyện khiến ta vui sướng.txt
  OK decrypted=True written=Chương 12 tu luyện khiến ta vui sướng.txt
[13/366] download chapter_id=13649285 file=Chương 13 chiến Uchiha Fubuki.txt
  OK decrypted=True written=Chương 13 chiến Uchiha Fubuki.txt
[14/366] download chapter_id=13651067 file=Chương 14 Đệ Tam tra hỏi.txt
  OK decrypted=True written=Chương 14 Đệ Tam tra hỏi.txt
[15/366] download chapter_id=13651070 file=Chương 15 Nhà mới ăn mừng.txt
  OK decrypted=True written=Chương 15 Nhà mới ăn mừng.txt
[16/366] download chapter_id=13653232 file=Chương 16 ta sẽ thực hiện ước mơ của ngươi.txt
  OK decrypted=True written=Chương 16 ta sẽ thực hiện ước mơ của ngươi.txt
[17/366] download chapter_id=13653253 file=Chương 17 kế hoạch phục hưng gia tộc 1.txt
  OK decrypted=True written=Chương 17 kế hoạch phục hưng gia tộc 1.txt
[18/366] download chapter_id=13653254 file=Chương 18 kế hoạch phục hưng gia tộc 2.txt
  OK decrypted=True written=Chương 18 kế hoạch phục hưng gia tộc 2.txt
[19/366] download chapter_id=13654847 file=Chương 19 lá chắn linh hồn.txt
  OK decrypted=True written=Chương 19 lá chắn linh hồn.txt
[20/366] download chapter_id=13656674 file=Chương 20 ngươi lên chiến trường.txt
  OK decrypted=True written=Chương 20 ngươi lên chiến trường.txt
[21/366] download chapter_id=13656678 file=Chương 21 ta sẽ cho ngươi dùng tay.txt
  OK decrypted=True written=Chương 21 ta sẽ cho ngươi dùng tay.txt
[22/366] download chapter_id=13656697 file=Chương 22 ác ý rõ ràng.txt
  OK decrypted=True written=Chương 22 ác ý rõ ràng.txt
[23/366] download chapter_id=13656709 file=Chương 23 Roushi Jinchuriki tứ vĩ.txt
  OK decrypted=True written=Chương 23 Roushi Jinchuriki tứ vĩ.txt
[24/366] download chapter_id=13658351 file=Chương 24 trận chiến đầu tiên ở chiến trường.txt
  OK decrypted=True written=Chương 24 trận chiến đầu tiên ở chiến trường.txt
[25/366] download chapter_id=13658356 file=Chương 25 chết hết.txt
  OK decrypted=True written=Chương 25 chết hết.txt
[26/366] download chapter_id=13658358 file=Chương 26 bom vĩ thú.txt
  OK decrypted=True written=Chương 26 bom vĩ thú.txt
[27/366] download chapter_id=13658556 file=Chương 27 tình báo Minato.txt
  OK decrypted=True written=Chương 27 tình báo Minato.txt
[28/366] download chapter_id=13658644 file=Chương 28 chép chép chép điên cuồng sao chép.txt
  OK decrypted=True written=Chương 28 chép chép chép điên cuồng sao chép.txt
[29/366] download chapter_id=13660685 file=Chương 29 nổi giận.txt
  OK decrypted=True written=Chương 29 nổi giận.txt
[30/366] download chapter_id=13660687 file=Chương 30 Uzumaki Kazuki cảm kích lần đầu gặp Bạch Zetsu.txt
  OK decrypted=True written=Chương 30 Uzumaki Kazuki cảm kích lần đầu gặp Bạch Zetsu.txt
[31/366] download chapter_id=13660688 file=Chương 31 một góc yên tĩnh giữa chiến tranh.txt
  OK decrypted=True written=Chương 31 một góc yên tĩnh giữa chiến tranh.txt
[32/366] download chapter_id=13660689 file=Chương 32 Kakashi giật mình.txt
  OK decrypted=True written=Chương 32 Kakashi giật mình.txt
[33/366] download chapter_id=13660690 file=Chương 33 chiến tranh kết thúc ngọt ngào.txt
  OK decrypted=True written=Chương 33 chiến tranh kết thúc ngọt ngào.txt
[34/366] download chapter_id=13662986 file=Chương 34 xử lí công việc gia tộc.txt
  OK decrypted=True written=Chương 34 xử lí công việc gia tộc.txt
[35/366] download chapter_id=13662992 file=Chương 35 chỉ điểm tộc nhân cảm động.txt
  OK decrypted=True written=Chương 35 chỉ điểm tộc nhân cảm động.txt
[36/366] download chapter_id=13662993 file=Chương 36 Đệ Tam chuẩn bị xuống chức.txt
  OK decrypted=True written=Chương 36 Đệ Tam chuẩn bị xuống chức.txt
[37/366] download chapter_id=13663005 file=Chương 37 nghiên cứu Huyết kế giới hạn Tsunade cực kì chắc kèo.txt
  OK decrypted=True written=Chương 37 nghiên cứu Huyết kế giới hạn Tsunade cực kì chắc kèo.txt
[38/366] download chapter_id=13663007 file=Chương 38 khó khăn.txt
  OK decrypted=True written=Chương 38 khó khăn.txt
[39/366] download chapter_id=13666104 file=Chương 39 bất tử tổ 2 người.txt
  OK decrypted=True written=Chương 39 bất tử tổ 2 người.txt
[40/366] download chapter_id=13666107 file=Chương 40 trận chiến đầu tiên với Akatsuki.txt
  OK decrypted=True written=Chương 40 trận chiến đầu tiên với Akatsuki.txt
[41/366] download chapter_id=13666109 file=Chương 41 80 triệu ryo.txt
  OK decrypted=True written=Chương 41 80 triệu ryo.txt
[42/366] download chapter_id=13666111 file=Chương 42 cùng Minato trò chuyện.txt
  OK decrypted=True written=Chương 42 cùng Minato trò chuyện.txt
[43/366] download chapter_id=13666112 file=Chương 43 không nhớ mình đã xuống chức.txt
  OK decrypted=True written=Chương 43 không nhớ mình đã xuống chức.txt
[44/366] download chapter_id=13668940 file=Chương 44 Hizashi không phục khiêu chiến.txt
  OK decrypted=True written=Chương 44 Hizashi không phục khiêu chiến.txt
[45/366] download chapter_id=13668941 file=Chương 45 vụ ẩn mèo vờn chuột.txt
  OK decrypted=True written=Chương 45 vụ ẩn mèo vờn chuột.txt
[46/366] download chapter_id=13668942 file=Chương 46 Nghiền ép.txt
  OK decrypted=True written=Chương 46 Nghiền ép.txt
[47/366] download chapter_id=13668943 file=Chương 47 4 vị Thượng nhẫn vây công.txt
  OK decrypted=True written=Chương 47 4 vị Thượng nhẫn vây công.txt
[48/366] download chapter_id=13668944 file=Chương 48 rút lui.txt
  OK decrypted=True written=Chương 48 rút lui.txt
[49/366] download chapter_id=13672683 file=Chương 49 nói chuyện với Uchiha Shisui gay gắt.txt
  OK decrypted=True written=Chương 49 nói chuyện với Uchiha Shisui gay gắt.txt
[50/366] download chapter_id=13672686 file=Chương 50 kịch chiến Shisui.txt
  OK decrypted=True written=Chương 50 kịch chiến Shisui.txt
[51/366] download chapter_id=13672688 file=Chương 51 đánh hư một hòn đảo.txt
  OK decrypted=True written=Chương 51 đánh hư một hòn đảo.txt
[52/366] download chapter_id=13672690 file=Chương 52 chỉ điểm Shisui.txt
  OK decrypted=True written=Chương 52 chỉ điểm Shisui.txt
[53/366] download chapter_id=13672695 file=Chương 53 Shisui cũng biết mắng người.txt
  OK decrypted=True written=Chương 53 Shisui cũng biết mắng người.txt
[54/366] download chapter_id=13677729 file=Chương 54 gia tộc đồng thuật mạnh nhất Làng lá.txt
  OK decrypted=True written=Chương 54 gia tộc đồng thuật mạnh nhất Làng lá.txt
[55/366] download chapter_id=13677733 file=Chương 55 Shisui đang quấy nước sóng gió lên.txt
  OK decrypted=True written=Chương 55 Shisui đang quấy nước sóng gió lên.txt
[56/366] download chapter_id=13677734 file=Chương 56 Hayate nghiên cứu nhẫn thuật Shisui một đánh 3.txt
  OK decrypted=True written=Chương 56 Hayate nghiên cứu nhẫn thuật Shisui một đánh 3.txt
[57/366] download chapter_id=13677735 file=Chương 57 chép cùng bị chép.txt
  OK decrypted=True written=Chương 57 chép cùng bị chép.txt
[58/366] download chapter_id=13677736 file=Chương 58 Shisui kịch chiến Orochimaru.txt
  OK decrypted=True written=Chương 58 Shisui kịch chiến Orochimaru.txt
[59/366] download chapter_id=13679683 file=Chương 59 chiến thắng đã định trước.txt
  OK decrypted=True written=Chương 59 chiến thắng đã định trước.txt
[60/366] download chapter_id=13679684 file=Chương 60 khiêu chiến Minato phản ứng của Uchiha.txt
  OK decrypted=True written=Chương 60 khiêu chiến Minato phản ứng của Uchiha.txt
[61/366] download chapter_id=13679705 file=Chương 61 Shisui cùng Minato cân não.txt
  OK decrypted=True written=Chương 61 Shisui cùng Minato cân não.txt
[62/366] download chapter_id=13679707 file=Chương 62 trận chiến kinh điển.txt
  OK decrypted=True written=Chương 62 trận chiến kinh điển.txt
[63/366] download chapter_id=13679708 file=Chương 63 Uchiha ngoan ngoãn.txt
  OK decrypted=True written=Chương 63 Uchiha ngoan ngoãn.txt
[64/366] download chapter_id=13682812 file=Chương 64 Itachi và Shisui Kushina sắp sinh.txt
  OK decrypted=True written=Chương 64 Itachi và Shisui Kushina sắp sinh.txt
[65/366] download chapter_id=13682813 file=Chương 65 Cửu vĩ chi loạn.txt
  OK decrypted=True written=Chương 65 Cửu vĩ chi loạn.txt
[66/366] download chapter_id=13682814 file=Chương 66 chống cự Cửu vĩ.txt
  OK decrypted=True written=Chương 66 chống cự Cửu vĩ.txt
[67/366] download chapter_id=13682815 file=Chương 67 cứu Kushina.txt
  OK decrypted=True written=Chương 67 cứu Kushina.txt
[68/366] download chapter_id=13682816 file=Chương 68 sau khi mất chồng.txt
  OK decrypted=True written=Chương 68 sau khi mất chồng.txt
[69/366] download chapter_id=13686188 file=Chương 69 ban thưởng cùng xử phạt.txt
  OK decrypted=True written=Chương 69 ban thưởng cùng xử phạt.txt
[70/366] download chapter_id=13686189 file=Chương 70 phản ứng của các gia tộc.txt
  OK decrypted=True written=Chương 70 phản ứng của các gia tộc.txt
[71/366] download chapter_id=13686190 file=Chương 71 bái phỏng.txt
  OK decrypted=True written=Chương 71 bái phỏng.txt
[72/366] download chapter_id=13686191 file=Chương 72 200 triệu ryo quân sư Hayate.txt
  OK decrypted=True written=Chương 72 200 triệu ryo quân sư Hayate.txt
[73/366] download chapter_id=13686192 file=Chương 73 chỉ điểm Hyuga.txt
  OK decrypted=True written=Chương 73 chỉ điểm Hyuga.txt
[74/366] download chapter_id=13689234 file=Chương 74 mỗi bên đều đang vui sướng.txt
  OK decrypted=True written=Chương 74 mỗi bên đều đang vui sướng.txt
[75/366] download chapter_id=13689235 file=Chương 75 Kushina muốn trả thù.txt
  OK decrypted=True written=Chương 75 Kushina muốn trả thù.txt
[76/366] download chapter_id=13689236 file=Chương 76 khảo sát Kushina.txt
  OK decrypted=True written=Chương 76 khảo sát Kushina.txt
[77/366] download chapter_id=13689237 file=Chương 77 Kushina quá yếu ta muốn móc mắt ngươi.txt
  OK decrypted=True written=Chương 77 Kushina quá yếu ta muốn móc mắt ngươi.txt
[78/366] download chapter_id=13689238 file=Chương 78 chỉ đạo Kushina tu luyện.txt
  OK decrypted=True written=Chương 78 chỉ đạo Kushina tu luyện.txt
[79/366] download chapter_id=13693060 file=Chương 79 khai phá năng lực của trạng thái vĩ thú hóa đến tầm cao mới.txt
  OK decrypted=True written=Chương 79 khai phá năng lực của trạng thái vĩ thú hóa đến tầm cao mới.txt
[80/366] download chapter_id=13693062 file=Chương 80 kế hoạch đang tiến hành.txt
  OK decrypted=True written=Chương 80 kế hoạch đang tiến hành.txt
[81/366] download chapter_id=13693063 file=Chương 81 bị chèn ép.txt
  OK decrypted=True written=Chương 81 bị chèn ép.txt
[82/366] download chapter_id=13693065 file=Chương 82 hành trình Phong quốc tìm cây Henbi.txt
  OK decrypted=True written=Chương 82 hành trình Phong quốc tìm cây Henbi.txt
[83/366] download chapter_id=13693066 file=Chương 83 Gặp Haido.txt
  OK decrypted=True written=Chương 83 Gặp Haido.txt
[84/366] download chapter_id=13695503 file=Chương 84 muốn ngủ đưa gối hướng phát triển mới.txt
  OK decrypted=True written=Chương 84 muốn ngủ đưa gối hướng phát triển mới.txt
[85/366] download chapter_id=13695504 file=Chương 85 Kazuki ra tay.txt
  OK decrypted=True written=Chương 85 Kazuki ra tay.txt
[86/366] download chapter_id=13695505 file=Chương 86 sỏi thận.txt
  OK decrypted=True written=Chương 86 sỏi thận.txt
[87/366] download chapter_id=13695506 file=Chương 87 Pakura.txt
  OK decrypted=True written=Chương 87 Pakura.txt
[88/366] download chapter_id=13695508 file=Chương 88 tận dụng thiên thời địa lợi.txt
  OK decrypted=True written=Chương 88 tận dụng thiên thời địa lợi.txt
[89/366] download chapter_id=13695518 file=Chương 89 trở về Kushina xấu hổ.txt
  OK decrypted=True written=Chương 89 trở về Kushina xấu hổ.txt
[90/366] download chapter_id=13704968 file=Chương 90 sức mạnh của đá Gelel điều hành.txt
  OK decrypted=True written=Chương 90 sức mạnh của đá Gelel điều hành.txt
[91/366] download chapter_id=13704969 file=Chương 91 Shisui vs Kakashi.txt
  OK decrypted=True written=Chương 91 Shisui vs Kakashi.txt
[92/366] download chapter_id=13704970 file=Chương 92 Shisui muốn đấu kiếm với Kakashi.txt
  OK decrypted=True written=Chương 92 Shisui muốn đấu kiếm với Kakashi.txt
[93/366] download chapter_id=13704971 file=Chương 93 nồi của mình tự mình cõng.txt
  OK decrypted=True written=Chương 93 nồi của mình tự mình cõng.txt
[94/366] download chapter_id=13704972 file=Chương 94 Danzo muốn làm phản.txt
  OK decrypted=True written=Chương 94 Danzo muốn làm phản.txt
[95/366] download chapter_id=13704973 file=Chương 95 giết 6 Danzo hẳn sẽ rất đau lòng.txt
  OK decrypted=True written=Chương 95 giết 6 Danzo hẳn sẽ rất đau lòng.txt
[96/366] download chapter_id=13704974 file=Chương 96 tình cảnh xấu hổ với Kushina.txt
  OK decrypted=True written=Chương 96 tình cảnh xấu hổ với Kushina.txt
[97/366] download chapter_id=13704975 file=Chương 97 đừng tưởng đổi một cái mặt nạ ta liền không nhận ra ngươi.txt
  OK decrypted=True written=Chương 97 đừng tưởng đổi một cái mặt nạ ta liền không nhận ra ngươi.txt
[98/366] download chapter_id=13704976 file=Chương 98 bóng đen bí ẩn.txt
  OK decrypted=True written=Chương 98 bóng đen bí ẩn.txt
[99/366] download chapter_id=13704977 file=Chương 99 Uchiha Fugaku vs Kakashi.txt
  OK decrypted=True written=Chương 99 Uchiha Fugaku vs Kakashi.txt
[100/366] download chapter_id=13704981 file=Chương 100 Đệ Tam xử lí Danzo.txt
  OK decrypted=True written=Chương 100 Đệ Tam xử lí Danzo.txt
[101/366] download chapter_id=13705277 file=Chương 101 đóng cửa Căn bộ.txt
  OK decrypted=True written=Chương 101 đóng cửa Căn bộ.txt
[102/366] download chapter_id=13705279 file=Chương 102 Fugaku ngả bài.txt
  OK decrypted=True written=Chương 102 Fugaku ngả bài.txt
[103/366] download chapter_id=13705280 file=Chương 103 Shisui lo lắng bồn chồn.txt
  OK decrypted=True written=Chương 103 Shisui lo lắng bồn chồn.txt
[104/366] download chapter_id=13705281 file=Chương 104 vênh vang đắc ý Hayate tự tin Kakashi.txt
  OK decrypted=True written=Chương 104 vênh vang đắc ý Hayate tự tin Kakashi.txt
[105/366] download chapter_id=13708277 file=Chương 105 Kakashi cùng kĩ thuật mới.txt
  OK decrypted=True written=Chương 105 Kakashi cùng kĩ thuật mới.txt
[106/366] download chapter_id=13708278 file=Chương 106 Fugaku muốn mắt của Shisui.txt
  OK decrypted=True written=Chương 106 Fugaku muốn mắt của Shisui.txt
[107/366] download chapter_id=13708279 file=Chương 107 Obito đột kích.txt
  OK decrypted=True written=Chương 107 Obito đột kích.txt
[108/366] download chapter_id=13708282 file=Chương 108 Hayate Fugaku đấu Obito.txt
  OK decrypted=True written=Chương 108 Hayate Fugaku đấu Obito.txt
[109/366] download chapter_id=13710091 file=Chương 109 phương pháp ứng đối.txt
  OK decrypted=True written=Chương 109 phương pháp ứng đối.txt
[110/366] download chapter_id=13710094 file=Chương 110 phản ứng của các bên.txt
  OK decrypted=True written=Chương 110 phản ứng của các bên.txt
[111/366] download chapter_id=13710095 file=Chương 111 Mikoto chuẩn bị hành động.txt
  OK decrypted=True written=Chương 111 Mikoto chuẩn bị hành động.txt
[112/366] download chapter_id=13710096 file=Chương 112 Kushina tiến bộ vượt bậc Mikoto trò chuyện.txt
  OK decrypted=True written=Chương 112 Kushina tiến bộ vượt bậc Mikoto trò chuyện.txt
[113/366] download chapter_id=13712933 file=Chương 113 Mikoto bị bắt cóc.txt
  OK decrypted=True written=Chương 113 Mikoto bị bắt cóc.txt
[114/366] download chapter_id=13712937 file=Chương 114 Shisui trả thù tra tấn.txt
  OK decrypted=True written=Chương 114 Shisui trả thù tra tấn.txt
[115/366] download chapter_id=13712941 file=Chương 115 Mikoto bùng nổ.txt
  OK decrypted=True written=Chương 115 Mikoto bùng nổ.txt
[116/366] download chapter_id=13712947 file=Chương 116 đồng thuật Mangekyou Sharingan của Mikoto.txt
  OK decrypted=True written=Chương 116 đồng thuật Mangekyou Sharingan của Mikoto.txt
[117/366] download chapter_id=13716848 file=Chương 117 quá BUG.txt
  OK decrypted=True written=Chương 117 quá BUG.txt
[118/366] download chapter_id=13716859 file=Chương 118 Uchiha Shira ác mộng bắt đầu.txt
  OK decrypted=True written=Chương 118 Uchiha Shira ác mộng bắt đầu.txt
[119/366] download chapter_id=13716860 file=Chương 119 Ghost để mắt.txt
  OK decrypted=True written=Chương 119 Ghost để mắt.txt
[120/366] download chapter_id=13716861 file=Chương 120 tuyệt vọng Uchiha Shira.txt
  OK decrypted=True written=Chương 120 tuyệt vọng Uchiha Shira.txt
[121/366] download chapter_id=13719696 file=Chương 121 Uchiha Shira bị móc mắt.txt
  OK decrypted=True written=Chương 121 Uchiha Shira bị móc mắt.txt
[122/366] download chapter_id=13719698 file=Chương 122 Fugaku lo lắng Kazuki trở về.txt
  OK decrypted=True written=Chương 122 Fugaku lo lắng Kazuki trở về.txt
[123/366] download chapter_id=13719701 file=Chương 123 Danzo cũng có ngày bị mắng.txt
  OK decrypted=True written=Chương 123 Danzo cũng có ngày bị mắng.txt
[124/366] download chapter_id=13719702 file=Chương 124 Fugaku đối kháng Đệ Tam.txt
  OK decrypted=True written=Chương 124 Fugaku đối kháng Đệ Tam.txt
[125/366] download chapter_id=13722772 file=Chương 125 Fugaku đột kích Danzo mất chức trưởng lão.txt
  OK decrypted=True written=Chương 125 Fugaku đột kích Danzo mất chức trưởng lão.txt
[126/366] download chapter_id=13722778 file=Chương 126 tài liệu bí mật của Danzo.txt
  OK decrypted=True written=Chương 126 tài liệu bí mật của Danzo.txt
[127/366] download chapter_id=13722779 file=Chương 127 Orochimaru lại bắt cóc.txt
  OK decrypted=True written=Chương 127 Orochimaru lại bắt cóc.txt
[128/366] download chapter_id=13722780 file=Chương 128 Kushina chuẩn bị rời thôn.txt
  OK decrypted=True written=Chương 128 Kushina chuẩn bị rời thôn.txt
[129/366] download chapter_id=13724396 file=Chương 129 Orochimaru dụ dỗ Uchiha Shira thí nghiệm.txt
  OK decrypted=True written=Chương 129 Orochimaru dụ dỗ Uchiha Shira thí nghiệm.txt
[130/366] download chapter_id=13724397 file=Chương 130 phương pháp thô bạo.txt
  OK decrypted=True written=Chương 130 phương pháp thô bạo.txt
[131/366] download chapter_id=13724402 file=Chương 131 Uchiha Fugaku vs Aburame Shibi.txt
  OK decrypted=True written=Chương 131 Uchiha Fugaku vs Aburame Shibi.txt
[132/366] download chapter_id=13724403 file=Chương 132 Tsunade vs Chouza.txt
  OK decrypted=True written=Chương 132 Tsunade vs Chouza.txt
[133/366] download chapter_id=13727820 file=Chương 133 thông linh thú đầu tiên của Hyuga sau cải cách.txt
  OK decrypted=True written=Chương 133 thông linh thú đầu tiên của Hyuga sau cải cách.txt
[134/366] download chapter_id=13727821 file=Chương 134 Hyuga Hiashi vs Uchiha Fugaku.txt
  OK decrypted=True written=Chương 134 Hyuga Hiashi vs Uchiha Fugaku.txt
[135/366] download chapter_id=13727823 file=Chương 135 Nekomata hiển uy.txt
  OK decrypted=True written=Chương 135 Nekomata hiển uy.txt
[136/366] download chapter_id=13727824 file=Chương 136 Fugaku trọng thương.txt
  OK decrypted=True written=Chương 136 Fugaku trọng thương.txt
[137/366] download chapter_id=13730574 file=Chương 137 Uchiha Shira sắp thức tỉnh.txt
  OK decrypted=True written=Chương 137 Uchiha Shira sắp thức tỉnh.txt
[138/366] download chapter_id=13730575 file=Chương 138 Tsunade vs Fugaku.txt
  OK decrypted=True written=Chương 138 Tsunade vs Fugaku.txt
[139/366] download chapter_id=13730582 file=Chương 139 Thiên chiếu Amaterasu phát uy.txt
  OK decrypted=True written=Chương 139 Thiên chiếu Amaterasu phát uy.txt
[140/366] download chapter_id=13730584 file=Chương 140 Uchiha Shira trở lại.txt
  OK decrypted=True written=Chương 140 Uchiha Shira trở lại.txt
[141/366] download chapter_id=13734380 file=Chương 141 Mangekyou Sharingan đầu tiên tái hiện.txt
  OK decrypted=True written=Chương 141 Mangekyou Sharingan đầu tiên tái hiện.txt
[142/366] download chapter_id=13734381 file=Chương 142 Fugaku suýt bị miểu sát.txt
  OK decrypted=True written=Chương 142 Fugaku suýt bị miểu sát.txt
[143/366] download chapter_id=13734382 file=Chương 143 kinh dị Susano.txt
  OK decrypted=True written=Chương 143 kinh dị Susano.txt
[144/366] download chapter_id=13734383 file=Chương 144 kết quả cuối cùng.txt
  OK decrypted=True written=Chương 144 kết quả cuối cùng.txt
[145/366] download chapter_id=13737899 file=Chương 145 Đệ Tam chuẩn bị ra tay.txt
  OK decrypted=True written=Chương 145 Đệ Tam chuẩn bị ra tay.txt
[146/366] download chapter_id=13737900 file=Chương 146 vây công Uchiha Shira.txt
  OK decrypted=True written=Chương 146 vây công Uchiha Shira.txt
[147/366] download chapter_id=13737901 file=Chương 147 đại chiến Uchiha Shira.txt
  OK decrypted=True written=Chương 147 đại chiến Uchiha Shira.txt
[148/366] download chapter_id=13740214 file=Chương 148 sức mạnh khủng bố.txt
  OK decrypted=True written=Chương 148 sức mạnh khủng bố.txt
[149/366] download chapter_id=13740794 file=Chương 149 thất bại.txt
  OK decrypted=True written=Chương 149 thất bại.txt
[150/366] download chapter_id=13741124 file=Chương 150 Hayate đau đầu.txt
  OK decrypted=True written=Chương 150 Hayate đau đầu.txt
[151/366] download chapter_id=13741832 file=Chương 151 lại mua một căn chung cư còn một.txt
  OK decrypted=True written=Chương 151 lại mua một căn chung cư còn một.txt
[152/366] download chapter_id=13742271 file=Chương 152 hôn Kazuki.txt
  OK decrypted=True written=Chương 152 hôn Kazuki.txt
[153/366] download chapter_id=13742454 file=Chương 153 chỉ đạo Thượng nhẫn.txt
  OK decrypted=True written=Chương 153 chỉ đạo Thượng nhẫn.txt
[154/366] download chapter_id=13743032 file=Chương 154 lần nữa đụng độ 'Thất kiếm làng Sương Mù'.txt
  OK decrypted=True written=Chương 154 lần nữa đụng độ 'Thất kiếm làng Sương Mù'.txt
[155/366] download chapter_id=13743033 file=Chương 155 kịch đấu 'Thất kiếm làng Sương Mù'.txt
  OK decrypted=True written=Chương 155 kịch đấu 'Thất kiếm làng Sương Mù'.txt
[156/366] download chapter_id=13743034 file=Chương 156 chết gần hết.txt
  OK decrypted=True written=Chương 156 chết gần hết.txt
[157/366] download chapter_id=13743035 file=Chương 157 kiếm tiền đơn giản như vậy.txt
  OK decrypted=True written=Chương 157 kiếm tiền đơn giản như vậy.txt
[158/366] download chapter_id=13746104 file=Chương 158 Yomi kho báu của Quỷ quốc.txt
  OK decrypted=True written=Chương 158 Yomi kho báu của Quỷ quốc.txt
[159/366] download chapter_id=13746105 file=Chương 159 Tsunade hứa hẹn phải thực hiện.txt
  OK decrypted=True written=Chương 159 Tsunade hứa hẹn phải thực hiện.txt
[160/366] download chapter_id=13746106 file=Chương 160 Quỷ quốc nhiệm vụ Vu nữ cầu cứu.txt
  OK decrypted=True written=Chương 160 Quỷ quốc nhiệm vụ Vu nữ cầu cứu.txt
[161/366] download chapter_id=13746108 file=Chương 161 Kushina lần đầu ra trận.txt
  OK decrypted=True written=Chương 161 Kushina lần đầu ra trận.txt
[162/366] download chapter_id=13749065 file=Chương 162 sức mạnh của 'Anh hùng chi thủy'.txt
  OK decrypted=True written=Chương 162 sức mạnh của 'Anh hùng chi thủy'.txt
[163/366] download chapter_id=13749068 file=Chương 163 Kushina đụng độ Akatsuki.txt
  OK decrypted=True written=Chương 163 Kushina đụng độ Akatsuki.txt
[164/366] download chapter_id=13749070 file=Chương 164 Kushina vs Hidan Biwa Juzo.txt
  OK decrypted=True written=Chương 164 Kushina vs Hidan Biwa Juzo.txt
[165/366] download chapter_id=13752567 file=Chương 165 cùng ta so ai dùng đuôi tốt hơn.txt
  OK decrypted=True written=Chương 165 cùng ta so ai dùng đuôi tốt hơn.txt
[166/366] download chapter_id=13752568 file=Chương 166 áp chế.txt
  OK decrypted=True written=Chương 166 áp chế.txt
[167/366] download chapter_id=13752569 file=Chương 167 Kushina kịch chiến Sasori.txt
  OK decrypted=True written=Chương 167 Kushina kịch chiến Sasori.txt
[168/366] download chapter_id=13754312 file=Chương 168 Hidan tan thành khói bụi.txt
  OK decrypted=True written=Chương 168 Hidan tan thành khói bụi.txt
[169/366] download chapter_id=13754313 file=Chương 169 tin tức.txt
  OK decrypted=True written=Chương 169 tin tức.txt
[170/366] download chapter_id=13754315 file=Chương 170 Quỷ Vương Mouryou xuất thế.txt
  OK decrypted=True written=Chương 170 Quỷ Vương Mouryou xuất thế.txt
[171/366] download chapter_id=13754320 file=Chương 171 làng Cỏ dốc hết sức.txt
  OK decrypted=True written=Chương 171 làng Cỏ dốc hết sức.txt
[172/366] download chapter_id=13754321 file=Chương 172 1 chiêu miểu sát Thảo Ảnh.txt
  OK decrypted=True written=Chương 172 1 chiêu miểu sát Thảo Ảnh.txt
[173/366] download chapter_id=13754324 file=Chương 173 Uchiha Shira ham muốn Cực Lạc rương.txt
  OK decrypted=True written=Chương 173 Uchiha Shira ham muốn Cực Lạc rương.txt
[174/366] download chapter_id=13754325 file=Chương 174 Kazuki trợ giúp.txt
  OK decrypted=True written=Chương 174 Kazuki trợ giúp.txt
[175/366] download chapter_id=13754326 file=Chương 175 sức phá hoại kinh khủng của bom vĩ thú.txt
  OK decrypted=True written=Chương 175 sức phá hoại kinh khủng của bom vĩ thú.txt
[176/366] download chapter_id=13754328 file=Chương 176 Uchiha Shira khống chế Quái vật Ngộ Satori.txt
  OK decrypted=True written=Chương 176 Uchiha Shira khống chế Quái vật Ngộ Satori.txt
[177/366] download chapter_id=13754329 file=Chương 177 muốn trả thù.txt
  OK decrypted=True written=Chương 177 muốn trả thù.txt
[178/366] download chapter_id=13754330 file=Chương 178 chuẩn bị chiến tranh.txt
  OK decrypted=True written=Chương 178 chuẩn bị chiến tranh.txt
[179/366] download chapter_id=13754331 file=Chương 179 thành quả nghiên cứu của Tsunade.txt
  OK decrypted=True written=Chương 179 thành quả nghiên cứu của Tsunade.txt
[180/366] download chapter_id=13754333 file=Chương 180 Rasengan Địa ngọc.txt
  OK decrypted=True written=Chương 180 Rasengan Địa ngọc.txt
[181/366] download chapter_id=13754334 file=Chương 181 chiến tranh bắt đầu.txt
  OK decrypted=True written=Chương 181 chiến tranh bắt đầu.txt
[182/366] download chapter_id=13754335 file=Chương 182 chiến tranh với Uchiha Shira.txt
  OK decrypted=True written=Chương 182 chiến tranh với Uchiha Shira.txt
[183/366] download chapter_id=13754550 file=Chương 183 chiến tranh với Uchiha Shira 2.txt
  OK decrypted=True written=Chương 183 chiến tranh với Uchiha Shira 2.txt
[184/366] download chapter_id=13755972 file=Chương 184 chiến tranh với Uchiha Shira 3.txt
  OK decrypted=True written=Chương 184 chiến tranh với Uchiha Shira 3.txt
[185/366] download chapter_id=13756585 file=Chương 185 chiến tranh Uchiha Shira 4.txt
  OK decrypted=True written=Chương 185 chiến tranh Uchiha Shira 4.txt
[186/366] download chapter_id=13757621 file=Chương 186 chiến tranh với Uchiha Shira 5.txt
  OK decrypted=True written=Chương 186 chiến tranh với Uchiha Shira 5.txt
[187/366] download chapter_id=13758466 file=Chương 187 Kushina trở về.txt
  OK decrypted=True written=Chương 187 Kushina trở về.txt
[188/366] download chapter_id=13758468 file=Chương 188 Kushina phát uy.txt
  OK decrypted=True written=Chương 188 Kushina phát uy.txt
[189/366] download chapter_id=13758469 file=Chương 189 Hiashi loot quái rất nhanh.txt
  OK decrypted=True written=Chương 189 Hiashi loot quái rất nhanh.txt
[190/366] download chapter_id=13758474 file=Chương 190 Thổ độn thiên ngoại chấn tinh.txt
  OK decrypted=True written=Chương 190 Thổ độn thiên ngoại chấn tinh.txt
[191/366] download chapter_id=13758475 file=Chương 191 cảm xúc lẫn lộn.txt
  OK decrypted=True written=Chương 191 cảm xúc lẫn lộn.txt
[192/366] download chapter_id=13758476 file=Chương 192 Hayate phản biện.txt
  OK decrypted=True written=Chương 192 Hayate phản biện.txt
[193/366] download chapter_id=13758478 file=Chương 193 người vui người buồn.txt
  OK decrypted=True written=Chương 193 người vui người buồn.txt
[194/366] download chapter_id=13758481 file=Chương 194 suy đoán Thổ độn thiên ngoại chấn tinh.txt
  OK decrypted=True written=Chương 194 suy đoán Thổ độn thiên ngoại chấn tinh.txt
[195/366] download chapter_id=13758482 file=Chương 195 chuẩn bị kinh doanh ngành viễn thông.txt
  OK decrypted=True written=Chương 195 chuẩn bị kinh doanh ngành viễn thông.txt
[196/366] download chapter_id=13759611 file=Chương 196 Uchiha quẫn cảnh Shisui trở lại.txt
  OK decrypted=True written=Chương 196 Uchiha quẫn cảnh Shisui trở lại.txt
[197/366] download chapter_id=13759614 file=Chương 197 cùng Kushina đi dạo.txt
  OK decrypted=True written=Chương 197 cùng Kushina đi dạo.txt
[198/366] download chapter_id=13759947 file=Chương 198 Kushina vui vẻ.txt
  OK decrypted=True written=Chương 198 Kushina vui vẻ.txt
[199/366] download chapter_id=13762621 file=Chương 199 hôn Kushina.txt
  OK decrypted=True written=Chương 199 hôn Kushina.txt
[200/366] download chapter_id=13762625 file=Chương 200 Uchiha Shira chưa chết.txt
  OK decrypted=True written=Chương 200 Uchiha Shira chưa chết.txt
[201/366] download chapter_id=13763971 file=Chương 201 thay đổi nguồn năng lượng mục tiêu Tam vĩ.txt
  OK decrypted=True written=Chương 201 thay đổi nguồn năng lượng mục tiêu Tam vĩ.txt
[202/366] download chapter_id=13765923 file=Chương 202 Nagato muốn trả thù Obito nhận nhiệm vụ.txt
  OK decrypted=True written=Chương 202 Nagato muốn trả thù Obito nhận nhiệm vụ.txt
[203/366] download chapter_id=13767035 file=Chương 203 Danzo trả thù.txt
  OK decrypted=True written=Chương 203 Danzo trả thù.txt
[204/366] download chapter_id=13767147 file=Chương 204 Orochimaru làm thí nghiệm bị phát hiện.txt
  OK decrypted=True written=Chương 204 Orochimaru làm thí nghiệm bị phát hiện.txt
[205/366] download chapter_id=13768925 file=Chương 205 Danzo tự mình ra tay.txt
  OK decrypted=True written=Chương 205 Danzo tự mình ra tay.txt
[206/366] download chapter_id=13769443 file=Chương 206 Orochimaru cường đại.txt
  OK decrypted=True written=Chương 206 Orochimaru cường đại.txt
[207/366] download chapter_id=13769520 file=Chương 207 Danzo Izanagi.txt
  OK decrypted=True written=Chương 207 Danzo Izanagi.txt
[208/366] download chapter_id=13771330 file=Chương 208 Danzo chết.txt
  OK decrypted=True written=Chương 208 Danzo chết.txt
[209/366] download chapter_id=13771332 file=Chương 209 Đệ Tam tự phạt 1 tháng lương.txt
  OK decrypted=True written=Chương 209 Đệ Tam tự phạt 1 tháng lương.txt
[210/366] download chapter_id=13773198 file=Chương 210 Mikoto thất vọng về Fugaku.txt
  OK decrypted=True written=Chương 210 Mikoto thất vọng về Fugaku.txt
[211/366] download chapter_id=13775089 file=Chương 211 Mikoto bị khinh bỉ.txt
  OK decrypted=True written=Chương 211 Mikoto bị khinh bỉ.txt
[212/366] download chapter_id=13775453 file=Chương 212 Orochimaru gia nhập Akatsuki.txt
  OK decrypted=True written=Chương 212 Orochimaru gia nhập Akatsuki.txt
[213/366] download chapter_id=13775454 file=Chương 213 Orochimaru đoạt mắt.txt
  OK decrypted=True written=Chương 213 Orochimaru đoạt mắt.txt
[214/366] download chapter_id=13775455 file=Chương 214 Orochimaru đoạt mắt kí.txt
  OK decrypted=True written=Chương 214 Orochimaru đoạt mắt kí.txt
[215/366] download chapter_id=13780123 file=Chương 215 hao tổn đồng lực làm vố lớn.txt
  OK decrypted=True written=Chương 215 hao tổn đồng lực làm vố lớn.txt
[216/366] download chapter_id=13780390 file=Chương 216 Orochimaru đánh bại Pain.txt
  OK decrypted=True written=Chương 216 Orochimaru đánh bại Pain.txt
[217/366] download chapter_id=13781648 file=Chương 217 Orochimaru không đơn giản.txt
  OK decrypted=True written=Chương 217 Orochimaru không đơn giản.txt
[218/366] download chapter_id=13782135 file=Chương 218 Mikoto cùng Itachi.txt
  OK decrypted=True written=Chương 218 Mikoto cùng Itachi.txt
[219/366] download chapter_id=13782686 file=Chương 219 Shisui bại.txt
  OK decrypted=True written=Chương 219 Shisui bại.txt
[220/366] download chapter_id=13784848 file=Chương 220 quãng thời gian bình yên hiếm có.txt
  OK decrypted=True written=Chương 220 quãng thời gian bình yên hiếm có.txt
[221/366] download chapter_id=13785981 file=Chương 221 làm gối ôm của Kushina.txt
  OK decrypted=True written=Chương 221 làm gối ôm của Kushina.txt
[222/366] download chapter_id=13785982 file=Chương 222 thí nghiệm bước đầu thành công.txt
  OK decrypted=True written=Chương 222 thí nghiệm bước đầu thành công.txt
[223/366] download chapter_id=13788342 file=Chương 223 sức mạnh tự tin.txt
  OK decrypted=True written=Chương 223 sức mạnh tự tin.txt
[224/366] download chapter_id=13788343 file=Chương 224 sứ giả Làng Mây đến.txt
  OK decrypted=True written=Chương 224 sứ giả Làng Mây đến.txt
[225/366] download chapter_id=13788354 file=Chương 225 Mikoto muốn nghiên cứu Huyết kế giới hạn.txt
  OK decrypted=True written=Chương 225 Mikoto muốn nghiên cứu Huyết kế giới hạn.txt
[226/366] download chapter_id=13794115 file=Chương 226 Làng Mây sứ đoàn hung hăng càn quấy lục đục.txt
  OK decrypted=True written=Chương 226 Làng Mây sứ đoàn hung hăng càn quấy lục đục.txt
[227/366] download chapter_id=13794589 file=Chương 227 các ngươi muốn chiến tranh vậy thì chiến tranh.txt
  OK decrypted=True written=Chương 227 các ngươi muốn chiến tranh vậy thì chiến tranh.txt
[228/366] download chapter_id=13794669 file=Chương 228 Đệ Tam triệt để thất thế.txt
  OK decrypted=True written=Chương 228 Đệ Tam triệt để thất thế.txt
[229/366] download chapter_id=13798716 file=Chương 229 ra tiền tuyến.txt
  OK decrypted=True written=Chương 229 ra tiền tuyến.txt
[230/366] download chapter_id=13799208 file=Chương 230 Nii Yugito.txt
  OK decrypted=True written=Chương 230 Nii Yugito.txt
[231/366] download chapter_id=13799396 file=Chương 231 chích điện.txt
  OK decrypted=True written=Chương 231 chích điện.txt
[232/366] download chapter_id=13801883 file=Chương 232 dám xem thường tộc Hyuga của ta.txt
  OK decrypted=True written=Chương 232 dám xem thường tộc Hyuga của ta.txt
[233/366] download chapter_id=13802073 file=Chương 233 Cường giả Hayate.txt
  OK decrypted=True written=Chương 233 Cường giả Hayate.txt
[234/366] download chapter_id=13802457 file=Chương 234 thiên ngoại chấn tinh phiên bản 2.txt
  OK decrypted=True written=Chương 234 thiên ngoại chấn tinh phiên bản 2.txt
[235/366] download chapter_id=13805118 file=Chương 235 một trận chiến thành danh.txt
  OK decrypted=True written=Chương 235 một trận chiến thành danh.txt
[236/366] download chapter_id=13805453 file=Chương 236 Làng Mây không chịu nổi.txt
  OK decrypted=True written=Chương 236 Làng Mây không chịu nổi.txt
[237/366] download chapter_id=13806189 file=Chương 237 Kushina gặp Obito.txt
  OK decrypted=True written=Chương 237 Kushina gặp Obito.txt
[238/366] download chapter_id=13808743 file=Chương 238 Kushina vs Obito.txt
  OK decrypted=True written=Chương 238 Kushina vs Obito.txt
[239/366] download chapter_id=13808937 file=Chương 239 Kushina vs Obito 2.txt
  OK decrypted=True written=Chương 239 Kushina vs Obito 2.txt
[240/366] download chapter_id=13809134 file=Chương 240 Kushina vs Obito 3.txt
  OK decrypted=True written=Chương 240 Kushina vs Obito 3.txt
[241/366] download chapter_id=13811456 file=Chương 241 Thủy quốc tham chiến.txt
  OK decrypted=True written=Chương 241 Thủy quốc tham chiến.txt
[242/366] download chapter_id=13812011 file=Chương 242 âm mưu của Làng Mây.txt
  OK decrypted=True written=Chương 242 âm mưu của Làng Mây.txt
[243/366] download chapter_id=13812308 file=Chương 243 Obito vs Kakashi.txt
  OK decrypted=True written=Chương 243 Obito vs Kakashi.txt
[244/366] download chapter_id=13815001 file=Chương 244 Obito vs Kakashi 2.txt
  OK decrypted=True written=Chương 244 Obito vs Kakashi 2.txt
[245/366] download chapter_id=13815393 file=Chương 245 chiến trường biến ảo.txt
  OK decrypted=True written=Chương 245 chiến trường biến ảo.txt
[246/366] download chapter_id=13815565 file=Chương 246 Đệ Tứ Lôi Ảnh xuất hiện.txt
  OK decrypted=True written=Chương 246 Đệ Tứ Lôi Ảnh xuất hiện.txt
[247/366] download chapter_id=13817915 file=Chương 247 Chém giết.txt
  OK decrypted=True written=Chương 247 Chém giết.txt
[248/366] download chapter_id=13818031 file=Chương 248 Tsunade hiển uy.txt
  OK decrypted=True written=Chương 248 Tsunade hiển uy.txt
[249/366] download chapter_id=13818099 file=Chương 249 đánh lui Lôi Ảnh.txt
  OK decrypted=True written=Chương 249 đánh lui Lôi Ảnh.txt
[250/366] download chapter_id=13820440 file=Chương 250 bị nhắm vào.txt
  OK decrypted=True written=Chương 250 bị nhắm vào.txt
[251/366] download chapter_id=13820618 file=Chương 251 Obito hồi mã thương.txt
  OK decrypted=True written=Chương 251 Obito hồi mã thương.txt
[252/366] download chapter_id=13820624 file=Chương 252 Naruto biến hóa.txt
  OK decrypted=True written=Chương 252 Naruto biến hóa.txt
[253/366] download chapter_id=13823389 file=Chương 253 Làng Sương mù điên cuồng tấn công.txt
  OK decrypted=True written=Chương 253 Làng Sương mù điên cuồng tấn công.txt
[254/366] download chapter_id=13823507 file=Chương 254 đổi chiến trường.txt
  OK decrypted=True written=Chương 254 đổi chiến trường.txt
[255/366] download chapter_id=13823571 file=Chương 255 ác mộng của Làng Sương mù.txt
  OK decrypted=True written=Chương 255 ác mộng của Làng Sương mù.txt
[256/366] download chapter_id=13825642 file=Chương 256 ác mộng của Làng Sương mù 2.txt
  OK decrypted=True written=Chương 256 ác mộng của Làng Sương mù 2.txt
[257/366] download chapter_id=13825897 file=Chương 257 ác mộng của Làng Sương mù 3.txt
  OK decrypted=True written=Chương 257 ác mộng của Làng Sương mù 3.txt
[258/366] download chapter_id=13826067 file=Chương 258 Thủy Ảnh quái lạ.txt
  OK decrypted=True written=Chương 258 Thủy Ảnh quái lạ.txt
[259/366] download chapter_id=13828666 file=Chương 259 Untitled.txt
  OK decrypted=True written=Chương 259 Untitled.txt
[260/366] download chapter_id=13828667 file=Chương 260 đảo rùa.txt
  OK decrypted=True written=Chương 260 đảo rùa.txt
[261/366] download chapter_id=13828668 file=Chương 261 điều tra đảo rùa.txt
  OK decrypted=True written=Chương 261 điều tra đảo rùa.txt
[262/366] download chapter_id=13831721 file=Chương 262 đại chiến Bát vĩ.txt
  OK decrypted=True written=Chương 262 đại chiến Bát vĩ.txt
[263/366] download chapter_id=13831722 file=Chương 263 đại chiến Bát vĩ 2.txt
  OK decrypted=True written=Chương 263 đại chiến Bát vĩ 2.txt
[264/366] download chapter_id=13831727 file=Chương 264 chiếm đoạt đảo rùa.txt
  OK decrypted=True written=Chương 264 chiếm đoạt đảo rùa.txt
[265/366] download chapter_id=13834622 file=Chương 265 Bát vĩ chết Itachi chuẩn bị gia nhập Anbu.txt
  OK decrypted=True written=Chương 265 Bát vĩ chết Itachi chuẩn bị gia nhập Anbu.txt
[266/366] download chapter_id=13834623 file=Chương 266 ám sát Thủy Ảnh.txt
  OK decrypted=True written=Chương 266 ám sát Thủy Ảnh.txt
[267/366] download chapter_id=13834688 file=Chương 267 Itachi thức tỉnh Sharingan.txt
  OK decrypted=True written=Chương 267 Itachi thức tỉnh Sharingan.txt
[268/366] download chapter_id=13837873 file=Chương 268 bị truy sát.txt
  OK decrypted=True written=Chương 268 bị truy sát.txt
[269/366] download chapter_id=13838189 file=Chương 269 bị truy sát 2.txt
  OK decrypted=True written=Chương 269 bị truy sát 2.txt
[270/366] download chapter_id=13838353 file=Chương 270 bị truy sát 3.txt
  OK decrypted=True written=Chương 270 bị truy sát 3.txt
[271/366] download chapter_id=13841308 file=Chương 271 xích mích.txt
  OK decrypted=True written=Chương 271 xích mích.txt
[272/366] download chapter_id=13841309 file=Chương 272 Obito xuất hiện.txt
  OK decrypted=True written=Chương 272 Obito xuất hiện.txt
[273/366] download chapter_id=13841310 file=Chương 273 Mikoto Shisui chiến Obito.txt
  OK decrypted=True written=Chương 273 Mikoto Shisui chiến Obito.txt
[274/366] download chapter_id=13843625 file=Chương 274 Mikoto Shisui chiến Obito 2.txt
  OK decrypted=True written=Chương 274 Mikoto Shisui chiến Obito 2.txt
[275/366] download chapter_id=13846530 file=Chương 275 Mikoto Shisui chiến Obito 3.txt
  OK decrypted=True written=Chương 275 Mikoto Shisui chiến Obito 3.txt
[276/366] download chapter_id=13846531 file=Chương 276 Shisui dự định.txt
  OK decrypted=True written=Chương 276 Shisui dự định.txt
[277/366] download chapter_id=13846763 file=Chương 277 Shisui báo cáo.txt
  OK decrypted=True written=Chương 277 Shisui báo cáo.txt
[278/366] download chapter_id=13848453 file=Chương 278 Làng Mây khủng hoảng.txt
  OK decrypted=True written=Chương 278 Làng Mây khủng hoảng.txt
[279/366] download chapter_id=13848454 file=Chương 279 lần đụng độ cuối cùng.txt
  OK decrypted=True written=Chương 279 lần đụng độ cuối cùng.txt
[280/366] download chapter_id=13849133 file=Chương 280 chiến tranh kết thúc.txt
  OK decrypted=True written=Chương 280 chiến tranh kết thúc.txt
[281/366] download chapter_id=13851401 file=Chương 281 khải hoàn trở về.txt
  OK decrypted=True written=Chương 281 khải hoàn trở về.txt
[282/366] download chapter_id=13852129 file=Chương 282 lần đầu của Tsunade.txt
  OK decrypted=True written=Chương 282 lần đầu của Tsunade.txt
[283/366] download chapter_id=13852184 file=Chương 283 tình hình gia tộc Senju.txt
  OK decrypted=True written=Chương 283 tình hình gia tộc Senju.txt
[284/366] download chapter_id=13854590 file=Chương 284 Obito cùng Nagato mâu thuẫn.txt
  OK decrypted=True written=Chương 284 Obito cùng Nagato mâu thuẫn.txt
[285/366] download chapter_id=13854985 file=Chương 285 hậu chiến tranh.txt
  OK decrypted=True written=Chương 285 hậu chiến tranh.txt
[286/366] download chapter_id=13854986 file=Chương 286 Đệ Tam bị bức từ chức.txt
  OK decrypted=True written=Chương 286 Đệ Tam bị bức từ chức.txt
[287/366] download chapter_id=13857296 file=Chương 287 người ứng cử chức vị Hỏa Ảnh.txt
  OK decrypted=True written=Chương 287 người ứng cử chức vị Hỏa Ảnh.txt
[288/366] download chapter_id=13859495 file=Chương 288 động thái các phe.txt
  OK decrypted=True written=Chương 288 động thái các phe.txt
[289/366] download chapter_id=13859515 file=Chương 289 dòng nước ngầm.txt
  OK decrypted=True written=Chương 289 dòng nước ngầm.txt
[290/366] download chapter_id=13860454 file=Chương 290 cứu rỗi Uchiha gia tộc.txt
  OK decrypted=True written=Chương 290 cứu rỗi Uchiha gia tộc.txt
[291/366] download chapter_id=13860684 file=Chương 291 Sasuke bái sư.txt
  OK decrypted=True written=Chương 291 Sasuke bái sư.txt
[292/366] download chapter_id=13862869 file=Chương 292 Jiraiya trở về.txt
  OK decrypted=True written=Chương 292 Jiraiya trở về.txt
[293/366] download chapter_id=13863005 file=Chương 293 Tsunade vs Jiraiya.txt
  OK decrypted=True written=Chương 293 Tsunade vs Jiraiya.txt
[294/366] download chapter_id=13863236 file=Chương 294 Tsunade vs Jiraiya 2.txt
  OK decrypted=True written=Chương 294 Tsunade vs Jiraiya 2.txt
[295/366] download chapter_id=13866424 file=Chương 295 Tsunade vs Jiraiya 3.txt
  OK decrypted=True written=Chương 295 Tsunade vs Jiraiya 3.txt
[296/366] download chapter_id=13866427 file=Chương 296 Tsunade vs Jiraiya 4.txt
  OK decrypted=True written=Chương 296 Tsunade vs Jiraiya 4.txt
[297/366] download chapter_id=13866428 file=Chương 297 Hiashi vs Fugaku.txt
  OK decrypted=True written=Chương 297 Hiashi vs Fugaku.txt
[298/366] download chapter_id=13868520 file=Chương 298 Hiashi vs Fugaku 2.txt
  OK decrypted=True written=Chương 298 Hiashi vs Fugaku 2.txt
[299/366] download chapter_id=13869078 file=Chương 299 cảm xúc.txt
  OK decrypted=True written=Chương 299 cảm xúc.txt
[300/366] download chapter_id=13869261 file=Chương 300 Kakashi chất vấn.txt
  OK decrypted=True written=Chương 300 Kakashi chất vấn.txt
[301/366] download chapter_id=13871774 file=Chương 301 Tsunade vs Fugaku.txt
  OK decrypted=True written=Chương 301 Tsunade vs Fugaku.txt
[302/366] download chapter_id=13871935 file=Chương 302 Tsunade vs Fugaku 2.txt
  OK decrypted=True written=Chương 302 Tsunade vs Fugaku 2.txt
[303/366] download chapter_id=13872062 file=Chương 303 Đệ Ngũ Hỏa ảnh Tsunade.txt
  OK decrypted=True written=Chương 303 Đệ Ngũ Hỏa ảnh Tsunade.txt
[304/366] download chapter_id=13875699 file=Chương 304 biến cố trong ngày nhận chức.txt
  OK decrypted=True written=Chương 304 biến cố trong ngày nhận chức.txt
[305/366] download chapter_id=13875701 file=Chương 305 chiếm đoạt cùng mở rộng kinh doanh.txt
  OK decrypted=True written=Chương 305 chiếm đoạt cùng mở rộng kinh doanh.txt
[306/366] download chapter_id=13875706 file=Chương 306 giết giết giết.txt
  OK decrypted=True written=Chương 306 giết giết giết.txt
[307/366] download chapter_id=13877496 file=Chương 307 cướp đoạt pháo đài bay Ancor Vantican.txt
  OK decrypted=True written=Chương 307 cướp đoạt pháo đài bay Ancor Vantican.txt
[308/366] download chapter_id=13877498 file=Chương 308 Shinnou chết lại gặp Kushina.txt
  OK decrypted=True written=Chương 308 Shinnou chết lại gặp Kushina.txt
[309/366] download chapter_id=13877499 file=Chương 309 Shinnou chết gặp lại Kushina 2.txt
  OK decrypted=True written=Chương 309 Shinnou chết gặp lại Kushina 2.txt
[310/366] download chapter_id=13881112 file=Chương 310 Hỏa ảnh rất mệt mỏi.txt
  OK decrypted=True written=Chương 310 Hỏa ảnh rất mệt mỏi.txt
[311/366] download chapter_id=13881113 file=Chương 311 Asuma phản nhẫn.txt
  OK decrypted=True written=Chương 311 Asuma phản nhẫn.txt
[312/366] download chapter_id=13881126 file=Chương 312 Itachi theo dõi.txt
  OK decrypted=True written=Chương 312 Itachi theo dõi.txt
[313/366] download chapter_id=13883867 file=Chương 313 Itachi mâu thuẫn với Mikoto.txt
  OK decrypted=True written=Chương 313 Itachi mâu thuẫn với Mikoto.txt
[314/366] download chapter_id=13883870 file=Chương 314 Shisui Biệt thiên thần.txt
  OK decrypted=True written=Chương 314 Shisui Biệt thiên thần.txt
[315/366] download chapter_id=13883875 file=Chương 315 Akatsuki tình trạng Orochimaru lại ra tay.txt
  OK decrypted=True written=Chương 315 Akatsuki tình trạng Orochimaru lại ra tay.txt
[316/366] download chapter_id=13886590 file=Chương 316 khai giảng.txt
  OK decrypted=True written=Chương 316 khai giảng.txt
[317/366] download chapter_id=13886591 file=Chương 317 chính thức khai giảng.txt
  OK decrypted=True written=Chương 317 chính thức khai giảng.txt
[318/366] download chapter_id=13886592 file=Chương 318 Sasuke vs Naruto.txt
  OK decrypted=True written=Chương 318 Sasuke vs Naruto.txt
[319/366] download chapter_id=13889267 file=Chương 319 liên tục khiêu chiến.txt
  OK decrypted=True written=Chương 319 liên tục khiêu chiến.txt
[320/366] download chapter_id=13889268 file=Chương 320 Sasuke vs Neji.txt
  OK decrypted=True written=Chương 320 Sasuke vs Neji.txt
[321/366] download chapter_id=13889269 file=Chương 321 Sasuke vs Neji 2.txt
  OK decrypted=True written=Chương 321 Sasuke vs Neji 2.txt
[322/366] download chapter_id=13891570 file=Chương 322 Orochimaru bắt cóc.txt
  OK decrypted=True written=Chương 322 Orochimaru bắt cóc.txt
[323/366] download chapter_id=13894680 file=Chương 323 Mikoto đại chiến Orochimaru.txt
  OK decrypted=True written=Chương 323 Mikoto đại chiến Orochimaru.txt
[324/366] download chapter_id=13894682 file=Chương 324 Mikoto đại chiến Orochimaru 2.txt
  OK decrypted=True written=Chương 324 Mikoto đại chiến Orochimaru 2.txt
[325/366] download chapter_id=13894693 file=Chương 325 Orochimaru quyết đoán Kushina tao ngộ.txt
  OK decrypted=True written=Chương 325 Orochimaru quyết đoán Kushina tao ngộ.txt
[326/366] download chapter_id=13897420 file=Chương 326 Orochimaru quyết đoán Kushina tao ngộ 2.txt
  OK decrypted=True written=Chương 326 Orochimaru quyết đoán Kushina tao ngộ 2.txt
[327/366] download chapter_id=13897421 file=Chương 327 đại chiến Lục vĩ Jinchuriki.txt
  OK decrypted=True written=Chương 327 đại chiến Lục vĩ Jinchuriki.txt
[328/366] download chapter_id=13900901 file=Chương 328 Kushina vs Pain lục đạo.txt
  OK decrypted=True written=Chương 328 Kushina vs Pain lục đạo.txt
[329/366] download chapter_id=13900902 file=Chương 329 cứu viện.txt
  OK decrypted=True written=Chương 329 cứu viện.txt
[330/366] download chapter_id=13907159 file=Chương 330 Hayate đại chiến Pain lục đạo.txt
  OK decrypted=True written=Chương 330 Hayate đại chiến Pain lục đạo.txt
[331/366] download chapter_id=13907160 file=Chương 331 Hayate đại chiến Pain lục đạo 2.txt
  OK decrypted=True written=Chương 331 Hayate đại chiến Pain lục đạo 2.txt
[332/366] download chapter_id=13907163 file=Chương 332 Hayate đại chiến Pain lục đạo 3.txt
  OK decrypted=True written=Chương 332 Hayate đại chiến Pain lục đạo 3.txt
[333/366] download chapter_id=13907164 file=Chương 333 Hayate đại chiến Pain lục đạo 4.txt
  OK decrypted=True written=Chương 333 Hayate đại chiến Pain lục đạo 4.txt
[334/366] download chapter_id=13910065 file=Chương 334 kết quả trận chiến.txt
  OK decrypted=True written=Chương 334 kết quả trận chiến.txt
[335/366] download chapter_id=13910066 file=Chương 335 Hayate vs Kushina.txt
  OK decrypted=True written=Chương 335 Hayate vs Kushina.txt
[336/366] download chapter_id=13912541 file=Chương 336 hành động.txt
  OK decrypted=True written=Chương 336 hành động.txt
[337/366] download chapter_id=13912543 file=Chương 337 hành động 2.txt
  OK decrypted=True written=Chương 337 hành động 2.txt
[338/366] download chapter_id=13925183 file=Chương 338 quay lại Làng Mây.txt
  OK decrypted=True written=Chương 338 quay lại Làng Mây.txt
[339/366] download chapter_id=13926688 file=Chương 339 lại gặp Sasori.txt
  OK decrypted=True written=Chương 339 lại gặp Sasori.txt
[340/366] download chapter_id=13926691 file=Chương 340 Zabuza chết.txt
  OK decrypted=True written=Chương 340 Zabuza chết.txt
[341/366] download chapter_id=13926692 file=Chương 341 Obito ám sát thất bại.txt
  OK decrypted=True written=Chương 341 Obito ám sát thất bại.txt
[342/366] download chapter_id=13926727 file=Chương 342 Lôi Ảnh nổi giận.txt
  OK decrypted=True written=Chương 342 Lôi Ảnh nổi giận.txt
[343/366] download chapter_id=13929461 file=Chương 343 tranh đoạt Ngũ vĩ.txt
  OK decrypted=True written=Chương 343 tranh đoạt Ngũ vĩ.txt
[344/366] download chapter_id=13929462 file=Chương 344 Deidara cùng Kisame chết.txt
  OK decrypted=True written=Chương 344 Deidara cùng Kisame chết.txt
[345/366] download chapter_id=13931129 file=Chương 345 chỉ còn Nhất vĩ cùng Cửu vĩ.txt
  OK decrypted=True written=Chương 345 chỉ còn Nhất vĩ cùng Cửu vĩ.txt
[346/366] download chapter_id=13931130 file=Chương 346 nhẫn giới run sợ.txt
  OK decrypted=True written=Chương 346 nhẫn giới run sợ.txt
[347/366] download chapter_id=13933445 file=Chương 347 hội nghị thượng đỉnh.txt
  OK decrypted=True written=Chương 347 hội nghị thượng đỉnh.txt
[348/366] download chapter_id=13933446 file=Chương 348 ra tay với Darui.txt
  OK decrypted=True written=Chương 348 ra tay với Darui.txt
[349/366] download chapter_id=13935078 file=Chương 349 nghiên cứu Bão độn.txt
  OK decrypted=True written=Chương 349 nghiên cứu Bão độn.txt
[350/366] download chapter_id=13935079 file=Chương 350 tỉ thí với Mei Terumi.txt
  OK decrypted=True written=Chương 350 tỉ thí với Mei Terumi.txt
[351/366] download chapter_id=13937545 file=Chương 351 thành công.txt
  OK decrypted=True written=Chương 351 thành công.txt
[352/366] download chapter_id=13937546 file=Chương 352 tăng cấp Mộc độn.txt
  OK decrypted=True written=Chương 352 tăng cấp Mộc độn.txt
[353/366] download chapter_id=13937547 file=Chương 353 tiên thuật tụ năng.txt
  OK decrypted=True written=Chương 353 tiên thuật tụ năng.txt
[354/366] download chapter_id=13937548 file=Chương 354 đột phá.txt
  OK decrypted=True written=Chương 354 đột phá.txt
[355/366] download chapter_id=13937549 file=Chương 355 tấn công.txt
  OK decrypted=True written=Chương 355 tấn công.txt
[356/366] download chapter_id=13937550 file=Chương 356 Tenseigan đến tay.txt
  OK decrypted=True written=Chương 356 Tenseigan đến tay.txt
[357/366] download chapter_id=13937551 file=Chương 357 Siêu Ảnh.txt
  OK decrypted=True written=Chương 357 Siêu Ảnh.txt
[358/366] download chapter_id=13937552 file=Chương 358 Nagato tập kích.txt
  OK decrypted=True written=Chương 358 Nagato tập kích.txt
[359/366] download chapter_id=13937553 file=Chương 359 Nagato tập kích 2.txt
  OK decrypted=True written=Chương 359 Nagato tập kích 2.txt
[360/366] download chapter_id=13937554 file=Chương 360 Nagato tập kích 3.txt
  OK decrypted=True written=Chương 360 Nagato tập kích 3.txt
[361/366] download chapter_id=13937555 file=Chương 361 đối mặt Nagato.txt
  OK decrypted=True written=Chương 361 đối mặt Nagato.txt
[362/366] download chapter_id=13937556 file=Chương 362 chuẩn bị đột phá lục đạo.txt
  OK decrypted=True written=Chương 362 chuẩn bị đột phá lục đạo.txt
[363/366] download chapter_id=13937557 file=Chương 363 đột phá Huyết kế võng la.txt
  OK decrypted=True written=Chương 363 đột phá Huyết kế võng la.txt
[364/366] download chapter_id=13937558 file=Chương 364 sức mạnh của Thần.txt
  OK decrypted=True written=Chương 364 sức mạnh của Thần.txt
[365/366] download chapter_id=13937559 file=Chương 365 vợ chồng trường sinh bất lão.txt
  RETRYABLE_FAIL attempt=1 chapter_id=13937559: unable to decode iv
  OK decrypted=True retry=2 written=Chương 365 vợ chồng trường sinh bất lão.txt
[366/366] download chapter_id=13941257 file=Chương 366 đại kết cục.txt
  OK decrypted=True written=Chương 366 đại kết cục.txt
final_ok=366
final_fail=0
out=C:\Dev\MTC\Senju Gia Tộc Quật Khởi

[stderr]
