book=Bát Long Quy Nguyên Truyện
book_id=106194
out=C:\Dev\MTC\Bát Long Quy Nguyên Truyện
chapters_total=1131 expected=1131
workers=6 batch_size=12
BATCH 1-12 / 1131
  OK 1/1131 decrypted=True file=Chương 1 Ma Tinh Giáng Thế.txt
  OK 2/1131 decrypted=True file=Chương 2 Giác Hồn Đài.txt
  OK 3/1131 decrypted=True file=Chương 3 Hoàng Giai Thất Phẩm.txt
  OK 4/1131 decrypted=True file=Chương 4 Nhân Trung Chi Long.txt
  OK 5/1131 decrypted=True file=Chương 5 Hoàng Giai Bát Phẩm.txt
  OK 6/1131 decrypted=True file=Chương 6 Yêu Hồn Diệu Dụng.txt
  OK 7/1131 decrypted=True file=Chương 7 Luật Rừng Bên Trong.txt
  OK 8/1131 decrypted=True file=Chương 8 Mới Đến Dị Giới.txt
  OK 9/1131 decrypted=True file=Chương 9 Nam Hồng Viện.txt
  OK 10/1131 decrypted=True file=Chương 10 Thù Oán Tìm Đến.txt
  OK 11/1131 decrypted=True file=Chương 11 Nhất Chiêu Diệt Sát.txt
  OK 12/1131 decrypted=True file=Chương 12 Toàn Quân Bị Diệt.txt
BATCH 13-24 / 1131
  OK 13/1131 decrypted=True file=Chương 13 Yêu Giả Bát Trọng.txt
  OK 14/1131 decrypted=True file=Chương 14 Liệu Thương Đan.txt
  OK 15/1131 decrypted=True file=Chương 15 Nội Khí Đan.txt
  OK 16/1131 decrypted=True file=Chương 16 Đuổi Như Đuổi Tà.txt
  OK 17/1131 decrypted=True file=Chương 17 Đoạn Tử Tuyệt Tôn.txt
  OK 18/1131 decrypted=True file=Chương 18 Một Đêm Làm Cướp.txt
  OK 19/1131 decrypted=True file=Chương 19 Lòng Tham Vô Đáy.txt
  OK 20/1131 decrypted=True file=Chương 20 Thiếu Gia Thay Đổi.txt
  OK 21/1131 decrypted=True file=Chương 21 Lá Gan Quá Lớn.txt
  OK 22/1131 decrypted=True file=Chương 22 Đại Chiến Trần Khánh Ly.txt
  OK 23/1131 decrypted=True file=Chương 23 Chết Không Thấy Thi.txt
  OK 24/1131 decrypted=True file=Chương 24 Khôi Phục Tu Vi.txt
BATCH 25-36 / 1131
  OK 25/1131 decrypted=True file=Chương 25 Đại Hành Huyền Khí Kinh.txt
  OK 26/1131 decrypted=True file=Chương 26 Trần Gia Thiết Luật.txt
  OK 27/1131 decrypted=True file=Chương 27 Trần Trư Trư.txt
  OK 28/1131 decrypted=True file=Chương 28 Yêu Sĩ Cảnh Giới.txt
  OK 29/1131 decrypted=True file=Chương 29 Nam Hoang Kỳ Thư.txt
  OK 30/1131 decrypted=True file=Chương 30 Độc Giác Mã.txt
  OK 31/1131 decrypted=True file=Chương 31 Một Cái Cực Hình.txt
  OK 32/1131 decrypted=True file=Chương 32 Đứng Đầu Đại Mộc Lâm Khu.txt
  OK 33/1131 decrypted=True file=Chương 33 Miến Điện Vương Quốc.txt
  OK 34/1131 decrypted=True file=Chương 34 Bái Bì Âm Mưu.txt
  OK 35/1131 decrypted=True file=Chương 35 Ảnh Bộ Đại Thành.txt
  OK 36/1131 decrypted=True file=Chương 36 Luyện Đan Sư.txt
BATCH 37-48 / 1131
  OK 37/1131 decrypted=True file=Chương 37 Điệu Hổ Ly Sơn.txt
  OK 38/1131 decrypted=True file=Chương 38 Liên Hoàn Quyền.txt
  OK 39/1131 decrypted=True file=Chương 39 Trong Núi Không Hổ.txt
  OK 40/1131 decrypted=True file=Chương 40 Địa Giáp Thử Cường Đại.txt
  OK 41/1131 decrypted=True file=Chương 41 Ra Tay Tàn Nhẫn.txt
  OK 42/1131 decrypted=True file=Chương 42 Chật Vật Trốn Chết.txt
  OK 43/1131 decrypted=True file=Chương 43 Tâm Cơ Thâm Trầm.txt
  OK 44/1131 decrypted=True file=Chương 44 Thù Oán Thâm Sâu.txt
  OK 45/1131 decrypted=True file=Chương 45 Ngàn Dặm Đào Vong.txt
  OK 46/1131 decrypted=True file=Chương 46 Thạch Dực Nghĩ Sào.txt
  OK 47/1131 decrypted=True file=Chương 47 Ăn Trước Tính Sau.txt
  OK 48/1131 decrypted=True file=Chương 48 Đột Phá Yêu Giả Thất Trọng.txt
BATCH 49-60 / 1131
  OK 49/1131 decrypted=True file=Chương 49 Chân Chính Cự Đầu.txt
  OK 50/1131 decrypted=True file=Chương 50 Yêu Giả Bát Trọng.txt
  OK 51/1131 decrypted=True file=Chương 51 Túi Không Gian.txt
  OK 52/1131 decrypted=True file=Chương 52 Nhất Kiếm Định Càn Khôn.txt
  OK 53/1131 decrypted=True file=Chương 53 Kinh Thiên Bí Mật.txt
  OK 54/1131 decrypted=True file=Chương 54 Trở Lại Đại Mộc Lâm.txt
  OK 55/1131 decrypted=True file=Chương 55 Không Phiền Đến Ngươi.txt
  OK 56/1131 decrypted=True file=Chương 56 Đường Đến Nam Hồng Viện.txt
  OK 57/1131 decrypted=True file=Chương 57 Uẩn Hồng Sâm.txt
  OK 58/1131 decrypted=True file=Chương 58 Bát Trọng Hậu Kỳ.txt
  OK 59/1131 decrypted=True file=Chương 59 Thừa Sống Thiếu Chết.txt
  OK 60/1131 decrypted=True file=Chương 60 Bài Học Trị Nhân.txt
BATCH 61-72 / 1131
❌ Lỗi khi tải chương 13629341: HTTPSConnectionPool(host='android.lonoapp.net', port=443): Read timed out. (read timeout=10)
❌ Lỗi khi tải chương 13625832: HTTPSConnectionPool(host='android.lonoapp.net', port=443): Read timed out. (read timeout=10)
  OK 61/1131 decrypted=True file=Chương 61 Mân Việt Cổ Gia.txt
  OK 62/1131 decrypted=True file=Chương 62 Sinh Tử Dựa Bản Lĩnh.txt
  OK 63/1131 decrypted=True file=Chương 63 Thiên Binh Các.txt
  OK 64/1131 decrypted=True file=Chương 64 Chấn Nhiếp Mọi Người.txt
  OK 65/1131 decrypted=True file=Chương 65 Vương Tổ Hiền.txt
  OK 66/1131 decrypted=True file=Chương 66 Không Có Mệnh Hưởng.txt
  OK 67/1131 decrypted=True file=Chương 67 Người Xuyên Việt.txt
  OK 68/1131 decrypted=True file=Chương 68 Quá Mức Nguy Hiểm.txt
  OK 69/1131 decrypted=True retry=2 file=Chương 69 Cổ Loa Trần Gia.txt
  OK 70/1131 decrypted=True retry=2 file=Chương 70 Họa Sát Thân Đến.txt
  OK 71/1131 decrypted=True file=Chương 71 Chân Linh Huyết Sâm.txt
  OK 72/1131 decrypted=True file=Chương 72 Diệt Cỏ Tận Gốc.txt
BATCH 73-84 / 1131
  OK 73/1131 decrypted=True file=Chương 73 Chấn Nam Đạo.txt
  OK 74/1131 decrypted=True file=Chương 74 Nhị Giai Hạ Phẩm.txt
  OK 75/1131 decrypted=True file=Chương 75 Đến Trân Bảo Các.txt
  OK 76/1131 decrypted=True file=Chương 76 Ăn Cũng Quá Dày.txt
  OK 77/1131 decrypted=True file=Chương 77 Lấy Lại Công Đạo.txt
  OK 78/1131 decrypted=True file=Chương 78 Nghiêm Lột Da.txt
  OK 79/1131 decrypted=True file=Chương 79 Giao Hành Kiếm Khách.txt
  OK 80/1131 decrypted=True file=Chương 80 Chặn Đường Cướp Sát.txt
  OK 81/1131 decrypted=True file=Chương 81 Hóa Thủy Tán.txt
  OK 82/1131 decrypted=True file=Chương 82 Nguyệt Ảnh Lâu.txt
  OK 83/1131 decrypted=True file=Chương 83 Chân Hung Phía Sau.txt
  OK 84/1131 decrypted=True file=Chương 84 Ba Lần Hành Động.txt
BATCH 85-96 / 1131
  OK 85/1131 decrypted=True file=Chương 85 Tô Trục Lưu.txt
  OK 86/1131 decrypted=True file=Chương 86 Tiền Tài Con Đường.txt
  OK 87/1131 decrypted=True file=Chương 87 Quả Báo Đến Rồi.txt
  OK 88/1131 decrypted=True file=Chương 88 Kiến Nhiều Cắn Chết Voi.txt
  OK 89/1131 decrypted=True file=Chương 89 Lấy Oán Báo Ân.txt
  OK 90/1131 decrypted=True file=Chương 90 Lần Thứ Hai Ám Sát.txt
  OK 91/1131 decrypted=True file=Chương 91 Yêu Kỹ Nhập Môn.txt
  OK 92/1131 decrypted=True file=Chương 92 Hắc Địa Xà.txt
  OK 93/1131 decrypted=True file=Chương 93 Co Giò Lên Chạy.txt
  OK 94/1131 decrypted=True file=Chương 94 Ra Tay Trấn Áp.txt
  OK 95/1131 decrypted=True file=Chương 95 Đến Vạn Thạch Thung Lũng.txt
  OK 96/1131 decrypted=True file=Chương 96 Sát Khí Rợn Người.txt
BATCH 97-108 / 1131
  OK 97/1131 decrypted=True file=Chương 97 Đồng Quy Vu Tận.txt
  OK 98/1131 decrypted=True file=Chương 98 Danh Lưu Thiên Cổ.txt
  OK 99/1131 decrypted=True file=Chương 99 Nhất Tiễn Xạ Song Điêu.txt
  OK 100/1131 decrypted=True file=Chương 100 Cửu Phẩm Thạch Dực Nghĩ.txt
  OK 101/1131 decrypted=True file=Chương 101 Hạ Phẩm Linh Thạch.txt
  OK 102/1131 decrypted=True file=Chương 102 Có Chuyện Không Hay.txt
  OK 103/1131 decrypted=True file=Chương 103 Địa Ngục Không Cửa.txt
  OK 104/1131 decrypted=True file=Chương 104 Ẩn Dấu Quá Sâu.txt
  OK 105/1131 decrypted=True file=Chương 105 Quy Tắc Sinh Tồn.txt
  OK 106/1131 decrypted=True file=Chương 106 Xem Như Xong Rồi.txt
  OK 107/1131 decrypted=True file=Chương 107 Yêu Ma Tụ Tập.txt
  OK 108/1131 decrypted=True file=Chương 108 Linh Hạt Điểm Nhãn.txt
BATCH 109-120 / 1131
  OK 109/1131 decrypted=True file=Chương 109 Ngoại Viện Hoàng Đế.txt
  OK 110/1131 decrypted=True file=Chương 110 Ngô Tiểu Diễm Xuất Trận.txt
  OK 111/1131 decrypted=True file=Chương 111 Trấn Tộc Yêu Kỹ.txt
  OK 112/1131 decrypted=True file=Chương 112 Cha Của Trần Vân Thanh.txt
  OK 113/1131 decrypted=True file=Chương 113 Xuất Hiện.txt
  OK 114/1131 decrypted=True file=Chương 114 Tính Toán Nợ Nần.txt
  OK 115/1131 decrypted=True file=Chương 115 Để Lại Một Cánh Tay.txt
  OK 116/1131 decrypted=True file=Chương 116 Lấy Mạng Mười Tên.txt
  OK 117/1131 decrypted=True file=Chương 117 Quy Tắc Tu Luyện Giới.txt
  OK 118/1131 decrypted=True file=Chương 118 Lâm Nguy Ăn Cướp.txt
  OK 119/1131 decrypted=True file=Chương 119 Có Người Trừng Trị.txt
  OK 120/1131 decrypted=True file=Chương 120 Đan Dược Quá Nhiều.txt
BATCH 121-132 / 1131
❌ Lỗi khi tải chương 13710299: HTTPSConnectionPool(host='android.lonoapp.net', port=443): Read timed out. (read timeout=10)
❌ Lỗi khi tải chương 13715476: HTTPSConnectionPool(host='android.lonoapp.net', port=443): Read timed out. (read timeout=10)
  OK 121/1131 decrypted=True file=Chương 121 Muốn Làm Chuyện Đó.txt
  OK 122/1131 decrypted=True file=Chương 122 Lợi Dụng Ngô Tiểu Diễm.txt
  OK 123/1131 decrypted=True file=Chương 123 Hồng Môn Yến.txt
  OK 124/1131 decrypted=True file=Chương 124 Tao Là Công Đạo.txt
  OK 125/1131 decrypted=True retry=2 file=Chương 125 Không Tự Lượng Sức.txt
  OK 126/1131 decrypted=True file=Chương 126 Hắn Là Trần Vân Thanh.txt
  OK 127/1131 decrypted=True file=Chương 127 Quay Đầu Phản Chiến.txt
  OK 128/1131 decrypted=True file=Chương 128 Một Kiếm Chém Tới.txt
  OK 129/1131 decrypted=True retry=2 file=Chương 129 Câm Như Hến.txt
  OK 130/1131 decrypted=True file=Chương 130 Cùng Ra Tay.txt
  OK 131/1131 decrypted=True file=Chương 131 Không Tầm Thường Trần Tú.txt
  OK 132/1131 decrypted=True file=Chương 132 Con Chết Thảm Quá.txt
BATCH 133-144 / 1131
  OK 133/1131 decrypted=True file=Chương 133 Sát Khí Cao Thủ.txt
  OK 134/1131 decrypted=True file=Chương 134 Địa Cấp Sát Thủ.txt
  OK 135/1131 decrypted=True file=Chương 135 Lâu Chủ Nhận Đồ.txt
  OK 136/1131 decrypted=True file=Chương 136 Chân Truyền Đệ Tử.txt
  OK 137/1131 decrypted=True file=Chương 137 Tàn Nhẫn Cơ Hội.txt
  OK 138/1131 decrypted=True file=Chương 138 Trông Rất Quen Thuộc.txt
  OK 139/1131 decrypted=True file=Chương 139 Giữ Lại Núi Xanh.txt
  OK 140/1131 decrypted=True file=Chương 140 Là Một Yêu Quái.txt
  OK 141/1131 decrypted=True file=Chương 141 Người Phía Sau.txt
  OK 142/1131 decrypted=True file=Chương 142 Yêu Sĩ Thất Trong.txt
  OK 143/1131 decrypted=True file=Chương 143 Trấn Thùy Các.txt
  OK 144/1131 decrypted=True file=Chương 144 Có Thực Lực Là Người Tốt.txt
BATCH 145-156 / 1131
  OK 145/1131 decrypted=True file=Chương 145 Thói Đời Vô Tình.txt
  OK 146/1131 decrypted=True file=Chương 146 Trần Tố Nga Yêu Mến.txt
  OK 147/1131 decrypted=True file=Chương 147 Hai Thế Giới.txt
  OK 148/1131 decrypted=True file=Chương 148 Tuyết Tằm Tinh Tơ.txt
  OK 149/1131 decrypted=True file=Chương 149 Cái Bố Tông.txt
  OK 150/1131 decrypted=True file=Chương 150 Con Người Tàn Độc.txt
  OK 151/1131 decrypted=True file=Chương 151 Nhân Họa Đắc Phúc.txt
  OK 152/1131 decrypted=True file=Chương 152 Ông Trời Không Cho Ai Tất Cả.txt
  OK 153/1131 decrypted=True file=Chương 153 Tuyệt Đại Thiên Kiêu.txt
  OK 154/1131 decrypted=True file=Chương 154 Trần Hộc Ra Tay.txt
  OK 155/1131 decrypted=True file=Chương 155 Giận Cá Chém Thớt.txt
  OK 156/1131 decrypted=True file=Chương 156 Quá Bất Công.txt
BATCH 157-168 / 1131
  OK 157/1131 decrypted=True file=Chương 157 Phụ Thân Tìm Đến.txt
  OK 158/1131 decrypted=True file=Chương 158 Hôn Sự Đến.txt
  OK 159/1131 decrypted=True file=Chương 159 Mẫu Thân Là Ai.txt
  OK 160/1131 decrypted=True file=Chương 160 Yêu Vương Cửu Trọng.txt
  OK 161/1131 decrypted=True file=Chương 161 Thương Thế Bá Đạo.txt
  OK 162/1131 decrypted=True file=Chương 162 Đột Phá Yêu Sĩ.txt
  OK 163/1131 decrypted=True file=Chương 163 Thề Không Bỏ Qua.txt
  OK 164/1131 decrypted=True file=Chương 164 Ngu Tư Ân.txt
  OK 165/1131 decrypted=True file=Chương 165 Chu Tử Yên.txt
  OK 166/1131 decrypted=True file=Chương 166 Cùng Nó Thành Hôn.txt
  OK 167/1131 decrypted=True file=Chương 167 Bị Điên Rồi.txt
  OK 168/1131 decrypted=True file=Chương 168 Vân Thanh Thiên Đế.txt
BATCH 169-180 / 1131
  OK 169/1131 decrypted=True file=Chương 169 Đệ Nhất Thiên Đế.txt
  OK 170/1131 decrypted=True file=Chương 170 Dung Thiên Thần Ngọc.txt
  OK 171/1131 decrypted=True file=Chương 171 Tuyệt Thế Mỹ Nhân.txt
  OK 172/1131 decrypted=True file=Chương 172 Tạo Hóa Dung Thiên Quyết.txt
  OK 173/1131 decrypted=True file=Chương 173 Thứ Mười Nội Mạch.txt
  OK 174/1131 decrypted=True file=Chương 174 Oan Gia Ngõ Hẹp.txt
  OK 175/1131 decrypted=True file=Chương 175 Linh Thạch Mỏ Khoáng.txt
  OK 176/1131 decrypted=True file=Chương 176 Hoàng Sa Sơn Mạch.txt
  OK 177/1131 decrypted=True file=Chương 177 Mới Đến Nam Hoang.txt
  OK 178/1131 decrypted=True file=Chương 178 Chân Mệnh Đan.txt
  OK 179/1131 decrypted=True file=Chương 179 Thiên Tâm Uy Danh.txt
  OK 180/1131 decrypted=True file=Chương 180 Đến Mông Gia.txt
BATCH 181-192 / 1131
  OK 181/1131 decrypted=True file=Chương 181 Tàn Nhẫn Máu Tanh.txt
  OK 182/1131 decrypted=True file=Chương 182 Liên Hoàn Tính Toán.txt
  OK 183/1131 decrypted=True file=Chương 183 Bắc Minh Thần Công Hay Hấp Tinh Đại Pháp.txt
  OK 184/1131 decrypted=True file=Chương 184 Lệ Rơi Đầy Mặt.txt
  OK 185/1131 decrypted=True file=Chương 185 Kẻ Thù Đến Đủ.txt
  OK 186/1131 decrypted=True file=Chương 186 Thay Trời Hành Đạo.txt
  OK 187/1131 decrypted=True file=Chương 187 Giết Sạch Cả.txt
  OK 188/1131 decrypted=True file=Chương 188 Thật Không Ngờ.txt
  OK 189/1131 decrypted=True file=Chương 189 Bí Mật Thật Lớn.txt
  OK 190/1131 decrypted=True file=Chương 190 Hắc Yên Vụ.txt
  OK 191/1131 decrypted=True file=Chương 191 Hóa Công Tán.txt
  OK 192/1131 decrypted=True file=Chương 192 Cũng Là Đạo Tặc.txt
BATCH 193-204 / 1131
  OK 193/1131 decrypted=True file=Chương 193 Hắc Thạch Sơn.txt
  OK 194/1131 decrypted=True file=Chương 194 Đột Phá Yêu Sĩ.txt
  OK 195/1131 decrypted=True file=Chương 195 Đây Là Ý Trời.txt
  OK 196/1131 decrypted=True file=Chương 196 Ôm Người Ta Quá Chặt.txt
  OK 197/1131 decrypted=True file=Chương 197 Cởi Y Phục.txt
  OK 198/1131 decrypted=True file=Chương 198 Tiểu Dâm Tặc.txt
  OK 199/1131 decrypted=True file=Chương 199 Bên Ngoài Khá Lạnh.txt
  OK 200/1131 decrypted=True file=Chương 200 Bảo Tàng Sống.txt
  OK 201/1131 decrypted=True file=Chương 201 Vã Cho Sưng Mồm.txt
  OK 202/1131 decrypted=True file=Chương 202 Trận Bàn.txt
  OK 203/1131 decrypted=True file=Chương 203 Học Trận Pháp.txt
  OK 204/1131 decrypted=True file=Chương 204 Trận Đạo Cơ Sở.txt
BATCH 205-216 / 1131
  OK 205/1131 decrypted=True file=Chương 205 Nhị Giai Trận Pháp Sư.txt
  OK 206/1131 decrypted=True file=Chương 206 Yêu Sĩ Nhị Trọng Hậu Kỳ.txt
  OK 207/1131 decrypted=True file=Chương 207 Xui Xẻo Quá Vậy.txt
  OK 208/1131 decrypted=True file=Chương 208 Thần Ngọc Cảnh Báo.txt
  OK 209/1131 decrypted=True file=Chương 209 Đỉnh Cao Nam Hoang.txt
  OK 210/1131 decrypted=True file=Chương 210 Ô Bà Bà.txt
  OK 211/1131 decrypted=True file=Chương 211 Thiên Sinh Khuyết Hồn.txt
  OK 212/1131 decrypted=True file=Chương 212 Khủng Bố Ô Bà Bà.txt
  OK 213/1131 decrypted=True file=Chương 213 Bổ Hồn Ngọc.txt
  OK 214/1131 decrypted=True file=Chương 214 Cảnh Giới Cực Cao.txt
  OK 215/1131 decrypted=True file=Chương 215 Sát Thê Vận.txt
  OK 216/1131 decrypted=True file=Chương 216 Lợi Dụng.txt
BATCH 217-228 / 1131
  OK 217/1131 decrypted=True file=Chương 217 Bản Lĩnh Không Nhỏ.txt
  OK 218/1131 decrypted=True file=Chương 218 Đến Nha Môn.txt
  OK 219/1131 decrypted=True file=Chương 219 La Lâm Thương Hội.txt
  OK 220/1131 decrypted=True file=Chương 220 Yêu Tinh.txt
  OK 221/1131 decrypted=True file=Chương 221 Vô Tận Trả Thù.txt
  OK 222/1131 decrypted=True file=Chương 222 Đấu Giá Hội.txt
  OK 223/1131 decrypted=True file=Chương 223 Cổ Tộc Đệ Tử.txt
  OK 224/1131 decrypted=True file=Chương 224 Tam Giai Trận Pháp Sư.txt
  OK 225/1131 decrypted=True file=Chương 225 Bát Phương Hổ Trận.txt
  OK 226/1131 decrypted=True file=Chương 226 Cổ Gia Nhị Thiếu.txt
  OK 227/1131 decrypted=True file=Chương 227 Yêu Sư Cảnh Khủng Bố.txt
  OK 228/1131 decrypted=True file=Chương 228 Mộ Táng Đuổi Đến.txt
BATCH 229-240 / 1131
❌ Lỗi khi tải chương 13857008: HTTPSConnectionPool(host='android.lonoapp.net', port=443): Read timed out. (read timeout=10)
  OK 229/1131 decrypted=True file=Chương 229 Lòng Tham Chết Người.txt
  OK 230/1131 decrypted=True file=Chương 230 Giao Long Kiếm Pháp.txt
  OK 231/1131 decrypted=True file=Chương 231 Tô Trần Đại Chiến.txt
  OK 232/1131 decrypted=True file=Chương 232 Vu Oan Giá Họa.txt
  OK 233/1131 decrypted=True file=Chương 233 Nguyễn Đại Nhân.txt
  OK 234/1131 decrypted=True file=Chương 234 Mưu Kế Tinh Vi.txt
  OK 235/1131 decrypted=True file=Chương 235 Phản Tộc.txt
  OK 236/1131 decrypted=True file=Chương 236 Đan Nô.txt
  OK 237/1131 decrypted=True retry=2 file=Chương 237 Tiểu Diễm Hy Sinh.txt
  OK 238/1131 decrypted=True file=Chương 238 Nhặt Xác.txt
  OK 239/1131 decrypted=True file=Chương 239 Thi Thể La Liệt.txt
  OK 240/1131 decrypted=True file=Chương 240 Yêu Sĩ Tam Trọng.txt
BATCH 241-252 / 1131
  OK 241/1131 decrypted=True file=Chương 241 Học Luyện Đan.txt
  OK 242/1131 decrypted=True file=Chương 242 Song Yến Lưu Tinh.txt
  OK 243/1131 decrypted=True file=Chương 243 Vong Ân Quá Nhiều.txt
  OK 244/1131 decrypted=True file=Chương 244 Trời Biết Đất Biết.txt
  OK 245/1131 decrypted=True file=Chương 245 Chơi Vố Quá Đau.txt
  OK 246/1131 decrypted=True file=Chương 246 Nhập Nội Viện.txt
  OK 247/1131 decrypted=True file=Chương 247 Không Có Hiểu Lầm.txt
  OK 248/1131 decrypted=True file=Chương 248 Tân Niên Hội Võ.txt
  OK 249/1131 decrypted=True file=Chương 249 Phi Hoa Kiếm Pháp.txt
  OK 250/1131 decrypted=True file=Chương 250 Ngọa Hổ Tàng Long.txt
  OK 251/1131 decrypted=True file=Chương 251 Thủy Ngưu Thú.txt
  OK 252/1131 decrypted=True file=Chương 252 Giải Quyết Vân Thanh.txt
BATCH 253-264 / 1131
  OK 253/1131 decrypted=True file=Chương 253 Chết Không Nơi Chôn.txt
  OK 254/1131 decrypted=True file=Chương 254 Minh Giới Mua Yêu Kỹ.txt
  OK 255/1131 decrypted=True file=Chương 255 Quá Tự Tin Vào Bản Thân.txt
  OK 256/1131 decrypted=True file=Chương 256 Dương Mưu Khó Chống.txt
  OK 257/1131 decrypted=True file=Chương 257 Yêu Tông Động Phủ.txt
  OK 258/1131 decrypted=True file=Chương 258 Đao Phong Tiểu Trận.txt
  OK 259/1131 decrypted=True file=Chương 259 Thiệu Gia Hủy Diệt.txt
  OK 260/1131 decrypted=True file=Chương 260 Đụng Chạm Tự Ái.txt
  OK 261/1131 decrypted=True file=Chương 261 Chịu Tận Đau Khổ.txt
  OK 262/1131 decrypted=True file=Chương 262 Cấp Hai Linh Ngọc.txt
  OK 263/1131 decrypted=True file=Chương 263 Tham Tài Hơn Mạng.txt
  OK 264/1131 decrypted=True file=Chương 264 Làm Chó Cho Người.txt
BATCH 265-276 / 1131
  OK 265/1131 decrypted=True file=Chương 265 Giết Người Diệt Khẩu.txt
  OK 266/1131 decrypted=True file=Chương 266 Tử Mẫu Đoạn Hồn.txt
  OK 267/1131 decrypted=True file=Chương 267 Méo Mó Có Hơn Không.txt
  OK 268/1131 decrypted=True file=Chương 268 Lạc Vào Ảo Trận.txt
  OK 269/1131 decrypted=True file=Chương 269 Lam Hình Lục Ảnh.txt
  OK 270/1131 decrypted=True file=Chương 270 Lạc Việt Suy Tàn.txt
  OK 271/1131 decrypted=True file=Chương 271 Quốc Gia Lợi Thường Dân Hại.txt
  OK 272/1131 decrypted=True file=Chương 272 Xảy Ra Chuyện.txt
  OK 273/1131 decrypted=True file=Chương 273 Phán Tội Chết.txt
  OK 274/1131 decrypted=True file=Chương 274 Đoạn Nội Mạch Cắt Gân Tay.txt
  OK 275/1131 decrypted=True file=Chương 275 Không Nghĩ Hậu Quả.txt
  OK 276/1131 decrypted=True file=Chương 276 Nghênh Thanh Các.txt
BATCH 277-288 / 1131
  OK 277/1131 decrypted=True file=Chương 277 Giờ Xử Lý.txt
  OK 278/1131 decrypted=True file=Chương 278 Chuyển Biến Không Ngờ.txt
  OK 279/1131 decrypted=True file=Chương 279 Nghịch Huyết Thác Cốt.txt
  OK 280/1131 decrypted=True file=Chương 280 Con Đường Chết.txt
  OK 281/1131 decrypted=True file=Chương 281 Huyết Cốt Đan.txt
  OK 282/1131 decrypted=True file=Chương 282 Ngông Cuồng Tự Đại.txt
  OK 283/1131 decrypted=True file=Chương 283 Yêu Sĩ Tứ Trọng.txt
  OK 284/1131 decrypted=True file=Chương 284 Tiểu Hồ Ly.txt
  OK 285/1131 decrypted=True file=Chương 285 Vòng Kim Cô.txt
  OK 286/1131 decrypted=True file=Chương 286 Khai Chiến.txt
  OK 287/1131 decrypted=True file=Chương 287 Tu Vi Bạo Tăng.txt
  OK 288/1131 decrypted=True file=Chương 288 Tuyệt Sắc Mỹ Nhân.txt
BATCH 289-300 / 1131
  OK 289/1131 decrypted=True file=Chương 289 Đối Phó Trần Túng Quyền.txt
  OK 290/1131 decrypted=True file=Chương 290 Diệt Cái Bố Tông.txt
  OK 291/1131 decrypted=True file=Chương 291 Có Chuyện Lớn.txt
  OK 292/1131 decrypted=True file=Chương 292 Sâu Sắc Quan Tâm.txt
  OK 293/1131 decrypted=True file=Chương 293 Mang Ngọc Có Tội.txt
  OK 294/1131 decrypted=True file=Chương 294 Phụng Thục Diễm.txt
  OK 295/1131 decrypted=True file=Chương 295 Kim Tiền Chuyện Xưa.txt
  OK 296/1131 decrypted=True file=Chương 296 Diệt Khẩu.txt
  OK 297/1131 decrypted=True file=Chương 297 Hóa Công Tán.txt
  OK 298/1131 decrypted=True file=Chương 298 Non Kém Kinh Nghiệm.txt
  OK 299/1131 decrypted=True file=Chương 299 Trận Hủy.txt
  OK 300/1131 decrypted=True file=Chương 300 Ninh Thương Tán.txt
BATCH 301-312 / 1131
  OK 301/1131 decrypted=True file=Chương 301 Đại Hoạch Toàn Thắng.txt
  OK 302/1131 decrypted=True file=Chương 302 Hết Sức Đặc Sắc.txt
  OK 303/1131 decrypted=True file=Chương 303 Bài Vị Tiên Tổ.txt
  OK 304/1131 decrypted=True file=Chương 304 Cũng Thật Độc Ác.txt
  OK 305/1131 decrypted=True file=Chương 305 Cổ Cự Cao Ra Tay.txt
  OK 306/1131 decrypted=True file=Chương 306 Rút Củi Dưới Đáy Nồi.txt
  OK 307/1131 decrypted=True file=Chương 307 Thần Bí Thanh Niên Khủng Bố.txt
  OK 308/1131 decrypted=True file=Chương 308 Chuyển Biến Quá Lớn.txt
  OK 309/1131 decrypted=True file=Chương 309 Viên Mãn Yêu Kỹ.txt
  OK 310/1131 decrypted=True file=Chương 310 Năm Triệu Linh Thạch.txt
  OK 311/1131 decrypted=True file=Chương 311 Hung Thủ Là Ai.txt
  OK 312/1131 decrypted=True file=Chương 312 Ai Dám Tranh Dành.txt
BATCH 313-324 / 1131
  OK 313/1131 decrypted=True file=Chương 313 Dưa Hái Xanh Không Ngọt.txt
  OK 314/1131 decrypted=True file=Chương 314 Tam Giai Yêu Quyết Xuất Hiện.txt
  OK 315/1131 decrypted=True file=Chương 315 Một Tay Che Trời.txt
  OK 316/1131 decrypted=True file=Chương 316 Yêu Sĩ Tứ Trọng Hậu Kỳ.txt
  OK 317/1131 decrypted=True file=Chương 317 Tố Nga Tìm Đến.txt
  OK 318/1131 decrypted=True file=Chương 318 Cút Đi.txt
  OK 319/1131 decrypted=True file=Chương 319 Tà Tâm Bất Tử.txt
  OK 320/1131 decrypted=True file=Chương 320 Đạo Chích Ghé Thăm.txt
  OK 321/1131 decrypted=True file=Chương 321 Ba Hoa Hổ Gia.txt
  OK 322/1131 decrypted=True file=Chương 322 Đạo Tặc Chính Cống.txt
  OK 323/1131 decrypted=True file=Chương 323 Liệt Tàn Dương.txt
  OK 324/1131 decrypted=True file=Chương 324 Thần Tiên Đánh Nhau.txt
BATCH 325-336 / 1131
  OK 325/1131 decrypted=True file=Chương 325 Tam Dương Quyết.txt
  OK 326/1131 decrypted=True file=Chương 326 Ngang Tàng Bá Đạo.txt
  OK 327/1131 decrypted=True file=Chương 327 Viêm Thuận Lô.txt
  OK 328/1131 decrypted=True file=Chương 328 Chơi Một Vố.txt
  OK 329/1131 decrypted=True file=Chương 329 Phong Hình Bộ.txt
  OK 330/1131 decrypted=True file=Chương 330 Áp Chót Bảo Vật.txt
  OK 331/1131 decrypted=True file=Chương 331 Hổ Gia Giết Đến.txt
  OK 332/1131 decrypted=True file=Chương 332 Người Đó Mạnh Hơn.txt
  OK 333/1131 decrypted=True file=Chương 333 Có Kế Hoạch Lớn.txt
  OK 334/1131 decrypted=True file=Chương 334 Quy Tắc Ngầm.txt
  OK 335/1131 decrypted=True file=Chương 335 Diệt Cái Bố Tông.txt
  OK 336/1131 decrypted=True file=Chương 336 Ngàn Cân Treo Sợi Tóc.txt
BATCH 337-348 / 1131
❌ Lỗi khi tải chương 14008857: HTTPSConnectionPool(host='android.lonoapp.net', port=443): Read timed out. (read timeout=10)
  OK 337/1131 decrypted=True file=Chương 337 Diệt Tộc.txt
  OK 338/1131 decrypted=True file=Chương 338 Thù Lao Hậu Hĩnh.txt
  OK 339/1131 decrypted=True file=Chương 339 Tàn Sát Lẫn Nhau.txt
  OK 340/1131 decrypted=True file=Chương 340 Khôi Phục Gia Tộc.txt
  OK 341/1131 decrypted=True file=Chương 341 Vì Không Nghe Lời.txt
  OK 342/1131 decrypted=True file=Chương 342 Yêu Sĩ Ngũ Trọng.txt
  OK 343/1131 decrypted=True file=Chương 343 Lễ Bái Lạc Hoàng.txt
  OK 344/1131 decrypted=True file=Chương 344 Cùng Xuống Âm Minh.txt
  OK 345/1131 decrypted=True retry=2 file=Chương 345 Bảo Tàng Tô Gia.txt
  OK 346/1131 decrypted=True file=Chương 346 Đi Vào Chấn Nam Đại Sơn.txt
  OK 347/1131 decrypted=True file=Chương 347 Tốc Độ Giết Người.txt
  OK 348/1131 decrypted=True file=Chương 348 Động Lòng Tham.txt
BATCH 349-360 / 1131
❌ Lỗi khi tải chương 14032458: HTTPSConnectionPool(host='android.lonoapp.net', port=443): Read timed out. (read timeout=10)
  OK 349/1131 decrypted=True file=Chương 349 Khái Đao Đạo Phỉ.txt
  OK 350/1131 decrypted=True file=Chương 350 May Mắn Chi Lệ.txt
  OK 351/1131 decrypted=True file=Chương 351 Tri Chu Võng.txt
  OK 352/1131 decrypted=True file=Chương 352 Chó Ăn Lương Tâm.txt
  OK 353/1131 decrypted=True file=Chương 353 Quá Tàn Độc.txt
  OK 354/1131 decrypted=True file=Chương 354 Lực Lượng Huyền Diệu.txt
  OK 355/1131 decrypted=True file=Chương 355 Già Còn Ham Muốn.txt
  OK 356/1131 decrypted=True retry=2 file=Chương 356 Tăng Nhiều Cháo Ít.txt
  OK 357/1131 decrypted=True file=Chương 357 Yêu Sĩ Thất Trọng Hậu Kỳ.txt
  OK 358/1131 decrypted=True file=Chương 358 Yêu Tôn Nhận Đồ.txt
  OK 359/1131 decrypted=True file=Chương 359 Thức Hải Không Gian.txt
  OK 360/1131 decrypted=True file=Chương 360 Trách Ai Được Đây.txt
BATCH 361-372 / 1131
❌ Lỗi khi tải chương 14052422: HTTPSConnectionPool(host='android.lonoapp.net', port=443): Read timed out. (read timeout=10)
❌ Lỗi khi tải chương 14075420: HTTPSConnectionPool(host='android.lonoapp.net', port=443): Read timed out. (read timeout=10)
  OK 361/1131 decrypted=True file=Chương 361 Tam Giai Khôi Lỗi.txt
  OK 362/1131 decrypted=True file=Chương 362 Sinh Thiết Đỉnh.txt
  OK 363/1131 decrypted=True file=Chương 363 Bạch Sương Cốc.txt
  OK 364/1131 decrypted=True retry=2 file=Chương 364 Tay Nghề Nấu Ăn Rất Khá.txt
  OK 365/1131 decrypted=True file=Chương 365 Không Cần Tồn Tại.txt
  OK 366/1131 decrypted=True file=Chương 366 Sinh Tử Cấm.txt
  OK 367/1131 decrypted=True file=Chương 367 Đầu Óc Có Bệnh.txt
  OK 368/1131 decrypted=True file=Chương 368 Thất Sách Quá.txt
  OK 369/1131 decrypted=True file=Chương 369 Oán Hận Đã Lâu.txt
  OK 370/1131 decrypted=True file=Chương 370 Hắc Ngục Thôn Viêm.txt
  OK 371/1131 decrypted=True file=Chương 371 Hỏa Linh.txt
  OK 372/1131 decrypted=True retry=2 file=Chương 372 Đan Thánh Chuyển Thế.txt
BATCH 373-384 / 1131
❌ Lỗi khi tải chương 14081507: HTTPSConnectionPool(host='android.lonoapp.net', port=443): Read timed out. (read timeout=10)
  OK 373/1131 decrypted=True file=Chương 373 Yêu Sư Cảnh Giới.txt
  OK 374/1131 decrypted=True retry=2 file=Chương 374 Rượu Mời Không Uống.txt
  OK 375/1131 decrypted=True file=Chương 375 Xuân Thu Phấn.txt
  OK 376/1131 decrypted=True file=Chương 376 Bách Vũ Mai Hoa.txt
  OK 377/1131 decrypted=True file=Chương 377 Xóa Đi Trần Gia.txt
  OK 378/1131 decrypted=True file=Chương 378 Địch Mạt Cáp Ly.txt
  OK 379/1131 decrypted=True file=Chương 379 Địa Đầu Sơn.txt
  OK 380/1131 decrypted=True file=Chương 380 Sợ Re Nước Đái.txt
  OK 381/1131 decrypted=True file=Chương 381 Lạc Hoàng.txt
  OK 382/1131 decrypted=True file=Chương 382 Lạc Hoàng Đệ Tử.txt
  OK 383/1131 decrypted=True file=Chương 383 Tu Tiên Giả.txt
  OK 384/1131 decrypted=True file=Chương 384 Ngự Thú Tông.txt
BATCH 385-396 / 1131
  OK 385/1131 decrypted=True file=Chương 385 Cửu Dương Thánh Giả.txt
  OK 386/1131 decrypted=True file=Chương 386 Tỉnh Hồn Chi Lệ.txt
  OK 387/1131 decrypted=True file=Chương 387 Thủ Đoạn.txt
  OK 388/1131 decrypted=True file=Chương 388 Vũ Kiếm Trận.txt
  OK 389/1131 decrypted=True file=Chương 389 Trả Lại Gấp Bội.txt
  OK 390/1131 decrypted=True file=Chương 390 Kiếm Côn Giao Tranh.txt
  OK 391/1131 decrypted=True file=Chương 391 Binh Bất Yếm Trá.txt
  OK 392/1131 decrypted=True file=Chương 392 Trở Lại.txt
  OK 393/1131 decrypted=True file=Chương 393 Xóa Bỏ Ân Oán.txt
  OK 394/1131 decrypted=True file=Chương 394 Ngũ Giai Yêu Thú.txt
  OK 395/1131 decrypted=True file=Chương 395 Rửa Tay Gác Kiếm.txt
  OK 396/1131 decrypted=True file=Chương 396 Tâm Lý Vặn Vẹo.txt
BATCH 397-408 / 1131
  OK 397/1131 decrypted=True file=Chương 397 Kẻ Thù Gặp Mặt.txt
  OK 398/1131 decrypted=True file=Chương 398 Không Được Thoải Mái.txt
  OK 399/1131 decrypted=True file=Chương 399 Lưỡng Toàn Kỳ Mỹ.txt
  OK 400/1131 decrypted=True file=Chương 400 Nhất Tướng Công Thành.txt
  OK 401/1131 decrypted=True file=Chương 401 Bạch Quang Vụ.txt
  OK 402/1131 decrypted=True file=Chương 402 Ngũ Tuyệt Độc.txt
  OK 403/1131 decrypted=True file=Chương 403 Bách Vương Chầu Hoàng.txt
  OK 404/1131 decrypted=True file=Chương 404 Thê Tử Tìm Đến.txt
  OK 405/1131 decrypted=True file=Chương 405 Ra Mắt Gia Đình.txt
  OK 406/1131 decrypted=True file=Chương 406 Quá Không Bình Thường.txt
  OK 407/1131 decrypted=True file=Chương 407 Việc Nhẹ Lương Cao.txt
  OK 408/1131 decrypted=True file=Chương 408 Chạy Mất Dép.txt
BATCH 409-420 / 1131
  OK 409/1131 decrypted=True file=Chương 409 Trên Có Mẹ Già.txt
  OK 410/1131 decrypted=True file=Chương 410 Hồng Côn Tìm Đến.txt
  OK 411/1131 decrypted=True file=Chương 411 Ngụy Quân Tử.txt
  OK 412/1131 decrypted=True retry=2 file=Chương 412 Thổ Long Thần Ngọc.txt
  OK 413/1131 decrypted=True file=Chương 413 Quân Nhân Chắn Đường.txt
  OK 414/1131 decrypted=True file=Chương 414 Thái Thần Đao Pháp.txt
  OK 415/1131 decrypted=True file=Chương 415 Đột Phá Bát Trọng.txt
  OK 416/1131 decrypted=True file=Chương 416 Xanh Như Tàu Lá.txt
  OK 417/1131 decrypted=True file=Chương 417 Cao Thủ Không Bằng Tranh Thủ.txt
  OK 418/1131 decrypted=True file=Chương 418 Quá Mức Vô Duyên.txt
  OK 419/1131 decrypted=True file=Chương 419 Mời Lăng Sư Huynh.txt
  OK 420/1131 decrypted=True file=Chương 420 Giết Sạch Tất Cả.txt
BATCH 421-432 / 1131
  OK 421/1131 decrypted=True file=Chương 421 Hỏa Long Yêu Quyết.txt
  OK 422/1131 decrypted=True file=Chương 422 Linh Hỏa Thăng Cấp.txt
  OK 423/1131 decrypted=True file=Chương 423 Hỏa Hệ Bảo Vật.txt
  OK 424/1131 decrypted=True file=Chương 424 Luyện Chế Yêu Binh.txt
  OK 425/1131 decrypted=True file=Chương 425 Khắc Nghiệt Vô Tình.txt
  OK 426/1131 decrypted=True file=Chương 426 Siêu Cấp Cường Giả.txt
  OK 427/1131 decrypted=True file=Chương 427 Rễ Quý Lăng Gia.txt
  OK 428/1131 decrypted=True file=Chương 428 Đều Là Tiểu Nhân.txt
  OK 429/1131 decrypted=True file=Chương 429 Hối Hận Cũng Muộn.txt
  OK 430/1131 decrypted=True file=Chương 430 Hắc Cẩu Cường Đại.txt
  OK 431/1131 decrypted=True file=Chương 431 Chặn Giết.txt
  OK 432/1131 decrypted=True file=Chương 432 Lâu Rồi Không Xem Phim.txt
BATCH 433-444 / 1131
  OK 433/1131 decrypted=True file=Chương 433 Lăng Tiêu Kiếm Pháp.txt
  OK 434/1131 decrypted=True file=Chương 434 Kim Long Bách Biến.txt
  OK 435/1131 decrypted=True file=Chương 435 Hắc Kim Giáp.txt
  OK 436/1131 decrypted=True file=Chương 436 Băng Ty Võng.txt
  OK 437/1131 decrypted=True file=Chương 437 Anh Hùng Cứu Mỹ Nhân.txt
  OK 438/1131 decrypted=True file=Chương 438 Đừng Làm Ẩu.txt
  OK 439/1131 decrypted=True file=Chương 439 Nhất Ngôn Cửu Đỉnh.txt
  OK 440/1131 decrypted=True file=Chương 440 Muốn Học Toàn Bộ Kim Long Bách Biến.txt
  OK 441/1131 decrypted=True file=Chương 441 Tĩnh Y Gia Thế.txt
  OK 442/1131 decrypted=True file=Chương 442 Yêu Sĩ Cửu Trọng.txt
  OK 443/1131 decrypted=True file=Chương 443 Hắc Cẩu Kết Cục.txt
  OK 444/1131 decrypted=True file=Chương 444 Hoang Tàn Trần Gia Trấn.txt
BATCH 445-456 / 1131
  OK 445/1131 decrypted=True file=Chương 445 Chôn Thân Biển Lửa.txt
  OK 446/1131 decrypted=True file=Chương 446 Chân Nhân Không Lộ Tướng.txt
  OK 447/1131 decrypted=True file=Chương 447 Làm Trang Chủ.txt
  OK 448/1131 decrypted=True file=Chương 448 Đánh Đâu Thắng Đó.txt
  OK 449/1131 decrypted=True file=Chương 449 Tiếu Nhất Hồng Xuất Hiện.txt
  OK 450/1131 decrypted=True file=Chương 450 Ra Tay.txt
  OK 451/1131 decrypted=True file=Chương 451 Thú Triều Đến.txt
  OK 452/1131 decrypted=True file=Chương 452 Thiệt Hại Thảm Trọng.txt
  OK 453/1131 decrypted=True file=Chương 453 Tự Mình Đi Giết.txt
  OK 454/1131 decrypted=True file=Chương 454 Người Của Ngô Gia.txt
  OK 455/1131 decrypted=True file=Chương 455 Ra Tay Tập Kích.txt
  OK 456/1131 decrypted=True file=Chương 456 Quá Trọng Tình Nghĩa.txt
BATCH 457-468 / 1131
  OK 457/1131 decrypted=True file=Chương 457 Thiếu Cung Chủ.txt
  OK 458/1131 decrypted=True file=Chương 458 Âm Mưu Của Na Trát.txt
  OK 459/1131 decrypted=True file=Chương 459 Thủ Đoạn Để Lại.txt
  OK 460/1131 decrypted=True file=Chương 460 Thiên Ngoại Hữu Thiên.txt
  OK 461/1131 decrypted=True file=Chương 461 Dương Gia Trấn.txt
  OK 462/1131 decrypted=True file=Chương 462 Thảm Kịch Dương Gia Trấn.txt
  OK 463/1131 decrypted=True file=Chương 463 Đáng Sợ Như Vậy.txt
  OK 464/1131 decrypted=True file=Chương 464 Nắm Tay Cùng Đi.txt
  OK 465/1131 decrypted=True file=Chương 465 Thành Chủ Hành Động.txt
  OK 466/1131 decrypted=True file=Chương 466 Tiếng Sét Ái Tình.txt
  OK 467/1131 decrypted=True file=Chương 467 Tuyệt Thế Thần Công.txt
  OK 468/1131 decrypted=True file=Chương 468 Loại Bỏ Trần Hàn Xương.txt
BATCH 469-480 / 1131
❌ Lỗi khi tải chương 14394160: HTTPSConnectionPool(host='android.lonoapp.net', port=443): Read timed out. (read timeout=10)
  OK 469/1131 decrypted=True file=Chương 469 Thánh Giả Thảm Cảnh.txt
  OK 470/1131 decrypted=True file=Chương 470 Miễn Cưỡng Làm Sao.txt
  OK 471/1131 decrypted=True file=Chương 471 Hội Võ Bắt Đầu.txt
  OK 472/1131 decrypted=True file=Chương 472 Người Đó Là Ai.txt
  OK 473/1131 decrypted=True file=Chương 473 Chỉ Có Thằng Điên.txt
  OK 474/1131 decrypted=True file=Chương 474 Đã Quá Muộn.txt
  OK 475/1131 decrypted=True retry=2 file=Chương 475 Lấy Thế Hiếp Người.txt
  OK 476/1131 decrypted=True file=Chương 476 Đêm Tối Rời Đi.txt
  OK 477/1131 decrypted=True file=Chương 477 Không Kịp Ngáp.txt
  OK 478/1131 decrypted=True file=Chương 478 Xuất Thủ Ám Toán.txt
  OK 479/1131 decrypted=True file=Chương 479 Còn Non Xanh Lắm.txt
  OK 480/1131 decrypted=True file=Chương 480 Trước Hai Con Đường.txt
BATCH 481-492 / 1131
  OK 481/1131 decrypted=True file=Chương 481 Liều Mạng.txt
  OK 482/1131 decrypted=True file=Chương 482 Không Lối Thoát.txt
  OK 483/1131 decrypted=True file=Chương 483 Được Người Cứu Đi.txt
  OK 484/1131 decrypted=True file=Chương 484 Toàn Thành Truy Sát.txt
  OK 485/1131 decrypted=True file=Chương 485 Hưởng Thụ Mỹ Nhân.txt
  OK 486/1131 decrypted=True file=Chương 486 Ánh Mắt Đầu Tư.txt
  OK 487/1131 decrypted=True file=Chương 487 Tôi Là Trần Vân Thanh.txt
  OK 488/1131 decrypted=True file=Chương 488 Liều Thì Ăn Nhiều.txt
  OK 489/1131 decrypted=True file=Chương 489 Lãnh Đủ Hậu Quả.txt
  OK 490/1131 decrypted=True file=Chương 490 Chạy Đến Nạp Mạng.txt
  OK 491/1131 decrypted=True file=Chương 491 Trong Lòng Lạnh Run.txt
  OK 492/1131 decrypted=True file=Chương 492 Độ Máu Lạnh.txt
BATCH 493-504 / 1131
❌ Lỗi khi tải chương 14465596: HTTPSConnectionPool(host='android.lonoapp.net', port=443): Read timed out. (read timeout=10)
❌ Lỗi khi tải chương 14469866: HTTPSConnectionPool(host='android.lonoapp.net', port=443): Read timed out. (read timeout=10)
  OK 493/1131 decrypted=True file=Chương 493 Tiến Đánh Chấn Nam Đạo.txt
  OK 494/1131 decrypted=True file=Chương 494 Tàn Sát Lẫn Nhau.txt
  OK 495/1131 decrypted=True file=Chương 495 Diệt Sạch Tất Cả.txt
  OK 496/1131 decrypted=True file=Chương 496 Máu Nhuộm Trần Gia.txt
  OK 497/1131 decrypted=True file=Chương 497 Hung Thần Chi Danh.txt
  OK 498/1131 decrypted=True file=Chương 498 Đi Vào Hang Cọp.txt
  OK 499/1131 decrypted=True file=Chương 499 Nhất Định Phải Chết.txt
  OK 500/1131 decrypted=True file=Chương 500 Mời Tiếu Nhất Hồng.txt
  OK 501/1131 decrypted=True retry=2 file=Chương 501 Trả Được Đại Thù.txt
  OK 502/1131 decrypted=True retry=2 file=Chương 502 Con Ông Tôi Giết.txt
  OK 503/1131 decrypted=True file=Chương 503 Long Ấn Diệt Địch.txt
  OK 504/1131 decrypted=True file=Chương 504 Thiên Địa Bất Dung.txt
BATCH 505-516 / 1131
  OK 505/1131 decrypted=True file=Chương 505 Ra Tay Quá Nặng.txt
  OK 506/1131 decrypted=True file=Chương 506 Yêu Sư Cảnh Giới.txt
  OK 507/1131 decrypted=True file=Chương 507 Gặp Lại Tiếu Nhất Hồng.txt
  OK 508/1131 decrypted=True file=Chương 508 Thịnh Dương Linh Ngọc.txt
  OK 509/1131 decrypted=True file=Chương 509 Linh Hỏa Thăng Cấp.txt
  OK 510/1131 decrypted=True file=Chương 510 Đã Kích Nặng Nề.txt
  OK 511/1131 decrypted=True file=Chương 511 Anh Đức Âm Mưu.txt
  OK 512/1131 decrypted=True file=Chương 512 Giải Quyết Ân Oán.txt
  OK 513/1131 decrypted=True file=Chương 513 Hân Hạnh Gặp Lại.txt
  OK 514/1131 decrypted=True file=Chương 514 Hủy Diệt Trần Gia.txt
  OK 515/1131 decrypted=True file=Chương 515 Không Đội Trời Chung.txt
  OK 516/1131 decrypted=True file=Chương 516 Rời Đi Chấn Nam Thành.txt
BATCH 517-528 / 1131
  OK 517/1131 decrypted=True file=Chương 517 Tống Tiền Trắng Trợn.txt
  OK 518/1131 decrypted=True file=Chương 518 Tính Toán Nham Hiểm.txt
  OK 519/1131 decrypted=True file=Chương 519 Háo Sắc Theo Bản Năng.txt
  OK 520/1131 decrypted=True file=Chương 520 Ngang Tàng Bá Đạo.txt
  OK 521/1131 decrypted=True file=Chương 521 Rơi Xuống Tay Khái Đao Đạo.txt
  OK 522/1131 decrypted=True file=Chương 522 Vợ Lớn Vợ Nhỏ.txt
  OK 523/1131 decrypted=True file=Chương 523 Ngụy Quân Tử.txt
  OK 524/1131 decrypted=True file=Chương 524 Đi Sâu Vào Khái Đao Đại Sơn.txt
  OK 525/1131 decrypted=True file=Chương 525 Truyền Thừa.txt
  OK 526/1131 decrypted=True file=Chương 526 Núi Có Hổ Vẫn Vào.txt
  OK 527/1131 decrypted=True file=Chương 527 Hấp Huyết Ma Kinh.txt
  OK 528/1131 decrypted=True file=Chương 528 Anh Em Tốt Nhất.txt
BATCH 529-540 / 1131
  OK 529/1131 decrypted=True file=Chương 529 Tam Giai Trung Kỳ Trận Pháp Sư.txt
  OK 530/1131 decrypted=True file=Chương 530 Trừ Gian Diệt Bạo.txt
  OK 531/1131 decrypted=True file=Chương 531 Ảo Lài Hoa.txt
  OK 532/1131 decrypted=True file=Chương 532 Hung Thủ Sau Màn.txt
  OK 533/1131 decrypted=True file=Chương 533 Đừng Có Mơ.txt
  OK 534/1131 decrypted=True file=Chương 534 Chết Đi.txt
  OK 535/1131 decrypted=True file=Chương 535 Tống Tiền.txt
  OK 536/1131 decrypted=True file=Chương 536 Bạc Nghĩa Quá.txt
  OK 537/1131 decrypted=True file=Chương 537 Ăn Mảnh Một Mình.txt
  OK 538/1131 decrypted=True file=Chương 538 Làm Ăn Lỗ Lã.txt
  OK 539/1131 decrypted=True file=Chương 539 Yêu Sư Thất Trọng.txt
  OK 540/1131 decrypted=True file=Chương 540 Khấp Hồn Quyết.txt
BATCH 541-552 / 1131
  OK 541/1131 decrypted=True file=Chương 541 Thủ Đoạn.txt
  OK 542/1131 decrypted=True file=Chương 542 Âm Mưu To Lớn.txt
  OK 543/1131 decrypted=True file=Chương 543 Chặn Giết.txt
  OK 544/1131 decrypted=True file=Chương 544 Hỏa Kỹ Phát Uy.txt
  OK 545/1131 decrypted=True file=Chương 545 Mỏ Linh Thạch Lớn.txt
  OK 546/1131 decrypted=True file=Chương 546 Lên Kế Hoạch.txt
  OK 547/1131 decrypted=True file=Chương 547 Yêu Tông Trung Kỳ.txt
  OK 548/1131 decrypted=True file=Chương 548 Truyền Thụ Tà Kinh.txt
  OK 549/1131 decrypted=True file=Chương 549 Vụ Thanh Nhàn.txt
  OK 550/1131 decrypted=True file=Chương 550 Tự Sát Đi.txt
  OK 551/1131 decrypted=True file=Chương 551 Chấp nhận chết.txt
  OK 552/1131 decrypted=True file=Chương 552 Chạy Trước Đã.txt
BATCH 553-564 / 1131
  OK 553/1131 decrypted=True file=Chương 553 Thiên Sơn Quyền.txt
  OK 554/1131 decrypted=True file=Chương 554 Yếu Đi Ra Gió.txt
  OK 555/1131 decrypted=True file=Chương 555 Lệ Phú Hoa Viên.txt
  OK 556/1131 decrypted=True file=Chương 556 Đại Nhật Vương Quốc.txt
  OK 557/1131 decrypted=True file=Chương 557 Ngũ Lôi Oanh Đỉnh.txt
  OK 558/1131 decrypted=True file=Chương 558 Thất Thủ.txt
  OK 559/1131 decrypted=True file=Chương 559 Bi Thương.txt
  OK 560/1131 decrypted=True file=Chương 560 Truy Sát.txt
  OK 561/1131 decrypted=True file=Chương 561 Thân Thế.txt
  OK 562/1131 decrypted=True file=Chương 562 Lo Lắng.txt
  OK 563/1131 decrypted=True file=Chương 563 Diễm Phúc.txt
  OK 564/1131 decrypted=True file=Chương 564 Giao Dịch.txt
BATCH 565-576 / 1131
  OK 565/1131 decrypted=True file=Chương 565 Hàn Mục.txt
  OK 566/1131 decrypted=True file=Chương 566 Thần Kỳ.txt
  OK 567/1131 decrypted=True file=Chương 567 Cự Đầu.txt
  OK 568/1131 decrypted=True file=Chương 568 Tri Chu Quyết.txt
  OK 569/1131 decrypted=True file=Chương 569 Bè Phái.txt
  OK 570/1131 decrypted=True file=Chương 570 Phù Thịnh Phù Suy.txt
  OK 571/1131 decrypted=True file=Chương 571 Não Hư.txt
  OK 572/1131 decrypted=True file=Chương 572 Liên Thủ.txt
  OK 573/1131 decrypted=True file=Chương 573 Tan Nát Cõi Lòng.txt
  OK 574/1131 decrypted=True file=Chương 574 Vợ Cả Đến.txt
  OK 575/1131 decrypted=True file=Chương 575 Quy Tắc.txt
  OK 576/1131 decrypted=True file=Chương 576 Lại Chiếm Tiện Nghi.txt
BATCH 577-588 / 1131
  OK 577/1131 decrypted=True file=Chương 577 Cửu Phẩm Yêu Hồn.txt
  OK 578/1131 decrypted=True file=Chương 578 Te Tua Quá.txt
  OK 579/1131 decrypted=True file=Chương 579 Gặp Lại.txt
  OK 580/1131 decrypted=True file=Chương 580 Lục Phẩm Yêu Lang.txt
  OK 581/1131 decrypted=True file=Chương 581 Yêu Sư.txt
  OK 582/1131 decrypted=True file=Chương 582 Độc Nhất.txt
  OK 583/1131 decrypted=True file=Chương 583 Huyết Thư.txt
  OK 584/1131 decrypted=True file=Chương 584 Yêu Sư Tam Trọng.txt
  OK 585/1131 decrypted=True file=Chương 585 Súc Sinh.txt
  OK 586/1131 decrypted=True file=Chương 586 Oan Gia Ngỏ Hẹp.txt
  OK 587/1131 decrypted=True file=Chương 587 Kẻ Nào.txt
  OK 588/1131 decrypted=True file=Chương 588 Lộ Tẩy.txt
BATCH 589-600 / 1131
  OK 589/1131 decrypted=True file=Chương 589 Kết Thúc.txt
  OK 590/1131 decrypted=True file=Chương 590 Nhận Vào Học Viện.txt
  OK 591/1131 decrypted=True file=Chương 591 Đưa Hối Lộ.txt
  OK 592/1131 decrypted=True file=Chương 592 Thể Hiện Thực Lực.txt
  OK 593/1131 decrypted=True file=Chương 593 Trắc Niên.txt
  OK 594/1131 decrypted=True file=Chương 594 Tự Tin Thái Quá.txt
  OK 595/1131 decrypted=True file=Chương 595 Vào Nội Viện.txt
  OK 596/1131 decrypted=True file=Chương 596 Tự Nguyện Dâng Lên.txt
  OK 597/1131 decrypted=True file=Chương 597 Giết Được.txt
  OK 598/1131 decrypted=True file=Chương 598 Mất Nắm Thóc.txt
  OK 599/1131 decrypted=True file=Chương 599 Có Chuyện.txt
  OK 600/1131 decrypted=True file=Chương 600 Mạnh Gia sát ý.txt
BATCH 601-612 / 1131
  OK 601/1131 decrypted=True file=Chương 601 Nguyễn Dư Thuần.txt
  OK 602/1131 decrypted=True file=Chương 602 Đến Yêu Kỹ Các.txt
  OK 603/1131 decrypted=True file=Chương 603 Sủng Nam.txt
  OK 604/1131 decrypted=True file=Chương 604 Đầu Tư.txt
  OK 605/1131 decrypted=True file=Chương 605 Chọn Yêu Kỹ.txt
  OK 606/1131 decrypted=True file=Chương 606 Cướp Vẫn Hơn.txt
  OK 607/1131 decrypted=True file=Chương 607 Diễn Võ Đài.txt
  OK 608/1131 decrypted=True file=Chương 608 Nhầm Cửa.txt
  OK 609/1131 decrypted=True file=Chương 609 Giấy Sinh Tử.txt
  OK 610/1131 decrypted=True file=Chương 610 Lăng Thành Phong.txt
  OK 611/1131 decrypted=True file=Chương 611 Tâng Bốc Lẫn Nhau.txt
  OK 612/1131 decrypted=True file=Chương 612 Bạo Tạc.txt
BATCH 613-624 / 1131
  OK 613/1131 decrypted=True file=Chương 613 Sao Lại Ở Đây.txt
  OK 614/1131 decrypted=True file=Chương 614 Viện Trưởng.txt
  OK 615/1131 decrypted=True file=Chương 615 Không Người Làm Phiền.txt
  OK 616/1131 decrypted=True file=Chương 616 Đấu Kiếm.txt
  OK 617/1131 decrypted=True file=Chương 617 Lan Và Điệp.txt
  OK 618/1131 decrypted=True file=Chương 618 Đao Bạch Mã.txt
  OK 619/1131 decrypted=True file=Chương 619 Tam Lão.txt
  OK 620/1131 decrypted=True file=Chương 620 Đi Tìm Hắn.txt
  OK 621/1131 decrypted=True file=Chương 621 Huyền Nguyên Đan.txt
  OK 622/1131 decrypted=True file=Chương 622 Phong Hoa Lâu.txt
  OK 623/1131 decrypted=True file=Chương 623 Liệt Nữ Tán.txt
  OK 624/1131 decrypted=True file=Chương 624 Nguyễn Dư Thành.txt
BATCH 625-636 / 1131
  OK 625/1131 decrypted=True file=Chương 625 Tam Trọng Hậu Kỳ.txt
  OK 626/1131 decrypted=True file=Chương 626 Lại Nhầm Người Rồi.txt
  OK 627/1131 decrypted=True file=Chương 627 Đến Phong Hoa Lâu.txt
  OK 628/1131 decrypted=True file=Chương 628 Còn Một Vị Hoa Khôi.txt
  OK 629/1131 decrypted=True file=Chương 629 Toi Rồi.txt
  OK 630/1131 decrypted=True file=Chương 630 Cũng Không Áp Chế Nổi.txt
  OK 631/1131 decrypted=True file=Chương 631 Hủy Diệt Phong Hoa Lâu.txt
  OK 632/1131 decrypted=True file=Chương 632 Lửa Giận Viện Trưởng.txt
  OK 633/1131 decrypted=True file=Chương 633 Lạnh Sống Lưng.txt
  OK 634/1131 decrypted=True file=Chương 634 Song Mỹ Đại Chiến.txt
  OK 635/1131 decrypted=True file=Chương 635 Không Đơn Giản.txt
  OK 636/1131 decrypted=True file=Chương 636 Tiếp Tục Đi Xin.txt
BATCH 637-648 / 1131
  OK 637/1131 decrypted=True file=Chương 637 Tu Luyện Tháp.txt
  OK 638/1131 decrypted=True file=Chương 638 Đồ Điên.txt
  OK 639/1131 decrypted=True file=Chương 639 Đàn Gãy Tai Trâu.txt
  OK 640/1131 decrypted=True file=Chương 640 Sự Cố.txt
  OK 641/1131 decrypted=True file=Chương 641 Vây Giết.txt
  OK 642/1131 decrypted=True file=Chương 642 Người thông minh.txt
  OK 643/1131 decrypted=True file=Chương 643 Rời Tháp.txt
  OK 644/1131 decrypted=True file=Chương 644 Tôn Vận Tiên.txt
  OK 645/1131 decrypted=True file=Chương 645 Nhiệm vụ nguy hiểm.txt
  OK 646/1131 decrypted=True file=Chương 646 Hung Địa.txt
  OK 647/1131 decrypted=True file=Chương 647 Sóng Gió.txt
  OK 648/1131 decrypted=True file=Chương 648 Ngô Gia Vong.txt
BATCH 649-660 / 1131
  OK 649/1131 decrypted=True file=Chương 649 Phúc Đến.txt
  OK 650/1131 decrypted=True file=Chương 650 Sát Ý.txt
  OK 651/1131 decrypted=True file=Chương 651 Phiền Não.txt
  OK 652/1131 decrypted=True file=Chương 652 Bội Ước.txt
  OK 653/1131 decrypted=True file=Chương 653 Quyết Tâm.txt
  OK 654/1131 decrypted=True file=Chương 654 Chỉ Là Hộ Vệ.txt
  OK 655/1131 decrypted=True file=Chương 655 Toàn Đao Trận.txt
  OK 656/1131 decrypted=True file=Chương 656 Làm Màu.txt
  OK 657/1131 decrypted=True file=Chương 657 Thuận theo tự nhiên.txt
  OK 658/1131 decrypted=True file=Chương 658 Thành Hôn.txt
  OK 659/1131 decrypted=True file=Chương 659 Linh Ngọc.txt
  OK 660/1131 decrypted=True file=Chương 660 Bất Ngờ.txt
BATCH 661-672 / 1131
  OK 661/1131 decrypted=True file=Chương 661 Dùng Đạo Của Người.txt
  OK 662/1131 decrypted=True file=Chương 662 Trận Tông.txt
  OK 663/1131 decrypted=True file=Chương 663 Chạy Nhanh.txt
  OK 664/1131 decrypted=True file=Chương 664 Đường Đến Thái Hàn Sơn.txt
  OK 665/1131 decrypted=True file=Chương 665 Muốn Chết Thế Nào.txt
  OK 666/1131 decrypted=True file=Chương 666 Thôi Bá Hùng.txt
  OK 667/1131 decrypted=True file=Chương 667 Thần Kỳ.txt
  OK 668/1131 decrypted=True file=Chương 668 Linh Nguyên Quả.txt
  OK 669/1131 decrypted=True file=Chương 669 Nhận Đồ Đệ.txt
  OK 670/1131 decrypted=True file=Chương 670 Thăng Cấp Hỏa Diễm.txt
  OK 671/1131 decrypted=True file=Chương 671 Tiên Hạ Thủ.txt
  OK 672/1131 decrypted=True file=Chương 672 Bách Độc Động Phủ.txt
BATCH 673-684 / 1131
  OK 673/1131 decrypted=True file=Chương 673 Yêu Tông Ngũ Trọng.txt
  OK 674/1131 decrypted=True file=Chương 674 Treo Thưởng Toàn Thành.txt
  OK 675/1131 decrypted=True file=Chương 675 Yêu Sư Ngũ Trọng.txt
  OK 676/1131 decrypted=True file=Chương 676 Yêu Sư Lục Trọng.txt
  OK 677/1131 decrypted=True file=Chương 677 Luyện Chế Đan Dược.txt
  OK 678/1131 decrypted=True file=Chương 678 Âm Thanh Quen Thuộc.txt
  OK 679/1131 decrypted=True file=Chương 679 Oán Khí Sâu Nặng.txt
  OK 680/1131 decrypted=True file=Chương 680 Rơi Vào Tay Ma Đầu.txt
  OK 681/1131 decrypted=True file=Chương 681 Không Bằng Cầm Thú.txt
  OK 682/1131 decrypted=True file=Chương 682 Tam Giai Hậu Kỳ.txt
  OK 683/1131 decrypted=True file=Chương 683 La Chấn Hải.txt
  OK 684/1131 decrypted=True file=Chương 684 Bách Niên Linh Nhũ.txt
BATCH 685-696 / 1131
  OK 685/1131 decrypted=True file=Chương 685 Trận Vương.txt
  OK 686/1131 decrypted=True file=Chương 686 Thiên Địa Linh Thạch.txt
  OK 687/1131 decrypted=True file=Chương 687 Biến Số Đông Hỏa Sơn.txt
  OK 688/1131 decrypted=True file=Chương 688 Chiếc Bẫy Tâm Lý.txt
  OK 689/1131 decrypted=True file=Chương 689 Luyện Chế Tứ Giai Đan Dược.txt
  OK 690/1131 decrypted=True file=Chương 690 Phá Tông Đan.txt
  OK 691/1131 decrypted=True file=Chương 691 Mạnh Gia Người Đến.txt
  OK 692/1131 decrypted=True file=Chương 692 Rời Khỏi Dược Viên.txt
  OK 693/1131 decrypted=True file=Chương 693 Xác Chết La Liệt.txt
  OK 694/1131 decrypted=True file=Chương 694 Diệt Sạch Thiết Tử.txt
  OK 695/1131 decrypted=True file=Chương 695 Sử Dụng Thiên Địa Linh Thạch.txt
  OK 696/1131 decrypted=True file=Chương 696 Thích Hợp Cõng Nồi.txt
BATCH 697-708 / 1131
❌ Lỗi khi tải chương 15275507: HTTPSConnectionPool(host='android.lonoapp.net', port=443): Read timed out. (read timeout=10)
❌ Lỗi khi tải chương 15287244: HTTPSConnectionPool(host='android.lonoapp.net', port=443): Read timed out. (read timeout=10)
❌ Lỗi khi tải chương 15300090: HTTPSConnectionPool(host='android.lonoapp.net', port=443): Read timed out. (read timeout=10)
❌ Lỗi khi tải chương 15296137: HTTPSConnectionPool(host='android.lonoapp.net', port=443): Read timed out. (read timeout=10)
❌ Lỗi khi tải chương 15291917: HTTPSConnectionPool(host='android.lonoapp.net', port=443): Read timed out. (read timeout=10)
  OK 697/1131 decrypted=True file=Chương 697 Đã Là Yêu Tông.txt
  OK 698/1131 decrypted=True file=Chương 698 An Tâm Ra Tay.txt
  OK 699/1131 decrypted=True file=Chương 699 Cổ Gia Xong Rồi.txt
  OK 700/1131 decrypted=True retry=2 file=Chương 700 Phong Ba Nổi Lên.txt
  OK 701/1131 decrypted=True file=Chương 701 Mất Đi Lý Trí.txt
  OK 702/1131 decrypted=True file=Chương 702 Tim Của Hỏa Kỳ Nhông.txt
  OK 703/1131 decrypted=True retry=2 file=Chương 703 Khai Chiến Khái Đao Đạo.txt
  OK 704/1131 decrypted=True retry=2 file=Chương 704 Đến Cổ Loa Thành.txt
  OK 705/1131 decrypted=True retry=2 file=Chương 705 Xử Lý Lôi Thiện.txt
  OK 706/1131 decrypted=True retry=2 file=Chương 706 Biết Được Thân Phận.txt
  OK 707/1131 decrypted=True file=Chương 707 Lòng Tham Vô Bờ.txt
  OK 708/1131 decrypted=True file=Chương 708 Trần Tuyết Tùng Cường Đại.txt
BATCH 709-720 / 1131
❌ Lỗi khi tải chương 15324251: HTTPSConnectionPool(host='android.lonoapp.net', port=443): Read timed out. (read timeout=10)
❌ Lỗi khi tải chương 15339792: HTTPSConnectionPool(host='android.lonoapp.net', port=443): Read timed out. (read timeout=10)
  OK 709/1131 decrypted=True file=Chương 709 Tư Tư Khó Lường.txt
  OK 710/1131 decrypted=True file=Chương 710 Rời Đi Học Viện.txt
  OK 711/1131 decrypted=True file=Chương 711 Học Viện Phong Vân.txt
  OK 712/1131 decrypted=True file=Chương 712 Còn Cần Thời Gian.txt
  OK 713/1131 decrypted=True retry=2 file=Chương 713 Mượn Một Vật.txt
  OK 714/1131 decrypted=True file=Chương 714 Lên Đường Đi Thôi.txt
  OK 715/1131 decrypted=True file=Chương 715 Gặp Lại Cừu Nhân.txt
  OK 716/1131 decrypted=True file=Chương 716 Sát Ý Trùng Trùng.txt
  OK 717/1131 decrypted=True retry=2 file=Chương 717 Đã Chết Rồi.txt
  OK 718/1131 decrypted=True file=Chương 718 Thủ Đoạn Năm Xưa.txt
  OK 719/1131 decrypted=True file=Chương 719 Khách Khanh Trưởng Lão.txt
  OK 720/1131 decrypted=True file=Chương 720 Hủy Diệt.txt
BATCH 721-732 / 1131
  OK 721/1131 decrypted=True file=Chương 721 Bị Đày.txt
  OK 722/1131 decrypted=True file=Chương 722 Về Làm Khách.txt
  OK 723/1131 decrypted=True file=Chương 723 Địa Đồ Hỏa Sơn.txt
  OK 724/1131 decrypted=True file=Chương 724 Đan Tông Địa Vị.txt
  OK 725/1131 decrypted=True file=Chương 725 Điều Động Minh Tử.txt
  OK 726/1131 decrypted=True file=Chương 726 Yêu Tông Sát Thủ.txt
  OK 727/1131 decrypted=True file=Chương 727 Chấn Động.txt
  OK 728/1131 decrypted=True file=Chương 728 Tấn Công Khái Đao Đạo.txt
  OK 729/1131 decrypted=True file=Chương 729 Phó Viện Trưởng Bị Diệt.txt
  OK 730/1131 decrypted=True file=Chương 730 Nghi Kỵ Nổi Lên.txt
  OK 731/1131 decrypted=True file=Chương 731 Đại Địch Trận Tông.txt
  OK 732/1131 decrypted=True file=Chương 732 Đến Gặp Thư Dung.txt
BATCH 733-744 / 1131
  OK 733/1131 decrypted=True file=Chương 733 Lòng Dạ Nữ Nhân.txt
  OK 734/1131 decrypted=True file=Chương 734 Lại Tinh Thần Ra Tay.txt
  OK 735/1131 decrypted=True file=Chương 735 Hai Chữ Vận Mệnh.txt
  OK 736/1131 decrypted=True file=Chương 736 Không Cần Cám Ơn.txt
  OK 737/1131 decrypted=True file=Chương 737 Trận Tông Đại Chiến.txt
  OK 738/1131 decrypted=True file=Chương 738 Tìm Trần Vân Thanh.txt
  OK 739/1131 decrypted=True file=Chương 739 Địa Hỏa.txt
  OK 740/1131 decrypted=True file=Chương 740 Lòng Tham Quá Lớn Mà Thôi.txt
  OK 741/1131 decrypted=True file=Chương 741 Mục Đích Của Trần Vân Thanh.txt
  OK 742/1131 decrypted=True file=Chương 742 Cửu Dương Uy Năng.txt
  OK 743/1131 decrypted=True file=Chương 743 Tứ Giai Linh Hỏa.txt
  OK 744/1131 decrypted=True file=Chương 744 Diệt Sát Lê Huyền Hành.txt
BATCH 745-756 / 1131
  OK 745/1131 decrypted=True file=Chương 745 Chết Một Cách Rõ Ràng.txt
  OK 746/1131 decrypted=True file=Chương 746 Bổ Hồn Chi Duyên.txt
  OK 747/1131 decrypted=True file=Chương 747 Lợi Hại Như Vậy.txt
  OK 748/1131 decrypted=True file=Chương 748 Niềm Vui Nhân Đôi.txt
  OK 749/1131 decrypted=True file=Chương 749 Huyết Thần Yêu Khí.txt
  OK 750/1131 decrypted=True file=Chương 750 Đột Phá Yêu Tông.txt
  OK 751/1131 decrypted=True file=Chương 751 Tấn Công Khái Đao Sơn.txt
  OK 752/1131 decrypted=True file=Chương 752 Tuyết Hỏa Châu.txt
  OK 753/1131 decrypted=True file=Chương 753 Yêu Tông Tứ Trọng Cảnh Giới.txt
  OK 754/1131 decrypted=True file=Chương 754 Đại Chiến Phúc Niên Sơn.txt
  OK 755/1131 decrypted=True file=Chương 755 Vịt Chín Đến Miệng.txt
  OK 756/1131 decrypted=True file=Chương 756 Sức Mạnh Thật Sự.txt
BATCH 757-768 / 1131
❌ Lỗi khi tải chương 15528192: HTTPSConnectionPool(host='android.lonoapp.net', port=443): Read timed out. (read timeout=10)
  OK 757/1131 decrypted=True file=Chương 757 Giây Phút Sinh Tử.txt
  OK 758/1131 decrypted=True file=Chương 758 Cái Chết Của Á Tư Tô.txt
  OK 759/1131 decrypted=True file=Chương 759 Yêu Tông Cửu Trọng.txt
  OK 760/1131 decrypted=True file=Chương 760 Chuyện Trong Gia Tộc.txt
  OK 761/1131 decrypted=True file=Chương 761 Bất Ngờ Còn Phía Sau.txt
  OK 762/1131 decrypted=True file=Chương 762 Lạc Diệu Vân.txt
  OK 763/1131 decrypted=True file=Chương 763 Xưa Đâu Bằng Nay.txt
  OK 764/1131 decrypted=True file=Chương 764 Điều Tra.txt
  OK 765/1131 decrypted=True file=Chương 765 Kiếm Pháp Tinh Diệu.txt
  OK 766/1131 decrypted=True retry=2 file=Chương 766 Du Long Kiếm Điển.txt
  OK 767/1131 decrypted=True file=Chương 767 Ngọc Lộ Hoàn.txt
  OK 768/1131 decrypted=True file=Chương 768 Bạch Tâm Thảo.txt
BATCH 769-780 / 1131
  OK 769/1131 decrypted=True file=Chương 769 Yêu Tông Ngũ Trọng Hậu Kỳ.txt
  OK 770/1131 decrypted=True file=Chương 770 Vị Hôn Phu.txt
  OK 771/1131 decrypted=True file=Chương 771 Lửa Giận Hồng Nhan.txt
  OK 772/1131 decrypted=True file=Chương 772 Trường Sa Sóng Gió.txt
  OK 773/1131 decrypted=True file=Chương 773 Trận Pháp Khiêu Chiến.txt
  OK 774/1131 decrypted=True file=Chương 774 Tiễn Ông Lên Đường.txt
  OK 775/1131 decrypted=True file=Chương 775 Từ Bỏ Đi Thôi.txt
  OK 776/1131 decrypted=True file=Chương 776 Đi Vào Lòng Địch.txt
  OK 777/1131 decrypted=True file=Chương 777 Trường Sa Quan Đại Chiến.txt
  OK 778/1131 decrypted=True file=Chương 778 Chiến Trận Có Biến.txt
  OK 779/1131 decrypted=True file=Chương 779 Thân Phận Đã Lộ.txt
  OK 780/1131 decrypted=True file=Chương 780 Song Đầu Sơn.txt
BATCH 781-792 / 1131
  OK 781/1131 decrypted=True file=Chương 781 Đột Phá Yêu Tông Bát Trọng.txt
  OK 782/1131 decrypted=True file=Chương 782 Huyền Giai Yêu Hồn.txt
  OK 783/1131 decrypted=True file=Chương 783 Phó Đô Thống Cổ Loa Quân Đoàn.txt
  OK 784/1131 decrypted=True file=Chương 784 Nguyễn Gia Hành Động.txt
  OK 785/1131 decrypted=True file=Chương 785 Hoàng Phủ Đan Vương.txt
  OK 786/1131 decrypted=True file=Chương 786 Mạnh Gia Thảm Cảnh.txt
  OK 787/1131 decrypted=True file=Chương 787 Khủng Bố Cường Giả.txt
  OK 788/1131 decrypted=True file=Chương 788 Vạn Độc Lão Ma.txt
  OK 789/1131 decrypted=True file=Chương 789 Thủ Đoạn Hung Tàn.txt
  OK 790/1131 decrypted=True file=Chương 790 Quyết Đoán Của Ám Vệ.txt
  OK 791/1131 decrypted=True file=Chương 791 Cổ Loa Chấn Động.txt
  OK 792/1131 decrypted=True file=Chương 792 Kẻ Thù Tìm Đến.txt
BATCH 793-804 / 1131
  OK 793/1131 decrypted=True file=Chương 793 Tai Họa Tinh.txt
  OK 794/1131 decrypted=True file=Chương 794 Tính Nợ.txt
  OK 795/1131 decrypted=True file=Chương 795 Mai Hoa Thượng Phẩm.txt
  OK 796/1131 decrypted=True file=Chương 796 Tình Cảnh Khó Xử.txt
  OK 797/1131 decrypted=True file=Chương 797 Nhân Bình Tàn Nhẫn.txt
  OK 798/1131 decrypted=True file=Chương 798 Vây Giết.txt
  OK 799/1131 decrypted=True file=Chương 799 Tiễn Thuật Thần Kỳ.txt
  OK 800/1131 decrypted=True file=Chương 800 Đột Phá Yêu Tông Cửu Trọng.txt
  OK 801/1131 decrypted=True file=Chương 801 Tiêu Diệt Anh Em Nguyễn Gia.txt
  OK 802/1131 decrypted=True file=Chương 802 Rắn Độc.txt
  OK 803/1131 decrypted=True file=Chương 803 Anh Em Tương Tàn.txt
  OK 804/1131 decrypted=True file=Chương 804 Phu Thê Gặp Lại.txt
BATCH 805-816 / 1131
❌ Lỗi khi tải chương 15715698: HTTPSConnectionPool(host='android.lonoapp.net', port=443): Read timed out. (read timeout=10)
  OK 805/1131 decrypted=True file=Chương 805 Tìm Ngươi Không Dễ.txt
  OK 806/1131 decrypted=True file=Chương 806 Phong Vân Hội Tụ Hàn Thương.txt
  OK 807/1131 decrypted=True file=Chương 807 Bá Đao Mông Dã.txt
  OK 808/1131 decrypted=True file=Chương 808 Đan Tông Hậu Kỳ.txt
  OK 809/1131 decrypted=True file=Chương 809 Trốn Tránh.txt
  OK 810/1131 decrypted=True file=Chương 810 Đại Chiến Mông Dã.txt
  OK 811/1131 decrypted=True file=Chương 811 Kẻ Thù Có Chút Nhiều.txt
  OK 812/1131 decrypted=True file=Chương 812 Hú Hồn Hú Vía.txt
  OK 813/1131 decrypted=True retry=2 file=Chương 813 La Gia Ra Tay.txt
  OK 814/1131 decrypted=True file=Chương 814 Địch Hỏa Chi Viêm.txt
  OK 815/1131 decrypted=True file=Chương 815 Hoàng Phủ Hành Âm Hiểm.txt
  OK 816/1131 decrypted=True file=Chương 816 Yêu Tông Thập Trọng.txt
BATCH 817-828 / 1131
  OK 817/1131 decrypted=True file=Chương 817 Thực Lực Tăng Mạnh Rời Lãnh Thường Cốc.txt
  OK 818/1131 decrypted=True file=Chương 818 Phá Hoàng Đan.txt
  OK 819/1131 decrypted=True file=Chương 819 Diệt Song Vương.txt
  OK 820/1131 decrypted=True file=Chương 820 Tàn Sát Lẫn Nhau.txt
  OK 821/1131 decrypted=True file=Chương 821 Hàn Thương Quân Vây Giết.txt
  OK 822/1131 decrypted=True file=Chương 822 Cổ Loa Quân Cứu Viện.txt
  OK 823/1131 decrypted=True file=Chương 823 Hành Hạ Tâm Lý.txt
  OK 824/1131 decrypted=True file=Chương 824 Lập Tức Vào Cung.txt
  OK 825/1131 decrypted=True file=Chương 825 Thanh Đao Của Hàn Thiên.txt
  OK 826/1131 decrypted=True file=Chương 826 Đao Quang Kiếm Ảnh.txt
  OK 827/1131 decrypted=True file=Chương 827 Ông Cháu Gặp Mặt.txt
  OK 828/1131 decrypted=True file=Chương 828 Thủ Đoạn Của Trần Vân Thanh.txt
BATCH 829-840 / 1131
  OK 829/1131 decrypted=True file=Chương 829 Hoàn Cảnh Mới.txt
  OK 830/1131 decrypted=True file=Chương 830 Kế Hoạch Đen Tối.txt
  OK 831/1131 decrypted=True file=Chương 831 Hoàng Đế Tham Niệm.txt
  OK 832/1131 decrypted=True file=Chương 832 Thành Vương Quả.txt
  OK 833/1131 decrypted=True file=Chương 833 Lão Già Khốn Nạn.txt
  OK 834/1131 decrypted=True file=Chương 834 Giá Trị Đan Vương.txt
  OK 835/1131 decrypted=True file=Chương 835 Ra Cửa Gặp Cường Địch.txt
  OK 836/1131 decrypted=True file=Chương 836 Gia Tộc Nội Tình.txt
  OK 837/1131 decrypted=True file=Chương 837 Đoạt Thành Vương Quả.txt
  OK 838/1131 decrypted=True file=Chương 838 Học Viện Đại Chiến.txt
  OK 839/1131 decrypted=True file=Chương 839 Thú Đội Lốt Người.txt
  OK 840/1131 decrypted=True file=Chương 840 Ra Tay.txt
BATCH 841-852 / 1131
  OK 841/1131 decrypted=True file=Chương 841 Chính Chủ Xuất Hiện.txt
  OK 842/1131 decrypted=True file=Chương 842 Cây Cao Đón Gió.txt
  OK 843/1131 decrypted=True file=Chương 843 Đến Hoàng Sa Sơn Mạch.txt
  OK 844/1131 decrypted=True file=Chương 844 Cuối Cùng Phải Đến.txt
  OK 845/1131 decrypted=True file=Chương 845 Song Cường Đuổi Giết.txt
  OK 846/1131 decrypted=True file=Chương 846 Oan Hơn Thị Màu.txt
  OK 847/1131 decrypted=True file=Chương 847 Cường Giả Tụ Tập.txt
  OK 848/1131 decrypted=True file=Chương 848 Bốn Ngàn Yêu Tông.txt
  OK 849/1131 decrypted=True file=Chương 849 Đại Chiến Bùng Nổ.txt
  OK 850/1131 decrypted=True file=Chương 850 Chơi Đủ Thì Chết Đi.txt
  OK 851/1131 decrypted=True file=Chương 851 Uy Năng Vũ Khí Nóng.txt
  OK 852/1131 decrypted=True file=Chương 852 Vân Thanh Hung Danh.txt
BATCH 853-864 / 1131
  OK 853/1131 decrypted=True file=Chương 853 Đại Chiến Tranh Đoạt Vương Quả.txt
  OK 854/1131 decrypted=True file=Chương 854 Thanh Dực Xà Vương.txt
  OK 855/1131 decrypted=True file=Chương 855 Không Ngờ Chim Sẻ.txt
  OK 856/1131 decrypted=True file=Chương 856 Hương Linh Công Chúa.txt
  OK 857/1131 decrypted=True file=Chương 857 Làm Chuyện Cần Làm.txt
  OK 858/1131 decrypted=True file=Chương 858 Thiên Niên Linh Nhũ.txt
  OK 859/1131 decrypted=True file=Chương 859 Tiểu Công Chúa Ra Đời.txt
  OK 860/1131 decrypted=True file=Chương 860 Trần Ánh Nguyệt.txt
  OK 861/1131 decrypted=True file=Chương 861 Lạc Việt Trở Mặt.txt
  OK 862/1131 decrypted=True file=Chương 862 Hoang Mang Tột Cùng.txt
  OK 863/1131 decrypted=True file=Chương 863 Vây Giết Bắt Đầu.txt
  OK 864/1131 decrypted=True file=Chương 864 Cắt Áo Đoạn Tình.txt
BATCH 865-876 / 1131
❌ Lỗi khi tải chương 15917167: HTTPSConnectionPool(host='android.lonoapp.net', port=443): Read timed out. (read timeout=10)
  OK 865/1131 decrypted=True file=Chương 865 Lại Phải Đào Vong.txt
  OK 866/1131 decrypted=True file=Chương 866 Đông Hỏa Thung Lũng.txt
  OK 867/1131 decrypted=True file=Chương 867 Đông Hỏa Cự Ngạc.txt
  OK 868/1131 decrypted=True file=Chương 868 Tàn Huyết Ngô Công.txt
  OK 869/1131 decrypted=True file=Chương 869 Rơi Xuống Đông Hỏa.txt
  OK 870/1131 decrypted=True file=Chương 870 Tích Huyền Đan.txt
  OK 871/1131 decrypted=True file=Chương 871 Cổ Loa Sụp Đổ.txt
  OK 872/1131 decrypted=True file=Chương 872 Cá Sấu Khiếp Sợ.txt
  OK 873/1131 decrypted=True retry=2 file=Chương 873 Hỏa Diễm Đột Phá.txt
  OK 874/1131 decrypted=True retry=2 file=Chương 874 Đột Phá Yêu Vương.txt
  OK 875/1131 decrypted=True file=Chương 875 Yêu Hoàng Lực Lượng.txt
  OK 876/1131 decrypted=True file=Chương 876 Doanh Khải Lạc.txt
BATCH 877-888 / 1131
  OK 877/1131 decrypted=True file=Chương 877 Hủy Diệt Lạc Việt Bắt Đầu.txt
  OK 878/1131 decrypted=True file=Chương 878 Đột Phá Yêu Vương Lục Trọng.txt
  OK 879/1131 decrypted=True file=Chương 879 Đại Chiến Cự Ngạc Bộ Tộc.txt
  OK 880/1131 decrypted=True file=Chương 880 Thu Hoạch Khổng Lồ.txt
  OK 881/1131 decrypted=True file=Chương 881 Tiêu Diệt Đại Địch.txt
  OK 882/1131 decrypted=True file=Chương 882 Trần Tú Thân Phận.txt
  OK 883/1131 decrypted=True file=Chương 883 Thống Nhất Thiên Hạ.txt
  OK 884/1131 decrypted=True file=Chương 884 Che Giấu Thâm Sâu.txt
  OK 885/1131 decrypted=True file=Chương 885 Ba Người Hiện Thân.txt
  OK 886/1131 decrypted=True file=Chương 886 Huyết Thần Ma Trảo.txt
  OK 887/1131 decrypted=True file=Chương 887 Thân Phận Mới Của Trần Vân Thanh.txt
  OK 888/1131 decrypted=True file=Chương 888 Tông Môn Quy Hàng.txt
BATCH 889-900 / 1131
  OK 889/1131 decrypted=True file=Chương 889 Ước Chiến Doanh Phúc Vinh.txt
  OK 890/1131 decrypted=True file=Chương 890 Tiêu Diệt Hàn Thương Môn.txt
  OK 891/1131 decrypted=True file=Chương 891 Đúng Hẹn Ước Chiến.txt
  OK 892/1131 decrypted=True file=Chương 892 Cổ Loa Thành Đại Loạn.txt
  OK 893/1131 decrypted=True file=Chương 893 Tiêu Diệt Nguyễn Gia.txt
  OK 894/1131 decrypted=True file=Chương 894 Ánh Nguyệt Tử Vong.txt
  OK 895/1131 decrypted=True file=Chương 895 Dung Thiên Luyện Thể Thiên.txt
  OK 896/1131 decrypted=True file=Chương 896 Khẩu Vị Quá Nặng.txt
  OK 897/1131 decrypted=True file=Chương 897 Kim Vũ Lưu Tinh Trận Đảm Chung.txt
  OK 898/1131 decrypted=True file=Chương 898 Đại Chiến Doanh Phúc Vinh.txt
  OK 899/1131 decrypted=True file=Chương 899 Tiêu Diệt Yêu Vương Cửu Trọng.txt
  OK 900/1131 decrypted=True file=Chương 900 Sắc Phong Thế Tử.txt
BATCH 901-912 / 1131
  OK 901/1131 decrypted=True file=Chương 901 Diệt Nguyệt Ảnh Lâu.txt
  OK 902/1131 decrypted=True retry=2 file=Chương 902 Lạc Việt Khủng Hoảng.txt
  OK 903/1131 decrypted=True file=Chương 903 Lưu Nhân Bình Bị Bắt.txt
  OK 904/1131 decrypted=True file=Chương 904 Gặp Lại Nguyễn Thư Dung.txt
  OK 905/1131 decrypted=True file=Chương 905 Đường Hầm Bí Mật.txt
  OK 906/1131 decrypted=True file=Chương 906 Thuận Thiên Kiếm.txt
  OK 907/1131 decrypted=True file=Chương 907 Cướp Lấy Thần Binh.txt
  OK 908/1131 decrypted=True file=Chương 908 Thủy Long Yêu Kinh.txt
  OK 909/1131 decrypted=True file=Chương 909 Lục Giai Trận Pháp Sư.txt
  OK 910/1131 decrypted=True file=Chương 910 Cây Đổ Bầy Khỉ Tan.txt
  OK 911/1131 decrypted=True file=Chương 911 Thân Phận Bại Lộ.txt
  OK 912/1131 decrypted=True file=Chương 912 Thần Ngọc Đổi Chủ.txt
BATCH 913-924 / 1131
  OK 913/1131 decrypted=True file=Chương 913 Hoa Mỹ Diệt Quốc.txt
  OK 914/1131 decrypted=True file=Chương 914 Phế Thái Tử.txt
  OK 915/1131 decrypted=True file=Chương 915 Gặp Mặt Chu Tử Yên.txt
  OK 916/1131 decrypted=True file=Chương 916 Lửa Giận Của Chu Tử Yên.txt
  OK 917/1131 decrypted=True file=Chương 917 Sư Phụ Thần Bí.txt
  OK 918/1131 decrypted=True file=Chương 918 Yêu Hoàng Cảnh.txt
  OK 919/1131 decrypted=True file=Chương 919 Thuận Thiên Kiếm Bí Mật.txt
  OK 920/1131 decrypted=True file=Chương 920 Thân Phận Bất Ngờ.txt
  OK 921/1131 decrypted=True file=Chương 921 Yêu Hoàng Đại Chiến.txt
  OK 922/1131 decrypted=True file=Chương 922 Hàn Hỏa Động Thiên.txt
  OK 923/1131 decrypted=True file=Chương 923 Sóng Gió Đêm Tân Hôn.txt
  OK 924/1131 decrypted=True file=Chương 924 Tẩu Hỏa Nhập Ma.txt
BATCH 925-936 / 1131
  OK 925/1131 decrypted=True file=Chương 925 Muốn Làm Cái Gì.txt
  OK 926/1131 decrypted=True file=Chương 926 Đột Phá Yêu Vương Cửu Trọng.txt
  OK 927/1131 decrypted=True file=Chương 927 Đại Hội Vấn Tội.txt
  OK 928/1131 decrypted=True file=Chương 928 Chính Biến.txt
  OK 929/1131 decrypted=True file=Chương 929 Thượng Hoàng Lão Tổ.txt
  OK 930/1131 decrypted=True file=Chương 930 Hai Đại Yêu Hoàng.txt
  OK 931/1131 decrypted=True file=Chương 931 Đại Chiến Sắp Đến.txt
  OK 932/1131 decrypted=True file=Chương 932 Đến Cấm Địa Một Chuyến.txt
  OK 933/1131 decrypted=True file=Chương 933 Hỏa Ngọc Sàn.txt
  OK 934/1131 decrypted=True file=Chương 934 Cấm Địa Đại Chiến.txt
  OK 935/1131 decrypted=True file=Chương 935 Doanh Gia Thủ Đoạn.txt
  OK 936/1131 decrypted=True file=Chương 936 Đê Tiện Uy Hiếp.txt
BATCH 937-948 / 1131
  OK 937/1131 decrypted=True file=Chương 937 Biến Hóa Không Ngừng.txt
  OK 938/1131 decrypted=True file=Chương 938 Yêu Hoàng Tam Trọng.txt
  OK 939/1131 decrypted=True file=Chương 939 Linh Hỏa Thăng Cấp.txt
  OK 940/1131 decrypted=True file=Chương 940 Trâu Bò Âm Dương Tông.txt
  OK 941/1131 decrypted=True file=Chương 941 Đến Hoành Đoạn Sơn Mạch.txt
  OK 942/1131 decrypted=True file=Chương 942 Hắc Hổ Bộ Tộc.txt
  OK 943/1131 decrypted=True file=Chương 943 Đột Phá Yêu Hoàng Lục Trọng.txt
  OK 944/1131 decrypted=True file=Chương 944 Huyết Chủng.txt
  OK 945/1131 decrypted=True file=Chương 945 An Tĩnh Trước Giông Bão.txt
  OK 946/1131 decrypted=True file=Chương 946 Thành Công Đột Phá.txt
  OK 947/1131 decrypted=True file=Chương 947 Nháy Mắt Tiêu Diệt.txt
  OK 948/1131 decrypted=True file=Chương 948 Gặp Lại Lạc Diệu Vân.txt
BATCH 949-960 / 1131
  OK 949/1131 decrypted=True file=Chương 949 Cách Biệt Quá Lớn.txt
  OK 950/1131 decrypted=True file=Chương 950 Thái Tổ Hiện Thân.txt
  OK 951/1131 decrypted=True file=Chương 951 Chủ Đại Lục Biến Cố.txt
  OK 952/1131 decrypted=True file=Chương 952 Cướp Đoạt Tinh Huyết.txt
  OK 953/1131 decrypted=True file=Chương 953 Doanh Khải Lạc Đánh Đến.txt
  OK 954/1131 decrypted=True file=Chương 954 Thương Tâm Biến Số.txt
  OK 955/1131 decrypted=True file=Chương 955 Yêu Hoàng Bát Trọng.txt
  OK 956/1131 decrypted=True file=Chương 956 Yếu Như Vậy Sao.txt
  OK 957/1131 decrypted=True file=Chương 957 Cường Giả Chủ Đại Lục Tụ Tập.txt
  OK 958/1131 decrypted=True file=Chương 958 Quay Về Ngu Gia.txt
  OK 959/1131 decrypted=True file=Chương 959 Trở Về Chủ Đại Lục.txt
  OK 960/1131 decrypted=True file=Chương 960 Rồng Ra Biển Lớn.txt
BATCH 961-972 / 1131
  OK 961/1131 decrypted=True file=Chương 961 Kiêu Ngạo Yêu Tôn.txt
  OK 962/1131 decrypted=True file=Chương 962 Đã Kích Cực Đại.txt
  OK 963/1131 decrypted=True file=Chương 963 Trời Đất Biến Sắc.txt
  OK 964/1131 decrypted=True file=Chương 964 Đệ Nhất Cường Giả Huyết Mẫu Đơn.txt
  OK 965/1131 decrypted=True file=Chương 965 Yêu Thần Thế Giới Bí Mật.txt
  OK 966/1131 decrypted=True file=Chương 966 Yêu Thần Tam Lão.txt
  OK 967/1131 decrypted=True file=Chương 967 Nhất Ma Nhị Hùng Tam Lão.txt
  OK 968/1131 decrypted=True file=Chương 968 Yêu Thần Bảng Đại Chiến Yêu Thần Lục.txt
  OK 969/1131 decrypted=True file=Chương 969 Yêu Hoàng Thập Trọng Cảnh Giới.txt
  OK 970/1131 decrypted=True file=Chương 970 Thiên Kiêu Ánh Nguyệt.txt
  OK 971/1131 decrypted=True file=Chương 971 Vạn Độc Sơn Ngô Công Đại Tướng.txt
  OK 972/1131 decrypted=True file=Chương 972 Tình Cảm Kham Ưu.txt
BATCH 973-984 / 1131
❌ Lỗi khi tải chương 16327074: HTTPSConnectionPool(host='android.lonoapp.net', port=443): Read timed out. (read timeout=10)
❌ Lỗi khi tải chương 16359505: HTTPSConnectionPool(host='android.lonoapp.net', port=443): Read timed out. (read timeout=10)
  OK 973/1131 decrypted=True file=Chương 973 Nguyễn Thư Dung Thân Phận.txt
  OK 974/1131 decrypted=True file=Chương 974 Long Thần Bí Mật.txt
  OK 975/1131 decrypted=True retry=2 file=Chương 975 Thiết Ngưu Thú.txt
  OK 976/1131 decrypted=True file=Chương 976 Thiên Sơn Trung Châu.txt
  OK 977/1131 decrypted=True file=Chương 977 Nguyên Tôn Quả.txt
  OK 978/1131 decrypted=True file=Chương 978 Tham Niệm.txt
  OK 979/1131 decrypted=True file=Chương 979 Tam Tông Đều Đến.txt
  OK 980/1131 decrypted=True file=Chương 980 Đại Chiến Tái Khởi.txt
  OK 981/1131 decrypted=True file=Chương 981 Hiện Pháp Thân.txt
  OK 982/1131 decrypted=True retry=2 file=Chương 982 Độ Yêu Tôn Kiếp.txt
  OK 983/1131 decrypted=True file=Chương 983 Thiên Giai Yêu Hồn.txt
  OK 984/1131 decrypted=True file=Chương 984 Yêu Tôn Thất Trọng.txt
BATCH 985-996 / 1131
  OK 985/1131 decrypted=True file=Chương 985 Lừa Giết Địch Nhân.txt
  OK 986/1131 decrypted=True file=Chương 986 Linh Hỏa Thăng Cấp.txt
  OK 987/1131 decrypted=True file=Chương 987 Linh Thạch Thượng Phẩm Mạch Khoáng.txt
  OK 988/1131 decrypted=True file=Chương 988 Long Thần Pháp Thân.txt
  OK 989/1131 decrypted=True file=Chương 989 Yêu Tôn Cửu Trọng.txt
  OK 990/1131 decrypted=True file=Chương 990 Tây Sơn Bí Cảnh Thần Kỳ.txt
  OK 991/1131 decrypted=True file=Chương 991 Sứ Mệnh Cứu Thế Giả.txt
  OK 992/1131 decrypted=True file=Chương 992 Thanh Loan Thành Đan Đế.txt
  OK 993/1131 decrypted=True file=Chương 993 Trưởng Lão Rời Đi.txt
  OK 994/1131 decrypted=True file=Chương 994 Vạn Thế Khí Các.txt
  OK 995/1131 decrypted=True file=Chương 995 Thiên Kiêu Bảng Cường Giả.txt
  OK 996/1131 decrypted=True file=Chương 996 Bí Cảnh Thần Ngọc.txt
BATCH 997-1008 / 1131
  OK 997/1131 decrypted=True file=Chương 997 Sinh Huyền Lô.txt
  OK 998/1131 decrypted=True file=Chương 998 Đắc Tội Âm Dương Sơn.txt
  OK 999/1131 decrypted=True file=Chương 999 Hỏa Linh Tinh Phách.txt
  OK 1000/1131 decrypted=True file=Chương 1000 Phụng Thục Diễm Ngô Tiểu Diễm.txt
  OK 1001/1131 decrypted=True file=Chương 1001 Huynh Đệ Gặp Lại.txt
  OK 1002/1131 decrypted=True file=Chương 1002 Huynh Đệ Tốt.txt
  OK 1003/1131 decrypted=True file=Chương 1003 Gặp Lại Người Quen Nay Còn Đâu.txt
  OK 1004/1131 decrypted=True file=Chương 1004 Lòng Dạ Thâm Hiểm.txt
  OK 1005/1131 decrypted=True file=Chương 1005 Vạn Biến Yêu Pháp.txt
  OK 1006/1131 decrypted=True file=Chương 1006 Vong Ưu Thủy Hồi Mộng Đan.txt
  OK 1007/1131 decrypted=True file=Chương 1007 Âm Mưu Đầy Trời.txt
  OK 1008/1131 decrypted=True file=Chương 1008 Hiệu Ứng Cánh Bướm.txt
BATCH 1009-1020 / 1131
  OK 1009/1131 decrypted=True file=Chương 1009 Đại Thế Lực Tập Trung.txt
  OK 1010/1131 decrypted=True file=Chương 1010 Thân Lâm Tuyệt Cảnh.txt
  OK 1011/1131 decrypted=True file=Chương 1011 Độ Thánh Kiếp.txt
  OK 1012/1131 decrypted=True file=Chương 1012 Yêu Đế Thập Trọng.txt
  OK 1013/1131 decrypted=True file=Chương 1013 Phụng Hoàng Bi Kịch.txt
  OK 1014/1131 decrypted=True file=Chương 1014 Tây Sơn Hành Trình.txt
  OK 1015/1131 decrypted=True file=Chương 1015 Người Quen Lâm Nguy.txt
  OK 1016/1131 decrypted=True file=Chương 1016 Hoan Thụy Bại Lui.txt
  OK 1017/1131 decrypted=True file=Chương 1017 Tráo Trở.txt
  OK 1018/1131 decrypted=True file=Chương 1018 Dụng Tâm Cảm Nhận.txt
  OK 1019/1131 decrypted=True file=Chương 1019 Thôn Phệ Hỏa Kỳ Lân.txt
  OK 1020/1131 decrypted=True file=Chương 1020 Thiên Kiêu Đại Chiến.txt
BATCH 1021-1032 / 1131
  OK 1021/1131 decrypted=True file=Chương 1021 Thật Sự Buông Xuống.txt
  OK 1022/1131 decrypted=True file=Chương 1022 Đối Chiến Lạc Long Minh.txt
  OK 1023/1131 decrypted=True file=Chương 1023 Cửu Diệt Hoàng Hà Trận.txt
  OK 1024/1131 decrypted=True file=Chương 1024 Lão Yêu Lửa Giận.txt
  OK 1025/1131 decrypted=True file=Chương 1025 Tranh Đoạt Thần Ngọc.txt
  OK 1026/1131 decrypted=True file=Chương 1026 Yêu Thần Bảng Cường Giả Xuất Hiện Đầy Đủ.txt
  OK 1027/1131 decrypted=True file=Chương 1027 Nhân Thánh Cảnh Chiến Lực.txt
  OK 1028/1131 decrypted=True file=Chương 1028 Tây Sơn Bí Cảnh Hủy Diệt.txt
  OK 1029/1131 decrypted=True file=Chương 1029 Nghịch Thiên Cải Mệnh.txt
  OK 1030/1131 decrypted=True file=Chương 1030 Vương Ngữ Hiền.txt
  OK 1031/1131 decrypted=True file=Chương 1031 Dùng Xuân Dược Quá Đà.txt
  OK 1032/1131 decrypted=True file=Chương 1032 Viễn Cổ Đại Hội.txt
BATCH 1033-1044 / 1131
  OK 1033/1131 decrypted=True file=Chương 1033 Băng Long Thần Ngọc.txt
  OK 1034/1131 decrypted=True file=Chương 1034 Mộc Long Thần Ngọc Đến Tay.txt
  OK 1035/1131 decrypted=True file=Chương 1035 Tin Vui.txt
  OK 1036/1131 decrypted=True file=Chương 1036 Mặt Trời Ban Trưa.txt
  OK 1037/1131 decrypted=True file=Chương 1037 Ngu Lan Hoa Trở Lại.txt
  OK 1038/1131 decrypted=True file=Chương 1038 Thực lực của Thái Thư Dung.txt
  OK 1039/1131 decrypted=True file=Chương 1039 Ở Vào Thế Khó.txt
  OK 1040/1131 decrypted=True file=Chương 1040 Sinh Diệt Đại Trận.txt
  OK 1041/1131 decrypted=True file=Chương 1041 Cửu Giai Thượng Phẩm Thánh Diễm.txt
  OK 1042/1131 decrypted=True file=Chương 1042 Ngữ Hiền Cái Chết.txt
  OK 1043/1131 decrypted=True file=Chương 1043 Sát Ý Tiệm Khởi.txt
  OK 1044/1131 decrypted=True file=Chương 1044 Nham Thần Kích.txt
BATCH 1045-1056 / 1131
  OK 1045/1131 decrypted=True file=Chương 1045 Đồng Gia Diệt Vong.txt
  OK 1046/1131 decrypted=True file=Chương 1046 Gặp Mặt Long Ngạo Thiên.txt
  OK 1047/1131 decrypted=True file=Chương 1047 Nhẹ Nhõm Đánh Bại.txt
  OK 1048/1131 decrypted=True file=Chương 1048 Yêu Thánh Cảnh.txt
  OK 1049/1131 decrypted=True file=Chương 1049 Ma Thần Chi Tâm.txt
  OK 1050/1131 decrypted=True file=Chương 1050 Tàng Ảnh Quang Ưng Thú.txt
  OK 1051/1131 decrypted=True file=Chương 1051 Trở Lại Ngu Gia.txt
  OK 1052/1131 decrypted=True file=Chương 1052 Thanh Danh Vang Dội.txt
  OK 1053/1131 decrypted=True file=Chương 1053 Kim Gia Tài Nguyên.txt
  OK 1054/1131 decrypted=True file=Chương 1054 Chính Ma Đại Chiến.txt
  OK 1055/1131 decrypted=True file=Chương 1055 Phượng Hoàng Cầm.txt
  OK 1056/1131 decrypted=True file=Chương 1056 Ngu Gia Nguy Khốn.txt
BATCH 1057-1068 / 1131
  OK 1057/1131 decrypted=True file=Chương 1057 Trở Lại.txt
  OK 1058/1131 decrypted=True file=Chương 1058 Diệt Sát Chu Chí Bình.txt
  OK 1059/1131 decrypted=True file=Chương 1059 Chu Gia Vây Công.txt
  OK 1060/1131 decrypted=True file=Chương 1060 Thái Thư Dung.txt
  OK 1061/1131 decrypted=True file=Chương 1061 Ngu Gia Đại Trưởng Lão.txt
  OK 1062/1131 decrypted=True file=Chương 1062 Mộc Long Đại Thành Cướp Đoạt Thánh Khí.txt
  OK 1063/1131 decrypted=True file=Chương 1063 Chu Gia Tính Toán.txt
  OK 1064/1131 decrypted=True file=Chương 1064 Đại Khai Sát Giới.txt
  OK 1065/1131 decrypted=True file=Chương 1065 Trắng Trợn Cướp Bóc.txt
  OK 1066/1131 decrypted=True file=Chương 1066 Bán Thần Trận Uy Hiếp.txt
  OK 1067/1131 decrypted=True file=Chương 1067 Khủng Hoảng.txt
  OK 1068/1131 decrypted=True file=Chương 1068 Hủy Diệt Chu Gia.txt
BATCH 1069-1080 / 1131
  OK 1069/1131 decrypted=True file=Chương 1069 Mẫu Tử Gặp Lại.txt
  OK 1070/1131 decrypted=True file=Chương 1070 Luyện Hóa Hắc Hỏa Tháp.txt
  OK 1071/1131 decrypted=True file=Chương 1071 Đột Phá Thần Kiếp Đến.txt
  OK 1072/1131 decrypted=True file=Chương 1072 Yêu Thánh Thập Trọng.txt
  OK 1073/1131 decrypted=True file=Chương 1073 Thiên Kiêu Bảng Biến Đổi.txt
  OK 1074/1131 decrypted=True file=Chương 1074 Ngu Gia Phi Thăng.txt
  OK 1075/1131 decrypted=True file=Chương 1075 Mẹ Chồng Nàng Dâu.txt
  OK 1076/1131 decrypted=True file=Chương 1076 Có Biến.txt
  OK 1077/1131 decrypted=True file=Chương 1077 Hoán Linh Đại Pháp.txt
  OK 1078/1131 decrypted=True file=Chương 1078 Muốn Tìm Thiếu Gia.txt
  OK 1079/1131 decrypted=True file=Chương 1079 Giận Dữ.txt
  OK 1080/1131 decrypted=True file=Chương 1080 Kiếp Trước Nhân Quả.txt
BATCH 1081-1092 / 1131
  OK 1081/1131 decrypted=True file=Chương 1081 Đạp Diệt Vạn Độc Sơn.txt
  OK 1082/1131 decrypted=True file=Chương 1082 Sợ Hãi Quá Độ.txt
  OK 1083/1131 decrypted=True file=Chương 1083 Vạn Độc Sơn Hủy Diệt Các Phương Phản Ứng.txt
  OK 1084/1131 decrypted=True file=Chương 1084 Tấn Công Huyết Thần Sơn.txt
  OK 1085/1131 decrypted=True file=Chương 1085 Tranh Đoạt Ma Thần Chi Tâm.txt
  OK 1086/1131 decrypted=True file=Chương 1086 Long Tranh Hổ Đấu.txt
  OK 1087/1131 decrypted=True file=Chương 1087 Huyết Thần Sơn Đại Chiến Gặp Lại Lưu Nhân Bình.txt
  OK 1088/1131 decrypted=True file=Chương 1088 Yêu Thần Cảnh Trấn Áp Huyết Thần Ma Cung.txt
  OK 1089/1131 decrypted=True file=Chương 1089 Pháp Tắc Lực Cô Là Ai.txt
  OK 1090/1131 decrypted=True file=Chương 1090 Các Phương Kinh Sợ.txt
  OK 1091/1131 decrypted=True file=Chương 1091 Trở Lại Ngu Gia.txt
  OK 1092/1131 decrypted=True file=Chương 1092 Đến Đông Châu.txt
BATCH 1093-1104 / 1131
  OK 1093/1131 decrypted=True file=Chương 1093 Chúng Thánh Hoàng Hôn.txt
  OK 1094/1131 decrypted=True file=Chương 1094 Tiểu Diễm Hạnh Phúc.txt
  OK 1095/1131 decrypted=True file=Chương 1095 Phượng Hoàng Cầm Kinh Khủng.txt
  OK 1096/1131 decrypted=True file=Chương 1096 Thu Phục Yêu Thần Tam Lão.txt
  OK 1097/1131 decrypted=True file=Chương 1097 Phí Công Vô Ích.txt
  OK 1098/1131 decrypted=True file=Chương 1098 Trần Gia Tam Kiệt.txt
  OK 1099/1131 decrypted=True file=Chương 1099 Ngàn Năm Đấu Giá.txt
  OK 1100/1131 decrypted=True file=Chương 1100 Thế Lực Dị Động.txt
  OK 1101/1131 decrypted=True file=Chương 1101 Hỏa Phụng Linh Châu.txt
  OK 1102/1131 decrypted=True file=Chương 1102 Phượng Hoàng Tông Ra Tay.txt
  OK 1103/1131 decrypted=True file=Chương 1103 Là Một Đứa Bé.txt
  OK 1104/1131 decrypted=True file=Chương 1104 Khuất Nhục Kết Thúc.txt
BATCH 1105-1116 / 1131
  OK 1105/1131 decrypted=True file=Chương 1105 Huyết Tính Thạch Thân Phận.txt
  OK 1106/1131 decrypted=True file=Chương 1106 Trung Thực Thái Quá.txt
  OK 1107/1131 decrypted=True file=Chương 1107 Trung Châu Thiên Hỏa Sơn.txt
  OK 1108/1131 decrypted=True file=Chương 1108 Dung Hợp Long Thần Kiếm.txt
  OK 1109/1131 decrypted=True file=Chương 1109 Chúng Ma Đại Hội.txt
  OK 1110/1131 decrypted=True file=Chương 1110 Hiện Thân.txt
  OK 1111/1131 decrypted=True file=Chương 1111 Thần Phục.txt
  OK 1112/1131 decrypted=True file=Chương 1112 Lên Đường Được Rồi.txt
  OK 1113/1131 decrypted=True file=Chương 1113 Mẫu Đơn Khốn Cảnh.txt
  OK 1114/1131 decrypted=True file=Chương 1114 Song Thánh Giết Đến.txt
  OK 1115/1131 decrypted=True file=Chương 1115 Ra Tay Diệt Sát.txt
  OK 1116/1131 decrypted=True file=Chương 1116 Hủy Diệt Huyết Thần Sơn.txt
BATCH 1117-1128 / 1131
❌ Lỗi khi tải chương 17136634: HTTPSConnectionPool(host='android.lonoapp.net', port=443): Read timed out. (read timeout=10)
  OK 1117/1131 decrypted=True file=Chương 1117 Thân Phận Chân Chính Của Lưu Nhân Bình.txt
  OK 1118/1131 decrypted=True file=Chương 1118 Yêu Thần Cảnh Cường Đại.txt
  OK 1119/1131 decrypted=True file=Chương 1119 Cứu Tinh Túc Địch.txt
  OK 1120/1131 decrypted=True file=Chương 1120 Phượng Hoàng Tông Đến Phạm.txt
  OK 1121/1131 decrypted=True file=Chương 1121 Hoàn Chỉnh Long Thần Kiếm.txt
  OK 1122/1131 decrypted=True file=Chương 1122 Trở Lại Nam Hoang.txt
  OK 1123/1131 decrypted=True file=Chương 1123 Đột Phá Yêu Thần Cảnh.txt
  OK 1124/1131 decrypted=True file=Chương 1124 Ra Ngoài Hư Không.txt
  OK 1125/1131 decrypted=True file=Chương 1125 Đột Phá Địa Tiên Cảnh.txt
  OK 1126/1131 decrypted=True file=Chương 1126 Ma Cao Một Trượng.txt
  OK 1127/1131 decrypted=True retry=2 file=Chương 1127 Bí Mật Long Thần Kiếm.txt
  OK 1128/1131 decrypted=True file=Chương 1128 Thập Phương Thiên Đế.txt
BATCH 1129-1131 / 1131
  OK 1129/1131 decrypted=True file=Chương 1129 Món Nợ Ngàn Năm.txt
  OK 1130/1131 decrypted=True file=Chương 1130 Chí Cao Nhân Quả.txt
  OK 1131/1131 decrypted=True file=Chương 1131 Vĩnh Sinh Chúa Tể Đại Kết Cục.txt
final_ok=1131
final_fail=0
out=C:\Dev\MTC\Bát Long Quy Nguyên Truyện

[stderr]
