book=Tại Đấu Phá Triệu Hoán Nữ Thần
book_id=106266
out=C:\Dev\MTC\Tại Đấu Phá Triệu Hoán Nữ Thần
chapters_total=496 expected=496
workers=6 batch_size=12
BATCH 1-12 / 496
❌ Lỗi khi tải chương 13290351: HTTPSConnectionPool(host='android.lonoapp.net', port=443): Read timed out. (read timeout=10)
❌ Lỗi khi tải chương 13290569: HTTPSConnectionPool(host='android.lonoapp.net', port=443): Read timed out. (read timeout=10)
❌ Lỗi khi tải chương 13290510: HTTPSConnectionPool(host='android.lonoapp.net', port=443): Read timed out. (read timeout=10)
  OK 1/496 decrypted=True file=Chương 1 Vẫn là bình cũ nhưng rượu thì mới.txt
  OK 2/496 decrypted=True retry=2 file=Chương 2 Tin ta thì cởi đồ ra.txt
  OK 3/496 decrypted=True file=Chương 3 Người không vì mình trời tru đất diệt.txt
  OK 4/496 decrypted=True file=Chương 4 Đấu Khí đại lục và Hệ Thống Triệu Hoán Nữ Thần.txt
  OK 5/496 decrypted=True file=Chương 5 Nữ Thần thứ nhất Hoàng Dung.txt
  OK 6/496 decrypted=True file=Chương 6 Ẩn nhẫn mưu sự và xúi giục.txt
  OK 7/496 decrypted=True retry=2 file=Chương 7 Biểu ca đáng tin và Biểu đệ đáng thương.txt
  OK 8/496 decrypted=True file=Chương 8 Quyền hạn tăng cấp.txt
  OK 9/496 decrypted=True file=Chương 9 Bị người ta lừa vẫn vui vẻ giúp họ kiếm tiền.txt
  OK 10/496 decrypted=True retry=2 file=Chương 10 Tiên hạ thủ vi cường.txt
  OK 11/496 decrypted=True file=Chương 11 Trang bức trang tới lợi hại.txt
  OK 12/496 decrypted=True file=Chương 12 Tích... ký chủ mới lão cả nhà ký chủ đều lão.txt
BATCH 13-24 / 496
  OK 13/496 decrypted=True file=Chương 13 Một bản cập nhật nhỏ.txt
  OK 14/496 decrypted=True file=Chương 14 Kiểm tra thực lực trước Lễ Thành Nhân 1.txt
  OK 15/496 decrypted=True file=Chương 15 Kiểm tra thực lực trước Lễ Thành Nhân 2.txt
  OK 16/496 decrypted=True file=Chương 16 Kiểm tra thực lực trước Lễ Thành Nhân 3.txt
  OK 17/496 decrypted=True file=Chương 17 Đả Cẩu Bổng Pháp phát uy.txt
  OK 18/496 decrypted=True file=Chương 18 Nữ Thần thứ hai Mộc Ánh Tuyết.txt
  OK 19/496 decrypted=True file=Chương 19 Quy định cũ cởi hết quần áo ra.txt
  OK 20/496 decrypted=True file=Chương 20 Giúp cùng Hại.txt
  OK 21/496 decrypted=True file=Chương 21 5 Ngoại truyện Món quà vô giá… trị.txt
  OK 22/496 decrypted=True file=Chương 22 Sóng gió trên Lễ Thành Nhân 1.txt
  OK 23/496 decrypted=True file=Chương 23 Sóng gió trên Lễ Thành Nhân 2.txt
  OK 24/496 decrypted=True file=Chương 24 Sóng gió trên Lễ Thành Nhân 3.txt
BATCH 25-36 / 496
❌ Lỗi khi tải chương 13305789: HTTPSConnectionPool(host='android.lonoapp.net', port=443): Read timed out. (read timeout=10)
  OK 25/496 decrypted=True file=Chương 25 Chút bình yên sau cơn bão.txt
  OK 26/496 decrypted=True file=Chương 26 Đại sự trong rừng cây 1.txt
  OK 27/496 decrypted=True file=Chương 27 Đại sự trong rừng cây 2.txt
  OK 28/496 decrypted=True file=Chương 28 Đại sự trong rừng cây 3.txt
  OK 29/496 decrypted=True file=Chương 29 Giải quyết và giải thích 1.txt
  OK 30/496 decrypted=True file=Chương 30 Giải quyết và giải thích 2.txt
  OK 31/496 decrypted=True file=Chương 31 5 Ngoại truyện Ngươi có lòng ta có dạ.txt
  OK 32/496 decrypted=True file=Chương 32 Thử nghiệm và thất bại.txt
  OK 33/496 decrypted=True retry=2 file=Chương 33 Thái Hư Tán.txt
  OK 34/496 decrypted=True file=Chương 34 Thí nghiệm... thành công.txt
  OK 35/496 decrypted=True file=Chương 35 5 Ngoại truyện thuyết tân Dược Độc.txt
  OK 36/496 decrypted=True file=Chương 36 Khởi nghiệp 1.txt
BATCH 37-48 / 496
  OK 37/496 decrypted=True file=Chương 37 Khởi nghiệp 2.txt
  OK 38/496 decrypted=True file=Chương 38 Sóng gió bắt đầu nổi lên.txt
  OK 39/496 decrypted=True file=Chương 39 Hẹn gặp.txt
  OK 40/496 decrypted=True file=Chương 40 Thập Bộ Sát Nhất Nhân.txt
  OK 41/496 decrypted=True file=Chương 41 Bích Loa Xuân và Quy Tâm Tán.txt
  OK 42/496 decrypted=True file=Chương 42 Sửa sai quá khứ thẳng tiến tương lai.txt
  OK 43/496 decrypted=True file=Chương 43 Phản ứng từ các bên 1.txt
  OK 44/496 decrypted=True file=Chương 44 Phản ứng từ các bên 2.txt
  OK 45/496 decrypted=True file=Chương 45 Phong sát.txt
  OK 46/496 decrypted=True file=Chương 46 Chuẩn bị hạ sát thủ.txt
  OK 47/496 decrypted=True file=Chương 47 Lại hại người 1.txt
  OK 48/496 decrypted=True file=Chương 48 Lại hại người 2.txt
BATCH 49-60 / 496
  OK 49/496 decrypted=True file=Chương 49 Hẹn hò.txt
  OK 50/496 decrypted=True file=Chương 50 Bạn thân khác giới và anh trai mưa.txt
  OK 51/496 decrypted=True file=Chương 51 Phải nam nhân hay không.txt
  OK 52/496 decrypted=True file=Chương 52 Không phục lại đây cắn ta đi.txt
  OK 53/496 decrypted=True file=Chương 53 Mưu hèn kế bẩn.txt
  OK 54/496 decrypted=True file=Chương 54 Lụi tàn và Tân sinh.txt
  OK 55/496 decrypted=True file=Chương 55 Tề Thiên Cung sơ hiện.txt
  OK 56/496 decrypted=True file=Chương 56 Tất cả đều là sáo lộ.txt
  OK 57/496 decrypted=True file=Chương 57 Thế cục ngã ngũ.txt
  OK 58/496 decrypted=True file=Chương 58 Thanh xuân không phải là để phí hoài như vậy đâu.txt
  OK 59/496 decrypted=True file=Chương 59 Hành trình mới Thanh Sơn Trấn.txt
  OK 60/496 decrypted=True file=Chương 60 Sơ gặp Tiểu Y Tiên.txt
BATCH 61-72 / 496
  OK 61/496 decrypted=True file=Chương 61 Nếu đã nguyện ý thì cởi quần áo ra đi.txt
  OK 62/496 decrypted=True file=Chương 62 Thuận là đồng bạn nghịch là địch nhân.txt
  OK 63/496 decrypted=True file=Chương 63 Bọ ngựa bắt ve chim sẻ đứng sau.txt
  OK 64/496 decrypted=True file=Chương 64 Người thắng kẻ thua.txt
  OK 65/496 decrypted=True file=Chương 65 Hay quá hóa dở.txt
  OK 66/496 decrypted=True file=Chương 66 Tu luyện Ưng Chi Dực.txt
  OK 67/496 decrypted=True file=Chương 67 Bớt giỡn với Độc Sư đi.txt
  OK 68/496 decrypted=True file=Chương 68 Cầu viện binh.txt
  OK 69/496 decrypted=True file=Chương 69 Mức giá kỷ lục.txt
  OK 70/496 decrypted=True file=Chương 70 Tạm biệt và khép lại.txt
  OK 71/496 decrypted=True file=Chương 71 Hai tháng khổ luyện.txt
  OK 72/496 decrypted=True file=Chương 72 Lần đầu chiến đấu 1.txt
BATCH 73-84 / 496
❌ Lỗi khi tải chương 13354246: HTTPSConnectionPool(host='android.lonoapp.net', port=443): Read timed out. (read timeout=10)
  OK 73/496 decrypted=True file=Chương 73 Lần đầu chiến đấu 2.txt
  OK 74/496 decrypted=True file=Chương 74 Kết thúc và thu hoạch.txt
  OK 75/496 decrypted=True file=Chương 75 Người đẹp và Quái vật 1.txt
  OK 76/496 decrypted=True file=Chương 76 Người đẹp và Quái vật 2.txt
  OK 77/496 decrypted=True file=Chương 77 Người đẹp và Quái vật 3.txt
  OK 78/496 decrypted=True file=Chương 78 Lưỡng bại câu thương.txt
  OK 79/496 decrypted=True file=Chương 79 Trang bức... bất thành.txt
  OK 80/496 decrypted=True file=Chương 80 Đổi một phương án khác.txt
  OK 81/496 decrypted=True file=Chương 81 Ngươi có thể gọi ta là... Vô.txt
  OK 82/496 decrypted=True retry=2 file=Chương 82 Giương Đông Kích Tây.txt
  OK 83/496 decrypted=True file=Chương 83 5 Nguồn gốc cái tên “Vô”.txt
  OK 84/496 decrypted=True file=Chương 84 Tử Tinh Thạch Tử Tinh Linh Tử Tinh Nguyên.txt
BATCH 85-96 / 496
  OK 85/496 decrypted=True file=Chương 85 Tình huống hiểm nghèo.txt
  OK 86/496 decrypted=True file=Chương 86 Hệ Thống lên cấp.txt
  OK 87/496 decrypted=True file=Chương 87 Tổng kết thu hoạch.txt
  OK 88/496 decrypted=True file=Chương 88 Kết thúc và tạm biệt.txt
  OK 89/496 decrypted=True file=Chương 89 Hắc Nham Thành hành trình mới.txt
  OK 90/496 decrypted=True file=Chương 90 Mạc Thành Cổ Đồ và lão nhân thần bí.txt
  OK 91/496 decrypted=True file=Chương 91 Hành trình sa mạc bắt đầu.txt
  OK 92/496 decrypted=True file=Chương 92 Gặp gỡ thứ nhất nam nhân xa lạ.txt
  OK 93/496 decrypted=True file=Chương 93 Giao cho ngươi đấy tiểu Mộc.txt
  OK 94/496 decrypted=True file=Chương 94 Mộc Ánh Tuyết ra tay Vạn Tái Huyền Băng.txt
  OK 95/496 decrypted=True file=Chương 95 Trang một cái đại bức.txt
  OK 96/496 decrypted=True file=Chương 96 Người ta muốn… là một nữ nhân.txt
BATCH 97-108 / 496
  OK 97/496 decrypted=True file=Chương 97 Sơ gặp Thanh Lân.txt
  OK 98/496 decrypted=True file=Chương 98 Thứ không phải của mình biến nó thành của mình là được.txt
  OK 99/496 decrypted=True file=Chương 99 Bị từ chối.txt
  OK 100/496 decrypted=True file=Chương 100 Loạn chiến Ưu và Nhược.txt
  OK 101/496 decrypted=True file=Chương 101 Cá cược một hơi thở.txt
  OK 102/496 decrypted=True file=Chương 102 Vân Sinh Vụ Trưởng Điện Niết Bàn.txt
  OK 103/496 decrypted=True file=Chương 103 Thuyết phục thành công nhiệm vụ hộ tống.txt
  OK 104/496 decrypted=True file=Chương 104 Lại vượt sa mạc ốc đảo.txt
  OK 105/496 decrypted=True file=Chương 105 Nguyệt Mị thăm dò thực lực.txt
  OK 106/496 decrypted=True file=Chương 106 Lại là Độc Sư phát uy.txt
  OK 107/496 decrypted=True file=Chương 107 Đạo bất đồng bất tương vi mưu.txt
  OK 108/496 decrypted=True file=Chương 108 Nữ Thần cấp R đầu tiên Medusa.txt
BATCH 109-120 / 496
  OK 109/496 decrypted=True file=Chương 109 Tiến vào bộ lạc Mị Xà.txt
  OK 110/496 decrypted=True file=Chương 110 Đêm tại bộ lạc Mị Xà.txt
  OK 111/496 decrypted=True file=Chương 111 Thần Điện trung tâm.txt
  OK 112/496 decrypted=True file=Chương 112 Sơ gặp Mỹ Đỗ Toa.txt
  OK 113/496 decrypted=True file=Chương 113 Đàm phán 1.txt
  OK 114/496 decrypted=True file=Chương 114 Đàm phán 2.txt
  OK 115/496 decrypted=True file=Chương 115 Đám phán 3.txt
  OK 116/496 decrypted=True file=Chương 116 Đạt thành thỏa thuận.txt
  OK 117/496 decrypted=True file=Chương 117 Gặp lại Vân Vận.txt
  OK 118/496 decrypted=True file=Chương 118 Tất cả đều là sáo lộ.txt
  OK 119/496 decrypted=True file=Chương 119 Đấu trí đấu dũng 1 Thả thính.txt
  OK 120/496 decrypted=True file=Chương 120 Đấu trí đấu dũng 2 Cá cược.txt
BATCH 121-132 / 496
❌ Lỗi khi tải chương 13397103: HTTPSConnectionPool(host='android.lonoapp.net', port=443): Read timed out. (read timeout=10)
❌ Lỗi khi tải chương 13397103: HTTPSConnectionPool(host='android.lonoapp.net', port=443): Read timed out. (read timeout=10)
  OK 121/496 decrypted=True file=Chương 121 Mới đến Diêm Thành.txt
  OK 122/496 decrypted=True file=Chương 122 Quyền lực Tài lực Thế lực đều hùng hậu.txt
  OK 123/496 decrypted=True retry=3 file=Chương 123 Mô hình Nhóm Nhạc Thần Tượng.txt
  OK 124/496 decrypted=True file=Chương 124 Hai nữ thần cấp C Quyền Bảo Nhã và Kim Huyền Nhã.txt
  OK 125/496 decrypted=True file=Chương 125 Thanh Liên Địa Tâm Hỏa đến tay.txt
  OK 126/496 decrypted=True file=Chương 126 Hệ thống lên cấp quyền hạn cấp bốn.txt
  OK 127/496 decrypted=True file=Chương 127 Nhà phải có nóc.txt
  OK 128/496 decrypted=True file=Chương 128 Băng Hoàng Hải Ba Đông.txt
  OK 129/496 decrypted=True file=Chương 129 Thắp lên hy vọng.txt
  OK 130/496 decrypted=True file=Chương 130 Thẳng thắn với nhau.txt
  OK 131/496 decrypted=True file=Chương 131 Diêm Thành Mặc Gia 1.txt
  OK 132/496 decrypted=True file=Chương 132 Diêm Thành Mặc Gia 2.txt
BATCH 133-144 / 496
  OK 133/496 decrypted=True file=Chương 133 Diêm Thành Mặc Gia 3.txt
  OK 134/496 decrypted=True file=Chương 134 Người đang làm trời và Tề Thiên Cung chúng ta đang nhìn.txt
  OK 135/496 decrypted=True file=Chương 135 Trí Dũng song toàn.txt
  OK 136/496 decrypted=True file=Chương 136 Người không ra người ngợm chẳng ra ngợm.txt
  OK 137/496 decrypted=True file=Chương 137 Tiền căn hậu quả.txt
  OK 138/496 decrypted=True file=Chương 138 Hạ màn.txt
  OK 139/496 decrypted=True file=Chương 139 Mới tới Đế Đô.txt
  OK 140/496 decrypted=True file=Chương 140 Đội hình khủng bố.txt
  OK 141/496 decrypted=True file=Chương 141 Trong bữa tiệc 1.txt
  OK 142/496 decrypted=True file=Chương 142 Trong bữa tiệc 2.txt
  OK 143/496 decrypted=True file=Chương 143 Ta muốn Nạp Lan tiểu thư.txt
  OK 144/496 decrypted=True file=Chương 144 Thượng Thiên chi Hạ nơi nào có “Thiên” ở đó có “Thiên Hạ”.txt
BATCH 145-156 / 496
  OK 145/496 decrypted=True file=Chương 145 5 Ngoại truyện Khu độc.txt
  OK 146/496 decrypted=True file=Chương 146 Khoảng lặng trước sóng gió.txt
  OK 147/496 decrypted=True file=Chương 147 Thay đổi của Thanh Lân.txt
  OK 148/496 decrypted=True file=Chương 148 Chuẩn bị sẵn sàng.txt
  OK 149/496 decrypted=True file=Chương 149 Thông tin về đại hội.txt
  OK 150/496 decrypted=True file=Chương 150 Đại hội Luyện Dược Sư 1 Vòng thi thứ nhất... bắt đầu.txt
  OK 151/496 decrypted=True file=Chương 151 Đại hội Luyện Dược Sư 2 Vươn lên dẫn trước.txt
  OK 152/496 decrypted=True file=Chương 152 Đại hội Luyện Dược Sư 3 Trắc nghiệm dược tính.txt
  OK 153/496 decrypted=True file=Chương 153 Đại hội Luyện Dược Sư 4 Áo bào xám thần bí.txt
  OK 154/496 decrypted=True file=Chương 154 Đại hội Luyện Dược Sư 5 Vòng thi thứ hai bắt đầu.txt
  OK 155/496 decrypted=True file=Chương 155 Đại hội Luyện Dược Sư 6 Đan phương có vấn đề.txt
  OK 156/496 decrypted=True file=Chương 156 Đại hội Luyện Dược Sư 7 Âm thầm nhắc bài.txt
BATCH 157-168 / 496
  OK 157/496 decrypted=True file=Chương 157 Đại hội Luyện Dược Sư 8 Gáy sớm ăn... gì.txt
  OK 158/496 decrypted=True file=Chương 158 Đại hội tạm dừng.txt
  OK 159/496 decrypted=True file=Chương 159 Một đêm nhiều cố sự.txt
  OK 160/496 decrypted=True file=Chương 160 1 Ngoại truyện Viêm Lợi 1.txt
  OK 161/496 decrypted=True file=Chương 161 2 Ngoại truyện Viêm Lợi 2.txt
  OK 162/496 decrypted=True file=Chương 162 Nhờ vả và được nhờ vả.txt
  OK 163/496 decrypted=True file=Chương 163 Tề tựu.txt
  OK 164/496 decrypted=True file=Chương 164 Đề thi là... vô đề.txt
  OK 165/496 decrypted=True file=Chương 165 Các lộ thần thông.txt
  OK 166/496 decrypted=True file=Chương 166 Dị hỏa ra vạn hỏa phục.txt
  OK 167/496 decrypted=True file=Chương 167 Người đầu tiên.txt
  OK 168/496 decrypted=True file=Chương 168 Hữu sắc đan hương.txt
BATCH 169-180 / 496
  OK 169/496 decrypted=True file=Chương 169 Tử Tâm Phá Chướng Đan.txt
  OK 170/496 decrypted=True file=Chương 170 Lật bàn sao cho ngoạn mục.txt
  OK 171/496 decrypted=True file=Chương 171 Cửu Thiên Tụ Tinh Tán.txt
  OK 172/496 decrypted=True file=Chương 172 Hữu hình đan hương.txt
  OK 173/496 decrypted=True file=Chương 173 Thay đổi khái niệm.txt
  OK 174/496 decrypted=True file=Chương 174 Kiểm tra dược tính.txt
  OK 175/496 decrypted=True file=Chương 175 Lấy thân thử thuốc.txt
  OK 176/496 decrypted=True file=Chương 176 Khí triều hiện.txt
  OK 177/496 decrypted=True file=Chương 177 Quán quân là.txt
  OK 178/496 decrypted=True file=Chương 178 Đại hội hạ màn.txt
  OK 179/496 decrypted=True file=Chương 179 5 Ngoại truyện Tử vong và tân sinh.txt
  OK 180/496 decrypted=True file=Chương 180 Vô đề.txt
BATCH 181-192 / 496
  OK 181/496 decrypted=True file=Chương 181 Sóng ngầm dũng động.txt
  OK 182/496 decrypted=True file=Chương 182 Tin tức về Hoàng Dung.txt
  OK 183/496 decrypted=True file=Chương 183 Mục đích thứ nhất tặng đan dược.txt
  OK 184/496 decrypted=True file=Chương 184 Mục đích thứ hai đe dọa.txt
  OK 185/496 decrypted=True file=Chương 185 Vân Lam Chi Đỉnh Vân Lam Tông.txt
  OK 186/496 decrypted=True file=Chương 186 Ngươi đến rồi.txt
  OK 187/496 decrypted=True file=Chương 187 Tiêu Gia Tiêu Viêm có mặt phó ước.txt
  OK 188/496 decrypted=True file=Chương 188 Quần ta đều cởi ngươi cho ta xem cái này.txt
  OK 189/496 decrypted=True file=Chương 189 Ước hẹn ba năm 1 Chiến đấu bắt đầu.txt
  OK 190/496 decrypted=True file=Chương 190 Ước hẹn ba năm 2 Nạp Lan Yên Nhiên bại.txt
  OK 191/496 decrypted=True file=Chương 191 Ước hẹn ba năm 3 Thực lực chân chính.txt
  OK 192/496 decrypted=True file=Chương 192 Ước hẹn ba năm 4 Chiến sự gay cấn.txt
BATCH 193-204 / 496
  OK 193/496 decrypted=True file=Chương 193 Ước hẹn ba năm 5 Một chiêu định thắng thua.txt
  OK 194/496 decrypted=True file=Chương 194 Ước hẹn ba năm 6 Đại kết cục.txt
  OK 195/496 decrypted=True file=Chương 195 Biến cố liên tiếp.txt
  OK 196/496 decrypted=True file=Chương 196 Biết nhưng cũng không biết.txt
  OK 197/496 decrypted=True file=Chương 197 5 Ngoại truyện Thời Khi Cuồng Tam.txt
  OK 198/496 decrypted=True file=Chương 198 Vận mệnh a.txt
  OK 199/496 decrypted=True file=Chương 199 Dư luận dậy sóng.txt
  OK 200/496 decrypted=True file=Chương 200 Kế hoạch tương lai.txt
  OK 201/496 decrypted=True file=Chương 201 Hành trình mới ra biển 1.txt
  OK 202/496 decrypted=True file=Chương 202 Hành trình mới ra biển 2.txt
  OK 203/496 decrypted=True file=Chương 203 Thiên địa bài xích.txt
  OK 204/496 decrypted=True file=Chương 204 Một tuần bình yên trước sóng gió.txt
BATCH 205-216 / 496
  OK 205/496 decrypted=True file=Chương 205 Vụ Hộ Pháp và Thiết Hộ Pháp.txt
  OK 206/496 decrypted=True file=Chương 206 Dạ tập.txt
  OK 207/496 decrypted=True file=Chương 207 Thất thế rút chạy.txt
  OK 208/496 decrypted=True file=Chương 208 Mất mát điên cuồng.txt
  OK 209/496 decrypted=True file=Chương 209 Kế hoạch và khó khăn.txt
  OK 210/496 decrypted=True file=Chương 210 Kế hoạch không kịp diễn biến.txt
  OK 211/496 decrypted=True file=Chương 211 Hy vọng và tuyệt vọng.txt
  OK 212/496 decrypted=True file=Chương 212 Cửu Sát Điện.txt
  OK 213/496 decrypted=True file=Chương 213 Sai lầm chồng chất sai lầm.txt
  OK 214/496 decrypted=True file=Chương 214 Giương đông kích tây.txt
  OK 215/496 decrypted=True file=Chương 215 Lọt vào thành công.txt
  OK 216/496 decrypted=True file=Chương 216 Hội quân.txt
BATCH 217-228 / 496
❌ Lỗi khi tải chương 13544722: HTTPSConnectionPool(host='android.lonoapp.net', port=443): Read timed out. (read timeout=10)
  OK 217/496 decrypted=True file=Chương 217 Chuyển hướng tăng tốc.txt
  OK 218/496 decrypted=True file=Chương 218 Ta xem ngươi là bạn ngươi vậy mà muốn lên ta.txt
  OK 219/496 decrypted=True file=Chương 219 Kẻ địch lộ diện.txt
  OK 220/496 decrypted=True file=Chương 220 Cửu Sát Lão Tổ.txt
  OK 221/496 decrypted=True file=Chương 221 Cuộc đua sinh tử.txt
  OK 222/496 decrypted=True file=Chương 222 Nan đề.txt
  OK 223/496 decrypted=True file=Chương 223 Kết thúc.txt
  OK 224/496 decrypted=True file=Chương 224 Gió yên biển lặng.txt
  OK 225/496 decrypted=True file=Chương 225 Trở về.txt
  OK 226/496 decrypted=True retry=2 file=Chương 226 Khảo hạch Luyện Dược Sư 1.txt
  OK 227/496 decrypted=True file=Chương 227 Khảo hạch Luyện Dược Sư 2.txt
  OK 228/496 decrypted=True file=Chương 228 Gián điệp Hiểu lầm.txt
BATCH 229-240 / 496
  OK 229/496 decrypted=True file=Chương 229 Quay về sa mạc Tháp Nhĩ Qua.txt
  OK 230/496 decrypted=True file=Chương 230 Vô đề.txt
  OK 231/496 decrypted=True file=Chương 231 Kế hoạch Hành Hương.txt
  OK 232/496 decrypted=True file=Chương 232 Chuyện hàng ngày giữa nữ vương bệ hạ và tiểu nam nhân.txt
  OK 233/496 decrypted=True file=Chương 233 Âm thầm phát triển.txt
  OK 234/496 decrypted=True file=Chương 234 Luyện binh.txt
  OK 235/496 decrypted=True file=Chương 235 Ta… vừa mới bị tập kích giữa ban ngày sao.txt
  OK 236/496 decrypted=True file=Chương 236 Hệ Thống thay đổi.txt
  OK 237/496 decrypted=True file=Chương 237 Độ Kiếp.txt
  OK 238/496 decrypted=True file=Chương 238 Cốt truyện cắn trả 1 Thực thể Viễn Cổ Cthulhu.txt
  OK 239/496 decrypted=True file=Chương 239 Cốt truyện cắn trả 2 Gieo nhân cay Nhận quả đắng.txt
  OK 240/496 decrypted=True file=Chương 240 Xuất Vân Đế Quốc 1 Hỗn loạn.txt
BATCH 241-252 / 496
  OK 241/496 decrypted=True file=Chương 241 Xuất Vân Đế Quốc 2 Tiểu Y Tiên tái xuất.txt
  OK 242/496 decrypted=True file=Chương 242 Tu thân tề gia trị quốc bình thiên hạ.txt
  OK 243/496 decrypted=True file=Chương 243 U Minh Chi Địa 1 U Minh Độc Hỏa.txt
  OK 244/496 decrypted=True file=Chương 244 U Minh Chi Địa 2 Tiến vào.txt
  OK 245/496 decrypted=True file=Chương 245 U Minh Chi Địa 3 U Minh Chiểu Trạch.txt
  OK 246/496 decrypted=True file=Chương 246 Sai lầm vô tình dẫn tới chuyển cơ.txt
  OK 247/496 decrypted=True file=Chương 247 Tế đàn thần bí.txt
  OK 248/496 decrypted=True file=Chương 248 Thập thò thập thò lo cũng chết.txt
  OK 249/496 decrypted=True file=Chương 249 Cốt Linh Lãnh Hỏa cự nhân vs U Minh Độc Hỏa khô lâu.txt
  OK 250/496 decrypted=True file=Chương 250 Đắc thủ.txt
  OK 251/496 decrypted=True file=Chương 251 Vừa trở về liền kiếm chuyện.txt
  OK 252/496 decrypted=True file=Chương 252 Trí Lực Thực Tại Thời Không Linh Hồn.txt
BATCH 253-264 / 496
  OK 253/496 decrypted=True file=Chương 253 Mục tiêu Tử Tinh Dực Sư Vương.txt
  OK 254/496 decrypted=True file=Chương 254 Vở kịch vụng về 1.txt
  OK 255/496 decrypted=True file=Chương 255 Vở kịch vụng về 2.txt
  OK 256/496 decrypted=True file=Chương 256 Vở kịch vụng về 3.txt
  OK 257/496 decrypted=True file=Chương 257 Biến thiên.txt
  OK 258/496 decrypted=True file=Chương 258 Vân trung Thiên Hạ.txt
  OK 259/496 decrypted=True file=Chương 259 Ván cờ chúng sinh 1 Kế hoạch Bàn Cờ Ác Ma.txt
  OK 260/496 decrypted=True file=Chương 260 Ván cờ chúng sinh 1 Ta thích… lái máy bay.txt
  OK 261/496 decrypted=True file=Chương 261 Ván cờ chúng sinh 2 Xuất Vân chuyện chưa kể.txt
  OK 262/496 decrypted=True file=Chương 262 Ván cờ chúng sinh 3 Truyền ngôi.txt
  OK 263/496 decrypted=True file=Chương 263 Ván cờ chúng sinh 4 Đều là sáo lộ.txt
  OK 264/496 decrypted=True file=Chương 264 Ván cờ chúng sinh 5 Khen thưởng.txt
BATCH 265-276 / 496
❌ Lỗi khi tải chương 13650238: HTTPSConnectionPool(host='android.lonoapp.net', port=443): Read timed out. (read timeout=10)
❌ Lỗi khi tải chương 13679351: HTTPSConnectionPool(host='android.lonoapp.net', port=443): Read timed out. (read timeout=10)
❌ Lỗi khi tải chương 13650238: HTTPSConnectionPool(host='android.lonoapp.net', port=443): Read timed out. (read timeout=10)
  OK 265/496 decrypted=True retry=3 file=Chương 265 Ván cờ chúng sinh 6 Kết thúc.txt
  OK 266/496 decrypted=True file=Chương 266 Thanh trừng nhân quả.txt
  OK 267/496 decrypted=True file=Chương 267 Sự bất thường tất có yêu.txt
  OK 268/496 decrypted=True file=Chương 268 Nhân Quả luân hồi báo ứng thường đến muộn.txt
  OK 269/496 decrypted=True file=Chương 269 Một công tính bằng ba công làm.txt
  OK 270/496 decrypted=True file=Chương 270 Ân đến oán trả.txt
  OK 271/496 decrypted=True file=Chương 271 Thái điểu.txt
  OK 272/496 decrypted=True file=Chương 272 Giết gà dọa khỉ.txt
  OK 273/496 decrypted=True file=Chương 273 Thương đội dẫn đường.txt
  OK 274/496 decrypted=True retry=2 file=Chương 274 Vượt cạn.txt
  OK 275/496 decrypted=True file=Chương 275 Hỗn Loạn Chi Địa.txt
  OK 276/496 decrypted=True file=Chương 276 Hòa Bình Trấn.txt
BATCH 277-288 / 496
❌ Lỗi khi tải chương 13782363: HTTPSConnectionPool(host='android.lonoapp.net', port=443): Read timed out. (read timeout=10)
  OK 277/496 decrypted=True file=Chương 277 Ta... trở thành đạo sư được không.txt
  OK 278/496 decrypted=True file=Chương 278 Mới tới Già Nam học viện.txt
  OK 279/496 decrypted=True file=Chương 279 Kế hoạch lớn.txt
  OK 280/496 decrypted=True retry=2 file=Chương 280 Tiêu Gia song châu.txt
  OK 281/496 decrypted=True file=Chương 281 Một kích định đoạt.txt
  OK 282/496 decrypted=True file=Chương 282 Gặp... lại.txt
  OK 283/496 decrypted=True file=Chương 283 Tiêu Huân Nhi Là Cổ Huân Nhi.txt
  OK 284/496 decrypted=True file=Chương 284 Kế hoạch Bồng Lai Bại lộ thân phận.txt
  OK 285/496 decrypted=True file=Chương 285 Vòng thứ hai bắt đầu.txt
  OK 286/496 decrypted=True file=Chương 286 Tiêu Viêm thượng đài.txt
  OK 287/496 decrypted=True file=Chương 287 Chiến đấu đặc sắc.txt
  OK 288/496 decrypted=True file=Chương 288 Kết quả bất ngờ.txt
BATCH 289-300 / 496
  OK 289/496 decrypted=True file=Chương 289 Bị chỉ mặt gọi tên.txt
  OK 290/496 decrypted=True file=Chương 290 “Huyết Tu La” Ngô Hạo.txt
  OK 291/496 decrypted=True file=Chương 291 Ngày thứ hai hạ màn.txt
  OK 292/496 decrypted=True file=Chương 292 Vòng thi tuyển thứ ba thay đổi thế thức.txt
  OK 293/496 decrypted=True file=Chương 293 Thể thức mới loạn chiến.txt
  OK 294/496 decrypted=True file=Chương 294 Xuất sắc nhưng... khó.txt
  OK 295/496 decrypted=True file=Chương 295 Lôi Thần Chi Nộ.txt
  OK 296/496 decrypted=True file=Chương 296 Thắng làm vua thua trả giá.txt
  OK 297/496 decrypted=True file=Chương 297 Vật cản vô hình.txt
  OK 298/496 decrypted=True file=Chương 298 Chút bình yên trước và sau cơn bão.txt
  OK 299/496 decrypted=True file=Chương 299 Nội viện thần bí.txt
  OK 300/496 decrypted=True file=Chương 300 Rồi... trường học đâu.txt
BATCH 301-312 / 496
  OK 301/496 decrypted=True file=Chương 301 Chào đón.txt
  OK 302/496 decrypted=True file=Chương 302 Cuộc săn Hoả Năng.txt
  OK 303/496 decrypted=True file=Chương 303 Đoàn kết là sức mạnh phải không.txt
  OK 304/496 decrypted=True file=Chương 304 Con mồi làm thịt thợ săn phải không.txt
  OK 305/496 decrypted=True file=Chương 305 Nghịch săn Hỏa Năng.txt
  OK 306/496 decrypted=True file=Chương 306 Kế trung kế bẫy trong bẫy.txt
  OK 307/496 decrypted=True file=Chương 307 Thu lưới.txt
  OK 308/496 decrypted=True file=Chương 308 Trai cò đánh nhau ngư ông đắc lợi.txt
  OK 309/496 decrypted=True file=Chương 309 Khó khăn chồng chất khó khăn.txt
  OK 310/496 decrypted=True file=Chương 310 Hắc Sát Đội sao Chiến.txt
  OK 311/496 decrypted=True file=Chương 311 Xoay chuyển bất ngờ.txt
  OK 312/496 decrypted=True file=Chương 312 Kết cục đến gần.txt
BATCH 313-324 / 496
  OK 313/496 decrypted=True file=Chương 313 Thua tâm phục khẩu phục.txt
  OK 314/496 decrypted=True file=Chương 314 Bạch Sát Đội La Hầu.txt
  OK 315/496 decrypted=True file=Chương 315 Cũ Mới đối đầu.txt
  OK 316/496 decrypted=True file=Chương 316 Trận chiến cuối cùng bắt đầu.txt
  OK 317/496 decrypted=True file=Chương 317 Vô Địch Kim Thân hiện.txt
  OK 318/496 decrypted=True file=Chương 318 Ngạnh kháng đến cùng.txt
  OK 319/496 decrypted=True file=Chương 319 Đã nói là miễn cưỡng vì sao ngươi không nghe.txt
  OK 320/496 decrypted=True file=Chương 320 Ấm trà và tách trà.txt
  OK 321/496 decrypted=True file=Chương 321 Buổi đứng lớp đầu tiên.txt
  OK 322/496 decrypted=True file=Chương 322 Tiêu lão sư 1.txt
  OK 323/496 decrypted=True file=Chương 323 Tiêu lão sư 2.txt
  OK 324/496 decrypted=True file=Chương 324 Kế hoạch dài hơi.txt
BATCH 325-336 / 496
  OK 325/496 decrypted=True file=Chương 325 Phiến phức tìm tới cửa.txt
  OK 326/496 decrypted=True file=Chương 326 Hệ quả nhãn tiền.txt
  OK 327/496 decrypted=True file=Chương 327 Trước lập uy sau khách khí.txt
  OK 328/496 decrypted=True file=Chương 328 Thế lực tân sinh Tề Thiên Môn.txt
  OK 329/496 decrypted=True file=Chương 329 Kurumi… đồng học.txt
  OK 330/496 decrypted=True file=Chương 330 Tề Thiên Lệnh.txt
  OK 331/496 decrypted=True file=Chương 331 Tề Thiên và Bồng Lai.txt
  OK 332/496 decrypted=True file=Chương 332 Người cũ phiền phức mới.txt
  OK 333/496 decrypted=True file=Chương 333 Hết đòi tiền đến đòi người.txt
  OK 334/496 decrypted=True file=Chương 334 Thời Thực Chi Thành.txt
  OK 335/496 decrypted=True file=Chương 335 Ngắn hạn và dài hạn.txt
  OK 336/496 decrypted=True file=Chương 336 Bạch Bang Bạch Phong.txt
BATCH 337-348 / 496
  OK 337/496 decrypted=True file=Chương 337 Ngươi… làm bạn gái ta nhé.txt
  OK 338/496 decrypted=True file=Chương 338 Nguyệt Tiên Tử Hàn Nguyệt.txt
  OK 339/496 decrypted=True file=Chương 339 Mục tiêu tiếp theo.txt
  OK 340/496 decrypted=True file=Chương 340 Tình cảnh túng quẫn.txt
  OK 341/496 decrypted=True file=Chương 341 Một mối làm ăn lớn.txt
  OK 342/496 decrypted=True file=Chương 342 Giải đấu Nguyệt Thiên Mở Rộng lần thứ nhất.txt
  OK 343/496 decrypted=True file=Chương 343 Sức hút mãnh liệt.txt
  OK 344/496 decrypted=True file=Chương 344 Chuẩn bị sẵn sàng.txt
  OK 345/496 decrypted=True file=Chương 345 Vòng sơ loại bắt đầu.txt
  OK 346/496 decrypted=True file=Chương 346 Cao trào qua rồi thì tạo cao trào mới.txt
  OK 347/496 decrypted=True file=Chương 347 “Thủy Linh” Diệp Ngọc.txt
  OK 348/496 decrypted=True file=Chương 348 “Hỏa Linh” Triệu Tâm Vy.txt
BATCH 349-360 / 496
❌ Lỗi khi tải chương 13938012: HTTPSConnectionPool(host='android.lonoapp.net', port=443): Read timed out. (read timeout=10)
  OK 349/496 decrypted=True file=Chương 349 Vòng sơ loại kết thúc.txt
  OK 350/496 decrypted=True file=Chương 350 Bốc thăm chia bảng.txt
  OK 351/496 decrypted=True file=Chương 351 “Dược Hoàng” Hàn Phong.txt
  OK 352/496 decrypted=True file=Chương 352 Một Thần Một Tiên.txt
  OK 353/496 decrypted=True file=Chương 353 Phong sát.txt
  OK 354/496 decrypted=True file=Chương 354 Thuận mua vừa bán.txt
  OK 355/496 decrypted=True file=Chương 355 Chung kết xếp hạng 1 Linh 2 vs Lang Nha.txt
  OK 356/496 decrypted=True file=Chương 356 Chung kết xếp hạng 2 Huyền Băng Thủy Long.txt
  OK 357/496 decrypted=True file=Chương 357 Chung kết xếp hạng 3 Biến cố liên tiếp.txt
  OK 358/496 decrypted=True file=Chương 358 Chung kết xếp hạng 4 Kết quả cuối cùng.txt
  OK 359/496 decrypted=True retry=2 file=Chương 359 Kết thúc cũng là bắt đầu.txt
  OK 360/496 decrypted=True file=Chương 360 Có qua có lại.txt
BATCH 361-372 / 496
  OK 361/496 decrypted=True file=Chương 361 Hướng giải quyết.txt
  OK 362/496 decrypted=True file=Chương 362 Nam nhân luôn có hai cái đầu.txt
  OK 363/496 decrypted=True file=Chương 363 Dược Bang phản công.txt
  OK 364/496 decrypted=True file=Chương 364 Kẻ hay nói đạo lý thường sống như… beep.txt
  OK 365/496 decrypted=True file=Chương 365 Tuyên bố đanh thép.txt
  OK 366/496 decrypted=True file=Chương 366 Hai đầu Hồ ly tinh.txt
  OK 367/496 decrypted=True file=Chương 367 Tuyết Thiên Ma Viên.txt
  OK 368/496 decrypted=True file=Chương 368 Địa Tâm Thối Thể Nhũ.txt
  OK 369/496 decrypted=True file=Chương 369 Sinh tử cận kề.txt
  OK 370/496 decrypted=True file=Chương 370 Quỷ chứ chẳng phải người.txt
  OK 371/496 decrypted=True file=Chương 371 Tử Nghiên sơ hiện.txt
  OK 372/496 decrypted=True file=Chương 372 Tiến vào sơn cốc.txt
BATCH 373-384 / 496
❌ Lỗi khi tải chương 13958529: HTTPSConnectionPool(host='android.lonoapp.net', port=443): Read timed out. (read timeout=10)
  OK 373/496 decrypted=True file=Chương 373 Địa Tâm Thối Thể Nhũ chân chính.txt
  OK 374/496 decrypted=True file=Chương 374 Hai phương án lựa chọn.txt
  OK 375/496 decrypted=True file=Chương 375 Phần Thiên Luyện Khí Tháp bạo động.txt
  OK 376/496 decrypted=True file=Chương 376 Cường Bảng đại tái đến gần.txt
  OK 377/496 decrypted=True file=Chương 377 Phần Thiên Luyện Khí Tháp đại bạo động.txt
  OK 378/496 decrypted=True file=Chương 378 Rừng phòng hộ bị tập kích.txt
  OK 379/496 decrypted=True file=Chương 379 Đụng độ.txt
  OK 380/496 decrypted=True file=Chương 380 Tiểu Không Gian Trùng Động.txt
  OK 381/496 decrypted=True retry=2 file=Chương 381 Hết thảy chỉ là ảo giác.txt
  OK 382/496 decrypted=True file=Chương 382 Đóng kịch 1 Cthulhu tái hiện.txt
  OK 383/496 decrypted=True file=Chương 383 Đóng kịch 2 Mạnh mẽ mà thần bí.txt
  OK 384/496 decrypted=True file=Chương 384 Mục tiêu thứ hai Vẫn Lạc Tâm Viêm.txt
BATCH 385-396 / 496
  OK 385/496 decrypted=True file=Chương 385 Ngư ông câu dị hỏa.txt
  OK 386/496 decrypted=True file=Chương 386 Dưới đáy biển dung nham.txt
  OK 387/496 decrypted=True file=Chương 387 Hệ Thống lên cấp.txt
  OK 388/496 decrypted=True file=Chương 388 Tiểu Y Tiên… gặp nạn.txt
  OK 389/496 decrypted=True file=Chương 389 Tái ngộ trong không vui.txt
  OK 390/496 decrypted=True file=Chương 390 Một tồn tại… như thế.txt
  OK 391/496 decrypted=True file=Chương 391 Bị quỷ… thổi kèn.txt
  OK 392/496 decrypted=True file=Chương 392 Nữ Thần cấp SR thứ hai.txt
  OK 393/496 decrypted=True file=Chương 393 Thần vs Ma Hắc vs Bạch phong ấn.txt
  OK 394/496 decrypted=True file=Chương 394 Hậu quả nghiêm trọng.txt
  OK 395/496 decrypted=True file=Chương 395 Bế tắc và con đường mới.txt
  OK 396/496 decrypted=True file=Chương 396 Tu luyện Nhẫn Thuật.txt
BATCH 397-408 / 496
  OK 397/496 decrypted=True file=Chương 397 Bên ngoài Đấu Khí đại lục.txt
  OK 398/496 decrypted=True file=Chương 398 Chuẩn bị lên đường.txt
  OK 399/496 decrypted=True file=Chương 399 Hắc Hoàng Thành gặp lại.txt
  OK 400/496 decrypted=True file=Chương 400 Diệp gia Diệp Hân Lam.txt
  OK 401/496 decrypted=True file=Chương 401 Ngươi là Quỷ ta là á Thần.txt
  OK 402/496 decrypted=True file=Chương 402 Bị tập kích.txt
  OK 403/496 decrypted=True file=Chương 403 Chia ly.txt
  OK 404/496 decrypted=True file=Chương 404 Hương diễm trên sa mạc.txt
  OK 405/496 decrypted=True file=Chương 405 Cát nhân có thiên tướng.txt
  OK 406/496 decrypted=True file=Chương 406 Ta gọi Hàn Tuyết.txt
  OK 407/496 decrypted=True file=Chương 407 Yêu Xà tập kích.txt
  OK 408/496 decrypted=True file=Chương 408 Cường giả thần bí.txt
BATCH 409-420 / 496
❌ Lỗi khi tải chương 14009445: HTTPSConnectionPool(host='android.lonoapp.net', port=443): Read timed out. (read timeout=10)
  OK 409/496 decrypted=True file=Chương 409 Huyết Kế Võng La Tất Sát Hôi Cốt.txt
  OK 410/496 decrypted=True file=Chương 410 Hồng gia Phong Lôi Các.txt
  OK 411/496 decrypted=True file=Chương 411 Đừng hỏi gì cả.txt
  OK 412/496 decrypted=True file=Chương 412 Nguyệt nhi lâu rồi không gặp.txt
  OK 413/496 decrypted=True file=Chương 413 Tỷ phu.txt
  OK 414/496 decrypted=True file=Chương 414 Hồng Thần vs Hàn Nguyệt 1 Chiến đấu bắt đầu.txt
  OK 415/496 decrypted=True file=Chương 415 Hồng Thần vs Hàn Nguyệt 2 Lôi Thần Hàng Lâm.txt
  OK 416/496 decrypted=True file=Chương 416 Hồng Thần vs Hàn Nguyệt 3 Hư ảnh Cự Quy.txt
  OK 417/496 decrypted=True file=Chương 417 Hồng Thần vs Hàn Nguyệt 4 Vĩ Thú Ngọc.txt
  OK 418/496 decrypted=True file=Chương 418 Hồng Thần vs Hàn Nguyệt 5 Kết quả cùng biến cố.txt
  OK 419/496 decrypted=True file=Chương 419 Hung hăng càn quấy.txt
  OK 420/496 decrypted=True retry=2 file=Chương 420 Thị uy.txt
BATCH 421-432 / 496
❌ Lỗi khi tải chương 14020910: HTTPSConnectionPool(host='android.lonoapp.net', port=443): Read timed out. (read timeout=10)
  OK 421/496 decrypted=True file=Chương 421 Rời đi.txt
  OK 422/496 decrypted=True file=Chương 422 Thiên Mục Sơn Mạch Phượng tiểu thư.txt
  OK 423/496 decrypted=True file=Chương 423 Năng lượng triều tịch.txt
  OK 424/496 decrypted=True file=Chương 424 Phương án vẹn toàn.txt
  OK 425/496 decrypted=True file=Chương 425 Ma Khí.txt
  OK 426/496 decrypted=True file=Chương 426 Kiểm tra sàng lọc.txt
  OK 427/496 decrypted=True retry=2 file=Chương 427 Vượt ải 1 Thất bại và thành công.txt
  OK 428/496 decrypted=True file=Chương 428 Vượt ải 2 Tại hạ Ōtsutsuki Hagoromo.txt
  OK 429/496 decrypted=True file=Chương 429 Một đôi mắt thần kỳ.txt
  OK 430/496 decrypted=True file=Chương 430 Ngươi có thể gọi ta là Vô.txt
  OK 431/496 decrypted=True file=Chương 431 Huyết đàm xuất hiện.txt
  OK 432/496 decrypted=True file=Chương 432 Dưới đáy huyết đàm 1 Giải phong.txt
BATCH 433-444 / 496
  OK 433/496 decrypted=True file=Chương 433 Dưới đáy huyết đàm 2 Ma Thánh.txt
  OK 434/496 decrypted=True file=Chương 434 Ta có một kế hoạch.txt
  OK 435/496 decrypted=True file=Chương 435 Chữa bệnh và rời đi.txt
  OK 436/496 decrypted=True file=Chương 436 Đại hội Tứ Phương Các 1 Phong Lôi Sơn Mạch.txt
  OK 437/496 decrypted=True file=Chương 437 Đại hội Tứ Phương Các 2 Tứ đại Tôn giả.txt
  OK 438/496 decrypted=True file=Chương 438 Đại hội Tứ Phương Các 3 Người quen cũ.txt
  OK 439/496 decrypted=True file=Chương 439 Đại hội Tứ Phương Các 4 Vòng thứ nhất kết thúc.txt
  OK 440/496 decrypted=True file=Chương 440 Đại hội Tứ Phương Các 5 Wanda vs Vương Trần.txt
  OK 441/496 decrypted=True file=Chương 441 Đại hội Tứ Phương Các 6 Lôi Độn Kỳ Lân.txt
  OK 442/496 decrypted=True file=Chương 442 Trở mặt.txt
  OK 443/496 decrypted=True file=Chương 443 Thanh Hoa Lôi Điểu.txt
  OK 444/496 decrypted=True file=Chương 444 Đột nhập.txt
BATCH 445-456 / 496
  OK 445/496 decrypted=True file=Chương 445 Không gian trong gương.txt
  OK 446/496 decrypted=True file=Chương 446 Phong Lôi Nộ Diễm.txt
  OK 447/496 decrypted=True file=Chương 447 Thú Vực.txt
  OK 448/496 decrypted=True file=Chương 448 Tái hợp.txt
  OK 449/496 decrypted=True file=Chương 449 Ngươi lừa ta gạt.txt
  OK 450/496 decrypted=True file=Chương 450 Tiến vào di tích.txt
  OK 451/496 decrypted=True file=Chương 451 Bẫy trong bẫy lừa trong lừa.txt
  OK 452/496 decrypted=True file=Chương 452 Nha đầu này ta chỉ thuận miệng nói….txt
  OK 453/496 decrypted=True file=Chương 453 Rốt cuộc tìm thấy rồi.txt
  OK 454/496 decrypted=True file=Chương 454 Đoạt bảo.txt
  OK 455/496 decrypted=True file=Chương 455 Cho ngươi một người bạn.txt
  OK 456/496 decrypted=True file=Chương 456 Càn quét.txt
BATCH 457-468 / 496
  OK 457/496 decrypted=True file=Chương 457 Vạn Thú Linh Hỏa… có tà.txt
  OK 458/496 decrypted=True file=Chương 458 Kế hoạch lớn Hỗn Độn.txt
  OK 459/496 decrypted=True file=Chương 459 Chạy ngược chạy xuôi.txt
  OK 460/496 decrypted=True file=Chương 460 Tình Nghĩa Lễ và….txt
  OK 461/496 decrypted=True file=Chương 461 …và Áp lực.txt
  OK 462/496 decrypted=True file=Chương 462 Long Ấn chuẩn bị xong xuôi.txt
  OK 463/496 decrypted=True file=Chương 463 Tam Thiên Diễm Viêm Hỏa.txt
  OK 464/496 decrypted=True file=Chương 464 Bác mệnh tương chiến Susanoo.txt
  OK 465/496 decrypted=True file=Chương 465 Đại kết cục.txt
  OK 466/496 decrypted=True file=Chương 466 Bạch.txt
  OK 467/496 decrypted=True file=Chương 467 Hệ Thống thức tỉnh.txt
  OK 468/496 decrypted=True file=Chương 468 Chia ra hành động.txt
BATCH 469-480 / 496
  OK 469/496 decrypted=True file=Chương 469 Athena Đại Chiến Phản Địa Đàng.txt
  OK 470/496 decrypted=True file=Chương 470 Người cũ trở về.txt
  OK 471/496 decrypted=True file=Chương 471 Long Hoàng Tử Nghiên.txt
  OK 472/496 decrypted=True file=Chương 472 Minh hữu trọn đời.txt
  OK 473/496 decrypted=True file=Chương 473 Đệ Nhất Huyết.txt
  OK 474/496 decrypted=True file=Chương 474 Cửu U Hoàng Tuyền.txt
  OK 475/496 decrypted=True file=Chương 475 Dưới đáy Hoàng Tuyền.txt
  OK 476/496 decrypted=True file=Chương 476 Thu hoạch phong phú.txt
  OK 477/496 decrypted=True file=Chương 477 Đan Hội 1 Tới kịp.txt
  OK 478/496 decrypted=True file=Chương 478 Đan Hội 2 Vòng thi thứ ba.txt
  OK 479/496 decrypted=True file=Chương 479 Đan Hội 3 Đan Tháp gặp khó.txt
  OK 480/496 decrypted=True file=Chương 480 Đan Hội 4 Lôi Lệ Phong Hành Tán.txt
BATCH 481-492 / 496
  OK 481/496 decrypted=True file=Chương 481 Đan Hội 5 Kết thúc.txt
  OK 482/496 decrypted=True file=Chương 482 Phần Viêm Cốc 1 Chích Hỏa Sơn Mạch.txt
  OK 483/496 decrypted=True file=Chương 483 Phần Viêm Cốc 2 Cửu Long Lôi Cương Hỏa.txt
  OK 484/496 decrypted=True file=Chương 484 Thu thập dị hỏa tự mình xưng Đế.txt
  OK 485/496 decrypted=True file=Chương 485 Lại ghé địa mạch Minh Xà.txt
  OK 486/496 decrypted=True file=Chương 486 Zombie.txt
  OK 487/496 decrypted=True file=Chương 487 Thanh lý môn hộ.txt
  OK 488/496 decrypted=True file=Chương 488 Hai Zombie cấp Thánh.txt
  OK 489/496 decrypted=True file=Chương 489 Mục tiêu tiếp theo tộc Thiên Yêu Hoàng.txt
  OK 490/496 decrypted=True file=Chương 490 Dương mưu.txt
  OK 491/496 decrypted=True file=Chương 491 Quỷ dị trong quỷ dị.txt
  OK 492/496 decrypted=True file=Chương 492 Hai trận đại chiến.txt
BATCH 493-496 / 496
  OK 493/496 decrypted=True file=Chương 493 Bài tẩy xuất hiện.txt
  OK 494/496 decrypted=True file=Chương 494 Kết thúc đến gần.txt
  OK 495/496 decrypted=True file=Chương 495 Kết thúc.txt
  OK 496/496 decrypted=True file=Chương 496 “Hôm nay ta quyết tâm vào địa ngục ”.txt
final_ok=496
final_fail=0
out=C:\Dev\MTC\Tại Đấu Phá Triệu Hoán Nữ Thần

[stderr]
