book=Tiêu Dao Lục
book_id=103888
out=C:\Dev\MTC\Tiêu Dao Lục
chapters_total=1204 expected=1204
workers=6 batch_size=18
BATCH 1-18 / 1204
  OK 1/1204 decrypted=True file=Chương 1 Trốn Thoát.txt
  OK 2/1204 decrypted=True file=Chương 2 Thế Giới Lạ Lẫm.txt
  OK 3/1204 decrypted=True file=Chương 3 Lựa Chọn.txt
  OK 4/1204 decrypted=True file=Chương 4 Chuyển Đến.txt
  OK 5/1204 decrypted=True file=Chương 5 Mua Sắm Điên Cuồng.txt
  OK 6/1204 decrypted=True file=Chương 6 Diễn Viên.txt
  OK 7/1204 decrypted=True file=Chương 7 Ký Hợp Đồng.txt
  OK 8/1204 decrypted=True file=Chương 8 Sắp Xếp.txt
  OK 9/1204 decrypted=True file=Chương 9 Huyết Pháp Sư Huyền Thoại.txt
  OK 10/1204 decrypted=True file=Chương 10 Sinh Hoạt Trên Hoang Đảo.txt
  OK 11/1204 decrypted=True file=Chương 11 Vô Tình Bại Lộ.txt
  OK 12/1204 decrypted=True file=Chương 12 Làm Quen.txt
  OK 13/1204 decrypted=True file=Chương 13 Gia Vị.txt
  OK 14/1204 decrypted=True file=Chương 14 Dùng Trong Một Bữa.txt
  OK 15/1204 decrypted=True file=Chương 15 Đánh Cá Xây Nhà.txt
  OK 16/1204 decrypted=True file=Chương 16 Tiệc Tối.txt
  OK 17/1204 decrypted=True file=Chương 17 Truyền Tin.txt
  OK 18/1204 decrypted=True file=Chương 18 Sáu Người.txt
BATCH 19-36 / 1204
❌ Lỗi khi tải chương 12639698: HTTPSConnectionPool(host='android.lonoapp.net', port=443): Read timed out. (read timeout=10)
❌ Lỗi khi tải chương 12639705: HTTPSConnectionPool(host='android.lonoapp.net', port=443): Read timed out. (read timeout=10)
❌ Lỗi khi tải chương 12639707: HTTPSConnectionPool(host='android.lonoapp.net', port=443): Read timed out. (read timeout=10)
❌ Lỗi khi tải chương 12642238: HTTPSConnectionPool(host='android.lonoapp.net', port=443): Read timed out. (read timeout=10)
❌ Lỗi khi tải chương 12639708: HTTPSConnectionPool(host='android.lonoapp.net', port=443): Read timed out. (read timeout=10)
❌ Lỗi khi tải chương 12644858: HTTPSConnectionPool(host='android.lonoapp.net', port=443): Read timed out. (read timeout=10)
❌ Lỗi khi tải chương 12648528: HTTPSConnectionPool(host='android.lonoapp.net', port=443): Read timed out. (read timeout=10)
❌ Lỗi khi tải chương 12642238: HTTPSConnectionPool(host='android.lonoapp.net', port=443): Read timed out. (read timeout=10)
❌ Lỗi khi tải chương 12639708: HTTPSConnectionPool(host='android.lonoapp.net', port=443): Read timed out. (read timeout=10)
❌ Lỗi khi tải chương 12644858: HTTPSConnectionPool(host='android.lonoapp.net', port=443): Read timed out. (read timeout=10)
  OK 19/1204 decrypted=True file=Chương 19 Lai Lịch Của Bảo Vật.txt
  OK 20/1204 decrypted=True retry=2 file=Chương 20 Hồn Khí.txt
  OK 21/1204 decrypted=True file=Chương 21 Tán Huyết Ấn.txt
  OK 22/1204 decrypted=True file=Chương 22 Cốc Thánh.txt
  OK 23/1204 decrypted=True file=Chương 23 Kết Thúc Chương Trình.txt
  OK 24/1204 decrypted=True file=Chương 24 Đại Sư Lâm Nghĩa.txt
  OK 25/1204 decrypted=True file=Chương 25 Thức Tỉnh Toàn Bộ.txt
  OK 26/1204 decrypted=True file=Chương 26 Kịch Bản.txt
  OK 27/1204 decrypted=True retry=2 file=Chương 27 Nhất Thế Vô Song.txt
  OK 28/1204 decrypted=True file=Chương 28 Giao Lưu.txt
  OK 29/1204 decrypted=True retry=2 file=Chương 29 Buổi Hòa Nhạc.txt
  OK 30/1204 decrypted=True retry=3 file=Chương 30 Bình Phàm.txt
  OK 31/1204 decrypted=True retry=3 file=Chương 31 Cố Hương.txt
  OK 32/1204 decrypted=True retry=3 file=Chương 32 Mời Gặp.txt
  OK 33/1204 decrypted=True file=Chương 33 Uy Hiếp Cùng Dụ Dỗ.txt
  OK 34/1204 decrypted=True retry=2 file=Chương 34 Đáp Trả.txt
  OK 35/1204 decrypted=True file=Chương 35 Ba Tháng.txt
  OK 36/1204 decrypted=True file=Chương 36 Ăn Trưa.txt
BATCH 37-54 / 1204
❌ Lỗi khi tải chương 12775750: HTTPSConnectionPool(host='android.lonoapp.net', port=443): Read timed out. (read timeout=10)
❌ Lỗi khi tải chương 12690466: HTTPSConnectionPool(host='android.lonoapp.net', port=443): Read timed out. (read timeout=10)
❌ Lỗi khi tải chương 12787850: HTTPSConnectionPool(host='android.lonoapp.net', port=443): Read timed out. (read timeout=10)
❌ Lỗi khi tải chương 12795072: HTTPSConnectionPool(host='android.lonoapp.net', port=443): Read timed out. (read timeout=10)
❌ Lỗi khi tải chương 12802213: HTTPSConnectionPool(host='android.lonoapp.net', port=443): Read timed out. (read timeout=10)
❌ Lỗi khi tải chương 12804939: HTTPSConnectionPool(host='android.lonoapp.net', port=443): Read timed out. (read timeout=10)
❌ Lỗi khi tải chương 12690466: HTTPSConnectionPool(host='android.lonoapp.net', port=443): Read timed out. (read timeout=10)
❌ Lỗi khi tải chương 12775750: HTTPSConnectionPool(host='android.lonoapp.net', port=443): Read timed out. (read timeout=10)
❌ Lỗi khi tải chương 12833957: HTTPSConnectionPool(host='android.lonoapp.net', port=443): Read timed out. (read timeout=10)
❌ Lỗi khi tải chương 12852995: HTTPSConnectionPool(host='android.lonoapp.net', port=443): Read timed out. (read timeout=10)
❌ Lỗi khi tải chương 12866652: HTTPSConnectionPool(host='android.lonoapp.net', port=443): Read timed out. (read timeout=10)
❌ Lỗi khi tải chương 12858861: HTTPSConnectionPool(host='android.lonoapp.net', port=443): Read timed out. (read timeout=10)
❌ Lỗi khi tải chương 12872432: HTTPSConnectionPool(host='android.lonoapp.net', port=443): Read timed out. (read timeout=10)
  OK 37/1204 decrypted=True file=Chương 37 Một Đoạn Cố Sự.txt
  OK 38/1204 decrypted=True file=Chương 38 Đột Nhiên Nổi Tiếng.txt
  OK 39/1204 decrypted=True file=Chương 39 Quả Tạ Diệp Thiên.txt
  OK 40/1204 decrypted=True retry=3 file=Chương 40 Chu Đào.txt
  OK 41/1204 decrypted=True retry=3 file=Chương 41 Vương Triều Hạ Minh.txt
  OK 42/1204 decrypted=True file=Chương 42 Tứ Đại Chung Cực Thần Thú.txt
  OK 43/1204 decrypted=True retry=2 file=Chương 43 Hoạt Thi.txt
  OK 44/1204 decrypted=True retry=2 file=Chương 44 Phòng Tiếp Theo.txt
  OK 45/1204 decrypted=True retry=2 file=Chương 45 Quỷ Kiếm.txt
  OK 46/1204 decrypted=True retry=2 file=Chương 46 Trường Sinh Pháp.txt
  OK 47/1204 decrypted=True file=Chương 47 Hoàng Lăng.txt
  OK 48/1204 decrypted=True file=Chương 48 Nguồn Gốc Của Ác Quỷ.txt
  OK 49/1204 decrypted=True file=Chương 49 Thu Thập.txt
  OK 50/1204 decrypted=True retry=2 file=Chương 50 Cửa Ra.txt
  OK 51/1204 decrypted=True retry=2 file=Chương 51 Chia Phần.txt
  OK 52/1204 decrypted=True retry=2 file=Chương 52 Mười Món.txt
  OK 53/1204 decrypted=True retry=2 file=Chương 53 Trở Về.txt
  OK 54/1204 decrypted=True retry=2 file=Chương 54 Nhiệm Vụ Giải Cứu.txt
BATCH 55-72 / 1204
❌ Lỗi khi tải chương 12908462: HTTPSConnectionPool(host='android.lonoapp.net', port=443): Read timed out. (read timeout=10)
❌ Lỗi khi tải chương 12922892: HTTPSConnectionPool(host='android.lonoapp.net', port=443): Read timed out. (read timeout=10)
❌ Lỗi khi tải chương 12950945: HTTPSConnectionPool(host='android.lonoapp.net', port=443): Read timed out. (read timeout=10)
❌ Lỗi khi tải chương 12950949: HTTPSConnectionPool(host='android.lonoapp.net', port=443): Read timed out. (read timeout=10)
  OK 55/1204 decrypted=True file=Chương 55 Diệt Tinh Và Kim Cương Bất Hoại.txt
  OK 56/1204 decrypted=True file=Chương 56 Giết Người Cướp Nhiệm Vụ.txt
  OK 57/1204 decrypted=True file=Chương 57 Chặn Đường.txt
  OK 58/1204 decrypted=True retry=2 file=Chương 58 Phản Sát.txt
  OK 59/1204 decrypted=True file=Chương 59 Giết Sạch.txt
  OK 60/1204 decrypted=True retry=2 file=Chương 60 Tăng Cấp Luyện Khí.txt
  OK 61/1204 decrypted=True retry=2 file=Chương 61 Họp Báo.txt
  OK 62/1204 decrypted=True file=Chương 62 Cách Trả Lời Phỏng Vấn.txt
  OK 63/1204 decrypted=True file=Chương 63 Đây Là Chiêu Trò.txt
  OK 64/1204 decrypted=True file=Chương 64 Kích Thích Một Chút.txt
  OK 65/1204 decrypted=True retry=2 file=Chương 65 Rốt Cuộc Vẫn Lạc Đường.txt
  OK 66/1204 decrypted=True file=Chương 66 Thiên Tứ Quốc.txt
  OK 67/1204 decrypted=True file=Chương 67 Cảnh Giới Chi Tiết.txt
  OK 68/1204 decrypted=True file=Chương 68 Giao Lại Cho Ta.txt
  OK 69/1204 decrypted=True file=Chương 69 Xem Phát Trực Tiếp.txt
  OK 70/1204 decrypted=True file=Chương 70 Ước Hẹn.txt
  OK 71/1204 decrypted=True file=Chương 71 Thời Niệm Băng.txt
  OK 72/1204 decrypted=True file=Chương 72 Phúc Lợi.txt
BATCH 73-90 / 1204
  OK 73/1204 decrypted=True file=Chương 73 Lý Tưởng Đổi Thay.txt
  OK 74/1204 decrypted=True file=Chương 74 Năm Hướng Hoàn Thiện.txt
  OK 75/1204 decrypted=True file=Chương 75 Chuyển Sang Nhà Mới.txt
  OK 76/1204 decrypted=True file=Chương 76 Những Nhạc Khúc Khác.txt
  OK 77/1204 decrypted=True file=Chương 77 Gây Chuyện Lớn.txt
  OK 78/1204 decrypted=True file=Chương 78 Thỏa Thuận Ngầm.txt
  OK 79/1204 decrypted=True file=Chương 79 Lý Kinh Hồng Bật Khóc.txt
  OK 80/1204 decrypted=True file=Chương 80 Đoạn Phim Trên Mạng.txt
  OK 81/1204 decrypted=True file=Chương 81 Tiểu Băng Và Tiểu Niệm.txt
  OK 82/1204 decrypted=True file=Chương 82 Trêu Chọc Mỹ Nữ Rất Thú Vị.txt
  OK 83/1204 decrypted=True file=Chương 83 Đối Đầu.txt
  OK 84/1204 decrypted=True file=Chương 84 Liều Mạng.txt
  OK 85/1204 decrypted=True file=Chương 85 Căng Thẳng.txt
  OK 86/1204 decrypted=True file=Chương 86 Ám Dạ Quân Vương.txt
  OK 87/1204 decrypted=True file=Chương 87 Tìm Người Thẩm Vấn.txt
  OK 88/1204 decrypted=True file=Chương 88 Tìm Trợ Lý.txt
  OK 89/1204 decrypted=True file=Chương 89 Bắt Đi.txt
  OK 90/1204 decrypted=True file=Chương 90 Phóng Viên.txt
BATCH 91-108 / 1204
  OK 91/1204 decrypted=True file=Chương 91 Ninh Tố Vân.txt
  OK 92/1204 decrypted=True file=Chương 92 Giải Trí Tinh Thần.txt
  OK 93/1204 decrypted=True file=Chương 93 Tin Tức Bùng Nổ.txt
  OK 94/1204 decrypted=True file=Chương 94 Tiếp Tục Nổi Tiếng.txt
  OK 95/1204 decrypted=True file=Chương 95 Nữ Trợ Lý.txt
  OK 96/1204 decrypted=True file=Chương 96 Thiếp Thân Trợ Lý.txt
  OK 97/1204 decrypted=True file=Chương 97 Không Tệ.txt
  OK 98/1204 decrypted=True file=Chương 98 Biểu Diễn Sức Mạnh Hồn Khí.txt
  OK 99/1204 decrypted=True file=Chương 99 Chu Tử Uyển Thăm Dò.txt
  OK 100/1204 decrypted=True file=Chương 100 Thủ Pháp Thô Thiển.txt
  OK 101/1204 decrypted=True file=Chương 101 Thần Bảng Bạch Quỷ.txt
  OK 102/1204 decrypted=True file=Chương 102 Mời Đến.txt
  OK 103/1204 decrypted=True file=Chương 103 Học Hỏi Rất Nhanh.txt
  OK 104/1204 decrypted=True file=Chương 104 Trò Chuyện.txt
  OK 105/1204 decrypted=True file=Chương 105 Kích Động Cảm Xúc.txt
  OK 106/1204 decrypted=True file=Chương 106 Mộ Tinh Hà.txt
  OK 107/1204 decrypted=True file=Chương 107 Tinh Hà Hội.txt
  OK 108/1204 decrypted=True file=Chương 108 Kiểm Chứng.txt
BATCH 109-126 / 1204
❌ Lỗi khi tải chương 12954171: HTTPSConnectionPool(host='android.lonoapp.net', port=443): Read timed out. (read timeout=10)
❌ Lỗi khi tải chương 12954245: HTTPSConnectionPool(host='android.lonoapp.net', port=443): Read timed out. (read timeout=10)
  OK 109/1204 decrypted=True file=Chương 109 Bắt Đầu Cuộc Họp.txt
  OK 110/1204 decrypted=True file=Chương 110 Chuẩn Bị Chu Toàn.txt
  OK 111/1204 decrypted=True file=Chương 111 Bước Đầu Tiên.txt
  OK 112/1204 decrypted=True file=Chương 112 Ta Cũng Muốn Học.txt
  OK 113/1204 decrypted=True file=Chương 113 Mời Đấu.txt
  OK 114/1204 decrypted=True retry=2 file=Chương 114 Thắng.txt
  OK 115/1204 decrypted=True file=Chương 115 Báo Tin.txt
  OK 116/1204 decrypted=True file=Chương 116 Âm Mưu Thật Sự.txt
  OK 117/1204 decrypted=True file=Chương 117 Tiết Mục Tống Nghệ.txt
  OK 118/1204 decrypted=True file=Chương 118 Đóng Máy.txt
  OK 119/1204 decrypted=True file=Chương 119 Tiểu Băng Quay Lại.txt
  OK 120/1204 decrypted=True retry=2 file=Chương 120 Bắt Đầu Tiết Mục.txt
  OK 121/1204 decrypted=True file=Chương 121 Khởi Đầu Tệ Hại.txt
  OK 122/1204 decrypted=True file=Chương 122 Người Hâm Mộ Âm Nhạc.txt
  OK 123/1204 decrypted=True file=Chương 123 Quảng Trường Vinh Quang.txt
  OK 124/1204 decrypted=True file=Chương 124 Cõng Nồi.txt
  OK 125/1204 decrypted=True file=Chương 125 Biểu Diễn.txt
  OK 126/1204 decrypted=True file=Chương 126 Hẹn Ước Vạn Năm.txt
BATCH 127-144 / 1204
  OK 127/1204 decrypted=True file=Chương 127 Có Âm Mưu.txt
  OK 128/1204 decrypted=True file=Chương 128 Suy Tính.txt
  OK 129/1204 decrypted=True file=Chương 129 Diệt Tộc.txt
  OK 130/1204 decrypted=True file=Chương 130 Nghi Ngờ.txt
  OK 131/1204 decrypted=True file=Chương 131 Xu Hướng Bạo Lực.txt
  OK 132/1204 decrypted=True file=Chương 132 Huyền Nghi Đến.txt
  OK 133/1204 decrypted=True file=Chương 133 Sức Mạnh Của Hồn khí.txt
  OK 134/1204 decrypted=True file=Chương 134 Chơi Đùa.txt
  OK 135/1204 decrypted=True file=Chương 135 Thay Đổi Ký Ức.txt
  OK 136/1204 decrypted=True file=Chương 136 Biện Pháp.txt
  OK 137/1204 decrypted=True file=Chương 137 Nghiên Cứu Khoa Học.txt
  OK 138/1204 decrypted=True file=Chương 138 Suy Đoán Kinh Người.txt
  OK 139/1204 decrypted=True file=Chương 139 Khai Nhãn.txt
  OK 140/1204 decrypted=True file=Chương 140 Thái Hư Thần Nhãn.txt
  OK 141/1204 decrypted=True file=Chương 141 Diệt Trừ.txt
  OK 142/1204 decrypted=True file=Chương 142 Thân Phận Mới.txt
  OK 143/1204 decrypted=True file=Chương 143 Phản Ứng Tốt.txt
  OK 144/1204 decrypted=True file=Chương 144 Nhiệm Vụ Bất Ngờ.txt
BATCH 145-162 / 1204
  OK 145/1204 decrypted=True file=Chương 145 Tin Xấu.txt
  OK 146/1204 decrypted=True file=Chương 146 Nghi Vấn.txt
  OK 147/1204 decrypted=True file=Chương 147 Hệ Thống Tu Luyện Chính Thống.txt
  OK 148/1204 decrypted=True file=Chương 148 Dự Định Mới.txt
  OK 149/1204 decrypted=True file=Chương 149 Mượn Danh Tiếng.txt
  OK 150/1204 decrypted=True file=Chương 150 Hệ Thống Bang Hội.txt
  OK 151/1204 decrypted=True file=Chương 151 Tin Tức Giá Trị.txt
  OK 152/1204 decrypted=True file=Chương 152 Hồn Khí Truy Tung.txt
  OK 153/1204 decrypted=True file=Chương 153 Diệt Gọn.txt
  OK 154/1204 decrypted=True file=Chương 154 Đề Nghị Của Vương Lỗi.txt
  OK 155/1204 decrypted=True file=Chương 155 Thiên Tứ Quốc.txt
  OK 156/1204 decrypted=True file=Chương 156 Đoạn Kiều.txt
  OK 157/1204 decrypted=True file=Chương 157 Phong Vương.txt
  OK 158/1204 decrypted=True file=Chương 158 Tìm Đến.txt
  OK 159/1204 decrypted=True file=Chương 159 Cảnh Báo.txt
  OK 160/1204 decrypted=True file=Chương 160 Di Tích Cổ Tiêu.txt
  OK 161/1204 decrypted=True file=Chương 161 Trận Pháp Ngũ Hành.txt
  OK 162/1204 decrypted=True file=Chương 162 Thời Đại Cổ Tiêu.txt
BATCH 163-180 / 1204
❌ Lỗi khi tải chương 12968109: HTTPSConnectionPool(host='android.lonoapp.net', port=443): Read timed out. (read timeout=10)
  OK 163/1204 decrypted=True file=Chương 163 Bị Phát Hiện.txt
  OK 164/1204 decrypted=True file=Chương 164 Ảnh Vương Hạ Chi Vi.txt
  OK 165/1204 decrypted=True file=Chương 165 Tự Biên Tự Diễn.txt
  OK 166/1204 decrypted=True retry=2 file=Chương 166 Nhà Cũ.txt
  OK 167/1204 decrypted=True file=Chương 167 Đề Nghị Hấp Dẫn.txt
  OK 168/1204 decrypted=True file=Chương 168 Yêu Cầu.txt
  OK 169/1204 decrypted=True file=Chương 169 Minh Hà.txt
  OK 170/1204 decrypted=True file=Chương 170 Về Nước.txt
  OK 171/1204 decrypted=True file=Chương 171 Hoàn Toàn Chệch Hướng.txt
  OK 172/1204 decrypted=True file=Chương 172 Chỉ Cần Ta Có.txt
  OK 173/1204 decrypted=True file=Chương 173 Cách Kiếm Tiền.txt
  OK 174/1204 decrypted=True file=Chương 174 Bay Đến.txt
  OK 175/1204 decrypted=True file=Chương 175 Ý Tưởng Táo Bạo.txt
  OK 176/1204 decrypted=True file=Chương 176 Tranh Đoạt Hoàng Vị.txt
  OK 177/1204 decrypted=True file=Chương 177 Xem Thử.txt
  OK 178/1204 decrypted=True file=Chương 178 Đổi Nhân Tuyển.txt
  OK 179/1204 decrypted=True file=Chương 179 Nghi Ngờ.txt
  OK 180/1204 decrypted=True file=Chương 180 Bắt Đầu.txt
BATCH 181-198 / 1204
  OK 181/1204 decrypted=True file=Chương 181 Đơn Giản.txt
  OK 182/1204 decrypted=True file=Chương 182 Thu Lấy.txt
  OK 183/1204 decrypted=True file=Chương 183 Tô Cảnh Thạc.txt
  OK 184/1204 decrypted=True file=Chương 184 Thuyền Bảo Hộ.txt
  OK 185/1204 decrypted=True file=Chương 185 Thực Thiết Hạt.txt
  OK 186/1204 decrypted=True file=Chương 186 Gom Sạch.txt
  OK 187/1204 decrypted=True file=Chương 187 Thông Linh Thần Thuật.txt
  OK 188/1204 decrypted=True file=Chương 188 Lam Nguyệt.txt
  OK 189/1204 decrypted=True file=Chương 189 Quan Hệ Với Tinh Thiên Các.txt
  OK 190/1204 decrypted=True file=Chương 190 Gửi Báo Cáo.txt
  OK 191/1204 decrypted=True file=Chương 191 Bốc Hơi Nhanh Chóng.txt
  OK 192/1204 decrypted=True file=Chương 192 Chuẩn Bị Cho Chuyến Đi.txt
  OK 193/1204 decrypted=True file=Chương 193 Sa Hàn Quốc.txt
  OK 194/1204 decrypted=True file=Chương 194 Tự Sụp Đổ.txt
  OK 195/1204 decrypted=True file=Chương 195 Cán Cân Hình Thành.txt
  OK 196/1204 decrypted=True file=Chương 196 Học Viện Tinh Tú.txt
  OK 197/1204 decrypted=True file=Chương 197 Bất Mãn.txt
  OK 198/1204 decrypted=True file=Chương 198 Biểu Diễn.txt
BATCH 199-216 / 1204
  OK 199/1204 decrypted=True file=Chương 199 Tần Minh.txt
  OK 200/1204 decrypted=True file=Chương 200 Phát Hiện.txt
  OK 201/1204 decrypted=True file=Chương 201 Chuyện Cũ.txt
  OK 202/1204 decrypted=True file=Chương 202 Tần Minh Bất Lực.txt
  OK 203/1204 decrypted=True file=Chương 203 Tài Liệu.txt
  OK 204/1204 decrypted=True file=Chương 204 Vũ Khí Quân Đội.txt
  OK 205/1204 decrypted=True file=Chương 205 Tình Hình Phức Tạp.txt
  OK 206/1204 decrypted=True file=Chương 206 Sát Thủ Đầu Bảng.txt
  OK 207/1204 decrypted=True file=Chương 207 Tranh Đoạt.txt
  OK 208/1204 decrypted=True file=Chương 208 Hoàn Tất Thỏa Thuận.txt
  OK 209/1204 decrypted=True file=Chương 209 Hồn Khí Làm Loạn.txt
  OK 210/1204 decrypted=True file=Chương 210 Kiếm Đủ.txt
  OK 211/1204 decrypted=True file=Chương 211 Biến Dị.txt
  OK 212/1204 decrypted=True file=Chương 212 Vũ Khí Hiện Đại.txt
  OK 213/1204 decrypted=True file=Chương 213 Viện Binh.txt
  OK 214/1204 decrypted=True file=Chương 214 Diệt Sạch.txt
  OK 215/1204 decrypted=True file=Chương 215 Mâu Thuẫn Tăng Cao.txt
  OK 216/1204 decrypted=True file=Chương 216 Tự Chủ Trương.txt
BATCH 217-234 / 1204
  OK 217/1204 decrypted=True file=Chương 217 La Diệm.txt
  OK 218/1204 decrypted=True file=Chương 218 Kế Hoạch Mới.txt
  OK 219/1204 decrypted=True file=Chương 219 Trò Chuyện.txt
  OK 220/1204 decrypted=True file=Chương 220 Cắt Giảm Tài Chính.txt
  OK 221/1204 decrypted=True file=Chương 221 Vấn Đề Nghiêm Trọng.txt
  OK 222/1204 decrypted=True file=Chương 222 Gặp Gỡ Ngoài Không Gian.txt
  OK 223/1204 decrypted=True file=Chương 223 Tam Thiên Đại Đạo Tam Thiên Đạo Tổ.txt
  OK 224/1204 decrypted=True file=Chương 224 Nguy Cơ.txt
  OK 225/1204 decrypted=True file=Chương 225 Thể Chất Tối Cường.txt
  OK 226/1204 decrypted=True file=Chương 226 Phương Hướng.txt
  OK 227/1204 decrypted=True file=Chương 227 Hai Đề Nghị.txt
  OK 228/1204 decrypted=True file=Chương 228 Quay Lại.txt
  OK 229/1204 decrypted=True file=Chương 229 Tiếp Đón.txt
  OK 230/1204 decrypted=True file=Chương 230 Hù Dọa.txt
  OK 231/1204 decrypted=True file=Chương 231 Lời Mời.txt
  OK 232/1204 decrypted=True file=Chương 232 Chuẩn Bị.txt
  OK 233/1204 decrypted=True file=Chương 233 Tách Ra.txt
  OK 234/1204 decrypted=True file=Chương 234 Phong Vương.txt
BATCH 235-252 / 1204
  OK 235/1204 decrypted=True file=Chương 235 Hoàng Cấp.txt
  OK 236/1204 decrypted=True file=Chương 236 Diễn Kịch.txt
  OK 237/1204 decrypted=True file=Chương 237 Công Việc Bình Thường.txt
  OK 238/1204 decrypted=True file=Chương 238 Ẩm Thực Hoa Thành.txt
  OK 239/1204 decrypted=True file=Chương 239 Vị Quản Lý Tùy Tiện Nhất.txt
  OK 240/1204 decrypted=True file=Chương 240 Cách Làm Việc Của Kẻ Lười.txt
  OK 241/1204 decrypted=True file=Chương 241 Cảnh Cáo.txt
  OK 242/1204 decrypted=True file=Chương 242 Bị Phát Hiện.txt
  OK 243/1204 decrypted=True file=Chương 243 Nguyên Nhân.txt
  OK 244/1204 decrypted=True file=Chương 244 Thử.txt
  OK 245/1204 decrypted=True file=Chương 245 Cuộc Sống Bình Thường.txt
  OK 246/1204 decrypted=True file=Chương 246 Chư Thần.txt
  OK 247/1204 decrypted=True file=Chương 247 Tán Thưởng.txt
  OK 248/1204 decrypted=True file=Chương 248 Hành Động Của Ám Dạ.txt
  OK 249/1204 decrypted=True file=Chương 249 Nghỉ Phép Một Ngày.txt
  OK 250/1204 decrypted=True file=Chương 250 Viện Nghiên Cứu Trong Rừng.txt
  OK 251/1204 decrypted=True file=Chương 251 Dùng Thử.txt
  OK 252/1204 decrypted=True file=Chương 252 Bí Mật Của Tông Sư.txt
BATCH 253-270 / 1204
  OK 253/1204 decrypted=True file=Chương 253 Danh Ngạch.txt
  OK 254/1204 decrypted=True file=Chương 254 Tấn Công Trong Đêm.txt
  OK 255/1204 decrypted=True file=Chương 255 Thời Niệm Băng Và Lý Minh Hiên.txt
  OK 256/1204 decrypted=True file=Chương 256 Sự Thật.txt
  OK 257/1204 decrypted=True file=Chương 257 Tiểu Băng Quay Lại.txt
  OK 258/1204 decrypted=True file=Chương 258 Bí Pháp Cao Cấp.txt
  OK 259/1204 decrypted=True file=Chương 259 Thu Dọn Tàn Cuộc.txt
  OK 260/1204 decrypted=True file=Chương 260 Người Kế Nhiệm.txt
  OK 261/1204 decrypted=True file=Chương 261 Giới Thiệu.txt
  OK 262/1204 decrypted=True file=Chương 262 Hình Thức Loạn Chiến.txt
  OK 263/1204 decrypted=True file=Chương 263 Lạc Đề.txt
  OK 264/1204 decrypted=True file=Chương 264 Quá Khứ.txt
  OK 265/1204 decrypted=True file=Chương 265 Đến Đích.txt
  OK 266/1204 decrypted=True file=Chương 266 Thắng Trận.txt
  OK 267/1204 decrypted=True file=Chương 267 Huyết Y Chiến Nữ.txt
  OK 268/1204 decrypted=True file=Chương 268 Lý Hiếu Đạo.txt
  OK 269/1204 decrypted=True file=Chương 269 Kỹ Năng Của Diệp Thiên.txt
  OK 270/1204 decrypted=True file=Chương 270 Thế Giới Biến Động.txt
BATCH 271-288 / 1204
❌ Lỗi khi tải chương 13070248: HTTPSConnectionPool(host='android.lonoapp.net', port=443): Read timed out. (read timeout=10)
❌ Lỗi khi tải chương 13070248: HTTPSConnectionPool(host='android.lonoapp.net', port=443): Read timed out. (read timeout=10)
  OK 271/1204 decrypted=True file=Chương 271 Nghỉ Việc.txt
  OK 272/1204 decrypted=True file=Chương 272 Chuẩn Bị.txt
  OK 273/1204 decrypted=True file=Chương 273 Tập Hợp.txt
  OK 274/1204 decrypted=True file=Chương 274 Đội Trưởng Huyền Nghi.txt
  OK 275/1204 decrypted=True file=Chương 275 Thông Tin.txt
  OK 276/1204 decrypted=True file=Chương 276 Bằng Hữu Nhiều Năm.txt
  OK 277/1204 decrypted=True file=Chương 277 Đối Mặt.txt
  OK 278/1204 decrypted=True file=Chương 278 Mạc Bạch.txt
  OK 279/1204 decrypted=True file=Chương 279 Chiến Đấu Cùng Bằng Hữu.txt
  OK 280/1204 decrypted=True file=Chương 280 Nữ Nhân Thật Phức Tạp.txt
  OK 281/1204 decrypted=True retry=3 file=Chương 281 Để Ngươi Quyết Định.txt
  OK 282/1204 decrypted=True file=Chương 282 Trao Đổi.txt
  OK 283/1204 decrypted=True file=Chương 283 Sáu Phần.txt
  OK 284/1204 decrypted=True file=Chương 284 Giải Thích.txt
  OK 285/1204 decrypted=True file=Chương 285 Phát Hiện Cảnh Báo.txt
  OK 286/1204 decrypted=True file=Chương 286 Khuyết Điểm Của Diệp Thiên.txt
  OK 287/1204 decrypted=True file=Chương 287 Đổi Thay.txt
  OK 288/1204 decrypted=True file=Chương 288 Chuẩn Bị Trước.txt
BATCH 289-306 / 1204
  OK 289/1204 decrypted=True file=Chương 289 Chỉ Một Vạn Năm.txt
  OK 290/1204 decrypted=True file=Chương 290 Lỡ Lời.txt
  OK 291/1204 decrypted=True file=Chương 291 Người Quen Cũ.txt
  OK 292/1204 decrypted=True file=Chương 292 Trưởng Thành.txt
  OK 293/1204 decrypted=True file=Chương 293 Ta Đợi Ngươi.txt
  OK 294/1204 decrypted=True file=Chương 294 Linh Đông.txt
  OK 295/1204 decrypted=True file=Chương 295 Mục Đích Của Tạ Anh Minh.txt
  OK 296/1204 decrypted=True file=Chương 296 Công Ty Bảo Vệ.txt
  OK 297/1204 decrypted=True file=Chương 297 Tin Tức Về Linh Hồn Thể.txt
  OK 298/1204 decrypted=True file=Chương 298 Truy Tung.txt
  OK 299/1204 decrypted=True file=Chương 299 Đảo Thần Bí.txt
  OK 300/1204 decrypted=True file=Chương 300 Sự Thay Đổi Của Ám Dạ.txt
  OK 301/1204 decrypted=True file=Chương 301 Cứu Viện.txt
  OK 302/1204 decrypted=True file=Chương 302 Mục Đích Của Chu Tử Uyển.txt
  OK 303/1204 decrypted=True file=Chương 303 Tặng Lại.txt
  OK 304/1204 decrypted=True file=Chương 304 Hiểu Nhầm.txt
  OK 305/1204 decrypted=True file=Chương 305 Lão Nhân Tần Chính.txt
  OK 306/1204 decrypted=True file=Chương 306 Huyễn Cảnh.txt
BATCH 307-324 / 1204
  OK 307/1204 decrypted=True file=Chương 307 Diệp Thiên Diệp Gia.txt
  OK 308/1204 decrypted=True file=Chương 308 Lại Một Chiêu.txt
  OK 309/1204 decrypted=True file=Chương 309 Bạch Y Thần.txt
  OK 310/1204 decrypted=True file=Chương 310 Thay Đổi Dòng Chảy Thời Gian.txt
  OK 311/1204 decrypted=True file=Chương 311 Hoàn Thiện.txt
  OK 312/1204 decrypted=True file=Chương 312 Cấu Trúc Vũ Trụ.txt
  OK 313/1204 decrypted=True file=Chương 313 Thái Thượng Trưởng Lão.txt
  OK 314/1204 decrypted=True file=Chương 314 Thật Thà Cũng Không Tốt.txt
  OK 315/1204 decrypted=True file=Chương 315 Đến Nơi.txt
  OK 316/1204 decrypted=True file=Chương 316 Chỉ Nhìn Dung Mạo.txt
  OK 317/1204 decrypted=True file=Chương 317 Đại Điển.txt
  OK 318/1204 decrypted=True file=Chương 318 Chúc Phúc.txt
  OK 319/1204 decrypted=True file=Chương 319 Quà Mừng.txt
  OK 320/1204 decrypted=True file=Chương 320 Thiên Đạo Lệnh.txt
  OK 321/1204 decrypted=True file=Chương 321 Thất Biến Thần Trụ.txt
  OK 322/1204 decrypted=True file=Chương 322 Quy Tắc.txt
  OK 323/1204 decrypted=True file=Chương 323 Khách Hàng Đầu Tiên.txt
  OK 324/1204 decrypted=True file=Chương 324 Tình Hình Cụ Thể.txt
BATCH 325-342 / 1204
  OK 325/1204 decrypted=True file=Chương 325 Cao Nhân Chỉ Điểm.txt
  OK 326/1204 decrypted=True file=Chương 326 Điều Kiện Mới.txt
  OK 327/1204 decrypted=True file=Chương 327 Lục Đan Sư.txt
  OK 328/1204 decrypted=True file=Chương 328 Phương Pháp Khác.txt
  OK 329/1204 decrypted=True file=Chương 329 Thỏa Thuận.txt
  OK 330/1204 decrypted=True file=Chương 330 Điên.txt
  OK 331/1204 decrypted=True file=Chương 331 Nhiệm Vụ Mở Rộng.txt
  OK 332/1204 decrypted=True file=Chương 332 Chu Thiên Hà.txt
  OK 333/1204 decrypted=True file=Chương 333 Khẩu Chiến.txt
  OK 334/1204 decrypted=True file=Chương 334 Đoán Sai.txt
  OK 335/1204 decrypted=True file=Chương 335 Bị Phát Hiện.txt
  OK 336/1204 decrypted=True file=Chương 336 Ma Tộc.txt
  OK 337/1204 decrypted=True file=Chương 337 Kích Hoạt Tự Thiếp.txt
  OK 338/1204 decrypted=True file=Chương 338 Sát Ma Lão Nhân.txt
  OK 339/1204 decrypted=True file=Chương 339 Bắt Giữ.txt
  OK 340/1204 decrypted=True file=Chương 340 Tự Tìm Đường Chết.txt
  OK 341/1204 decrypted=True file=Chương 341 Kinh Doanh.txt
  OK 342/1204 decrypted=True file=Chương 342 Chọn Lựa.txt
BATCH 343-360 / 1204
  OK 343/1204 decrypted=True file=Chương 343 Trứng Thần Thú.txt
  OK 344/1204 decrypted=True file=Chương 344 Ký Sự.txt
  OK 345/1204 decrypted=True file=Chương 345 Ma Thần.txt
  OK 346/1204 decrypted=True file=Chương 346 Quay Lại.txt
  OK 347/1204 decrypted=True file=Chương 347 Tìm Được Ma Tộc.txt
  OK 348/1204 decrypted=True file=Chương 348 Thử.txt
  OK 349/1204 decrypted=True file=Chương 349 Mộ Tuyệt Thần.txt
  OK 350/1204 decrypted=True file=Chương 350 Chân Ma Tán.txt
  OK 351/1204 decrypted=True file=Chương 351 Huyễn Tượng Chân Ma Đạo.txt
  OK 352/1204 decrypted=True file=Chương 352 Thỏa Thuận.txt
  OK 353/1204 decrypted=True file=Chương 353 Mua Chuộc.txt
  OK 354/1204 decrypted=True file=Chương 354 Hậu Nhân Yêu Hoàng.txt
  OK 355/1204 decrypted=True file=Chương 355 Trưởng Lão Minh Huyền Kỳ.txt
  OK 356/1204 decrypted=True file=Chương 356 Người Có Đầu Óc.txt
  OK 357/1204 decrypted=True file=Chương 357 Liên Minh Bách Tộc.txt
  OK 358/1204 decrypted=True file=Chương 358 Sự Chuẩn Bị Của Mộ Tuyệt Thần.txt
  OK 359/1204 decrypted=True file=Chương 359 Lột Xác.txt
  OK 360/1204 decrypted=True file=Chương 360 Loạn Chiến.txt
BATCH 361-378 / 1204
❌ Lỗi khi tải chương 13272501: HTTPSConnectionPool(host='android.lonoapp.net', port=443): Read timed out. (read timeout=10)
❌ Lỗi khi tải chương 13277206: HTTPSConnectionPool(host='android.lonoapp.net', port=443): Read timed out. (read timeout=10)
  OK 361/1204 decrypted=True file=Chương 361 Con Bài Tẩy Của Mộ Tuyệt Thần.txt
  OK 362/1204 decrypted=True file=Chương 362 Bắt Được.txt
  OK 363/1204 decrypted=True file=Chương 363 Vây Công Yêu Hoàng.txt
  OK 364/1204 decrypted=True file=Chương 364 Thảm Chiến.txt
  OK 365/1204 decrypted=True file=Chương 365 Cái Chết Của Yêu Hoàng.txt
  OK 366/1204 decrypted=True retry=2 file=Chương 366 Trở Mặt.txt
  OK 367/1204 decrypted=True file=Chương 367 Do Dự.txt
  OK 368/1204 decrypted=True file=Chương 368 Gặp Mặt.txt
  OK 369/1204 decrypted=True file=Chương 369 Thượng Uyển Lâm.txt
  OK 370/1204 decrypted=True file=Chương 370 Điểm Yếu Của Diệp Thiên.txt
  OK 371/1204 decrypted=True retry=2 file=Chương 371 Lão Tông Chủ.txt
  OK 372/1204 decrypted=True file=Chương 372 Từ Trường An.txt
  OK 373/1204 decrypted=True file=Chương 373 Chuyển Tu.txt
  OK 374/1204 decrypted=True file=Chương 374 Bộ Mặt Thật Của Nhân Tổ.txt
  OK 375/1204 decrypted=True file=Chương 375 Sắp Kết Thúc.txt
  OK 376/1204 decrypted=True file=Chương 376 Bàn Xoay.txt
  OK 377/1204 decrypted=True file=Chương 377 Thành Công.txt
  OK 378/1204 decrypted=True file=Chương 378 Tâm Tính Đổi Thay.txt
BATCH 379-396 / 1204
  OK 379/1204 decrypted=True file=Chương 379 Tung Vân Sơn.txt
  OK 380/1204 decrypted=True file=Chương 380 Chuẩn Bị Lần Cuối.txt
  OK 381/1204 decrypted=True file=Chương 381 Nhiệm Vụ Kỳ Lạ.txt
  OK 382/1204 decrypted=True file=Chương 382 Huyết Sát Giới Thần Lực.txt
  OK 383/1204 decrypted=True file=Chương 383 Đến.txt
  OK 384/1204 decrypted=True file=Chương 384 Lĩnh Vực Của Thần.txt
  OK 385/1204 decrypted=True file=Chương 385 Xoay Chuyển.txt
  OK 386/1204 decrypted=True file=Chương 386 Nhật Nguyệt Tinh Luân Kiếm.txt
  OK 387/1204 decrypted=True file=Chương 387 Tan Biến.txt
  OK 388/1204 decrypted=True file=Chương 388 Mặc Diệp Đế Quân.txt
  OK 389/1204 decrypted=True file=Chương 389 Giải Quyết Hậu Sự.txt
  OK 390/1204 decrypted=True file=Chương 390 Tàn Dư Ma Chủng.txt
  OK 391/1204 decrypted=True file=Chương 391 Đạo Tông.txt
  OK 392/1204 decrypted=True file=Chương 392 Thần Toán Tử Chung Bát Ly.txt
  OK 393/1204 decrypted=True file=Chương 393 Thôi Diễn.txt
  OK 394/1204 decrypted=True file=Chương 394 Tục Linh Châu.txt
  OK 395/1204 decrypted=True file=Chương 395 Trình Nghĩa.txt
  OK 396/1204 decrypted=True file=Chương 396 Rào Chắn.txt
BATCH 397-414 / 1204
  OK 397/1204 decrypted=True file=Chương 397 Gài Bẫy.txt
  OK 398/1204 decrypted=True file=Chương 398 Đi Trước.txt
  OK 399/1204 decrypted=True file=Chương 399 Bố Cục Hoàng Huyền Chi Lâm.txt
  OK 400/1204 decrypted=True file=Chương 400 Dò Hỏi.txt
  OK 401/1204 decrypted=True file=Chương 401 Thiên Điện.txt
  OK 402/1204 decrypted=True file=Chương 402 Quan Hệ Của Hải Hoàng.txt
  OK 403/1204 decrypted=True file=Chương 403 Yêu Đan.txt
  OK 404/1204 decrypted=True file=Chương 404 Xuất Hồn.txt
  OK 405/1204 decrypted=True file=Chương 405 Đến.txt
  OK 406/1204 decrypted=True file=Chương 406 Đằng Phi Long Đế.txt
  OK 407/1204 decrypted=True file=Chương 407 Tiết Mục Mới.txt
  OK 408/1204 decrypted=True file=Chương 408 Long Ngạo Nhất.txt
  OK 409/1204 decrypted=True file=Chương 409 Huy Hiệu.txt
  OK 410/1204 decrypted=True file=Chương 410 Phân Thân.txt
  OK 411/1204 decrypted=True file=Chương 411 Không Gian Và Sát Lục.txt
  OK 412/1204 decrypted=True file=Chương 412 Một Quyền.txt
  OK 413/1204 decrypted=True file=Chương 413 Chung Bát Ly Rời Đi.txt
  OK 414/1204 decrypted=True file=Chương 414 Phá Băng.txt
BATCH 415-432 / 1204
  OK 415/1204 decrypted=True file=Chương 415 Cạm Bẫy.txt
  OK 416/1204 decrypted=True file=Chương 416 Tìm Được.txt
  OK 417/1204 decrypted=True file=Chương 417 Chuyển Đổi Khu Vực.txt
  OK 418/1204 decrypted=True file=Chương 418 Đại Năng Tụ Hội.txt
  OK 419/1204 decrypted=True file=Chương 419 Chư Thiên Tinh La Đại Trận.txt
  OK 420/1204 decrypted=True file=Chương 420 Quay Lại Điểm Khởi Đầu.txt
  OK 421/1204 decrypted=True file=Chương 421 Chủ Trì.txt
  OK 422/1204 decrypted=True file=Chương 422 Song Tinh Hỏa Sát Quyền.txt
  OK 423/1204 decrypted=True file=Chương 423 Thần Pháp.txt
  OK 424/1204 decrypted=True file=Chương 424 Áp Đảo.txt
  OK 425/1204 decrypted=True file=Chương 425 Ngạ Quỷ Kỳ.txt
  OK 426/1204 decrypted=True file=Chương 426 Diệt Sát.txt
  OK 427/1204 decrypted=True file=Chương 427 Nóng Giận.txt
  OK 428/1204 decrypted=True file=Chương 428 Nhượng Bộ.txt
  OK 429/1204 decrypted=True file=Chương 429 Tặng Kiếm.txt
  OK 430/1204 decrypted=True file=Chương 430 Nguy Cơ.txt
  OK 431/1204 decrypted=True file=Chương 431 Thánh Linh Tộc.txt
  OK 432/1204 decrypted=True file=Chương 432 Kế Hoạch Ám Sát.txt
BATCH 433-450 / 1204
  OK 433/1204 decrypted=True file=Chương 433 Toan Tính Của Vạn Yêu Điện.txt
  OK 434/1204 decrypted=True file=Chương 434 Không Nhìn Ra Được.txt
  OK 435/1204 decrypted=True file=Chương 435 Thần Thú.txt
  OK 436/1204 decrypted=True file=Chương 436 Cự Nhạc Thần Khuyển.txt
  OK 437/1204 decrypted=True file=Chương 437 Vô Hạn.txt
  OK 438/1204 decrypted=True file=Chương 438 Lựa Chọn Ngẫu Nhiên.txt
  OK 439/1204 decrypted=True file=Chương 439 Mạc Vũ Giới.txt
  OK 440/1204 decrypted=True file=Chương 440 Tìm Được.txt
  OK 441/1204 decrypted=True file=Chương 441 Phủ Thống Lĩnh.txt
  OK 442/1204 decrypted=True file=Chương 442 Vương Ngọc Kiều.txt
  OK 443/1204 decrypted=True file=Chương 443 Lên Đường.txt
  OK 444/1204 decrypted=True file=Chương 444 Lấy Ta Làm Mục Tiêu.txt
  OK 445/1204 decrypted=True file=Chương 445 Vấn Đề Của Đoán Thể Kỳ.txt
  OK 446/1204 decrypted=True file=Chương 446 Ba Đường.txt
  OK 447/1204 decrypted=True file=Chương 447 Dưỡng Mạch Dịch.txt
  OK 448/1204 decrypted=True file=Chương 448 Gây Chuyện.txt
  OK 449/1204 decrypted=True file=Chương 449 Kẻ Đứng Sau.txt
  OK 450/1204 decrypted=True file=Chương 450 Yêu Tộc Mạc Vũ Giới.txt
BATCH 451-468 / 1204
❌ Lỗi khi tải chương 13365300: HTTPSConnectionPool(host='android.lonoapp.net', port=443): Read timed out. (read timeout=10)
❌ Lỗi khi tải chương 13377639: HTTPSConnectionPool(host='android.lonoapp.net', port=443): Read timed out. (read timeout=10)
  OK 451/1204 decrypted=True file=Chương 451 Chính Thức Tu Luyện.txt
  OK 452/1204 decrypted=True file=Chương 452 Chiêu Hoàng Đế Quốc.txt
  OK 453/1204 decrypted=True retry=2 file=Chương 453 Công Hội Liệp Ưng.txt
  OK 454/1204 decrypted=True file=Chương 454 Một Triệu Linh Tệ.txt
  OK 455/1204 decrypted=True file=Chương 455 Nhận.txt
  OK 456/1204 decrypted=True file=Chương 456 Âm Mưu.txt
  OK 457/1204 decrypted=True file=Chương 457 Vẫn Ổn.txt
  OK 458/1204 decrypted=True file=Chương 458 Cố Ý Thăm Dò.txt
  OK 459/1204 decrypted=True file=Chương 459 Ngàn Năm Thiên Tài Tống Thiệu Minh.txt
  OK 460/1204 decrypted=True file=Chương 460 Đột Kích.txt
  OK 461/1204 decrypted=True retry=2 file=Chương 461 Uyển Sát Tinh Quân.txt
  OK 462/1204 decrypted=True retry=2 file=Chương 462 Chạy.txt
  OK 463/1204 decrypted=True file=Chương 463 Người Quen Cũ.txt
  OK 464/1204 decrypted=True file=Chương 464 Uy Hiếp.txt
  OK 465/1204 decrypted=True file=Chương 465 Hiểu Nhầm.txt
  OK 466/1204 decrypted=True file=Chương 466 Đệ Nhất Thị Vệ.txt
  OK 467/1204 decrypted=True file=Chương 467 Lam Hà Ma Quân.txt
  OK 468/1204 decrypted=True file=Chương 468 Đặt Cược.txt
BATCH 469-486 / 1204
❌ Lỗi khi tải chương 13419612: HTTPSConnectionPool(host='android.lonoapp.net', port=443): Read timed out. (read timeout=10)
  OK 469/1204 decrypted=True file=Chương 469 Thua.txt
  OK 470/1204 decrypted=True file=Chương 470 Mục Đích.txt
  OK 471/1204 decrypted=True file=Chương 471 Thắng.txt
  OK 472/1204 decrypted=True file=Chương 472 Giá Trị Của Khống Thân Thuật.txt
  OK 473/1204 decrypted=True file=Chương 473 Quy Tắc Ngầm.txt
  OK 474/1204 decrypted=True file=Chương 474 Tính Toán.txt
  OK 475/1204 decrypted=True file=Chương 475 Công Hội Tịnh Phong.txt
  OK 476/1204 decrypted=True file=Chương 476 Bạch Mao Cầu Xuất Thủ.txt
  OK 477/1204 decrypted=True file=Chương 477 Dược Dịch Mới.txt
  OK 478/1204 decrypted=True file=Chương 478 Thanh Linh Dịch.txt
  OK 479/1204 decrypted=True file=Chương 479 Kinh Ngạc.txt
  OK 480/1204 decrypted=True file=Chương 480 Nhận Việc.txt
  OK 481/1204 decrypted=True file=Chương 481 Thử Thuốc.txt
  OK 482/1204 decrypted=True file=Chương 482 Truy Tinh Trích Nguyệt.txt
  OK 483/1204 decrypted=True file=Chương 483 Vọng Thiên Đảo.txt
  OK 484/1204 decrypted=True file=Chương 484 Lam Nguyệt Chính Thần.txt
  OK 485/1204 decrypted=True retry=2 file=Chương 485 Thử Thách Chọn Lọc.txt
  OK 486/1204 decrypted=True file=Chương 486 Giở Trò.txt
BATCH 487-504 / 1204
  OK 487/1204 decrypted=True file=Chương 487 Ném Vỡ.txt
  OK 488/1204 decrypted=True file=Chương 488 Diệt Sát Nội Gián.txt
  OK 489/1204 decrypted=True file=Chương 489 Mất Dấu.txt
  OK 490/1204 decrypted=True file=Chương 490 Mời.txt
  OK 491/1204 decrypted=True file=Chương 491 Hù Dọa.txt
  OK 492/1204 decrypted=True file=Chương 492 Lý Do.txt
  OK 493/1204 decrypted=True file=Chương 493 Đông Phương Thần Quân.txt
  OK 494/1204 decrypted=True file=Chương 494 Uy Hiếp Từ Yêu Tộc.txt
  OK 495/1204 decrypted=True file=Chương 495 Khai Trương.txt
  OK 496/1204 decrypted=True file=Chương 496 Đột Phá.txt
  OK 497/1204 decrypted=True file=Chương 497 Trùng Hợp.txt
  OK 498/1204 decrypted=True file=Chương 498 Mâu Thuẫn.txt
  OK 499/1204 decrypted=True file=Chương 499 Nguyên Lão Lâm Thứ Anh.txt
  OK 500/1204 decrypted=True file=Chương 500 Dọa Nạt.txt
  OK 501/1204 decrypted=True file=Chương 501 Không Thu Được Gì.txt
  OK 502/1204 decrypted=True file=Chương 502 Kẻ Không May.txt
  OK 503/1204 decrypted=True file=Chương 503 Nhầm Lẫn.txt
  OK 504/1204 decrypted=True file=Chương 504 Ước Mơ.txt
BATCH 505-522 / 1204
  OK 505/1204 decrypted=True file=Chương 505 Nhận Ra.txt
  OK 506/1204 decrypted=True file=Chương 506 Phát Triển Thương Hội.txt
  OK 507/1204 decrypted=True file=Chương 507 Tri Thù Ma Đế.txt
  OK 508/1204 decrypted=True file=Chương 508 Minh Âm Tiên.txt
  OK 509/1204 decrypted=True file=Chương 509 Vực Và Giới.txt
  OK 510/1204 decrypted=True file=Chương 510 Mời Gặp.txt
  OK 511/1204 decrypted=True file=Chương 511 Luân Hồi Tử Địch.txt
  OK 512/1204 decrypted=True file=Chương 512 Hư Linh Giới.txt
  OK 513/1204 decrypted=True file=Chương 513 Thái Cổ Thần Lộ.txt
  OK 514/1204 decrypted=True file=Chương 514 Tử Kim Miêu Linh.txt
  OK 515/1204 decrypted=True file=Chương 515 Chuyển Luân Hoàn.txt
  OK 516/1204 decrypted=True file=Chương 516 Thay Đổi.txt
  OK 517/1204 decrypted=True file=Chương 517 Hạ Dương Thể.txt
  OK 518/1204 decrypted=True file=Chương 518 Biến Cố Vương Gia.txt
  OK 519/1204 decrypted=True file=Chương 519 Triết Lý Của Bạch Mao Cầu.txt
  OK 520/1204 decrypted=True file=Chương 520 Không Ai Nhận Ra.txt
  OK 521/1204 decrypted=True file=Chương 521 Chuyện Tốt Của Bạch Mao Cầu.txt
  OK 522/1204 decrypted=True file=Chương 522 Đổi Thân Phận Mới.txt
BATCH 523-540 / 1204
  OK 523/1204 decrypted=True file=Chương 523 Nỗi Lo Của Lam Viễn Phương.txt
  OK 524/1204 decrypted=True file=Chương 524 Nội Loạn.txt
  OK 525/1204 decrypted=True file=Chương 525 Bốn Loại Đại Đạo.txt
  OK 526/1204 decrypted=True file=Chương 526 Quà Tặng.txt
  OK 527/1204 decrypted=True file=Chương 527 Chỗ Khó Của Thái Hư Thần Cung.txt
  OK 528/1204 decrypted=True file=Chương 528 Ai Bảo Phụ Mẫu Hắn Tốt.txt
  OK 529/1204 decrypted=True file=Chương 529 Sự Do Dự Của Các Thế Lực Lớn.txt
  OK 530/1204 decrypted=True file=Chương 530 Ta Không Muốn Nghe.txt
  OK 531/1204 decrypted=True file=Chương 531 Nhiệm Vụ Đầu Tiên.txt
  OK 532/1204 decrypted=True file=Chương 532 Cơm Dâng Tận Miệng.txt
  OK 533/1204 decrypted=True file=Chương 533 Chỉ Cần Sống.txt
  OK 534/1204 decrypted=True file=Chương 534 Sáng Chế Của Diệp Thiên.txt
  OK 535/1204 decrypted=True file=Chương 535 Bạch Mao Cầu Bất Mãn.txt
  OK 536/1204 decrypted=True file=Chương 536 Lựa Chọn Của Diệp Thiên.txt
  OK 537/1204 decrypted=True file=Chương 537 Linh Uyên Động.txt
  OK 538/1204 decrypted=True file=Chương 538 Bất Lãng.txt
  OK 539/1204 decrypted=True file=Chương 539 Bạch Đế.txt
  OK 540/1204 decrypted=True file=Chương 540 Nhạc Mẫu Tương Lai.txt
BATCH 541-558 / 1204
❌ Lỗi khi tải chương 13500966: HTTPSConnectionPool(host='android.lonoapp.net', port=443): Read timed out. (read timeout=10)
  OK 541/1204 decrypted=True file=Chương 541 Phân Thân Vô Tính.txt
  OK 542/1204 decrypted=True file=Chương 542 Chuẩn Bị Trước.txt
  OK 543/1204 decrypted=True file=Chương 543 Không Ai Tin.txt
  OK 544/1204 decrypted=True file=Chương 544 Tru Sát Lệnh.txt
  OK 545/1204 decrypted=True file=Chương 545 Mạch Luân Bàn.txt
  OK 546/1204 decrypted=True file=Chương 546 Người Đầu Tiên.txt
  OK 547/1204 decrypted=True file=Chương 547 Hỏa Đế.txt
  OK 548/1204 decrypted=True file=Chương 548 Thái Hư Thẩm Phán.txt
  OK 549/1204 decrypted=True file=Chương 549 Ngoại Vực.txt
  OK 550/1204 decrypted=True file=Chương 550 Huyết Hồn Ấn.txt
  OK 551/1204 decrypted=True retry=2 file=Chương 551 Phong Gia.txt
  OK 552/1204 decrypted=True file=Chương 552 Vạch Trần.txt
  OK 553/1204 decrypted=True file=Chương 553 Mộc Thanh Ca.txt
  OK 554/1204 decrypted=True file=Chương 554 Vấn Đề Của Mộc Thanh Ca.txt
  OK 555/1204 decrypted=True file=Chương 555 Lối Tư Duy Kỳ Lạ.txt
  OK 556/1204 decrypted=True file=Chương 556 Tâm Hỏa Luyện Hồn.txt
  OK 557/1204 decrypted=True file=Chương 557 Phá Linh Tiễn.txt
  OK 558/1204 decrypted=True file=Chương 558 Dư Nghiệt.txt
BATCH 559-576 / 1204
❌ Lỗi khi tải chương 13518223: HTTPSConnectionPool(host='android.lonoapp.net', port=443): Read timed out. (read timeout=10)
❌ Lỗi khi tải chương 13520738: HTTPSConnectionPool(host='android.lonoapp.net', port=443): Read timed out. (read timeout=10)
  OK 559/1204 decrypted=True file=Chương 559 Kẻ Thù Của Phong Gia.txt
  OK 560/1204 decrypted=True file=Chương 560 Chân Tướng.txt
  OK 561/1204 decrypted=True file=Chương 561 Ma Thần Khôi Thần Cảnh.txt
  OK 562/1204 decrypted=True file=Chương 562 Gặp.txt
  OK 563/1204 decrypted=True retry=2 file=Chương 563 Phục Minh Tam Thiên Đạo Trận.txt
  OK 564/1204 decrypted=True file=Chương 564 Kịch Chiến.txt
  OK 565/1204 decrypted=True file=Chương 565 Loại Bỏ.txt
  OK 566/1204 decrypted=True file=Chương 566 Luân Hồi Vô Hạn.txt
  OK 567/1204 decrypted=True retry=2 file=Chương 567 Lan Truyền.txt
  OK 568/1204 decrypted=True file=Chương 568 Tin Tức Của Bạch Mao Cầu.txt
  OK 569/1204 decrypted=True retry=2 file=Chương 569 Ấn Ký Truyền Tin.txt
  OK 570/1204 decrypted=True file=Chương 570 Linh Mệnh Quỷ.txt
  OK 571/1204 decrypted=True file=Chương 571 Lừa Gạt.txt
  OK 572/1204 decrypted=True file=Chương 572 Đa Tạ.txt
  OK 573/1204 decrypted=True file=Chương 573 Thứ Diệp Thiên Quan Tâm.txt
  OK 574/1204 decrypted=True file=Chương 574 Đại Chiến.txt
  OK 575/1204 decrypted=True file=Chương 575 Toái Tinh.txt
  OK 576/1204 decrypted=True file=Chương 576 Bản Nguyên Đại Đạo.txt
BATCH 577-594 / 1204
  OK 577/1204 decrypted=True file=Chương 577 Vĩnh Thế Thời Băng.txt
  OK 578/1204 decrypted=True file=Chương 578 Di Ngôn.txt
  OK 579/1204 decrypted=True file=Chương 579 Tạm Lánh.txt
  OK 580/1204 decrypted=True file=Chương 580 Khuyết Điểm Của Diệp Thiên.txt
  OK 581/1204 decrypted=True file=Chương 581 Thiên Đạo Biến Dị.txt
  OK 582/1204 decrypted=True file=Chương 582 Suy Đoán.txt
  OK 583/1204 decrypted=True file=Chương 583 Tâm Thức Đại Đạo.txt
  OK 584/1204 decrypted=True file=Chương 584 Một Góc Nhìn Khác Về Luân Hồi.txt
  OK 585/1204 decrypted=True file=Chương 585 Bước Tiếp Theo.txt
  OK 586/1204 decrypted=True file=Chương 586 Phương Pháp Nguy Hiểm.txt
  OK 587/1204 decrypted=True file=Chương 587 Bắt Giữ.txt
  OK 588/1204 decrypted=True file=Chương 588 Độc Dịch.txt
  OK 589/1204 decrypted=True file=Chương 589 Điểm Không Gian.txt
  OK 590/1204 decrypted=True file=Chương 590 Không Muốn.txt
  OK 591/1204 decrypted=True file=Chương 591 Chung Bát Ly.txt
  OK 592/1204 decrypted=True file=Chương 592 Hỗ Trợ.txt
  OK 593/1204 decrypted=True file=Chương 593 Đến.txt
  OK 594/1204 decrypted=True file=Chương 594 Linh Hà Đạo Nhân.txt
BATCH 595-612 / 1204
  OK 595/1204 decrypted=True file=Chương 595 Vạn Linh Đăng Thiên Trận.txt
  OK 596/1204 decrypted=True file=Chương 596 Vô Hạn Vấn Thiên Trận.txt
  OK 597/1204 decrypted=True file=Chương 597 Vỡ Nát.txt
  OK 598/1204 decrypted=True file=Chương 598 Tả Hữu Hộ Pháp.txt
  OK 599/1204 decrypted=True file=Chương 599 Thời Gian Trường Hà.txt
  OK 600/1204 decrypted=True file=Chương 600 Chớp Mắt.txt
  OK 601/1204 decrypted=True file=Chương 601 Thất Vọng.txt
  OK 602/1204 decrypted=True file=Chương 602 Hứa Hẹn.txt
  OK 603/1204 decrypted=True file=Chương 603 Loạn.txt
  OK 604/1204 decrypted=True file=Chương 604 Ân Oán.txt
  OK 605/1204 decrypted=True file=Chương 605 Cơ Hội Tái Sinh.txt
  OK 606/1204 decrypted=True file=Chương 606 Thù Hận.txt
  OK 607/1204 decrypted=True file=Chương 607 Chọn Mới.txt
  OK 608/1204 decrypted=True file=Chương 608 Phàm Nhân.txt
  OK 609/1204 decrypted=True file=Chương 609 Thiên Tuyền Môn.txt
  OK 610/1204 decrypted=True file=Chương 610 Công Pháp Và Linh Khí.txt
  OK 611/1204 decrypted=True file=Chương 611 Hàn Minh Giới.txt
  OK 612/1204 decrypted=True file=Chương 612 Luyện Võ.txt
BATCH 613-630 / 1204
  OK 613/1204 decrypted=True file=Chương 613 Tiểu Tốt.txt
  OK 614/1204 decrypted=True file=Chương 614 Sư Huynh.txt
  OK 615/1204 decrypted=True file=Chương 615 Ngũ Sư Huynh Tôn Hiệu Bình.txt
  OK 616/1204 decrypted=True file=Chương 616 Hà Khẩu.txt
  OK 617/1204 decrypted=True file=Chương 617 Lập Nhóm.txt
  OK 618/1204 decrypted=True file=Chương 618 Thiểm Bộc Yêu.txt
  OK 619/1204 decrypted=True file=Chương 619 Vạ Lây.txt
  OK 620/1204 decrypted=True file=Chương 620 Nhỏ Yếu.txt
  OK 621/1204 decrypted=True file=Chương 621 Mộc Sa Ngư.txt
  OK 622/1204 decrypted=True file=Chương 622 Thu Hút.txt
  OK 623/1204 decrypted=True file=Chương 623 Anh Hồn Hậu Kỳ.txt
  OK 624/1204 decrypted=True file=Chương 624 Kịch Chiến.txt
  OK 625/1204 decrypted=True file=Chương 625 Diệt Sát.txt
  OK 626/1204 decrypted=True file=Chương 626 Nhắc Nhở.txt
  OK 627/1204 decrypted=True file=Chương 627 Hồ Thiên Ba.txt
  OK 628/1204 decrypted=True file=Chương 628 Cách Chơi Thú Vị.txt
  OK 629/1204 decrypted=True file=Chương 629 Nhẹ Nhàng.txt
  OK 630/1204 decrypted=True file=Chương 630 Quy Tắc.txt
BATCH 631-648 / 1204
❌ Lỗi khi tải chương 13644171: HTTPSConnectionPool(host='android.lonoapp.net', port=443): Read timed out. (read timeout=10)
❌ Lỗi khi tải chương 13658067: HTTPSConnectionPool(host='android.lonoapp.net', port=443): Read timed out. (read timeout=10)
  OK 631/1204 decrypted=True file=Chương 631 Quá Đơn Giản.txt
  OK 632/1204 decrypted=True file=Chương 632 Chơi Kỹ Xảo.txt
  OK 633/1204 decrypted=True file=Chương 633 Ván Cuối.txt
  OK 634/1204 decrypted=True file=Chương 634 Đấu Cờ.txt
  OK 635/1204 decrypted=True file=Chương 635 Tiến Hóa.txt
  OK 636/1204 decrypted=True file=Chương 636 Sự Kiện.txt
  OK 637/1204 decrypted=True file=Chương 637 Thử Độc.txt
  OK 638/1204 decrypted=True retry=2 file=Chương 638 Tích Lũy Ưu Thế.txt
  OK 639/1204 decrypted=True file=Chương 639 Bách Nguyên Khuyển Quỷ.txt
  OK 640/1204 decrypted=True file=Chương 640 Hình Thái Chiến Đấu Của Bạch Mao Cầu.txt
  OK 641/1204 decrypted=True file=Chương 641 So Sức Bền.txt
  OK 642/1204 decrypted=True file=Chương 642 Chấn Động.txt
  OK 643/1204 decrypted=True file=Chương 643 Mệnh Khí Nhập Hồn.txt
  OK 644/1204 decrypted=True file=Chương 644 Bất Lợi.txt
  OK 645/1204 decrypted=True retry=2 file=Chương 645 Đấu Pháp Liều Lĩnh.txt
  OK 646/1204 decrypted=True file=Chương 646 Lục Diệm.txt
  OK 647/1204 decrypted=True file=Chương 647 Thi Thể.txt
  OK 648/1204 decrypted=True file=Chương 648 Trao Đổi Thứ Hữu Dụng.txt
BATCH 649-666 / 1204
  OK 649/1204 decrypted=True file=Chương 649 Bí Mật Của Nhân Tộc.txt
  OK 650/1204 decrypted=True file=Chương 650 Nghi Ngờ.txt
  OK 651/1204 decrypted=True file=Chương 651 Xuất Hiện.txt
  OK 652/1204 decrypted=True file=Chương 652 Cổ Diệt Thiên.txt
  OK 653/1204 decrypted=True file=Chương 653 Lựa Chọn Khác.txt
  OK 654/1204 decrypted=True file=Chương 654 Suy Đoán Và Lý Giải.txt
  OK 655/1204 decrypted=True file=Chương 655 Ngươi Không Phải Ta.txt
  OK 656/1204 decrypted=True file=Chương 656 Mệnh Luân Bàn.txt
  OK 657/1204 decrypted=True file=Chương 657 Sai Lệch Thời Gian.txt
  OK 658/1204 decrypted=True file=Chương 658 Giải Trí.txt
  OK 659/1204 decrypted=True file=Chương 659 Lý Mạc Hiên Ra Tay.txt
  OK 660/1204 decrypted=True file=Chương 660 Dọa Lui.txt
  OK 661/1204 decrypted=True file=Chương 661 Viện Lý Do.txt
  OK 662/1204 decrypted=True file=Chương 662 Trầm Tử Kỳ.txt
  OK 663/1204 decrypted=True file=Chương 663 Làm Quen.txt
  OK 664/1204 decrypted=True file=Chương 664 Luận Tội.txt
  OK 665/1204 decrypted=True file=Chương 665 Độc Long Cốc.txt
  OK 666/1204 decrypted=True file=Chương 666 Bất Đắc Dĩ.txt
BATCH 667-684 / 1204
❌ Lỗi khi tải chương 13739729: HTTPSConnectionPool(host='android.lonoapp.net', port=443): Read timed out. (read timeout=10)
  OK 667/1204 decrypted=True file=Chương 667 Giáo Huấn Nghiêm Khắc.txt
  OK 668/1204 decrypted=True file=Chương 668 Chiêu Lộ Sơn.txt
  OK 669/1204 decrypted=True file=Chương 669 Dùng Chuột.txt
  OK 670/1204 decrypted=True file=Chương 670 Dọa Sợ.txt
  OK 671/1204 decrypted=True file=Chương 671 Tự Tìm Đường Chết.txt
  OK 672/1204 decrypted=True file=Chương 672 Dạy Bảo Tiểu Sư Muội.txt
  OK 673/1204 decrypted=True file=Chương 673 Do Dự.txt
  OK 674/1204 decrypted=True file=Chương 674 Sơn Trại.txt
  OK 675/1204 decrypted=True retry=2 file=Chương 675 Từ Bỏ.txt
  OK 676/1204 decrypted=True file=Chương 676 Không Liên Quan.txt
  OK 677/1204 decrypted=True file=Chương 677 Giết Trong Chớp Mắt.txt
  OK 678/1204 decrypted=True file=Chương 678 Lại Bất Cẩn.txt
  OK 679/1204 decrypted=True file=Chương 679 Huyền Băng.txt
  OK 680/1204 decrypted=True file=Chương 680 Cơ Hội.txt
  OK 681/1204 decrypted=True file=Chương 681 Độc Nhân.txt
  OK 682/1204 decrypted=True file=Chương 682 Kẻ Đâm Sau Lưng.txt
  OK 683/1204 decrypted=True file=Chương 683 Đề Nghị Của Chu Thiên Tượng.txt
  OK 684/1204 decrypted=True file=Chương 684 Chuyện Cũ Ẩn Trạch Tông.txt
BATCH 685-702 / 1204
  OK 685/1204 decrypted=True file=Chương 685 Một Đại Sư Huynh Khác.txt
  OK 686/1204 decrypted=True file=Chương 686 Tưởng Niệm.txt
  OK 687/1204 decrypted=True file=Chương 687 Vạn Tượng Môn.txt
  OK 688/1204 decrypted=True file=Chương 688 Thập Dương Cự Thần Long.txt
  OK 689/1204 decrypted=True file=Chương 689 Từ Chối.txt
  OK 690/1204 decrypted=True file=Chương 690 Đại Sư Huynh Đến Tìm.txt
  OK 691/1204 decrypted=True file=Chương 691 Tác Động Đến Bản Mệnh.txt
  OK 692/1204 decrypted=True file=Chương 692 Lục Diệm.txt
  OK 693/1204 decrypted=True file=Chương 693 Nhất Tự Minh Thủ Kiếm.txt
  OK 694/1204 decrypted=True file=Chương 694 Mộc Linh Vụ Ấn Pháp.txt
  OK 695/1204 decrypted=True file=Chương 695 Lưỡng Bại Câu Thương.txt
  OK 696/1204 decrypted=True file=Chương 696 Ta Quá Thất Bại.txt
  OK 697/1204 decrypted=True file=Chương 697 Rất Nhiều Ta.txt
  OK 698/1204 decrypted=True file=Chương 698 Khó.txt
  OK 699/1204 decrypted=True file=Chương 699 Vô Số Ta.txt
  OK 700/1204 decrypted=True file=Chương 700 Lại Thêm Phiền Phức.txt
  OK 701/1204 decrypted=True file=Chương 701 Phiền Phức Nối Tiếp Phiền Phức.txt
  OK 702/1204 decrypted=True file=Chương 702 Văn Trọng.txt
BATCH 703-720 / 1204
❌ Lỗi khi tải chương 13770526: HTTPSConnectionPool(host='android.lonoapp.net', port=443): Read timed out. (read timeout=10)
  OK 703/1204 decrypted=True file=Chương 703 Tình Tiết Cẩu Huyết.txt
  OK 704/1204 decrypted=True file=Chương 704 Đến Minh Tộc.txt
  OK 705/1204 decrypted=True file=Chương 705 Hàn Băng Tuyệt Địa.txt
  OK 706/1204 decrypted=True file=Chương 706 Quay Lại Điểm Xuất Phát.txt
  OK 707/1204 decrypted=True file=Chương 707 Ân Oán Của Tôn Giả Minh Tộc.txt
  OK 708/1204 decrypted=True file=Chương 708 Binh Đoàn Trưởng.txt
  OK 709/1204 decrypted=True file=Chương 709 Sáng Tạo Cơ Duyên.txt
  OK 710/1204 decrypted=True file=Chương 710 Kỹ Năng Tiến Bộ.txt
  OK 711/1204 decrypted=True file=Chương 711 Xác Định Mục Tiêu.txt
  OK 712/1204 decrypted=True file=Chương 712 Keo Kiệt.txt
  OK 713/1204 decrypted=True file=Chương 713 Hắc Mục Ly Yêu.txt
  OK 714/1204 decrypted=True file=Chương 714 Có Hơi Yếu.txt
  OK 715/1204 decrypted=True file=Chương 715 Khống Chế Tâm Trí.txt
  OK 716/1204 decrypted=True file=Chương 716 Nội Loạn.txt
  OK 717/1204 decrypted=True file=Chương 717 Có Gì Đó Không Đúng.txt
  OK 718/1204 decrypted=True file=Chương 718 Sư Đoàn Trưởng.txt
  OK 719/1204 decrypted=True retry=2 file=Chương 719 Có Tiềm Năng.txt
  OK 720/1204 decrypted=True file=Chương 720 Bộ Tộc Cuồng Dịch.txt
BATCH 721-738 / 1204
  OK 721/1204 decrypted=True file=Chương 721 Xâm Nhập.txt
  OK 722/1204 decrypted=True file=Chương 722 Vơ Vét.txt
  OK 723/1204 decrypted=True file=Chương 723 Đại Quản Gia.txt
  OK 724/1204 decrypted=True file=Chương 724 Kéo Dài Thời Gian.txt
  OK 725/1204 decrypted=True file=Chương 725 Đao Trung Nhân Hỏa.txt
  OK 726/1204 decrypted=True file=Chương 726 Nguy Hiểm.txt
  OK 727/1204 decrypted=True file=Chương 727 Vây Công.txt
  OK 728/1204 decrypted=True file=Chương 728 Chạy.txt
  OK 729/1204 decrypted=True file=Chương 729 Thoát Khốn.txt
  OK 730/1204 decrypted=True file=Chương 730 Hàn Sương Hạo Nghiệp.txt
  OK 731/1204 decrypted=True file=Chương 731 Dự Định Tiếp Theo.txt
  OK 732/1204 decrypted=True file=Chương 732 Người Quen.txt
  OK 733/1204 decrypted=True file=Chương 733 Băng Cung.txt
  OK 734/1204 decrypted=True file=Chương 734 Chạm Mặt.txt
  OK 735/1204 decrypted=True file=Chương 735 Có Sự Khác Biệt.txt
  OK 736/1204 decrypted=True file=Chương 736 Nhận Diện Bạch Mao Cầu.txt
  OK 737/1204 decrypted=True file=Chương 737 Biến Động.txt
  OK 738/1204 decrypted=True file=Chương 738 Đế Tôn Bảo Điện.txt
BATCH 739-756 / 1204
❌ Lỗi khi tải chương 13805187: HTTPSConnectionPool(host='android.lonoapp.net', port=443): Read timed out. (read timeout=10)
❌ Lỗi khi tải chương 13819583: HTTPSConnectionPool(host='android.lonoapp.net', port=443): Read timed out. (read timeout=10)
❌ Lỗi khi tải chương 13819583: HTTPSConnectionPool(host='android.lonoapp.net', port=443): Read timed out. (read timeout=10)
  OK 739/1204 decrypted=True file=Chương 739 Tiên Đoán.txt
  OK 740/1204 decrypted=True file=Chương 740 Mơ Hồ.txt
  OK 741/1204 decrypted=True file=Chương 741 Viếng Thăm.txt
  OK 742/1204 decrypted=True file=Chương 742 Góc Nhìn Mới.txt
  OK 743/1204 decrypted=True file=Chương 743 Chất Vấn.txt
  OK 744/1204 decrypted=True file=Chương 744 Phi Diệp Thương.txt
  OK 745/1204 decrypted=True file=Chương 745 Tục Mệnh Khôi.txt
  OK 746/1204 decrypted=True file=Chương 746 Sức Mạnh Của Thiên Đạo.txt
  OK 747/1204 decrypted=True retry=2 file=Chương 747 Hoàng Thiên Băng Ngục.txt
  OK 748/1204 decrypted=True file=Chương 748 Đấu Pháp Đốt Tiền.txt
  OK 749/1204 decrypted=True file=Chương 749 Mũi Kiếm.txt
  OK 750/1204 decrypted=True file=Chương 750 Hệ Thống Vạn Giới Đạo Sư.txt
  OK 751/1204 decrypted=True file=Chương 751 Dã Tâm.txt
  OK 752/1204 decrypted=True file=Chương 752 Giải Quyết Nhẹ Nhàng.txt
  OK 753/1204 decrypted=True file=Chương 753 Thay Đổi Thiên Phú Huyết Mạch.txt
  OK 754/1204 decrypted=True file=Chương 754 Liệt Thiên Chiến Thần Giáp.txt
  OK 755/1204 decrypted=True retry=3 file=Chương 755 Huyết Sát Và Vạn Pháp.txt
  OK 756/1204 decrypted=True file=Chương 756 Thua.txt
BATCH 757-774 / 1204
❌ Lỗi khi tải chương 13831290: HTTPSConnectionPool(host='android.lonoapp.net', port=443): Read timed out. (read timeout=10)
  OK 757/1204 decrypted=True file=Chương 757 Tham Lam.txt
  OK 758/1204 decrypted=True file=Chương 758 Tình Hình.txt
  OK 759/1204 decrypted=True file=Chương 759 Hỗ Trợ.txt
  OK 760/1204 decrypted=True file=Chương 760 Thu Hồi Thần Trụ.txt
  OK 761/1204 decrypted=True file=Chương 761 Đế Tôn.txt
  OK 762/1204 decrypted=True file=Chương 762 Khiêu Chiến Cực Võ.txt
  OK 763/1204 decrypted=True retry=2 file=Chương 763 Âm Giới.txt
  OK 764/1204 decrypted=True file=Chương 764 Luân Hồi Vực.txt
  OK 765/1204 decrypted=True file=Chương 765 Cản Trở.txt
  OK 766/1204 decrypted=True file=Chương 766 Du Ngoạn.txt
  OK 767/1204 decrypted=True file=Chương 767 Dọa Lui.txt
  OK 768/1204 decrypted=True file=Chương 768 Phán Đoán.txt
  OK 769/1204 decrypted=True file=Chương 769 Đạo Lực.txt
  OK 770/1204 decrypted=True file=Chương 770 Hậu Quả.txt
  OK 771/1204 decrypted=True file=Chương 771 Bão Táp.txt
  OK 772/1204 decrypted=True file=Chương 772 Bắc Minh Huyền Tịch Thanh Linh Chi Dạ.txt
  OK 773/1204 decrypted=True file=Chương 773 Cảm Giác.txt
  OK 774/1204 decrypted=True file=Chương 774 Thần Bảo Các.txt
BATCH 775-792 / 1204
  OK 775/1204 decrypted=True file=Chương 775 Tiền Lai Ức.txt
  OK 776/1204 decrypted=True file=Chương 776 Thánh Thành.txt
  OK 777/1204 decrypted=True file=Chương 777 Đóng Giả Đại Năng.txt
  OK 778/1204 decrypted=True file=Chương 778 Kế Hoạch Sơ Bộ.txt
  OK 779/1204 decrypted=True file=Chương 779 Một Ai Đó Xa Lạ.txt
  OK 780/1204 decrypted=True file=Chương 780 Mị.txt
  OK 781/1204 decrypted=True file=Chương 781 Chư Thần Táng Địa.txt
  OK 782/1204 decrypted=True file=Chương 782 Thiên Huyền Mị Thể.txt
  OK 783/1204 decrypted=True file=Chương 783 Tạ Thư Diễm.txt
  OK 784/1204 decrypted=True file=Chương 784 Tiền Bất Hối.txt
  OK 785/1204 decrypted=True file=Chương 785 Trưởng Bối.txt
  OK 786/1204 decrypted=True file=Chương 786 Hợp Tác.txt
  OK 787/1204 decrypted=True file=Chương 787 Kế Hoạch Cẩu Huyết.txt
  OK 788/1204 decrypted=True file=Chương 788 Chân Viên Các.txt
  OK 789/1204 decrypted=True file=Chương 789 Lý Vân.txt
  OK 790/1204 decrypted=True file=Chương 790 Diễn.txt
  OK 791/1204 decrypted=True file=Chương 791 Kiếm Thánh.txt
  OK 792/1204 decrypted=True file=Chương 792 Kiếm Tử Tịch Tử.txt
BATCH 793-810 / 1204
  OK 793/1204 decrypted=True file=Chương 793 Thành Viên Mới.txt
  OK 794/1204 decrypted=True file=Chương 794 Huynh Muội Tranh Cãi.txt
  OK 795/1204 decrypted=True file=Chương 795 Luyện Kiếm Tông.txt
  OK 796/1204 decrypted=True file=Chương 796 Tiếp Thiên Kiếm.txt
  OK 797/1204 decrypted=True file=Chương 797 Vô Tội.txt
  OK 798/1204 decrypted=True file=Chương 798 Chém Ngang.txt
  OK 799/1204 decrypted=True file=Chương 799 Nhắm Đến Đại La.txt
  OK 800/1204 decrypted=True file=Chương 800 Tạ Gia.txt
  OK 801/1204 decrypted=True file=Chương 801 Quan Hệ.txt
  OK 802/1204 decrypted=True file=Chương 802 Lão Nhân.txt
  OK 803/1204 decrypted=True file=Chương 803 Tặng Vô Tội.txt
  OK 804/1204 decrypted=True file=Chương 804 Hàng Thần Lộ.txt
  OK 805/1204 decrypted=True file=Chương 805 Thủ Hộ Giả.txt
  OK 806/1204 decrypted=True file=Chương 806 Sớm Hơn.txt
  OK 807/1204 decrypted=True file=Chương 807 Lục Tiểu Kiếm.txt
  OK 808/1204 decrypted=True file=Chương 808 Thận Trọng.txt
  OK 809/1204 decrypted=True file=Chương 809 Xác Nhận.txt
  OK 810/1204 decrypted=True file=Chương 810 Điều Tra Xong.txt
BATCH 811-828 / 1204
❌ Lỗi khi tải chương 13926587: HTTPSConnectionPool(host='android.lonoapp.net', port=443): Read timed out. (read timeout=10)
  OK 811/1204 decrypted=True file=Chương 811 Nhiên.txt
  OK 812/1204 decrypted=True file=Chương 812 Người Quen Cũ.txt
  OK 813/1204 decrypted=True file=Chương 813 Nội Chiến.txt
  OK 814/1204 decrypted=True file=Chương 814 Chạy.txt
  OK 815/1204 decrypted=True file=Chương 815 Lạc Nguyệt Lưu Tinh Thức.txt
  OK 816/1204 decrypted=True file=Chương 816 Nhờ.txt
  OK 817/1204 decrypted=True file=Chương 817 Di Tích.txt
  OK 818/1204 decrypted=True file=Chương 818 Cự Linh Thần.txt
  OK 819/1204 decrypted=True file=Chương 819 Cùng Đến.txt
  OK 820/1204 decrypted=True file=Chương 820 Nhiều Cửa Vào.txt
  OK 821/1204 decrypted=True file=Chương 821 Trong Di Tích.txt
  OK 822/1204 decrypted=True retry=2 file=Chương 822 Khôi Lỗi.txt
  OK 823/1204 decrypted=True file=Chương 823 Ngụy Thái Cực.txt
  OK 824/1204 decrypted=True file=Chương 824 Quá Áp Đảo.txt
  OK 825/1204 decrypted=True file=Chương 825 Kỹ Năng Ngẫu Nhiên.txt
  OK 826/1204 decrypted=True file=Chương 826 Mất Phương Hướng.txt
  OK 827/1204 decrypted=True file=Chương 827 Điện Thờ.txt
  OK 828/1204 decrypted=True file=Chương 828 Nghịch Mệnh Hành Giả.txt
BATCH 829-846 / 1204
❌ Lỗi khi tải chương 13931701: HTTPSConnectionPool(host='android.lonoapp.net', port=443): Read timed out. (read timeout=10)
  OK 829/1204 decrypted=True retry=2 file=Chương 829 Phân Tán.txt
  OK 830/1204 decrypted=True file=Chương 830 Bí Ẩn Trên Đường.txt
  OK 831/1204 decrypted=True file=Chương 831 Hoàng.txt
  OK 832/1204 decrypted=True file=Chương 832 Đánh Lén.txt
  OK 833/1204 decrypted=True file=Chương 833 Giải Mã.txt
  OK 834/1204 decrypted=True file=Chương 834 Cốt La.txt
  OK 835/1204 decrypted=True file=Chương 835 Nguồn Gốc.txt
  OK 836/1204 decrypted=True file=Chương 836 Dễ Nhận Biết.txt
  OK 837/1204 decrypted=True file=Chương 837 Ngộ Nhận.txt
  OK 838/1204 decrypted=True file=Chương 838 Nhanh.txt
  OK 839/1204 decrypted=True file=Chương 839 Dò Hỏi.txt
  OK 840/1204 decrypted=True file=Chương 840 Trúng Độc.txt
  OK 841/1204 decrypted=True file=Chương 841 Giải Trừ.txt
  OK 842/1204 decrypted=True file=Chương 842 Trực Tiếp.txt
  OK 843/1204 decrypted=True file=Chương 843 Độc Sư.txt
  OK 844/1204 decrypted=True file=Chương 844 Xung Đột.txt
  OK 845/1204 decrypted=True file=Chương 845 Bày Trò.txt
  OK 846/1204 decrypted=True file=Chương 846 Nhúng Tay.txt
BATCH 847-864 / 1204
❌ Lỗi khi tải chương 13978361: HTTPSConnectionPool(host='android.lonoapp.net', port=443): Read timed out. (read timeout=10)
  OK 847/1204 decrypted=True file=Chương 847 Đòi Bảo.txt
  OK 848/1204 decrypted=True file=Chương 848 Tào Ngụy.txt
  OK 849/1204 decrypted=True file=Chương 849 Dọa Sợ.txt
  OK 850/1204 decrypted=True file=Chương 850 Nhất Trảm.txt
  OK 851/1204 decrypted=True file=Chương 851 Để Lại.txt
  OK 852/1204 decrypted=True file=Chương 852 Tiệc Chia Tay.txt
  OK 853/1204 decrypted=True file=Chương 853 Đồng Hành.txt
  OK 854/1204 decrypted=True file=Chương 854 Dự Định.txt
  OK 855/1204 decrypted=True file=Chương 855 Biến Động.txt
  OK 856/1204 decrypted=True file=Chương 856 Lập Nhóm.txt
  OK 857/1204 decrypted=True file=Chương 857 Văn Thần Đàn.txt
  OK 858/1204 decrypted=True file=Chương 858 Thành Trì.txt
  OK 859/1204 decrypted=True file=Chương 859 Vô Hạn Thành.txt
  OK 860/1204 decrypted=True file=Chương 860 Khoảng Lặng.txt
  OK 861/1204 decrypted=True file=Chương 861 Cấp Vương.txt
  OK 862/1204 decrypted=True retry=2 file=Chương 862 Triệu Hoán.txt
  OK 863/1204 decrypted=True file=Chương 863 Sa La Phúc Quỷ.txt
  OK 864/1204 decrypted=True file=Chương 864 Yên Lặng Xóa Bỏ.txt
BATCH 865-882 / 1204
❌ Lỗi khi tải chương 13987143: HTTPSConnectionPool(host='android.lonoapp.net', port=443): Read timed out. (read timeout=10)
  OK 865/1204 decrypted=True file=Chương 865 Áp Sát.txt
  OK 866/1204 decrypted=True file=Chương 866 Thắng.txt
  OK 867/1204 decrypted=True file=Chương 867 Nguồn Gốc Vô Hạn Thành.txt
  OK 868/1204 decrypted=True file=Chương 868 Tin Tức.txt
  OK 869/1204 decrypted=True retry=2 file=Chương 869 Vùng Nguyên Không.txt
  OK 870/1204 decrypted=True file=Chương 870 Tập Trung Quanh Nam Nguyên Không.txt
  OK 871/1204 decrypted=True file=Chương 871 Âm Mưu Nhắm Vào Bạch Y Thần.txt
  OK 872/1204 decrypted=True file=Chương 872 Cản Đường.txt
  OK 873/1204 decrypted=True file=Chương 873 Bản Chất Của Chung Cực Thần Thú.txt
  OK 874/1204 decrypted=True file=Chương 874 Đến.txt
  OK 875/1204 decrypted=True file=Chương 875 Nước Đổ Lá Môn.txt
  OK 876/1204 decrypted=True file=Chương 876 Công Bằng.txt
  OK 877/1204 decrypted=True file=Chương 877 Tiết Lộ.txt
  OK 878/1204 decrypted=True file=Chương 878 Toàn Là Dối Trá.txt
  OK 879/1204 decrypted=True file=Chương 879 Uy Liên Thần Đế.txt
  OK 880/1204 decrypted=True file=Chương 880 Tây Linh Cảnh.txt
  OK 881/1204 decrypted=True file=Chương 881 Vũ Trưởng Lão.txt
  OK 882/1204 decrypted=True file=Chương 882 Tự Nhiên Sư.txt
BATCH 883-900 / 1204
  OK 883/1204 decrypted=True file=Chương 883 Trùng Hợp.txt
  OK 884/1204 decrypted=True file=Chương 884 Trần Bách Nhiên.txt
  OK 885/1204 decrypted=True file=Chương 885 Thủ Đoạn Của Tự Nhiên Sư.txt
  OK 886/1204 decrypted=True file=Chương 886 Ngạc Nhiên.txt
  OK 887/1204 decrypted=True file=Chương 887 Phương Hướng Mới.txt
  OK 888/1204 decrypted=True file=Chương 888 Y Linh Thần Đế.txt
  OK 889/1204 decrypted=True file=Chương 889 Cố Nhân Của Mẫu Thân.txt
  OK 890/1204 decrypted=True file=Chương 890 May Mắn.txt
  OK 891/1204 decrypted=True file=Chương 891 Còn Có Công Năng Mới.txt
  OK 892/1204 decrypted=True file=Chương 892 Quy Khư Cảnh.txt
  OK 893/1204 decrypted=True file=Chương 893 Khuyên Bảo.txt
  OK 894/1204 decrypted=True file=Chương 894 Thiên Khải.txt
  OK 895/1204 decrypted=True file=Chương 895 Bất Lãng.txt
  OK 896/1204 decrypted=True file=Chương 896 Trấn Ma Vực.txt
  OK 897/1204 decrypted=True file=Chương 897 Mắc Kẹt.txt
  OK 898/1204 decrypted=True file=Chương 898 Thí Nghiệm Tàn Ác.txt
  OK 899/1204 decrypted=True file=Chương 899 So Đồng Thuật.txt
  OK 900/1204 decrypted=True file=Chương 900 Đế Tử.txt
BATCH 901-918 / 1204
  OK 901/1204 decrypted=True file=Chương 901 Truyền Thống.txt
  OK 902/1204 decrypted=True file=Chương 902 Trấn Ma.txt
  OK 903/1204 decrypted=True file=Chương 903 Tham Quan.txt
  OK 904/1204 decrypted=True file=Chương 904 Mua Đứt.txt
  OK 905/1204 decrypted=True file=Chương 905 Vật Phẩm Đấu Giá.txt
  OK 906/1204 decrypted=True file=Chương 906 Nơi Trấn Áp.txt
  OK 907/1204 decrypted=True file=Chương 907 Bảo Khố Tru Thần Điện.txt
  OK 908/1204 decrypted=True file=Chương 908 Vơ Vét.txt
  OK 909/1204 decrypted=True file=Chương 909 Tiết Lộ Mới.txt
  OK 910/1204 decrypted=True file=Chương 910 Sát Thiên Hà.txt
  OK 911/1204 decrypted=True file=Chương 911 Lý Luận Của Ma Đế.txt
  OK 912/1204 decrypted=True file=Chương 912 Phản Ứng Với Tinh Huyết.txt
  OK 913/1204 decrypted=True file=Chương 913 Ảnh Hưởng.txt
  OK 914/1204 decrypted=True file=Chương 914 Sự Ra Đời Của Diệp Thiên.txt
  OK 915/1204 decrypted=True file=Chương 915 Tần Khuynh Mộng.txt
  OK 916/1204 decrypted=True file=Chương 916 Mất Kiểm Soát.txt
  OK 917/1204 decrypted=True file=Chương 917 Liều Mạng Chạy Trốn.txt
  OK 918/1204 decrypted=True file=Chương 918 Thảo Luận.txt
BATCH 919-936 / 1204
  OK 919/1204 decrypted=True file=Chương 919 Người Quen Cũ.txt
  OK 920/1204 decrypted=True file=Chương 920 Thành Kiến Khó Hiểu.txt
  OK 921/1204 decrypted=True file=Chương 921 Miễn Cưỡng.txt
  OK 922/1204 decrypted=True file=Chương 922 Vấn Đề Của Hệ Thống.txt
  OK 923/1204 decrypted=True file=Chương 923 Bạch Lãng Châu.txt
  OK 924/1204 decrypted=True file=Chương 924 Thức Tỉnh.txt
  OK 925/1204 decrypted=True file=Chương 925 Kém Một Chút.txt
  OK 926/1204 decrypted=True file=Chương 926 Địa Điểm.txt
  OK 927/1204 decrypted=True file=Chương 927 Đồ Yêu Tháp.txt
  OK 928/1204 decrypted=True file=Chương 928 Hoa Linh Thành.txt
  OK 929/1204 decrypted=True file=Chương 929 Kẻ Lạ Mặt.txt
  OK 930/1204 decrypted=True file=Chương 930 Truyền Nhân Đao Đế.txt
  OK 931/1204 decrypted=True file=Chương 931 Hồi Đao Thế Và Hắc Đao Thế.txt
  OK 932/1204 decrypted=True file=Chương 932 Thập Dương Quy Nhất Bạch Nhật.txt
  OK 933/1204 decrypted=True file=Chương 933 Đề Nghị Gặp Mặt.txt
  OK 934/1204 decrypted=True file=Chương 934 Mưu Đồ.txt
  OK 935/1204 decrypted=True file=Chương 935 Cố Chấp.txt
  OK 936/1204 decrypted=True file=Chương 936 Chấp Niệm Của Bất Lãng.txt
BATCH 937-954 / 1204
  OK 937/1204 decrypted=True file=Chương 937 Thông Thiên Quả Thực.txt
  OK 938/1204 decrypted=True file=Chương 938 Nóng Giận.txt
  OK 939/1204 decrypted=True file=Chương 939 Tự Hủy.txt
  OK 940/1204 decrypted=True file=Chương 940 Làm Quen Lại.txt
  OK 941/1204 decrypted=True file=Chương 941 Ba Mươi Năm.txt
  OK 942/1204 decrypted=True file=Chương 942 Xâm Nhập.txt
  OK 943/1204 decrypted=True file=Chương 943 Điêu Khắc.txt
  OK 944/1204 decrypted=True file=Chương 944 Thăm Nhà Ngục.txt
  OK 945/1204 decrypted=True file=Chương 945 Trúng Độc.txt
  OK 946/1204 decrypted=True file=Chương 946 Mời Gọi.txt
  OK 947/1204 decrypted=True file=Chương 947 Cửu U Đại Đế.txt
  OK 948/1204 decrypted=True file=Chương 948 Hư Đế.txt
  OK 949/1204 decrypted=True file=Chương 949 Quá Kém.txt
  OK 950/1204 decrypted=True file=Chương 950 U.txt
  OK 951/1204 decrypted=True file=Chương 951 Nghi Thức.txt
  OK 952/1204 decrypted=True file=Chương 952 U Huyền.txt
  OK 953/1204 decrypted=True file=Chương 953 Vân Hi Nữ Đế.txt
  OK 954/1204 decrypted=True file=Chương 954 Thất Thập Nhị Cung Vô Đạo Cầu.txt
BATCH 955-972 / 1204
  OK 955/1204 decrypted=True file=Chương 955 Sức Mạnh Của Vân Hi Nữ Đế.txt
  OK 956/1204 decrypted=True file=Chương 956 Lộ.txt
  OK 957/1204 decrypted=True file=Chương 957 Thủ Sát Hạp.txt
  OK 958/1204 decrypted=True file=Chương 958 Độc Đế.txt
  OK 959/1204 decrypted=True file=Chương 959 Thông Thiên Kiến Mộc Hiện Thân.txt
  OK 960/1204 decrypted=True file=Chương 960 Xác Nhận Phán Đoán.txt
  OK 961/1204 decrypted=True file=Chương 961 Đạo Đức Giả.txt
  OK 962/1204 decrypted=True file=Chương 962 Bạch Mao Cầu Trưởng Thành.txt
  OK 963/1204 decrypted=True file=Chương 963 Chia Tay Bạch Mao Cầu.txt
  OK 964/1204 decrypted=True file=Chương 964 Trò Vui.txt
  OK 965/1204 decrypted=True file=Chương 965 Quy Vân Sơn Và Tụ Hiền Các.txt
  OK 966/1204 decrypted=True file=Chương 966 Suy Tính Của Các Thế Lực.txt
  OK 967/1204 decrypted=True file=Chương 967 Chiến Thắng Khó Hiểu.txt
  OK 968/1204 decrypted=True file=Chương 968 Chu Vũ Lưu.txt
  OK 969/1204 decrypted=True file=Chương 969 Phô Trương.txt
  OK 970/1204 decrypted=True file=Chương 970 Thu Hút.txt
  OK 971/1204 decrypted=True file=Chương 971 Thiên Môn.txt
  OK 972/1204 decrypted=True file=Chương 972 Vân Quy.txt
BATCH 973-990 / 1204
❌ Lỗi khi tải chương 14174815: HTTPSConnectionPool(host='android.lonoapp.net', port=443): Read timed out. (read timeout=10)
  OK 973/1204 decrypted=True file=Chương 973 Nỗi Khổ Của Kẻ Kiêu Ngạo.txt
  OK 974/1204 decrypted=True file=Chương 974 Nghi Ngờ.txt
  OK 975/1204 decrypted=True file=Chương 975 Phát Hiện.txt
  OK 976/1204 decrypted=True file=Chương 976 Sợ.txt
  OK 977/1204 decrypted=True file=Chương 977 Mâu Thuẫn.txt
  OK 978/1204 decrypted=True file=Chương 978 Trộm.txt
  OK 979/1204 decrypted=True file=Chương 979 Tranh Luận.txt
  OK 980/1204 decrypted=True file=Chương 980 Chuyển Lời.txt
  OK 981/1204 decrypted=True file=Chương 981 Thần Khí Phi Hành.txt
  OK 982/1204 decrypted=True file=Chương 982 Dương Đông Kích Tây.txt
  OK 983/1204 decrypted=True file=Chương 983 Mâu Thuẫn Từ Trước.txt
  OK 984/1204 decrypted=True file=Chương 984 Thiên Môn Chưởng Ấn.txt
  OK 985/1204 decrypted=True file=Chương 985 Thiên Hoàng Vũ.txt
  OK 986/1204 decrypted=True file=Chương 986 Từ Bỏ.txt
  OK 987/1204 decrypted=True file=Chương 987 Thiên Hoàng Tộc.txt
  OK 988/1204 decrypted=True retry=2 file=Chương 988 Tổ Hợp Mới.txt
  OK 989/1204 decrypted=True file=Chương 989 Quay Lại Nghề Cũ.txt
  OK 990/1204 decrypted=True file=Chương 990 Chức Năng Mới.txt
BATCH 991-1008 / 1204
❌ Lỗi khi tải chương 14182927: HTTPSConnectionPool(host='android.lonoapp.net', port=443): Read timed out. (read timeout=10)
  OK 991/1204 decrypted=True file=Chương 991 Gửi Hóa Thân.txt
  OK 992/1204 decrypted=True file=Chương 992 Phương Pháp Khai Thác.txt
  OK 993/1204 decrypted=True file=Chương 993 Khó Khăn.txt
  OK 994/1204 decrypted=True file=Chương 994 Nguyên Nhân.txt
  OK 995/1204 decrypted=True retry=2 file=Chương 995 Chuyển Vật Phẩm.txt
  OK 996/1204 decrypted=True file=Chương 996 Tặng Lại Tử Kim Miêu Linh.txt
  OK 997/1204 decrypted=True file=Chương 997 Kế Hoạch Của Diệp Thiên.txt
  OK 998/1204 decrypted=True file=Chương 998 Tổ Hợp Kỳ Lạ.txt
  OK 999/1204 decrypted=True file=Chương 999 Tinh Không Đồ.txt
  OK 1000/1204 decrypted=True file=Chương 1000 Trộm Bảo.txt
  OK 1001/1204 decrypted=True file=Chương 1001 Ba Món Thần Khí.txt
  OK 1002/1204 decrypted=True file=Chương 1002 Quy Tắc.txt
  OK 1003/1204 decrypted=True file=Chương 1003 Tiền Nhất Lang Và Tống Anh Kiệt.txt
  OK 1004/1204 decrypted=True file=Chương 1004 Lựa Chọn Đầu Tiên.txt
  OK 1005/1204 decrypted=True file=Chương 1005 Thất Bại.txt
  OK 1006/1204 decrypted=True file=Chương 1006 Minh Hoàng Giới.txt
  OK 1007/1204 decrypted=True file=Chương 1007 Truy Tìm.txt
  OK 1008/1204 decrypted=True file=Chương 1008 Thỏa Hiệp.txt
BATCH 1009-1026 / 1204
❌ Lỗi khi tải chương 14206045: HTTPSConnectionPool(host='android.lonoapp.net', port=443): Read timed out. (read timeout=10)
❌ Lỗi khi tải chương 14214454: HTTPSConnectionPool(host='android.lonoapp.net', port=443): Read timed out. (read timeout=10)
  OK 1009/1204 decrypted=True file=Chương 1009 Tịch Diệt Lôi Hoàng.txt
  OK 1010/1204 decrypted=True file=Chương 1010 Cảm Giác Bất Lực.txt
  OK 1011/1204 decrypted=True file=Chương 1011 Chuyển Mình.txt
  OK 1012/1204 decrypted=True file=Chương 1012 Lạc Thần.txt
  OK 1013/1204 decrypted=True file=Chương 1013 Sứ Giả.txt
  OK 1014/1204 decrypted=True file=Chương 1014 Đoán Ra.txt
  OK 1015/1204 decrypted=True retry=2 file=Chương 1015 Gặp Mặt.txt
  OK 1016/1204 decrypted=True file=Chương 1016 Dối Trá.txt
  OK 1017/1204 decrypted=True file=Chương 1017 Nhắm Vào.txt
  OK 1018/1204 decrypted=True file=Chương 1018 Loại Bỏ Tiền Âu Văn.txt
  OK 1019/1204 decrypted=True file=Chương 1019 Lạc Thần Và Lão Tổ Tông Tiền Gia.txt
  OK 1020/1204 decrypted=True file=Chương 1020 Thiên Hà Quy Nguyên Thủy.txt
  OK 1021/1204 decrypted=True file=Chương 1021 Tự Hủy.txt
  OK 1022/1204 decrypted=True file=Chương 1022 Không Thay Đổi.txt
  OK 1023/1204 decrypted=True retry=2 file=Chương 1023 Quay Lại.txt
  OK 1024/1204 decrypted=True file=Chương 1024 Sơ Suất.txt
  OK 1025/1204 decrypted=True file=Chương 1025 Gánh Tội Thay.txt
  OK 1026/1204 decrypted=True file=Chương 1026 Hình Chiếu.txt
BATCH 1027-1044 / 1204
  OK 1027/1204 decrypted=True file=Chương 1027 Phân Công.txt
  OK 1028/1204 decrypted=True file=Chương 1028 Bắt Đầu.txt
  OK 1029/1204 decrypted=True file=Chương 1029 Phương Pháp Phá Trận.txt
  OK 1030/1204 decrypted=True file=Chương 1030 Thực Thể Hóa Vận Khí.txt
  OK 1031/1204 decrypted=True file=Chương 1031 Sớm Đến.txt
  OK 1032/1204 decrypted=True file=Chương 1032 Thức Tỉnh.txt
  OK 1033/1204 decrypted=True file=Chương 1033 Dò Hỏi.txt
  OK 1034/1204 decrypted=True file=Chương 1034 Thập Dương Cự Thần Long.txt
  OK 1035/1204 decrypted=True file=Chương 1035 Mâu Thuẫn.txt
  OK 1036/1204 decrypted=True file=Chương 1036 Thương Lượng.txt
  OK 1037/1204 decrypted=True file=Chương 1037 Hấp Thu.txt
  OK 1038/1204 decrypted=True file=Chương 1038 Phán Đoán.txt
  OK 1039/1204 decrypted=True file=Chương 1039 Biến Cố.txt
  OK 1040/1204 decrypted=True file=Chương 1040 Khó Xử.txt
  OK 1041/1204 decrypted=True file=Chương 1041 Nghi Ngờ.txt
  OK 1042/1204 decrypted=True file=Chương 1042 Thù Oán.txt
  OK 1043/1204 decrypted=True file=Chương 1043 Gặp Lại.txt
  OK 1044/1204 decrypted=True file=Chương 1044 Báo Danh.txt
BATCH 1045-1062 / 1204
  OK 1045/1204 decrypted=True file=Chương 1045 Quỷ Giới.txt
  OK 1046/1204 decrypted=True file=Chương 1046 Thu Hoạch Nhỏ.txt
  OK 1047/1204 decrypted=True file=Chương 1047 Áp Lực.txt
  OK 1048/1204 decrypted=True file=Chương 1048 Khởi Nguồn Của Mọi Thứ.txt
  OK 1049/1204 decrypted=True file=Chương 1049 Nguyên Nhân Thực Sự.txt
  OK 1050/1204 decrypted=True file=Chương 1050 Từng Giai Đoạn.txt
  OK 1051/1204 decrypted=True file=Chương 1051 Nguồn Gốc Của Diệp Thiên.txt
  OK 1052/1204 decrypted=True file=Chương 1052 Thân Phận Của Huyền Dạ.txt
  OK 1053/1204 decrypted=True file=Chương 1053 Đoán Ra.txt
  OK 1054/1204 decrypted=True file=Chương 1054 Câu Hỏi.txt
  OK 1055/1204 decrypted=True file=Chương 1055 Kẻ Kết Nối.txt
  OK 1056/1204 decrypted=True file=Chương 1056 Đều Là Âm Mưu.txt
  OK 1057/1204 decrypted=True file=Chương 1057 Thái Độ Khó Hiểu.txt
  OK 1058/1204 decrypted=True file=Chương 1058 Vũ Trưởng Lão.txt
  OK 1059/1204 decrypted=True file=Chương 1059 Dạo Quanh.txt
  OK 1060/1204 decrypted=True file=Chương 1060 Người Quen.txt
  OK 1061/1204 decrypted=True file=Chương 1061 Tầng Thứ Mười.txt
  OK 1062/1204 decrypted=True file=Chương 1062 Kể Lại.txt
BATCH 1063-1080 / 1204
  OK 1063/1204 decrypted=True file=Chương 1063 Có Việc.txt
  OK 1064/1204 decrypted=True file=Chương 1064 Đồng Ý.txt
  OK 1065/1204 decrypted=True file=Chương 1065 Trang Viên Trưởng Lão.txt
  OK 1066/1204 decrypted=True file=Chương 1066 Thu Bảo.txt
  OK 1067/1204 decrypted=True file=Chương 1067 Chọn Đồ.txt
  OK 1068/1204 decrypted=True file=Chương 1068 Tầng Dưới.txt
  OK 1069/1204 decrypted=True file=Chương 1069 Nguy Hiểm.txt
  OK 1070/1204 decrypted=True file=Chương 1070 Chặn Cướp.txt
  OK 1071/1204 decrypted=True file=Chương 1071 Nhạc Khúc.txt
  OK 1072/1204 decrypted=True file=Chương 1072 Vị Trí.txt
  OK 1073/1204 decrypted=True file=Chương 1073 Vô Tận Linh Hải.txt
  OK 1074/1204 decrypted=True file=Chương 1074 Xác Định.txt
  OK 1075/1204 decrypted=True file=Chương 1075 Mặt Dày.txt
  OK 1076/1204 decrypted=True file=Chương 1076 Sự Kiện Lớn.txt
  OK 1077/1204 decrypted=True file=Chương 1077 Ý Kiến.txt
  OK 1078/1204 decrypted=True file=Chương 1078 Chủ Nghĩa Cơ Hội.txt
  OK 1079/1204 decrypted=True file=Chương 1079 Dự Định Mới.txt
  OK 1080/1204 decrypted=True file=Chương 1080 Đổ Lỗi.txt
BATCH 1081-1098 / 1204
  OK 1081/1204 decrypted=True file=Chương 1081 Linh Hồn Thiếu Hụt.txt
  OK 1082/1204 decrypted=True file=Chương 1082 Hấp Thu Đột Phá.txt
  OK 1083/1204 decrypted=True file=Chương 1083 Quay Lại Âm Giới.txt
  OK 1084/1204 decrypted=True file=Chương 1084 Thất Hồn Khí.txt
  OK 1085/1204 decrypted=True file=Chương 1085 Đe Dọa.txt
  OK 1086/1204 decrypted=True file=Chương 1086 Dự Định Của Nguyền Long.txt
  OK 1087/1204 decrypted=True file=Chương 1087 Bí Mật Bên Trong Thất Hồn Khí.txt
  OK 1088/1204 decrypted=True file=Chương 1088 Sinh Vật Hỗn Mang.txt
  OK 1089/1204 decrypted=True file=Chương 1089 Bên Dưới Lòng Đất.txt
  OK 1090/1204 decrypted=True file=Chương 1090 Đưa Đi.txt
  OK 1091/1204 decrypted=True file=Chương 1091 Chuyện Cũ Tại Thanh Uyên Giới.txt
  OK 1092/1204 decrypted=True file=Chương 1092 Vũ Lực Cưỡng Ép.txt
  OK 1093/1204 decrypted=True file=Chương 1093 Do Dự Không Quyết.txt
  OK 1094/1204 decrypted=True file=Chương 1094 Bốn Truyền Kỳ.txt
  OK 1095/1204 decrypted=True file=Chương 1095 Thứ Vận Mệnh Chú Định.txt
  OK 1096/1204 decrypted=True file=Chương 1096 Hậu Quả.txt
  OK 1097/1204 decrypted=True file=Chương 1097 Nảy Mầm.txt
  OK 1098/1204 decrypted=True file=Chương 1098 Suy Đoán Âm Mưu.txt
BATCH 1099-1116 / 1204
  OK 1099/1204 decrypted=True file=Chương 1099 Có Vấn Đề.txt
  OK 1100/1204 decrypted=True file=Chương 1100 Thông Huyền Thần Đế.txt
  OK 1101/1204 decrypted=True file=Chương 1101 Thỏa Thuận.txt
  OK 1102/1204 decrypted=True file=Chương 1102 Đề Nghị Bất Ngờ.txt
  OK 1103/1204 decrypted=True file=Chương 1103 Giao Dịch Nhỏ.txt
  OK 1104/1204 decrypted=True file=Chương 1104 Thay Đổi.txt
  OK 1105/1204 decrypted=True file=Chương 1105 Dùng Vũ Lực Giải Quyết.txt
  OK 1106/1204 decrypted=True file=Chương 1106 U Kinh Nhân Mã.txt
  OK 1107/1204 decrypted=True file=Chương 1107 Kỹ Năng Của Kẻ Có Tiền.txt
  OK 1108/1204 decrypted=True file=Chương 1108 Chạy.txt
  OK 1109/1204 decrypted=True file=Chương 1109 Vu Thần Tộc.txt
  OK 1110/1204 decrypted=True file=Chương 1110 Vu Thuật.txt
  OK 1111/1204 decrypted=True file=Chương 1111 Cách Giải Quyết Tạm Thời.txt
  OK 1112/1204 decrypted=True file=Chương 1112 Vu Thuật.txt
  OK 1113/1204 decrypted=True file=Chương 1113 Ảnh Vu Thần Đế.txt
  OK 1114/1204 decrypted=True file=Chương 1114 Đề Nghị.txt
  OK 1115/1204 decrypted=True file=Chương 1115 Hướng Về Cổ Thần Giới.txt
  OK 1116/1204 decrypted=True file=Chương 1116 Cổ Thần Giới.txt
BATCH 1117-1134 / 1204
❌ Lỗi khi tải chương 14370028: HTTPSConnectionPool(host='android.lonoapp.net', port=443): Read timed out. (read timeout=10)
  OK 1117/1204 decrypted=True file=Chương 1117 Cổ Hư.txt
  OK 1118/1204 decrypted=True file=Chương 1118 Hạ Gục.txt
  OK 1119/1204 decrypted=True file=Chương 1119 Cổ Nhiễm.txt
  OK 1120/1204 decrypted=True file=Chương 1120 Dọa Sợ.txt
  OK 1121/1204 decrypted=True file=Chương 1121 Đề Nghị.txt
  OK 1122/1204 decrypted=True file=Chương 1122 Chờ Đợi.txt
  OK 1123/1204 decrypted=True file=Chương 1123 Mắng Chửi.txt
  OK 1124/1204 decrypted=True file=Chương 1124 Từ Biệt.txt
  OK 1125/1204 decrypted=True file=Chương 1125 Bảo Vật.txt
  OK 1126/1204 decrypted=True file=Chương 1126 Hoàng Đế Sa Đọa.txt
  OK 1127/1204 decrypted=True file=Chương 1127 Dòng Thời Gian.txt
  OK 1128/1204 decrypted=True retry=2 file=Chương 1128 Thần Đế Hiện Thân.txt
  OK 1129/1204 decrypted=True file=Chương 1129 Dùng Cái Chết Của Ngươi.txt
  OK 1130/1204 decrypted=True file=Chương 1130 Mất Khống Chế.txt
  OK 1131/1204 decrypted=True file=Chương 1131 Chất Vấn.txt
  OK 1132/1204 decrypted=True file=Chương 1132 Quay Lại Thái Cổ Thần Lộ.txt
  OK 1133/1204 decrypted=True file=Chương 1133 Thứ Hiển Nhiên Phải Đến.txt
  OK 1134/1204 decrypted=True file=Chương 1134 Tìm Được.txt
BATCH 1135-1152 / 1204
❌ Lỗi khi tải chương 14381714: HTTPSConnectionPool(host='android.lonoapp.net', port=443): Read timed out. (read timeout=10)
  OK 1135/1204 decrypted=True file=Chương 1135 Nguồn Gốc Khối Cầu.txt
  OK 1136/1204 decrypted=True file=Chương 1136 Bắt Đầu.txt
  OK 1137/1204 decrypted=True file=Chương 1137 Kế Hoạch Của Thiên Đạo.txt
  OK 1138/1204 decrypted=True file=Chương 1138 Lớn Lên.txt
  OK 1139/1204 decrypted=True file=Chương 1139 Bất Mãn.txt
  OK 1140/1204 decrypted=True retry=2 file=Chương 1140 Thời Điểm.txt
  OK 1141/1204 decrypted=True file=Chương 1141 Tiết Lộ.txt
  OK 1142/1204 decrypted=True file=Chương 1142 Phân Tán.txt
  OK 1143/1204 decrypted=True file=Chương 1143 Chuyển Luân.txt
  OK 1144/1204 decrypted=True file=Chương 1144 Thông Thiên Kiến Mộc.txt
  OK 1145/1204 decrypted=True file=Chương 1145 Ngăn Cản Bất Thành.txt
  OK 1146/1204 decrypted=True file=Chương 1146 Thay Đổi Kế Hoạch.txt
  OK 1147/1204 decrypted=True file=Chương 1147 Nữ Đế.txt
  OK 1148/1204 decrypted=True file=Chương 1148 Hứa Hẹn.txt
  OK 1149/1204 decrypted=True file=Chương 1149 Càn Quét.txt
  OK 1150/1204 decrypted=True file=Chương 1150 Bất Thành.txt
  OK 1151/1204 decrypted=True file=Chương 1151 Điều Khiển.txt
  OK 1152/1204 decrypted=True file=Chương 1152 Tăng Tiến.txt
BATCH 1153-1170 / 1204
❌ Lỗi khi tải chương 14395868: HTTPSConnectionPool(host='android.lonoapp.net', port=443): Read timed out. (read timeout=10)
❌ Lỗi khi tải chương 14407359: HTTPSConnectionPool(host='android.lonoapp.net', port=443): Read timed out. (read timeout=10)
  OK 1153/1204 decrypted=True retry=2 file=Chương 1153 Phân Chia Nhiệm Vụ.txt
  OK 1154/1204 decrypted=True file=Chương 1154 Ghi Nhớ.txt
  OK 1155/1204 decrypted=True file=Chương 1155 Kỳ Lạ.txt
  OK 1156/1204 decrypted=True file=Chương 1156 Hiểu Ý.txt
  OK 1157/1204 decrypted=True file=Chương 1157 Tiểu Mao Cầu Trưởng Thành.txt
  OK 1158/1204 decrypted=True file=Chương 1158 Bắt Gian Tại Trận.txt
  OK 1159/1204 decrypted=True file=Chương 1159 Bất Tỉnh.txt
  OK 1160/1204 decrypted=True file=Chương 1160 Phân Tách.txt
  OK 1161/1204 decrypted=True file=Chương 1161 Quay Lại Chiến Trường.txt
  OK 1162/1204 decrypted=True file=Chương 1162 Chi Viện.txt
  OK 1163/1204 decrypted=True file=Chương 1163 Mười Vị Đế Tôn.txt
  OK 1164/1204 decrypted=True file=Chương 1164 Tin Tưởng.txt
  OK 1165/1204 decrypted=True file=Chương 1165 Vượt Qua.txt
  OK 1166/1204 decrypted=True file=Chương 1166 Phá.txt
  OK 1167/1204 decrypted=True retry=2 file=Chương 1167 Đình Chiến.txt
  OK 1168/1204 decrypted=True file=Chương 1168 Vô Hạn Thương Pháp.txt
  OK 1169/1204 decrypted=True file=Chương 1169 Tặng.txt
  OK 1170/1204 decrypted=True file=Chương 1170 Không Thương Lượng.txt
BATCH 1171-1188 / 1204
❌ Lỗi khi tải chương 14425997: HTTPSConnectionPool(host='android.lonoapp.net', port=443): Read timed out. (read timeout=10)
  OK 1171/1204 decrypted=True file=Chương 1171 Hoàn Toàn Áp Đảo.txt
  OK 1172/1204 decrypted=True file=Chương 1172 Mắc Bẫy.txt
  OK 1173/1204 decrypted=True file=Chương 1173 Trăm Năm.txt
  OK 1174/1204 decrypted=True file=Chương 1174 Trận Chiến Tàn Khốc.txt
  OK 1175/1204 decrypted=True file=Chương 1175 Hoài Niệm.txt
  OK 1176/1204 decrypted=True file=Chương 1176 Thân Phận Khó Đỡ.txt
  OK 1177/1204 decrypted=True file=Chương 1177 Kịch Bản Khó.txt
  OK 1178/1204 decrypted=True file=Chương 1178 Cảnh Quay.txt
  OK 1179/1204 decrypted=True file=Chương 1179 Khó Khăn.txt
  OK 1180/1204 decrypted=True file=Chương 1180 Thành Công.txt
  OK 1181/1204 decrypted=True file=Chương 1181 Ngắn Ngủi.txt
  OK 1182/1204 decrypted=True file=Chương 1182 Binh Khí.txt
  OK 1183/1204 decrypted=True file=Chương 1183 Thiên Đạo.txt
  OK 1184/1204 decrypted=True file=Chương 1184 Giải Hận.txt
  OK 1185/1204 decrypted=True file=Chương 1185 Nói Rõ.txt
  OK 1186/1204 decrypted=True file=Chương 1186 Hi Sinh.txt
  OK 1187/1204 decrypted=True retry=2 file=Chương 1187 Bắt Đầu Thời Đại Mới.txt
  OK 1188/1204 decrypted=True file=Chương 1188 Lão Nhân Thần Bí.txt
BATCH 1189-1204 / 1204
  OK 1189/1204 decrypted=True file=Chương 1189 Chuẩn Bị.txt
  OK 1190/1204 decrypted=True file=Chương 1190 Quá Khứ Của Kiếp Diệt.txt
  OK 1191/1204 decrypted=True file=Chương 1191 Hậu Thủ Cuối Cùng.txt
  OK 1192/1204 decrypted=True file=Chương 1192 Trùng Hợp.txt
  OK 1193/1204 decrypted=True file=Chương 1193 Quá Mạnh.txt
  OK 1194/1204 decrypted=True file=Chương 1194 Không Thể Bị Thương.txt
  OK 1195/1204 decrypted=True file=Chương 1195 Thất Thế.txt
  OK 1196/1204 decrypted=True file=Chương 1196 Dùng Lại.txt
  OK 1197/1204 decrypted=True file=Chương 1197 Giải.txt
  OK 1198/1204 decrypted=True file=Chương 1198 Thiên Nội Hoàn.txt
  OK 1199/1204 decrypted=True file=Chương 1199 Ngoại Truyện 1 Gặp Lại.txt
  OK 1200/1204 decrypted=True file=Chương 1200 Ngoại Truyện 2 Nỗ Lực Cuối Cùng.txt
  OK 1201/1204 decrypted=True file=Chương 1201 Ngoại Truyện 3 Tìm Được.txt
  OK 1202/1204 decrypted=True file=Chương 1202 Ngoại Truyện 4 Kẻ Vô Hình.txt
  OK 1203/1204 decrypted=True file=Chương 1203 Ngoại Truyện 5 Nghi Ngờ.txt
  OK 1204/1204 decrypted=True file=Chương 1204 Ngoại Truyện 6 Mưu Đồ.txt
final_ok=1204
final_fail=0
out=C:\Dev\MTC\Tiêu Dao Lục

[stderr]
