book=Vô Địch Gian Thương
book_id=104298
out=C:\Dev\MTC\Vô Địch Gian Thương
chapters_total=562 expected=562
workers=6 batch_size=12
BATCH 1-12 / 562
  OK 1/562 decrypted=True file=Chương 1 Đỗ Bá... Cường.txt
  OK 2/562 decrypted=True file=Chương 2 Chọi Gà 1.txt
  OK 3/562 decrypted=True file=Chương 3 Chọi Gà 2.txt
  OK 4/562 decrypted=True file=Chương 4 Thả Lợn Lấy Tre.txt
  OK 5/562 decrypted=True file=Chương 5 Thách Đấu.txt
  OK 6/562 decrypted=True file=Chương 6 Thả Con Săn Sắt Bắt Con Cá Rô 1.txt
  OK 7/562 decrypted=True file=Chương 7 Thả Con Săn Sắt Bắt Con Cá Rô 2.txt
  OK 8/562 decrypted=True file=Chương 8 Hỗn Chiến 1.txt
  OK 9/562 decrypted=True file=Chương 9 Hỗn Chiến 2.txt
  OK 10/562 decrypted=True file=Chương 10 Họa Phúc Song Hành.txt
  OK 11/562 decrypted=True file=Chương 11 Cơ Hội Đầu Tiên.txt
  OK 12/562 decrypted=True file=Chương 12 Đạt Thành Giao Kết.txt
BATCH 13-24 / 562
  OK 13/562 decrypted=True file=Chương 13 Chính Quyền Can Thiệp.txt
  OK 14/562 decrypted=True file=Chương 14 Hoa Thơm Nhiều Bướm.txt
  OK 15/562 decrypted=True file=Chương 15 Đòi Tiền.txt
  OK 16/562 decrypted=True file=Chương 16 Lửa Cháy Sông Bạch Hạc.txt
  OK 17/562 decrypted=True file=Chương 17 Bí Mật Hồ Bạch Hạc.txt
  OK 18/562 decrypted=True retry=2 file=Chương 18 Sơ Giao.txt
  OK 19/562 decrypted=True file=Chương 19 Xin Thầu.txt
  OK 20/562 decrypted=True file=Chương 20 Một Lưới Kéo Lên Cuộc Sống Mới.txt
  OK 21/562 decrypted=True file=Chương 21 Khởi Vận.txt
  OK 22/562 decrypted=True file=Chương 22 Toan Tính Của Đỗ Bá Đào.txt
  OK 23/562 decrypted=True file=Chương 23 Mở Rộng Hướng Đi.txt
  OK 24/562 decrypted=True file=Chương 24 Kế Hoạch Mới.txt
BATCH 25-36 / 562
  OK 25/562 decrypted=True file=Chương 25 Tính Toán Của Các Bên.txt
  OK 26/562 decrypted=True file=Chương 26 Bố Trí.txt
  OK 27/562 decrypted=True file=Chương 27 Thuận Tay Dắt Dê.txt
  OK 28/562 decrypted=True file=Chương 28 Bước Chân Khởi Nghiệp.txt
  OK 29/562 decrypted=True file=Chương 29 Tới Đơn Vị Tư Vấn.txt
  OK 30/562 decrypted=True file=Chương 30 Đăng Ký Kinh Doanh Tới Tay.txt
  OK 31/562 decrypted=True file=Chương 31 Quyết Định Đầu Tư Thứ Nhất Của Đỗ Bá Lâm.txt
  OK 32/562 decrypted=True file=Chương 32 Đạt Thành Hiệp Nghị.txt
  OK 33/562 decrypted=True file=Chương 33 Vị Tướng Thứ Nhất.txt
  OK 34/562 decrypted=True file=Chương 34 Cò Môi Giới Đinh Tiến Lực.txt
  OK 35/562 decrypted=True file=Chương 35 Khó Khăn Của Xưởng Nhuộm Hải Phong.txt
  OK 36/562 decrypted=True file=Chương 36 Cuộc Chiến Giá Cuộc Chiến Tâm Lý.txt
BATCH 37-48 / 562
  OK 37/562 decrypted=True file=Chương 37 Món Lợi Lớn Của Đinh Tiến Lực.txt
  OK 38/562 decrypted=True file=Chương 38 Tin Tức.txt
  OK 39/562 decrypted=True file=Chương 39 Gây Họa.txt
  OK 40/562 decrypted=True file=Chương 40 Bước Đầu Thu Hoạch.txt
  OK 41/562 decrypted=True file=Chương 41 Con Bé Ăn Xin.txt
  OK 42/562 decrypted=True file=Chương 42 Ánh Dương.txt
  OK 43/562 decrypted=True file=Chương 43 Nhóm Lợi Ích.txt
  OK 44/562 decrypted=True file=Chương 44 Vấn Đề Phát Sinh.txt
  OK 45/562 decrypted=True file=Chương 45 Chặn Xe.txt
  OK 46/562 decrypted=True file=Chương 46 Tìm Mối Kết Minh.txt
  OK 47/562 decrypted=True file=Chương 47 Gặp Mặt.txt
  OK 48/562 decrypted=True file=Chương 48 Đầu Mối.txt
BATCH 49-60 / 562
  OK 49/562 decrypted=True file=Chương 49 Bắt Gian.txt
  OK 50/562 decrypted=True file=Chương 50 Phá Cục.txt
  OK 51/562 decrypted=True file=Chương 51 Đặng Thế Tài Hẹn Gặp.txt
  OK 52/562 decrypted=True file=Chương 52 Cơ Hội Lớn.txt
  OK 53/562 decrypted=True file=Chương 53 liên Minh Lợi Ích Sơ Thành.txt
  OK 54/562 decrypted=True file=Chương 54 Trù Bị Khai Trương Nhà Hàng.txt
  OK 55/562 decrypted=True file=Chương 55 Nhóm Khách Đầu Tiên.txt
  OK 56/562 decrypted=True file=Chương 56 Thịnh Vượng Kéo Tới.txt
  OK 57/562 decrypted=True file=Chương 57 Bố Cục Cuối Năm.txt
  OK 58/562 decrypted=True file=Chương 58 Tay Đầu Cơ Đinh Tiến Lực.txt
  OK 59/562 decrypted=True file=Chương 59 Vấn Đề Của Nhà Khách Sở Công Thương.txt
  OK 60/562 decrypted=True file=Chương 60 Ép Giá.txt
BATCH 61-72 / 562
  OK 61/562 decrypted=True file=Chương 61 Tranh Đoạt.txt
  OK 62/562 decrypted=True file=Chương 62 Bị Chặn.txt
  OK 63/562 decrypted=True file=Chương 63 Vụ Ngộ Độc.txt
  OK 64/562 decrypted=True file=Chương 64 Bùi Văn Thái Vị Tướng Thứ Hai.txt
  OK 65/562 decrypted=True file=Chương 65 Tham Vọng Sản Xuất Đồ Nhựa.txt
  OK 66/562 decrypted=True file=Chương 66 Xuất Ngoại.txt
  OK 67/562 decrypted=True file=Chương 67 Rào Cản Gia Nhập.txt
  OK 68/562 decrypted=True file=Chương 68 Mạch Nước Ngầm.txt
  OK 69/562 decrypted=True file=Chương 69 Khơi Thông Mắt Xích Tài Chính.txt
  OK 70/562 decrypted=True file=Chương 70 Công Ty Nhựa Gia Dụng Bạch Hạc.txt
  OK 71/562 decrypted=True file=Chương 71 Nguồn Lợi Phi Pháp.txt
  OK 72/562 decrypted=True file=Chương 72 Chó Cắn Chó.txt
BATCH 73-84 / 562
❌ Lỗi khi tải chương 12786451: HTTPSConnectionPool(host='android.lonoapp.net', port=443): Read timed out. (read timeout=10)
❌ Lỗi khi tải chương 12786453: HTTPSConnectionPool(host='android.lonoapp.net', port=443): Read timed out. (read timeout=10)
  OK 73/562 decrypted=True file=Chương 73 Vân Giang.txt
  OK 74/562 decrypted=True file=Chương 74 Bắt Cóc.txt
  OK 75/562 decrypted=True file=Chương 75 Vụ Án Hoàng Trung Khang 1.txt
  OK 76/562 decrypted=True file=Chương 76 Vụ Án Hoàng Trung Khang 2.txt
  OK 77/562 decrypted=True file=Chương 77 Mở Ra Khốn Cục.txt
  OK 78/562 decrypted=True file=Chương 78 Tố Giác.txt
  OK 79/562 decrypted=True file=Chương 79 Giải Oan.txt
  OK 80/562 decrypted=True file=Chương 80 Yêu Tinh Hại Người.txt
  OK 81/562 decrypted=True file=Chương 81 Mở Siêu Thị.txt
  OK 82/562 decrypted=True retry=2 file=Chương 82 Dụ Dỗ.txt
  OK 83/562 decrypted=True file=Chương 83 Cảm Giác Bị Lừa Gạt.txt
  OK 84/562 decrypted=True retry=2 file=Chương 84 Lại Chiêu Tướng.txt
BATCH 85-96 / 562
❌ Lỗi khi tải chương 12786459: HTTPSConnectionPool(host='android.lonoapp.net', port=443): Read timed out. (read timeout=10)
  OK 85/562 decrypted=True file=Chương 85 Tiến Trình Phát Triển.txt
  OK 86/562 decrypted=True file=Chương 86 Ám Muội.txt
  OK 87/562 decrypted=True file=Chương 87 Tuyển Dụng Nhân Sự.txt
  OK 88/562 decrypted=True file=Chương 88 Siêu Thị Khai Trương.txt
  OK 89/562 decrypted=True file=Chương 89 Trần Văn Thọ Tham Vọng.txt
  OK 90/562 decrypted=True retry=2 file=Chương 90 Khởi Công Bạch Hạc Biệt Thự.txt
  OK 91/562 decrypted=True file=Chương 91 Hung Ác.txt
  OK 92/562 decrypted=True file=Chương 92 Thời Cơ Đến Từ Nước Mỹ.txt
  OK 93/562 decrypted=True file=Chương 93 Trù Vận Công Thương Nghiệp.txt
  OK 94/562 decrypted=True file=Chương 94 Nút Thắt Tài Chính.txt
  OK 95/562 decrypted=True file=Chương 95 Phương Án Của Hoàng Quốc Việt.txt
  OK 96/562 decrypted=True file=Chương 96 Hiệu Quả Của Siêu Thị.txt
BATCH 97-108 / 562
  OK 97/562 decrypted=True file=Chương 97 Bài Toán Vốn Cho Siêu Thị Bạch Hạc.txt
  OK 98/562 decrypted=True file=Chương 98 Động Cơ Của Tình Hữu Nghị.txt
  OK 99/562 decrypted=True file=Chương 99 Hữu Nghị Từ Trong Hoạn Nạn.txt
  OK 100/562 decrypted=True file=Chương 100 Chạm Mặt Bất Ngờ.txt
  OK 101/562 decrypted=True file=Chương 101 Gia Cảnh.txt
  OK 102/562 decrypted=True file=Chương 102 Khởi Hành.txt
  OK 103/562 decrypted=True file=Chương 103 Vị Của Cà Phê.txt
  OK 104/562 decrypted=True file=Chương 104 Đề Xuất.txt
  OK 105/562 decrypted=True file=Chương 105 Tiến Quân.txt
  OK 106/562 decrypted=True file=Chương 106 Bạo Lực.txt
  OK 107/562 decrypted=True file=Chương 107 Luyến Tình.txt
  OK 108/562 decrypted=True file=Chương 108 Thương Thảo Với Quỹ Đầu Tư.txt
BATCH 109-120 / 562
  OK 109/562 decrypted=True file=Chương 109 Tham Vọng Đặc Khu.txt
  OK 110/562 decrypted=True file=Chương 110 Bồi Dưỡng.txt
  OK 111/562 decrypted=True file=Chương 111 Chuyện Ở Hà Đô.txt
  OK 112/562 decrypted=True file=Chương 112 Cuộc Gặp Bất Ngờ.txt
  OK 113/562 decrypted=True file=Chương 113 Dự Định Mới.txt
  OK 114/562 decrypted=True file=Chương 114 Lời Giải Nào Cho Cà Phê.txt
  OK 115/562 decrypted=True file=Chương 115 Vấn Đề Của Nhựa Bạch Hạc.txt
  OK 116/562 decrypted=True file=Chương 116 Tân Gia.txt
  OK 117/562 decrypted=True file=Chương 117 Tái Chế Có Thể Không.txt
  OK 118/562 decrypted=True file=Chương 118 Giải Quyết Vấn Đề Ở Chiều Sâu.txt
  OK 119/562 decrypted=True file=Chương 119 Uốn Ba Tấc Lưỡi Thu Phục Nhân Tài.txt
  OK 120/562 decrypted=True file=Chương 120 Nhu Tình.txt
BATCH 121-132 / 562
  OK 121/562 decrypted=True file=Chương 121 Đặng Lê Nguyên Vũ.txt
  OK 122/562 decrypted=True file=Chương 122 Đặng Lê Nguyên Vũ 2.txt
  OK 123/562 decrypted=True file=Chương 123 Nghi Vấn Tại Nhà Hàng.txt
  OK 124/562 decrypted=True file=Chương 124 Sâu Mọt.txt
  OK 125/562 decrypted=True file=Chương 125 Người Đều Vì Lợi Mà Liều Mạng.txt
  OK 126/562 decrypted=True file=Chương 126 Bùi Văn Thái Hung Ác.txt
  OK 127/562 decrypted=True file=Chương 127 Cây Gậy Và Củ Cà Rốt.txt
  OK 128/562 decrypted=True file=Chương 128 Bình Cảnh Và Phương Hướng Mới.txt
  OK 129/562 decrypted=True file=Chương 129 Chí Tại Bắc Phương.txt
  OK 130/562 decrypted=True file=Chương 130 Lần Đầu Tiên Âu Yếm.txt
  OK 131/562 decrypted=True file=Chương 131 Cô Gái Bán Hoa.txt
  OK 132/562 decrypted=True file=Chương 132 Tin Tức Về Đặng Lê Nguyên Vũ.txt
BATCH 133-144 / 562
  OK 133/562 decrypted=True file=Chương 133 Họp Lớp.txt
  OK 134/562 decrypted=True file=Chương 134 Thế Thái Nhân Tình.txt
  OK 135/562 decrypted=True file=Chương 135 Nhân Tình Thế Thái 2.txt
  OK 136/562 decrypted=True file=Chương 136 Rào Cản Cơ Chế.txt
  OK 137/562 decrypted=True file=Chương 137 Lựa Chọn.txt
  OK 138/562 decrypted=True file=Chương 138 Hướng Tới Hồng Kông.txt
  OK 139/562 decrypted=True file=Chương 139 Bóng Dáng Tài Phiệt.txt
  OK 140/562 decrypted=True file=Chương 140 Ý Định.txt
  OK 141/562 decrypted=True file=Chương 141 Lung Lạc Lòng Người.txt
  OK 142/562 decrypted=True file=Chương 142 Tới Xưởng Thức Ăn Chăn Nuôi.txt
  OK 143/562 decrypted=True file=Chương 143 Hợp Tác.txt
  OK 144/562 decrypted=True file=Chương 144 Tung Hỏa Mù.txt
BATCH 145-156 / 562
  OK 145/562 decrypted=True file=Chương 145 Sầu Ly Biệt.txt
  OK 146/562 decrypted=True file=Chương 146 Đánh Cược.txt
  OK 147/562 decrypted=True file=Chương 147 Tầm Nhìn Của Đặng Lê Nguyên Vũ.txt
  OK 148/562 decrypted=True file=Chương 148 Những Kẻ Vượt Ngục.txt
  OK 149/562 decrypted=True file=Chương 149 Giữa Đường Gặp Chuyện.txt
  OK 150/562 decrypted=True file=Chương 150 Gặp Mặt.txt
  OK 151/562 decrypted=True file=Chương 151 Thế Cục Hắc Đạo.txt
  OK 152/562 decrypted=True file=Chương 152 Trợ Giúp.txt
  OK 153/562 decrypted=True file=Chương 153 Bạch Hạc Hồng Kông Holding Inc Bước Chân Đầu Tiên.txt
  OK 154/562 decrypted=True file=Chương 154 Tống Gia Thụ.txt
  OK 155/562 decrypted=True file=Chương 155 Bối Cảnh Trấn Lạc Khê.txt
  OK 156/562 decrypted=True file=Chương 156 Vụ Đập Xe.txt
BATCH 157-168 / 562
❌ Lỗi khi tải chương 12786548: HTTPSConnectionPool(host='android.lonoapp.net', port=443): Read timed out. (read timeout=10)
  OK 157/562 decrypted=True file=Chương 157 Phong Thái Của Giám Đốc Mới.txt
  OK 158/562 decrypted=True file=Chương 158 Vụ Bắt Người.txt
  OK 159/562 decrypted=True file=Chương 159 Nóng Bỏng.txt
  OK 160/562 decrypted=True file=Chương 160 Khai Trương.txt
  OK 161/562 decrypted=True file=Chương 161 Vụ Trộm Và Thành Tích.txt
  OK 162/562 decrypted=True file=Chương 162 Trả Thù.txt
  OK 163/562 decrypted=True file=Chương 163 Nghi Vấn.txt
  OK 164/562 decrypted=True file=Chương 164 Thủ Đoạn Rút Tiền.txt
  OK 165/562 decrypted=True file=Chương 165 Thuyết Phục.txt
  OK 166/562 decrypted=True file=Chương 166 Vị Quản Đốc Ngông Cuồng.txt
  OK 167/562 decrypted=True file=Chương 167 Nghịch Tuyến.txt
  OK 168/562 decrypted=True retry=2 file=Chương 168 Khởi Đầu Của Một Hành Trình Kỳ Diệu.txt
BATCH 169-180 / 562
❌ Lỗi khi tải chương 12786551: HTTPSConnectionPool(host='android.lonoapp.net', port=443): Read timed out. (read timeout=10)
  OK 169/562 decrypted=True file=Chương 169 Ý Tưởng Đột Phá.txt
  OK 170/562 decrypted=True file=Chương 170 Mời Cưới.txt
  OK 171/562 decrypted=True retry=2 file=Chương 171 Đưa Một Tay.txt
  OK 172/562 decrypted=True file=Chương 172 Thụ Ân Tình.txt
  OK 173/562 decrypted=True file=Chương 173 Kế Hoạch Của Tân Giám Đốc.txt
  OK 174/562 decrypted=True file=Chương 174 Chuyến Đi Bí Mật.txt
  OK 175/562 decrypted=True file=Chương 175 Thu Phục Và Phương Hướng Mở Rộng.txt
  OK 176/562 decrypted=True file=Chương 176 Cải Cách.txt
  OK 177/562 decrypted=True file=Chương 177 Chỉnh Đốn.txt
  OK 178/562 decrypted=True file=Chương 178 Bạch Hạc Đông Thăng.txt
  OK 179/562 decrypted=True file=Chương 179 Thiếu Tiền.txt
  OK 180/562 decrypted=True file=Chương 180 Hổ Về Lại Rừng.txt
BATCH 181-192 / 562
  OK 181/562 decrypted=True file=Chương 181 Tìm Đường Cắm Rễ.txt
  OK 182/562 decrypted=True file=Chương 182 Chấn Hưng Gia Tộc.txt
  OK 183/562 decrypted=True file=Chương 183 Triển Khai.txt
  OK 184/562 decrypted=True file=Chương 184 Mở Tiệm.txt
  OK 185/562 decrypted=True file=Chương 185 Tới Một Con Chó Điên.txt
  OK 186/562 decrypted=True file=Chương 186 Buổi Phỏng Vấn Kỳ Quái.txt
  OK 187/562 decrypted=True file=Chương 187 Mẹ Thích Con Chê.txt
  OK 188/562 decrypted=True file=Chương 188 Sản Xuất Dầu Ăn Có Thể Không.txt
  OK 189/562 decrypted=True file=Chương 189 Lãnh Đạo Tới.txt
  OK 190/562 decrypted=True file=Chương 190 Mục Đích.txt
  OK 191/562 decrypted=True file=Chương 191 Nhựa Bạch Hạc Chuyển Hướng.txt
  OK 192/562 decrypted=True file=Chương 192 Ẩm Thực Bạch Hạc Muốn Xuất Ngoại.txt
BATCH 193-204 / 562
  OK 193/562 decrypted=True file=Chương 193 Ẩn Họa.txt
  OK 194/562 decrypted=True file=Chương 194 Cuộc Rượt Đuổi.txt
  OK 195/562 decrypted=True file=Chương 195 Giải Cứu.txt
  OK 196/562 decrypted=True file=Chương 196 Sự Nghiệp Tiến Bước.txt
  OK 197/562 decrypted=True file=Chương 197 Tình Nồng.txt
  OK 198/562 decrypted=True file=Chương 198 Âm Mưu.txt
  OK 199/562 decrypted=True file=Chương 199 Lời Mời Hợp Tác.txt
  OK 200/562 decrypted=True file=Chương 200 Phát Hiện.txt
  OK 201/562 decrypted=True file=Chương 201 Chia Rẽ.txt
  OK 202/562 decrypted=True file=Chương 202 Trò Chuyện.txt
  OK 203/562 decrypted=True file=Chương 203 Trò Chuyện 2.txt
  OK 204/562 decrypted=True file=Chương 204 Khuyên Giải.txt
BATCH 205-216 / 562
  OK 205/562 decrypted=True file=Chương 205 Sói Tới.txt
  OK 206/562 decrypted=True file=Chương 206 Siêu Cấp Nhân Tài.txt
  OK 207/562 decrypted=True file=Chương 207 Tuyên Truyền.txt
  OK 208/562 decrypted=True file=Chương 208 Thành Tích.txt
  OK 209/562 decrypted=True file=Chương 209 Khoảnh Khắc Xao Động.txt
  OK 210/562 decrypted=True file=Chương 210 Đầu Tư Mở Rộng.txt
  OK 211/562 decrypted=True file=Chương 211 Phát Hiện.txt
  OK 212/562 decrypted=True file=Chương 212 Nghi Ngờ.txt
  OK 213/562 decrypted=True file=Chương 213 Khó Khăn Của Đinh Phong.txt
  OK 214/562 decrypted=True file=Chương 214 Hành Động.txt
  OK 215/562 decrypted=True file=Chương 215 Tính Kế.txt
  OK 216/562 decrypted=True file=Chương 216 Bẫy.txt
BATCH 217-228 / 562
  OK 217/562 decrypted=True file=Chương 217 Phiền Phức.txt
  OK 218/562 decrypted=True file=Chương 218 Sức Ép Tới Từ Bạch Hạc Holding Inc.txt
  OK 219/562 decrypted=True file=Chương 219 Đối Mặt.txt
  OK 220/562 decrypted=True file=Chương 220 Khởi Động Đầu Tư Nhà Máy Dầu Thực Vật.txt
  OK 221/562 decrypted=True file=Chương 221 Xung Đột Tại Quán Rượu.txt
  OK 222/562 decrypted=True file=Chương 222 Bắt Tay.txt
  OK 223/562 decrypted=True file=Chương 223 Sự Kiện Thử Mù.txt
  OK 224/562 decrypted=True file=Chương 224 Mắt Ai Bâng Khuâng.txt
  OK 225/562 decrypted=True file=Chương 225 Tô Nhuận Bắt Đầu Phản Kích.txt
  OK 226/562 decrypted=True file=Chương 226 Vũ Hàm Cường Thế.txt
  OK 227/562 decrypted=True file=Chương 227 Phản Kích.txt
  OK 228/562 decrypted=True file=Chương 228 Sai Lầm.txt
BATCH 229-240 / 562
❌ Lỗi khi tải chương 12786619: HTTPSConnectionPool(host='android.lonoapp.net', port=443): Read timed out. (read timeout=10)
  OK 229/562 decrypted=True file=Chương 229 Lòng Ai Vương Vấn.txt
  OK 230/562 decrypted=True file=Chương 230 Nhà Gái Chuẩn Bị.txt
  OK 231/562 decrypted=True file=Chương 231 Kẻ Vui Người Khóc.txt
  OK 232/562 decrypted=True file=Chương 232 Đột Phá Công Nghệ.txt
  OK 233/562 decrypted=True file=Chương 233 Trấn Áp Nội Loạn.txt
  OK 234/562 decrypted=True file=Chương 234 Tìm Lối Thoát.txt
  OK 235/562 decrypted=True file=Chương 235 Đan Linh Bị Bệnh.txt
  OK 236/562 decrypted=True file=Chương 236 Xao Xuyến.txt
  OK 237/562 decrypted=True file=Chương 237 Rắc Rối Trong Bệnh Viện.txt
  OK 238/562 decrypted=True retry=2 file=Chương 238 Tranh Chấp.txt
  OK 239/562 decrypted=True file=Chương 239 Xử Lý.txt
  OK 240/562 decrypted=True file=Chương 240 Chuyện Dưới Sân Ký Túc.txt
BATCH 241-252 / 562
❌ Lỗi khi tải chương 12786631: HTTPSConnectionPool(host='android.lonoapp.net', port=443): Read timed out. (read timeout=10)
  OK 241/562 decrypted=True file=Chương 241 Đối Phó.txt
  OK 242/562 decrypted=True file=Chương 242 Thử Thách Xuất Hiện.txt
  OK 243/562 decrypted=True file=Chương 243 Tài Chính Ách Tắc.txt
  OK 244/562 decrypted=True file=Chương 244 Sóng Thần Đổ Bộ.txt
  OK 245/562 decrypted=True retry=2 file=Chương 245 Trốn.txt
  OK 246/562 decrypted=True file=Chương 246 Kết Thúc Là Để Bắt Đầu.txt
  OK 247/562 decrypted=True file=Chương 247 Mưu Đồ 1 2.txt
  OK 248/562 decrypted=True file=Chương 248 Mưu Đồ 2 2.txt
  OK 249/562 decrypted=True file=Chương 249 Quẻ Bói.txt
  OK 250/562 decrypted=True file=Chương 250 Toan Tính Của Vân Giang.txt
  OK 251/562 decrypted=True file=Chương 251 Cưỡng Tình.txt
  OK 252/562 decrypted=True file=Chương 252 Đỗ Bá Cường Ra Tay.txt
BATCH 253-264 / 562
  OK 253/562 decrypted=True file=Chương 253 Phô Trương Và Trấn Áp.txt
  OK 254/562 decrypted=True file=Chương 254 Sóng Êm Gió Lặng.txt
  OK 255/562 decrypted=True file=Chương 255 Tình Tự.txt
  OK 256/562 decrypted=True file=Chương 256 Đột Nhập.txt
  OK 257/562 decrypted=True file=Chương 257 Sóng Gió Lại Nổi.txt
  OK 258/562 decrypted=True file=Chương 258 Bước Tiến.txt
  OK 259/562 decrypted=True file=Chương 259 Phân Vân.txt
  OK 260/562 decrypted=True file=Chương 260 Phồn Vinh Là Đá Hoa Cương Hay Là Cát.txt
  OK 261/562 decrypted=True file=Chương 261 Tai Nạn.txt
  OK 262/562 decrypted=True file=Chương 262 Kỳ Ngộ.txt
  OK 263/562 decrypted=True file=Chương 263 Rắc Rối Ở Lạc Đô.txt
  OK 264/562 decrypted=True file=Chương 264 Một Con Đường Mới.txt
BATCH 265-276 / 562
  OK 265/562 decrypted=True file=Chương 265 Khai Mỏ.txt
  OK 266/562 decrypted=True file=Chương 266 Đối Thủ Tiềm Năng.txt
  OK 267/562 decrypted=True file=Chương 267 Hồi Sinh.txt
  OK 268/562 decrypted=True file=Chương 268 Khai Thông Đầu Ra.txt
  OK 269/562 decrypted=True file=Chương 269 Thành.txt
  OK 270/562 decrypted=True file=Chương 270 Chặn Xe.txt
  OK 271/562 decrypted=True file=Chương 271 Đi Là Để Trở Về.txt
  OK 272/562 decrypted=True file=Chương 272 Chaebol Một Con Đường.txt
  OK 273/562 decrypted=True file=Chương 273 Mở Rộng Quy Mô.txt
  OK 274/562 decrypted=True file=Chương 274 Lôi Kéo Hợp Tác.txt
  OK 275/562 decrypted=True file=Chương 275 Hiểm Độc Cùng Quả Báo.txt
  OK 276/562 decrypted=True file=Chương 276 Làm Đĩa Lậu.txt
BATCH 277-288 / 562
  OK 277/562 decrypted=True file=Chương 277 Điểm Đột Phá.txt
  OK 278/562 decrypted=True file=Chương 278 Hiến Kế Cho Bí Thư Thành Ủy.txt
  OK 279/562 decrypted=True file=Chương 279 Ánh Sáng Của Vùng Tây Bộ.txt
  OK 280/562 decrypted=True file=Chương 280 Mở Đường Tới Mỹ.txt
  OK 281/562 decrypted=True file=Chương 281 Tương Lai Điện Thoại Đi Động.txt
  OK 282/562 decrypted=True file=Chương 282 Quyết Định Của Trịnh Minh.txt
  OK 283/562 decrypted=True file=Chương 283 Có Kẻ Tới Giành Bát Cơm.txt
  OK 284/562 decrypted=True file=Chương 284 Tài Nguyên.txt
  OK 285/562 decrypted=True file=Chương 285 Kho Báu Núi Ma Ca.txt
  OK 286/562 decrypted=True file=Chương 286 Thiên Phúc Châu Báu.txt
  OK 287/562 decrypted=True file=Chương 287 Thu Mua Infosonics.txt
  OK 288/562 decrypted=True file=Chương 288 Miếng Bánh Lớn.txt
BATCH 289-300 / 562
  OK 289/562 decrypted=True file=Chương 289 Đường Sắt.txt
  OK 290/562 decrypted=True file=Chương 290 Khốn Cảnh Nhà Họ Triệu.txt
  OK 291/562 decrypted=True file=Chương 291 Gặp Mặt Trên Xe Buýt.txt
  OK 292/562 decrypted=True file=Chương 292 Vụ Tai Nạn.txt
  OK 293/562 decrypted=True file=Chương 293 Cơ Hội.txt
  OK 294/562 decrypted=True file=Chương 294 Ý Tưởng Phá Cách.txt
  OK 295/562 decrypted=True file=Chương 295 Tư Tưởng Thương Gia.txt
  OK 296/562 decrypted=True file=Chương 296 Một Tay Thao Lược.txt
  OK 297/562 decrypted=True file=Chương 297 Thủ Đoạn Truyền Thông.txt
  OK 298/562 decrypted=True file=Chương 298 Bạch Hạc Holding Nguy Cơ.txt
  OK 299/562 decrypted=True file=Chương 299 Tử Chiến.txt
  OK 300/562 decrypted=True file=Chương 300 Hoạn Nạn Tương Phùng.txt
BATCH 301-312 / 562
  OK 301/562 decrypted=True file=Chương 301 Lời Vàng Ý Ngọc.txt
  OK 302/562 decrypted=True file=Chương 302 Đuổi Mau Đuổi Theo.txt
  OK 303/562 decrypted=True file=Chương 303 Hợp Tác.txt
  OK 304/562 decrypted=True file=Chương 304 Tiêu Thụ Nóng Nảy.txt
  OK 305/562 decrypted=True file=Chương 305 Khởi Đầu Cuộc Chiến.txt
  OK 306/562 decrypted=True file=Chương 306 Đột Phá Nút Thắt.txt
  OK 307/562 decrypted=True file=Chương 307 Lại Đánh Quảng Cáo.txt
  OK 308/562 decrypted=True file=Chương 308 Bi Kịch Của Các Hãng Bán Lẻ.txt
  OK 309/562 decrypted=True file=Chương 309 Bại Lui.txt
  OK 310/562 decrypted=True file=Chương 310 Sản Phẩm Chiến Lược Mới.txt
  OK 311/562 decrypted=True file=Chương 311 Chiêu Thức Quảng Bá.txt
  OK 312/562 decrypted=True file=Chương 312 Bố Cục.txt
BATCH 313-324 / 562
  OK 313/562 decrypted=True file=Chương 313 Sản Phẩm Mới Cao Triều.txt
  OK 314/562 decrypted=True file=Chương 314 Thành Quả.txt
  OK 315/562 decrypted=True file=Chương 315 Cài Bẫy.txt
  OK 316/562 decrypted=True file=Chương 316 Lại Bày Kế.txt
  OK 317/562 decrypted=True file=Chương 317 Bị Bắn.txt
  OK 318/562 decrypted=True file=Chương 318 Trường Giang Gặp Khó.txt
  OK 319/562 decrypted=True file=Chương 319 Trường Giang Cầu Hợp Tác.txt
  OK 320/562 decrypted=True file=Chương 320 Cái Chết Hoa Hồng.txt
  OK 321/562 decrypted=True file=Chương 321 Cơ Hội Ở Nhật.txt
  OK 322/562 decrypted=True file=Chương 322 Bước Đi Mới.txt
  OK 323/562 decrypted=True file=Chương 323 Hoạch Định.txt
  OK 324/562 decrypted=True file=Chương 324 Gặp Lại.txt
BATCH 325-336 / 562
  OK 325/562 decrypted=True file=Chương 325 Mượn Thế.txt
  OK 326/562 decrypted=True file=Chương 326 Đánh Giá.txt
  OK 327/562 decrypted=True file=Chương 327 Sơ Nhập Mạng Lưới.txt
  OK 328/562 decrypted=True file=Chương 328 Lần Mò Trong Sương Mù Sản Nghiệp.txt
  OK 329/562 decrypted=True file=Chương 329 Trần Đan Em Là Ai.txt
  OK 330/562 decrypted=True file=Chương 330 Anh Chẳng Sao Mà.txt
  OK 331/562 decrypted=True file=Chương 331 Thủ Đoạn Gia Tăng Lưu Lượng.txt
  OK 332/562 decrypted=True file=Chương 332 Đầu Mối.txt
  OK 333/562 decrypted=True file=Chương 333 Chuyển Đổi Sản Xuất.txt
  OK 334/562 decrypted=True file=Chương 334 Đi Bán Thịt Xiên.txt
  OK 335/562 decrypted=True file=Chương 335 Ban Nhạc Nghiệp Dư.txt
  OK 336/562 decrypted=True file=Chương 336 Lại Lần Nữa Tương Phùng.txt
BATCH 337-348 / 562
  OK 337/562 decrypted=True file=Chương 337 Backstreet Boys Lên Đài.txt
  OK 338/562 decrypted=True file=Chương 338 Tiến Triển Bước Đầu.txt
  OK 339/562 decrypted=True file=Chương 339 My Music Thượng Tuyến.txt
  OK 340/562 decrypted=True file=Chương 340 Thành Tích.txt
  OK 341/562 decrypted=True file=Chương 341 Chuyện Trước Cổng Ký Túc.txt
  OK 342/562 decrypted=True file=Chương 342 Ẩu Đả.txt
  OK 343/562 decrypted=True file=Chương 343 Trần Tĩnh.txt
  OK 344/562 decrypted=True file=Chương 344 Tiếp Tục Bố Cục.txt
  OK 345/562 decrypted=True file=Chương 345 Chấn Động.txt
  OK 346/562 decrypted=True file=Chương 346 Đối Thủ Dòm Ngó Kế Hoạch Mới.txt
  OK 347/562 decrypted=True file=Chương 347 Chuyện Ở Ngân Hàng.txt
  OK 348/562 decrypted=True file=Chương 348 Khách Vip.txt
BATCH 349-360 / 562
❌ Lỗi khi tải chương 12786748: HTTPSConnectionPool(host='android.lonoapp.net', port=443): Read timed out. (read timeout=10)
  OK 349/562 decrypted=True file=Chương 349 Tặng Điện Thoại.txt
  OK 350/562 decrypted=True file=Chương 350 Đến Huệ Châu.txt
  OK 351/562 decrypted=True file=Chương 351 Xin Hỏi Thế Gian Tình Là Gì.txt
  OK 352/562 decrypted=True file=Chương 352 Tính Toán Mới.txt
  OK 353/562 decrypted=True file=Chương 353 Tìm Tống Gia Thụ.txt
  OK 354/562 decrypted=True file=Chương 354 Mắt Xích.txt
  OK 355/562 decrypted=True file=Chương 355 Trước Đêm Chung Kết.txt
  OK 356/562 decrypted=True file=Chương 356 Dabu Lo Sợ.txt
  OK 357/562 decrypted=True file=Chương 357 Mở Xưởng.txt
  OK 358/562 decrypted=True retry=2 file=Chương 358 Từng Bước Phát Triển.txt
  OK 359/562 decrypted=True file=Chương 359 Hợp Tác Intel.txt
  OK 360/562 decrypted=True file=Chương 360 Dabu Gấp Gáp.txt
BATCH 361-372 / 562
  OK 361/562 decrypted=True file=Chương 361 Serise A Mở Màn.txt
  OK 362/562 decrypted=True file=Chương 362 Chiến Đàm.txt
  OK 363/562 decrypted=True file=Chương 363 Căng Thẳng.txt
  OK 364/562 decrypted=True file=Chương 364 C2 Ra Lò.txt
  OK 365/562 decrypted=True file=Chương 365 Mạng Lưới Phân Phối Mới.txt
  OK 366/562 decrypted=True file=Chương 366 Thương Mại Điện Tử Sơ Khởi.txt
  OK 367/562 decrypted=True file=Chương 367 Bước Đi Chiến Lược.txt
  OK 368/562 decrypted=True file=Chương 368 Nông Trường Vui Vẻ.txt
  OK 369/562 decrypted=True file=Chương 369 Xung Đột Ở Bể Bơi.txt
  OK 370/562 decrypted=True file=Chương 370 Thị Phi.txt
  OK 371/562 decrypted=True file=Chương 371 Nghìn Đóa Hoa.txt
  OK 372/562 decrypted=True file=Chương 372 Sphone.txt
BATCH 373-384 / 562
❌ Lỗi khi tải chương 12786773: HTTPSConnectionPool(host='android.lonoapp.net', port=443): Read timed out. (read timeout=10)
  OK 373/562 decrypted=True file=Chương 373 Quy Hoạch Epay.txt
  OK 374/562 decrypted=True file=Chương 374 Liên Minh Khổ Nhục Kế.txt
  OK 375/562 decrypted=True file=Chương 375 Lại Phát Sinh Rắc Rối.txt
  OK 376/562 decrypted=True file=Chương 376 Tieba Bị Uy Hiếp.txt
  OK 377/562 decrypted=True file=Chương 377 Vụ Drift Xe.txt
  OK 378/562 decrypted=True file=Chương 378 Hình Thức Lợi Nhuận Của Epay.txt
  OK 379/562 decrypted=True file=Chương 379 Đối Địch.txt
  OK 380/562 decrypted=True file=Chương 380 Phản Kích.txt
  OK 381/562 decrypted=True file=Chương 381 Icq Bar Bị Đánh Sập.txt
  OK 382/562 decrypted=True file=Chương 382 Diễn Biến Phía Sau.txt
  OK 383/562 decrypted=True retry=2 file=Chương 383 Liên Miên Không Dứt.txt
  OK 384/562 decrypted=True file=Chương 384 Chiến Tranh Mạng.txt
BATCH 385-396 / 562
  OK 385/562 decrypted=True file=Chương 385 Sóng Gió Dồn Dập.txt
  OK 386/562 decrypted=True file=Chương 386 Ván Cờ Kết Thúc.txt
  OK 387/562 decrypted=True file=Chương 387 Epay Login.txt
  OK 388/562 decrypted=True file=Chương 388 Thao Túng.txt
  OK 389/562 decrypted=True file=Chương 389 Việc Ở Xóm Trọ.txt
  OK 390/562 decrypted=True file=Chương 390 Khung Giờ Đã Điểm.txt
  OK 391/562 decrypted=True file=Chương 391 Mê Muội.txt
  OK 392/562 decrypted=True file=Chương 392 Gia Tăng Thuộc Tính Xã Khu.txt
  OK 393/562 decrypted=True file=Chương 393 Gió Động Bốn Phương.txt
  OK 394/562 decrypted=True file=Chương 394 Buổi Liên Nghị.txt
  OK 395/562 decrypted=True file=Chương 395 Loại Trừ.txt
  OK 396/562 decrypted=True file=Chương 396 Giới Thiệu Sphone 1.txt
BATCH 397-408 / 562
  OK 397/562 decrypted=True file=Chương 397 Tâm Tư.txt
  OK 398/562 decrypted=True file=Chương 398 Liên Tín.txt
  OK 399/562 decrypted=True file=Chương 399 Binh Động Tứ Phương.txt
  OK 400/562 decrypted=True file=Chương 400 Cân Đối.txt
  OK 401/562 decrypted=True file=Chương 401 Từng Bước Mở Rộng.txt
  OK 402/562 decrypted=True file=Chương 402 Chỉ Tôi Có Quyền Bắt Nạt.txt
  OK 403/562 decrypted=True file=Chương 403 Series B Hoàn Thành Yy Khởi Động.txt
  OK 404/562 decrypted=True file=Chương 404 Liên Hợp Epay Happy Farm.txt
  OK 405/562 decrypted=True file=Chương 405 Centent Ra Chiêu.txt
  OK 406/562 decrypted=True file=Chương 406 Cuộc Chiến Sơ Khởi.txt
  OK 407/562 decrypted=True file=Chương 407 Bày Binh.txt
  OK 408/562 decrypted=True file=Chương 408 Một Chiêu Tuyệt Kỹ.txt
BATCH 409-420 / 562
  OK 409/562 decrypted=True file=Chương 409 Vô Tiền Khoáng Hậu.txt
  OK 410/562 decrypted=True file=Chương 410 Asml Hà Lan.txt
  OK 411/562 decrypted=True file=Chương 411 Tranh Đoạt Tiêu Vương.txt
  OK 412/562 decrypted=True file=Chương 412 Lan Tỏa.txt
  OK 413/562 decrypted=True file=Chương 413 Sức Mạnh Của Quảng Cáo.txt
  OK 414/562 decrypted=True file=Chương 414 Tinh Hoa.txt
  OK 415/562 decrypted=True file=Chương 415 Hợp Tác Với Công Ty Game.txt
  OK 416/562 decrypted=True file=Chương 416 Big Data.txt
  OK 417/562 decrypted=True file=Chương 417 Triển Khai Nghiệp Vụ Mới.txt
  OK 418/562 decrypted=True file=Chương 418 Bức Hiếp.txt
  OK 419/562 decrypted=True file=Chương 419 Hoa Vĩ.txt
  OK 420/562 decrypted=True file=Chương 420 Thiệu Quân.txt
BATCH 421-432 / 562
  OK 421/562 decrypted=True file=Chương 421 Nhặt Được Vàng.txt
  OK 422/562 decrypted=True file=Chương 422 Quy Hoạch Điện Thoại Thông Minh.txt
  OK 423/562 decrypted=True file=Chương 423 Vấn Thế.txt
  OK 424/562 decrypted=True file=Chương 424 Lấy Gì Ra Mà Đấu.txt
  OK 425/562 decrypted=True file=Chương 425 Thế Hệ Di Động Thứ Hai.txt
  OK 426/562 decrypted=True file=Chương 426 Tản Mạn.txt
  OK 427/562 decrypted=True file=Chương 427 Taobao Khởi Động.txt
  OK 428/562 decrypted=True file=Chương 428 Hội Ngộ.txt
  OK 429/562 decrypted=True file=Chương 429 Chuyện Ở Hội Nghị.txt
  OK 430/562 decrypted=True file=Chương 430 Thương Tâm.txt
  OK 431/562 decrypted=True file=Chương 431 Một Kích Tuyệt Mệnh.txt
  OK 432/562 decrypted=True file=Chương 432 Quét Ngang Thiên Hạ.txt
BATCH 433-444 / 562
  OK 433/562 decrypted=True file=Chương 433 Hoang Mang.txt
  OK 434/562 decrypted=True file=Chương 434 Phản.txt
  OK 435/562 decrypted=True file=Chương 435 Nghệ Thuật Quản Lý.txt
  OK 436/562 decrypted=True file=Chương 436 Sự Sụp Đổ Của Một Đế Chế.txt
  OK 437/562 decrypted=True file=Chương 437 Hùng Hổ Cướp Người.txt
  OK 438/562 decrypted=True file=Chương 438 Mê.txt
  OK 439/562 decrypted=True file=Chương 439 Mưu Cục.txt
  OK 440/562 decrypted=True file=Chương 440 Dịch Vụ Chuyển Phát.txt
  OK 441/562 decrypted=True file=Chương 441 Thu Hồi Nhựa Bạch Hạc.txt
  OK 442/562 decrypted=True file=Chương 442 Toàn Cầu Hóa.txt
  OK 443/562 decrypted=True file=Chương 443 Ngạo Khí.txt
  OK 444/562 decrypted=True file=Chương 444 Sơ Tranh.txt
BATCH 445-456 / 562
  OK 445/562 decrypted=True file=Chương 445 Sương Giăng Mù Mịt.txt
  OK 446/562 decrypted=True file=Chương 446 Khí Độ.txt
  OK 447/562 decrypted=True file=Chương 447 Mọi Mặt Sắp Đặt.txt
  OK 448/562 decrypted=True file=Chương 448 Kỳ Tích.txt
  OK 449/562 decrypted=True file=Chương 449 Trở Ngại.txt
  OK 450/562 decrypted=True file=Chương 450 Lo Lắng.txt
  OK 451/562 decrypted=True file=Chương 451 Chấn Động.txt
  OK 452/562 decrypted=True file=Chương 452 Rối Loạn.txt
  OK 453/562 decrypted=True file=Chương 453 Tuyệt Vọng.txt
  OK 454/562 decrypted=True file=Chương 454 Nghi Ngờ.txt
  OK 455/562 decrypted=True file=Chương 455 Taobao Thượng Tuyến.txt
  OK 456/562 decrypted=True file=Chương 456 Tức Giận.txt
BATCH 457-468 / 562
  OK 457/562 decrypted=True file=Chương 457 Xuất Ngoại.txt
  OK 458/562 decrypted=True file=Chương 458 Chiêu Mộ.txt
  OK 459/562 decrypted=True file=Chương 459 Thu Phục.txt
  OK 460/562 decrypted=True file=Chương 460 Thành Tích.txt
  OK 461/562 decrypted=True file=Chương 461 Tiệm Net.txt
  OK 462/562 decrypted=True file=Chương 462 Khởi Nghiệp.txt
  OK 463/562 decrypted=True file=Chương 463 Liên Hợp.txt
  OK 464/562 decrypted=True file=Chương 464 Tiếp Cận.txt
  OK 465/562 decrypted=True file=Chương 465 Người Về Từ Tây Á.txt
  OK 466/562 decrypted=True file=Chương 466 Quá tải.txt
  OK 467/562 decrypted=True file=Chương 467 Nền kinh tế thần tượng.txt
  OK 468/562 decrypted=True file=Chương 468 Thoái vốn & Cao tốc Bắc Nam.txt
BATCH 469-480 / 562
❌ Lỗi khi tải chương 12786880: HTTPSConnectionPool(host='android.lonoapp.net', port=443): Read timed out. (read timeout=10)
❌ Lỗi khi tải chương 12821009: HTTPSConnectionPool(host='android.lonoapp.net', port=443): Read timed out. (read timeout=10)
  OK 469/562 decrypted=True retry=2 file=Chương 469 Tầm nhìn đại cục.txt
  OK 470/562 decrypted=True file=Chương 470 IPO.txt
  OK 471/562 decrypted=True file=Chương 471 Đề nghị.txt
  OK 472/562 decrypted=True file=Chương 472 Diễn biến ngoài dự liệu.txt
  OK 473/562 decrypted=True file=Chương 473 Đinh Tiến Lực nhờ cậy.txt
  OK 474/562 decrypted=True file=Chương 474 58 tỷ HK$.txt
  OK 475/562 decrypted=True file=Chương 475 Ngày trở về.txt
  OK 476/562 decrypted=True file=Chương 476 Ngày trở về 2 2.txt
  OK 477/562 decrypted=True file=Chương 477 Siêu Dự án Món quà lớn.txt
  OK 478/562 decrypted=True file=Chương 478 Tiếp quản.txt
  OK 479/562 decrypted=True retry=2 file=Chương 479 Thiếu nữ tuổi đôi mươi.txt
  OK 480/562 decrypted=True file=Chương 480 Gặp lại cố nhân.txt
BATCH 481-492 / 562
  OK 481/562 decrypted=True file=Chương 481 Tranh cãi.txt
  OK 482/562 decrypted=True file=Chương 482 Lỡ làm người rồi không thể sống một cuộc đời phí hoài được.txt
  OK 483/562 decrypted=True file=Chương 483 Khánh thành.txt
  OK 484/562 decrypted=True file=Chương 484 Chuyển giá.txt
  OK 485/562 decrypted=True file=Chương 485 Khí phách Lưu Tổng.txt
  OK 486/562 decrypted=True file=Chương 486 Thần khí trấn cục.txt
  OK 487/562 decrypted=True file=Chương 487 Sản nghiệp bề bộn.txt
  OK 488/562 decrypted=True file=Chương 488 Khởi động.txt
  OK 489/562 decrypted=True file=Chương 489 Ngân hàng chống lưng.txt
  OK 490/562 decrypted=True file=Chương 490 Lời mời buổi sáng.txt
  OK 491/562 decrypted=True file=Chương 491 Trần Bá Dương.txt
  OK 492/562 decrypted=True file=Chương 492 Chấn kinh Mã Tổng.txt
BATCH 493-504 / 562
  OK 493/562 decrypted=True file=Chương 493 Gây sự.txt
  OK 494/562 decrypted=True file=Chương 494 Như thế nào mới là thổ hào.txt
  OK 495/562 decrypted=True file=Chương 495 Anh hùng hội ngộ.txt
  OK 496/562 decrypted=True file=Chương 496 Vui mừng gấp bội.txt
  OK 497/562 decrypted=True file=Chương 497 Một mũi tên trúng nhiều đích.txt
  OK 498/562 decrypted=True file=Chương 498 Một ân tình Thu phục.txt
  OK 499/562 decrypted=True file=Chương 499 Lời mời.txt
  OK 500/562 decrypted=True file=Chương 500 Big Sale Off 99.txt
  OK 501/562 decrypted=True file=Chương 501 Địa chấn.txt
  OK 502/562 decrypted=True file=Chương 502 Thiên la địa võng.txt
  OK 503/562 decrypted=True file=Chương 503 Nhịp điệu.txt
  OK 504/562 decrypted=True file=Chương 504 Điều kiện chiến lược.txt
BATCH 505-516 / 562
❌ Lỗi khi tải chương 13029337: HTTPSConnectionPool(host='android.lonoapp.net', port=443): Read timed out. (read timeout=10)
  OK 505/562 decrypted=True file=Chương 505 Cũng chỉ là đến thế.txt
  OK 506/562 decrypted=True file=Chương 506 Lưu Chính Đông muốn bán đồ cũ.txt
  OK 507/562 decrypted=True file=Chương 507 Sách lược thiên tài.txt
  OK 508/562 decrypted=True file=Chương 508 Tái ngộ họ Vương.txt
  OK 509/562 decrypted=True file=Chương 509 Fintech Ý tưởng của thiên tài.txt
  OK 510/562 decrypted=True file=Chương 510 Đất hiếm và Đối thủ sau màn.txt
  OK 511/562 decrypted=True file=Chương 511 Lời đề nghị.txt
  OK 512/562 decrypted=True file=Chương 512 Xao động.txt
  OK 513/562 decrypted=True file=Chương 513 Tranh Vẫn là không tranh.txt
  OK 514/562 decrypted=True retry=2 file=Chương 514 Hiến Đề án.txt
  OK 515/562 decrypted=True file=Chương 515 Hồng Gia Hưng Nghiệp Giai đoạn phát triển thứ hai.txt
  OK 516/562 decrypted=True file=Chương 516 Nguồn gốc cảm hứng.txt
BATCH 517-528 / 562
  OK 517/562 decrypted=True file=Chương 517 Sứ mệnh của Dự án Vi chip.txt
  OK 518/562 decrypted=True file=Chương 518 Hợp tác với Tinh Hà.txt
  OK 519/562 decrypted=True file=Chương 519 Giải pháp tạm thời.txt
  OK 520/562 decrypted=True file=Chương 520 Vô đề.txt
  OK 521/562 decrypted=True file=Chương 521 Đối phó.txt
  OK 522/562 decrypted=True file=Chương 522 Khởi công.txt
  OK 523/562 decrypted=True file=Chương 523 Hành trình.txt
  OK 524/562 decrypted=True file=Chương 524 Tản mạn.txt
  OK 525/562 decrypted=True file=Chương 525 Kết thúc hành trình.txt
  OK 526/562 decrypted=True retry=2 file=Chương 526 Triển khai Đại dự án.txt
  OK 527/562 decrypted=True file=Chương 527 Thành lập ngân hàng.txt
  OK 528/562 decrypted=True file=Chương 528 Thành phố trong mơ.txt
BATCH 529-540 / 562
  OK 529/562 decrypted=True file=Chương 529 Tin tức.txt
  OK 530/562 decrypted=True file=Chương 530 Tư vấn.txt
  OK 531/562 decrypted=True file=Chương 531 Tâm tư.txt
  OK 532/562 decrypted=True file=Chương 532 Tiki Holding có bước đi mới.txt
  OK 533/562 decrypted=True file=Chương 533 Đề nghị của Lưu Chính Đông.txt
  OK 534/562 decrypted=True file=Chương 534 Thương thảo Quỹ Tín dụng.txt
  OK 535/562 decrypted=True file=Chương 535 Khởi động Bạch Hạc Auto.txt
  OK 536/562 decrypted=True file=Chương 536 Những vị khách không mời.txt
  OK 537/562 decrypted=True file=Chương 537 Thân thế của Ánh Dương.txt
  OK 538/562 decrypted=True file=Chương 538 Thành tựu mới.txt
  OK 539/562 decrypted=True file=Chương 539 Thiếu sót trí mạng.txt
  OK 540/562 decrypted=True file=Chương 540 Nguy cơ uy hiếp.txt
BATCH 541-552 / 562
  OK 541/562 decrypted=True file=Chương 541 Chiến lược thực thi.txt
  OK 542/562 decrypted=True file=Chương 542 Hoang mang toàn giới.txt
  OK 543/562 decrypted=True file=Chương 543 Ưu đãi.txt
  OK 544/562 decrypted=True file=Chương 544 Tiến triển.txt
  OK 545/562 decrypted=True file=Chương 545 Tháo ngòi nổ.txt
  OK 546/562 decrypted=True file=Chương 546 Khởi công.txt
  OK 547/562 decrypted=True file=Chương 547 Nhiệm vụ đặc biệt.txt
  OK 548/562 decrypted=True file=Chương 548 Tới thăm.txt
  OK 549/562 decrypted=True file=Chương 549 Lời hứa.txt
  OK 550/562 decrypted=True file=Chương 550 Giải thưởng.txt
  OK 551/562 decrypted=True file=Chương 551 Nghìn dặm mộ nhân tài.txt
  OK 552/562 decrypted=True file=Chương 552 Một loạt sự kiện.txt
BATCH 553-562 / 562
  OK 553/562 decrypted=True file=Chương 553 Iphone ra mắt.txt
  OK 554/562 decrypted=True file=Chương 554 Hiệu ứng.txt
  OK 555/562 decrypted=True file=Chương 555 Áp lực.txt
  OK 556/562 decrypted=True file=Chương 556 Thất thủ.txt
  OK 557/562 decrypted=True file=Chương 557 Đặc khu.txt
  OK 558/562 decrypted=True file=Chương 558 Đặc khu 2.txt
  OK 559/562 decrypted=True file=Chương 559 Hóa giải.txt
  OK 560/562 decrypted=True file=Chương 560 Rời bỏ.txt
  OK 561/562 decrypted=True file=Chương 561 Thành tựu.txt
  OK 562/562 decrypted=True file=Chương 562 Đại kết cục.txt
final_ok=562
final_fail=0
out=C:\Dev\MTC\Vô Địch Gian Thương

[stderr]
