book=Chiến Kỳ Phương Nam Dũng Khởi Phần 2
book_id=118404
out=C:\Dev\MTC\Chiến Kỳ Phương Nam Dũng Khởi Phần 2
chapters_total=313 expected=313
[1/313] download chapter_id=16256090 file=Chương 1 kế hoạch phát triển một thời kỳ mới.txt
  OK decrypted=True written=Chương 1 kế hoạch phát triển một thời kỳ mới.txt
[2/313] download chapter_id=16258470 file=Chương 2 kế hoạch.txt
  OK decrypted=True written=Chương 2 kế hoạch.txt
[3/313] download chapter_id=16258669 file=Chương 3 kế hoạch 2.txt
  OK decrypted=True written=Chương 3 kế hoạch 2.txt
[4/313] download chapter_id=16258717 file=Chương 4 tình hình Đại Nguyên.txt
  OK decrypted=True written=Chương 4 tình hình Đại Nguyên.txt
[5/313] download chapter_id=16287026 file=Chương 5 tình hình Đại Nguyên 2.txt
  OK decrypted=True written=Chương 5 tình hình Đại Nguyên 2.txt
[6/313] download chapter_id=16287027 file=Chương 6 thử súng thần Công.txt
  OK decrypted=True written=Chương 6 thử súng thần Công.txt
[7/313] download chapter_id=16287030 file=Chương 7 thử súng thần công 2.txt
  OK decrypted=True written=Chương 7 thử súng thần công 2.txt
[8/313] download chapter_id=16287034 file=Chương 8 thử súng thần công 3.txt
  OK decrypted=True written=Chương 8 thử súng thần công 3.txt
[9/313] download chapter_id=16287055 file=Chương 9 đại liêu tham chiến.txt
  OK decrypted=True written=Chương 9 đại liêu tham chiến.txt
[10/313] download chapter_id=16287129 file=Chương 10 Chiến Tranh Và Âm Mưu.txt
  OK decrypted=True written=Chương 10 Chiến Tranh Và Âm Mưu.txt
[11/313] download chapter_id=16289710 file=Chương 11 Chiến Hậu.txt
  OK decrypted=True written=Chương 11 Chiến Hậu.txt
[12/313] download chapter_id=16289859 file=Chương 12 Hòa Đàm.txt
  OK decrypted=True written=Chương 12 Hòa Đàm.txt
[13/313] download chapter_id=16290090 file=Chương 13 Hòa Đàm 2.txt
  OK decrypted=True written=Chương 13 Hòa Đàm 2.txt
[14/313] download chapter_id=16290213 file=Chương 14 Hòa Đàm 3.txt
  OK decrypted=True written=Chương 14 Hòa Đàm 3.txt
[15/313] download chapter_id=16290277 file=Chương 15 thế cục.txt
  OK decrypted=True written=Chương 15 thế cục.txt
[16/313] download chapter_id=16293132 file=Chương 16 thế cục 2.txt
  OK decrypted=True written=Chương 16 thế cục 2.txt
[17/313] download chapter_id=16293485 file=Chương 17 thế cục 3.txt
  OK decrypted=True written=Chương 17 thế cục 3.txt
[18/313] download chapter_id=16293651 file=Chương 18 thế cục Cửu Châu 4.txt
  OK decrypted=True written=Chương 18 thế cục Cửu Châu 4.txt
[19/313] download chapter_id=16294103 file=Chương 19 thế cục 5.txt
  OK decrypted=True written=Chương 19 thế cục 5.txt
[20/313] download chapter_id=16294201 file=Chương 20 phát triển.txt
  OK decrypted=True written=Chương 20 phát triển.txt
[21/313] download chapter_id=16294272 file=Chương 21 khoa cử.txt
  OK decrypted=True written=Chương 21 khoa cử.txt
[22/313] download chapter_id=16294311 file=Chương 22 khoa cử 2.txt
  OK decrypted=True written=Chương 22 khoa cử 2.txt
[23/313] download chapter_id=16294330 file=Chương 23 khoa cử 3.txt
  OK decrypted=True written=Chương 23 khoa cử 3.txt
[24/313] download chapter_id=16294349 file=Chương 24 Khoa cử 4.txt
  OK decrypted=True written=Chương 24 Khoa cử 4.txt
[25/313] download chapter_id=16297131 file=Chương 25 phát hiện đại hình hòn đảo.txt
  OK decrypted=True written=Chương 25 phát hiện đại hình hòn đảo.txt
[26/313] download chapter_id=16297252 file=Chương 26 Trưng Trắc lại có thai.txt
  OK decrypted=True written=Chương 26 Trưng Trắc lại có thai.txt
[27/313] download chapter_id=16297416 file=Chương 27 cảnh cáo.txt
  OK decrypted=True written=Chương 27 cảnh cáo.txt
[28/313] download chapter_id=16297566 file=Chương 28 xung đột tại Thảo Nguyên.txt
  OK decrypted=True written=Chương 28 xung đột tại Thảo Nguyên.txt
[29/313] download chapter_id=16297713 file=Chương 29 xung đột Trên Thảo Nguyên 2.txt
  OK decrypted=True written=Chương 29 xung đột Trên Thảo Nguyên 2.txt
[30/313] download chapter_id=16297714 file=Chương 30 cầu viện.txt
  OK decrypted=True written=Chương 30 cầu viện.txt
[31/313] download chapter_id=16300838 file=Chương 31 cầu viện 2.txt
  OK decrypted=True written=Chương 31 cầu viện 2.txt
[32/313] download chapter_id=16300997 file=Chương 32 cầu viện 3.txt
  OK decrypted=True written=Chương 32 cầu viện 3.txt
[33/313] download chapter_id=16301579 file=Chương 33 kế hoạch mới.txt
  OK decrypted=True written=Chương 33 kế hoạch mới.txt
[34/313] download chapter_id=16315263 file=Chương 34 kế hoạch mới 2.txt
  OK decrypted=True written=Chương 34 kế hoạch mới 2.txt
[35/313] download chapter_id=16315281 file=Chương 35 thế cục Cửu Châu biến động.txt
  OK decrypted=True written=Chương 35 thế cục Cửu Châu biến động.txt
[36/313] download chapter_id=16315304 file=Chương 36 Thế cục Cửu Châu biến động 2.txt
  OK decrypted=True written=Chương 36 Thế cục Cửu Châu biến động 2.txt
[37/313] download chapter_id=16315350 file=Chương 37 đàm phán.txt
  OK decrypted=True written=Chương 37 đàm phán.txt
[38/313] download chapter_id=16315391 file=Chương 38 đánh nghi binh.txt
  OK decrypted=True written=Chương 38 đánh nghi binh.txt
[39/313] download chapter_id=16315423 file=Chương 39 đánh nghi binh 2.txt
  OK decrypted=True written=Chương 39 đánh nghi binh 2.txt
[40/313] download chapter_id=16315461 file=Chương 40 Đánh nghi binh 3.txt
  OK decrypted=True written=Chương 40 Đánh nghi binh 3.txt
[41/313] download chapter_id=16315594 file=Chương 41 đánh nghị định 5.txt
  OK decrypted=True written=Chương 41 đánh nghị định 5.txt
[42/313] download chapter_id=16316604 file=Chương 42 Rắc Rối.txt
  OK decrypted=True written=Chương 42 Rắc Rối.txt
[43/313] download chapter_id=16316613 file=Chương 43 Rắc Rối 2.txt
  OK decrypted=True written=Chương 43 Rắc Rối 2.txt
[44/313] download chapter_id=16316634 file=Chương 44 rắc rối 3.txt
  OK decrypted=True written=Chương 44 rắc rối 3.txt
[45/313] download chapter_id=16316648 file=Chương 45 Rắc Rối 4.txt
  OK decrypted=True written=Chương 45 Rắc Rối 4.txt
[46/313] download chapter_id=16316684 file=Chương 46 thế cục mới.txt
  OK decrypted=True written=Chương 46 thế cục mới.txt
[47/313] download chapter_id=16316694 file=Chương 47 thế cục mới 2.txt
  OK decrypted=True written=Chương 47 thế cục mới 2.txt
[48/313] download chapter_id=16316698 file=Chương 48 thế cục 3.txt
  OK decrypted=True written=Chương 48 thế cục 3.txt
[49/313] download chapter_id=16316704 file=Chương 49 chiến tranh.txt
  OK decrypted=True written=Chương 49 chiến tranh.txt
[50/313] download chapter_id=16316709 file=Chương 50 chiến tranh 2.txt
  OK decrypted=True written=Chương 50 chiến tranh 2.txt
[51/313] download chapter_id=16316727 file=Chương 51 chiến tranh 3.txt
  OK decrypted=True written=Chương 51 chiến tranh 3.txt
[52/313] download chapter_id=16316730 file=Chương 52 cái chết của Mặc Đốn.txt
  OK decrypted=True written=Chương 52 cái chết của Mặc Đốn.txt
[53/313] download chapter_id=16316731 file=Chương 53 cái chết của Mạc đốn 2.txt
  OK decrypted=True written=Chương 53 cái chết của Mạc đốn 2.txt
[54/313] download chapter_id=16316737 file=Chương 54 chuẩn bị cho đại chiến.txt
  OK decrypted=True written=Chương 54 chuẩn bị cho đại chiến.txt
[55/313] download chapter_id=16316738 file=Chương 55 chuẩn bị cho đại chiến 2.txt
  OK decrypted=True written=Chương 55 chuẩn bị cho đại chiến 2.txt
[56/313] download chapter_id=16316804 file=Chương 56 chuẩn bị Đại Chiến 3.txt
  OK decrypted=True written=Chương 56 chuẩn bị Đại Chiến 3.txt
[57/313] download chapter_id=16316873 file=Chương 57 chuẩn bị Đại Chiến 4.txt
  OK decrypted=True written=Chương 57 chuẩn bị Đại Chiến 4.txt
[58/313] download chapter_id=16316883 file=Chương 58 chuẩn bị chiến tranh 5.txt
  OK decrypted=True written=Chương 58 chuẩn bị chiến tranh 5.txt
[59/313] download chapter_id=16316895 file=Chương 59 thành Bắc Kinh thất thủ.txt
  OK decrypted=True written=Chương 59 thành Bắc Kinh thất thủ.txt
[60/313] download chapter_id=16316897 file=Chương 60 Thành Bắc Kinh Thất Thủ 2.txt
  OK decrypted=True written=Chương 60 Thành Bắc Kinh Thất Thủ 2.txt
[61/313] download chapter_id=16316898 file=Chương 61 đại chiến nổ ra.txt
  OK decrypted=True written=Chương 61 đại chiến nổ ra.txt
[62/313] download chapter_id=16316901 file=Chương 62 cuộc chiến thảm khốc.txt
  OK decrypted=True written=Chương 62 cuộc chiến thảm khốc.txt
[63/313] download chapter_id=16316904 file=Chương 63 trận chiến rừng mê Lâm.txt
  OK decrypted=True written=Chương 63 trận chiến rừng mê Lâm.txt
[64/313] download chapter_id=16319987 file=Chương 64 trận chiến rừng mê Lâm 2.txt
  OK decrypted=True written=Chương 64 trận chiến rừng mê Lâm 2.txt
[65/313] download chapter_id=16320032 file=Chương 65 cuộc chiến rừng mê lâm 3.txt
  OK decrypted=True written=Chương 65 cuộc chiến rừng mê lâm 3.txt
[66/313] download chapter_id=16321528 file=Chương 66 cuộc chiến rừng mê lâm 4.txt
  OK decrypted=True written=Chương 66 cuộc chiến rừng mê lâm 4.txt
[67/313] download chapter_id=16321567 file=Chương 67 cuộc chiến rừng mê Lâm 5.txt
  OK decrypted=True written=Chương 67 cuộc chiến rừng mê Lâm 5.txt
[68/313] download chapter_id=16321616 file=Chương 68 cuộc chiến rừng mê Lâm 6.txt
  OK decrypted=True written=Chương 68 cuộc chiến rừng mê Lâm 6.txt
[69/313] download chapter_id=16326557 file=Chương 69 cuộc chiến rừng mê Lâm 7.txt
  OK decrypted=True written=Chương 69 cuộc chiến rừng mê Lâm 7.txt
[70/313] download chapter_id=16326558 file=Chương 70 cuộc chiến rừng mê Lâm 8.txt
  OK decrypted=True written=Chương 70 cuộc chiến rừng mê Lâm 8.txt
[71/313] download chapter_id=16326559 file=Chương 71 cuộc chiến rừng mê Lâm 9.txt
  OK decrypted=True written=Chương 71 cuộc chiến rừng mê Lâm 9.txt
[72/313] download chapter_id=16326560 file=Chương 72 cuộc chiến rừng mê Lâm 10.txt
  OK decrypted=True written=Chương 72 cuộc chiến rừng mê Lâm 10.txt
[73/313] download chapter_id=16326561 file=Chương 73 cuộc chiến rừng mê Lâm 11.txt
  OK decrypted=True written=Chương 73 cuộc chiến rừng mê Lâm 11.txt
[74/313] download chapter_id=16326562 file=Chương 74 cuộc chuyến rừng mê Lâm 12.txt
  OK decrypted=True written=Chương 74 cuộc chuyến rừng mê Lâm 12.txt
[75/313] download chapter_id=16326563 file=Chương 75 cuộc chiến rừng mê Lâm 13.txt
  OK decrypted=True written=Chương 75 cuộc chiến rừng mê Lâm 13.txt
[76/313] download chapter_id=16326564 file=Chương 76 cuộc chiến rừng mê Lâm 14.txt
  OK decrypted=True written=Chương 76 cuộc chiến rừng mê Lâm 14.txt
[77/313] download chapter_id=16326581 file=Chương 77 cuộc chiến rừng mê Lâm 15.txt
  OK decrypted=True written=Chương 77 cuộc chiến rừng mê Lâm 15.txt
[78/313] download chapter_id=16326582 file=Chương 78 Chiến Hậu.txt
  OK decrypted=True written=Chương 78 Chiến Hậu.txt
[79/313] download chapter_id=16326583 file=Chương 79 chiến hậu 2.txt
  OK decrypted=True written=Chương 79 chiến hậu 2.txt
[80/313] download chapter_id=16326584 file=Chương 80 thế cục Đại Việt.txt
  OK decrypted=True written=Chương 80 thế cục Đại Việt.txt
[81/313] download chapter_id=16326585 file=Chương 81 Trước 80 thế cục Đại Việt 2.txt
  OK decrypted=True written=Chương 81 Trước 80 thế cục Đại Việt 2.txt
[82/313] download chapter_id=16326590 file=Chương 82 thế cục đại việt 3.txt
  OK decrypted=True written=Chương 82 thế cục đại việt 3.txt
[83/313] download chapter_id=16326591 file=Chương 83 thế cục đại việt 4.txt
  OK decrypted=True written=Chương 83 thế cục đại việt 4.txt
[84/313] download chapter_id=16326592 file=Chương 84 thế cục chiến trường.txt
  OK decrypted=True written=Chương 84 thế cục chiến trường.txt
[85/313] download chapter_id=16326593 file=Chương 85 Bình Minh Mới.txt
  OK decrypted=True written=Chương 85 Bình Minh Mới.txt
[86/313] download chapter_id=16332003 file=Chương 86 xuất quân.txt
  OK decrypted=True written=Chương 86 xuất quân.txt
[87/313] download chapter_id=16334800 file=Chương 87 kế hoạch tập kích biên giới đại đường.txt
  OK decrypted=True written=Chương 87 kế hoạch tập kích biên giới đại đường.txt
[88/313] download chapter_id=16334845 file=Chương 88 Kế hoạch tấn công biên giới phía Tây đại đường 2.txt
  OK decrypted=True written=Chương 88 Kế hoạch tấn công biên giới phía Tây đại đường 2.txt
[89/313] download chapter_id=16336168 file=Chương 89 Đại Hán biến động.txt
  OK decrypted=True written=Chương 89 Đại Hán biến động.txt
[90/313] download chapter_id=16338862 file=Chương 90 Đại Hán biến động 2.txt
  OK decrypted=True written=Chương 90 Đại Hán biến động 2.txt
[91/313] download chapter_id=16339129 file=Chương 91 thế cục Cửu Châu.txt
  OK decrypted=True written=Chương 91 thế cục Cửu Châu.txt
[92/313] download chapter_id=16340363 file=Chương 92 thế cục Cửu Châu 2.txt
  OK decrypted=True written=Chương 92 thế cục Cửu Châu 2.txt
[93/313] download chapter_id=16340364 file=Chương 93 thế cục Cửu Châu 3.txt
  OK decrypted=True written=Chương 93 thế cục Cửu Châu 3.txt
[94/313] download chapter_id=16340365 file=Chương 94 thế cục Cửu Châu 4.txt
  OK decrypted=True written=Chương 94 thế cục Cửu Châu 4.txt
[95/313] download chapter_id=16341193 file=Chương 95 thế cục Cửu Châu 5.txt
  OK decrypted=True written=Chương 95 thế cục Cửu Châu 5.txt
[96/313] download chapter_id=16341195 file=Chương 96 Thế cục Cửu Châu 6.txt
  OK decrypted=True written=Chương 96 Thế cục Cửu Châu 6.txt
[97/313] download chapter_id=16341244 file=Chương 97 thế cục Cửu Châu 7.txt
  OK decrypted=True written=Chương 97 thế cục Cửu Châu 7.txt
[98/313] download chapter_id=16343917 file=Chương 98 chiến tranh.txt
  OK decrypted=True written=Chương 98 chiến tranh.txt
[99/313] download chapter_id=16343998 file=Chương 99 chiến tranh 2.txt
  OK decrypted=True written=Chương 99 chiến tranh 2.txt
[100/313] download chapter_id=16344131 file=Chương 100 chiến tranh 3.txt
  OK decrypted=True written=Chương 100 chiến tranh 3.txt
[101/313] download chapter_id=16344331 file=Chương 101 đấu tướng.txt
  OK decrypted=True written=Chương 101 đấu tướng.txt
[102/313] download chapter_id=16345332 file=Chương 102 đấu tướng 2.txt
  OK decrypted=True written=Chương 102 đấu tướng 2.txt
[103/313] download chapter_id=16345610 file=Chương 103 đấu tướng 3.txt
  OK decrypted=True written=Chương 103 đấu tướng 3.txt
[104/313] download chapter_id=16345785 file=Chương 104 đấu tướng 4.txt
  OK decrypted=True written=Chương 104 đấu tướng 4.txt
[105/313] download chapter_id=16349521 file=Chương 105 Đại Nguyên diệt vong.txt
  OK decrypted=True written=Chương 105 Đại Nguyên diệt vong.txt
[106/313] download chapter_id=16349604 file=Chương 106 kế hoạch mới.txt
  OK decrypted=True written=Chương 106 kế hoạch mới.txt
[107/313] download chapter_id=16349659 file=Chương 107 kế hoạch mới 2.txt
  OK decrypted=True written=Chương 107 kế hoạch mới 2.txt
[108/313] download chapter_id=16353309 file=Chương 108 kế hoạch mới 3.txt
  OK decrypted=True written=Chương 108 kế hoạch mới 3.txt
[109/313] download chapter_id=16353319 file=Chương 109 kế hoạch mới 4.txt
  OK decrypted=True written=Chương 109 kế hoạch mới 4.txt
[110/313] download chapter_id=16353601 file=Chương 110 việc nhà.txt
  OK decrypted=True written=Chương 110 việc nhà.txt
[111/313] download chapter_id=16355142 file=Chương 111 việc nhà 2.txt
  OK decrypted=True written=Chương 111 việc nhà 2.txt
[112/313] download chapter_id=16355242 file=Chương 112 chiến dịch Thảo Nguyên bắt đầu.txt
  OK decrypted=True written=Chương 112 chiến dịch Thảo Nguyên bắt đầu.txt
[113/313] download chapter_id=16355633 file=Chương 113 chiến dịch Thảo Nguyên bắt đầu 2.txt
  OK decrypted=True written=Chương 113 chiến dịch Thảo Nguyên bắt đầu 2.txt
[114/313] download chapter_id=16359434 file=Chương 114 tin khẩn từ chiến trường.txt
  OK decrypted=True written=Chương 114 tin khẩn từ chiến trường.txt
[115/313] download chapter_id=16359435 file=Chương 115 tin khẩn từ chiến trường 2.txt
  OK decrypted=True written=Chương 115 tin khẩn từ chiến trường 2.txt
[116/313] download chapter_id=16359436 file=Chương 116 thế cục mới.txt
  OK decrypted=True written=Chương 116 thế cục mới.txt
[117/313] download chapter_id=16362634 file=Chương 117 thế cục mới 2.txt
  OK decrypted=True written=Chương 117 thế cục mới 2.txt
[118/313] download chapter_id=16362693 file=Chương 118 thế cục mới 3.txt
  OK decrypted=True written=Chương 118 thế cục mới 3.txt
[119/313] download chapter_id=16363301 file=Chương 119 Sóng Ngầm Đại Việt.txt
  OK decrypted=True written=Chương 119 Sóng Ngầm Đại Việt.txt
[120/313] download chapter_id=16365134 file=Chương 120 Sóng Ngầm Đại Việt 2.txt
  OK decrypted=True written=Chương 120 Sóng Ngầm Đại Việt 2.txt
[121/313] download chapter_id=16365195 file=Chương 121 Sóng Ngầm Đại Việt 3.txt
  OK decrypted=True written=Chương 121 Sóng Ngầm Đại Việt 3.txt
[122/313] download chapter_id=16365196 file=Chương 122 Sóng Ngầm Đại Việt 4.txt
  OK decrypted=True written=Chương 122 Sóng Ngầm Đại Việt 4.txt
[123/313] download chapter_id=16368155 file=Chương 123 Sóng Ngầm Đại Việt 5.txt
  OK decrypted=True written=Chương 123 Sóng Ngầm Đại Việt 5.txt
[124/313] download chapter_id=16368669 file=Chương 124 kế hoạch.txt
  OK decrypted=True written=Chương 124 kế hoạch.txt
[125/313] download chapter_id=16368789 file=Chương 125 kế hoạch 2.txt
  OK decrypted=True written=Chương 125 kế hoạch 2.txt
[126/313] download chapter_id=16373360 file=Chương 126 ai cũng là kẻ chấp cờ.txt
  OK decrypted=True written=Chương 126 ai cũng là kẻ chấp cờ.txt
[127/313] download chapter_id=16373361 file=Chương 127 ai cũng là kẻ chấp cờ 2.txt
  OK decrypted=True written=Chương 127 ai cũng là kẻ chấp cờ 2.txt
[128/313] download chapter_id=16373362 file=Chương 128 truy sát.txt
  OK decrypted=True written=Chương 128 truy sát.txt
[129/313] download chapter_id=16376846 file=Chương 129 truy sát 2.txt
  OK decrypted=True written=Chương 129 truy sát 2.txt
[130/313] download chapter_id=16376848 file=Chương 130 truy sát 3.txt
  OK decrypted=True written=Chương 130 truy sát 3.txt
[131/313] download chapter_id=16376853 file=Chương 131 dỗ vợ.txt
  OK decrypted=True written=Chương 131 dỗ vợ.txt
[132/313] download chapter_id=16381753 file=Chương 132 giỗ vợ 2.txt
  OK decrypted=True written=Chương 132 giỗ vợ 2.txt
[133/313] download chapter_id=16381754 file=Chương 133 đại đường khốn khó.txt
  OK decrypted=True written=Chương 133 đại đường khốn khó.txt
[134/313] download chapter_id=16381755 file=Chương 134 đại đường khốn khó 2.txt
  OK decrypted=True written=Chương 134 đại đường khốn khó 2.txt
[135/313] download chapter_id=16385208 file=Chương 135 kế hoạch liên tục thay đổi.txt
  OK decrypted=True written=Chương 135 kế hoạch liên tục thay đổi.txt
[136/313] download chapter_id=16385442 file=Chương 136 kẻ thù tiền ẩn lộ ra đuôi cáo.txt
  OK decrypted=True written=Chương 136 kẻ thù tiền ẩn lộ ra đuôi cáo.txt
[137/313] download chapter_id=16385656 file=Chương 137 đàm phán.txt
  OK decrypted=True written=Chương 137 đàm phán.txt
[138/313] download chapter_id=16389245 file=Chương 138 Ai mới là người cao tay hơn.txt
  OK decrypted=True written=Chương 138 Ai mới là người cao tay hơn.txt
[139/313] download chapter_id=16389248 file=Chương 139 Ai mới là người cao tay hơn 2.txt
  OK decrypted=True written=Chương 139 Ai mới là người cao tay hơn 2.txt
[140/313] download chapter_id=16389249 file=Chương 140 Ai mới là người cao tay hơn 3.txt
  OK decrypted=True written=Chương 140 Ai mới là người cao tay hơn 3.txt
[141/313] download chapter_id=16392571 file=Chương 141 ai mới là kẻ cao tay hơn 4.txt
  OK decrypted=True written=Chương 141 ai mới là kẻ cao tay hơn 4.txt
[142/313] download chapter_id=16392612 file=Chương 142 đàm phán.txt
  OK decrypted=True written=Chương 142 đàm phán.txt
[143/313] download chapter_id=16392798 file=Chương 143 đàm phán 2.txt
  OK decrypted=True written=Chương 143 đàm phán 2.txt
[144/313] download chapter_id=16392930 file=Chương 144 Đại Việt Sóng Ngầm lại nổi lên.txt
  OK decrypted=True written=Chương 144 Đại Việt Sóng Ngầm lại nổi lên.txt
[145/313] download chapter_id=16393185 file=Chương 145 Sóng Ngầm Đại Việt nổi lên 2.txt
  OK decrypted=True written=Chương 145 Sóng Ngầm Đại Việt nổi lên 2.txt
[146/313] download chapter_id=16393241 file=Chương 146 Sóng Ngầm đại việt nổi lên 3.txt
  OK decrypted=True written=Chương 146 Sóng Ngầm đại việt nổi lên 3.txt
[147/313] download chapter_id=16398688 file=Chương 147 chiến tranh âm mưu đàm phán.txt
  OK decrypted=True written=Chương 147 chiến tranh âm mưu đàm phán.txt
[148/313] download chapter_id=16398740 file=Chương 148 chiến tranh âm mưu đàm phán 2.txt
  OK decrypted=True written=Chương 148 chiến tranh âm mưu đàm phán 2.txt
[149/313] download chapter_id=16398774 file=Chương 149 chiến tranh âm mưu đàm phán 3.txt
  OK decrypted=True written=Chương 149 chiến tranh âm mưu đàm phán 3.txt
[150/313] download chapter_id=16399678 file=Chương 150 chiến tranh âm mưu đàm phán 4.txt
  OK decrypted=True written=Chương 150 chiến tranh âm mưu đàm phán 4.txt
[151/313] download chapter_id=16399862 file=Chương 151 chiến tranh âm mưu đàm phán 5.txt
  OK decrypted=True written=Chương 151 chiến tranh âm mưu đàm phán 5.txt
[152/313] download chapter_id=16402878 file=Chương 152 chiến tranh âm mưu đàm phán 6.txt
  OK decrypted=True written=Chương 152 chiến tranh âm mưu đàm phán 6.txt
[153/313] download chapter_id=16402920 file=Chương 153 chiến tranh âm mưu đàm phán 7.txt
  OK decrypted=True written=Chương 153 chiến tranh âm mưu đàm phán 7.txt
[154/313] download chapter_id=16403234 file=Chương 154 chiến tranh âm mưu đàm phán 8.txt
  OK decrypted=True written=Chương 154 chiến tranh âm mưu đàm phán 8.txt
[155/313] download chapter_id=16408637 file=Chương 155 Hòa Đàm chiến tranh kết thúc.txt
  OK decrypted=True written=Chương 155 Hòa Đàm chiến tranh kết thúc.txt
[156/313] download chapter_id=16408655 file=Chương 156 đàm phán chiến tranh kết thúc 2.txt
  OK decrypted=True written=Chương 156 đàm phán chiến tranh kết thúc 2.txt
[157/313] download chapter_id=16408663 file=Chương 157 đại hội thể thao.txt
  OK decrypted=True written=Chương 157 đại hội thể thao.txt
[158/313] download chapter_id=16412629 file=Chương 158 Âm mưu mới.txt
  OK decrypted=True written=Chương 158 Âm mưu mới.txt
[159/313] download chapter_id=16412731 file=Chương 159 Âm Mưu Mới 2.txt
  OK decrypted=True written=Chương 159 Âm Mưu Mới 2.txt
[160/313] download chapter_id=16412846 file=Chương 160 ta là thương nhân.txt
  OK decrypted=True written=Chương 160 ta là thương nhân.txt
[161/313] download chapter_id=16413429 file=Chương 161 ta là thương nhân 2.txt
  OK decrypted=True written=Chương 161 ta là thương nhân 2.txt
[162/313] download chapter_id=16413563 file=Chương 162 Ninh Lệnh Ca.txt
  OK decrypted=True written=Chương 162 Ninh Lệnh Ca.txt
[163/313] download chapter_id=16413597 file=Chương 163 Ninh lệnh ca 2.txt
  OK decrypted=True written=Chương 163 Ninh lệnh ca 2.txt
[164/313] download chapter_id=16415218 file=Chương 164 đảo chính.txt
  OK decrypted=True written=Chương 164 đảo chính.txt
[165/313] download chapter_id=16417424 file=Chương 165 đảo chính 2.txt
  OK decrypted=True written=Chương 165 đảo chính 2.txt
[166/313] download chapter_id=16417512 file=Chương 166 đảo chính 3.txt
  OK decrypted=True written=Chương 166 đảo chính 3.txt
[167/313] download chapter_id=16422011 file=Chương 167 thương nhân kỳ quái.txt
  OK decrypted=True written=Chương 167 thương nhân kỳ quái.txt
[168/313] download chapter_id=16422045 file=Chương 168 thương nhân kỳ quái 2.txt
  OK decrypted=True written=Chương 168 thương nhân kỳ quái 2.txt
[169/313] download chapter_id=16422080 file=Chương 169 con đường trên biển.txt
  OK decrypted=True written=Chương 169 con đường trên biển.txt
[170/313] download chapter_id=16425541 file=Chương 170 kết Minh.txt
  OK decrypted=True written=Chương 170 kết Minh.txt
[171/313] download chapter_id=16425661 file=Chương 171 chiến tranh.txt
  OK decrypted=True written=Chương 171 chiến tranh.txt
[172/313] download chapter_id=16425777 file=Chương 172 chiến tranh 2.txt
  OK decrypted=True written=Chương 172 chiến tranh 2.txt
[173/313] download chapter_id=16429130 file=Chương 173 chiến tranh 3.txt
  OK decrypted=True written=Chương 173 chiến tranh 3.txt
[174/313] download chapter_id=16429149 file=Chương 174 chiến tranh 4.txt
  OK decrypted=True written=Chương 174 chiến tranh 4.txt
[175/313] download chapter_id=16433178 file=Chương 175 thế cục biến đổi khôn lường.txt
  OK decrypted=True written=Chương 175 thế cục biến đổi khôn lường.txt
[176/313] download chapter_id=16433226 file=Chương 176 thế cục biến đổi khôn lường 2.txt
  OK decrypted=True written=Chương 176 thế cục biến đổi khôn lường 2.txt
[177/313] download chapter_id=16433298 file=Chương 177 phản ứng của các nước.txt
  OK decrypted=True written=Chương 177 phản ứng của các nước.txt
[178/313] download chapter_id=16436454 file=Chương 178 chọn thái tử.txt
  OK decrypted=True written=Chương 178 chọn thái tử.txt
[179/313] download chapter_id=16437025 file=Chương 179 tình hình Đại Hán.txt
  OK decrypted=True written=Chương 179 tình hình Đại Hán.txt
[180/313] download chapter_id=16437044 file=Chương 180 tình hình Đại Hán 2.txt
  OK decrypted=True written=Chương 180 tình hình Đại Hán 2.txt
[181/313] download chapter_id=16441863 file=Chương 181 Đại Tùy xuất quân.txt
  OK decrypted=True written=Chương 181 Đại Tùy xuất quân.txt
[182/313] download chapter_id=16441920 file=Chương 182 Nội Chiến Đại Hán bùng nổ.txt
  OK decrypted=True written=Chương 182 Nội Chiến Đại Hán bùng nổ.txt
[183/313] download chapter_id=16441950 file=Chương 183 tình hình Đại Việt.txt
  OK decrypted=True written=Chương 183 tình hình Đại Việt.txt
[184/313] download chapter_id=16447171 file=Chương 184 tình hình Đại Việt 2.txt
  OK decrypted=True written=Chương 184 tình hình Đại Việt 2.txt
[185/313] download chapter_id=16448716 file=Chương 185 Chiến Tranh Và Âm Mưu.txt
  OK decrypted=True written=Chương 185 Chiến Tranh Và Âm Mưu.txt
[186/313] download chapter_id=16448839 file=Chương 186 chiến tranh và âm mưu 2.txt
  OK decrypted=True written=Chương 186 chiến tranh và âm mưu 2.txt
[187/313] download chapter_id=16452964 file=Chương 187 Chiến Tranh Và Âm Mưu.txt
  OK decrypted=True written=Chương 187 Chiến Tranh Và Âm Mưu.txt
[188/313] download chapter_id=16453087 file=Chương 188 Chiến Tranh Và Âm Mưu 3.txt
  OK decrypted=True written=Chương 188 Chiến Tranh Và Âm Mưu 3.txt
[189/313] download chapter_id=16453146 file=Chương 189 thái tử của Đại Minh.txt
  OK decrypted=True written=Chương 189 thái tử của Đại Minh.txt
[190/313] download chapter_id=16456520 file=Chương 190 thái tử đại minh 2.txt
  OK decrypted=True written=Chương 190 thái tử đại minh 2.txt
[191/313] download chapter_id=16457215 file=Chương 191 Đại Minh tấn công.txt
  OK decrypted=True written=Chương 191 Đại Minh tấn công.txt
[192/313] download chapter_id=16457892 file=Chương 192 Thế cục của Đại Hán.txt
  OK decrypted=True written=Chương 192 Thế cục của Đại Hán.txt
[193/313] download chapter_id=16460210 file=Chương 193 thế cục Đại Hán 2.txt
  OK decrypted=True written=Chương 193 thế cục Đại Hán 2.txt
[194/313] download chapter_id=16461255 file=Chương 194 thế cục Đại Việt.txt
  OK decrypted=True written=Chương 194 thế cục Đại Việt.txt
[195/313] download chapter_id=16461797 file=Chương 195 thế cục Đại Việt 2.txt
  OK decrypted=True written=Chương 195 thế cục Đại Việt 2.txt
[196/313] download chapter_id=16465829 file=Chương 196 thế cục Đại Việt 3.txt
  OK decrypted=True written=Chương 196 thế cục Đại Việt 3.txt
[197/313] download chapter_id=16466445 file=Chương 197 đàm phán.txt
  OK decrypted=True written=Chương 197 đàm phán.txt
[198/313] download chapter_id=16466484 file=Chương 198 thế cục Cửu Châu.txt
  OK decrypted=True written=Chương 198 thế cục Cửu Châu.txt
[199/313] download chapter_id=16471893 file=Chương 199 Pháo binh vương giả trên chiến trường bị kỵ binh đạp nát.txt
  OK decrypted=True written=Chương 199 Pháo binh vương giả trên chiến trường bị kỵ binh đạp nát.txt
[200/313] download chapter_id=16472019 file=Chương 200 Pháo binh vương giả trên chiến trường bị kỵ binh đạp nát 2.txt
  OK decrypted=True written=Chương 200 Pháo binh vương giả trên chiến trường bị kỵ binh đạp nát 2.txt
[201/313] download chapter_id=16472059 file=Chương 201 Pháo binh vương giả trên chiến trường bị kỵ binh đạp nát 3.txt
  OK decrypted=True written=Chương 201 Pháo binh vương giả trên chiến trường bị kỵ binh đạp nát 3.txt
[202/313] download chapter_id=16475492 file=Chương 202 Pháo binh Vương Giả trên chiến trường bị kỵ binh đập nát 4.txt
  OK decrypted=True written=Chương 202 Pháo binh Vương Giả trên chiến trường bị kỵ binh đập nát 4.txt
[203/313] download chapter_id=16475593 file=Chương 203 thế cục mới.txt
  OK decrypted=True written=Chương 203 thế cục mới.txt
[204/313] download chapter_id=16475769 file=Chương 204 thế cục mới 2.txt
  OK decrypted=True written=Chương 204 thế cục mới 2.txt
[205/313] download chapter_id=16476010 file=Chương 205 thế cục mới 3.txt
  OK decrypted=True written=Chương 205 thế cục mới 3.txt
[206/313] download chapter_id=16476093 file=Chương 206 thế cục mới 4.txt
  OK decrypted=True written=Chương 206 thế cục mới 4.txt
[207/313] download chapter_id=16476190 file=Chương 207 thế cục Đại Tùy.txt
  OK decrypted=True written=Chương 207 thế cục Đại Tùy.txt
[208/313] download chapter_id=16479594 file=Chương 208 thế cục đại tùy 2.txt
  OK decrypted=True written=Chương 208 thế cục đại tùy 2.txt
[209/313] download chapter_id=16479745 file=Chương 209 thế cục đại tùy 3.txt
  OK decrypted=True written=Chương 209 thế cục đại tùy 3.txt
[210/313] download chapter_id=16479904 file=Chương 210 Đại Hán biến thiên Tôn Sách chết trận.txt
  OK decrypted=True written=Chương 210 Đại Hán biến thiên Tôn Sách chết trận.txt
[211/313] download chapter_id=16483460 file=Chương 211 thế cục mới tại Đại Hán Tào Tháo xưng đế.txt
  OK decrypted=True written=Chương 211 thế cục mới tại Đại Hán Tào Tháo xưng đế.txt
[212/313] download chapter_id=16483545 file=Chương 212 thế cục mới của Đại Hán Tào Tháo xưng Đế 2.txt
  OK decrypted=True written=Chương 212 thế cục mới của Đại Hán Tào Tháo xưng Đế 2.txt
[213/313] download chapter_id=16484358 file=Chương 213 tình hình Đại Việt.txt
  OK decrypted=True written=Chương 213 tình hình Đại Việt.txt
[214/313] download chapter_id=16488477 file=Chương 214 cuộc chiến Cao Ly kết thúc.txt
  OK decrypted=True written=Chương 214 cuộc chiến Cao Ly kết thúc.txt
[215/313] download chapter_id=16488549 file=Chương 215 kế hoạch phát triển Đại Việt.txt
  OK decrypted=True written=Chương 215 kế hoạch phát triển Đại Việt.txt
[216/313] download chapter_id=16488766 file=Chương 216 kế hoạch phát triển Đại Việt 2.txt
  OK decrypted=True written=Chương 216 kế hoạch phát triển Đại Việt 2.txt
[217/313] download chapter_id=16492083 file=Chương 217 kế hoạch phát triển Đại Việt 3.txt
  OK decrypted=True written=Chương 217 kế hoạch phát triển Đại Việt 3.txt
[218/313] download chapter_id=16492106 file=Chương 218 kế hoạch phát triển Đại Việt 4.txt
  OK decrypted=True written=Chương 218 kế hoạch phát triển Đại Việt 4.txt
[219/313] download chapter_id=16492172 file=Chương 219 lại trở lại thành Bắc Kinh.txt
  OK decrypted=True written=Chương 219 lại trở lại thành Bắc Kinh.txt
[220/313] download chapter_id=16492257 file=Chương 220 phát triển.txt
  OK decrypted=True written=Chương 220 phát triển.txt
[221/313] download chapter_id=16495426 file=Chương 221 phát triển 2.txt
  OK decrypted=True written=Chương 221 phát triển 2.txt
[222/313] download chapter_id=16495566 file=Chương 222 phát triển 3.txt
  OK decrypted=True written=Chương 222 phát triển 3.txt
[223/313] download chapter_id=16495639 file=Chương 223 tình hình Cửu Châu.txt
  OK decrypted=True written=Chương 223 tình hình Cửu Châu.txt
[224/313] download chapter_id=16499345 file=Chương 224 tình hình Cửu Châu 2.txt
  OK decrypted=True written=Chương 224 tình hình Cửu Châu 2.txt
[225/313] download chapter_id=16499438 file=Chương 225 tình hình Cửu Châu 3.txt
  OK decrypted=True written=Chương 225 tình hình Cửu Châu 3.txt
[226/313] download chapter_id=16499658 file=Chương 226 Rắc Rối.txt
  OK decrypted=True written=Chương 226 Rắc Rối.txt
[227/313] download chapter_id=16499783 file=Chương 227 Rắc Rối 2.txt
  OK decrypted=True written=Chương 227 Rắc Rối 2.txt
[228/313] download chapter_id=16499831 file=Chương 228 sửa đổi luật mới.txt
  OK decrypted=True written=Chương 228 sửa đổi luật mới.txt
[229/313] download chapter_id=16500020 file=Chương 229 thế cục Đại Hán.txt
  OK decrypted=True written=Chương 229 thế cục Đại Hán.txt
[230/313] download chapter_id=16500142 file=Chương 230 thế cục Đại Hán 2.txt
  OK decrypted=True written=Chương 230 thế cục Đại Hán 2.txt
[231/313] download chapter_id=16503205 file=Chương 231 thế cục Đại Hán 3.txt
  OK decrypted=True written=Chương 231 thế cục Đại Hán 3.txt
[232/313] download chapter_id=16503257 file=Chương 232 Đại Việt thay đổi quy chế ban thưởng.txt
  OK decrypted=True written=Chương 232 Đại Việt thay đổi quy chế ban thưởng.txt
[233/313] download chapter_id=16503430 file=Chương 233 Đại Việt thay đổi quy chế phong thưởng 2.txt
  OK decrypted=True written=Chương 233 Đại Việt thay đổi quy chế phong thưởng 2.txt
[234/313] download chapter_id=16507454 file=Chương 234 Đại Việt thay đổi quy chế phong thưởng 3.txt
  OK decrypted=True written=Chương 234 Đại Việt thay đổi quy chế phong thưởng 3.txt
[235/313] download chapter_id=16507482 file=Chương 235 Đại Việt thay đổi quy chế ban thưởng 4.txt
  OK decrypted=True written=Chương 235 Đại Việt thay đổi quy chế ban thưởng 4.txt
[236/313] download chapter_id=16507492 file=Chương 236 thế cục mới.txt
  OK decrypted=True written=Chương 236 thế cục mới.txt
[237/313] download chapter_id=16507527 file=Chương 237 thế cục mới 2.txt
  OK decrypted=True written=Chương 237 thế cục mới 2.txt
[238/313] download chapter_id=16511301 file=Chương 238 thế cục mới 3.txt
  OK decrypted=True written=Chương 238 thế cục mới 3.txt
[239/313] download chapter_id=16511465 file=Chương 239 thế cục mới 4.txt
  OK decrypted=True written=Chương 239 thế cục mới 4.txt
[240/313] download chapter_id=16511532 file=Chương 240 thương đội phương bắc.txt
  OK decrypted=True written=Chương 240 thương đội phương bắc.txt
[241/313] download chapter_id=16515884 file=Chương 241 Rắc rối tại Phương Bắc.txt
  OK decrypted=True written=Chương 241 Rắc rối tại Phương Bắc.txt
[242/313] download chapter_id=16516147 file=Chương 242 Rắc Rối tại phường Bắc 2.txt
  OK decrypted=True written=Chương 242 Rắc Rối tại phường Bắc 2.txt
[243/313] download chapter_id=16516224 file=Chương 243 Rắc Rối tại phương Bắc 3.txt
  OK decrypted=True written=Chương 243 Rắc Rối tại phương Bắc 3.txt
[244/313] download chapter_id=16519825 file=Chương 244 đàm phán 3 nước phương Bắc.txt
  OK decrypted=True written=Chương 244 đàm phán 3 nước phương Bắc.txt
[245/313] download chapter_id=16520157 file=Chương 245 đàm phán 3 nước phương Bắc 2.txt
  OK decrypted=True written=Chương 245 đàm phán 3 nước phương Bắc 2.txt
[246/313] download chapter_id=16520244 file=Chương 246 phản loạn.txt
  OK decrypted=True written=Chương 246 phản loạn.txt
[247/313] download chapter_id=16520318 file=Chương 247 phản loạn 2.txt
  OK decrypted=True written=Chương 247 phản loạn 2.txt
[248/313] download chapter_id=16520369 file=Chương 248 phản loạn 3.txt
  OK decrypted=True written=Chương 248 phản loạn 3.txt
[249/313] download chapter_id=16524362 file=Chương 249 cục diện phương Bắc.txt
  OK decrypted=True written=Chương 249 cục diện phương Bắc.txt
[250/313] download chapter_id=16524382 file=Chương 250 Triều hội cuối năm.txt
  OK decrypted=True written=Chương 250 Triều hội cuối năm.txt
[251/313] download chapter_id=16524436 file=Chương 251 chiều hội cuối năm 2.txt
  OK decrypted=True written=Chương 251 chiều hội cuối năm 2.txt
[252/313] download chapter_id=16526569 file=Chương 252 kế hoạch âm mưu chuẩn bị chiến tranh.txt
  OK decrypted=True written=Chương 252 kế hoạch âm mưu chuẩn bị chiến tranh.txt
[253/313] download chapter_id=16528369 file=Chương 253 kế hoạch âm mưu chuẩn bị chiến tranh 2.txt
  OK decrypted=True written=Chương 253 kế hoạch âm mưu chuẩn bị chiến tranh 2.txt
[254/313] download chapter_id=16528396 file=Chương 254 kế hoạch âm mưu chuẩn bị chiến tranh 3.txt
  OK decrypted=True written=Chương 254 kế hoạch âm mưu chuẩn bị chiến tranh 3.txt
[255/313] download chapter_id=16532903 file=Chương 255 bình yên trước cơn bão tố.txt
  OK decrypted=True written=Chương 255 bình yên trước cơn bão tố.txt
[256/313] download chapter_id=16533237 file=Chương 256 bình yên trước Bão Tố 2.txt
  OK decrypted=True written=Chương 256 bình yên trước Bão Tố 2.txt
[257/313] download chapter_id=16533276 file=Chương 257 Tào Tháo chết Trận Đại Hán Thống Nhất.txt
  OK decrypted=True written=Chương 257 Tào Tháo chết Trận Đại Hán Thống Nhất.txt
[258/313] download chapter_id=16537453 file=Chương 258 Đại Hán thống nhất Lưu Bị Xưng Đế.txt
  OK decrypted=True written=Chương 258 Đại Hán thống nhất Lưu Bị Xưng Đế.txt
[259/313] download chapter_id=16537486 file=Chương 259 liên minh ba nước thành lập.txt
  OK decrypted=True written=Chương 259 liên minh ba nước thành lập.txt
[260/313] download chapter_id=16537524 file=Chương 260 liên minh ba nước thành lập 2.txt
  OK decrypted=True written=Chương 260 liên minh ba nước thành lập 2.txt
[261/313] download chapter_id=16540194 file=Chương 261 liên minh ba nước thành lập 3.txt
  OK decrypted=True written=Chương 261 liên minh ba nước thành lập 3.txt
[262/313] download chapter_id=16540268 file=Chương 262 chiến tranh đến gần.txt
  OK decrypted=True written=Chương 262 chiến tranh đến gần.txt
[263/313] download chapter_id=16540347 file=Chương 263 chiến tranh đến gần 2.txt
  OK decrypted=True written=Chương 263 chiến tranh đến gần 2.txt
[264/313] download chapter_id=16545193 file=Chương 264 chiến tranh đến gần 3.txt
  OK decrypted=True written=Chương 264 chiến tranh đến gần 3.txt
[265/313] download chapter_id=16545271 file=Chương 265 chiến tranh đến gần 4.txt
  OK decrypted=True written=Chương 265 chiến tranh đến gần 4.txt
[266/313] download chapter_id=16545326 file=Chương 266 chiến tranh đến gần 5.txt
  OK decrypted=True written=Chương 266 chiến tranh đến gần 5.txt
[267/313] download chapter_id=16549268 file=Chương 267 chiến tranh đến gần 6.txt
  OK decrypted=True written=Chương 267 chiến tranh đến gần 6.txt
[268/313] download chapter_id=16549288 file=Chương 268 chiến tranh đến gần 7.txt
  OK decrypted=True written=Chương 268 chiến tranh đến gần 7.txt
[269/313] download chapter_id=16549298 file=Chương 269 chiến tranh bùng phát.txt
  OK decrypted=True written=Chương 269 chiến tranh bùng phát.txt
[270/313] download chapter_id=16553890 file=Chương 270 thế cục chiến trường.txt
  OK decrypted=True written=Chương 270 thế cục chiến trường.txt
[271/313] download chapter_id=16553952 file=Chương 271 thế cục chiến trường 2.txt
  OK decrypted=True written=Chương 271 thế cục chiến trường 2.txt
[272/313] download chapter_id=16555209 file=Chương 272 thế cục chiến trường 3.txt
  OK decrypted=True written=Chương 272 thế cục chiến trường 3.txt
[273/313] download chapter_id=16557396 file=Chương 273 thế cục chiến trường 4.txt
  OK decrypted=True written=Chương 273 thế cục chiến trường 4.txt
[274/313] download chapter_id=16557445 file=Chương 274 thế cuộc chiến trường 5.txt
  OK decrypted=True written=Chương 274 thế cuộc chiến trường 5.txt
[275/313] download chapter_id=16557476 file=Chương 275 thế cục chiến trường 6.txt
  OK decrypted=True written=Chương 275 thế cục chiến trường 6.txt
[276/313] download chapter_id=16557621 file=Chương 276 âm mưu.txt
  OK decrypted=True written=Chương 276 âm mưu.txt
[277/313] download chapter_id=16557633 file=Chương 277 âm mưu 2.txt
  OK decrypted=True written=Chương 277 âm mưu 2.txt
[278/313] download chapter_id=16558791 file=Chương 278 âm mưu 3.txt
  OK decrypted=True written=Chương 278 âm mưu 3.txt
[279/313] download chapter_id=16558833 file=Chương 279 giao dịch.txt
  OK decrypted=True written=Chương 279 giao dịch.txt
[280/313] download chapter_id=16558915 file=Chương 280 giao dịch 2.txt
  OK decrypted=True written=Chương 280 giao dịch 2.txt
[281/313] download chapter_id=16558990 file=Chương 281 đồng minh hay phụ thuộc.txt
  OK decrypted=True written=Chương 281 đồng minh hay phụ thuộc.txt
[282/313] download chapter_id=16568879 file=Chương 282 giao dịch Và Âm Mưu.txt
  OK decrypted=True written=Chương 282 giao dịch Và Âm Mưu.txt
[283/313] download chapter_id=16569568 file=Chương 283 giao dịch và âm mưu 2.txt
  OK decrypted=True written=Chương 283 giao dịch và âm mưu 2.txt
[284/313] download chapter_id=16569698 file=Chương 284 Trần Thiên Khải Ngự giá thân chinh.txt
  OK decrypted=True written=Chương 284 Trần Thiên Khải Ngự giá thân chinh.txt
[285/313] download chapter_id=16576442 file=Chương 285 Trần Thiên Khải Ngự giá thân Trinh 2.txt
  OK decrypted=True written=Chương 285 Trần Thiên Khải Ngự giá thân Trinh 2.txt
[286/313] download chapter_id=16576810 file=Chương 286 Trần Thiên Khải Ngự giá thân chinh 3.txt
  OK decrypted=True written=Chương 286 Trần Thiên Khải Ngự giá thân chinh 3.txt
[287/313] download chapter_id=16577196 file=Chương 287 Trần Thiên Khải ngự giá thân chinh 4.txt
  OK decrypted=True written=Chương 287 Trần Thiên Khải ngự giá thân chinh 4.txt
[288/313] download chapter_id=16580026 file=Chương 288 thế cục chiến trường.txt
  OK decrypted=True written=Chương 288 thế cục chiến trường.txt
[289/313] download chapter_id=16580607 file=Chương 289 thế cục chiến trường 2.txt
  OK decrypted=True written=Chương 289 thế cục chiến trường 2.txt
[290/313] download chapter_id=16581490 file=Chương 290 thế cục chiến trường 3.txt
  OK decrypted=True written=Chương 290 thế cục chiến trường 3.txt
[291/313] download chapter_id=16585926 file=Chương 291 phục kích.txt
  OK decrypted=True written=Chương 291 phục kích.txt
[292/313] download chapter_id=16589617 file=Chương 292 Phục Kích 2.txt
  OK decrypted=True written=Chương 292 Phục Kích 2.txt
[293/313] download chapter_id=16589695 file=Chương 293 Phục Kích 3.txt
  OK decrypted=True written=Chương 293 Phục Kích 3.txt
[294/313] download chapter_id=16590118 file=Chương 294 Lý Thế Dân tức giận.txt
  RETRYABLE_FAIL attempt=1 chapter_id=16590118: unable to decode iv
  OK decrypted=True retry=2 written=Chương 294 Lý Thế Dân tức giận.txt
[295/313] download chapter_id=16590688 file=Chương 295 thế cục mới.txt
  OK decrypted=True written=Chương 295 thế cục mới.txt
[296/313] download chapter_id=16591015 file=Chương 296 thế cục mới 2.txt
  OK decrypted=True written=Chương 296 thế cục mới 2.txt
[297/313] download chapter_id=16591112 file=Chương 297 chiến tranh.txt
  OK decrypted=True written=Chương 297 chiến tranh.txt
[298/313] download chapter_id=16594216 file=Chương 298 chiến tranh 2.txt
  OK decrypted=True written=Chương 298 chiến tranh 2.txt
[299/313] download chapter_id=16594223 file=Chương 299 chiến tranh 3.txt
  OK decrypted=True written=Chương 299 chiến tranh 3.txt
[300/313] download chapter_id=16594329 file=Chương 300 thế cục mới.txt
  OK decrypted=True written=Chương 300 thế cục mới.txt
[301/313] download chapter_id=16594426 file=Chương 301 thế cục mới hai.txt
  OK decrypted=True written=Chương 301 thế cục mới hai.txt
[302/313] download chapter_id=16594665 file=Chương 302 thế cục mới 3.txt
  OK decrypted=True written=Chương 302 thế cục mới 3.txt
[303/313] download chapter_id=16597983 file=Chương 303 thế cục mới 3.txt
  OK decrypted=True written=Chương 303 thế cục mới 3.txt
[304/313] download chapter_id=16598759 file=Chương 304 thế cục mới 4.txt
  OK decrypted=True written=Chương 304 thế cục mới 4.txt
[305/313] download chapter_id=16600812 file=Chương 305 thế cục mới 5.txt
  OK decrypted=True written=Chương 305 thế cục mới 5.txt
[306/313] download chapter_id=16600953 file=Chương 306 thế cục mới 6.txt
  OK decrypted=True written=Chương 306 thế cục mới 6.txt
[307/313] download chapter_id=16601026 file=Chương 307 thế cục mới 7.txt
  OK decrypted=True written=Chương 307 thế cục mới 7.txt
[308/313] download chapter_id=16607293 file=Chương 308 thế cục mới 8.txt
  OK decrypted=True written=Chương 308 thế cục mới 8.txt
[309/313] download chapter_id=16607407 file=Chương 309 thế cục mới 9.txt
  OK decrypted=True written=Chương 309 thế cục mới 9.txt
[310/313] download chapter_id=16607497 file=Chương 310 trận chiến thành An Tỏa.txt
  OK decrypted=True written=Chương 310 trận chiến thành An Tỏa.txt
[311/313] download chapter_id=16607590 file=Chương 311 chiến tranh kết thúc.txt
  OK decrypted=True written=Chương 311 chiến tranh kết thúc.txt
[312/313] download chapter_id=16607629 file=Chương 312 đón tết.txt
  OK decrypted=True written=Chương 312 đón tết.txt
[313/313] download chapter_id=16607674 file=Chương 313 đón tết 2.txt
  OK decrypted=True written=Chương 313 đón tết 2.txt
final_ok=313
final_fail=0
out=C:\Dev\MTC\Chiến Kỳ Phương Nam Dũng Khởi Phần 2

[stderr]
