book=Nhất Thống Thiên Hạ
book_id=109357
out=C:\Dev\MTC\Nhất Thống Thiên Hạ
chapters_total=920 expected=920
workers=6 batch_size=12
BATCH 1-12 / 920
  OK 1/920 decrypted=True file=Chương 1 Huyền Thoại Về Một Ông Trùm.txt
  OK 2/920 decrypted=True file=Chương 2 Những giấc mơ dài.txt
  OK 3/920 decrypted=True file=Chương 3 Lý Hạo Sảm.txt
  OK 4/920 decrypted=True file=Chương 4 Điện Thiên An.txt
  OK 5/920 decrypted=True file=Chương 5 Lên Triều.txt
  OK 6/920 decrypted=True file=Chương 6 Quyền Thần.txt
  OK 7/920 decrypted=True file=Chương 7 Hiền Tài Như Lá Mùa Đông.txt
  OK 8/920 decrypted=True file=Chương 8 Sự Quật Khởi Huy Hoàng Của Một Gia Tộc.txt
  OK 9/920 decrypted=True file=Chương 9 Ngự Thiện Phòng.txt
  OK 10/920 decrypted=True file=Chương 10 Vị Vua Tài Giỏi Nhất.txt
  OK 11/920 decrypted=True file=Chương 11 Bắt Đầu Tìm Kế.txt
  OK 12/920 decrypted=True file=Chương 12 Đàm Thái Hậu.txt
BATCH 13-24 / 920
  OK 13/920 decrypted=True file=Chương 13 Nỗi Khổ Tâm Của Đàm Thái Hậu.txt
  OK 14/920 decrypted=True file=Chương 14 Lý Thông.txt
  OK 15/920 decrypted=True file=Chương 15 Xuân Lan Thu Nguyệt.txt
  OK 16/920 decrypted=True file=Chương 16 Trong Phòng Tắm.txt
  OK 17/920 decrypted=True file=Chương 17 Nguyên Phi Trần Thị Dung.txt
  OK 18/920 decrypted=True file=Chương 18 Trẫm Yêu Nàng Nhất.txt
  OK 19/920 decrypted=True file=Chương 19 Lời Hứa Của Lý Hạo.txt
  OK 20/920 decrypted=True file=Chương 20 Trong Áng Mây Mù.txt
  OK 21/920 decrypted=True file=Chương 21 Sương Che Phủ Lối.txt
  OK 22/920 decrypted=True file=Chương 22 Thị Sát.txt
  OK 23/920 decrypted=True file=Chương 23 Hoàng Hậu Đàm Ngọc Trúc.txt
  OK 24/920 decrypted=True file=Chương 24 Thái Úy Đỗ Kính Tu.txt
BATCH 25-36 / 920
❌ Lỗi khi tải chương 14054000: HTTPSConnectionPool(host='android.lonoapp.net', port=443): Read timed out. (read timeout=10)
  OK 25/920 decrypted=True file=Chương 25 Thần Phục.txt
  OK 26/920 decrypted=True file=Chương 26 Luận Bàn Kế Sách.txt
  OK 27/920 decrypted=True file=Chương 27 Chính Thức Thần Phục.txt
  OK 28/920 decrypted=True file=Chương 28 Chở thuyền là dân lật thuyền cũng là dân.txt
  OK 29/920 decrypted=True file=Chương 29 Luận Bàn Về Tô Trung Từ và Trần Tự Khánh.txt
  OK 30/920 decrypted=True file=Chương 30 Hoàng Thành Thăng Long.txt
  OK 31/920 decrypted=True file=Chương 31 Ký Ức.txt
  OK 32/920 decrypted=True file=Chương 32 Biến Hóa Vi Diệu.txt
  OK 33/920 decrypted=True file=Chương 33 Phi Tần.txt
  OK 34/920 decrypted=True file=Chương 34 Lời Đồn.txt
  OK 35/920 decrypted=True retry=2 file=Chương 35 Nhân Tài.txt
  OK 36/920 decrypted=True file=Chương 36 Dạo Phố.txt
BATCH 37-48 / 920
  OK 37/920 decrypted=True file=Chương 37 Bà Chủ Quán Đanh Đá.txt
  OK 38/920 decrypted=True file=Chương 38 Gã Công Tử Bột.txt
  OK 39/920 decrypted=True file=Chương 39 Ác Ma.txt
  OK 40/920 decrypted=True file=Chương 40 Người Thần Bí Áo Đen.txt
  OK 41/920 decrypted=True file=Chương 41 Cuộc Họp Tối Cao.txt
  OK 42/920 decrypted=True file=Chương 42 Khiêu Khích.txt
  OK 43/920 decrypted=True file=Chương 43 Hải Triều Kiếm Pháp.txt
  OK 44/920 decrypted=True file=Chương 44 Cuồng Phong Rống Giận Và Thủy Triều Dậy Sóng.txt
  OK 45/920 decrypted=True file=Chương 45 Không Ai Đơn Giản.txt
  OK 46/920 decrypted=True file=Chương 46 Trần Trung Tá Chết.txt
  OK 47/920 decrypted=True file=Chương 47 Di Thư.txt
  OK 48/920 decrypted=True file=Chương 48 Được Mất Đan Xen.txt
BATCH 49-60 / 920
❌ Lỗi khi tải chương 14075414: HTTPSConnectionPool(host='android.lonoapp.net', port=443): Read timed out. (read timeout=10)
  OK 49/920 decrypted=True file=Chương 49 Trần Huyền Trân.txt
  OK 50/920 decrypted=True file=Chương 50 Đá Dế.txt
  OK 51/920 decrypted=True file=Chương 51 Trần Tự Khánh Và Lý Hạo.txt
  OK 52/920 decrypted=True file=Chương 52 Tương Kế Tựu Kế.txt
  OK 53/920 decrypted=True file=Chương 53 Sóng Ngầm.txt
  OK 54/920 decrypted=True file=Chương 54 Nổi Sóng.txt
  OK 55/920 decrypted=True file=Chương 55 Sóng Nối Sóng.txt
  OK 56/920 decrypted=True file=Chương 56 Điểm Yếu.txt
  OK 57/920 decrypted=True file=Chương 57 Sóng Trên Điện Thiên An.txt
  OK 58/920 decrypted=True retry=2 file=Chương 58 Họ Trần Phản Kích.txt
  OK 59/920 decrypted=True file=Chương 59 Thục Phi Nguyễn Thị Thiên Kiều.txt
  OK 60/920 decrypted=True file=Chương 60 Đùa Giỡn Với Sư Tử Hà Đông.txt
BATCH 61-72 / 920
❌ Lỗi khi tải chương 14075427: HTTPSConnectionPool(host='android.lonoapp.net', port=443): Read timed out. (read timeout=10)
  OK 61/920 decrypted=True file=Chương 61 Thuần Phục Sư Tử Hà Đông.txt
  OK 62/920 decrypted=True file=Chương 62 Ngày Giỗ Họ Thường Niên Của Gia Tộc Họ Tô.txt
  OK 63/920 decrypted=True file=Chương 63 Người Đội Nón Lá.txt
  OK 64/920 decrypted=True file=Chương 64 Không.txt
  OK 65/920 decrypted=True file=Chương 65 Lầu Xanh.txt
  OK 66/920 decrypted=True retry=2 file=Chương 66 Tú Bà Khổng Kim Nhã.txt
  OK 67/920 decrypted=True file=Chương 67 Trần An Đông.txt
  OK 68/920 decrypted=True file=Chương 68 Ẩu Đả.txt
  OK 69/920 decrypted=True file=Chương 69 Cơn Mưa Bất Chợt.txt
  OK 70/920 decrypted=True file=Chương 70 Ám Sát.txt
  OK 71/920 decrypted=True file=Chương 71 Kịch Chiến.txt
  OK 72/920 decrypted=True file=Chương 72 Đúng Lúc.txt
BATCH 73-84 / 920
  OK 73/920 decrypted=True file=Chương 73 Mất Dấu.txt
  OK 74/920 decrypted=True file=Chương 74 Trần An Quốc.txt
  OK 75/920 decrypted=True file=Chương 75 Nghi Hoặc.txt
  OK 76/920 decrypted=True file=Chương 76 Khích Tướng.txt
  OK 77/920 decrypted=True file=Chương 77 Đêm Không Yên Tĩnh.txt
  OK 78/920 decrypted=True file=Chương 78 Tô Trung Sang.txt
  OK 79/920 decrypted=True file=Chương 79 Cúi Đầu.txt
  OK 80/920 decrypted=True file=Chương 80 Cứu Viện.txt
  OK 81/920 decrypted=True file=Chương 81 Quá Xoàng.txt
  OK 82/920 decrypted=True file=Chương 82 Đánh Lén.txt
  OK 83/920 decrypted=True file=Chương 83 Bạo Lực Trộm Cắp Cướp Bóc.txt
  OK 84/920 decrypted=True file=Chương 84 Đàm Đạo.txt
BATCH 85-96 / 920
  OK 85/920 decrypted=True file=Chương 85 Trung Văn Hiến Kế Sách.txt
  OK 86/920 decrypted=True file=Chương 86 Dân Ta Phải Biết Sử Ta.txt
  OK 87/920 decrypted=True file=Chương 87 Thăm Nhà Cha Mẹ Vợ.txt
  OK 88/920 decrypted=True file=Chương 88 Có Kẻ Đánh Người.txt
  OK 89/920 decrypted=True file=Chương 89 Ngày May Mắn Của Ta.txt
  OK 90/920 decrypted=True file=Chương 90 Thu Nguyệt Xuất Tràng.txt
  OK 91/920 decrypted=True file=Chương 91 Nhanh Thế.txt
  OK 92/920 decrypted=True file=Chương 92 Cao Ngạo.txt
  OK 93/920 decrypted=True file=Chương 93 Biến Cố.txt
  OK 94/920 decrypted=True file=Chương 94 Dạ Tiệc.txt
  OK 95/920 decrypted=True file=Chương 95 Phong Ba Chốn Hậu Cung.txt
  OK 96/920 decrypted=True file=Chương 96 Lý Hạo Nổi Giận.txt
BATCH 97-108 / 920
  OK 97/920 decrypted=True file=Chương 97 Ôn Chuyện.txt
  OK 98/920 decrypted=True file=Chương 98 An Ủi.txt
  OK 99/920 decrypted=True file=Chương 99 Xuống Chó.txt
  OK 100/920 decrypted=True file=Chương 100 Chuyện Xưa Tích Cũ.txt
  OK 101/920 decrypted=True file=Chương 101 Long Hổ Song Sát.txt
  OK 102/920 decrypted=True file=Chương 102 Kiến Gia Năm Thứ Nhất.txt
  OK 103/920 decrypted=True file=Chương 103 Đại Lễ.txt
  OK 104/920 decrypted=True file=Chương 104 Đại Yến.txt
  OK 105/920 decrypted=True file=Chương 105 Trần Thừa Chiến Nguyễn Ma La.txt
  OK 106/920 decrypted=True file=Chương 106 Nhuyễn Cốt Công Pháp.txt
  OK 107/920 decrypted=True file=Chương 107 Rắc.txt
  OK 108/920 decrypted=True file=Chương 108 Hội Diên Hồng.txt
BATCH 109-120 / 920
  OK 109/920 decrypted=True file=Chương 109 Tại Hạ Là Ngạo Vương.txt
  OK 110/920 decrypted=True file=Chương 110 Kinh Thành Phẫn Nộ.txt
  OK 111/920 decrypted=True file=Chương 111 Phủ Phú Lương.txt
  OK 112/920 decrypted=True file=Chương 112 Thế Gia Quy Tụ.txt
  OK 113/920 decrypted=True file=Chương 113 Ba Nhà Luận Kế.txt
  OK 114/920 decrypted=True file=Chương 114 Nội Chiến Bùng Nổ.txt
  OK 115/920 decrypted=True file=Chương 115 Chiến Trường Bắc Giang Hồng Châu.txt
  OK 116/920 decrypted=True file=Chương 116 Mỹ Nhân Kế.txt
  OK 117/920 decrypted=True file=Chương 117 Độc Kế.txt
  OK 118/920 decrypted=True file=Chương 118 Nuốt Nhục.txt
  OK 119/920 decrypted=True file=Chương 119 Họp Mặt Xã Hội Đen.txt
  OK 120/920 decrypted=True file=Chương 120 Ba Kế Hoạch Mới.txt
BATCH 121-132 / 920
  OK 121/920 decrypted=True file=Chương 121 Đập Gãy Chân Chó Bọn Chúng Cho Ta.txt
  OK 122/920 decrypted=True file=Chương 122 Giết.txt
  OK 123/920 decrypted=True file=Chương 123 Phản Bội.txt
  OK 124/920 decrypted=True file=Chương 124 Tra Khảo.txt
  OK 125/920 decrypted=True file=Chương 125 Xúc Tiến Chi Ngoài Sáng.txt
  OK 126/920 decrypted=True file=Chương 126 Khắc Tinh Của Lý Hạo.txt
  OK 127/920 decrypted=True file=Chương 127 Trần Thủ Độ.txt
  OK 128/920 decrypted=True file=Chương 128 Túc Vệ Quân Nổi Loạn.txt
  OK 129/920 decrypted=True file=Chương 129 Gió Nổi.txt
  OK 130/920 decrypted=True file=Chương 130 Rúng Động.txt
  OK 131/920 decrypted=True file=Chương 131 Trần Thủ Độ Chiến Lý Thông.txt
  OK 132/920 decrypted=True file=Chương 132 Thua.txt
BATCH 133-144 / 920
  OK 133/920 decrypted=True file=Chương 133 Lăng Loàn.txt
  OK 134/920 decrypted=True file=Chương 134 Đau.txt
  OK 135/920 decrypted=True file=Chương 135 Vì Nàng.txt
  OK 136/920 decrypted=True file=Chương 136 Những Tia Sét Vàng.txt
  OK 137/920 decrypted=True file=Chương 137 Sập Bẫy.txt
  OK 138/920 decrypted=True file=Chương 138 Khúc Bi Ca.txt
  OK 139/920 decrypted=True file=Chương 139 Hoàng Tộc Bất Diệt.txt
  OK 140/920 decrypted=True file=Chương 140 Bí Mật Kinh Thiên.txt
  OK 141/920 decrypted=True file=Chương 141 Cuộc Nói Chuyện Với Số Một.txt
  OK 142/920 decrypted=True file=Chương 142 May Mắn Và Bất Hạnh.txt
  OK 143/920 decrypted=True file=Chương 143 Đại Kế Ngàn Năm.txt
  OK 144/920 decrypted=True file=Chương 144 Mục Tiêu Đầu Tiên.txt
BATCH 145-156 / 920
  OK 145/920 decrypted=True file=Chương 145 Người Đàn Bà Lẳng Lơ Nhất Triều Lý.txt
  OK 146/920 decrypted=True file=Chương 146 Ải Mỹ Nhân.txt
  OK 147/920 decrypted=True file=Chương 147 Cái Chết Của Tô Trung Từ.txt
  OK 148/920 decrypted=True file=Chương 148 Vô Độc Bất Trượng Phu.txt
  OK 149/920 decrypted=True file=Chương 149 Bàn Tay Sắt.txt
  OK 150/920 decrypted=True file=Chương 150 Trống Đồng Rền Vang.txt
  OK 151/920 decrypted=True file=Chương 151 Đêm Đẫm Máu.txt
  OK 152/920 decrypted=True file=Chương 152 Thanh Trừng.txt
  OK 153/920 decrypted=True file=Chương 153 Tình Thế Nguy Ngập.txt
  OK 154/920 decrypted=True file=Chương 154 Trước Ngày Giông Bão.txt
  OK 155/920 decrypted=True file=Chương 155 Trận Thủy Chiến Sông Hồng.txt
  OK 156/920 decrypted=True file=Chương 156 Sông Hồng Cuộn Sóng.txt
BATCH 157-168 / 920
❌ Lỗi khi tải chương 14148729: HTTPSConnectionPool(host='android.lonoapp.net', port=443): Read timed out. (read timeout=10)
  OK 157/920 decrypted=True file=Chương 157 Toàn Diệt.txt
  OK 158/920 decrypted=True file=Chương 158 Chiến Trường Đồng Than.txt
  OK 159/920 decrypted=True file=Chương 159 Kỵ Binh.txt
  OK 160/920 decrypted=True file=Chương 160 Hỗn Chiến.txt
  OK 161/920 decrypted=True file=Chương 161 Hồi Mã Cung.txt
  OK 162/920 decrypted=True file=Chương 162 Tan Tác.txt
  OK 163/920 decrypted=True file=Chương 163 Vây Thành.txt
  OK 164/920 decrypted=True file=Chương 164 Tiếng Đàn Trong Mưa.txt
  OK 165/920 decrypted=True retry=2 file=Chương 165 Mưa Xuân.txt
  OK 166/920 decrypted=True file=Chương 166 Trận Chiến Thành Thăng Long.txt
  OK 167/920 decrypted=True file=Chương 167 Lòng Dân Lòng Quân.txt
  OK 168/920 decrypted=True file=Chương 168 Lửa Cháy Thành Thăng Long.txt
BATCH 169-180 / 920
  OK 169/920 decrypted=True file=Chương 169 Áp Sát Tường Thành.txt
  OK 170/920 decrypted=True file=Chương 170 Thảm Thiết.txt
  OK 171/920 decrypted=True file=Chương 171 Át Chủ Bài Của Trần Thủ Độ.txt
  OK 172/920 decrypted=True file=Chương 172 Trống Đồng Thanh Hóa Xuất Thế Súng Thần Công Nổ Rung Trời Thơ Thần Bất Hủ Vọng Vang.txt
  OK 173/920 decrypted=True file=Chương 173 Phá Cường Địch Báo Hoàng Ân.txt
  OK 174/920 decrypted=True file=Chương 174 Biển Xanh Hóa Nương Dâu Kết Thúc Phần I.txt
  OK 175/920 decrypted=True file=Chương 175 Tiến Đánh Bắc Giang Phần II Huyền Thoại Về Một Hoàng Đế.txt
  OK 176/920 decrypted=True file=Chương 176 Quy Về Một Mối.txt
  OK 177/920 decrypted=True file=Chương 177 Lời Sấm Truyền.txt
  OK 178/920 decrypted=True file=Chương 178 Tin Mừng.txt
  OK 179/920 decrypted=True file=Chương 179 Về Kinh.txt
  OK 180/920 decrypted=True file=Chương 180 Hậu Cung Vui Vầy.txt
BATCH 181-192 / 920
❌ Lỗi khi tải chương 14184315: HTTPSConnectionPool(host='android.lonoapp.net', port=443): Read timed out. (read timeout=10)
  OK 181/920 decrypted=True file=Chương 181 Tổ Chức Thần Bí.txt
  OK 182/920 decrypted=True file=Chương 182 Lý Bạch.txt
  OK 183/920 decrypted=True file=Chương 183 Bí Ẩn Của Một Tiệm Thuốc Bắc.txt
  OK 184/920 decrypted=True file=Chương 184 Phong Quan Tấn Tước.txt
  OK 185/920 decrypted=True file=Chương 185 Phát Triển In Ấn.txt
  OK 186/920 decrypted=True file=Chương 186 Hội Triều Chúng Tinh.txt
  OK 187/920 decrypted=True file=Chương 187 Khó Khăn Của Triều Đình.txt
  OK 188/920 decrypted=True file=Chương 188 Lý Bất Nhiễm.txt
  OK 189/920 decrypted=True retry=2 file=Chương 189 Tình Hình Ngoại Bang.txt
  OK 190/920 decrypted=True file=Chương 190 Luận Về Tống Chân Chiêm.txt
  OK 191/920 decrypted=True file=Chương 191 Mật Thám Chân Lạp Gặp Vận Rủi.txt
  OK 192/920 decrypted=True file=Chương 192 Tổ Chức Khoa Cử.txt
BATCH 193-204 / 920
  OK 193/920 decrypted=True file=Chương 193 Nội Bộ Lục Đục.txt
  OK 194/920 decrypted=True file=Chương 194 Nghi Kỵ Lẫn Nhau.txt
  OK 195/920 decrypted=True file=Chương 195 Cải Cách Giáo Dục.txt
  OK 196/920 decrypted=True file=Chương 196 Ngày Tàn Của Tặc Cướp.txt
  OK 197/920 decrypted=True file=Chương 197 Nỗi Kinh Hoàng Của Phỉ Tặc.txt
  OK 198/920 decrypted=True file=Chương 198 Càn Quét.txt
  OK 199/920 decrypted=True file=Chương 199 Cải Cách Kinh Tế.txt
  OK 200/920 decrypted=True file=Chương 200 Phát Hiện Của Mật Thám Đại Tống.txt
  OK 201/920 decrypted=True file=Chương 201 Trẫm Có Con Rồi.txt
  OK 202/920 decrypted=True file=Chương 202 Nguyên Phi Cũng Sinh.txt
  OK 203/920 decrypted=True file=Chương 203 Triệu Ngạc Đằng Thê Thảm.txt
  OK 204/920 decrypted=True file=Chương 204 Chùa Báo Thiên.txt
BATCH 205-216 / 920
❌ Lỗi khi tải chương 14211777: HTTPSConnectionPool(host='android.lonoapp.net', port=443): Read timed out. (read timeout=10)
  OK 205/920 decrypted=True file=Chương 205 Thiên Nam Tam Đại Khí.txt
  OK 206/920 decrypted=True file=Chương 206 Nghi Vấn Của Lý Hạo.txt
  OK 207/920 decrypted=True file=Chương 207 Triệu Khoách Và Sử Di Viễn.txt
  OK 208/920 decrypted=True file=Chương 208 Điềm Lạ.txt
  OK 209/920 decrypted=True file=Chương 209 Diệt Gián.txt
  OK 210/920 decrypted=True retry=2 file=Chương 210 Dẫn Rắn Rời Hang.txt
  OK 211/920 decrypted=True file=Chương 211 Thần Dụ.txt
  OK 212/920 decrypted=True file=Chương 212 Biến Cố Ở Trung Tâm Khoa Học.txt
  OK 213/920 decrypted=True file=Chương 213 Hoàng Hôn Của Một Hoàng Tộc.txt
  OK 214/920 decrypted=True file=Chương 214 Giao Dịch.txt
  OK 215/920 decrypted=True file=Chương 215 Sự Ngông Cuồng Của Sứ Thần Đại Tống.txt
  OK 216/920 decrypted=True file=Chương 216 Bò Ra Cửa Minh Quang.txt
BATCH 217-228 / 920
  OK 217/920 decrypted=True file=Chương 217 Xuất Chinh Tuyên Cáo Quật Khởi.txt
  OK 218/920 decrypted=True file=Chương 218 Đoàn Thương Nhân Phương Tây.txt
  OK 219/920 decrypted=True file=Chương 219 Trận Hải Chiến Tại Cửa Biển Ô Long.txt
  OK 220/920 decrypted=True file=Chương 220 Tàu Lưỡng Phúc Cải Tiến.txt
  OK 221/920 decrypted=True file=Chương 221 Trường Yên Giương Oai.txt
  OK 222/920 decrypted=True file=Chương 222 Đại Phá Thủy Quân Chân Lạp.txt
  OK 223/920 decrypted=True file=Chương 223 Đụng Độ Quân Tiên Phong Chân Lạp.txt
  OK 224/920 decrypted=True file=Chương 224 Quân Đoàn Long Hổ.txt
  OK 225/920 decrypted=True file=Chương 225 Bị Tập Kích.txt
  OK 226/920 decrypted=True file=Chương 226 Du Kích Chiến Chúng Ta Chính Là Ông Tổ Của Du Kích Chiến.txt
  OK 227/920 decrypted=True file=Chương 227 Chiến Trường Châu Ô.txt
  OK 228/920 decrypted=True file=Chương 228 Liên Quân Bàn Kế.txt
BATCH 229-240 / 920
  OK 229/920 decrypted=True file=Chương 229 Quân Sư Sài Hoằng.txt
  OK 230/920 decrypted=True file=Chương 230 Đầu Của Trẫm Có Dễ Lấy Không.txt
  OK 231/920 decrypted=True file=Chương 231 Nhất Đế Chiến Vạn Quân.txt
  OK 232/920 decrypted=True file=Chương 232 Mở Tiệc Khao Quân.txt
  OK 233/920 decrypted=True file=Chương 233 Đố Kỵ Trùng Trùng.txt
  OK 234/920 decrypted=True file=Chương 234 Đoàn Thượng Hiến Kế.txt
  OK 235/920 decrypted=True file=Chương 235 Ngưu Trận.txt
  OK 236/920 decrypted=True file=Chương 236 Kế Sách Của Lý Hạo.txt
  OK 237/920 decrypted=True file=Chương 237 Rút Quân Chiến Lược.txt
  OK 238/920 decrypted=True file=Chương 238 Chay Tha Trúng Kế.txt
  OK 239/920 decrypted=True file=Chương 239 Quây Lưới.txt
  OK 240/920 decrypted=True file=Chương 240 Bắt Sống Chay Tha.txt
BATCH 241-252 / 920
❌ Lỗi khi tải chương 14281383: HTTPSConnectionPool(host='android.lonoapp.net', port=443): Read timed out. (read timeout=10)
  OK 241/920 decrypted=True file=Chương 241 Nội Gián Của Chiêm Thành.txt
  OK 242/920 decrypted=True file=Chương 242 Thành Indrapura.txt
  OK 243/920 decrypted=True file=Chương 243 Hỡi Indrapura Hãy Run Rẩy Đi.txt
  OK 244/920 decrypted=True file=Chương 244 Súng Thần Công Hiển Uy.txt
  OK 245/920 decrypted=True retry=2 file=Chương 245 Tường Thành Sụp Đổ.txt
  OK 246/920 decrypted=True file=Chương 246 Quân Chiêm Xuất Trận.txt
  OK 247/920 decrypted=True file=Chương 247 Châu Sam Pot Đào Tẩu.txt
  OK 248/920 decrypted=True file=Chương 248 Công Chiếm Thành Indrapura.txt
  OK 249/920 decrypted=True file=Chương 249 Lộc Lăm Vông Chết.txt
  OK 250/920 decrypted=True file=Chương 250 Bắt Sống Châu Sam Pot.txt
  OK 251/920 decrypted=True file=Chương 251 Tập Kích Thành Amavarati.txt
  OK 252/920 decrypted=True file=Chương 252 Thanh Long Thiết Giáp Kỵ.txt
BATCH 253-264 / 920
  OK 253/920 decrypted=True file=Chương 253 Thành Amavarati Rực Lửa.txt
  OK 254/920 decrypted=True file=Chương 254 Vãn Cảnh Đền Chùa Amavarati.txt
  OK 255/920 decrypted=True file=Chương 255 Thẩm Thấu Chiêm Thành.txt
  OK 256/920 decrypted=True file=Chương 256 Chế Ma La Dâng Mỹ Nữ.txt
  OK 257/920 decrypted=True file=Chương 257 Dị Động Của Đại Tống.txt
  OK 258/920 decrypted=True file=Chương 258 Có Một Mũi Tên Khổng Lồ.txt
  OK 259/920 decrypted=True file=Chương 259 Quần Ma Loạn Vũ.txt
  OK 260/920 decrypted=True file=Chương 260 Đại Tống Hưng Binh.txt
  OK 261/920 decrypted=True file=Chương 261 Thảo Phạt An Nam.txt
  OK 262/920 decrypted=True file=Chương 262 Ảm Đạm.txt
  OK 263/920 decrypted=True file=Chương 263 Thảm Sát.txt
  OK 264/920 decrypted=True file=Chương 264 Thê Lương.txt
BATCH 265-276 / 920
  OK 265/920 decrypted=True file=Chương 265 Nhà Vua Trở Về.txt
  OK 266/920 decrypted=True file=Chương 266 Thoát Chết Trong Gang Tấc.txt
  OK 267/920 decrypted=True file=Chương 267 Lời Kêu Gọi Toàn Quốc Kháng Chiến.txt
  OK 268/920 decrypted=True file=Chương 268 Lên Đường Tòng Quân.txt
  OK 269/920 decrypted=True file=Chương 269 Lang Sói.txt
  OK 270/920 decrypted=True file=Chương 270 Đoàn Thượng Phát Uy.txt
  OK 271/920 decrypted=True file=Chương 271 Ai Lao Chậm Chạp.txt
  OK 272/920 decrypted=True file=Chương 272 Thành Đồng Nghệ An Toàn Dân Giai Binh.txt
  OK 273/920 decrypted=True file=Chương 273 Đánh Cho Sử Tri Đại Việt Quốc Anh Hùng Chi Hữu Chủ.txt
  OK 274/920 decrypted=True file=Chương 274 Đại Lý Ba Cánh Quân.txt
  OK 275/920 decrypted=True file=Chương 275 Yên Sơn Chiến Địa.txt
  OK 276/920 decrypted=True file=Chương 276 Quỷ Môn Quan.txt
BATCH 277-288 / 920
  OK 277/920 decrypted=True file=Chương 277 Mắng Chết Quan Tham Tri Chính Sự Đại Tống.txt
  OK 278/920 decrypted=True file=Chương 278 Ai Lao Tới Nà Nghịu.txt
  OK 279/920 decrypted=True file=Chương 279 Chảo Lửa Đại Việt.txt
  OK 280/920 decrypted=True file=Chương 280 Dối Trời Qua Biển.txt
  OK 281/920 decrypted=True file=Chương 281 Quân Đoàn Stung Treng Xuất Trận.txt
  OK 282/920 decrypted=True file=Chương 282 Đau Thương.txt
  OK 283/920 decrypted=True file=Chương 283 Lai Vô Ảnh Khứ Vô Hình.txt
  OK 284/920 decrypted=True file=Chương 284 Yên Sơn Chướng Khí.txt
  OK 285/920 decrypted=True file=Chương 285 Lấy Sở Trường Của Ta Đánh Sở Đoản Của Địch.txt
  OK 286/920 decrypted=True file=Chương 286 Nhữ Tư Lương Biến Trận.txt
  OK 287/920 decrypted=True file=Chương 287 Ngươi Biến Trận Ta Cũng Biến Trận.txt
  OK 288/920 decrypted=True file=Chương 288 Viện Quân Đại Lý.txt
BATCH 289-300 / 920
  OK 289/920 decrypted=True file=Chương 289 Thế Ỷ Dốc.txt
  OK 290/920 decrypted=True file=Chương 290 Đốt Trại Địch.txt
  OK 291/920 decrypted=True file=Chương 291 Nhất Vô Sở Hữu.txt
  OK 292/920 decrypted=True file=Chương 292 Quấy Rối Ai Lao.txt
  OK 293/920 decrypted=True file=Chương 293 Liên Chiến Liên Bại.txt
  OK 294/920 decrypted=True file=Chương 294 Huyết Chiến Ải Chi Lăng.txt
  OK 295/920 decrypted=True file=Chương 295 Huyết Hồng Bay Múa.txt
  OK 296/920 decrypted=True file=Chương 296 Vĩnh Viễn Không Quên Hai Chữ Đồng Bào.txt
  OK 297/920 decrypted=True file=Chương 297 Rừng Thiêng Nước Độc.txt
  OK 298/920 decrypted=True file=Chương 298 Côn Trùng Thú Hoang Đều Là Binh Lính.txt
  OK 299/920 decrypted=True retry=2 file=Chương 299 Thập Diện Mai Phục.txt
  OK 300/920 decrypted=True file=Chương 300 Mưu Kế Của Cao Cảnh Nghi.txt
BATCH 301-312 / 920
  OK 301/920 decrypted=True file=Chương 301 Thành Đồng Bất Khuất.txt
  OK 302/920 decrypted=True file=Chương 302 Quân Tống Xui Xẻo.txt
  OK 303/920 decrypted=True file=Chương 303 Thủy Quân Tống Đến.txt
  OK 304/920 decrypted=True file=Chương 304 Thành Quốc Oai.txt
  OK 305/920 decrypted=True file=Chương 305 Lửa Ngập Trời.txt
  OK 306/920 decrypted=True file=Chương 306 Binh Đoàn Ai Lao Toàn Diệt.txt
  OK 307/920 decrypted=True file=Chương 307 Giả Tử Sâm Dâng Ba Kế.txt
  OK 308/920 decrypted=True file=Chương 308 Đại Tống Khích Tướng.txt
  OK 309/920 decrypted=True file=Chương 309 Những Mảnh Ghép Cuối Cùng.txt
  OK 310/920 decrypted=True file=Chương 310 Khói Dần Nhen Nhóm.txt
  OK 311/920 decrypted=True file=Chương 311 Tổng Phản Công.txt
  OK 312/920 decrypted=True file=Chương 312 Bên Bờ Sông Như Nguyệt.txt
BATCH 313-324 / 920
  OK 313/920 decrypted=True file=Chương 313 Uy Lực Của Trận Địa Pháo Binh.txt
  OK 314/920 decrypted=True file=Chương 314 Chiến Thuật Biển Người.txt
  OK 315/920 decrypted=True file=Chương 315 Binh Chủng Súng Hỏa Mai Xuất Trận.txt
  OK 316/920 decrypted=True file=Chương 316 Giặc Tống Khiếp Sợ.txt
  OK 317/920 decrypted=True file=Chương 317 Lưu Thiệu Huy Chết Trong Tức Tưởi.txt
  OK 318/920 decrypted=True file=Chương 318 Giặc Tống Tháo Chạy.txt
  OK 319/920 decrypted=True retry=2 file=Chương 319 Trận Hỏa Công Trên Dòng Sông Như Nguyệt.txt
  OK 320/920 decrypted=True file=Chương 320 Đánh Tan Liên Minh Bốn Nước.txt
  OK 321/920 decrypted=True file=Chương 321 Rộn Ràng Chiến Thắng.txt
  OK 322/920 decrypted=True file=Chương 322 Bắc Phạt.txt
  OK 323/920 decrypted=True file=Chương 323 Tiến Đánh Cảng Khâm.txt
  OK 324/920 decrypted=True file=Chương 324 Cảng Khâm Thất Thủ.txt
BATCH 325-336 / 920
  OK 325/920 decrypted=True file=Chương 325 Các Ngươi Muốn Giữ Mạng Hay Giữ Tiền.txt
  OK 326/920 decrypted=True file=Chương 326 Giết Gà Dùng Dao Mổ Trâu.txt
  OK 327/920 decrypted=True file=Chương 327 Thành Ung.txt
  OK 328/920 decrypted=True file=Chương 328 Bày Trận Trước Thành Ung.txt
  OK 329/920 decrypted=True file=Chương 329 Dọa Cho Quan Tướng Thành Ung Sợ Mất Mật.txt
  OK 330/920 decrypted=True file=Chương 330 Thành Ung Nội Loạn.txt
  OK 331/920 decrypted=True file=Chương 331 Không Mất Một Binh Tốt Chiếm Thành Ung.txt
  OK 332/920 decrypted=True file=Chương 332 Tấn Công Cảng Liêm.txt
  OK 333/920 decrypted=True file=Chương 333 Thủy Quân Cảng Liêm Cong Đuôi Chạy.txt
  OK 334/920 decrypted=True file=Chương 334 Công Chiếm Cảng Liêm.txt
  OK 335/920 decrypted=True file=Chương 335 Phá Côn Lôn Quan.txt
  OK 336/920 decrypted=True file=Chương 336 Hùng Sư Đại Việt Tung Hoành Nam Tống.txt
BATCH 337-348 / 920
  OK 337/920 decrypted=True file=Chương 337 Giang Hồ Đại Tống.txt
  OK 338/920 decrypted=True file=Chương 338 Gặp Lại Cố Nhân.txt
  OK 339/920 decrypted=True file=Chương 339 Giang Hồ Đẫm Máu.txt
  OK 340/920 decrypted=True file=Chương 340 Bàn Kế Đánh Lâm An.txt
  OK 341/920 decrypted=True file=Chương 341 Triều Cương Chấn Động.txt
  OK 342/920 decrypted=True file=Chương 342 Tống Giam Sử Di Viễn.txt
  OK 343/920 decrypted=True file=Chương 343 Ai Lao Thần Phục.txt
  OK 344/920 decrypted=True file=Chương 344 Tập Kích Hậu Quân.txt
  OK 345/920 decrypted=True file=Chương 345 Viện Binh Đến Từ Phương Bắc.txt
  OK 346/920 decrypted=True file=Chương 346 Chiến Trường Vũ Lăng Sơn.txt
  OK 347/920 decrypted=True file=Chương 347 Phục Kích Viện Binh Đại Tống.txt
  OK 348/920 decrypted=True file=Chương 348 Đánh Tan Quân Đoàn Bắc Cương.txt
BATCH 349-360 / 920
  OK 349/920 decrypted=True file=Chương 349 Vua Tống Muốn Trốn Rồi.txt
  OK 350/920 decrypted=True file=Chương 350 Một Đòn Quét Sạch Đạo Quân Cần Vương.txt
  OK 351/920 decrypted=True file=Chương 351 Trận Chiến Tại Kinh Thành Lâm An.txt
  OK 352/920 decrypted=True file=Chương 352 Xé Toang Cổng Thành Lâm An.txt
  OK 353/920 decrypted=True file=Chương 353 Huyết Nhiễm Thành Lâm An.txt
  OK 354/920 decrypted=True file=Chương 354 Sự Trả Thù.txt
  OK 355/920 decrypted=True file=Chương 355 Vây Ráp Hoàng Cung Đại Tống.txt
  OK 356/920 decrypted=True file=Chương 356 Đại Tống Cúi Đầu.txt
  OK 357/920 decrypted=True file=Chương 357 Phong Vương Cho Nước Tống.txt
  OK 358/920 decrypted=True file=Chương 358 Độc Kế Phân Liệt.txt
  OK 359/920 decrypted=True file=Chương 359 Thả Ra Một Con Sói Dữ.txt
  OK 360/920 decrypted=True file=Chương 360 Rời Lâm An.txt
BATCH 361-372 / 920
  OK 361/920 decrypted=True file=Chương 361 Hiển Linh.txt
  OK 362/920 decrypted=True file=Chương 362 Triệu Khoách Thất Kinh.txt
  OK 363/920 decrypted=True file=Chương 363 Dương Hoàng Hậu.txt
  OK 364/920 decrypted=True file=Chương 364 Phát Triển Hỏa Mai Binh.txt
  OK 365/920 decrypted=True file=Chương 365 Triệu Khoách Bị Vây.txt
  OK 366/920 decrypted=True file=Chương 366 Dương Gia Tướng Môn Xuất Thế.txt
  OK 367/920 decrypted=True file=Chương 367 Trở Về Đại Việt.txt
  OK 368/920 decrypted=True file=Chương 368 Đông Qua Xuân Tới.txt
  OK 369/920 decrypted=True file=Chương 369 Ghé Thăm Công Xưởng.txt
  OK 370/920 decrypted=True file=Chương 370 Thân Dân Gần Dân.txt
  OK 371/920 decrypted=True file=Chương 371 Cải Tiến Tàu Biển.txt
  OK 372/920 decrypted=True file=Chương 372 Chế Ma La Động Binh.txt
BATCH 373-384 / 920
❌ Lỗi khi tải chương 14743872: HTTPSConnectionPool(host='android.lonoapp.net', port=443): Read timed out. (read timeout=10)
  OK 373/920 decrypted=True file=Chương 373 Đại Lý Tiến Cống.txt
  OK 374/920 decrypted=True file=Chương 374 Giở Công Phu Sư Tử Ngoạm.txt
  OK 375/920 decrypted=True file=Chương 375 Nam Chinh.txt
  OK 376/920 decrypted=True file=Chương 376 Chân Lạp Phong Vân.txt
  OK 377/920 decrypted=True file=Chương 377 Công Phá Thành Cổ Lũy.txt
  OK 378/920 decrypted=True file=Chương 378 Đảo Hải Nam.txt
  OK 379/920 decrypted=True file=Chương 379 Công Chiếm Tộc Người Choang.txt
  OK 380/920 decrypted=True file=Chương 380 Bàn Kế Thu Phục Tộc Người Lê.txt
  OK 381/920 decrypted=True file=Chương 381 Là Mã Gia Đó Sao.txt
  OK 382/920 decrypted=True file=Chương 382 Trịnh Khảng Châm Ngòi.txt
  OK 383/920 decrypted=True retry=2 file=Chương 383 Tộc Người Lê Thần Phục.txt
  OK 384/920 decrypted=True file=Chương 384 Mã Thôi Hoảng Sợ.txt
BATCH 385-396 / 920
❌ Lỗi khi tải chương 14760152: HTTPSConnectionPool(host='android.lonoapp.net', port=443): Read timed out. (read timeout=10)
  OK 385/920 decrypted=True file=Chương 385 Thu Đảo Hải Nam.txt
  OK 386/920 decrypted=True file=Chương 386 Công Chiếm Đồ Bàn.txt
  OK 387/920 decrypted=True retry=2 file=Chương 387 Bàn Kế Làm Suy Yếu Đại Tống.txt
  OK 388/920 decrypted=True file=Chương 388 Sứ Thần Cao Ly.txt
  OK 389/920 decrypted=True file=Chương 389 Sứ Thần Đại Kim Tới.txt
  OK 390/920 decrypted=True file=Chương 390 Ngoa Lỗ Bất Cầu Cạnh.txt
  OK 391/920 decrypted=True file=Chương 391 Vui Đùa Với Hoàng Nhi.txt
  OK 392/920 decrypted=True file=Chương 392 Nhốt Hay Lắm.txt
  OK 393/920 decrypted=True file=Chương 393 Sứ Thần Mông Cổ Hống Hách.txt
  OK 394/920 decrypted=True file=Chương 394 Đánh Một Trận Rồi Đuổi Đi.txt
  OK 395/920 decrypted=True file=Chương 395 Liên Minh Đại Kim.txt
  OK 396/920 decrypted=True file=Chương 396 Khống Chế Philippe Đệ Nhị.txt
BATCH 397-408 / 920
  OK 397/920 decrypted=True file=Chương 397 Khinh Khí Cầu.txt
  OK 398/920 decrypted=True file=Chương 398 Chế Ma La Giở Quẻ.txt
  OK 399/920 decrypted=True file=Chương 399 Đại Tống Nghiên Cứu Súng Hỏa Mai.txt
  OK 400/920 decrypted=True file=Chương 400 Tô Châu Loạn.txt
  OK 401/920 decrypted=True file=Chương 401 Xung Đột Leo Thang.txt
  OK 402/920 decrypted=True file=Chương 402 Trận Quyết Chiến Tại Kampong Thom.txt
  OK 403/920 decrypted=True file=Chương 403 Cái Chết Của Chế Ma La.txt
  OK 404/920 decrypted=True file=Chương 404 Sóng Ngầm Ở Kinh Đô Amavarati.txt
  OK 405/920 decrypted=True file=Chương 405 Căng Thẳng Trong Lễ Tang Cung Đình.txt
  OK 406/920 decrypted=True file=Chương 406 Kinh Biến Thành Amavarati.txt
  OK 407/920 decrypted=True file=Chương 407 Chang Da Mật Gặp Nguy.txt
  OK 408/920 decrypted=True file=Chương 408 Những Cái Bóng U Linh.txt
BATCH 409-420 / 920
  OK 409/920 decrypted=True file=Chương 409 Chang Da Mật Phản Công.txt
  OK 410/920 decrypted=True file=Chương 410 Ai Gian Trá Hơn Ai.txt
  OK 411/920 decrypted=True file=Chương 411 Cái Chết Của Sài Hoằng.txt
  OK 412/920 decrypted=True file=Chương 412 Ổn Định Chiêm Thành.txt
  OK 413/920 decrypted=True file=Chương 413 Tổ Chức Kiếm Ăn Tại Đại Tống.txt
  OK 414/920 decrypted=True file=Chương 414 Bên Phú Quý Bên Tang Thương.txt
  OK 415/920 decrypted=True file=Chương 415 Hai Đại Chiến Hạm.txt
  OK 416/920 decrypted=True file=Chương 416 Tập Trận Trước Cửa Biển Đại Tống.txt
  OK 417/920 decrypted=True file=Chương 417 Tới Đảo Đại Lưu Cầu.txt
  OK 418/920 decrypted=True file=Chương 418 Chu Không Văn Khuyên Hàng.txt
  OK 419/920 decrypted=True file=Chương 419 Đổi Tên Đảo Đài Loan.txt
  OK 420/920 decrypted=True file=Chương 420 Sơ Bộ Kiến Thiết Đảo Đài Loan.txt
BATCH 421-432 / 920
  OK 421/920 decrypted=True file=Chương 421 Thổ Dân Tấn Công.txt
  OK 422/920 decrypted=True file=Chương 422 Đánh Bại Thổ Dân.txt
  OK 423/920 decrypted=True file=Chương 423 Thu Phục Đảo Đài Loan.txt
  OK 424/920 decrypted=True file=Chương 424 Xây Dựng Cung Điện Mới.txt
  OK 425/920 decrypted=True file=Chương 425 Mở Mang Chân Trời Khoa Học.txt
  OK 426/920 decrypted=True file=Chương 426 Phong Trào Nghiên Cứu Máy Hơi Nước.txt
  OK 427/920 decrypted=True file=Chương 427 Máy Hơi Nước Ra Đời.txt
  OK 428/920 decrypted=True file=Chương 428 Khởi Nguồn Cách Mạng Công Nghiệp Đại Việt.txt
  OK 429/920 decrypted=True file=Chương 429 Mông Cổ Nam Chinh.txt
  OK 430/920 decrypted=True file=Chương 430 Tản Tinh Trận.txt
  OK 431/920 decrypted=True file=Chương 431 Thành Cát Tư Hãn Đến.txt
  OK 432/920 decrypted=True file=Chương 432 Tộc Nữ Chân Bất Khuất.txt
BATCH 433-444 / 920
  OK 433/920 decrypted=True file=Chương 433 Quyết Chiến Tại Thái Nguyên.txt
  OK 434/920 decrypted=True file=Chương 434 Liên Miên Biến Pháp.txt
  OK 435/920 decrypted=True file=Chương 435 Thập Đại Mãnh Tướng Mông Cổ Xuất Chiến.txt
  OK 436/920 decrypted=True file=Chương 436 Tứ Kiệt Thập Tướng Hùng Bá Thiên Hạ.txt
  OK 437/920 decrypted=True file=Chương 437 Quân Kim Đại Bại.txt
  OK 438/920 decrypted=True file=Chương 438 Sử Di Viễn Tính Kế.txt
  OK 439/920 decrypted=True file=Chương 439 Tiến Đánh Panduranga.txt
  OK 440/920 decrypted=True file=Chương 440 Phòng Thủ Quá Yếu Kém.txt
  OK 441/920 decrypted=True file=Chương 441 Bổn Tướng Đang Chờ Đợi.txt
  OK 442/920 decrypted=True file=Chương 442 Tin Tức Từ Trong Thành Panduranga.txt
  OK 443/920 decrypted=True file=Chương 443 Sự Hung Tàn Của Yasuyvarman Đệ Cửu.txt
  OK 444/920 decrypted=True file=Chương 444 Chân Lạp Xuất Thành Chiến.txt
BATCH 445-456 / 920
  OK 445/920 decrypted=True file=Chương 445 Binh Tướng Đại Việt Luận Kế.txt
  OK 446/920 decrypted=True file=Chương 446 Chân Lạp Lấy Dân Làm Lá Chắn.txt
  OK 447/920 decrypted=True file=Chương 447 Không Thể Buông Cung.txt
  OK 448/920 decrypted=True file=Chương 448 Đại Việt Là Thiên Địch Của Chân Lạp.txt
  OK 449/920 decrypted=True file=Chương 449 Chạy Đua Với Thời Gian.txt
  OK 450/920 decrypted=True file=Chương 450 Đường Hiểm Của Yasuyvarman Đệ Cửu.txt
  OK 451/920 decrypted=True file=Chương 451 Mãi Mãi Là Anh Em.txt
  OK 452/920 decrypted=True file=Chương 452 Phát Động Tổng Tiến Công Chân Lạp.txt
  OK 453/920 decrypted=True file=Chương 453 Nhắm Vào Nền Kinh Tế Đại Tống.txt
  OK 454/920 decrypted=True file=Chương 454 Khởi Động Chiến Tranh Kinh Tế.txt
  OK 455/920 decrypted=True file=Chương 455 Thu Mua Lương Thực.txt
  OK 456/920 decrypted=True file=Chương 456 Dùng Lợi Để Dụ Người Tống.txt
BATCH 457-468 / 920
  OK 457/920 decrypted=True file=Chương 457 Đại Tống Hỗn Loạn.txt
  OK 458/920 decrypted=True file=Chương 458 Cơn Lốc Kinh Tế Cuốn Bay Đại Tống.txt
  OK 459/920 decrypted=True file=Chương 459 Ngập Trong Loạn Lạc.txt
  OK 460/920 decrypted=True file=Chương 460 Triệu Khoách Trở Về.txt
  OK 461/920 decrypted=True file=Chương 461 Loạn Trong Thành Dương Châu.txt
  OK 462/920 decrypted=True file=Chương 462 Rải Đậu Thành Binh.txt
  OK 463/920 decrypted=True file=Chương 463 Dương Châu Thất Thủ.txt
  OK 464/920 decrypted=True file=Chương 464 Khánh Thành Cung Điện Mới.txt
  OK 465/920 decrypted=True file=Chương 465 Đi Bái Phỏng.txt
  OK 466/920 decrypted=True file=Chương 466 Đại Cải Cách Hành Chính.txt
  OK 467/920 decrypted=True file=Chương 467 Nhậm Chức Tỉnh Trưởng.txt
  OK 468/920 decrypted=True file=Chương 468 Vây Thành Angkor Thom.txt
BATCH 469-480 / 920
❌ Lỗi khi tải chương 15046740: HTTPSConnectionPool(host='android.lonoapp.net', port=443): Read timed out. (read timeout=10)
❌ Lỗi khi tải chương 15064321: HTTPSConnectionPool(host='android.lonoapp.net', port=443): Read timed out. (read timeout=10)
  OK 469/920 decrypted=True retry=2 file=Chương 469 Triều Đình Angkor Thom Không Hàng.txt
  OK 470/920 decrypted=True file=Chương 470 Tư Tưởng Của Hoàng Đế Kiến Gia.txt
  OK 471/920 decrypted=True file=Chương 471 Ngày Tàn Của Đế Chế Chân Lạp.txt
  OK 472/920 decrypted=True file=Chương 472 Chiêm Thành Phục Hận.txt
  OK 473/920 decrypted=True file=Chương 473 Sáp Nhập Chân Lạp.txt
  OK 474/920 decrypted=True file=Chương 474 Loạn Càng Thêm Loạn.txt
  OK 475/920 decrypted=True retry=2 file=Chương 475 Hiệp Sĩ Xứ Anjou.txt
  OK 476/920 decrypted=True file=Chương 476 Mười Vị Quý Tộc.txt
  OK 477/920 decrypted=True file=Chương 477 Đêm Sa Giông.txt
  OK 478/920 decrypted=True file=Chương 478 Đặc Công Đại Việt Phát Uy Ở Trời Tây.txt
  OK 479/920 decrypted=True file=Chương 479 Chiến Công Hạ Gục Hầu Tước.txt
  OK 480/920 decrypted=True file=Chương 480 Lục Đại Ác Nhân.txt
BATCH 481-492 / 920
  OK 481/920 decrypted=True file=Chương 481 Bão Tuyết Đến Tân Châu.txt
  OK 482/920 decrypted=True file=Chương 482 Dùng Dân Tống Mị Dân Tống.txt
  OK 483/920 decrypted=True file=Chương 483 Đường Dây Mật Thám Bủa Vây Tân Châu.txt
  OK 484/920 decrypted=True file=Chương 484 Sáu Thế Lực.txt
  OK 485/920 decrypted=True file=Chương 485 Loạn Chiến.txt
  OK 486/920 decrypted=True file=Chương 486 Nghiên Cứu Đầu Máy Xe Lửa.txt
  OK 487/920 decrypted=True file=Chương 487 Triển Lãm Thử Nghiệm Tàu Hỏa.txt
  OK 488/920 decrypted=True file=Chương 488 Chuyến Xe Lửa Đầu Tiên Của Đại Việt.txt
  OK 489/920 decrypted=True file=Chương 489 Sự Sụp Đổ Của Một Đế Quốc.txt
  OK 490/920 decrypted=True file=Chương 490 Cơn Thịnh Nộ Của Thành Cát Tư Hãn.txt
  OK 491/920 decrypted=True file=Chương 491 Không Lối Thoát.txt
  OK 492/920 decrypted=True file=Chương 492 Vây Thành Samarkand.txt
BATCH 493-504 / 920
  OK 493/920 decrypted=True file=Chương 493 Đồ Thành Samarkand.txt
  OK 494/920 decrypted=True file=Chương 494 Học Viện Bách Khoa Thăng Long.txt
  OK 495/920 decrypted=True file=Chương 495 Giáo Hóa Triệu Quân.txt
  OK 496/920 decrypted=True file=Chương 496 Cuộc Tổng Tiến Công Bắc Phạt Lần Thứ Hai.txt
  OK 497/920 decrypted=True file=Chương 497 Liên Minh Thảo Phạt Đại Tống.txt
  OK 498/920 decrypted=True file=Chương 498 Tiến Quân Từ Biển Đông.txt
  OK 499/920 decrypted=True file=Chương 499 Bốn Phương Rục Rịch.txt
  OK 500/920 decrypted=True file=Chương 500 Hướng Đến Tân Châu.txt
  OK 501/920 decrypted=True file=Chương 501 Hào Khí Quân Đại Việt.txt
  OK 502/920 decrypted=True file=Chương 502 Hỏa Mai Binh Kết Hợp Cung Binh.txt
  OK 503/920 decrypted=True file=Chương 503 Đạp Nát Giặc Tống Dưới Vó Ngựa.txt
  OK 504/920 decrypted=True file=Chương 504 Bắn Chủ Tướng Giặc Tống Thành Cái Nia.txt
BATCH 505-516 / 920
  OK 505/920 decrypted=True file=Chương 505 Chiếm Lĩnh Thành Lãnh Thủy.txt
  OK 506/920 decrypted=True file=Chương 506 Đánh Từ Biển Đông.txt
  OK 507/920 decrypted=True file=Chương 507 Trận Thủy Chiến Tuyền Chu.txt
  OK 508/920 decrypted=True file=Chương 508 Viện Binh Đại Việt.txt
  OK 509/920 decrypted=True file=Chương 509 Con Đường Tơ Lụa Biển Đông.txt
  OK 510/920 decrypted=True file=Chương 510 Đại Lý Quẫn Bách.txt
  OK 511/920 decrypted=True file=Chương 511 Đại Kim Trút Hận.txt
  OK 512/920 decrypted=True file=Chương 512 Đại Tống Tứ Bề Thọ Địch.txt
  OK 513/920 decrypted=True file=Chương 513 Oa Khấu Hung Tàn.txt
  OK 514/920 decrypted=True file=Chương 514 Sóng Ngầm Lưu Chuyển.txt
  OK 515/920 decrypted=True file=Chương 515 Khắp Phương Chiến Loạn.txt
  OK 516/920 decrypted=True file=Chương 516 Cũng Thường Thôi.txt
BATCH 517-528 / 920
  OK 517/920 decrypted=True file=Chương 517 Đoàn Chính Nghĩa Phân Tích Cuộc Chiến.txt
  OK 518/920 decrypted=True file=Chương 518 Đại Việt Đụng Độ Hách Sơn Quan.txt
  OK 519/920 decrypted=True file=Chương 519 Cuốn Vào Bẫy Rập.txt
  OK 520/920 decrypted=True file=Chương 520 Quân Kim Sập Bẫy.txt
  OK 521/920 decrypted=True file=Chương 521 Âm Mưu Của Binh Tướng Tân Châu.txt
  OK 522/920 decrypted=True file=Chương 522 Khinh Khí Cầu Xuất Chiến.txt
  OK 523/920 decrypted=True file=Chương 523 Đột Kích Từ Trên Không.txt
  OK 524/920 decrypted=True file=Chương 524 Những Chiến Binh Anh Hùng.txt
  OK 525/920 decrypted=True file=Chương 525 Phá Hách Sơn Quan.txt
  OK 526/920 decrypted=True file=Chương 526 Trận Chiến Tại Sâm Hoài.txt
  OK 527/920 decrypted=True file=Chương 527 Dây Thép Gai Và Đinh Sắt.txt
  OK 528/920 decrypted=True file=Chương 528 Vượt Nổi Sao.txt
BATCH 529-540 / 920
  OK 529/920 decrypted=True file=Chương 529 Nấm Mồ Của Kỵ Binh.txt
  OK 530/920 decrypted=True file=Chương 530 Tư Mã Dự Thay Đổi Chiến Thuật.txt
  OK 531/920 decrypted=True file=Chương 531 Chớ Nên Tập Kích Quân Đại Việt.txt
  OK 532/920 decrypted=True file=Chương 532 Chiến Sĩ Đại Việt.txt
  OK 533/920 decrypted=True file=Chương 533 Tiêu Diệt Kỵ Binh Tân Châu.txt
  OK 534/920 decrypted=True file=Chương 534 Sóng Cuồng.txt
  OK 535/920 decrypted=True file=Chương 535 Đến Thành Tân Châu.txt
  OK 536/920 decrypted=True file=Chương 536 Triệu Ngột Đầu Hàng.txt
  OK 537/920 decrypted=True file=Chương 537 Giành Lại Đất Tổ.txt
  OK 538/920 decrypted=True file=Chương 538 Toan Tính Của Hoàn Nhan Trại Bất.txt
  OK 539/920 decrypted=True file=Chương 539 Cuộc Chiến Thành Dương Châu.txt
  OK 540/920 decrypted=True file=Chương 540 Chết Không Từ Nan.txt
BATCH 541-552 / 920
  OK 541/920 decrypted=True file=Chương 541 Triệu Khoách Lại Bỏ Trốn.txt
  OK 542/920 decrypted=True file=Chương 542 Bắt Triệu Khoách.txt
  OK 543/920 decrypted=True file=Chương 543 Gia Luật Thác Kiêu Ngạo.txt
  OK 544/920 decrypted=True file=Chương 544 Hoàn Nhan Trại Bất Đòi Hỏi.txt
  OK 545/920 decrypted=True file=Chương 545 Ngày Tàn Của Phùng Khang.txt
  OK 546/920 decrypted=True file=Chương 546 Dấu Chấm Tròn Cho Cuộc Phạt Tống.txt
  OK 547/920 decrypted=True file=Chương 547 Quỳ Xuống.txt
  OK 548/920 decrypted=True file=Chương 548 Về Nhà.txt
  OK 549/920 decrypted=True file=Chương 549 Thời Kỳ Mới.txt
  OK 550/920 decrypted=True file=Chương 550 Cậu Hai Nhà Họ Cù.txt
  OK 551/920 decrypted=True file=Chương 551 Tàu Thủy Hơi Nước Xuất Thế.txt
  OK 552/920 decrypted=True file=Chương 552 Đất Phương Nam.txt
BATCH 553-564 / 920
  OK 553/920 decrypted=True file=Chương 553 Di Dân.txt
  OK 554/920 decrypted=True file=Chương 554 Bọn Tam Phật Tề Hống Hách.txt
  OK 555/920 decrypted=True file=Chương 555 Một Mạng Người.txt
  OK 556/920 decrypted=True file=Chương 556 Một Tòa Thành.txt
  OK 557/920 decrypted=True file=Chương 557 Xông Vào Thành Kedah.txt
  OK 558/920 decrypted=True file=Chương 558 Tam Phật Tề Tuyên Chiến.txt
  OK 559/920 decrypted=True file=Chương 559 Tam Phật Tề Phản Công.txt
  OK 560/920 decrypted=True file=Chương 560 Tàu Hơi Nước Thả Diều.txt
  OK 561/920 decrypted=True file=Chương 561 Binh Phòng Vững Như Núi Thái.txt
  OK 562/920 decrypted=True file=Chương 562 Thủy Chiến Trên Dòng Sông Hậu.txt
  OK 563/920 decrypted=True file=Chương 563 Phản Kích Tam Phật Tề.txt
  OK 564/920 decrypted=True file=Chương 564 Dã Tâm Của Singhasari.txt
BATCH 565-576 / 920
  OK 565/920 decrypted=True file=Chương 565 Lý Hạo Dạy Hoàng Nhi.txt
  OK 566/920 decrypted=True file=Chương 566 Vời Triệu Quân.txt
  OK 567/920 decrypted=True file=Chương 567 Triệu Quân Đăng Cơ.txt
  OK 568/920 decrypted=True file=Chương 568 Tam Phật Tề Sụp Đổ.txt
  OK 569/920 decrypted=True file=Chương 569 Âu Lạc Giáo Thẩm Thấu Mông Cổ.txt
  OK 570/920 decrypted=True file=Chương 570 Mở Rộng Tầm Biển Đông.txt
  OK 571/920 decrypted=True file=Chương 571 Đảo Đông Hưng Hòn Đảo Của Vàng.txt
  OK 572/920 decrypted=True file=Chương 572 Thủy Quân Chola Đột Kích.txt
  OK 573/920 decrypted=True file=Chương 573 Đến Rồi Thì Ở Lại Đi.txt
  OK 574/920 decrypted=True file=Chương 574 Phát Triển Đảo Đông Hưng.txt
  OK 575/920 decrypted=True file=Chương 575 Vịnh Thuận Tân.txt
  OK 576/920 decrypted=True file=Chương 576 Tộc Người Thái Làm Loạn.txt
BATCH 577-588 / 920
  OK 577/920 decrypted=True file=Chương 577 Voi Giày.txt
  OK 578/920 decrypted=True file=Chương 578 Rút Củi Đáy Nồi.txt
  OK 579/920 decrypted=True file=Chương 579 Thiên Binh Giáng Xuống.txt
  OK 580/920 decrypted=True file=Chương 580 Bình Định Liên Minh Các Tộc Người Thái.txt
  OK 581/920 decrypted=True file=Chương 581 Nâng Cấp Súng Kíp.txt
  OK 582/920 decrypted=True file=Chương 582 Đồng Bằng Sông Cửu Long.txt
  OK 583/920 decrypted=True file=Chương 583 Vựa Lúa Phương Nam.txt
  OK 584/920 decrypted=True file=Chương 584 Thành Cát Tư Hãn Chết.txt
  OK 585/920 decrypted=True file=Chương 585 Ken Arok Bị Ám Sát.txt
  OK 586/920 decrypted=True file=Chương 586 Không Lĩnh Tình Thì Thôi Vậy.txt
  OK 587/920 decrypted=True file=Chương 587 Chinh Phạt Vương Triều Singhasari.txt
  OK 588/920 decrypted=True file=Chương 588 Tiến Đánh Thành Jambi.txt
BATCH 589-600 / 920
  OK 589/920 decrypted=True file=Chương 589 Hỏa Kíp Binh Tiến Vào Thành Jambi.txt
  OK 590/920 decrypted=True file=Chương 590 Chiếm Lĩnh Thành Jambi.txt
  OK 591/920 decrypted=True file=Chương 591 Cuộc Sống Trên Sông Nước Batang Hari.txt
  OK 592/920 decrypted=True file=Chương 592 Vương Giả Của Chốn Sơn Lâm.txt
  OK 593/920 decrypted=True file=Chương 593 Thu Phục Đảo Sumatra.txt
  OK 594/920 decrypted=True file=Chương 594 Bạo Loạn Lật Đổ Ở Chà Và.txt
  OK 595/920 decrypted=True file=Chương 595 Thâu Tóm Đảo Chà Và.txt
  OK 596/920 decrypted=True file=Chương 596 Hoàn Thành Mục Tiêu.txt
  OK 597/920 decrypted=True file=Chương 597 Đỗ Kính Tu Khuất Núi.txt
  OK 598/920 decrypted=True file=Chương 598 Kiến Gia Năm Thứ Hai Mươi.txt
  OK 599/920 decrypted=True file=Chương 599 Hoàn Nhan Trại Bất Trận Vong.txt
  OK 600/920 decrypted=True file=Chương 600 Chinh Phạt Aragon.txt
BATCH 601-612 / 920
  OK 601/920 decrypted=True file=Chương 601 Trận Chiến Tại Bình Nguyên Huesca.txt
  OK 602/920 decrypted=True file=Chương 602 James Đệ Nhất Bỏ Chạy.txt
  OK 603/920 decrypted=True file=Chương 603 Aragon Thất Thủ.txt
  OK 604/920 decrypted=True file=Chương 604 Vị Phó Ban Trẻ Tuổi.txt
  OK 605/920 decrypted=True file=Chương 605 Lý Duy An.txt
  OK 606/920 decrypted=True file=Chương 606 Con Đường Chính Đạo Của Quan Trường.txt
  OK 607/920 decrypted=True file=Chương 607 Chola Muốn Chết.txt
  OK 608/920 decrypted=True file=Chương 608 Tiến Chiếm Quần Đảo Andaman.txt
  OK 609/920 decrypted=True file=Chương 609 Tiễn Cảng Biển Chola Về Thời Đồ Đá.txt
  OK 610/920 decrypted=True file=Chương 610 Triệu Quân Nắm Đại Quyền.txt
  OK 611/920 decrypted=True file=Chương 611 Đồng Quan Thất Thủ.txt
  OK 612/920 decrypted=True file=Chương 612 Đường Đến Đại Việt.txt
BATCH 613-624 / 920
  OK 613/920 decrypted=True file=Chương 613 Vong Quốc.txt
  OK 614/920 decrypted=True file=Chương 614 Bắt Đầu Tây Tiến.txt
  OK 615/920 decrypted=True file=Chương 615 Những Quân Đoàn Ở Tây Nam.txt
  OK 616/920 decrypted=True file=Chương 616 Pagan Động Binh.txt
  OK 617/920 decrypted=True file=Chương 617 Trận Chiến Tại Myawaddy.txt
  OK 618/920 decrypted=True file=Chương 618 Chiến Công Hiển Hách Của Voi Chiến Pagan.txt
  OK 619/920 decrypted=True file=Chương 619 Nổ Tung Giữa Trời Đêm.txt
  OK 620/920 decrypted=True file=Chương 620 Ném Chết Chúng Nó.txt
  OK 621/920 decrypted=True file=Chương 621 Kết Liễu Maha Dagon.txt
  OK 622/920 decrypted=True file=Chương 622 Mở Đường Tiến Về Tây Bắc.txt
  OK 623/920 decrypted=True file=Chương 623 Đại Tống Xé Hiệp Ước.txt
  OK 624/920 decrypted=True file=Chương 624 Quang Phục Trung Nguyên.txt
BATCH 625-636 / 920
❌ Lỗi khi tải chương 15425744: HTTPSConnectionPool(host='android.lonoapp.net', port=443): Read timed out. (read timeout=10)
  OK 625/920 decrypted=True file=Chương 625 Khuấy Đảo Haripunchai.txt
  OK 626/920 decrypted=True file=Chương 626 Cuộc Chiến Trường Kỳ Mông Tống Bắt Đầu.txt
  OK 627/920 decrypted=True file=Chương 627 Thủy Công Thành Biện Kinh.txt
  OK 628/920 decrypted=True file=Chương 628 Người Thanh Niên Đeo Ống Nhòm.txt
  OK 629/920 decrypted=True file=Chương 629 Lý Minh Đạt.txt
  OK 630/920 decrypted=True file=Chương 630 Người Đại Việt Đầu Tiên Khám Phá Châu Úc.txt
  OK 631/920 decrypted=True file=Chương 631 Công Phá Kinh Thành Bagan.txt
  OK 632/920 decrypted=True file=Chương 632 Hai Đạo Quân Hạ Gục Hai Vương Triều.txt
  OK 633/920 decrypted=True file=Chương 633 Thám Hiểm Đảo New Zealand.txt
  OK 634/920 decrypted=True file=Chương 634 Hoàng Đế Tuyển Phi.txt
  OK 635/920 decrypted=True file=Chương 635 Oa Khoát Đài Động Binh.txt
  OK 636/920 decrypted=True retry=2 file=Chương 636 Mông Cổ Phạm Tống.txt
BATCH 637-648 / 920
❌ Lỗi khi tải chương 15436252: HTTPSConnectionPool(host='android.lonoapp.net', port=443): Read timed out. (read timeout=10)
❌ Lỗi khi tải chương 15439773: HTTPSConnectionPool(host='android.lonoapp.net', port=443): Read timed out. (read timeout=10)
  OK 637/920 decrypted=True file=Chương 637 Trường Hạo Kiếp Của Người Tống.txt
  OK 638/920 decrypted=True file=Chương 638 Sự Đố Kỵ Làm Hại Cả Quốc Gia.txt
  OK 639/920 decrypted=True file=Chương 639 Ra Đi Trong Nỗi Đau.txt
  OK 640/920 decrypted=True file=Chương 640 Phản Rồi.txt
  OK 641/920 decrypted=True file=Chương 641 Thọc Sườn Đại Tống.txt
  OK 642/920 decrypted=True file=Chương 642 Đại Việt Bang Trợ Đại Tống.txt
  OK 643/920 decrypted=True retry=2 file=Chương 643 Hà Tiên Đất Đẹp Ngàn Lời.txt
  OK 644/920 decrypted=True file=Chương 644 Châu Âu Đại Biến.txt
  OK 645/920 decrypted=True retry=2 file=Chương 645 Hải Chiến Ngoài Vùng Biển Leon.txt
  OK 646/920 decrypted=True file=Chương 646 Tập Kích Binh Đoàn Leon.txt
  OK 647/920 decrypted=True file=Chương 647 Chinh Phục Leon.txt
  OK 648/920 decrypted=True file=Chương 648 Bàn Tay Đen.txt
BATCH 649-660 / 920
  OK 649/920 decrypted=True file=Chương 649 Ám Triều Dũng Động.txt
  OK 650/920 decrypted=True file=Chương 650 Loạn Cục.txt
  OK 651/920 decrypted=True file=Chương 651 Bạt Đô Nổi Giận.txt
  OK 652/920 decrypted=True file=Chương 652 Sóng Ngầm Ở Karakorum.txt
  OK 653/920 decrypted=True file=Chương 653 Phong Ba Chuyến Nhập Kinh.txt
  OK 654/920 decrypted=True file=Chương 654 Sát Hợp Đài Đến.txt
  OK 655/920 decrypted=True file=Chương 655 Hội Nghị Khố Lý Nhĩ Đài.txt
  OK 656/920 decrypted=True file=Chương 656 Hội Nghị Tan Vỡ.txt
  OK 657/920 decrypted=True file=Chương 657 Âm Mưu Của Thoát Liệt Ca Na.txt
  OK 658/920 decrypted=True file=Chương 658 Mông Cổ Đại Loạn.txt
  OK 659/920 decrypted=True file=Chương 659 Đào Góc Tường Bengal.txt
  OK 660/920 decrypted=True file=Chương 660 Đại Tống Phản Công.txt
BATCH 661-672 / 920
❌ Lỗi khi tải chương 15482455: HTTPSConnectionPool(host='android.lonoapp.net', port=443): Read timed out. (read timeout=10)
  OK 661/920 decrypted=True file=Chương 661 Hốt Tất Liệt Ghi Hận.txt
  OK 662/920 decrypted=True file=Chương 662 Mông Cổ Phục Kích.txt
  OK 663/920 decrypted=True file=Chương 663 Chiêm Thành Đổi Mới.txt
  OK 664/920 decrypted=True file=Chương 664 Chang Da Bản.txt
  OK 665/920 decrypted=True file=Chương 665 Vi Hành Phương Nam.txt
  OK 666/920 decrypted=True file=Chương 666 Bang Trợ Cao Ly.txt
  OK 667/920 decrypted=True retry=2 file=Chương 667 Mạnh Củng Qua Đời.txt
  OK 668/920 decrypted=True file=Chương 668 Thu Phục Bengal.txt
  OK 669/920 decrypted=True file=Chương 669 Đồng Hóa Đâu Xa Chính Là Từ Những Cái Nhỏ Nhất.txt
  OK 670/920 decrypted=True file=Chương 670 Vườn Quốc Gia Hoang Dã.txt
  OK 671/920 decrypted=True file=Chương 671 Liên Minh Chinh Phạt Vương Triều Pháp.txt
  OK 672/920 decrypted=True file=Chương 672 Tứ Phương Thọ Địch.txt
BATCH 673-684 / 920
  OK 673/920 decrypted=True file=Chương 673 Lực Kháng Liên Minh Châu Âu.txt
  OK 674/920 decrypted=True file=Chương 674 Ăn Miếng Trả Miếng.txt
  OK 675/920 decrypted=True file=Chương 675 Liên Minh Châu Âu Thoái Lui.txt
  OK 676/920 decrypted=True file=Chương 676 Đến Đảo Trung Hải.txt
  OK 677/920 decrypted=True file=Chương 677 Kiến Thiết Đảo Trung Hải.txt
  OK 678/920 decrypted=True file=Chương 678 Người Đầu Tiên Khám Phá Châu Mỹ.txt
  OK 679/920 decrypted=True file=Chương 679 Cuộc Tìm Kiếm Giống Cây Mới.txt
  OK 680/920 decrypted=True file=Chương 680 Cây Khoai Lang Tới Tay.txt
  OK 681/920 decrypted=True file=Chương 681 Chinh Phạt Maya.txt
  OK 682/920 decrypted=True file=Chương 682 Trấn Giữ Miền Trung Mexico.txt
  OK 683/920 decrypted=True file=Chương 683 Thần Mặt Trời Hiển Linh.txt
  OK 684/920 decrypted=True file=Chương 684 Bí Ẩn Dưới Điện Thờ Thần Mặt Trời.txt
BATCH 685-696 / 920
❌ Lỗi khi tải chương 15524810: HTTPSConnectionPool(host='android.lonoapp.net', port=443): Read timed out. (read timeout=10)
  OK 685/920 decrypted=True file=Chương 685 Đại Lý Diệt Vong.txt
  OK 686/920 decrypted=True file=Chương 686 Sứ Giả Mông Cổ Lại Đến.txt
  OK 687/920 decrypted=True file=Chương 687 Sứ Giả Mông Cổ Ngạo Ngược.txt
  OK 688/920 decrypted=True file=Chương 688 Đóng Cửa Chặt Đầu Chó.txt
  OK 689/920 decrypted=True file=Chương 689 Làm Bằng Sạch.txt
  OK 690/920 decrypted=True retry=2 file=Chương 690 Diệt Quốc.txt
  OK 691/920 decrypted=True file=Chương 691 Chiến Tranh Chiến Tranh Chiến Tranh.txt
  OK 692/920 decrypted=True file=Chương 692 Mông Cổ Nghiêng Quốc Lực.txt
  OK 693/920 decrypted=True file=Chương 693 Lý Hạo Thân Chinh Đối Địch.txt
  OK 694/920 decrypted=True file=Chương 694 Nhập Việt.txt
  OK 695/920 decrypted=True file=Chương 695 Mông Cổ Công Thành Lân Tường.txt
  OK 696/920 decrypted=True file=Chương 696 Mông Cổ Điêu Ngoa.txt
BATCH 697-708 / 920
  OK 697/920 decrypted=True file=Chương 697 Sát Thát Sát Thát Sát Thát.txt
  OK 698/920 decrypted=True file=Chương 698 Thành Này Đất Này Nước Này.txt
  OK 699/920 decrypted=True file=Chương 699 Ngột Lương Hợp Thai Triệt Thoái.txt
  OK 700/920 decrypted=True file=Chương 700 Đại Tống Luân Hãm.txt
  OK 701/920 decrypted=True file=Chương 701 Trận Chiến Tại Bình Nguyên Ngưu Kiệt.txt
  OK 702/920 decrypted=True file=Chương 702 Tương Kế Tựu Kế.txt
  OK 703/920 decrypted=True file=Chương 703 Cá Mập Lên Bờ.txt
  OK 704/920 decrypted=True file=Chương 704 Không Quân Xuất Chiến.txt
  OK 705/920 decrypted=True file=Chương 705 Ngột Lương Hợp Thai Chạy Như Ma Đuổi.txt
  OK 706/920 decrypted=True file=Chương 706 Lên Trời Không Lối.txt
  OK 707/920 decrypted=True file=Chương 707 Xuống Đất Không Đường.txt
  OK 708/920 decrypted=True file=Chương 708 Đột Kích Thành Đại Lý.txt
BATCH 709-720 / 920
  OK 709/920 decrypted=True file=Chương 709 Song Trọng Giáp Kích.txt
  OK 710/920 decrypted=True file=Chương 710 Gió Cuốn Lá Khô.txt
  OK 711/920 decrypted=True file=Chương 711 Mông Kha Giận Dữ.txt
  OK 712/920 decrypted=True file=Chương 712 Mông Cổ Xua Quân Nam Hạ.txt
  OK 713/920 decrypted=True file=Chương 713 Đại Việt Dồn Trọng Binh Phương Bắc.txt
  OK 714/920 decrypted=True file=Chương 714 Tổng Công Kích Toàn Diện.txt
  OK 715/920 decrypted=True file=Chương 715 Đập Tan Binh Đoàn Tiên Phong A Lỗ Căn.txt
  OK 716/920 decrypted=True file=Chương 716 Vỗ Mặt Toàn Biên Giới Mông Cổ.txt
  OK 717/920 decrypted=True file=Chương 717 Đổ Ra Biển Đông.txt
  OK 718/920 decrypted=True file=Chương 718 Bóp Cho Vụn Vỡ.txt
  OK 719/920 decrypted=True file=Chương 719 Phục Thù.txt
  OK 720/920 decrypted=True file=Chương 720 Diệc Tư Ngõa.txt
BATCH 721-732 / 920
❌ Lỗi khi tải chương 15596783: HTTPSConnectionPool(host='android.lonoapp.net', port=443): Read timed out. (read timeout=10)
  OK 721/920 decrypted=True file=Chương 721 Thọc Hậu Đại Việt.txt
  OK 722/920 decrypted=True file=Chương 722 Chiến Hỏa Vô Biên.txt
  OK 723/920 decrypted=True file=Chương 723 Cao Ly Phản Công.txt
  OK 724/920 decrypted=True file=Chương 724 Thủy Bộ Cơ Động Chia Cắt Giặc Mông.txt
  OK 725/920 decrypted=True file=Chương 725 Cẩu Quan Cút.txt
  OK 726/920 decrypted=True retry=2 file=Chương 726 Xâm Nhập Đại Việt Không Dễ Như Vậy.txt
  OK 727/920 decrypted=True file=Chương 727 Đương Cự Thập Nhất Vương Triều.txt
  OK 728/920 decrypted=True file=Chương 728 Hỡi Mông Kha Trẫm Đến Rồi Đây.txt
  OK 729/920 decrypted=True file=Chương 729 Tháp Tất Đát Dâng Kế.txt
  OK 730/920 decrypted=True file=Chương 730 Binh Bất Yếm Trá.txt
  OK 731/920 decrypted=True file=Chương 731 Dĩ Dật Đãi Lao Đại Việt Chúng Ta Cũng Là Đại Hành Gia.txt
  OK 732/920 decrypted=True file=Chương 732 Trước Sức Mạnh Tuyệt Đối Mọi Cuộc Đột Kích Chỉ Là Vô Dụng.txt
BATCH 733-744 / 920
  OK 733/920 decrypted=True file=Chương 733 Oai Lực Của Súng Máy.txt
  OK 734/920 decrypted=True file=Chương 734 Quay Cuồng Trong Bão Lửa.txt
  OK 735/920 decrypted=True file=Chương 735 Chúa Tể Sơn Lâm Cất Tiếng Gầm.txt
  OK 736/920 decrypted=True file=Chương 736 Mông Kha Chạy.txt
  OK 737/920 decrypted=True file=Chương 737 Chém Mông Kha.txt
  OK 738/920 decrypted=True file=Chương 738 Hốt Tất Liệt Rút Quân.txt
  OK 739/920 decrypted=True file=Chương 739 Đại Thắng Oanh Liệt.txt
  OK 740/920 decrypted=True file=Chương 740 Ổn Định Cục Diện.txt
  OK 741/920 decrypted=True file=Chương 741 Thành Lập Phương Diện Quân Định Bắc.txt
  OK 742/920 decrypted=True file=Chương 742 Mông Cổ Chìm Trong Hỗn Loạn.txt
  OK 743/920 decrypted=True file=Chương 743 Anh Em Tề Tựu.txt
  OK 744/920 decrypted=True file=Chương 744 Cái Tâm Của Tỉnh Trưởng.txt
BATCH 745-756 / 920
  OK 745/920 decrypted=True file=Chương 745 Làm Quan Là Để Lo Lắng Cho Dân.txt
  OK 746/920 decrypted=True file=Chương 746 Chuẩn Bị Đi Các Hoàng Nhi Của Trẫm.txt
  OK 747/920 decrypted=True file=Chương 747 Nắm Vững Binh Quyền.txt
  OK 748/920 decrypted=True file=Chương 748 Có Điện Rồi.txt
  OK 749/920 decrypted=True file=Chương 749 Các Lão Tướng Tham Quan Cỗ Máy Phát Điện.txt
  OK 750/920 decrypted=True file=Chương 750 Quy Hoạch Nâng Cấp.txt
  OK 751/920 decrypted=True file=Chương 751 Đây Là Tiếng Nói Đại Việt.txt
  OK 752/920 decrypted=True file=Chương 752 Thời Cơ Đến.txt
  OK 753/920 decrypted=True file=Chương 753 Dọn Đường Dư Luận.txt
  OK 754/920 decrypted=True file=Chương 754 Gió Lồng Lộng Thổi.txt
  OK 755/920 decrypted=True file=Chương 755 Tấn Công Chớp Nhoáng Delhi Sultanate.txt
  OK 756/920 decrypted=True file=Chương 756 Chinh Phạt Vương Triều Eastern Gangas.txt
BATCH 757-768 / 920
❌ Lỗi khi tải chương 15653439: HTTPSConnectionPool(host='android.lonoapp.net', port=443): Read timed out. (read timeout=10)
  OK 757/920 decrypted=True file=Chương 757 Sáp Nhập Chiêm Thành.txt
  OK 758/920 decrypted=True file=Chương 758 Chung Một Mái Nhà.txt
  OK 759/920 decrypted=True file=Chương 759 Mùa Xuân Hoa Nở.txt
  OK 760/920 decrypted=True file=Chương 760 Hướng Gió Bốn Phương.txt
  OK 761/920 decrypted=True retry=2 file=Chương 761 Hoàng Đế Thứ Chín Của Triều Đại Huy Hoàng.txt
  OK 762/920 decrypted=True file=Chương 762 Giao Thời.txt
  OK 763/920 decrypted=True file=Chương 763 Long Hoàng.txt
  OK 764/920 decrypted=True file=Chương 764 Chinh Phạt Bồ Đào Nha.txt
  OK 765/920 decrypted=True file=Chương 765 Vây Hãm Kinh Đô Lisboa.txt
  OK 766/920 decrypted=True file=Chương 766 Ôm Trọn Bán Đảo Iberia.txt
  OK 767/920 decrypted=True file=Chương 767 Du Lịch Sa Nham.txt
  OK 768/920 decrypted=True file=Chương 768 Nắm Tay Nhau Xây Đời Mới.txt
BATCH 769-780 / 920
❌ Lỗi khi tải chương 15677396: HTTPSConnectionPool(host='android.lonoapp.net', port=443): Read timed out. (read timeout=10)
  OK 769/920 decrypted=True file=Chương 769 Vùng Trung Mỹ Phát Triển.txt
  OK 770/920 decrypted=True file=Chương 770 Lữ Đoàn Kỵ Binh Nữ Chân.txt
  OK 771/920 decrypted=True file=Chương 771 Tấn Công Tây Tạng.txt
  OK 772/920 decrypted=True file=Chương 772 Đánh Tan Doanh Trại Mông Cổ Ở Biên Giới Tây Tạng.txt
  OK 773/920 decrypted=True file=Chương 773 Truy Sát Không Ngừng.txt
  OK 774/920 decrypted=True file=Chương 774 Thành Lập Tỉnh Cát Tú Và An Xung.txt
  OK 775/920 decrypted=True file=Chương 775 Mẫu Hậu Băng Hà.txt
  OK 776/920 decrypted=True file=Chương 776 Chơi Bóng Đá.txt
  OK 777/920 decrypted=True file=Chương 777 Bóng Đá Về Mọi Miền Quê.txt
  OK 778/920 decrypted=True retry=2 file=Chương 778 Giải Bóng Đá Quốc Gia Đại Việt.txt
  OK 779/920 decrypted=True file=Chương 779 Cú Sút Lá Vàng Rơi.txt
  OK 780/920 decrypted=True file=Chương 780 Vô Địch Quốc Gia.txt
BATCH 781-792 / 920
  OK 781/920 decrypted=True file=Chương 781 Tinh Thần Thể Thao Lan Tỏa Nước Nhà.txt
  OK 782/920 decrypted=True file=Chương 782 Cát Tú An Xung Phát Triển.txt
  OK 783/920 decrypted=True file=Chương 783 Tiến Quân Lên Nóc Nhà Thế Giới.txt
  OK 784/920 decrypted=True file=Chương 784 Chinh Phục Tây Tạng.txt
  OK 785/920 decrypted=True file=Chương 785 Cuồng Phong Gầm Rống.txt
  OK 786/920 decrypted=True file=Chương 786 Tái Đắc Cử.txt
  OK 787/920 decrypted=True file=Chương 787 Lên Đời Súng Đại Việt.txt
  OK 788/920 decrypted=True file=Chương 788 Binh Rải Trường Giang.txt
  OK 789/920 decrypted=True file=Chương 789 Hưng Binh Phạt Nguyên.txt
  OK 790/920 decrypted=True file=Chương 790 Phạm Văn Nam.txt
  OK 791/920 decrypted=True file=Chương 791 Trường Giang Cuồn Cuộn Chảy Về Đông.txt
  OK 792/920 decrypted=True file=Chương 792 Sơn Lâm Mạn Bắc.txt
BATCH 793-804 / 920
  OK 793/920 decrypted=True file=Chương 793 Sát Thần Lang Sói.txt
  OK 794/920 decrypted=True file=Chương 794 Tru Diệt Loài Lang Sói.txt
  OK 795/920 decrypted=True file=Chương 795 Công Phá Biện Kinh.txt
  OK 796/920 decrypted=True file=Chương 796 Thì Ra Là Công Lớn.txt
  OK 797/920 decrypted=True file=Chương 797 Chiếm Lĩnh Biện Kinh.txt
  OK 798/920 decrypted=True file=Chương 798 Vô Lực.txt
  OK 799/920 decrypted=True file=Chương 799 Thái Nguyên Nghiến Toa Đô Tam Phong Sát Ô Mã.txt
  OK 800/920 decrypted=True file=Chương 800 Mùa Đông Lạnh Giá.txt
  OK 801/920 decrypted=True file=Chương 801 Đánh Lén Mùa Đông.txt
  OK 802/920 decrypted=True file=Chương 802 Hốt Tất Liệt Chết.txt
  OK 803/920 decrypted=True file=Chương 803 Thành Tựu Mới.txt
  OK 804/920 decrypted=True file=Chương 804 Tham Quan Buổi Triển Lãm Khoa Học.txt
BATCH 805-816 / 920
❌ Lỗi khi tải chương 15729603: HTTPSConnectionPool(host='android.lonoapp.net', port=443): Read timed out. (read timeout=10)
  OK 805/920 decrypted=True file=Chương 805 Chiếc Ô Tô Đầu Tiên Trên Thế Giới.txt
  OK 806/920 decrypted=True file=Chương 806 Tương Lai Rực Rỡ Của Ô Tô.txt
  OK 807/920 decrypted=True file=Chương 807 Hành Trình Phát Triển Ngành Giao Thông Vận Tải.txt
  OK 808/920 decrypted=True file=Chương 808 Chiến Lược Xây Dựng Cơ Sở Hạ Tầng.txt
  OK 809/920 decrypted=True file=Chương 809 Vùng Delhi Phát Triển.txt
  OK 810/920 decrypted=True file=Chương 810 Viếng Thăm Điện Thờ.txt
  OK 811/920 decrypted=True file=Chương 811 Tới Đảo Mautirius.txt
  OK 812/920 decrypted=True file=Chương 812 Bắt Chim Dodo.txt
  OK 813/920 decrypted=True file=Chương 813 Đảo Quốc Của Loài Vượn Cáo.txt
  OK 814/920 decrypted=True file=Chương 814 Đám Người Kilwa Muốn Chơi Đùa.txt
  OK 815/920 decrypted=True file=Chương 815 Thiên Hạ Đệ Nhất Đao Pháp.txt
  OK 816/920 decrypted=True retry=2 file=Chương 816 Phiền Toái Không Nhỏ Rồi.txt
BATCH 817-828 / 920
  OK 817/920 decrypted=True file=Chương 817 Sợ Gì Một Trận Chiến.txt
  OK 818/920 decrypted=True file=Chương 818 Xây Dựng Kênh Đào Uy Viễn.txt
  OK 819/920 decrypted=True file=Chương 819 Trên Công Trường Rộn Tiếng Ca.txt
  OK 820/920 decrypted=True file=Chương 820 Đoàn Sứ Giả Triều Đình.txt
  OK 821/920 decrypted=True file=Chương 821 Quân Đội Đại Việt Lần Đầu Tiên Đến Châu Âu.txt
  OK 822/920 decrypted=True file=Chương 822 Lisboa Thay Da Đổi Thịt.txt
  OK 823/920 decrypted=True file=Chương 823 Đến Kinh Đô Ánh Sáng Paris Hoa Lệ.txt
  OK 824/920 decrypted=True file=Chương 824 Cung Điện Giữa Lòng Sông.txt
  OK 825/920 decrypted=True file=Chương 825 Philippe Đệ Tứ Vị Vua Sắt.txt
  OK 826/920 decrypted=True file=Chương 826 Ngăn Chặn Từ Trong Trứng Nước.txt
  OK 827/920 decrypted=True file=Chương 827 Liên Minh Diệt Mông.txt
  OK 828/920 decrypted=True file=Chương 828 Quý Tộc Rus Kiev.txt
BATCH 829-840 / 920
  OK 829/920 decrypted=True file=Chương 829 Bát Quái Trận Đồ Hình Thành.txt
  OK 830/920 decrypted=True file=Chương 830 Mùa Xuân Là Tết Trồng Cây.txt
  OK 831/920 decrypted=True file=Chương 831 Hoàng Đế Hiển Văn.txt
  OK 832/920 decrypted=True file=Chương 832 Vườn Thượng Uyển Tân Tiến.txt
  OK 833/920 decrypted=True file=Chương 833 Làn Gió Mới.txt
  OK 834/920 decrypted=True file=Chương 834 Thập Tự Chinh Mông Cổ.txt
  OK 835/920 decrypted=True file=Chương 835 Binh Tiến Biển Đen.txt
  OK 836/920 decrypted=True file=Chương 836 Họp Mặt Tại Rừng Taiga.txt
  OK 837/920 decrypted=True file=Chương 837 Thạc Đức Bát Thích.txt
  OK 838/920 decrypted=True file=Chương 838 Hải Quân Bulgaria.txt
  OK 839/920 decrypted=True file=Chương 839 Thanh Tẩy Quỷ Ma Mông Cổ Xuống Lòng Biển Đen.txt
  OK 840/920 decrypted=True file=Chương 840 Hãn Nguyệt Tức Biệt.txt
BATCH 841-852 / 920
  OK 841/920 decrypted=True file=Chương 841 Kế Hiểm Của Nguyệt Tức Biệt.txt
  OK 842/920 decrypted=True file=Chương 842 Tiến Binh Nogai Hãn Quốc.txt
  OK 843/920 decrypted=True file=Chương 843 Tấn Công Pháo Đài Toropets.txt
  OK 844/920 decrypted=True file=Chương 844 Trận Chiến Trên Thảo Nguyên Caspi.txt
  OK 845/920 decrypted=True file=Chương 845 Quân Châu Âu Dũng Mãnh.txt
  OK 846/920 decrypted=True file=Chương 846 Xông Lên Hỡi Các Chiến Binh.txt
  OK 847/920 decrypted=True file=Chương 847 Cánh Quân Chủ Lực Pháp Hát Vang Tiến Bước.txt
  OK 848/920 decrypted=True file=Chương 848 Công Chiếm Nogai Hãn Quốc.txt
  OK 849/920 decrypted=True file=Chương 849 Hùng Sư Đại Việt Xuất Chiến.txt
  OK 850/920 decrypted=True file=Chương 850 Chiến Dịch Bão Tố Sát Lang.txt
  OK 851/920 decrypted=True file=Chương 851 Tấn Công Thảo Nguyên Mông Cổ.txt
  OK 852/920 decrypted=True file=Chương 852 Đàn Trâu Bọc Thép.txt
BATCH 853-864 / 920
  OK 853/920 decrypted=True file=Chương 853 Quái Vật Đến.txt
  OK 854/920 decrypted=True file=Chương 854 Xe Tăng Giương Oai.txt
  OK 855/920 decrypted=True file=Chương 855 Công Phá Chiến Lũy Lhbulag.txt
  OK 856/920 decrypted=True file=Chương 856 Chúa Tể Bầu Trời.txt
  OK 857/920 decrypted=True file=Chương 857 Mưa Giông Chớp Giật.txt
  OK 858/920 decrypted=True file=Chương 858 Karakorum Chấn Động.txt
  OK 859/920 decrypted=True file=Chương 859 Bốn Phương Cuộn Sóng.txt
  OK 860/920 decrypted=True file=Chương 860 Sắc Tề Bố Mang Binh Xuất Kích.txt
  OK 861/920 decrypted=True file=Chương 861 Một Phát Đạn.txt
  OK 862/920 decrypted=True file=Chương 862 Hoảng Hồn Mà Chạy.txt
  OK 863/920 decrypted=True file=Chương 863 Ả Rập Tham Chiến.txt
  OK 864/920 decrypted=True file=Chương 864 Sói Hé Răng Nanh.txt
BATCH 865-876 / 920
  OK 865/920 decrypted=True file=Chương 865 Truy Đuổi Trên Thảo Nguyên.txt
  OK 866/920 decrypted=True file=Chương 866 Săn Sói.txt
  OK 867/920 decrypted=True file=Chương 867 Hùng Sư Trên Thảo Nguyên.txt
  OK 868/920 decrypted=True file=Chương 868 Nổi Trống Lên.txt
  OK 869/920 decrypted=True file=Chương 869 Thổi Bay Tường Thành Karakorum.txt
  OK 870/920 decrypted=True file=Chương 870 Chiếm Lĩnh Kinh Đô Mông Cổ.txt
  OK 871/920 decrypted=True file=Chương 871 Cái Chết Của Khả Hãn Cuối Cùng.txt
  OK 872/920 decrypted=True file=Chương 872 Bi Ai Mà Chết.txt
  OK 873/920 decrypted=True file=Chương 873 Vu Oan Giá Họa.txt
  OK 874/920 decrypted=True file=Chương 874 Nguyệt Tức Biệt Âm Hiểm.txt
  OK 875/920 decrypted=True file=Chương 875 Đạo Quân La Mã Toàn Diệt.txt
  OK 876/920 decrypted=True file=Chương 876 Lưỡi Hái Tử Thần Trồi Lên Từ Địa Ngục.txt
BATCH 877-888 / 920
  OK 877/920 decrypted=True file=Chương 877 Loan Đao Vung Huyết Ngập Trời.txt
  OK 878/920 decrypted=True file=Chương 878 Sức Mạnh Của Bổn Hãn Là Từ Đôi Tay Này.txt
  OK 879/920 decrypted=True file=Chương 879 Phải Biết Sợ Một Kẻ Này.txt
  OK 880/920 decrypted=True file=Chương 880 Bổn Hãn Học Hỏi Kẻ Thù.txt
  OK 881/920 decrypted=True file=Chương 881 Và Bổn Hãn Phá Cục.txt
  OK 882/920 decrypted=True file=Chương 882 Vỡ Tan.txt
  OK 883/920 decrypted=True file=Chương 883 Hỡi Anh Em Chúng Ta Đi Thôi.txt
  OK 884/920 decrypted=True file=Chương 884 Mưa Rơi Rơi.txt
  OK 885/920 decrypted=True file=Chương 885 Thực Là Một Nhân Vật.txt
  OK 886/920 decrypted=True file=Chương 886 Triều Dâng.txt
  OK 887/920 decrypted=True file=Chương 887 Kết Thúc Của Chiến Dịch Bão Tố Sát Lang.txt
  OK 888/920 decrypted=True file=Chương 888 Toàn Thể Châu Âu Đồng Lòng Kháng Giặc Mông.txt
BATCH 889-900 / 920
  OK 889/920 decrypted=True file=Chương 889 Trời Gọi Thì Không Thể Thoát.txt
  OK 890/920 decrypted=True file=Chương 890 Đường Lớn Thênh Thang.txt
  OK 891/920 decrypted=True file=Chương 891 Mộng Tưởng Xanh.txt
  OK 892/920 decrypted=True file=Chương 892 Thông Thương Đại Dương.txt
  OK 893/920 decrypted=True file=Chương 893 Ổn Định Lưỡng Hà.txt
  OK 894/920 decrypted=True file=Chương 894 Tỏa Sáng Nơi Nơi.txt
  OK 895/920 decrypted=True file=Chương 895 Bàn Tay Đen Phủ Lên Beduins.txt
  OK 896/920 decrypted=True file=Chương 896 Vũ Điệu Của Cái Chết.txt
  OK 897/920 decrypted=True file=Chương 897 Tấm Lòng Cao Cả Của Bác Sĩ Đại Việt.txt
  OK 898/920 decrypted=True file=Chương 898 Công Lao Trời Bể Của Những Chiến Sĩ Áo Trắng.txt
  OK 899/920 decrypted=True file=Chương 899 Sự Điên Cuồng Của Trát Ni Biệt.txt
  OK 900/920 decrypted=True file=Chương 900 Hồi Sụp Đổ.txt
BATCH 901-912 / 920
❌ Lỗi khi tải chương 15914476: HTTPSConnectionPool(host='android.lonoapp.net', port=443): Read timed out. (read timeout=10)
  OK 901/920 decrypted=True file=Chương 901 Ngày Tàn Của Kim Trướng Hãn Quốc.txt
  OK 902/920 decrypted=True file=Chương 902 Thu Phục Beduins và Mamluk.txt
  OK 903/920 decrypted=True file=Chương 903 Nhất Thống Thiên Hạ.txt
  OK 904/920 decrypted=True file=Chương 904 Trường Hạo Kiếp.txt
  OK 905/920 decrypted=True retry=2 file=Chương 905 Đêm Trường Tăm Tối.txt
  OK 906/920 decrypted=True file=Chương 906 Ngày Tận Thế.txt
  OK 907/920 decrypted=True file=Chương 907 Bọn Chúng Đang Đến.txt
  OK 908/920 decrypted=True file=Chương 908 Nhân Loại Sẵn Sàng Đương Đầu Với Hạo Kiếp.txt
  OK 909/920 decrypted=True file=Chương 909 Vệ Giới Vệ Giới Vệ Giới.txt
  OK 910/920 decrypted=True file=Chương 910 Cuộc Chiến Vệ Giới Vĩ Đại.txt
  OK 911/920 decrypted=True file=Chương 911 Tấn Công Trực Diện.txt
  OK 912/920 decrypted=True file=Chương 912 Vì Nhân Loại Mà Chiến.txt
BATCH 913-920 / 920
  OK 913/920 decrypted=True file=Chương 913 Vì Nhân Loại Mà Sinh.txt
  OK 914/920 decrypted=True file=Chương 914 Vì Nhân Loại Mà Diệt.txt
  OK 915/920 decrypted=True file=Chương 915 Sá Chi Cái Chết Tiến Quân.txt
  OK 916/920 decrypted=True file=Chương 916 Tình Huống Khẩn Cấp.txt
  OK 917/920 decrypted=True file=Chương 917 Quái Vật Điên Cuồng.txt
  OK 918/920 decrypted=True file=Chương 918 Tiến Lên Hỡi Những Con Người Của Thế Gian.txt
  OK 919/920 decrypted=True file=Chương 919 Như Những Bông Hoa Giữa Bầu Trời Kiêu Sa.txt
  OK 920/920 decrypted=True file=Chương 920 Cây Đa Quán Dốc Hết.txt
final_ok=920
final_fail=0
out=C:\Dev\MTC\Nhất Thống Thiên Hạ

[stderr]
