book=Đế Vương Tiền Truyện
book_id=106431
out=C:\Dev\MTC\Đế Vương Tiền Truyện
chapters_total=178 expected=178
[1/178] download chapter_id=13455616 file=Chương 1 Một tiểu họ Lưu.txt
  OK decrypted=True written=Chương 1 Một tiểu họ Lưu.txt
[2/178] download chapter_id=13386435 file=Chương 2 Tài không đợi tuổi.txt
  OK decrypted=True written=Chương 2 Tài không đợi tuổi.txt
[3/178] download chapter_id=13345837 file=Chương 3 Lưu Kim Nam Hà cao trung học sinh.txt
  OK decrypted=True written=Chương 3 Lưu Kim Nam Hà cao trung học sinh.txt
[4/178] download chapter_id=13345955 file=Chương 4 Ngươi thực không muốn.txt
  OK decrypted=True written=Chương 4 Ngươi thực không muốn.txt
[5/178] download chapter_id=13402495 file=Chương 5 Tính toán.txt
  OK decrypted=True written=Chương 5 Tính toán.txt
[6/178] download chapter_id=13345957 file=Chương 6 Lời sư phụ không thể cãi.txt
  OK decrypted=True written=Chương 6 Lời sư phụ không thể cãi.txt
[7/178] download chapter_id=13345958 file=Chương 7 Huyết luyện ta đang tại.txt
  OK decrypted=True written=Chương 7 Huyết luyện ta đang tại.txt
[8/178] download chapter_id=13345959 file=Chương 8 Alex.txt
  OK decrypted=True written=Chương 8 Alex.txt
[9/178] download chapter_id=13345960 file=Chương 9 Nàng tới.txt
  OK decrypted=True written=Chương 9 Nàng tới.txt
[10/178] download chapter_id=13356071 file=Chương 10 Ba ngày thời hạn.txt
  OK decrypted=True written=Chương 10 Ba ngày thời hạn.txt
[11/178] download chapter_id=13356072 file=Chương 11 Cố ý.txt
  OK decrypted=True written=Chương 11 Cố ý.txt
[12/178] download chapter_id=13356073 file=Chương 12 Tái đấu chuẩn bị.txt
  OK decrypted=True written=Chương 12 Tái đấu chuẩn bị.txt
[13/178] download chapter_id=13408781 file=Chương 13 Phân tích 1 Huyết Long Phái đặc sắc.txt
  OK decrypted=True written=Chương 13 Phân tích 1 Huyết Long Phái đặc sắc.txt
[14/178] download chapter_id=13356074 file=Chương 14 Người theo dõi bí ẩn tái xuất.txt
  OK decrypted=True written=Chương 14 Người theo dõi bí ẩn tái xuất.txt
[15/178] download chapter_id=13356075 file=Chương 15 Thiên Hoàng Kim Bổng.txt
  OK decrypted=True written=Chương 15 Thiên Hoàng Kim Bổng.txt
[16/178] download chapter_id=13356076 file=Chương 16 Đội Nghĩa Dạ.txt
  OK decrypted=True written=Chương 16 Đội Nghĩa Dạ.txt
[17/178] download chapter_id=13356085 file=Chương 17 Mạnh quá.txt
  OK decrypted=True written=Chương 17 Mạnh quá.txt
[18/178] download chapter_id=13356086 file=Chương 18 Ta mang lôi khiển năng lực.txt
  OK decrypted=True written=Chương 18 Ta mang lôi khiển năng lực.txt
[19/178] download chapter_id=13356087 file=Chương 19 Hoàng trung tạ vị.txt
  OK decrypted=True written=Chương 19 Hoàng trung tạ vị.txt
[20/178] download chapter_id=13356088 file=Chương 20 Lôi Long Quyền Xuất Kích.txt
  OK decrypted=True written=Chương 20 Lôi Long Quyền Xuất Kích.txt
[21/178] download chapter_id=13356089 file=Chương 21 Lưu Kim nguy nan Nam Hà nguy khốn.txt
  OK decrypted=True written=Chương 21 Lưu Kim nguy nan Nam Hà nguy khốn.txt
[22/178] download chapter_id=13356090 file=Chương 22 Diện kiến Bộ trưởng Bộ Quốc phòng.txt
  OK decrypted=True written=Chương 22 Diện kiến Bộ trưởng Bộ Quốc phòng.txt
[23/178] download chapter_id=13356091 file=Chương 23 Một tiểu thiên tài.txt
  OK decrypted=True written=Chương 23 Một tiểu thiên tài.txt
[24/178] download chapter_id=13357867 file=Chương 24 Là Tam thể chỉ là không phải mèo.txt
  OK decrypted=True written=Chương 24 Là Tam thể chỉ là không phải mèo.txt
[25/178] download chapter_id=13360699 file=Chương 25 Lại một lần lấy thuốc.txt
  OK decrypted=True written=Chương 25 Lại một lần lấy thuốc.txt
[26/178] download chapter_id=13360700 file=Chương 26 Xưng làm trẻ nhất Hành Pháp Giả.txt
  OK decrypted=True written=Chương 26 Xưng làm trẻ nhất Hành Pháp Giả.txt
[27/178] download chapter_id=13361564 file=Chương 27 Song Đô Kiếm phái.txt
  OK decrypted=True written=Chương 27 Song Đô Kiếm phái.txt
[28/178] download chapter_id=13363815 file=Chương 28 Vì mạng mà chạy.txt
  OK decrypted=True written=Chương 28 Vì mạng mà chạy.txt
[29/178] download chapter_id=13365106 file=Chương 29 Hắn không thích cái gì ta sẽ làm cái đó.txt
  OK decrypted=True written=Chương 29 Hắn không thích cái gì ta sẽ làm cái đó.txt
[30/178] download chapter_id=13365578 file=Chương 30 Tiểu Nhiên Nhiên.txt
  OK decrypted=True written=Chương 30 Tiểu Nhiên Nhiên.txt
[31/178] download chapter_id=13366059 file=Chương 31 Theo lời bộ trưởng.txt
  OK decrypted=True written=Chương 31 Theo lời bộ trưởng.txt
[32/178] download chapter_id=13367162 file=Chương 32 Gặp lại.txt
  OK decrypted=True written=Chương 32 Gặp lại.txt
[33/178] download chapter_id=13369609 file=Chương 33 Lại muốn chết.txt
  OK decrypted=True written=Chương 33 Lại muốn chết.txt
[34/178] download chapter_id=13388850 file=Chương 34 Cái biểu tượng đó.txt
  OK decrypted=True written=Chương 34 Cái biểu tượng đó.txt
[35/178] download chapter_id=13374180 file=Chương 35 Cái thứ hai thứ ba đề cử.txt
  OK decrypted=True written=Chương 35 Cái thứ hai thứ ba đề cử.txt
[36/178] download chapter_id=13378338 file=Chương 36 Nắm bắt nhân tâm.txt
  OK decrypted=True written=Chương 36 Nắm bắt nhân tâm.txt
[37/178] download chapter_id=13378762 file=Chương 37 Bối cảnh thế giới.txt
  OK decrypted=True written=Chương 37 Bối cảnh thế giới.txt
[38/178] download chapter_id=13381500 file=Chương 38 Ta Mantis là một cái mặt nạ tốt.txt
  OK decrypted=True written=Chương 38 Ta Mantis là một cái mặt nạ tốt.txt
[39/178] download chapter_id=13383011 file=Chương 39 Thức tỉnh.txt
  OK decrypted=True written=Chương 39 Thức tỉnh.txt
[40/178] download chapter_id=13385666 file=Chương 40 Không cầu làm vương.txt
  OK decrypted=True written=Chương 40 Không cầu làm vương.txt
[41/178] download chapter_id=13387560 file=Chương 41 Tiểu Bảo tiểu sự tình.txt
  OK decrypted=True written=Chương 41 Tiểu Bảo tiểu sự tình.txt
[42/178] download chapter_id=13389655 file=Chương 42 Tiếp tục.txt
  OK decrypted=True written=Chương 42 Tiếp tục.txt
[43/178] download chapter_id=13391607 file=Chương 43 Bắt đầu nhiệm vụ.txt
  OK decrypted=True written=Chương 43 Bắt đầu nhiệm vụ.txt
[44/178] download chapter_id=13396520 file=Chương 44 Viễn cảnh.txt
  OK decrypted=True written=Chương 44 Viễn cảnh.txt
[45/178] download chapter_id=13398595 file=Chương 45 Bảo vật luận bàn.txt
  OK decrypted=True written=Chương 45 Bảo vật luận bàn.txt
[46/178] download chapter_id=13398596 file=Chương 46 Komodo là thế nào mạnh mẽ.txt
  OK decrypted=True written=Chương 46 Komodo là thế nào mạnh mẽ.txt
[47/178] download chapter_id=13401242 file=Chương 47 Ta muốn là thành.txt
  OK decrypted=True written=Chương 47 Ta muốn là thành.txt
[48/178] download chapter_id=13402825 file=Chương 48 Nghịch đạo.txt
  OK decrypted=True written=Chương 48 Nghịch đạo.txt
[49/178] download chapter_id=13403239 file=Chương 49 Kĩ xảo thực lực.txt
  OK decrypted=True written=Chương 49 Kĩ xảo thực lực.txt
[50/178] download chapter_id=13403836 file=Chương 50 Lưu Đế.txt
  OK decrypted=True written=Chương 50 Lưu Đế.txt
[51/178] download chapter_id=13407259 file=Chương 51 Lưu Ngân Sa.txt
  OK decrypted=True written=Chương 51 Lưu Ngân Sa.txt
[52/178] download chapter_id=13407260 file=Chương 52 Huynh muội số phận.txt
  OK decrypted=True written=Chương 52 Huynh muội số phận.txt
[53/178] download chapter_id=13411640 file=Chương 53 Tương sinh mà tương khắc.txt
  OK decrypted=True written=Chương 53 Tương sinh mà tương khắc.txt
[54/178] download chapter_id=13414102 file=Chương 54 Nhật kí Tiểu Bảo chu du.txt
  OK decrypted=True written=Chương 54 Nhật kí Tiểu Bảo chu du.txt
[55/178] download chapter_id=13416317 file=Chương 55 Lão điện chủ có giải pháp.txt
  OK decrypted=True written=Chương 55 Lão điện chủ có giải pháp.txt
[56/178] download chapter_id=13416438 file=Chương 56 Hắc Kim hắc hắc.txt
  OK decrypted=True written=Chương 56 Hắc Kim hắc hắc.txt
[57/178] download chapter_id=13418545 file=Chương 57 Tuần du.txt
  OK decrypted=True written=Chương 57 Tuần du.txt
[58/178] download chapter_id=13418878 file=Chương 58 Vương và đồng đội.txt
  OK decrypted=True written=Chương 58 Vương và đồng đội.txt
[59/178] download chapter_id=13421373 file=Chương 59 59 Bee võ phái nói tiếp.txt
  OK decrypted=True written=Chương 59 59 Bee võ phái nói tiếp.txt
[60/178] download chapter_id=13429631 file=Chương 60 Bộc lộ.txt
  OK decrypted=True written=Chương 60 Bộc lộ.txt
[61/178] download chapter_id=13429796 file=Chương 61 Phân tích 2 Sơ lược nhân vật.txt
  OK decrypted=True written=Chương 61 Phân tích 2 Sơ lược nhân vật.txt
[62/178] download chapter_id=13431176 file=Chương 62 500 lực chiến 1000 lực chiến.txt
  OK decrypted=True written=Chương 62 500 lực chiến 1000 lực chiến.txt
[63/178] download chapter_id=13431177 file=Chương 63 Hắc Ám Vương.txt
  OK decrypted=True written=Chương 63 Hắc Ám Vương.txt
[64/178] download chapter_id=13438869 file=Chương 64 Xử súc vật.txt
  OK decrypted=True written=Chương 64 Xử súc vật.txt
[65/178] download chapter_id=13443580 file=Chương 65 Nhân là đạo nhẫn cũng là đạo.txt
  OK decrypted=True written=Chương 65 Nhân là đạo nhẫn cũng là đạo.txt
[66/178] download chapter_id=13447728 file=Chương 66 vì ngài mà quy phục.txt
  OK decrypted=True written=Chương 66 vì ngài mà quy phục.txt
[67/178] download chapter_id=13452370 file=Chương 67 Minh Quân.txt
  OK decrypted=True written=Chương 67 Minh Quân.txt
[68/178] download chapter_id=13455598 file=Chương 68 Quản Tống Hiên ngươi im đi.txt
  OK decrypted=True written=Chương 68 Quản Tống Hiên ngươi im đi.txt
[69/178] download chapter_id=13458068 file=Chương 69 Linh Quang Trang.txt
  OK decrypted=True written=Chương 69 Linh Quang Trang.txt
[70/178] download chapter_id=13461340 file=Chương 70 Tiểu Tam.txt
  OK decrypted=True written=Chương 70 Tiểu Tam.txt
[71/178] download chapter_id=13463599 file=Chương 71 Sương sương 2307 tuổi.txt
  OK decrypted=True written=Chương 71 Sương sương 2307 tuổi.txt
[72/178] download chapter_id=13466772 file=Chương 72 Hắc Hoàng Hiệp Sĩ.txt
  OK decrypted=True written=Chương 72 Hắc Hoàng Hiệp Sĩ.txt
[73/178] download chapter_id=13469392 file=Chương 73 Hợp thể.txt
  OK decrypted=True written=Chương 73 Hợp thể.txt
[74/178] download chapter_id=13471352 file=Chương 74 Ỷ Lan Trâm.txt
  OK decrypted=True written=Chương 74 Ỷ Lan Trâm.txt
[75/178] download chapter_id=13474794 file=Chương 75 Hắc Kiếm Sĩ Bạch Cầm Sư.txt
  OK decrypted=True written=Chương 75 Hắc Kiếm Sĩ Bạch Cầm Sư.txt
[76/178] download chapter_id=13477394 file=Chương 76 Tiểu Nhiên Nhiên hôm nay độc tấu.txt
  OK decrypted=True written=Chương 76 Tiểu Nhiên Nhiên hôm nay độc tấu.txt
[77/178] download chapter_id=13480138 file=Chương 77 Kiếm Trận.txt
  OK decrypted=True written=Chương 77 Kiếm Trận.txt
[78/178] download chapter_id=13482090 file=Chương 78 Calibur tiến hoá.txt
  OK decrypted=True written=Chương 78 Calibur tiến hoá.txt
[79/178] download chapter_id=13484250 file=Chương 79 Đồ mới.txt
  OK decrypted=True written=Chương 79 Đồ mới.txt
[80/178] download chapter_id=13485981 file=Chương 80 Khinh khí cầu của Sue.txt
  OK decrypted=True written=Chương 80 Khinh khí cầu của Sue.txt
[81/178] download chapter_id=13486487 file=Chương 81 Bích Huyền Lượng Kiếm.txt
  OK decrypted=True written=Chương 81 Bích Huyền Lượng Kiếm.txt
[82/178] download chapter_id=13486971 file=Chương 82 Vé tàu tới núi Phú Sĩ.txt
  OK decrypted=True written=Chương 82 Vé tàu tới núi Phú Sĩ.txt
[83/178] download chapter_id=13487410 file=Chương 83 Chu Tước duệ thần.txt
  OK decrypted=True written=Chương 83 Chu Tước duệ thần.txt
[84/178] download chapter_id=13487702 file=Chương 84 Thiên thạch.txt
  OK decrypted=True written=Chương 84 Thiên thạch.txt
[85/178] download chapter_id=13489211 file=Chương 85 Tội nhân.txt
  OK decrypted=True written=Chương 85 Tội nhân.txt
[86/178] download chapter_id=13489376 file=Chương 86 Tóm Long Tử.txt
  OK decrypted=True written=Chương 86 Tóm Long Tử.txt
[87/178] download chapter_id=13490072 file=Chương 87 Delta.txt
  OK decrypted=True written=Chương 87 Delta.txt
[88/178] download chapter_id=13493036 file=Chương 88 Ý chí lập.txt
  OK decrypted=True written=Chương 88 Ý chí lập.txt
[89/178] download chapter_id=13493828 file=Chương 89 Bẫy kệ bẫy.txt
  OK decrypted=True written=Chương 89 Bẫy kệ bẫy.txt
[90/178] download chapter_id=13498853 file=Chương 90 Olaf chuẩn đoán.txt
  OK decrypted=True written=Chương 90 Olaf chuẩn đoán.txt
[91/178] download chapter_id=13500265 file=Chương 91 Một chọi bốn.txt
  OK decrypted=True written=Chương 91 Một chọi bốn.txt
[92/178] download chapter_id=13500517 file=Chương 92 Đối đầu Streamer.txt
  OK decrypted=True written=Chương 92 Đối đầu Streamer.txt
[93/178] download chapter_id=13501533 file=Chương 93 Đắc Nhân Tâm.txt
  OK decrypted=True written=Chương 93 Đắc Nhân Tâm.txt
[94/178] download chapter_id=13503494 file=Chương 94 Nguyệt Vĩ Hồ lữ kí.txt
  OK decrypted=True written=Chương 94 Nguyệt Vĩ Hồ lữ kí.txt
[95/178] download chapter_id=13504081 file=Chương 95 Hương sắc.txt
  OK decrypted=True written=Chương 95 Hương sắc.txt
[96/178] download chapter_id=13507063 file=Chương 96 Đọ trí.txt
  OK decrypted=True written=Chương 96 Đọ trí.txt
[97/178] download chapter_id=13510627 file=Chương 97 97 Tam Hợp Lưu Thanh.txt
  OK decrypted=True written=Chương 97 97 Tam Hợp Lưu Thanh.txt
[98/178] download chapter_id=13513013 file=Chương 98 Đa nhân cách.txt
  OK decrypted=True written=Chương 98 Đa nhân cách.txt
[99/178] download chapter_id=13518821 file=Chương 99 Hưng thịnh.txt
  OK decrypted=True written=Chương 99 Hưng thịnh.txt
[100/178] download chapter_id=13521471 file=Chương 100 Đại cục.txt
  OK decrypted=True written=Chương 100 Đại cục.txt
[101/178] download chapter_id=13524703 file=Chương 101 Ô Khải về tay thiên tài.txt
  OK decrypted=True written=Chương 101 Ô Khải về tay thiên tài.txt
[102/178] download chapter_id=13528028 file=Chương 102 Lưỡng cực hợp.txt
  OK decrypted=True written=Chương 102 Lưỡng cực hợp.txt
[103/178] download chapter_id=13530669 file=Chương 103 Sâu rượu chiến.txt
  OK decrypted=True written=Chương 103 Sâu rượu chiến.txt
[104/178] download chapter_id=13531863 file=Chương 104 Đánh Phong La Quốc.txt
  OK decrypted=True written=Chương 104 Đánh Phong La Quốc.txt
[105/178] download chapter_id=13535566 file=Chương 105 Hung quẻ ác điềm.txt
  OK decrypted=True written=Chương 105 Hung quẻ ác điềm.txt
[106/178] download chapter_id=13535971 file=Chương 106 Nộ Vũ Giao Long.txt
  OK decrypted=True written=Chương 106 Nộ Vũ Giao Long.txt
[107/178] download chapter_id=13538735 file=Chương 107 Trung thần tư cách.txt
  FAIL chapter_id=13538735: unable to decode iv
final_ok=106
final_fail=1
out=C:\Dev\MTC\Đế Vương Tiền Truyện

[stderr]
