book=Thần Nguyên Kỷ
book_id=112951
out=C:\Dev\MTC\Thần Nguyên Kỷ
chapters_total=362 expected=362
[1/362] download chapter_id=14941563 file=Chương 98 Là Đấu Sức Hay Là Đấu Xem Ai Âm Hiểm Hơn.txt
  OK decrypted=True written=Chương 98 Là Đấu Sức Hay Là Đấu Xem Ai Âm Hiểm Hơn.txt
[2/362] download chapter_id=14944810 file=Chương 99 Chết.txt
  OK decrypted=True written=Chương 99 Chết.txt
[3/362] download chapter_id=14945023 file=Chương 100 Tổng Kết Đạt Được.txt
  OK decrypted=True written=Chương 100 Tổng Kết Đạt Được.txt
[4/362] download chapter_id=14945147 file=Chương 101 Vòng Thứ Hai.txt
  OK decrypted=True written=Chương 101 Vòng Thứ Hai.txt
[5/362] download chapter_id=14948024 file=Chương 102 Douglas.txt
  OK decrypted=True written=Chương 102 Douglas.txt
[6/362] download chapter_id=14948342 file=Chương 103 Tốc Chạy.txt
  OK decrypted=True written=Chương 103 Tốc Chạy.txt
[7/362] download chapter_id=14948656 file=Chương 104 Đây Là Không Gian Năng Lực.txt
  OK decrypted=True written=Chương 104 Đây Là Không Gian Năng Lực.txt
[8/362] download chapter_id=14949456 file=Chương 105 Có Thể Động Thủ.txt
  OK decrypted=True written=Chương 105 Có Thể Động Thủ.txt
[9/362] download chapter_id=14952590 file=Chương 106 Dưới Màn Mưa.txt
  OK decrypted=True written=Chương 106 Dưới Màn Mưa.txt
[10/362] download chapter_id=14952731 file=Chương 107 Không Lọt Giọt Nước.txt
  OK decrypted=True written=Chương 107 Không Lọt Giọt Nước.txt
[11/362] download chapter_id=14956586 file=Chương 108 Vậy Thì Lại Như Thế Nào.txt
  OK decrypted=True written=Chương 108 Vậy Thì Lại Như Thế Nào.txt
[12/362] download chapter_id=14957387 file=Chương 109 Cuồng Oanh Loạn Tạc.txt
  OK decrypted=True written=Chương 109 Cuồng Oanh Loạn Tạc.txt
[13/362] download chapter_id=14962600 file=Chương 110 Tiếp Tục Vây Công.txt
  OK decrypted=True written=Chương 110 Tiếp Tục Vây Công.txt
[14/362] download chapter_id=14967253 file=Chương 111 Liên Tiếp Biến Cố.txt
  OK decrypted=True written=Chương 111 Liên Tiếp Biến Cố.txt
[15/362] download chapter_id=14972090 file=Chương 112 Lâm Vào Giằng Co.txt
  OK decrypted=True written=Chương 112 Lâm Vào Giằng Co.txt
[16/362] download chapter_id=14976850 file=Chương 113 Cho Nàng Một Cơ Hội.txt
  OK decrypted=True written=Chương 113 Cho Nàng Một Cơ Hội.txt
[17/362] download chapter_id=14984851 file=Chương 114 Thánh Thiện Douglas.txt
  OK decrypted=True written=Chương 114 Thánh Thiện Douglas.txt
[18/362] download chapter_id=14984890 file=Chương 115 Một Đao.txt
  OK decrypted=True written=Chương 115 Một Đao.txt
[19/362] download chapter_id=14985033 file=Chương 116 3 Cấp Bây Giờ Đều Là Như Vậy Khó Giết.txt
  OK decrypted=True written=Chương 116 3 Cấp Bây Giờ Đều Là Như Vậy Khó Giết.txt
[20/362] download chapter_id=14988030 file=Chương 117 Lâm Vào Bế Tắc Hảo Đồng Đội Ba Người.txt
  OK decrypted=True written=Chương 117 Lâm Vào Bế Tắc Hảo Đồng Đội Ba Người.txt
[21/362] download chapter_id=14988033 file=Chương 118 Đi Hướng Tử Vong Thế Giới 1.txt
  OK decrypted=True written=Chương 118 Đi Hướng Tử Vong Thế Giới 1.txt
[22/362] download chapter_id=14988034 file=Chương 119 Đi Hướng Tử Vong Thế Giới 2.txt
  OK decrypted=True written=Chương 119 Đi Hướng Tử Vong Thế Giới 2.txt
[23/362] download chapter_id=14988243 file=Chương 120 Đủ Rồi.txt
  OK decrypted=True written=Chương 120 Đủ Rồi.txt
[24/362] download chapter_id=14988247 file=Chương 121 Giải Thích Cho Nàng Toàn Bộ Kế Hoạch.txt
  OK decrypted=True written=Chương 121 Giải Thích Cho Nàng Toàn Bộ Kế Hoạch.txt
[25/362] download chapter_id=15008427 file=Chương 122 Thái Dương Cốt Tộc.txt
  OK decrypted=True written=Chương 122 Thái Dương Cốt Tộc.txt
[26/362] download chapter_id=15008428 file=Chương 123 Lươn Lẹo Idas.txt
  OK decrypted=True written=Chương 123 Lươn Lẹo Idas.txt
[27/362] download chapter_id=15008429 file=Chương 124 Thật Không Tệ.txt
  OK decrypted=True written=Chương 124 Thật Không Tệ.txt
[28/362] download chapter_id=15008431 file=Chương 125 Nguyện Ý Chết Đi.txt
  OK decrypted=True written=Chương 125 Nguyện Ý Chết Đi.txt
[29/362] download chapter_id=15008437 file=Chương 126 Một Cái Cực Lớn Màu Đỏ Vỏ Ốc.txt
  OK decrypted=True written=Chương 126 Một Cái Cực Lớn Màu Đỏ Vỏ Ốc.txt
[30/362] download chapter_id=15082360 file=Chương 127 Tính Sai.txt
  OK decrypted=True written=Chương 127 Tính Sai.txt
[31/362] download chapter_id=15082361 file=Chương 128 Khi Trước Hảo Đồng Đội Nay Đã Không Tại.txt
  OK decrypted=True written=Chương 128 Khi Trước Hảo Đồng Đội Nay Đã Không Tại.txt
[32/362] download chapter_id=15082362 file=Chương 129 Chân Thực Cùng Ảo Mộng 1.txt
  OK decrypted=True written=Chương 129 Chân Thực Cùng Ảo Mộng 1.txt
[33/362] download chapter_id=15082363 file=Chương 130 Chân Thực Cùng Ảo Mộng 2.txt
  OK decrypted=True written=Chương 130 Chân Thực Cùng Ảo Mộng 2.txt
[34/362] download chapter_id=15082364 file=Chương 131 Chân Thực Cùng Ảo Mộng 3.txt
  OK decrypted=True written=Chương 131 Chân Thực Cùng Ảo Mộng 3.txt
[35/362] download chapter_id=15082365 file=Chương 132 Chân Thực Cùng Ảo Mộng 4.txt
  OK decrypted=True written=Chương 132 Chân Thực Cùng Ảo Mộng 4.txt
[36/362] download chapter_id=15082366 file=Chương 133 Chân Thực Cùng Ảo Mộng 5.txt
  OK decrypted=True written=Chương 133 Chân Thực Cùng Ảo Mộng 5.txt
[37/362] download chapter_id=15082367 file=Chương 134 Một Đoạn Được Viết Thêm Chuyện Xưa.txt
  OK decrypted=True written=Chương 134 Một Đoạn Được Viết Thêm Chuyện Xưa.txt
[38/362] download chapter_id=15082368 file=Chương 135 Nàng Không Đủ Giá Trị.txt
  OK decrypted=True written=Chương 135 Nàng Không Đủ Giá Trị.txt
[39/362] download chapter_id=15082369 file=Chương 136 Không Như Dự Tính.txt
  OK decrypted=True written=Chương 136 Không Như Dự Tính.txt
[40/362] download chapter_id=15082370 file=Chương 137 Giảm Chín Phần Mười.txt
  OK decrypted=True written=Chương 137 Giảm Chín Phần Mười.txt
[41/362] download chapter_id=15083864 file=Chương 138 Chính Nghĩa Tiểu Đội Cuối Cùng Đại Boss.txt
  OK decrypted=True written=Chương 138 Chính Nghĩa Tiểu Đội Cuối Cùng Đại Boss.txt
[42/362] download chapter_id=15083866 file=Chương 139 Biến Dạng.txt
  OK decrypted=True written=Chương 139 Biến Dạng.txt
[43/362] download chapter_id=15083867 file=Chương 140 Huyễn Tượng Bên Trong.txt
  OK decrypted=True written=Chương 140 Huyễn Tượng Bên Trong.txt
[44/362] download chapter_id=15086150 file=Chương 141 Thật Cùng Giả.txt
  OK decrypted=True written=Chương 141 Thật Cùng Giả.txt
[45/362] download chapter_id=15086151 file=Chương 142 Cứu Rỗi.txt
  OK decrypted=True written=Chương 142 Cứu Rỗi.txt
[46/362] download chapter_id=15086153 file=Chương 143 Trở Lại.txt
  OK decrypted=True written=Chương 143 Trở Lại.txt
[47/362] download chapter_id=15088830 file=Chương 144 Ngươi Này Ngu Xuẩn Sinh Vật.txt
  OK decrypted=True written=Chương 144 Ngươi Này Ngu Xuẩn Sinh Vật.txt
[48/362] download chapter_id=15089198 file=Chương 145 Thấp Kém Giao Lưu Phương Thức.txt
  OK decrypted=True written=Chương 145 Thấp Kém Giao Lưu Phương Thức.txt
[49/362] download chapter_id=15089200 file=Chương 146 Còn Sót Lại.txt
  OK decrypted=True written=Chương 146 Còn Sót Lại.txt
[50/362] download chapter_id=15089296 file=Chương 147 Mỗi Người Mỗi Suy Nghĩ.txt
  OK decrypted=True written=Chương 147 Mỗi Người Mỗi Suy Nghĩ.txt
[51/362] download chapter_id=15089297 file=Chương 148 Trải Qua.txt
  OK decrypted=True written=Chương 148 Trải Qua.txt
[52/362] download chapter_id=15089447 file=Chương 149 Mong Ước Của Kẻ Thất Bại.txt
  OK decrypted=True written=Chương 149 Mong Ước Của Kẻ Thất Bại.txt
[53/362] download chapter_id=15089448 file=Chương 150 Thiếu Mất Một Khối.txt
  OK decrypted=True written=Chương 150 Thiếu Mất Một Khối.txt
[54/362] download chapter_id=15089625 file=Chương 151 Gây Tê.txt
  OK decrypted=True written=Chương 151 Gây Tê.txt
[55/362] download chapter_id=15089635 file=Chương 152 Vô Huyễn Ngọc Dược.txt
  OK decrypted=True written=Chương 152 Vô Huyễn Ngọc Dược.txt
[56/362] download chapter_id=15090741 file=Chương 153 Biên Giới Nhân Tộc.txt
  OK decrypted=True written=Chương 153 Biên Giới Nhân Tộc.txt
[57/362] download chapter_id=15090742 file=Chương 154 Sừng Hươu Nam.txt
  OK decrypted=True written=Chương 154 Sừng Hươu Nam.txt
[58/362] download chapter_id=15090743 file=Chương 155 Ghê Tởm Địch Nhân 1.txt
  OK decrypted=True written=Chương 155 Ghê Tởm Địch Nhân 1.txt
[59/362] download chapter_id=15091034 file=Chương 156 Ghê Tởm Địch Nhân 2.txt
  OK decrypted=True written=Chương 156 Ghê Tởm Địch Nhân 2.txt
[60/362] download chapter_id=15091036 file=Chương 157 Bắt Kịp 1.txt
  OK decrypted=True written=Chương 157 Bắt Kịp 1.txt
[61/362] download chapter_id=15091038 file=Chương 158 Bắt Kịp 2.txt
  OK decrypted=True written=Chương 158 Bắt Kịp 2.txt
[62/362] download chapter_id=15091441 file=Chương 159 Tận Lực Giảm Nhẹ 1.txt
  OK decrypted=True written=Chương 159 Tận Lực Giảm Nhẹ 1.txt
[63/362] download chapter_id=15091442 file=Chương 160 Tận Lực Giảm Nhẹ 2.txt
  OK decrypted=True written=Chương 160 Tận Lực Giảm Nhẹ 2.txt
[64/362] download chapter_id=15091446 file=Chương 161 Trở Lại 1.txt
  OK decrypted=True written=Chương 161 Trở Lại 1.txt
[65/362] download chapter_id=15092080 file=Chương 162 Trở Lại 2.txt
  OK decrypted=True written=Chương 162 Trở Lại 2.txt
[66/362] download chapter_id=15092128 file=Chương 163 Vật Chứa.txt
  OK decrypted=True written=Chương 163 Vật Chứa.txt
[67/362] download chapter_id=15092137 file=Chương 164 Tiêu Phí.txt
  OK decrypted=True written=Chương 164 Tiêu Phí.txt
[68/362] download chapter_id=15092190 file=Chương 165 Hồn Độc.txt
  OK decrypted=True written=Chương 165 Hồn Độc.txt
[69/362] download chapter_id=15094236 file=Chương 166 Hồn Độc.txt
  OK decrypted=True written=Chương 166 Hồn Độc.txt
[70/362] download chapter_id=15094253 file=Chương 167 Trung Chuyển Trạm.txt
  OK decrypted=True written=Chương 167 Trung Chuyển Trạm.txt
[71/362] download chapter_id=15096963 file=Chương 168 Duy Á Cổ Đảo.txt
  OK decrypted=True written=Chương 168 Duy Á Cổ Đảo.txt
[72/362] download chapter_id=15099719 file=Chương 169 Tham Dự.txt
  OK decrypted=True written=Chương 169 Tham Dự.txt
[73/362] download chapter_id=15099720 file=Chương 170 Chủng Tộc Thẩm Mĩ Quan.txt
  OK decrypted=True written=Chương 170 Chủng Tộc Thẩm Mĩ Quan.txt
[74/362] download chapter_id=15104170 file=Chương 171 Phía Trước Cùng Phía Sau.txt
  OK decrypted=True written=Chương 171 Phía Trước Cùng Phía Sau.txt
[75/362] download chapter_id=15104171 file=Chương 172 Bay Lượn.txt
  OK decrypted=True written=Chương 172 Bay Lượn.txt
[76/362] download chapter_id=15109116 file=Chương 173 Việc Nhẹ Lương Cao.txt
  OK decrypted=True written=Chương 173 Việc Nhẹ Lương Cao.txt
[77/362] download chapter_id=15109137 file=Chương 174 Quá Phận Chiến Hữu Hạng Mục.txt
  OK decrypted=True written=Chương 174 Quá Phận Chiến Hữu Hạng Mục.txt
[78/362] download chapter_id=15117403 file=Chương 175 Thử Một Chút.txt
  OK decrypted=True written=Chương 175 Thử Một Chút.txt
[79/362] download chapter_id=15117460 file=Chương 176 Bẩn Thỉu Cá Cùng Với Nguyền Rủa Tiếng Ca.txt
  OK decrypted=True written=Chương 176 Bẩn Thỉu Cá Cùng Với Nguyền Rủa Tiếng Ca.txt
[80/362] download chapter_id=15117491 file=Chương 177 A Ta Thân Ái Bằng Hữu.txt
  OK decrypted=True written=Chương 177 A Ta Thân Ái Bằng Hữu.txt
[81/362] download chapter_id=15117523 file=Chương 178 Dần Trở Nên Hỗn Loạn Chiến Trường.txt
  OK decrypted=True written=Chương 178 Dần Trở Nên Hỗn Loạn Chiến Trường.txt
[82/362] download chapter_id=15122351 file=Chương 179 Đốt Cháy Giai Đoạn.txt
  OK decrypted=True written=Chương 179 Đốt Cháy Giai Đoạn.txt
[83/362] download chapter_id=15122358 file=Chương 180 Bỏ Phiếu.txt
  OK decrypted=True written=Chương 180 Bỏ Phiếu.txt
[84/362] download chapter_id=15124148 file=Chương 181 Cửa Vào Mở Ra.txt
  OK decrypted=True written=Chương 181 Cửa Vào Mở Ra.txt
[85/362] download chapter_id=15128523 file=Chương 182 Chân Thực Cùng Ảo Mộng Tiếp 6.txt
  OK decrypted=True written=Chương 182 Chân Thực Cùng Ảo Mộng Tiếp 6.txt
[86/362] download chapter_id=15128551 file=Chương 183 Vực Sâu Ban Tặng Cùng Đánh Đổi.txt
  OK decrypted=True written=Chương 183 Vực Sâu Ban Tặng Cùng Đánh Đổi.txt
[87/362] download chapter_id=15132089 file=Chương 184 Ma Thuật Bí Văn Cùng Kiếm.txt
  OK decrypted=True written=Chương 184 Ma Thuật Bí Văn Cùng Kiếm.txt
[88/362] download chapter_id=15132090 file=Chương 185 Triệu Hoán Tới Quái Vật.txt
  OK decrypted=True written=Chương 185 Triệu Hoán Tới Quái Vật.txt
[89/362] download chapter_id=15136135 file=Chương 186 Vị Trí.txt
  OK decrypted=True written=Chương 186 Vị Trí.txt
[90/362] download chapter_id=15136152 file=Chương 187 Bút Ký.txt
  OK decrypted=True written=Chương 187 Bút Ký.txt
[91/362] download chapter_id=15136797 file=Chương 188 Không Còn Bị Ước Thúc.txt
  OK decrypted=True written=Chương 188 Không Còn Bị Ước Thúc.txt
[92/362] download chapter_id=15139981 file=Chương 189 Quan Sát.txt
  OK decrypted=True written=Chương 189 Quan Sát.txt
[93/362] download chapter_id=15139982 file=Chương 190 Ngu Xuẩn Bản Năng.txt
  OK decrypted=True written=Chương 190 Ngu Xuẩn Bản Năng.txt
[94/362] download chapter_id=15143658 file=Chương 191 Dược Tề.txt
  OK decrypted=True written=Chương 191 Dược Tề.txt
[95/362] download chapter_id=15143659 file=Chương 192 Bạo Phong Vương Quốc.txt
  OK decrypted=True written=Chương 192 Bạo Phong Vương Quốc.txt
[96/362] download chapter_id=15143660 file=Chương 193 Cá Mập Cùng Máu.txt
  OK decrypted=True written=Chương 193 Cá Mập Cùng Máu.txt
[97/362] download chapter_id=15148108 file=Chương 194 Quá Ngu Quá Yếu Quá Muốn Chết.txt
  OK decrypted=True written=Chương 194 Quá Ngu Quá Yếu Quá Muốn Chết.txt
[98/362] download chapter_id=15148109 file=Chương 195 Chú Thuật.txt
  OK decrypted=True written=Chương 195 Chú Thuật.txt
[99/362] download chapter_id=15148115 file=Chương 196 Trị Liệu Viện.txt
  OK decrypted=True written=Chương 196 Trị Liệu Viện.txt
[100/362] download chapter_id=15153713 file=Chương 197 Nhầm Lẫn.txt
  OK decrypted=True written=Chương 197 Nhầm Lẫn.txt
[101/362] download chapter_id=15153715 file=Chương 198 Kỳ Lạ.txt
  OK decrypted=True written=Chương 198 Kỳ Lạ.txt
[102/362] download chapter_id=15157370 file=Chương 199 Tiến Bộ.txt
  OK decrypted=True written=Chương 199 Tiến Bộ.txt
[103/362] download chapter_id=15157371 file=Chương 200 Vị Nước Lọc.txt
  OK decrypted=True written=Chương 200 Vị Nước Lọc.txt
[104/362] download chapter_id=15161592 file=Chương 201 Bạn Mới.txt
  OK decrypted=True written=Chương 201 Bạn Mới.txt
[105/362] download chapter_id=15161886 file=Chương 202 Sinh Vật Nguy Hiểm.txt
  OK decrypted=True written=Chương 202 Sinh Vật Nguy Hiểm.txt
[106/362] download chapter_id=15161887 file=Chương 203 Nghỉ Ngơi Thời Kỳ.txt
  OK decrypted=True written=Chương 203 Nghỉ Ngơi Thời Kỳ.txt
[107/362] download chapter_id=15165348 file=Chương 204 Chất Nổ Vị Dâu Kịch Độc Vị Rượu.txt
  OK decrypted=True written=Chương 204 Chất Nổ Vị Dâu Kịch Độc Vị Rượu.txt
[108/362] download chapter_id=15165351 file=Chương 205 Mạc Phong Trở Lại.txt
  OK decrypted=True written=Chương 205 Mạc Phong Trở Lại.txt
[109/362] download chapter_id=15176419 file=Chương 206 Bị Tập Kích.txt
  OK decrypted=True written=Chương 206 Bị Tập Kích.txt
[110/362] download chapter_id=15176425 file=Chương 207 Sinh Tồn Biện Pháp.txt
  OK decrypted=True written=Chương 207 Sinh Tồn Biện Pháp.txt
[111/362] download chapter_id=15176501 file=Chương 208 Đã Xem.txt
  OK decrypted=True written=Chương 208 Đã Xem.txt
[112/362] download chapter_id=15177732 file=Chương 209 Lão Thợ Săn Cùng Con Sói.txt
  OK decrypted=True written=Chương 209 Lão Thợ Săn Cùng Con Sói.txt
[113/362] download chapter_id=15177745 file=Chương 210 Bình Thường Thao Tác.txt
  OK decrypted=True written=Chương 210 Bình Thường Thao Tác.txt
[114/362] download chapter_id=15178275 file=Chương 211 Chân Thực Cùng Ảo Mộng Tiếp 7 Kaleid cùng Calev.txt
  OK decrypted=True written=Chương 211 Chân Thực Cùng Ảo Mộng Tiếp 7 Kaleid cùng Calev.txt
[115/362] download chapter_id=15178301 file=Chương 212 Chân Thực Cùng Ảo Mộng 8 Sinh Cơ Cuối Cùng Tán.txt
  OK decrypted=True written=Chương 212 Chân Thực Cùng Ảo Mộng 8 Sinh Cơ Cuối Cùng Tán.txt
[116/362] download chapter_id=15181550 file=Chương 213 Chân Thực Cùng Ảo Mộng 9 Độc Thoại.txt
  OK decrypted=True written=Chương 213 Chân Thực Cùng Ảo Mộng 9 Độc Thoại.txt
[117/362] download chapter_id=15181553 file=Chương 214 Nghiêm Trọng Bệnh.txt
  OK decrypted=True written=Chương 214 Nghiêm Trọng Bệnh.txt
[118/362] download chapter_id=15185633 file=Chương 215 Phối Hợp Kỹ.txt
  OK decrypted=True written=Chương 215 Phối Hợp Kỹ.txt
[119/362] download chapter_id=15185768 file=Chương 216 Tổ Đội.txt
  OK decrypted=True written=Chương 216 Tổ Đội.txt
[120/362] download chapter_id=15189912 file=Chương 217 Bất Ổn.txt
  OK decrypted=True written=Chương 217 Bất Ổn.txt
[121/362] download chapter_id=15190078 file=Chương 218 Chuẩn Bị Mời Đồng Đội Mới.txt
  OK decrypted=True written=Chương 218 Chuẩn Bị Mời Đồng Đội Mới.txt
[122/362] download chapter_id=15192183 file=Chương 219 Rất Chắc Chắn.txt
  OK decrypted=True written=Chương 219 Rất Chắc Chắn.txt
[123/362] download chapter_id=15192184 file=Chương 220 Vừa Ấm Lại Vừa Sáng.txt
  OK decrypted=True written=Chương 220 Vừa Ấm Lại Vừa Sáng.txt
[124/362] download chapter_id=15195418 file=Chương 221 Cá Cược Trò Chơi 1.txt
  OK decrypted=True written=Chương 221 Cá Cược Trò Chơi 1.txt
[125/362] download chapter_id=15195419 file=Chương 222 Cá Cược Trò Chơi 2.txt
  OK decrypted=True written=Chương 222 Cá Cược Trò Chơi 2.txt
[126/362] download chapter_id=15207584 file=Chương 223 Cái Giá.txt
  OK decrypted=True written=Chương 223 Cái Giá.txt
[127/362] download chapter_id=15207587 file=Chương 224 Không Ưa Thích Nói Nhảm.txt
  OK decrypted=True written=Chương 224 Không Ưa Thích Nói Nhảm.txt
[128/362] download chapter_id=15208547 file=Chương 225 Chênh Lệch Giãy Dụa.txt
  OK decrypted=True written=Chương 225 Chênh Lệch Giãy Dụa.txt
[129/362] download chapter_id=15208556 file=Chương 226 Hữu Nghị Đến Từ Đội Hữu.txt
  OK decrypted=True written=Chương 226 Hữu Nghị Đến Từ Đội Hữu.txt
[130/362] download chapter_id=15210319 file=Chương 227 Tiến Cử.txt
  OK decrypted=True written=Chương 227 Tiến Cử.txt
[131/362] download chapter_id=15213971 file=Chương 228 Không Hồi Kết.txt
  OK decrypted=True written=Chương 228 Không Hồi Kết.txt
[132/362] download chapter_id=15214215 file=Chương 229 Dù Là Ranh Giới Chủng Loài Cũng Không Thể Ngăn Cách.txt
  OK decrypted=True written=Chương 229 Dù Là Ranh Giới Chủng Loài Cũng Không Thể Ngăn Cách.txt
[133/362] download chapter_id=15214229 file=Chương 230 Tự Cho Bản Thân Một Lối Thoát.txt
  OK decrypted=True written=Chương 230 Tự Cho Bản Thân Một Lối Thoát.txt
[134/362] download chapter_id=15220721 file=Chương 231 2.400.000 Giờ.txt
  OK decrypted=True written=Chương 231 2.400.000 Giờ.txt
[135/362] download chapter_id=15220814 file=Chương 232 Đàm Phán.txt
  OK decrypted=True written=Chương 232 Đàm Phán.txt
[136/362] download chapter_id=15226034 file=Chương 233 Phát Hiện Mới.txt
  OK decrypted=True written=Chương 233 Phát Hiện Mới.txt
[137/362] download chapter_id=15226035 file=Chương 234 Quay Đầu Lại.txt
  OK decrypted=True written=Chương 234 Quay Đầu Lại.txt
[138/362] download chapter_id=15226172 file=Chương 235 Lặp Lại.txt
  OK decrypted=True written=Chương 235 Lặp Lại.txt
[139/362] download chapter_id=15229243 file=Chương 236 Có Chút Lạnh.txt
  OK decrypted=True written=Chương 236 Có Chút Lạnh.txt
[140/362] download chapter_id=15229244 file=Chương 237 Phương Pháp.txt
  OK decrypted=True written=Chương 237 Phương Pháp.txt
[141/362] download chapter_id=15229339 file=Chương 238 Khu Vui Chơi.txt
  OK decrypted=True written=Chương 238 Khu Vui Chơi.txt
[142/362] download chapter_id=15234821 file=Chương 239 Kẻ Nghiện Cờ Bạc.txt
  OK decrypted=True written=Chương 239 Kẻ Nghiện Cờ Bạc.txt
[143/362] download chapter_id=15237811 file=Chương 240 Điên Cuồng Trò Chơi.txt
  OK decrypted=True written=Chương 240 Điên Cuồng Trò Chơi.txt
[144/362] download chapter_id=15238613 file=Chương 241 Những Phát Súng Chí Mạng Cùng Vận Rủi.txt
  OK decrypted=True written=Chương 241 Những Phát Súng Chí Mạng Cùng Vận Rủi.txt
[145/362] download chapter_id=15241732 file=Chương 242 Hoàn Tất Nhận Chủ.txt
  OK decrypted=True written=Chương 242 Hoàn Tất Nhận Chủ.txt
[146/362] download chapter_id=15241774 file=Chương 243 Nơi Những Tiếng Cười Hội Tụ.txt
  OK decrypted=True written=Chương 243 Nơi Những Tiếng Cười Hội Tụ.txt
[147/362] download chapter_id=15250894 file=Chương 244 Quá Đặc Sắc Một Buổi Diễn.txt
  OK decrypted=True written=Chương 244 Quá Đặc Sắc Một Buổi Diễn.txt
[148/362] download chapter_id=15250895 file=Chương 245 Thông Qua.txt
  OK decrypted=True written=Chương 245 Thông Qua.txt
[149/362] download chapter_id=15250926 file=Chương 246 Kẻ Đi Săn Cùng Con Mồi.txt
  OK decrypted=True written=Chương 246 Kẻ Đi Săn Cùng Con Mồi.txt
[150/362] download chapter_id=15255885 file=Chương 247 Xấu Xí Bên Trong.txt
  OK decrypted=True written=Chương 247 Xấu Xí Bên Trong.txt
[151/362] download chapter_id=15256037 file=Chương 248 Không Có Chút Nào Ngoài Ý Muốn.txt
  OK decrypted=True written=Chương 248 Không Có Chút Nào Ngoài Ý Muốn.txt
[152/362] download chapter_id=15256084 file=Chương 249 Sắp Tới Cuồng Hoan.txt
  OK decrypted=True written=Chương 249 Sắp Tới Cuồng Hoan.txt
[153/362] download chapter_id=15262962 file=Chương 250 Mời.txt
  OK decrypted=True written=Chương 250 Mời.txt
[154/362] download chapter_id=15262994 file=Chương 251 Lồng Tiếng.txt
  OK decrypted=True written=Chương 251 Lồng Tiếng.txt
[155/362] download chapter_id=15264356 file=Chương 252 Tử Vong Ôm Khốn Nạn Tổ Hợp Kỹ.txt
  OK decrypted=True written=Chương 252 Tử Vong Ôm Khốn Nạn Tổ Hợp Kỹ.txt
[156/362] download chapter_id=15266898 file=Chương 253 Nằm Thắng.txt
  OK decrypted=True written=Chương 253 Nằm Thắng.txt
[157/362] download chapter_id=15266969 file=Chương 254 Thưởng.txt
  OK decrypted=True written=Chương 254 Thưởng.txt
[158/362] download chapter_id=15269522 file=Chương 255 Nơi Để Về.txt
  OK decrypted=True written=Chương 255 Nơi Để Về.txt
[159/362] download chapter_id=15271452 file=Chương 256 Giết Đi.txt
  OK decrypted=True written=Chương 256 Giết Đi.txt
[160/362] download chapter_id=15271515 file=Chương 257 Hơn Ba Năm.txt
  OK decrypted=True written=Chương 257 Hơn Ba Năm.txt
[161/362] download chapter_id=15273798 file=Chương 258 Mục Đích.txt
  OK decrypted=True written=Chương 258 Mục Đích.txt
[162/362] download chapter_id=15273932 file=Chương 259 Tứ Đại Vương Quốc Đặc Thù.txt
  OK decrypted=True written=Chương 259 Tứ Đại Vương Quốc Đặc Thù.txt
[163/362] download chapter_id=15274815 file=Chương 260 Sớm Quên Tên Của Đối Phương.txt
  OK decrypted=True written=Chương 260 Sớm Quên Tên Của Đối Phương.txt
[164/362] download chapter_id=15276082 file=Chương 261 Nô Lệ.txt
  OK decrypted=True written=Chương 261 Nô Lệ.txt
[165/362] download chapter_id=15277462 file=Chương 262 Cuộc Đối Thoại Kỳ Diệu.txt
  OK decrypted=True written=Chương 262 Cuộc Đối Thoại Kỳ Diệu.txt
[166/362] download chapter_id=15278203 file=Chương 263 Chủ Nào Tớ Nấy.txt
  OK decrypted=True written=Chương 263 Chủ Nào Tớ Nấy.txt
[167/362] download chapter_id=15281020 file=Chương 264 Cao Cấp Đồ Vật.txt
  OK decrypted=True written=Chương 264 Cao Cấp Đồ Vật.txt
[168/362] download chapter_id=15281747 file=Chương 265 Thật Có Lỗi Ta Gọi Thực Huyết.txt
  OK decrypted=True written=Chương 265 Thật Có Lỗi Ta Gọi Thực Huyết.txt
[169/362] download chapter_id=15285197 file=Chương 266 Thuê.txt
  OK decrypted=True written=Chương 266 Thuê.txt
[170/362] download chapter_id=15286629 file=Chương 267 Vượt Quá Giới Hạn Trò Đùa.txt
  OK decrypted=True written=Chương 267 Vượt Quá Giới Hạn Trò Đùa.txt
[171/362] download chapter_id=15288038 file=Chương 268 Kiếm Sư Phong Cách.txt
  OK decrypted=True written=Chương 268 Kiếm Sư Phong Cách.txt
[172/362] download chapter_id=15288267 file=Chương 269 Hẳn Là Phòng Thủ Chiến.txt
  OK decrypted=True written=Chương 269 Hẳn Là Phòng Thủ Chiến.txt
[173/362] download chapter_id=15290999 file=Chương 270 Ấm Áp Mục Sư.txt
  OK decrypted=True written=Chương 270 Ấm Áp Mục Sư.txt
[174/362] download chapter_id=15292524 file=Chương 271 Ý Chí Nhiễu Sóng.txt
  OK decrypted=True written=Chương 271 Ý Chí Nhiễu Sóng.txt
[175/362] download chapter_id=15294574 file=Chương 272 Những Viên Đạn.txt
  OK decrypted=True written=Chương 272 Những Viên Đạn.txt
[176/362] download chapter_id=15296576 file=Chương 273 Đen Láy Đáng Yêu Con Mắt.txt
  OK decrypted=True written=Chương 273 Đen Láy Đáng Yêu Con Mắt.txt
[177/362] download chapter_id=15296629 file=Chương 274 Mọi Người Đều Sai Chứ Không Phải Hắn.txt
  OK decrypted=True written=Chương 274 Mọi Người Đều Sai Chứ Không Phải Hắn.txt
[178/362] download chapter_id=15302654 file=Chương 275 Trong Cống Rãnh Bẩn Thỉu Chuột.txt
  OK decrypted=True written=Chương 275 Trong Cống Rãnh Bẩn Thỉu Chuột.txt
[179/362] download chapter_id=15302778 file=Chương 276 Chân Thực Cùng Ảo Mộng 10 Dịch Bệnh.txt
  OK decrypted=True written=Chương 276 Chân Thực Cùng Ảo Mộng 10 Dịch Bệnh.txt
[180/362] download chapter_id=15305970 file=Chương 277 Chân Thực Cùng Ảo Mộng 11 Sản Phẩm Lỗi.txt
  OK decrypted=True written=Chương 277 Chân Thực Cùng Ảo Mộng 11 Sản Phẩm Lỗi.txt
[181/362] download chapter_id=15307857 file=Chương 278 Sứ Hồn Sứ Lực Lượng.txt
  OK decrypted=True written=Chương 278 Sứ Hồn Sứ Lực Lượng.txt
[182/362] download chapter_id=15307864 file=Chương 279 Đây… Là Cái Gì.txt
  OK decrypted=True written=Chương 279 Đây… Là Cái Gì.txt
[183/362] download chapter_id=15315317 file=Chương 280 Lại Bị Thương.txt
  OK decrypted=True written=Chương 280 Lại Bị Thương.txt
[184/362] download chapter_id=15315877 file=Chương 281 Mùi Máu.txt
  OK decrypted=True written=Chương 281 Mùi Máu.txt
[185/362] download chapter_id=15318485 file=Chương 282 Thế Giới Ý Thức 1.txt
  OK decrypted=True written=Chương 282 Thế Giới Ý Thức 1.txt
[186/362] download chapter_id=15318596 file=Chương 283 Thế Giới Ý Thức 2.txt
  OK decrypted=True written=Chương 283 Thế Giới Ý Thức 2.txt
[187/362] download chapter_id=15321675 file=Chương 284 Chính Là Như Vậy.txt
  OK decrypted=True written=Chương 284 Chính Là Như Vậy.txt
[188/362] download chapter_id=15321692 file=Chương 285 Giảm Giá.txt
  OK decrypted=True written=Chương 285 Giảm Giá.txt
[189/362] download chapter_id=15328978 file=Chương 286 Dũng Sĩ.txt
  OK decrypted=True written=Chương 286 Dũng Sĩ.txt
[190/362] download chapter_id=15328990 file=Chương 287 Động Vật Đặc Thù Gia Tăng.txt
  OK decrypted=True written=Chương 287 Động Vật Đặc Thù Gia Tăng.txt
[191/362] download chapter_id=15336624 file=Chương 288 Phát Động.txt
  OK decrypted=True written=Chương 288 Phát Động.txt
[192/362] download chapter_id=15336662 file=Chương 289 Hóa Trang 1.txt
  OK decrypted=True written=Chương 289 Hóa Trang 1.txt
[193/362] download chapter_id=15336682 file=Chương 290 Hóa Trang 2.txt
  OK decrypted=True written=Chương 290 Hóa Trang 2.txt
[194/362] download chapter_id=15340449 file=Chương 291 Đã Không Còn Như Trước Đây Giá Trị.txt
  OK decrypted=True written=Chương 291 Đã Không Còn Như Trước Đây Giá Trị.txt
[195/362] download chapter_id=15346618 file=Chương 292 Tỏ Tình.txt
  OK decrypted=True written=Chương 292 Tỏ Tình.txt
[196/362] download chapter_id=15361017 file=Chương 293 Bữa Tiệc 1.txt
  OK decrypted=True written=Chương 293 Bữa Tiệc 1.txt
[197/362] download chapter_id=15363248 file=Chương 294 Bữa Tiệc 2.txt
  OK decrypted=True written=Chương 294 Bữa Tiệc 2.txt
[198/362] download chapter_id=15365286 file=Chương 295 Bữa Tiệc 3.txt
  OK decrypted=True written=Chương 295 Bữa Tiệc 3.txt
[199/362] download chapter_id=15367478 file=Chương 296 Bữa Tiệc 4.txt
  OK decrypted=True written=Chương 296 Bữa Tiệc 4.txt
[200/362] download chapter_id=15371654 file=Chương 297 Nghe Một Chút.txt
  OK decrypted=True written=Chương 297 Nghe Một Chút.txt
[201/362] download chapter_id=15371656 file=Chương 298 Phát Rồ.txt
  OK decrypted=True written=Chương 298 Phát Rồ.txt
[202/362] download chapter_id=15378494 file=Chương 299 Khốn Nạn 1.txt
  OK decrypted=True written=Chương 299 Khốn Nạn 1.txt
[203/362] download chapter_id=15382039 file=Chương 300 Khốn Nạn 2.txt
  OK decrypted=True written=Chương 300 Khốn Nạn 2.txt
[204/362] download chapter_id=15382115 file=Chương 301 Tinh Lọc Cùng Thanh Tỉnh.txt
  OK decrypted=True written=Chương 301 Tinh Lọc Cùng Thanh Tỉnh.txt
[205/362] download chapter_id=15385296 file=Chương 302 Hẳn Là Không Có Quá Nhiều Thay Đổi.txt
  OK decrypted=True written=Chương 302 Hẳn Là Không Có Quá Nhiều Thay Đổi.txt
[206/362] download chapter_id=15385311 file=Chương 303 Thế Giới Chi Lực Số Lượng Cần Thiết.txt
  OK decrypted=True written=Chương 303 Thế Giới Chi Lực Số Lượng Cần Thiết.txt
[207/362] download chapter_id=15390179 file=Chương 304 Thực Vật Lây Lan 1.txt
  OK decrypted=True written=Chương 304 Thực Vật Lây Lan 1.txt
[208/362] download chapter_id=15390180 file=Chương 305 Thực Vật Lây Lan 2.txt
  OK decrypted=True written=Chương 305 Thực Vật Lây Lan 2.txt
[209/362] download chapter_id=15393303 file=Chương 306 Thống Nhất Ý Kiến.txt
  OK decrypted=True written=Chương 306 Thống Nhất Ý Kiến.txt
[210/362] download chapter_id=15393304 file=Chương 307 Thị Lực Cùng Thính Lực Giảm Xuống.txt
  OK decrypted=True written=Chương 307 Thị Lực Cùng Thính Lực Giảm Xuống.txt
[211/362] download chapter_id=15396570 file=Chương 308 Kiel Zoroaster.txt
  OK decrypted=True written=Chương 308 Kiel Zoroaster.txt
[212/362] download chapter_id=15396571 file=Chương 309 Phòng Tra Hỏi.txt
  OK decrypted=True written=Chương 309 Phòng Tra Hỏi.txt
[213/362] download chapter_id=15404539 file=Chương 310 Có Trách Nhiệm Lloyd.txt
  OK decrypted=True written=Chương 310 Có Trách Nhiệm Lloyd.txt
[214/362] download chapter_id=15404540 file=Chương 311 Biến Dị Sách 1.txt
  OK decrypted=True written=Chương 311 Biến Dị Sách 1.txt
[215/362] download chapter_id=15404564 file=Chương 312 Biến Dị Sách 2.txt
  OK decrypted=True written=Chương 312 Biến Dị Sách 2.txt
[216/362] download chapter_id=15404597 file=Chương 313 Tai Nạn Người Qua Đường.txt
  OK decrypted=True written=Chương 313 Tai Nạn Người Qua Đường.txt
[217/362] download chapter_id=15407965 file=Chương 314 Khốn Khổ Kẻ Tập Kích 1.txt
  OK decrypted=True written=Chương 314 Khốn Khổ Kẻ Tập Kích 1.txt
[218/362] download chapter_id=15407980 file=Chương 315 Khốn Khổ Kẻ Tập Kích 2.txt
  OK decrypted=True written=Chương 315 Khốn Khổ Kẻ Tập Kích 2.txt
[219/362] download chapter_id=15408181 file=Chương 316 Cuối Cùng Một Bước.txt
  OK decrypted=True written=Chương 316 Cuối Cùng Một Bước.txt
[220/362] download chapter_id=15415057 file=Chương 317 Ngoài Ý Muốn Tai Nạn.txt
  OK decrypted=True written=Chương 317 Ngoài Ý Muốn Tai Nạn.txt
[221/362] download chapter_id=15415149 file=Chương 318 Nguyên Thoại.txt
  OK decrypted=True written=Chương 318 Nguyên Thoại.txt
[222/362] download chapter_id=15424765 file=Chương 319 Phương Hướng Tốt Đẹp 1.txt
  OK decrypted=True written=Chương 319 Phương Hướng Tốt Đẹp 1.txt
[223/362] download chapter_id=15424766 file=Chương 320 Phương Hướng Tốt Đẹp 2.txt
  OK decrypted=True written=Chương 320 Phương Hướng Tốt Đẹp 2.txt
[224/362] download chapter_id=15424767 file=Chương 321 Liền Xem Một Lần Này.txt
  OK decrypted=True written=Chương 321 Liền Xem Một Lần Này.txt
[225/362] download chapter_id=15429805 file=Chương 322 Cực Quang.txt
  OK decrypted=True written=Chương 322 Cực Quang.txt
[226/362] download chapter_id=15429808 file=Chương 323 Một Tên Điên Lãnh Đạo Một Đám Điên.txt
  OK decrypted=True written=Chương 323 Một Tên Điên Lãnh Đạo Một Đám Điên.txt
[227/362] download chapter_id=15435398 file=Chương 324 Thí Nghiệm Trao Đổi 1.txt
  OK decrypted=True written=Chương 324 Thí Nghiệm Trao Đổi 1.txt
[228/362] download chapter_id=15435432 file=Chương 325 Thí Nghiệm Trao Đổi 2.txt
  OK decrypted=True written=Chương 325 Thí Nghiệm Trao Đổi 2.txt
[229/362] download chapter_id=15435436 file=Chương 326 Pardus Suy Diễn Năng Lực.txt
  OK decrypted=True written=Chương 326 Pardus Suy Diễn Năng Lực.txt
[230/362] download chapter_id=15436373 file=Chương 327 Tử Nguyên.txt
  OK decrypted=True written=Chương 327 Tử Nguyên.txt
[231/362] download chapter_id=15443921 file=Chương 328 Bị Đánh Đến Tận Cửa.txt
  OK decrypted=True written=Chương 328 Bị Đánh Đến Tận Cửa.txt
[232/362] download chapter_id=15443926 file=Chương 329 Đều Là Bọn Nhà Adiri Làm.txt
  OK decrypted=True written=Chương 329 Đều Là Bọn Nhà Adiri Làm.txt
[233/362] download chapter_id=15445874 file=Chương 330 Gia Đình 1.txt
  OK decrypted=True written=Chương 330 Gia Đình 1.txt
[234/362] download chapter_id=15445904 file=Chương 331 Gia Đình 2.txt
  OK decrypted=True written=Chương 331 Gia Đình 2.txt
[235/362] download chapter_id=15446798 file=Chương 332 Không Quá Hài Lòng.txt
  OK decrypted=True written=Chương 332 Không Quá Hài Lòng.txt
[236/362] download chapter_id=15457821 file=Chương 333 Sắp Chào Đời Các Con.txt
  OK decrypted=True written=Chương 333 Sắp Chào Đời Các Con.txt
[237/362] download chapter_id=15459820 file=Chương 334 Bất Ổn Tổ Chức.txt
  OK decrypted=True written=Chương 334 Bất Ổn Tổ Chức.txt
[238/362] download chapter_id=15468295 file=Chương 335 Con Cưng Của Thế Giới 1.txt
  OK decrypted=True written=Chương 335 Con Cưng Của Thế Giới 1.txt
[239/362] download chapter_id=15468314 file=Chương 336 Con Cưng Của Thế Giới 2.txt
  OK decrypted=True written=Chương 336 Con Cưng Của Thế Giới 2.txt
[240/362] download chapter_id=15475663 file=Chương 337 Rõ Ràng Bố Cục 1.txt
  OK decrypted=True written=Chương 337 Rõ Ràng Bố Cục 1.txt
[241/362] download chapter_id=15475668 file=Chương 338 Rõ Ràng Bố Cục 2.txt
  OK decrypted=True written=Chương 338 Rõ Ràng Bố Cục 2.txt
[242/362] download chapter_id=15475799 file=Chương 339 Đoán Xem 1.txt
  OK decrypted=True written=Chương 339 Đoán Xem 1.txt
[243/362] download chapter_id=15475880 file=Chương 340 Đoán Xem 2.txt
  OK decrypted=True written=Chương 340 Đoán Xem 2.txt
[244/362] download chapter_id=15485518 file=Chương 341 Đoán Xem 3.txt
  OK decrypted=True written=Chương 341 Đoán Xem 3.txt
[245/362] download chapter_id=15485525 file=Chương 342 Đoán Xem 4.txt
  OK decrypted=True written=Chương 342 Đoán Xem 4.txt
[246/362] download chapter_id=15486767 file=Chương 343 Đoán Xem 5.txt
  OK decrypted=True written=Chương 343 Đoán Xem 5.txt
[247/362] download chapter_id=15487028 file=Chương 344 Đoán Xem 6.txt
  OK decrypted=True written=Chương 344 Đoán Xem 6.txt
[248/362] download chapter_id=15487203 file=Chương 345 Đoán Xem 7.txt
  OK decrypted=True written=Chương 345 Đoán Xem 7.txt
[249/362] download chapter_id=15487359 file=Chương 346 Cảm Giác Khó Mà Nói.txt
  OK decrypted=True written=Chương 346 Cảm Giác Khó Mà Nói.txt
[250/362] download chapter_id=15498054 file=Chương 347 Dị Dạng.txt
  OK decrypted=True written=Chương 347 Dị Dạng.txt
[251/362] download chapter_id=15498055 file=Chương 348 Hiến Tế.txt
  OK decrypted=True written=Chương 348 Hiến Tế.txt
[252/362] download chapter_id=15498056 file=Chương 349 Lạc.txt
  OK decrypted=True written=Chương 349 Lạc.txt
[253/362] download chapter_id=15505749 file=Chương 350 Phiến Đá 1.txt
  OK decrypted=True written=Chương 350 Phiến Đá 1.txt
[254/362] download chapter_id=15505791 file=Chương 351 Phiến Đá 2.txt
  OK decrypted=True written=Chương 351 Phiến Đá 2.txt
[255/362] download chapter_id=15505792 file=Chương 352 Chào Đời.txt
  OK decrypted=True written=Chương 352 Chào Đời.txt
[256/362] download chapter_id=15505802 file=Chương 353 Hiểu Lầm.txt
  OK decrypted=True written=Chương 353 Hiểu Lầm.txt
[257/362] download chapter_id=15516076 file=Chương 354 Có Vấn Đề Sinh Vật 1.txt
  OK decrypted=True written=Chương 354 Có Vấn Đề Sinh Vật 1.txt
[258/362] download chapter_id=15516077 file=Chương 355 Có Vấn Đề Sinh Vật 2.txt
  OK decrypted=True written=Chương 355 Có Vấn Đề Sinh Vật 2.txt
[259/362] download chapter_id=15519992 file=Chương 356 Cao Cấp Thức Ăn Mùi.txt
  OK decrypted=True written=Chương 356 Cao Cấp Thức Ăn Mùi.txt
[260/362] download chapter_id=15519993 file=Chương 357 Thức Ăn Thế Giới ... Không Là Linh Giới.txt
  OK decrypted=True written=Chương 357 Thức Ăn Thế Giới ... Không Là Linh Giới.txt
[261/362] download chapter_id=15528866 file=Chương 358 Yếu Nhiều Phương Diện.txt
  OK decrypted=True written=Chương 358 Yếu Nhiều Phương Diện.txt
[262/362] download chapter_id=15529445 file=Chương 359 Chờ Đợi Liền Có Thể.txt
  OK decrypted=True written=Chương 359 Chờ Đợi Liền Có Thể.txt
[263/362] download chapter_id=15531502 file=Chương 360 Đều Là Tốt Thuộc Hạ.txt
  OK decrypted=True written=Chương 360 Đều Là Tốt Thuộc Hạ.txt
[264/362] download chapter_id=15535144 file=Chương 361 Không Phải Như Thế Dùng.txt
  OK decrypted=True written=Chương 361 Không Phải Như Thế Dùng.txt
[265/362] download chapter_id=15535205 file=Chương 362 Đến Từ Lão Đội Hữu Mời.txt
  OK decrypted=True written=Chương 362 Đến Từ Lão Đội Hữu Mời.txt
[266/362] download chapter_id=15538388 file=Chương 363 Chỉ Là Tốn Thêm Chút Mực Mà Thôi.txt
  OK decrypted=True written=Chương 363 Chỉ Là Tốn Thêm Chút Mực Mà Thôi.txt
[267/362] download chapter_id=15539101 file=Chương 364 Năm Năm Đi Qua.txt
  OK decrypted=True written=Chương 364 Năm Năm Đi Qua.txt
[268/362] download chapter_id=15550997 file=Chương 365 Quà Tạm Biệt 1.txt
  OK decrypted=True written=Chương 365 Quà Tạm Biệt 1.txt
[269/362] download chapter_id=15550998 file=Chương 366 Quà Tạm Biệt 2.txt
  OK decrypted=True written=Chương 366 Quà Tạm Biệt 2.txt
[270/362] download chapter_id=15551039 file=Chương 367 Người Đâu.txt
  OK decrypted=True written=Chương 367 Người Đâu.txt
[271/362] download chapter_id=15571799 file=Chương 368 Chọn 1.txt
  OK decrypted=True written=Chương 368 Chọn 1.txt
[272/362] download chapter_id=15571800 file=Chương 369 Chọn 2.txt
  OK decrypted=True written=Chương 369 Chọn 2.txt
[273/362] download chapter_id=15575736 file=Chương 370 Hồn Bộc.txt
  OK decrypted=True written=Chương 370 Hồn Bộc.txt
[274/362] download chapter_id=15588432 file=Chương 371 Chân Thực Cùng Ảo Mộng 12 Sa Đọa.txt
  OK decrypted=True written=Chương 371 Chân Thực Cùng Ảo Mộng 12 Sa Đọa.txt
[275/362] download chapter_id=15588436 file=Chương 372 Chân Thực Cùng Ảo Mộng 13.txt
  OK decrypted=True written=Chương 372 Chân Thực Cùng Ảo Mộng 13.txt
[276/362] download chapter_id=15690514 file=Chương 373 Chân Thực Cùng Ảo Mộng 14 Ác Thần.txt
  OK decrypted=True written=Chương 373 Chân Thực Cùng Ảo Mộng 14 Ác Thần.txt
[277/362] download chapter_id=15697326 file=Chương 374 Chân Thực Cùng Ảo Mộng 15 Ngục Giam cùng Nhầm.txt
  OK decrypted=True written=Chương 374 Chân Thực Cùng Ảo Mộng 15 Ngục Giam cùng Nhầm.txt
[278/362] download chapter_id=15705911 file=Chương 375 Khởi Động 1.txt
  OK decrypted=True written=Chương 375 Khởi Động 1.txt
[279/362] download chapter_id=15715141 file=Chương 376 Khởi Động 2.txt
  OK decrypted=True written=Chương 376 Khởi Động 2.txt
[280/362] download chapter_id=15715516 file=Chương 377 Khởi Động 3.txt
  OK decrypted=True written=Chương 377 Khởi Động 3.txt
[281/362] download chapter_id=15731819 file=Chương 378 Nhàm Chán Đi Săn.txt
  OK decrypted=True written=Chương 378 Nhàm Chán Đi Săn.txt
[282/362] download chapter_id=15731824 file=Chương 379 Có Chút Dị Dạng.txt
  OK decrypted=True written=Chương 379 Có Chút Dị Dạng.txt
[283/362] download chapter_id=15783681 file=Chương 380 Mặc Định Trạng Thái.txt
  OK decrypted=True written=Chương 380 Mặc Định Trạng Thái.txt
[284/362] download chapter_id=15783684 file=Chương 381 Cực Băng Hoàng Tộc.txt
  OK decrypted=True written=Chương 381 Cực Băng Hoàng Tộc.txt
[285/362] download chapter_id=15838572 file=Chương 382 Tri Thức Đã Đủ Cũng Đến Thực Hành Thời Điểm.txt
  OK decrypted=True written=Chương 382 Tri Thức Đã Đủ Cũng Đến Thực Hành Thời Điểm.txt
[286/362] download chapter_id=15838611 file=Chương 383 Hoàng Tử Sói Cùng Xà 1.txt
  OK decrypted=True written=Chương 383 Hoàng Tử Sói Cùng Xà 1.txt
[287/362] download chapter_id=15872863 file=Chương 384 Hoàng Tử Sói Cùng Xà 2.txt
  OK decrypted=True written=Chương 384 Hoàng Tử Sói Cùng Xà 2.txt
[288/362] download chapter_id=15872900 file=Chương 385 Điên Loạn 1.txt
  OK decrypted=True written=Chương 385 Điên Loạn 1.txt
[289/362] download chapter_id=15931747 file=Chương 386 Điên Loạn 2.txt
  OK decrypted=True written=Chương 386 Điên Loạn 2.txt
[290/362] download chapter_id=15931785 file=Chương 387 Thay Đổi.txt
  OK decrypted=True written=Chương 387 Thay Đổi.txt
[291/362] download chapter_id=15931885 file=Chương 388 Bóng Tối Cùng Ý Thức.txt
  OK decrypted=True written=Chương 388 Bóng Tối Cùng Ý Thức.txt
[292/362] download chapter_id=15941254 file=Chương 389 Đối Thoại & Ác Ma Tộc 1.txt
  OK decrypted=True written=Chương 389 Đối Thoại & Ác Ma Tộc 1.txt
[293/362] download chapter_id=15951863 file=Chương 390 Đối Thoại & Ác Ma Tộc 2.txt
  OK decrypted=True written=Chương 390 Đối Thoại & Ác Ma Tộc 2.txt
[294/362] download chapter_id=16044062 file=Chương 391 Tiếp Tục Công Việc.txt
  OK decrypted=True written=Chương 391 Tiếp Tục Công Việc.txt
[295/362] download chapter_id=16044071 file=Chương 392 Đòn Phủ Đầu.txt
  OK decrypted=True written=Chương 392 Đòn Phủ Đầu.txt
[296/362] download chapter_id=16044100 file=Chương 393 Thế Giới Có Lẽ Liền Là Tràn Ngập Màu Sắc.txt
  OK decrypted=True written=Chương 393 Thế Giới Có Lẽ Liền Là Tràn Ngập Màu Sắc.txt
[297/362] download chapter_id=16044111 file=Chương 394 Miễn Sao Lợi Ích Tối Đại Hóa.txt
  OK decrypted=True written=Chương 394 Miễn Sao Lợi Ích Tối Đại Hóa.txt
[298/362] download chapter_id=16167424 file=Chương 395 Khiến Cha Tự Hào Trưởng Tử 1.txt
  OK decrypted=True written=Chương 395 Khiến Cha Tự Hào Trưởng Tử 1.txt
[299/362] download chapter_id=16386394 file=Chương 396 Khiến Cha Tự Hào Trưởng Tử 2.txt
  OK decrypted=True written=Chương 396 Khiến Cha Tự Hào Trưởng Tử 2.txt
[300/362] download chapter_id=16389790 file=Chương 397 Là Vấn Đề Chỗ Nào.txt
  OK decrypted=True written=Chương 397 Là Vấn Đề Chỗ Nào.txt
[301/362] download chapter_id=16397703 file=Chương 398 Dự Định Cùng Mệnh Lệnh.txt
  OK decrypted=True written=Chương 398 Dự Định Cùng Mệnh Lệnh.txt
[302/362] download chapter_id=16441062 file=Chương 399 Cải Tạo.txt
  OK decrypted=True written=Chương 399 Cải Tạo.txt
[303/362] download chapter_id=16445042 file=Chương 400 Ứng Trước Thù Lao.txt
  OK decrypted=True written=Chương 400 Ứng Trước Thù Lao.txt
[304/362] download chapter_id=16476025 file=Chương 401 Ngươi Có Tội.txt
  OK decrypted=True written=Chương 401 Ngươi Có Tội.txt
[305/362] download chapter_id=16477167 file=Chương 402 Gần Đầy Đủ.txt
  OK decrypted=True written=Chương 402 Gần Đầy Đủ.txt
[306/362] download chapter_id=16508822 file=Chương 403 Ác Ma Cùng Tinh Hồng.txt
  OK decrypted=True written=Chương 403 Ác Ma Cùng Tinh Hồng.txt
[307/362] download chapter_id=16508823 file=Chương 404 Khởi Nguyên Của Nguyền Rủa.txt
  OK decrypted=True written=Chương 404 Khởi Nguyên Của Nguyền Rủa.txt
[308/362] download chapter_id=16512833 file=Chương 405 Tội Ác Tập Hợp Thể.txt
  OK decrypted=True written=Chương 405 Tội Ác Tập Hợp Thể.txt
[309/362] download chapter_id=16523009 file=Chương 406 Có Hay Không Tự Đến Thử Một Chút.txt
  OK decrypted=True written=Chương 406 Có Hay Không Tự Đến Thử Một Chút.txt
[310/362] download chapter_id=16552461 file=Chương 407 Chạm Mặt 1.txt
  OK decrypted=True written=Chương 407 Chạm Mặt 1.txt
[311/362] download chapter_id=16573182 file=Chương 408 Chạm Mặt 2.txt
  OK decrypted=True written=Chương 408 Chạm Mặt 2.txt
[312/362] download chapter_id=16582611 file=Chương 409 Từ Vây Cánh Chỗ Ra Tay.txt
  OK decrypted=True written=Chương 409 Từ Vây Cánh Chỗ Ra Tay.txt
[313/362] download chapter_id=16594662 file=Chương 410 Mạnh Tay Thăm Dò.txt
  OK decrypted=True written=Chương 410 Mạnh Tay Thăm Dò.txt
[314/362] download chapter_id=16614004 file=Chương 411 Ngươi Đang Làm Gì.txt
  OK decrypted=True written=Chương 411 Ngươi Đang Làm Gì.txt
[315/362] download chapter_id=16614028 file=Chương 412 Cũng Chỉ Là Vật Hi Sinh.txt
  OK decrypted=True written=Chương 412 Cũng Chỉ Là Vật Hi Sinh.txt
[316/362] download chapter_id=16621065 file=Chương 413 Một Cái Làm Từ Giấy Pháo Đài.txt
  OK decrypted=True written=Chương 413 Một Cái Làm Từ Giấy Pháo Đài.txt
[317/362] download chapter_id=16633080 file=Chương 414 Ngắn Ngủi 1.txt
  OK decrypted=True written=Chương 414 Ngắn Ngủi 1.txt
[318/362] download chapter_id=16633081 file=Chương 415 Ngắn Ngủi 2.txt
  OK decrypted=True written=Chương 415 Ngắn Ngủi 2.txt
[319/362] download chapter_id=16680440 file=Chương 416 Ngắn Ngủi 3.txt
  OK decrypted=True written=Chương 416 Ngắn Ngủi 3.txt
[320/362] download chapter_id=16680505 file=Chương 417 Trùng Hợp.txt
  OK decrypted=True written=Chương 417 Trùng Hợp.txt
[321/362] download chapter_id=16681062 file=Chương 418 Vây 1.txt
  OK decrypted=True written=Chương 418 Vây 1.txt
[322/362] download chapter_id=16722509 file=Chương 419 Vây 2.txt
  OK decrypted=True written=Chương 419 Vây 2.txt
[323/362] download chapter_id=16722790 file=Chương 420 Sớm.txt
  OK decrypted=True written=Chương 420 Sớm.txt
[324/362] download chapter_id=16723180 file=Chương 421 Dơi 1.txt
  OK decrypted=True written=Chương 421 Dơi 1.txt
[325/362] download chapter_id=16730789 file=Chương 422 Dơi 2.txt
  OK decrypted=True written=Chương 422 Dơi 2.txt
[326/362] download chapter_id=16734982 file=Chương 423 Dơi 3.txt
  OK decrypted=True written=Chương 423 Dơi 3.txt
[327/362] download chapter_id=16753414 file=Chương 424 Dơi 4.txt
  OK decrypted=True written=Chương 424 Dơi 4.txt
[328/362] download chapter_id=16754870 file=Chương 425 Như Cũ 1.txt
  OK decrypted=True written=Chương 425 Như Cũ 1.txt
[329/362] download chapter_id=16754871 file=Chương 426 Như Cũ 2.txt
  OK decrypted=True written=Chương 426 Như Cũ 2.txt
[330/362] download chapter_id=16844614 file=Chương 427 Hoảng Sợ Biển Chỉ Đường.txt
  OK decrypted=True written=Chương 427 Hoảng Sợ Biển Chỉ Đường.txt
[331/362] download chapter_id=16844671 file=Chương 428 Thư Viện.txt
  OK decrypted=True written=Chương 428 Thư Viện.txt
[332/362] download chapter_id=16844672 file=Chương 429 Cứ Tự Nhiên.txt
  OK decrypted=True written=Chương 429 Cứ Tự Nhiên.txt
[333/362] download chapter_id=16844690 file=Chương 430 Muốn Gì.txt
  OK decrypted=True written=Chương 430 Muốn Gì.txt
[334/362] download chapter_id=16852518 file=Chương 431 Thái Dương Quang & Nhân Thể Thí Nghiệm.txt
  OK decrypted=True written=Chương 431 Thái Dương Quang & Nhân Thể Thí Nghiệm.txt
[335/362] download chapter_id=16853089 file=Chương 432 Lễ Phép Con Rết.txt
  OK decrypted=True written=Chương 432 Lễ Phép Con Rết.txt
[336/362] download chapter_id=16866139 file=Chương 433 Thứ Hai Hạt Giống 1.txt
  OK decrypted=True written=Chương 433 Thứ Hai Hạt Giống 1.txt
[337/362] download chapter_id=16866343 file=Chương 434 Thứ Hai Hạt Giống 2.txt
  OK decrypted=True written=Chương 434 Thứ Hai Hạt Giống 2.txt
[338/362] download chapter_id=16873500 file=Chương 435 Chân Thực Cùng Ảo Mộng 16 Nghi Lễ.txt
  OK decrypted=True written=Chương 435 Chân Thực Cùng Ảo Mộng 16 Nghi Lễ.txt
[339/362] download chapter_id=16946825 file=Chương 436 Chân Thực Cùng Ảo Mộng 17 Thoát Khốn.txt
  OK decrypted=True written=Chương 436 Chân Thực Cùng Ảo Mộng 17 Thoát Khốn.txt
[340/362] download chapter_id=16947271 file=Chương 437 Chân Thực Cùng Ảo Mộng 18.txt
  OK decrypted=True written=Chương 437 Chân Thực Cùng Ảo Mộng 18.txt
[341/362] download chapter_id=16947402 file=Chương 438 Chân Thực & Ảo Mộng 19 Chân Thực Mở Ra.txt
  OK decrypted=True written=Chương 438 Chân Thực & Ảo Mộng 19 Chân Thực Mở Ra.txt
[342/362] download chapter_id=16947715 file=Chương 439 Chân Thực Cần một lần nữa phải xuất hiện.txt
  OK decrypted=True written=Chương 439 Chân Thực Cần một lần nữa phải xuất hiện.txt
[343/362] download chapter_id=16947985 file=Chương 440 Chúng Ta Của Hiện Tại.txt
  OK decrypted=True written=Chương 440 Chúng Ta Của Hiện Tại.txt
[344/362] download chapter_id=16949967 file=Chương 441 Thăm Dò.txt
  OK decrypted=True written=Chương 441 Thăm Dò.txt
[345/362] download chapter_id=16950005 file=Chương 442 Vực Sâu Tinh Thể.txt
  OK decrypted=True written=Chương 442 Vực Sâu Tinh Thể.txt
[346/362] download chapter_id=16950043 file=Chương 443 Tai Nạn Ngày Tới Gần.txt
  OK decrypted=True written=Chương 443 Tai Nạn Ngày Tới Gần.txt
[347/362] download chapter_id=16951686 file=Chương 444 Sắc 1.txt
  OK decrypted=True written=Chương 444 Sắc 1.txt
[348/362] download chapter_id=16959350 file=Chương 445 Sắc 2.txt
  OK decrypted=True written=Chương 445 Sắc 2.txt
[349/362] download chapter_id=16983060 file=Chương 446 Giảm Bớt Cùng Trở Về.txt
  OK decrypted=True written=Chương 446 Giảm Bớt Cùng Trở Về.txt
[350/362] download chapter_id=17028060 file=Chương 447 Biến Hóa Thế Cục.txt
  OK decrypted=True written=Chương 447 Biến Hóa Thế Cục.txt
[351/362] download chapter_id=17028347 file=Chương 448 Chăm Chú.txt
  OK decrypted=True written=Chương 448 Chăm Chú.txt
[352/362] download chapter_id=17030136 file=Chương 449 Bộp Bộp.txt
  OK decrypted=True written=Chương 449 Bộp Bộp.txt
[353/362] download chapter_id=17050603 file=Chương 450 Rút Ra Kinh Nghiệm 1.txt
  OK decrypted=True written=Chương 450 Rút Ra Kinh Nghiệm 1.txt
[354/362] download chapter_id=17051454 file=Chương 451 Rút Ra Kinh Nghiệm 2.txt
  OK decrypted=True written=Chương 451 Rút Ra Kinh Nghiệm 2.txt
[355/362] download chapter_id=17051607 file=Chương 452 Bùn Nam Tiểu Hài 1.txt
  OK decrypted=True written=Chương 452 Bùn Nam Tiểu Hài 1.txt
[356/362] download chapter_id=17056288 file=Chương 453 Bùn Nam Tiểu Hài 2.txt
  OK decrypted=True written=Chương 453 Bùn Nam Tiểu Hài 2.txt
[357/362] download chapter_id=17056623 file=Chương 454 Loạn.txt
  OK decrypted=True written=Chương 454 Loạn.txt
[358/362] download chapter_id=17057015 file=Chương 455 Cuối Cùng Bước Đi 1.txt
  OK decrypted=True written=Chương 455 Cuối Cùng Bước Đi 1.txt
[359/362] download chapter_id=17141054 file=Chương 456 Cuối Cùng Bước Đi 2.txt
  OK decrypted=True written=Chương 456 Cuối Cùng Bước Đi 2.txt
[360/362] download chapter_id=17144025 file=Chương 457 Cuối Cùng Bước Đi 3.txt
  OK decrypted=True written=Chương 457 Cuối Cùng Bước Đi 3.txt
[361/362] download chapter_id=17144030 file=Chương 458 Cuối Cùng Bước Đi 4.txt
  OK decrypted=True written=Chương 458 Cuối Cùng Bước Đi 4.txt
[362/362] download chapter_id=17144033 file=Chương 459 Rời Đi Thâm Uyên Thế Giới.txt
  OK decrypted=True written=Chương 459 Rời Đi Thâm Uyên Thế Giới.txt
final_ok=362
final_fail=0
out=C:\Dev\MTC\Thần Nguyên Kỷ

[stderr]
