book=Kẻ Thủ Hộ Vũ Trụ
book_id=111117
out=C:\Dev\MTC\Kẻ Thủ Hộ Vũ Trụ
chapters_total=718 expected=718
workers=6 batch_size=12
BATCH 1-12 / 718
  OK 1/718 decrypted=True file=Chương 1 Kẻ Thủ Hộ.txt
  OK 2/718 decrypted=True file=Chương 2 Thời Mạt Pháp Trọng Sinh.txt
  OK 3/718 decrypted=True file=Chương 3 Tàn Hồn Truyền Thừa.txt
  OK 4/718 decrypted=True file=Chương 4 Thiên Địa Vô Thượng Quyết.txt
  OK 5/718 decrypted=True file=Chương 5 Một Hồi Nhân Quả.txt
  OK 6/718 decrypted=True file=Chương 6 Tu Luyện Cũng Phải Cần Tiền.txt
  OK 7/718 decrypted=True file=Chương 7 Đi Học Trở Lại.txt
  OK 8/718 decrypted=True file=Chương 8 Kế Hoạch Kiếm Tiền.txt
  OK 9/718 decrypted=True file=Chương 9 Đi Hà Thành.txt
  OK 10/718 decrypted=True file=Chương 10 Ăn Cướp.txt
  OK 11/718 decrypted=True file=Chương 11 Kiếm Tiền Dễ.txt
  OK 12/718 decrypted=True file=Chương 12 Lừa Trẻ Con.txt
BATCH 13-24 / 718
  OK 13/718 decrypted=True file=Chương 13 Ăm Trộm.txt
  OK 14/718 decrypted=True file=Chương 14 Bệnh Tình.txt
  OK 15/718 decrypted=True file=Chương 15 Lừa Đảo.txt
  OK 16/718 decrypted=True file=Chương 16 Phong Ấn.txt
  OK 17/718 decrypted=True file=Chương 17 Nhà Quá Giàu.txt
  OK 18/718 decrypted=True file=Chương 18 Bị Ăn Đấm.txt
  OK 19/718 decrypted=True file=Chương 19 Đi Mua Đồ Về Quê.txt
  OK 20/718 decrypted=True file=Chương 20 Lên Rừng.txt
  OK 21/718 decrypted=True file=Chương 21 Sợ Ma.txt
  OK 22/718 decrypted=True file=Chương 22 Da Rắn.txt
  OK 23/718 decrypted=True file=Chương 23 Kịch Chiến Đại Xà.txt
  OK 24/718 decrypted=True file=Chương 24 Trong Hoạ Có Phúc.txt
BATCH 25-36 / 718
❌ Lỗi khi tải chương 14503569: HTTPSConnectionPool(host='android.lonoapp.net', port=443): Read timed out. (read timeout=10)
  OK 25/718 decrypted=True file=Chương 25 Trở Về Nhà.txt
  OK 26/718 decrypted=True file=Chương 26 A Có Đứa Thèm Đòn.txt
  OK 27/718 decrypted=True file=Chương 27 28 Tạo Mối Quan Hệ Lũ Lụt.txt
  OK 28/718 decrypted=True file=Chương 29 30 Cái Chết Bi Thảm.txt
  OK 29/718 decrypted=True file=Chương 31 Chơi Chết Mày.txt
  OK 30/718 decrypted=True file=Chương 32 Con Cá Nhỏ Nổi Lềnh Bềnh.txt
  OK 31/718 decrypted=True file=Chương 33 Lỗ Vốn.txt
  OK 32/718 decrypted=True file=Chương 34 Thiên Tài Sẽ Bị Ganh Ghét.txt
  OK 33/718 decrypted=True file=Chương 35 Tết Đến Đít Rồi.txt
  OK 34/718 decrypted=True retry=2 file=Chương 36 Thành Lập Công Ty.txt
  OK 35/718 decrypted=True file=Chương 37 Dự Án Cục Công An.txt
  OK 36/718 decrypted=True file=Chương 38 Thiếu Hụt Nhân Tài.txt
BATCH 37-48 / 718
  OK 37/718 decrypted=True file=Chương 39 Có Thêm 2 Tiểu Đệ.txt
  OK 38/718 decrypted=True file=Chương 40 Khai Trương Đầy Biến Cố.txt
  OK 39/718 decrypted=True file=Chương 41 Kinh Động.txt
  OK 40/718 decrypted=True file=Chương 42 Thời Gian Trôi Nhanh.txt
  OK 41/718 decrypted=True file=Chương 43 Tình Hình An Ninh Không Ổn Định.txt
  OK 42/718 decrypted=True file=Chương 44 Vay Thứ Cấp.txt
  OK 43/718 decrypted=True file=Chương 45 Rình Trộm Bảo.txt
  OK 44/718 decrypted=True file=Chương 46 Giao Chiến.txt
  OK 45/718 decrypted=True file=Chương 47 Tinh Huyết Thượng Cổ.txt
  OK 46/718 decrypted=True file=Chương 48 Phiền Phức.txt
  OK 47/718 decrypted=True file=Chương 49 Nguyệt Âm Quyết.txt
  OK 48/718 decrypted=True file=Chương 50 Uy Hiếp.txt
BATCH 49-60 / 718
  OK 49/718 decrypted=True file=Chương 51 Ra Biển.txt
  OK 50/718 decrypted=True file=Chương 52 Đảo Hoang.txt
  OK 51/718 decrypted=True file=Chương 53 Lên Đảo.txt
  OK 52/718 decrypted=True file=Chương 54 Diệt Sạch.txt
  OK 53/718 decrypted=True file=Chương 55 Tinh Không Thạch.txt
  OK 54/718 decrypted=True file=Chương 56 Yêu Linh.txt
  OK 55/718 decrypted=True file=Chương 57 Tứ Phương Kinh Động.txt
  OK 56/718 decrypted=True file=Chương 58 Về Nước.txt
  OK 57/718 decrypted=True file=Chương 59 Cuộc Sống Bình Thường.txt
  OK 58/718 decrypted=True file=Chương 60 Tuyệt Kĩ Anh Bảnh Trong Ngày Bế Giảng.txt
  OK 59/718 decrypted=True file=Chương 61 Nhận Lớp.txt
  OK 60/718 decrypted=True file=Chương 62 Du Lịch Campuchia.txt
BATCH 61-72 / 718
  OK 61/718 decrypted=True file=Chương 63 Tu La Yêu Tăng.txt
  OK 62/718 decrypted=True file=Chương 64 Chạy Trốn.txt
  OK 63/718 decrypted=True file=Chương 65 Nỗi Oan To Đùng.txt
  OK 64/718 decrypted=True file=Chương 66 Trêu Gái.txt
  OK 65/718 decrypted=True file=Chương 67 Đá Bóng.txt
  OK 66/718 decrypted=True file=Chương 68 Tâm Cảnh Nứt Vỡ.txt
  OK 67/718 decrypted=True file=Chương 69 Du Lịch.txt
  OK 68/718 decrypted=True file=Chương 70 Tâm.txt
  OK 69/718 decrypted=True file=Chương 71 Phiền Phức.txt
  OK 70/718 decrypted=True file=Chương 72 Có Đứa Nhìn Đểu.txt
  OK 71/718 decrypted=True file=Chương 73 Hậu Quả.txt
  OK 72/718 decrypted=True file=Chương 74 Anh Là Kẻ Tồi.txt
BATCH 73-84 / 718
  OK 73/718 decrypted=True file=Chương 75 Chùi Đít.txt
  OK 74/718 decrypted=True file=Chương 76 Tớ Là Người Tốt.txt
  OK 75/718 decrypted=True file=Chương 77 Yên Bình.txt
  OK 76/718 decrypted=True file=Chương 78 Nhậu Nhẹt.txt
  OK 77/718 decrypted=True file=Chương 79 Nói Lời Yêu Thương.txt
  OK 78/718 decrypted=True file=Chương 80 Đụng Độ Bát Cực Môn.txt
  OK 79/718 decrypted=True file=Chương 81 Đi Bar.txt
  OK 80/718 decrypted=True file=Chương 82 Hỗn Chiến.txt
  OK 81/718 decrypted=True file=Chương 83 Cảm Ngộ.txt
  OK 82/718 decrypted=True file=Chương 84 Sát Thủ.txt
  OK 83/718 decrypted=True file=Chương 85 Hiểu Lầm.txt
  OK 84/718 decrypted=True file=Chương 86 Naccy Đột Phá.txt
BATCH 85-96 / 718
  OK 85/718 decrypted=True file=Chương 87 Nghỉ Hè.txt
  OK 86/718 decrypted=True file=Chương 88 Đòi Nợ.txt
  OK 87/718 decrypted=True file=Chương 89 Siêu Xe.txt
  OK 88/718 decrypted=True file=Chương 90 Bùm.txt
  OK 89/718 decrypted=True file=Chương 91 Sảy Ra Truyện.txt
  OK 90/718 decrypted=True file=Chương 92 Khí Kinh 18.txt
  OK 91/718 decrypted=True file=Chương 93 Tình Quả.txt
  OK 92/718 decrypted=True file=Chương 94 Con Tàu Ma 1.txt
  OK 93/718 decrypted=True file=Chương 95 Con Tàu Ma 2.txt
  OK 94/718 decrypted=True file=Chương 96 Đoạt Xá.txt
  OK 95/718 decrypted=True file=Chương 97 Vòng Tay.txt
  OK 96/718 decrypted=True file=Chương 98 Xoáy Nước.txt
BATCH 97-108 / 718
  OK 97/718 decrypted=True file=Chương 99 Thú Vị.txt
  OK 98/718 decrypted=True file=Chương 100 Tựu Trường.txt
  OK 99/718 decrypted=True file=Chương 101 Bỏ Mẹ Rồi.txt
  OK 100/718 decrypted=True file=Chương 102 Dị Năng Giả.txt
  OK 101/718 decrypted=True file=Chương 103 Cưới Vợ.txt
  OK 102/718 decrypted=True file=Chương 104 Tìm Huyết Ma Thần.txt
  OK 103/718 decrypted=True file=Chương 105 Chuonge 105 Đánh Nhau.txt
  OK 104/718 decrypted=True file=Chương 106 Khốn Nạn.txt
  OK 105/718 decrypted=True file=Chương 107 Truyện Đời.txt
  OK 106/718 decrypted=True file=Chương 108 Chú Sói Cô Đơn.txt
  OK 107/718 decrypted=True file=Chương 109 Đón Năm Mới.txt
  OK 108/718 decrypted=True file=Chương 110 Du Xuân Vui Vẻ.txt
BATCH 109-120 / 718
  OK 109/718 decrypted=True file=Chương 111 Vận Mệnh.txt
  OK 110/718 decrypted=True file=Chương 112 Đụng Độ Dân Chơi Thành Phố.txt
  OK 111/718 decrypted=True file=Chương 113 Nhân Sinh.txt
  OK 112/718 decrypted=True file=Chương 114 Lên Đường.txt
  OK 113/718 decrypted=True file=Chương 115 Quậy Nát Quán Bar.txt
  OK 114/718 decrypted=True file=Chương 116 Thông Tin.txt
  OK 115/718 decrypted=True file=Chương 117 Giải Quyết.txt
  OK 116/718 decrypted=True file=Chương 118 Thăng Chức.txt
  OK 117/718 decrypted=True file=Chương 119 Chào Mừng Con Đến Với Thế Giới.txt
  OK 118/718 decrypted=True file=Chương 120 Linh Căn.txt
  OK 119/718 decrypted=True file=Chương 121 Nguyền Rủa.txt
  OK 120/718 decrypted=True file=Chương 122 Ảo Tưởng.txt
BATCH 121-132 / 718
  OK 121/718 decrypted=True file=Chương 123 Khí Tức Cường Giả.txt
  OK 122/718 decrypted=True file=Chương 124 Gian Thần Lộng Ngôn.txt
  OK 123/718 decrypted=True file=Chương 125 Gặp Mặt.txt
  OK 124/718 decrypted=True file=Chương 126 Hồi Ức.txt
  OK 125/718 decrypted=True file=Chương 127 Bị Bắt.txt
  OK 126/718 decrypted=True file=Chương 128 Xoắn Ốc.txt
  OK 127/718 decrypted=True file=Chương 129 Chém Trứng Luyện Đao.txt
  OK 128/718 decrypted=True file=Chương 130 Tìm Người Đánh Nhau.txt
  OK 129/718 decrypted=True file=Chương 131 Giác Quan Thứ 6.txt
  OK 130/718 decrypted=True file=Chương 132 Cơ Hội Làm Anh Hùng.txt
  OK 131/718 decrypted=True file=Chương 133 Tháng 5 Không Trở Lại.txt
  OK 132/718 decrypted=True file=Chương 134 Khinh Thường Chủ Tịch.txt
BATCH 133-144 / 718
  OK 133/718 decrypted=True file=Chương 135 Đại Thọ.txt
  OK 134/718 decrypted=True file=Chương 136 Trách Nhiệm.txt
  OK 135/718 decrypted=True file=Chương 137 Kì Thi.txt
  OK 136/718 decrypted=True file=Chương 138 Rình Coi XX.txt
  OK 137/718 decrypted=True file=Chương 139 Tu Chân Giả.txt
  OK 138/718 decrypted=True file=Chương 140 Ra Oai.txt
  OK 139/718 decrypted=True file=Chương 141 Kịch Chiến.txt
  OK 140/718 decrypted=True file=Chương 142 Ăn Cướp.txt
  OK 141/718 decrypted=True file=Chương 143 Tiến Vào Côn Luân.txt
  OK 142/718 decrypted=True file=Chương 144 Doạ Đạo Sĩ Mập.txt
  OK 143/718 decrypted=True file=Chương 145 Âm Mưu Trộm Cướp.txt
  OK 144/718 decrypted=True file=Chương 146 Vương Kim Thành.txt
BATCH 145-156 / 718
  OK 145/718 decrypted=True file=Chương 147 Xuân Hoa Điếm.txt
  OK 146/718 decrypted=True file=Chương 148 Đánh Bạc.txt
  OK 147/718 decrypted=True file=Chương 149 Hồng Hồng Thức Tỉnh.txt
  OK 148/718 decrypted=True file=Chương 150 Giả Đan.txt
  OK 149/718 decrypted=True file=Chương 151 Dụ Hổ Ra Khỏi Hang.txt
  OK 150/718 decrypted=True file=Chương 152 Cướp Sạch.txt
  OK 151/718 decrypted=True file=Chương 153 Chạy Trốn.txt
  OK 152/718 decrypted=True file=Chương 154 Một Cân Ba.txt
  OK 153/718 decrypted=True file=Chương 155 Hắn Là Người Tốt.txt
  OK 154/718 decrypted=True file=Chương 156 Tiến Vào Hoàng Liên Giới.txt
  OK 155/718 decrypted=True file=Chương 157 Luyện Đan Sư.txt
  OK 156/718 decrypted=True file=Chương 158 Lôi Trì.txt
BATCH 157-168 / 718
  OK 157/718 decrypted=True file=Chương 159 Nhảy Vào Lôi Trì.txt
  OK 158/718 decrypted=True file=Chương 160 Huyết Tộc.txt
  OK 159/718 decrypted=True file=Chương 161 Đại Công Tước.txt
  OK 160/718 decrypted=True file=Chương 162 Dự Án Vùng Dược Liệu.txt
  OK 161/718 decrypted=True file=Chương 163 Đại Học Quốc Gia.txt
  OK 162/718 decrypted=True file=Chương 164 Hào Quang Nhân Vật Chính.txt
  OK 163/718 decrypted=True file=Chương 165 Bình An.txt
  OK 164/718 decrypted=True file=Chương 166 Em Gái.txt
  OK 165/718 decrypted=True file=Chương 167 Phiền Phức.txt
  OK 166/718 decrypted=True file=Chương 168 Vai Phản Diện.txt
  OK 167/718 decrypted=True file=Chương 169 Quỷ Dị Trúc Cơ.txt
  OK 168/718 decrypted=True file=Chương 170 Địa Hoả.txt
BATCH 169-180 / 718
❌ Lỗi khi tải chương 14546392: HTTPSConnectionPool(host='android.lonoapp.net', port=443): Read timed out. (read timeout=10)
❌ Lỗi khi tải chương 14553555: HTTPSConnectionPool(host='android.lonoapp.net', port=443): Read timed out. (read timeout=10)
  OK 169/718 decrypted=True retry=2 file=Chương 171 Ngân Lang Kiếm.txt
  OK 170/718 decrypted=True file=Chương 172 Tìm Địa Điểm.txt
  OK 171/718 decrypted=True file=Chương 173 Ta Không Muốn Làm Hoà Thượng.txt
  OK 172/718 decrypted=True file=Chương 174 Độ Hoá Phật Kinh.txt
  OK 173/718 decrypted=True file=Chương 175 Tiều Phu Bổ Củi.txt
  OK 174/718 decrypted=True file=Chương 176 Kiểm Tra.txt
  OK 175/718 decrypted=True file=Chương 177 Mở Linh Trí.txt
  OK 176/718 decrypted=True file=Chương 178 Em Hông Có Gồng Được.txt
  OK 177/718 decrypted=True retry=2 file=Chương 179 Không Ra Oai Không Đời Không Nể.txt
  OK 178/718 decrypted=True file=Chương 180 Quẩy Bung Lụa.txt
  OK 179/718 decrypted=True file=Chương 181 Đạo.txt
  OK 180/718 decrypted=True file=Chương 182 Dị Biến.txt
BATCH 181-192 / 718
❌ Lỗi khi tải chương 14565367: HTTPSConnectionPool(host='android.lonoapp.net', port=443): Read timed out. (read timeout=10)
  OK 181/718 decrypted=True file=Chương 183 Đón Người.txt
  OK 182/718 decrypted=True file=Chương 184 Giao Thừa Đẫm Máu.txt
  OK 183/718 decrypted=True file=Chương 185 Rời Đi.txt
  OK 184/718 decrypted=True file=Chương 186 Lên Mặt Trăng.txt
  OK 185/718 decrypted=True file=Chương 187 Phổ Cập Tiếng Việt.txt
  OK 186/718 decrypted=True file=Chương 188 Tìm Mẹ Khác Cho Con.txt
  OK 187/718 decrypted=True file=Chương 189 Tổ.txt
  OK 188/718 decrypted=True file=Chương 190 Nợ.txt
  OK 189/718 decrypted=True file=Chương 191 Tạm Biệt Rời Đi.txt
  OK 190/718 decrypted=True retry=2 file=Chương 192 Kết Bái.txt
  OK 191/718 decrypted=True file=Chương 193 Tập Kích.txt
  OK 192/718 decrypted=True file=Chương 194 Suy Tính.txt
BATCH 193-204 / 718
  OK 193/718 decrypted=True file=Chương 195 Vào Phủ.txt
  OK 194/718 decrypted=True file=Chương 196 Bàn Việc.txt
  OK 195/718 decrypted=True file=Chương 197 Long Vệ Quân.txt
  OK 196/718 decrypted=True file=Chương 198 Khảo Sát.txt
  OK 197/718 decrypted=True file=Chương 199 A Ngốc.txt
  OK 198/718 decrypted=True file=Chương 200 Tam Đại Gia Tộc.txt
  OK 199/718 decrypted=True file=Chương 201 Tin Báo.txt
  OK 200/718 decrypted=True file=Chương 202 Thổ Phỉ.txt
  OK 201/718 decrypted=True file=Chương 203 Nhẫn Nhịn.txt
  OK 202/718 decrypted=True file=Chương 204 Thu Phục.txt
  OK 203/718 decrypted=True file=Chương 205 Bắt Đầu.txt
  OK 204/718 decrypted=True file=Chương 206 Vườn Không Nhà Trống.txt
BATCH 205-216 / 718
  OK 205/718 decrypted=True file=Chương 207 Giết.txt
  OK 206/718 decrypted=True file=Chương 208 Những Anh Hùng Vô Danh.txt
  OK 207/718 decrypted=True file=Chương 209 Mỹ Nữ.txt
  OK 208/718 decrypted=True file=Chương 210 Ôm Chân.txt
  OK 209/718 decrypted=True file=Chương 211 Trần Đại Tướng Quân.txt
  OK 210/718 decrypted=True file=Chương 212 Bằng Hữu.txt
  OK 211/718 decrypted=True file=Chương 213 Tính Xấu.txt
  OK 212/718 decrypted=True file=Chương 214 Áo Gấm Vinh Quy.txt
  OK 213/718 decrypted=True file=Chương 215 Bạch Đằng Dị Giới.txt
  OK 214/718 decrypted=True file=Chương 216 Từ Biệt.txt
  OK 215/718 decrypted=True file=Chương 217 Tra Hỏi.txt
  OK 216/718 decrypted=True file=Chương 218 Nỗi Đau Thấu Trời.txt
BATCH 217-228 / 718
❌ Lỗi khi tải chương 14630465: HTTPSConnectionPool(host='android.lonoapp.net', port=443): Read timed out. (read timeout=10)
  OK 217/718 decrypted=True retry=2 file=Chương 219 Thi Hoạ.txt
  OK 218/718 decrypted=True file=Chương 220 Tiền Tài.txt
  OK 219/718 decrypted=True file=Chương 221 Chuyên Gia Đào Mỏ.txt
  OK 220/718 decrypted=True file=Chương 222 Ý Tưởng.txt
  OK 221/718 decrypted=True file=Chương 223 Va Chạm.txt
  OK 222/718 decrypted=True file=Chương 224 Hấp Thu.txt
  OK 223/718 decrypted=True file=Chương 225 Huynh Muội Ung Gia.txt
  OK 224/718 decrypted=True file=Chương 226 Khí Phong.txt
  OK 225/718 decrypted=True file=Chương 227 Mối Làm Ăn.txt
  OK 226/718 decrypted=True file=Chương 228 Hình Đường.txt
  OK 227/718 decrypted=True file=Chương 229 Lục Thiếu Minh.txt
  OK 228/718 decrypted=True file=Chương 230 Nghi Hoặc.txt
BATCH 229-240 / 718
  OK 229/718 decrypted=True file=Chương 231 Âm Mưu.txt
  OK 230/718 decrypted=True file=Chương 232 Truy Đuổi.txt
  OK 231/718 decrypted=True file=Chương 233 Vô Thần Tông Bị Diệt.txt
  OK 232/718 decrypted=True file=Chương 234 Khí Linh Thiên Địa Ấn.txt
  OK 233/718 decrypted=True file=Chương 235 Mì Ô Ma Chi.txt
  OK 234/718 decrypted=True file=Chương 236 Tuyết Lang.txt
  OK 235/718 decrypted=True file=Chương 237 Tuyết Lang Yêu Tướng.txt
  OK 236/718 decrypted=True file=Chương 238 Trần Quốc Hưng Bị Giết.txt
  OK 237/718 decrypted=True file=Chương 239 Địa Chi Tiên Thể.txt
  OK 238/718 decrypted=True file=Chương 240 Rình.txt
  OK 239/718 decrypted=True file=Chương 241 Ẩn Nặc Thuật.txt
  OK 240/718 decrypted=True file=Chương 242 Ngọc Như Nhi.txt
BATCH 241-252 / 718
  OK 241/718 decrypted=True file=Chương 243 Hành Động.txt
  OK 242/718 decrypted=True file=Chương 244 Cướp Cả Kim Đan.txt
  OK 243/718 decrypted=True file=Chương 245 Bị Bao Vây.txt
  OK 244/718 decrypted=True file=Chương 246 Hợp Hoan Tông.txt
  OK 245/718 decrypted=True file=Chương 247 Mối Nhục.txt
  OK 246/718 decrypted=True file=Chương 248 Bị Hấp.txt
  OK 247/718 decrypted=True file=Chương 249 Lôi Kiếp.txt
  OK 248/718 decrypted=True file=Chương 250 Kỷ Nguyên.txt
  OK 249/718 decrypted=True file=Chương 251 Giới Vực.txt
  OK 250/718 decrypted=True file=Chương 252 Lại Ăn Cướp.txt
  OK 251/718 decrypted=True file=Chương 253 Yêu Linh Các.txt
  OK 252/718 decrypted=True file=Chương 254 Tam Tông Lục Giáo Cửu Gia.txt
BATCH 253-264 / 718
  OK 253/718 decrypted=True file=Chương 255 Lôi Đài.txt
  OK 254/718 decrypted=True file=Chương 256 Phát Hiện.txt
  OK 255/718 decrypted=True file=Chương 257 Đào Linh Thạch.txt
  OK 256/718 decrypted=True file=Chương 258 Rèn Luyện.txt
  OK 257/718 decrypted=True file=Chương 259 Lòng Người.txt
  OK 258/718 decrypted=True file=Chương 260 Hành Động.txt
  OK 259/718 decrypted=True file=Chương 261 Dục Hỏa.txt
  OK 260/718 decrypted=True file=Chương 262 Kinh Tởm Chết Bổn Thiếu Gia.txt
  OK 261/718 decrypted=True file=Chương 263 Suy Đoán.txt
  OK 262/718 decrypted=True file=Chương 264 Ra Oai.txt
  OK 263/718 decrypted=True file=Chương 265 Đột Phá Kim Đan.txt
  OK 264/718 decrypted=True file=Chương 266 Chữ Vạn.txt
BATCH 265-276 / 718
  OK 265/718 decrypted=True file=Chương 267 Tiêu Hạo.txt
  OK 266/718 decrypted=True file=Chương 268 Nhận Nhiệm Vụ.txt
  OK 267/718 decrypted=True file=Chương 269 Cố Gắng.txt
  OK 268/718 decrypted=True file=Chương 270 Luyện Tâm Thạch.txt
  OK 269/718 decrypted=True file=Chương 271 Sợ Quá Sợ Quá Trời.txt
  OK 270/718 decrypted=True file=Chương 272 Âm Mưu.txt
  OK 271/718 decrypted=True file=Chương 273 Thu Thập Yêu Đan.txt
  OK 272/718 decrypted=True file=Chương 274 Nhược Điểm.txt
  OK 273/718 decrypted=True file=Chương 275 Dạ Thiên Hành.txt
  OK 274/718 decrypted=True file=Chương 276 Ngươi Chắc Chứ.txt
  OK 275/718 decrypted=True file=Chương 277 Tham Vọng Đỉnh Cao.txt
  OK 276/718 decrypted=True file=Chương 278 Lôi Phong Thiểm Bộ.txt
BATCH 277-288 / 718
❌ Lỗi khi tải chương 15062377: HTTPSConnectionPool(host='android.lonoapp.net', port=443): Read timed out. (read timeout=10)
  OK 277/718 decrypted=True file=Chương 279 Bế Quan.txt
  OK 278/718 decrypted=True file=Chương 280 Đạo Lý.txt
  OK 279/718 decrypted=True file=Chương 281 Mẫu Yêu Hỗn Thực.txt
  OK 280/718 decrypted=True file=Chương 282 Tặng Quà.txt
  OK 281/718 decrypted=True file=Chương 283 Con Bà Mày.txt
  OK 282/718 decrypted=True file=Chương 284 Đầu Độc.txt
  OK 283/718 decrypted=True file=Chương 285 Nhớ Nhà.txt
  OK 284/718 decrypted=True file=Chương 286 Trần Minh Trần Hải.txt
  OK 285/718 decrypted=True file=Chương 287 Trở Về.txt
  OK 286/718 decrypted=True file=Chương 288 Con Đường.txt
  OK 287/718 decrypted=True file=Chương 289 Diễn Vai Phản Diện.txt
  OK 288/718 decrypted=True retry=2 file=Chương 290 Ăn Hành.txt
BATCH 289-300 / 718
  OK 289/718 decrypted=True file=Chương 291 Lừa Gạt.txt
  OK 290/718 decrypted=True file=Chương 292 Uống Bia Tâm Sự.txt
  OK 291/718 decrypted=True file=Chương 293 Song Nhân Nhị Quỷ.txt
  OK 292/718 decrypted=True file=Chương 294 Cứu Người.txt
  OK 293/718 decrypted=True file=Chương 295 Suy Nghĩ Lớn.txt
  OK 294/718 decrypted=True file=Chương 296 Yêu Lâm.txt
  OK 295/718 decrypted=True file=Chương 297 Độc Hồn Đan.txt
  OK 296/718 decrypted=True file=Chương 298 Nát Đít.txt
  OK 297/718 decrypted=True file=Chương 299 Yêu Tổ.txt
  OK 298/718 decrypted=True file=Chương 300 Mộc Vương.txt
  OK 299/718 decrypted=True file=Chương 301 Để Anh Đốt Râu Của Chú.txt
  OK 300/718 decrypted=True file=Chương 302 Gặp Ma Rồi.txt
BATCH 301-312 / 718
  OK 301/718 decrypted=True file=Chương 303 Giả Tạo.txt
  OK 302/718 decrypted=True file=Chương 304 Củ Cải.txt
  OK 303/718 decrypted=True file=Chương 305 Giao Dịch.txt
  OK 304/718 decrypted=True file=Chương 306 Đệ Nhất Thần Kiếm.txt
  OK 305/718 decrypted=True file=Chương 307 Mộc Trượng Thiên.txt
  OK 306/718 decrypted=True file=Chương 308 Độ Kiếp Yêu Hoàng.txt
  OK 307/718 decrypted=True file=Chương 309 Kiếp Tâm.txt
  OK 308/718 decrypted=True file=Chương 310 Thành Công.txt
  OK 309/718 decrypted=True file=Chương 311 Bị Nhốt.txt
  OK 310/718 decrypted=True file=Chương 312 Tiểu Nữ Hài.txt
  OK 311/718 decrypted=True file=Chương 313 Ca Ca.txt
  OK 312/718 decrypted=True file=Chương 314 Bim Bim Cùng Cô Ca.txt
BATCH 313-324 / 718
  OK 313/718 decrypted=True file=Chương 315 So Tài.txt
  OK 314/718 decrypted=True file=Chương 316 Dập Hoa Cao Thủ.txt
  OK 315/718 decrypted=True file=Chương 317 Bốc Thăm.txt
  OK 316/718 decrypted=True file=Chương 318 Cuồng Nhân Nghiên Cứu.txt
  OK 317/718 decrypted=True file=Chương 319 Kiếm Linh.txt
  OK 318/718 decrypted=True file=Chương 320 Hồn Yêu Phù.txt
  OK 319/718 decrypted=True file=Chương 321 Giao Long Hóa Linh.txt
  OK 320/718 decrypted=True file=Chương 322 Song Hồn.txt
  OK 321/718 decrypted=True file=Chương 323 Kịch Chiến Nam Ngụy.txt
  OK 322/718 decrypted=True file=Chương 324 Hỏa Linh Thần Thể.txt
  OK 323/718 decrypted=True file=Chương 325 Diệp Minh Vương.txt
  OK 324/718 decrypted=True file=Chương 326 So Đấu Côn Pháp.txt
BATCH 325-336 / 718
  OK 325/718 decrypted=True file=Chương 327 Nhất Bổng Phá Thiên Sơn.txt
  OK 326/718 decrypted=True file=Chương 328 Pháp Khí Đối Chiến.txt
  OK 327/718 decrypted=True file=Chương 329 Đại Gia Giết Người.txt
  OK 328/718 decrypted=True file=Chương 330 Vạn Thạch Sơn.txt
  OK 329/718 decrypted=True file=Chương 331 Ảo Cảnh Đáng Sợ.txt
  OK 330/718 decrypted=True file=Chương 332 Ảo Cảnh Đáng Sợ.txt
  OK 331/718 decrypted=True file=Chương 333 Bảo Khố.txt
  OK 332/718 decrypted=True file=Chương 334 Chọn Đồ.txt
  OK 333/718 decrypted=True file=Chương 335 Độ Súng.txt
  OK 334/718 decrypted=True file=Chương 336 Mày Tuổi Tôm.txt
  OK 335/718 decrypted=True file=Chương 337 Tiến Vào.txt
  OK 336/718 decrypted=True file=Chương 338 Ăn Lẩu.txt
BATCH 337-348 / 718
  OK 337/718 decrypted=True file=Chương 339 Mê Tung Y.txt
  OK 338/718 decrypted=True file=Chương 340 Vết Xước.txt
  OK 339/718 decrypted=True file=Chương 341 Mông Của Ngươi Rất Trắng.txt
  OK 340/718 decrypted=True file=Chương 342 Bản Tính Nữ Nhân.txt
  OK 341/718 decrypted=True file=Chương 343 Chết Trận.txt
  OK 342/718 decrypted=True file=Chương 344 Hạ Độc Thủ.txt
  OK 343/718 decrypted=True file=Chương 345 Hồng Hồng Thức Tỉnh.txt
  OK 344/718 decrypted=True file=Chương 346 Đại Gia Giết Người.txt
  OK 345/718 decrypted=True file=Chương 347 Hút Độc.txt
  OK 346/718 decrypted=True file=Chương 348 Bỏ Chạy.txt
  OK 347/718 decrypted=True file=Chương 349 Dở Trò.txt
  OK 348/718 decrypted=True file=Chương 350 Quỷ Dị.txt
BATCH 349-360 / 718
  OK 349/718 decrypted=True file=Chương 351 Ăn Ngươi Đầu Tiên.txt
  OK 350/718 decrypted=True file=Chương 352 Báo Ông Nội.txt
  OK 351/718 decrypted=True file=Chương 353 Lấy Máu.txt
  OK 352/718 decrypted=True file=Chương 354 Chí Hướng Tư Tưởng.txt
  OK 353/718 decrypted=True file=Chương 355 Nhất Cước Đá Cà.txt
  OK 354/718 decrypted=True file=Chương 356 Chú Ngữ Ấn Pháp.txt
  OK 355/718 decrypted=True file=Chương 357 Quỷ Nhi.txt
  OK 356/718 decrypted=True file=Chương 358 Ảnh Phân Thân.txt
  OK 357/718 decrypted=True file=Chương 359 Dục Ma Tỏa Hồn Hoa.txt
  OK 358/718 decrypted=True file=Chương 360 Đánh Bại Ta Vượt Qua Ải.txt
  OK 359/718 decrypted=True file=Chương 361 Ma Khí.txt
  OK 360/718 decrypted=True file=Chương 362 Bộc Phát.txt
BATCH 361-372 / 718
  OK 361/718 decrypted=True file=Chương 363 Minh Tâm.txt
  OK 362/718 decrypted=True file=Chương 364 Hiện Thực Tàn Ác.txt
  OK 363/718 decrypted=True file=Chương 365 Khôi Phục Nguyên Lực.txt
  OK 364/718 decrypted=True file=Chương 366 Đại Sư Phá Cấm.txt
  OK 365/718 decrypted=True file=Chương 367 Biện Pháp.txt
  OK 366/718 decrypted=True file=Chương 368 Thao Túng Tâm Lý.txt
  OK 367/718 decrypted=True file=Chương 369 Thần Thông Va Chạm.txt
  OK 368/718 decrypted=True file=Chương 370 Lập Khế Ước.txt
  OK 369/718 decrypted=True file=Chương 371 Vĩnh Biệt.txt
  OK 370/718 decrypted=True file=Chương 372 Hé Lộ.txt
  OK 371/718 decrypted=True file=Chương 373 Đóng Băng Nghiệp Hỏa.txt
  OK 372/718 decrypted=True file=Chương 374 Tầng Tám.txt
BATCH 373-384 / 718
  OK 373/718 decrypted=True file=Chương 375 Trường Giả Tiên Tôn.txt
  OK 374/718 decrypted=True file=Chương 376 Thương Hải Tang Điền.txt
  OK 375/718 decrypted=True file=Chương 377 Mang Ngọc Có Tội.txt
  OK 376/718 decrypted=True file=Chương 378 Là Tên Nào.txt
  OK 377/718 decrypted=True file=Chương 379 Trần Chân Nhân Oai Phong.txt
  OK 378/718 decrypted=True file=Chương 380 Tụ Họp.txt
  OK 379/718 decrypted=True file=Chương 381 Nhân Yêu.txt
  OK 380/718 decrypted=True file=Chương 382 Thu Đồ.txt
  OK 381/718 decrypted=True file=Chương 383 Trần Nguyên Soái Trở Lại.txt
  OK 382/718 decrypted=True file=Chương 384 Đảo Nghịch Thời Không.txt
  OK 383/718 decrypted=True file=Chương 385 Lừa Đen Chiêu Thức.txt
  OK 384/718 decrypted=True file=Chương 386 Cố Nhân.txt
BATCH 385-396 / 718
  OK 385/718 decrypted=True file=Chương 387 Cướp Đây.txt
  OK 386/718 decrypted=True file=Chương 388 Đấu Giá Hội Linh Minh Y Thương Hành.txt
  OK 387/718 decrypted=True file=Chương 389 Tuyết Cơ.txt
  OK 388/718 decrypted=True file=Chương 390 Hôn Lễ.txt
  OK 389/718 decrypted=True file=Chương 391 Thiên Trường Địa Cửu.txt
  OK 390/718 decrypted=True file=Chương 392 Trận Cầu Siêu Thú.txt
  OK 391/718 decrypted=True file=Chương 393 Tiến Vào Ma Vực.txt
  OK 392/718 decrypted=True file=Chương 394 Đánh Ma Nhân Yêu.txt
  OK 393/718 decrypted=True file=Chương 395 Kiếp Số.txt
  OK 394/718 decrypted=True file=Chương 396 Cửu Sơn Phong.txt
  OK 395/718 decrypted=True file=Chương 397 Đông Hải Đảo.txt
  OK 396/718 decrypted=True file=Chương 398 Hải Tặc Hưng Luffy Ra Biển.txt
BATCH 397-408 / 718
  OK 397/718 decrypted=True file=Chương 399 Đại Chiến Nguyên Long.txt
  OK 398/718 decrypted=True file=Chương 400 To Mồm Thì Khổ.txt
  OK 399/718 decrypted=True file=Chương 401 Thời Gian Đại Đạo.txt
  OK 400/718 decrypted=True file=Chương 402 Không Minh Hữu Bối.txt
  OK 401/718 decrypted=True file=Chương 403 Con Trai Của Đại Thần Thú.txt
  OK 402/718 decrypted=True file=Chương 404 Đông Hải Quái Truyện.txt
  OK 403/718 decrypted=True file=Chương 405 Chán Nản.txt
  OK 404/718 decrypted=True file=Chương 406 Ngũ Châu.txt
  OK 405/718 decrypted=True file=Chương 407 Thần Huyết.txt
  OK 406/718 decrypted=True file=Chương 408 Nhậm Thiên Nam.txt
  OK 407/718 decrypted=True file=Chương 409 Cường Giả Đại Chiến.txt
  OK 408/718 decrypted=True file=Chương 410 Ăn Cháo Đá Bát.txt
BATCH 409-420 / 718
  OK 409/718 decrypted=True file=Chương 411 Đại Thần Thú Cũng Sợ Vợ.txt
  OK 410/718 decrypted=True file=Chương 412 Huyền Ma Đen Đủi.txt
  OK 411/718 decrypted=True file=Chương 413 Đông Thắng Thần Châu.txt
  OK 412/718 decrypted=True file=Chương 414 Nhân Sinh.txt
  OK 413/718 decrypted=True file=Chương 415 Phiêu Miêu Tuyết Cung.txt
  OK 414/718 decrypted=True file=Chương 416 Vợ Người Ta.txt
  OK 415/718 decrypted=True file=Chương 417 Quan Hệ Sâu Xa.txt
  OK 416/718 decrypted=True file=Chương 418 Hối Tiếc Của Tuổi Trẻ.txt
  OK 417/718 decrypted=True file=Chương 419 Bị Hành Ra Bã.txt
  OK 418/718 decrypted=True file=Chương 420 Âu Dương Gia.txt
  OK 419/718 decrypted=True file=Chương 421 Dạy Dỗ.txt
  OK 420/718 decrypted=True file=Chương 422 Rắm Thần.txt
BATCH 421-432 / 718
  OK 421/718 decrypted=True file=Chương 423 Lạc Việt Tông.txt
  OK 422/718 decrypted=True file=Chương 424 Lượn Phố Để Kết Thù.txt
  OK 423/718 decrypted=True file=Chương 425 Cởi Chuồng Cút Đi.txt
  OK 424/718 decrypted=True file=Chương 426 Thu Nha Hoàn.txt
  OK 425/718 decrypted=True file=Chương 427 Phong Chủ Phù Phong.txt
  OK 426/718 decrypted=True file=Chương 428 Huyền Ma Hưởng Thụ.txt
  OK 427/718 decrypted=True file=Chương 429 Đông Thắng Thành.txt
  OK 428/718 decrypted=True file=Chương 430 Huyền Ma Nổi Giận.txt
  OK 429/718 decrypted=True file=Chương 431 Tam Đại Hung Địa.txt
  OK 430/718 decrypted=True file=Chương 432 Tiến Vào Thủy Hồ.txt
  OK 431/718 decrypted=True file=Chương 433 Quái Vật Mèo Bạch Tuộc.txt
  OK 432/718 decrypted=True file=Chương 434 Lục Hầu Thủy Thiên Thánh.txt
BATCH 433-444 / 718
  OK 433/718 decrypted=True file=Chương 435 Thủy Khí Ba Ngàn.txt
  OK 434/718 decrypted=True file=Chương 436 Bỏ Chạy.txt
  OK 435/718 decrypted=True file=Chương 437 Oán Giận.txt
  OK 436/718 decrypted=True file=Chương 438 Đông Thắng Tụ Hội.txt
  OK 437/718 decrypted=True file=Chương 439 U Linh Ma Tộc.txt
  OK 438/718 decrypted=True file=Chương 440 Ung Châu Mộ.txt
  OK 439/718 decrypted=True file=Chương 441 Khôi Lỗi Thiên Cơ Tông.txt
  OK 440/718 decrypted=True file=Chương 442 Táng Thần Sơn Trang.txt
  OK 441/718 decrypted=True file=Chương 443 Ranh Giới Sinh Tử.txt
  OK 442/718 decrypted=True file=Chương 444 Hạp Cốc Rắn.txt
  OK 443/718 decrypted=True file=Chương 445 Kẻ Gác Mộ.txt
  OK 444/718 decrypted=True file=Chương 446 Nam Châu Hạo Kiếp.txt
BATCH 445-456 / 718
  OK 445/718 decrypted=True file=Chương 447 Đại Chiến Thánh Địa.txt
  OK 446/718 decrypted=True file=Chương 448 Thánh Địa Bị Diệt.txt
  OK 447/718 decrypted=True file=Chương 449 Thống Khổ Tuần Hoàn.txt
  OK 448/718 decrypted=True file=Chương 450 Trở Về Nam Châu.txt
  OK 449/718 decrypted=True file=Chương 451 Ân Đoạn Nghĩa Tuyệt.txt
  OK 450/718 decrypted=True file=Chương 452 Nền Móng Đầu Tiên.txt
  OK 451/718 decrypted=True file=Chương 453 Khai Tông Lập Phái.txt
  OK 452/718 decrypted=True file=Chương 454 Khảo Hạch Sơ Thí.txt
  OK 453/718 decrypted=True file=Chương 455 Tông Môn Tương Lai.txt
  OK 454/718 decrypted=True file=Chương 456 Tổng Bộ Linh Minh Y Thương Hội.txt
  OK 455/718 decrypted=True file=Chương 457 Bàn Chuyện Hợp Tác.txt
  OK 456/718 decrypted=True file=Chương 458 Tông Môn So Tài.txt
BATCH 457-468 / 718
  OK 457/718 decrypted=True file=Chương 459 So Đấu Nội Môn.txt
  OK 458/718 decrypted=True file=Chương 460 Ngao Du.txt
  OK 459/718 decrypted=True file=Chương 461 Thái Tử Lý Thất Huyền.txt
  OK 460/718 decrypted=True file=Chương 462 Tuyệt Kĩ Tán Gái.txt
  OK 461/718 decrypted=True file=Chương 463 Lão Tổ Tông Là Một Tên Háo Sắc Bỉ Ổi.txt
  OK 462/718 decrypted=True file=Chương 464 Tổ Chức Hôn Lễ.txt
  OK 463/718 decrypted=True file=Chương 465 Phụ Thân Mộng Mộng.txt
  OK 464/718 decrypted=True file=Chương 466 Hồ Tộc Phân Tranh.txt
  OK 465/718 decrypted=True file=Chương 467 Đại Chiến Cửu Vĩ Tiên Hồ.txt
  OK 466/718 decrypted=True file=Chương 468 Trận Pháp Hoàn Thành.txt
  OK 467/718 decrypted=True file=Chương 469 Thời Đại Hoàng Kim.txt
  OK 468/718 decrypted=True file=Chương 470 Khiêu Chiến Đệ Tử Tông Chủ.txt
BATCH 469-480 / 718
❌ Lỗi khi tải chương 15646459: HTTPSConnectionPool(host='android.lonoapp.net', port=443): Read timed out. (read timeout=10)
  OK 469/718 decrypted=True file=Chương 471 Bàn Tiểu Bảo Khiêu Chiến.txt
  OK 470/718 decrypted=True file=Chương 472 Truyền Chức Lập Điện.txt
  OK 471/718 decrypted=True file=Chương 473 Thằng Này Toàn Mỡ Ăn Ngấy Lắm.txt
  OK 472/718 decrypted=True file=Chương 474 Rắm Động Cửu Thiên.txt
  OK 473/718 decrypted=True file=Chương 475 Trấn Giới Bia.txt
  OK 474/718 decrypted=True file=Chương 476 Thiên Đạo Của Thế Giới Này.txt
  OK 475/718 decrypted=True file=Chương 477 Truyền Thuyết Sinh Ra.txt
  OK 476/718 decrypted=True file=Chương 478 Cổ Lệ.txt
  OK 477/718 decrypted=True file=Chương 479 Nhân Sinh Bi Thảm.txt
  OK 478/718 decrypted=True file=Chương 480 Ba Mươi Sáu Địa Giới Bảy Mươi Hai Tầng Trời.txt
  OK 479/718 decrypted=True retry=2 file=Chương 481 Bị Mang Đi Làm Gà.txt
  OK 480/718 decrypted=True file=Chương 482 Đấu Trường Cổ Lệ.txt
BATCH 481-492 / 718
❌ Lỗi khi tải chương 15666268: HTTPSConnectionPool(host='android.lonoapp.net', port=443): Read timed out. (read timeout=10)
  OK 481/718 decrypted=True file=Chương 483 Kẻ Chết Người Sống.txt
  OK 482/718 decrypted=True file=Chương 484 Cổ Hoàng Yểm Tước Cổ Tộc.txt
  OK 483/718 decrypted=True file=Chương 485 Gánh Nước Tưới Cây.txt
  OK 484/718 decrypted=True file=Chương 486 Đại Bàng Gãy Cánh.txt
  OK 485/718 decrypted=True file=Chương 487 Cổ Tộc Đại Chiến.txt
  OK 486/718 decrypted=True file=Chương 488 Cõng Rắn Cắn Gà Nhà.txt
  OK 487/718 decrypted=True file=Chương 489 Bố Trí.txt
  OK 488/718 decrypted=True file=Chương 490 Cửu Chuyển Tiên Sát Trận.txt
  OK 489/718 decrypted=True file=Chương 491 Tri Chu Ngũ Lão Diệt.txt
  OK 490/718 decrypted=True retry=2 file=Chương 492 Yểm Tước Nhị Vương.txt
  OK 491/718 decrypted=True file=Chương 493 Tụt Quần Đan Tiên.txt
  OK 492/718 decrypted=True file=Chương 494 Bỏ Trốn.txt
BATCH 493-504 / 718
  OK 493/718 decrypted=True file=Chương 495 Lừa Đen Thiêu Đốt.txt
  OK 494/718 decrypted=True file=Chương 496 A Mẫu A Hoàng.txt
  OK 495/718 decrypted=True file=Chương 497 Bị Đuổi Giết.txt
  OK 496/718 decrypted=True file=Chương 498 Nhân Tiên.txt
  OK 497/718 decrypted=True file=Chương 499 Thức Ăn Tới Miệng Còn Bị Cướp.txt
  OK 498/718 decrypted=True file=Chương 500 Có Giỏi Đứng Lại Cho Tao.txt
  OK 499/718 decrypted=True file=Chương 501 Bách Túc Trùng Nhãn.txt
  OK 500/718 decrypted=True file=Chương 502 Phá Giới Thạch.txt
  OK 501/718 decrypted=True file=Chương 503 Kề Kiếm Uy Hiếp.txt
  OK 502/718 decrypted=True file=Chương 504 Thủ Đoạn Đê Tiện.txt
  OK 503/718 decrypted=True file=Chương 505 Mất Nửa Cái Mạng.txt
  OK 504/718 decrypted=True file=Chương 506 Kim Nguyên Châu.txt
BATCH 505-516 / 718
❌ Lỗi khi tải chương 15787658: HTTPSConnectionPool(host='android.lonoapp.net', port=443): Read timed out. (read timeout=10)
  OK 505/718 decrypted=True file=Chương 507 Tiên Đế Chiến.txt
  OK 506/718 decrypted=True file=Chương 508 Tiên Giới Trấn Động.txt
  OK 507/718 decrypted=True file=Chương 509 Bắc Huyền Tiểu Tử.txt
  OK 508/718 decrypted=True file=Chương 510 Thực Lực Bộc Phát.txt
  OK 509/718 decrypted=True retry=2 file=Chương 511 Gia Chủ Bắc Gia.txt
  OK 510/718 decrypted=True file=Chương 512 Tranh Đoạt Lợi Ích.txt
  OK 511/718 decrypted=True file=Chương 513 Bách Tộc Tranh Hùng.txt
  OK 512/718 decrypted=True file=Chương 514 Nguy Cơ Tính Mạng.txt
  OK 513/718 decrypted=True file=Chương 515 Truyền Dạy Thủ Đoạn.txt
  OK 514/718 decrypted=True file=Chương 516 Oai Hơn Cóc.txt
  OK 515/718 decrypted=True file=Chương 517 Thằng Đầu Đẩt Này.txt
  OK 516/718 decrypted=True file=Chương 518 Kĩ Thuật Tán Gái.txt
BATCH 517-528 / 718
  OK 517/718 decrypted=True file=Chương 519 Phong Chi Dực Tộc.txt
  OK 518/718 decrypted=True file=Chương 520 Huyễn Ảnh Chân Tự.txt
  OK 519/718 decrypted=True file=Chương 521 Huyễn Ma Tộc.txt
  OK 520/718 decrypted=True file=Chương 522 Nhân Tộc Âm Hiểm.txt
  OK 521/718 decrypted=True file=Chương 523 Đứng Trước GatLing Chúng Sinh Bình Đẳng.txt
  OK 522/718 decrypted=True file=Chương 524 Hoắc Kiến Thành Tân Bá Chủ.txt
  OK 523/718 decrypted=True file=Chương 525 Nguyệt Hà Tiên Tử.txt
  OK 524/718 decrypted=True file=Chương 526 Học Viện Vương Triều.txt
  OK 525/718 decrypted=True file=Chương 527 Phong Ấn Bị Phá.txt
  OK 526/718 decrypted=True file=Chương 528 Mặt Ngươi Có Trắng Bằng Mông Ta.txt
  OK 527/718 decrypted=True file=Chương 529 Rắm Thần Tiểu Chu Xuất Chiến.txt
  OK 528/718 decrypted=True file=Chương 530 Mộng Mộng Phi Thăng.txt
BATCH 529-540 / 718
  OK 529/718 decrypted=True file=Chương 531 Nguy Cơ Ẩn Dấu.txt
  OK 530/718 decrypted=True file=Chương 532 Ngao Vô Hồng.txt
  OK 531/718 decrypted=True file=Chương 533 Đối Chiến.txt
  OK 532/718 decrypted=True file=Chương 534 Lục Giác Tiên Tộc.txt
  OK 533/718 decrypted=True file=Chương 535 Bắc Huyền Chiến.txt
  OK 534/718 decrypted=True file=Chương 536 Dục Thần Đan.txt
  OK 535/718 decrypted=True file=Chương 537 Bắc Huyền Rời Đi.txt
  OK 536/718 decrypted=True file=Chương 538 Khí Vận Bộc Phát.txt
  OK 537/718 decrypted=True file=Chương 539 Tìm Đạo.txt
  OK 538/718 decrypted=True file=Chương 540 Một Câu Chuyện Cảm Lạnh.txt
  OK 539/718 decrypted=True file=Chương 541 Sơn Lâm Nguyên Thủy.txt
  OK 540/718 decrypted=True file=Chương 542 Tiến Vào Sơn Lâm.txt
BATCH 541-552 / 718
  OK 541/718 decrypted=True file=Chương 543 Đấm Tiểu Tử Bắc Huyền.txt
  OK 542/718 decrypted=True file=Chương 544 Ra Oai Với Đồ Đệ.txt
  OK 543/718 decrypted=True file=Chương 545 Bố Láo Là Nấu Cháo Nguyên Con.txt
  OK 544/718 decrypted=True file=Chương 546 Hỗn Nguyên Thiên Cẩu.txt
  OK 545/718 decrypted=True file=Chương 547 Bách Việt Xích Quỷ.txt
  OK 546/718 decrypted=True file=Chương 548 Nhục Thể Trùng Sinh.txt
  OK 547/718 decrypted=True file=Chương 549 Dã Thú Chuẩn Đế.txt
  OK 548/718 decrypted=True file=Chương 550 Hoạt Hạt Bao Vây.txt
  OK 549/718 decrypted=True file=Chương 551 Đại Ca Ngươi Còn Muốn Ăn Ta.txt
  OK 550/718 decrypted=True file=Chương 552 Hoạt Hạt Vương.txt
  OK 551/718 decrypted=True file=Chương 553 Hoạt Hạt Biến Dị.txt
  OK 552/718 decrypted=True file=Chương 554 Lừa Ngốc Thúc Thúc.txt
BATCH 553-564 / 718
  OK 553/718 decrypted=True file=Chương 555 Hồng Hoang Tiên Tông.txt
  OK 554/718 decrypted=True file=Chương 556 Đệ Tử Tạp Dịch.txt
  OK 555/718 decrypted=True file=Chương 557 Dũng Sĩ Dọn Phân.txt
  OK 556/718 decrypted=True file=Chương 558 Lợi Ích Tranh Đấu.txt
  OK 557/718 decrypted=True file=Chương 559 Thuốc Sổ Siêu Cấp Vip Pro.txt
  OK 558/718 decrypted=True file=Chương 560 Nổ Tung Hố Xí.txt
  OK 559/718 decrypted=True file=Chương 561 Ăn Trần Ca Ca.txt
  OK 560/718 decrypted=True file=Chương 562 Hối Lộ Thăng Chức.txt
  OK 561/718 decrypted=True file=Chương 563 Toán Thuật Địa Cầu.txt
  OK 562/718 decrypted=True file=Chương 564 Thiên Thu Bất Hủ Mộng Trường Sinh.txt
  OK 563/718 decrypted=True file=Chương 565 Đụng Phải Hoằng Thiết.txt
  OK 564/718 decrypted=True file=Chương 566 Mê Hoặc Nhân Tâm.txt
BATCH 565-576 / 718
  OK 565/718 decrypted=True file=Chương 567 Cực Độ Ma Tranh.txt
  OK 566/718 decrypted=True file=Chương 568 Ma Ngọc Công Tử.txt
  OK 567/718 decrypted=True file=Chương 569 Đế Cầm Cực Độ Ma Tranh.txt
  OK 568/718 decrypted=True file=Chương 570 Một Khúc Cầm Tạo Cơ Duyên.txt
  OK 569/718 decrypted=True file=Chương 571 Xá Lợi Phật Cốt.txt
  OK 570/718 decrypted=True file=Chương 572 Mọi Sai Lầm Đều Phải Trả Giá.txt
  OK 571/718 decrypted=True file=Chương 573 Nhất Tiếu Khuynh Thành.txt
  OK 572/718 decrypted=True file=Chương 574 Bắt Đầu Công Việc.txt
  OK 573/718 decrypted=True file=Chương 575 Đồ Đệ Tốt.txt
  OK 574/718 decrypted=True file=Chương 576 Ta Thề Giết Ngươi.txt
  OK 575/718 decrypted=True file=Chương 577 Bại Lộ.txt
  OK 576/718 decrypted=True file=Chương 578 Cửu Nguyên Đạo Thể.txt
BATCH 577-588 / 718
  OK 577/718 decrypted=True file=Chương 579 Đại Việt Hoang Tàn.txt
  OK 578/718 decrypted=True file=Chương 580 Hồn Thiêng Đất Việt.txt
  OK 579/718 decrypted=True file=Chương 581 Địa Ngục Hỏa.txt
  OK 580/718 decrypted=True file=Chương 582 Sự Tình Rắc Rối.txt
  OK 581/718 decrypted=True file=Chương 583 Thuyền Trưởng Tài Ba Không Xuất Thân Từ Vùng Biển Lặng Gió.txt
  OK 582/718 decrypted=True file=Chương 584 Giám Sát Tuần Sứ Oai Phong.txt
  OK 583/718 decrypted=True file=Chương 585 Cờ Bạc Bịp.txt
  OK 584/718 decrypted=True file=Chương 586 Mạng Của Cô Ta Mua.txt
  OK 585/718 decrypted=True file=Chương 587 Lòng Người Thâm Sâu.txt
  OK 586/718 decrypted=True file=Chương 588 Lập Yên Thành.txt
  OK 587/718 decrypted=True file=Chương 589 Nhân Sinh Tình Cảnh.txt
  OK 588/718 decrypted=True file=Chương 590 Hương Tiêu Một Khắc Rình Cảnh Xuân.txt
BATCH 589-600 / 718
  OK 589/718 decrypted=True file=Chương 591 Đô Úy Lập Yên.txt
  OK 590/718 decrypted=True file=Chương 592 Máu Nhuộm Đêm Mưa.txt
  OK 591/718 decrypted=True file=Chương 593 Cứu Người.txt
  OK 592/718 decrypted=True file=Chương 594 Sai Lầm.txt
  OK 593/718 decrypted=True file=Chương 595 Đại Chiến Đoản Lam.txt
  OK 594/718 decrypted=True file=Chương 596 Chú Đang Đùa Anh À.txt
  OK 595/718 decrypted=True file=Chương 597 Phá Đạo.txt
  OK 596/718 decrypted=True file=Chương 598 Thượng Cổ Chiến Trường.txt
  OK 597/718 decrypted=True file=Chương 599 Ân Oán Khét Lẹt.txt
  OK 598/718 decrypted=True file=Chương 600 Thượng Cổ Tiên Ma Đại Chiến.txt
  OK 599/718 decrypted=True file=Chương 601 Huyền Hoàng Tiên Giới.txt
  OK 600/718 decrypted=True file=Chương 602 Hỗn Độn Chí Bảo Huyền Hoàng Châu.txt
BATCH 601-612 / 718
  OK 601/718 decrypted=True file=Chương 603 Ám Toán Đế Cảnh.txt
  OK 602/718 decrypted=True file=Chương 604 Đế Cấm Chân Hồn.txt
  OK 603/718 decrypted=True file=Chương 605 Huyền Hoàng Châu Thế Giới.txt
  OK 604/718 decrypted=True file=Chương 606 Con Nhóc Diệp Cơ.txt
  OK 605/718 decrypted=True file=Chương 607 Gặp Ma Rồi.txt
  OK 606/718 decrypted=True file=Chương 608 Trộm Cướp Cùng Nhau.txt
  OK 607/718 decrypted=True file=Chương 609 Đế Thi.txt
  OK 608/718 decrypted=True file=Chương 610 Diệp Cơ Bảo Vệ Huynh.txt
  OK 609/718 decrypted=True file=Chương 611 Đế Cảnh Cũng Chỉ Là Sâu Kiến.txt
  OK 610/718 decrypted=True file=Chương 612 Tử Vi Đế Quân.txt
  OK 611/718 decrypted=True file=Chương 613 Hỗn Loạn Thời Không.txt
  OK 612/718 decrypted=True file=Chương 614 Thật Sự Trở Về.txt
BATCH 613-624 / 718
  OK 613/718 decrypted=True file=Chương 615 Hiện Thực Tồn Tại.txt
  OK 614/718 decrypted=True file=Chương 616 Cảm Xúc Tan Nát.txt
  OK 615/718 decrypted=True file=Chương 617 Dạy Võ.txt
  OK 616/718 decrypted=True file=Chương 618 Nhân Sinh Đời Người.txt
  OK 617/718 decrypted=True file=Chương 619 Dẫn Công Chúa Đi Nhổ Cỏ.txt
  OK 618/718 decrypted=True file=Chương 620 Mỗi Người Một Thế Giới Hạnh Phúc Nhé Cô Gái.txt
  OK 619/718 decrypted=True file=Chương 621 Có Chuyện.txt
  OK 620/718 decrypted=True file=Chương 622 Trần Gia Võ Đạo.txt
  OK 621/718 decrypted=True file=Chương 623 Qua Ngủ Cùng Em.txt
  OK 622/718 decrypted=True file=Chương 624 Hậu Thiên Võ Đạo.txt
  OK 623/718 decrypted=True file=Chương 625 Đánh Nhau Trong Đêm.txt
  OK 624/718 decrypted=True file=Chương 626 Mắt Của Thần Anubis.txt
BATCH 625-636 / 718
❌ Lỗi khi tải chương 16204807: HTTPSConnectionPool(host='android.lonoapp.net', port=443): Read timed out. (read timeout=10)
  OK 625/718 decrypted=True file=Chương 627 Bầu Trời Nhân Cách.txt
  OK 626/718 decrypted=True file=Chương 628 Hợp Tác.txt
  OK 627/718 decrypted=True file=Chương 629 Anh Là Đồ Con Lợn.txt
  OK 628/718 decrypted=True file=Chương 630 Bận Rộn Công Việc.txt
  OK 629/718 decrypted=True file=Chương 631 Hối Tiếc Tuổi Thanh Xuân.txt
  OK 630/718 decrypted=True file=Chương 632 Nhìn Người Lên Xe Hoa.txt
  OK 631/718 decrypted=True file=Chương 633 Tự Nhiên Đại Đạo.txt
  OK 632/718 decrypted=True file=Chương 634 Cô Gái Nhỏ.txt
  OK 633/718 decrypted=True retry=2 file=Chương 635 Thanh Xuân Bắt Đầu.txt
  OK 634/718 decrypted=True file=Chương 636 Hội Đồng Dâm.txt
  OK 635/718 decrypted=True file=Chương 637 Bồi Hồi Cảm Xúc.txt
  OK 636/718 decrypted=True file=Chương 638 Bình Yên Không Nổi.txt
BATCH 637-648 / 718
  OK 637/718 decrypted=True file=Chương 639 Tiến Vào Sa Mạc Sahara.txt
  OK 638/718 decrypted=True file=Chương 640 Linh Cảm.txt
  OK 639/718 decrypted=True file=Chương 641 Cốt Cách Dân Tộc.txt
  OK 640/718 decrypted=True file=Chương 642 Dị Năng Giả Cấp S.txt
  OK 641/718 decrypted=True file=Chương 643 Thần Anubis.txt
  OK 642/718 decrypted=True file=Chương 644 Cuộc Chiến Khốc Liệt.txt
  OK 643/718 decrypted=True file=Chương 645 Âm Dương Cách Biệt.txt
  OK 644/718 decrypted=True file=Chương 646 Quy Y Cửa Phật.txt
  OK 645/718 decrypted=True file=Chương 647 Sự Xâm Nhập Của Các Polictor.txt
  OK 646/718 decrypted=True file=Chương 648 Văn Minh Cấp Độ.txt
  OK 647/718 decrypted=True file=Chương 649 Tấn Công Vào Con Tàu Mẹ Polor.txt
  OK 648/718 decrypted=True file=Chương 650 Tình Cảnh Xấu Hổ.txt
BATCH 649-660 / 718
  OK 649/718 decrypted=True file=Chương 651 Bốc Khói Đít.txt
  OK 650/718 decrypted=True file=Chương 652 Mệnh Lệnh Tối Cao.txt
  OK 651/718 decrypted=True file=Chương 653 Chiến Đấu Khốc Liệt.txt
  OK 652/718 decrypted=True file=Chương 654 Sự Hi Sinh Quá Lớn.txt
  OK 653/718 decrypted=True file=Chương 655 Tôi Già Rồi.txt
  OK 654/718 decrypted=True file=Chương 656 Liên Minh Siêu Phàm Giả.txt
  OK 655/718 decrypted=True file=Chương 657 Kỷ Nguyên Vũ Trụ.txt
  OK 656/718 decrypted=True file=Chương 658 Đại Chiến Thái Bình Dương.txt
  OK 657/718 decrypted=True file=Chương 659 Đổ Bộ Lên Tàu.txt
  OK 658/718 decrypted=True file=Chương 660 Thiên Tài Mr Hero.txt
  OK 659/718 decrypted=True file=Chương 661 Siêu Virus Hero.txt
  OK 660/718 decrypted=True file=Chương 662 Cuộc Chiến Đấu Khốc Liệt.txt
BATCH 661-672 / 718
  OK 661/718 decrypted=True file=Chương 663 Hồn Thiêng Sông Núi Đón Ai Về.txt
  OK 662/718 decrypted=True file=Chương 664 Táng Thần Mộ Tân Sinh.txt
  OK 663/718 decrypted=True file=Chương 665 Một Đấm Chết Nhe Răng.txt
  OK 664/718 decrypted=True file=Chương 666 Trở Về Nam Châu.txt
  OK 665/718 decrypted=True file=Chương 667 Tức Tím Mặt.txt
  OK 666/718 decrypted=True file=Chương 668 Tổ Sư Trở Về.txt
  OK 667/718 decrypted=True file=Chương 669 Theo Tổ Sư Đi Báo Thù.txt
  OK 668/718 decrypted=True file=Chương 670 Đánh Thẳng Thiên Mệnh Tông.txt
  OK 669/718 decrypted=True file=Chương 671 Mày Bị Điếc À Cu.txt
  OK 670/718 decrypted=True file=Chương 672 Tổ Sư Chết Rồi.txt
  OK 671/718 decrypted=True file=Chương 673 Tổ Sư Uy Vũ.txt
  OK 672/718 decrypted=True file=Chương 674 Ăn Cướp Trắng Trợn.txt
BATCH 673-684 / 718
  OK 673/718 decrypted=True file=Chương 675 Biển Nguyên Tố.txt
  OK 674/718 decrypted=True file=Chương 676 Lạc Hồng Thế Giới.txt
  OK 675/718 decrypted=True file=Chương 677 Chung Cực Đại Đạo.txt
  OK 676/718 decrypted=True file=Chương 678 Nỗi Ô Nhục Không Thể Quên.txt
  OK 677/718 decrypted=True file=Chương 679 Thế Giới Trong Thế Giới.txt
  OK 678/718 decrypted=True file=Chương 680 Thiên Tôn Khá Bảnh.txt
  OK 679/718 decrypted=True file=Chương 681 Mảnh Cổ Sử Hủy Diệt.txt
  OK 680/718 decrypted=True file=Chương 682 Ngộ Đạo Tràng.txt
  OK 681/718 decrypted=True file=Chương 683 Đế Cảnh Hội Tụ.txt
  OK 682/718 decrypted=True file=Chương 684 Tiểu Long Thanh Vũ.txt
  OK 683/718 decrypted=True file=Chương 685 Siêu Đội Ăn Cướp Hành Động.txt
  OK 684/718 decrypted=True file=Chương 686 Vặt Lông Phượng Hoàng.txt
BATCH 685-696 / 718
❌ Lỗi khi tải chương 16397596: HTTPSConnectionPool(host='android.lonoapp.net', port=443): Read timed out. (read timeout=10)
❌ Lỗi khi tải chương 16468844: HTTPSConnectionPool(host='android.lonoapp.net', port=443): Read timed out. (read timeout=10)
  OK 685/718 decrypted=True retry=2 file=Chương 687 Tự Ảnh Tộc.txt
  OK 686/718 decrypted=True file=Chương 688 Diệt Ma.txt
  OK 687/718 decrypted=True file=Chương 689 Chân Thần Cảnh.txt
  OK 688/718 decrypted=True file=Chương 690 Bị Hút Mất Cái Quần.txt
  OK 689/718 decrypted=True file=Chương 691 Đâm Thằng Em Một Kiếm.txt
  OK 690/718 decrypted=True file=Chương 692 Hỗn Chiến Thiên Quỷ Tộc.txt
  OK 691/718 decrypted=True file=Chương 693 Phá Trận Lẻn Vào.txt
  OK 692/718 decrypted=True file=Chương 694 Thanh Hoa Tiên Xà.txt
  OK 693/718 decrypted=True file=Chương 695 Gặp Lại Người Xưa.txt
  OK 694/718 decrypted=True file=Chương 696 Đánh Hội Đồng Chu Hoàng.txt
  OK 695/718 decrypted=True retry=2 file=Chương 697 Tỏa Ngục Đồ Quyết.txt
  OK 696/718 decrypted=True file=Chương 698 Một Kiếm Diệt Hồn.txt
BATCH 697-708 / 718
  OK 697/718 decrypted=True file=Chương 699 Nguyên Thú Dễ Thương.txt
  OK 698/718 decrypted=True file=Chương 700 Kẻ Huyết Tế Thành Đô.txt
  OK 699/718 decrypted=True file=Chương 701 Bỏ Chạy.txt
  OK 700/718 decrypted=True file=Chương 702 Vận Khí Bộc Phát.txt
  OK 701/718 decrypted=True file=Chương 703 Hành Động Thiếu Đạo Đức.txt
  OK 702/718 decrypted=True file=Chương 704 Tự Ảnh Tiên Đế Ra Tay.txt
  OK 703/718 decrypted=True file=Chương 705 Quét Không Sạch Ngươi No Đòn.txt
  OK 704/718 decrypted=True file=Chương 706 Phủ Lý Gia Khê.txt
  OK 705/718 decrypted=True file=Chương 707 Các Ngươi Có Bao Nhiêu Cái Mạng.txt
  OK 706/718 decrypted=True file=Chương 708 Hoàng Tiên Trưởng.txt
  OK 707/718 decrypted=True file=Chương 709 Mang Theo Vợ Con Rời Đi.txt
  OK 708/718 decrypted=True file=Chương 710 Tự Nhiên Diễn Hóa.txt
BATCH 709-718 / 718
❌ Lỗi khi tải chương 16671240: HTTPSConnectionPool(host='android.lonoapp.net', port=443): Read timed out. (read timeout=10)
  OK 709/718 decrypted=True file=Chương 711 Chuẩn Bị Hạ Sinh.txt
  OK 710/718 decrypted=True file=Chương 712 Nguy Cơ Từ Chưởng Khổng Giả.txt
  OK 711/718 decrypted=True file=Chương 713 Sự Cầu Xin.txt
  OK 712/718 decrypted=True file=Chương 714 Chưởng 714 Chết.txt
  OK 713/718 decrypted=True file=Chương 715 Cửu Đại Đế Quân Xuất Thế.txt
  OK 714/718 decrypted=True file=Chương 716 Đại Chiến Giết Chóc.txt
  OK 715/718 decrypted=True file=Chương 717 Chư Đế Vong Mạng.txt
  OK 716/718 decrypted=True file=Chương 718 Thần Điện.txt
  OK 717/718 decrypted=True retry=2 file=Chương 719 Đạo Tặc Kẻ Buôn Bán Nội Tạng.txt
  OK 718/718 decrypted=True file=Chương 720 Con Đường Tận Cùng Hết.txt
final_ok=718
final_fail=0
out=C:\Dev\MTC\Kẻ Thủ Hộ Vũ Trụ

[stderr]
