book=Marvel Ta Là Tiểu Chiến Sỹ Họ Stark
book_id=140878
out=C:\Dev\MTC\Marvel Ta Là Tiểu Chiến Sỹ Họ Stark
chapters_total=122 expected=122
[1/122] download chapter_id=22239928 file=Chương 1 Xuyên Qua.txt
  OK decrypted=True written=Chương 1 Xuyên Qua.txt
[2/122] download chapter_id=22239929 file=Chương 2 Tony gọi.txt
  OK decrypted=True written=Chương 2 Tony gọi.txt
[3/122] download chapter_id=22239930 file=Chương 3 tưởng kết thúc.txt
  OK decrypted=True written=Chương 3 tưởng kết thúc.txt
[4/122] download chapter_id=22239931 file=Chương 4 Lộ.txt
  OK decrypted=True written=Chương 4 Lộ.txt
[5/122] download chapter_id=22239932 file=Chương 5 Trở lại.txt
  OK decrypted=True written=Chương 5 Trở lại.txt
[6/122] download chapter_id=22239933 file=Chương 6 Ghét nhất.txt
  OK decrypted=True written=Chương 6 Ghét nhất.txt
[7/122] download chapter_id=22239934 file=Chương 7 Lộ.txt
  OK decrypted=True written=Chương 7 Lộ.txt
[8/122] download chapter_id=22239935 file=Chương 8 Steve.txt
  OK decrypted=True written=Chương 8 Steve.txt
[9/122] download chapter_id=22239936 file=Chương 9 Liều lĩnh.txt
  OK decrypted=True written=Chương 9 Liều lĩnh.txt
[10/122] download chapter_id=22239937 file=Chương 10 Đáng ghét.txt
  OK decrypted=True written=Chương 10 Đáng ghét.txt
[11/122] download chapter_id=22253492 file=Chương 11 Nói Thật.txt
  OK decrypted=True written=Chương 11 Nói Thật.txt
[12/122] download chapter_id=22253493 file=Chương 12 Trứng Mặn Nick Fury.txt
  OK decrypted=True written=Chương 12 Trứng Mặn Nick Fury.txt
[13/122] download chapter_id=22253494 file=Chương 13 Một Vả.txt
  OK decrypted=True written=Chương 13 Một Vả.txt
[14/122] download chapter_id=22253495 file=Chương 14 Giả.txt
  OK decrypted=True written=Chương 14 Giả.txt
[15/122] download chapter_id=22253496 file=Chương 15 Phục Sinh.txt
  OK decrypted=True written=Chương 15 Phục Sinh.txt
[16/122] download chapter_id=22253497 file=Chương 16 Đi ăn.txt
  OK decrypted=True written=Chương 16 Đi ăn.txt
[17/122] download chapter_id=22253498 file=Chương 17 Cha con tương tàn.txt
  OK decrypted=True written=Chương 17 Cha con tương tàn.txt
[18/122] download chapter_id=22253499 file=Chương 18 Gặp lại mọi người.txt
  OK decrypted=True written=Chương 18 Gặp lại mọi người.txt
[19/122] download chapter_id=22253500 file=Chương 19 Đến Asgard.txt
  OK decrypted=True written=Chương 19 Đến Asgard.txt
[20/122] download chapter_id=22253501 file=Chương 20 Ở Asgard.txt
  OK decrypted=True written=Chương 20 Ở Asgard.txt
[21/122] download chapter_id=22253833 file=Chương 21 Hấp thu hoàn tất.txt
  OK decrypted=True written=Chương 21 Hấp thu hoàn tất.txt
[22/122] download chapter_id=22253834 file=Chương 22 Cháu gái.txt
  OK decrypted=True written=Chương 22 Cháu gái.txt
[23/122] download chapter_id=22253835 file=Chương 23 Loki.txt
  OK decrypted=True written=Chương 23 Loki.txt
[24/122] download chapter_id=22253836 file=Chương 24 Frigga.txt
  OK decrypted=True written=Chương 24 Frigga.txt
[25/122] download chapter_id=22253837 file=Chương 25 Ăn Cơm.txt
  OK decrypted=True written=Chương 25 Ăn Cơm.txt
[26/122] download chapter_id=22260856 file=Chương 26 Công chúa.txt
  OK decrypted=True written=Chương 26 Công chúa.txt
[27/122] download chapter_id=22260857 file=Chương 27 Lần đầu uống rượu.txt
  OK decrypted=True written=Chương 27 Lần đầu uống rượu.txt
[28/122] download chapter_id=22260858 file=Chương 28 Nếm thử một ngụm.txt
  OK decrypted=True written=Chương 28 Nếm thử một ngụm.txt
[29/122] download chapter_id=22260859 file=Chương 29 Đau Đầu.txt
  OK decrypted=True written=Chương 29 Đau Đầu.txt
[30/122] download chapter_id=22260860 file=Chương 30 Hậu quả.txt
  OK decrypted=True written=Chương 30 Hậu quả.txt
[31/122] download chapter_id=22261451 file=Chương 31 Thor Khóc Không Xong.txt
  OK decrypted=True written=Chương 31 Thor Khóc Không Xong.txt
[32/122] download chapter_id=22261452 file=Chương 32 Mất hết.txt
  OK decrypted=True written=Chương 32 Mất hết.txt
[33/122] download chapter_id=22261453 file=Chương 33 Chiến trường.txt
  OK decrypted=True written=Chương 33 Chiến trường.txt
[34/122] download chapter_id=22261454 file=Chương 34 Lily.txt
  OK decrypted=True written=Chương 34 Lily.txt
[35/122] download chapter_id=22261455 file=Chương 35 Đánh Nhau.txt
  OK decrypted=True written=Chương 35 Đánh Nhau.txt
[36/122] download chapter_id=22264734 file=Chương 36 Nghiêm Túc.txt
  OK decrypted=True written=Chương 36 Nghiêm Túc.txt
[37/122] download chapter_id=22264735 file=Chương 37 Nghiêm túc 2.txt
  OK decrypted=True written=Chương 37 Nghiêm túc 2.txt
[38/122] download chapter_id=22264736 file=Chương 38 Nghiêm túc 3.txt
  OK decrypted=True written=Chương 38 Nghiêm túc 3.txt
[39/122] download chapter_id=22264737 file=Chương 39 Không Chọc Nổi.txt
  OK decrypted=True written=Chương 39 Không Chọc Nổi.txt
[40/122] download chapter_id=22264738 file=Chương 40 Đáng Yêu.txt
  OK decrypted=True written=Chương 40 Đáng Yêu.txt
[41/122] download chapter_id=22271107 file=Chương 41 Điều Cấm.txt
  OK decrypted=True written=Chương 41 Điều Cấm.txt
[42/122] download chapter_id=22271108 file=Chương 42 Sắp phải rời đi.txt
  OK decrypted=True written=Chương 42 Sắp phải rời đi.txt
[43/122] download chapter_id=22271109 file=Chương 43 Sắp phải rời đi 2.txt
  OK decrypted=True written=Chương 43 Sắp phải rời đi 2.txt
[44/122] download chapter_id=22271110 file=Chương 44 Sắp phải rời đi 3.txt
  OK decrypted=True written=Chương 44 Sắp phải rời đi 3.txt
[45/122] download chapter_id=22271111 file=Chương 45 Sắp rời đi 3.txt
  OK decrypted=True written=Chương 45 Sắp rời đi 3.txt
[46/122] download chapter_id=22271112 file=Chương 46 Tối cường pháp sư.txt
  OK decrypted=True written=Chương 46 Tối cường pháp sư.txt
[47/122] download chapter_id=22273762 file=Chương 54 Tối cường pháp sư 3.txt
  OK decrypted=True written=Chương 54 Tối cường pháp sư 3.txt
[48/122] download chapter_id=22277106 file=Chương 55 Tối cường pháp sư 4.txt
  OK decrypted=True written=Chương 55 Tối cường pháp sư 4.txt
[49/122] download chapter_id=22277107 file=Chương 56 Tối Cường Pháp Sư 5.txt
  OK decrypted=True written=Chương 56 Tối Cường Pháp Sư 5.txt
[50/122] download chapter_id=22277108 file=Chương 57 Đệ Nhất.txt
  OK decrypted=True written=Chương 57 Đệ Nhất.txt
[51/122] download chapter_id=22293046 file=Chương 58 Sửng sốt.txt
  OK decrypted=True written=Chương 58 Sửng sốt.txt
[52/122] download chapter_id=22293047 file=Chương 59 Có ý tứ.txt
  OK decrypted=True written=Chương 59 Có ý tứ.txt
[53/122] download chapter_id=22293048 file=Chương 60 Ba người.txt
  OK decrypted=True written=Chương 60 Ba người.txt
[54/122] download chapter_id=22293049 file=Chương 61 Lily.txt
  OK decrypted=True written=Chương 61 Lily.txt
[55/122] download chapter_id=22293050 file=Chương 62 Lily 2.txt
  OK decrypted=True written=Chương 62 Lily 2.txt
[56/122] download chapter_id=22299020 file=Chương 63 Lily 3.txt
  OK decrypted=True written=Chương 63 Lily 3.txt
[57/122] download chapter_id=22299021 file=Chương 64 Lily 4.txt
  OK decrypted=True written=Chương 64 Lily 4.txt
[58/122] download chapter_id=22299022 file=Chương 65 Lily 5.txt
  OK decrypted=True written=Chương 65 Lily 5.txt
[59/122] download chapter_id=22299023 file=Chương 66 Lily 6.txt
  OK decrypted=True written=Chương 66 Lily 6.txt
[60/122] download chapter_id=22299024 file=Chương 67 Lily 7.txt
  OK decrypted=True written=Chương 67 Lily 7.txt
[61/122] download chapter_id=22305008 file=Chương 68 Lily 8.txt
  OK decrypted=True written=Chương 68 Lily 8.txt
[62/122] download chapter_id=22305009 file=Chương 69 Lyli 9.txt
  OK decrypted=True written=Chương 69 Lyli 9.txt
[63/122] download chapter_id=22305010 file=Chương 70 Lily 10.txt
  OK decrypted=True written=Chương 70 Lily 10.txt
[64/122] download chapter_id=22305011 file=Chương 71 Lily 11.txt
  OK decrypted=True written=Chương 71 Lily 11.txt
[65/122] download chapter_id=22305012 file=Chương 72 Lily 12.txt
  OK decrypted=True written=Chương 72 Lily 12.txt
[66/122] download chapter_id=22309264 file=Chương 73 Lily 13.txt
  OK decrypted=True written=Chương 73 Lily 13.txt
[67/122] download chapter_id=22309265 file=Chương 74 Lily 14.txt
  OK decrypted=True written=Chương 74 Lily 14.txt
[68/122] download chapter_id=22309266 file=Chương 75 Lily 15.txt
  OK decrypted=True written=Chương 75 Lily 15.txt
[69/122] download chapter_id=22309267 file=Chương 76 Lily 16.txt
  OK decrypted=True written=Chương 76 Lily 16.txt
[70/122] download chapter_id=22309268 file=Chương 77 Lily 17.txt
  OK decrypted=True written=Chương 77 Lily 17.txt
[71/122] download chapter_id=22317053 file=Chương 78 Lily 18.txt
  OK decrypted=True written=Chương 78 Lily 18.txt
[72/122] download chapter_id=22317054 file=Chương 79 Lily 19.txt
  OK decrypted=True written=Chương 79 Lily 19.txt
[73/122] download chapter_id=22317055 file=Chương 80 Lily 20.txt
  OK decrypted=True written=Chương 80 Lily 20.txt
[74/122] download chapter_id=22317056 file=Chương 81 Lily 21.txt
  OK decrypted=True written=Chương 81 Lily 21.txt
[75/122] download chapter_id=22317057 file=Chương 82 Lily 22.txt
  OK decrypted=True written=Chương 82 Lily 22.txt
[76/122] download chapter_id=22317058 file=Chương 83 Lily 23.txt
  OK decrypted=True written=Chương 83 Lily 23.txt
[77/122] download chapter_id=22318140 file=Chương 84 Lily 24.txt
  OK decrypted=True written=Chương 84 Lily 24.txt
[78/122] download chapter_id=22318141 file=Chương 85 Lily 25.txt
  OK decrypted=True written=Chương 85 Lily 25.txt
[79/122] download chapter_id=22318142 file=Chương 86 Lily 26.txt
  OK decrypted=True written=Chương 86 Lily 26.txt
[80/122] download chapter_id=22318143 file=Chương 87 Lily 27.txt
  OK decrypted=True written=Chương 87 Lily 27.txt
[81/122] download chapter_id=22318144 file=Chương 88 Lily 28.txt
  OK decrypted=True written=Chương 88 Lily 28.txt
[82/122] download chapter_id=22324442 file=Chương 89 Lily 29.txt
  OK decrypted=True written=Chương 89 Lily 29.txt
[83/122] download chapter_id=22324443 file=Chương 90 Lily 30.txt
  OK decrypted=True written=Chương 90 Lily 30.txt
[84/122] download chapter_id=22324444 file=Chương 91 Hiểu ý.txt
  OK decrypted=True written=Chương 91 Hiểu ý.txt
[85/122] download chapter_id=22324445 file=Chương 92 Không cần.txt
  OK decrypted=True written=Chương 92 Không cần.txt
[86/122] download chapter_id=22324446 file=Chương 93 Hắc ám tinh linh.txt
  OK decrypted=True written=Chương 93 Hắc ám tinh linh.txt
[87/122] download chapter_id=22324447 file=Chương 94 Căn dặn.txt
  OK decrypted=True written=Chương 94 Căn dặn.txt
[88/122] download chapter_id=22324448 file=Chương 95 Nỗi đau.txt
  OK decrypted=True written=Chương 95 Nỗi đau.txt
[89/122] download chapter_id=22324449 file=Chương 96 Loki.txt
  OK decrypted=True written=Chương 96 Loki.txt
[90/122] download chapter_id=22324450 file=Chương 97 Trật vật.txt
  OK decrypted=True written=Chương 97 Trật vật.txt
[91/122] download chapter_id=22329004 file=Chương 98 Thor Thích Giản.txt
  OK decrypted=True written=Chương 98 Thor Thích Giản.txt
[92/122] download chapter_id=22329005 file=Chương 99 Không gian ba động.txt
  OK decrypted=True written=Chương 99 Không gian ba động.txt
[93/122] download chapter_id=22329006 file=Chương 100 Odin ngủ say.txt
  OK decrypted=True written=Chương 100 Odin ngủ say.txt
[94/122] download chapter_id=22329007 file=Chương 101 Chắc nịch.txt
  OK decrypted=True written=Chương 101 Chắc nịch.txt
[95/122] download chapter_id=22329008 file=Chương 102 Cười khổ.txt
  OK decrypted=True written=Chương 102 Cười khổ.txt
[96/122] download chapter_id=22329214 file=Chương 103 Không nhiều.txt
  OK decrypted=True written=Chương 103 Không nhiều.txt
[97/122] download chapter_id=22329215 file=Chương 104 Vũ trụ.txt
  OK decrypted=True written=Chương 104 Vũ trụ.txt
[98/122] download chapter_id=22329216 file=Chương 105 Không thể.txt
  OK decrypted=True written=Chương 105 Không thể.txt
[99/122] download chapter_id=22329217 file=Chương 106 Đệ nhất.txt
  OK decrypted=True written=Chương 106 Đệ nhất.txt
[100/122] download chapter_id=22329218 file=Chương 107 Đối đầu Thanos.txt
  OK decrypted=True written=Chương 107 Đối đầu Thanos.txt
[101/122] download chapter_id=22329219 file=Chương 108 Lực đạo.txt
  OK decrypted=True written=Chương 108 Lực đạo.txt
[102/122] download chapter_id=22329220 file=Chương 109 Anh hùng hào kiệt.txt
  OK decrypted=True written=Chương 109 Anh hùng hào kiệt.txt
[103/122] download chapter_id=22329221 file=Chương 110 Tính năng.txt
  OK decrypted=True written=Chương 110 Tính năng.txt
[104/122] download chapter_id=22329222 file=Chương 111 Tương lai.txt
  OK decrypted=True written=Chương 111 Tương lai.txt
[105/122] download chapter_id=22329223 file=Chương 112 Phụ vương.txt
  OK decrypted=True written=Chương 112 Phụ vương.txt
[106/122] download chapter_id=22329277 file=Chương 113 Giằng co.txt
  OK decrypted=True written=Chương 113 Giằng co.txt
[107/122] download chapter_id=22329278 file=Chương 114 Thor.txt
  OK decrypted=True written=Chương 114 Thor.txt
[108/122] download chapter_id=22329279 file=Chương 115 Gào thét.txt
  OK decrypted=True written=Chương 115 Gào thét.txt
[109/122] download chapter_id=22329280 file=Chương 116 Phàm nhân.txt
  OK decrypted=True written=Chương 116 Phàm nhân.txt
[110/122] download chapter_id=22329281 file=Chương 117 Uống trà.txt
  OK decrypted=True written=Chương 117 Uống trà.txt
[111/122] download chapter_id=22329282 file=Chương 118 Nhẹ nhàng.txt
  OK decrypted=True written=Chương 118 Nhẹ nhàng.txt
[112/122] download chapter_id=22329283 file=Chương 119 Trêu chọc.txt
  OK decrypted=True written=Chương 119 Trêu chọc.txt
[113/122] download chapter_id=22329284 file=Chương 120 Vũ trụ linh cầu.txt
  OK decrypted=True written=Chương 120 Vũ trụ linh cầu.txt
[114/122] download chapter_id=22329285 file=Chương 121 Vũ khí này.txt
  OK decrypted=True written=Chương 121 Vũ khí này.txt
[115/122] download chapter_id=22329286 file=Chương 122 Hoả tiễn.txt
  OK decrypted=True written=Chương 122 Hoả tiễn.txt
[116/122] download chapter_id=22329287 file=Chương 123 Bất đắc dĩ.txt
  OK decrypted=True written=Chương 123 Bất đắc dĩ.txt
[117/122] download chapter_id=22329288 file=Chương 124 Bảo thạch.txt
  OK decrypted=True written=Chương 124 Bảo thạch.txt
[118/122] download chapter_id=22329289 file=Chương 125 Tò mò.txt
  OK decrypted=True written=Chương 125 Tò mò.txt
[119/122] download chapter_id=22329290 file=Chương 126 Dark Aster.txt
  OK decrypted=True written=Chương 126 Dark Aster.txt
[120/122] download chapter_id=22329291 file=Chương 127 Hiện tại.txt
  OK decrypted=True written=Chương 127 Hiện tại.txt
[121/122] download chapter_id=22329292 file=Chương 128 Những người khác.txt
  OK decrypted=True written=Chương 128 Những người khác.txt
[122/122] download chapter_id=22329293 file=Chương 129 Peter.txt
  OK decrypted=True written=Chương 129 Peter.txt
final_ok=122
final_fail=0
out=C:\Dev\MTC\Marvel Ta Là Tiểu Chiến Sỹ Họ Stark

[stderr]
