book=Tam Giới Lục Cõi Ký
book_id=101109
out=C:\Dev\MTC\Tam Giới Lục Cõi Ký
chapters_total=1343 expected=1343
workers=6 batch_size=18
BATCH 1-18 / 1343
  OK 1/1343 decrypted=True file=Chương 1 Về Nhà.txt
  OK 2/1343 decrypted=True file=Chương 2 Gặp lại bạn cũ.txt
  OK 3/1343 decrypted=True file=Chương 3 Bí mật kinh thiên.txt
  OK 4/1343 decrypted=True file=Chương 4 Thiên Long gặp chuyện 1.txt
  OK 5/1343 decrypted=True file=Chương 5 Thiên Long gặp chuyện 2.txt
  OK 6/1343 decrypted=True file=Chương 6 Tao là anh của nó.txt
  OK 7/1343 decrypted=True file=Chương 7 Về Đồn.txt
  OK 8/1343 decrypted=True file=Chương 8 9 Giao kèo.txt
  OK 9/1343 decrypted=True file=Chương 9 Đi làm.txt
  OK 10/1343 decrypted=True file=Chương 10 Minh Con.txt
  OK 11/1343 decrypted=True file=Chương 11 Dùng chân được rồi.txt
  OK 12/1343 decrypted=True file=Chương 12 Mất kiểm soát.txt
  OK 13/1343 decrypted=True file=Chương 13 Bắt đầu con đường mới.txt
  OK 14/1343 decrypted=True file=Chương 14 Bang Hắc Long thành lập.txt
  OK 15/1343 decrypted=True file=Chương 15 Thu phục nhân tâm.txt
  OK 16/1343 decrypted=True file=Chương 16 Sỉ Nhục.txt
  OK 17/1343 decrypted=True file=Chương 17 Không thể tin.txt
  OK 18/1343 decrypted=True file=Chương 18 Điệp viên Hạ Nhược Y.txt
BATCH 19-36 / 1343
❌ Lỗi khi tải chương 11244005: HTTPSConnectionPool(host='android.lonoapp.net', port=443): Read timed out. (read timeout=10)
  OK 19/1343 decrypted=True file=Chương 19 100 tỷ.txt
  OK 20/1343 decrypted=True file=Chương 20 Hạ Nhược Y tinh nghịch.txt
  OK 21/1343 decrypted=True file=Chương 21 Công ty thành lập edit.txt
  OK 22/1343 decrypted=True file=Chương 22 Lợi dụng lẫn nhau.txt
  OK 23/1343 decrypted=True file=Chương 23 Lan Nhi Edit.txt
  OK 24/1343 decrypted=True file=Chương 24 Chương Đặc Biệt Thu Hương và Diệu Linh 1.txt
  OK 25/1343 decrypted=True file=Chương 25 Chương đặc biệt 2 Thu Hương và Diệu Linh.txt
  OK 26/1343 decrypted=True file=Chương 26 Khai trương công ty Edit.txt
  OK 27/1343 decrypted=True file=Chương 27 Chiến 1 Edit.txt
  OK 28/1343 decrypted=True file=Chương 28 Chiến 2 . Edit.txt
  OK 29/1343 decrypted=True file=Chương 29 Chiến 3 Edit.txt
  OK 30/1343 decrypted=True file=Chương 30 Chiến 4 Edit.txt
  OK 31/1343 decrypted=True file=Chương 31 Bọn tao tên Hắc Long Edit.txt
  OK 32/1343 decrypted=True retry=2 file=Chương 32 Giang Nam . Edit.txt
  OK 33/1343 decrypted=True file=Chương 33 Thành công bước đầu . Edit.txt
  OK 34/1343 decrypted=True file=Chương 34 Nín đi rồi tôi cho cô đi Edit.txt
  OK 35/1343 decrypted=True file=Chương 35 Hai chữ “Gia đình ” Edit.txt
  OK 36/1343 decrypted=True file=Chương 36 Thiên Long kiếm mối Edit.txt
BATCH 37-54 / 1343
  OK 37/1343 decrypted=True file=Chương 37 Thiên Long soái ca . Edit.txt
  OK 38/1343 decrypted=True file=Chương 38 Hoạn nạn biết anh em . Edit.txt
  OK 39/1343 decrypted=True file=Chương 39 Nguy hiểm nguy hiểm Edit.txt
  OK 40/1343 decrypted=True file=Chương 40 Từng thằng từng thằng một . Edit.txt
  OK 41/1343 decrypted=True file=Chương 41 Tàn sát Edit.txt
  OK 42/1343 decrypted=True file=Chương 42 Tiền xin lỗi . Edit.txt
  OK 43/1343 decrypted=True file=Chương 43 Xây nhà . Edit.txt
  OK 44/1343 decrypted=True file=Chương 44 Trụ sở mật vụ PC0 . Edit.txt
  OK 45/1343 decrypted=True file=Chương 45 Thân phận giả . Edit.txt
  OK 46/1343 decrypted=True file=Chương 46 Suýt hỏng chuyện Edit.txt
  OK 47/1343 decrypted=True file=Chương 47 Dụ dỗ . Edit.txt
  OK 48/1343 decrypted=True file=Chương 48 Đấu trường ngầm 1 Edit.txt
  OK 49/1343 decrypted=True retry=2 file=Chương 49 Đấu trường ngầm 2 Edit.txt
  OK 50/1343 decrypted=True file=Chương 50 Khinh thường Edit.txt
  OK 51/1343 decrypted=True file=Chương 51 Giải đấu hạng yếu . Edit.txt
  OK 52/1343 decrypted=True file=Chương 52 Quái vật Edit.txt
  OK 53/1343 decrypted=True file=Chương 53 Triệt Quyền Đạo VS Muay Thái Edit.txt
  OK 54/1343 decrypted=True file=Chương 54 Thua tâm phục khẩu phục . Edit.txt
BATCH 55-72 / 1343
❌ Lỗi khi tải chương 11244038: HTTPSConnectionPool(host='android.lonoapp.net', port=443): Read timed out. (read timeout=10)
  OK 55/1343 decrypted=True file=Chương 55 Đối lập . Edit.txt
  OK 56/1343 decrypted=True file=Chương 56 Tổ chức bí mật Edit.txt
  OK 57/1343 decrypted=True file=Chương 57 Huấn luyện Thiên Long . Edit.txt
  OK 58/1343 decrypted=True file=Chương 58 Ý tưởng mới ... Edit.txt
  OK 59/1343 decrypted=True file=Chương 59 Người anh máu lạnh Edit.txt
  OK 60/1343 decrypted=True file=Chương 60 Quyết tâm của Thiên Long . Edit.txt
  OK 61/1343 decrypted=True file=Chương 61 Kẻ được cho là mạnh hơn Thu Phong Edit.txt
  OK 62/1343 decrypted=True file=Chương 62 Thu Hương ngại ngùng.txt
  OK 63/1343 decrypted=True file=Chương 63 Hẹn hò ... Edit.txt
  OK 64/1343 decrypted=True file=Chương 64 Thứ gì đó gọi là YÊU Edit.txt
  OK 65/1343 decrypted=True retry=2 file=Chương 65 Bị đuổi Edit.txt
  OK 66/1343 decrypted=True file=Chương 66 Phát triển Edit.txt
  OK 67/1343 decrypted=True file=Chương 67 Chuyến đi thực nghiệm Đà Lạt Edit.txt
  OK 68/1343 decrypted=True file=Chương 68 Cường độ luyện tập.txt
  OK 69/1343 decrypted=True file=Chương 69 Giấc Mơ.txt
  OK 70/1343 decrypted=True file=Chương 70 Sài Gòn.txt
  OK 71/1343 decrypted=True file=Chương 71 Kẻ bị chém.txt
  OK 72/1343 decrypted=True file=Chương 72 Trọng Nghĩa.txt
BATCH 73-90 / 1343
  OK 73/1343 decrypted=True file=Chương 73 Biết thế nào là ăn hành.txt
  OK 74/1343 decrypted=True file=Chương 74 Hội nhập ….txt
  OK 75/1343 decrypted=True file=Chương 75 Mình anh cân hết.txt
  OK 76/1343 decrypted=True file=Chương 76 Las Vegas.txt
  OK 77/1343 decrypted=True file=Chương 77 Sòng Bellagio.txt
  OK 78/1343 decrypted=True file=Chương 78 Bản thảo Boom Hạt Nhân.txt
  OK 79/1343 decrypted=True file=Chương 79 Thắng cuộc.txt
  OK 80/1343 decrypted=True file=Chương 80 Đại chiến Las Vegas 1.txt
  OK 81/1343 decrypted=True file=Chương 81 Đại chiến Las Vegas 2.txt
  OK 82/1343 decrypted=True file=Chương 82 Chạy trốn.txt
  OK 83/1343 decrypted=True file=Chương 83 Biến cố.txt
  OK 84/1343 decrypted=True file=Chương 84 Master Speed.txt
  OK 85/1343 decrypted=True file=Chương 85 Cổng thời gian.txt
  OK 86/1343 decrypted=True file=Chương 86 Thu Phong chết.txt
  OK 87/1343 decrypted=True file=Chương 87 Thế giới khác.txt
  OK 88/1343 decrypted=True file=Chương 88 Thế giới song song Quốc Phong.txt
  OK 89/1343 decrypted=True file=Chương 89 Đại tướng Minh Quân.txt
  OK 90/1343 decrypted=True file=Chương 90 Thu Phong tỉnh dậy.txt
BATCH 91-108 / 1343
  OK 91/1343 decrypted=True file=Chương 91 Khó hiểu.txt
  OK 92/1343 decrypted=True file=Chương 92 Đây là đâu.txt
  OK 93/1343 decrypted=True file=Chương 93 Thích nghi với cuộc sống hiện tại.txt
  OK 94/1343 decrypted=True file=Chương 94 Tứ đại thiếu gia.txt
  OK 95/1343 decrypted=True file=Chương 95 Người dị năng ở thế giới song song.txt
  OK 96/1343 decrypted=True file=Chương 96 Một đấm.txt
  OK 97/1343 decrypted=True file=Chương 97 Kinh khủng.txt
  OK 98/1343 decrypted=True file=Chương 98 Chiến đấu xảy ra ở cao nguyên tuyết.txt
  OK 99/1343 decrypted=True file=Chương 99 Đình Thu.txt
  OK 100/1343 decrypted=True file=Chương 100 Mất thể lực.txt
  OK 101/1343 decrypted=True file=Chương 101 Nhân tâm con người.txt
  OK 102/1343 decrypted=True file=Chương 102 Tấm thẻ thông hành.txt
  OK 103/1343 decrypted=True file=Chương 103 Hệ thống luyện tập thực ảo.txt
  OK 104/1343 decrypted=True file=Chương 104 Kĩ năng chiến đấu.txt
  OK 105/1343 decrypted=True file=Chương 105 Xong nhiệm vụ.txt
  OK 106/1343 decrypted=True file=Chương 106 Con đường phía trước.txt
  OK 107/1343 decrypted=True file=Chương 107 Còn một đứa em.txt
  OK 108/1343 decrypted=True file=Chương 108 KHÔNG thể rời quân đội.txt
BATCH 109-126 / 1343
❌ Lỗi khi tải chương 11244099: HTTPSConnectionPool(host='android.lonoapp.net', port=443): Read timed out. (read timeout=10)
  OK 109/1343 decrypted=True file=Chương 109 Sonic gặp nạn.txt
  OK 110/1343 decrypted=True file=Chương 110 Ý đồ của Nhược Y.txt
  OK 111/1343 decrypted=True file=Chương 111 Quyết định của Thiên Long.txt
  OK 112/1343 decrypted=True file=Chương 112 Quá dễ dàng.txt
  OK 113/1343 decrypted=True file=Chương 113 Chẳng muốn đối mặt.txt
  OK 114/1343 decrypted=True file=Chương 114 Cảm xúc bất ổn định.txt
  OK 115/1343 decrypted=True file=Chương 115 Mục tiêu.txt
  OK 116/1343 decrypted=True file=Chương 116 Một lần nữa Nhược Y xuất hiện.txt
  OK 117/1343 decrypted=True file=Chương 117 Nhược Y thích tao.txt
  OK 118/1343 decrypted=True file=Chương 118 Chương đặc biệt Lý do rời quân đội.txt
  OK 119/1343 decrypted=True file=Chương 119 Chuyện tình ta từ đây mà bắt đầu.txt
  OK 120/1343 decrypted=True file=Chương 120 Đỏ mặt.txt
  OK 121/1343 decrypted=True file=Chương 121 Hẹn hò.txt
  OK 122/1343 decrypted=True file=Chương 122 Chạy trốn.txt
  OK 123/1343 decrypted=True file=Chương 123 Quyết định ra Bắc.txt
  OK 124/1343 decrypted=True file=Chương 124 Thuê trọ . Edit.txt
  OK 125/1343 decrypted=True file=Chương 125 Việc Làm Edit.txt
  OK 126/1343 decrypted=True retry=2 file=Chương 126 Tay nhanh hơn não . Edit.txt
BATCH 127-144 / 1343
  OK 127/1343 decrypted=True file=Chương 127 Suýt nữa bị phát hiện Edit.txt
  OK 128/1343 decrypted=True file=Chương 128 Nghi ngờ Edit.txt
  OK 129/1343 decrypted=True file=Chương 129 Bước đầu.txt
  OK 130/1343 decrypted=True file=Chương 130 Thực sự cố gắng nhiêu đó đã đủ.txt
  OK 131/1343 decrypted=True file=Chương 131 Quân đội là một thứ gì đó không còn nữa ….txt
  OK 132/1343 decrypted=True file=Chương 132 Khó khăn sao.txt
  OK 133/1343 decrypted=True file=Chương 133 Đỡ đòn.txt
  OK 134/1343 decrypted=True file=Chương 134 Toan tính . . . Edit.txt
  OK 135/1343 decrypted=True file=Chương 135 Trọng dụng.txt
  OK 136/1343 decrypted=True file=Chương 136 Mấy thằng em.txt
  OK 137/1343 decrypted=True file=Chương 137 Sống và tồn tại.txt
  OK 138/1343 decrypted=True file=Chương 138 Cứu người dễ vậy sao.txt
  OK 139/1343 decrypted=True file=Chương 139 Tập hợp.txt
  OK 140/1343 decrypted=True file=Chương 140 Con chó mực.txt
  OK 141/1343 decrypted=True file=Chương 141 Sắp có biến.txt
  OK 142/1343 decrypted=True file=Chương 142 Người đó không phải anh.txt
  OK 143/1343 decrypted=True file=Chương 143 Tên sát nhân tâm thần.txt
  OK 144/1343 decrypted=True file=Chương 144 Thoát ngục 1.txt
BATCH 145-162 / 1343
  OK 145/1343 decrypted=True file=Chương 145 Thoát ngục 2.txt
  OK 146/1343 decrypted=True file=Chương 146 Chẳng có cái quái gì sau lưng tao cả.txt
  OK 147/1343 decrypted=True file=Chương 147 Nghệ thuật vẫn là nghệ thuật.txt
  OK 148/1343 decrypted=True file=Chương 148 Nội công.txt
  OK 149/1343 decrypted=True file=Chương 149 Solo.txt
  OK 150/1343 decrypted=True file=Chương 150 Lại là mơ.txt
  OK 151/1343 decrypted=True file=Chương 151 Phong thái.txt
  OK 152/1343 decrypted=True file=Chương 152 Tình anh em.txt
  OK 153/1343 decrypted=True file=Chương 153 Uy Phong.txt
  OK 154/1343 decrypted=True file=Chương 154 Đơn giản tại vì tao mạnh.txt
  OK 155/1343 decrypted=True file=Chương 155 Quốc Thiên.txt
  OK 156/1343 decrypted=True file=Chương 156 Đối mặt.txt
  OK 157/1343 decrypted=True file=Chương 157 Một chống tất cả Edit.txt
  OK 158/1343 decrypted=True file=Chương 158 Thiếu suy nghĩ.txt
  OK 159/1343 decrypted=True file=Chương 159 Thị Uy.txt
  OK 160/1343 decrypted=True file=Chương 160 Anh em của tao.txt
  OK 161/1343 decrypted=True file=Chương 161 Con người mới của Thiên Long.txt
  OK 162/1343 decrypted=True file=Chương 162 Lục Nương.txt
BATCH 163-180 / 1343
  OK 163/1343 decrypted=True file=Chương 163 Lệnh chuyển quân khu.txt
  OK 164/1343 decrypted=True file=Chương 164 Thu Phong chịu đựng.txt
  OK 165/1343 decrypted=True file=Chương 165 Sự quyết tâm của Chí Khải.txt
  OK 166/1343 decrypted=True file=Chương 166 Chút tính toán của Thu Phong.txt
  OK 167/1343 decrypted=True file=Chương 167 Lục Nương xuất hiện.txt
  OK 168/1343 decrypted=True file=Chương 168 Thả thính.txt
  OK 169/1343 decrypted=True file=Chương 169 Tóc vàng ngực bự.txt
  OK 170/1343 decrypted=True file=Chương 170 Phương Ly.txt
  OK 171/1343 decrypted=True file=Chương 171 Mất mặt.txt
  OK 172/1343 decrypted=True file=Chương 172 Làm con nít khóc.txt
  OK 173/1343 decrypted=True file=Chương 173 Anh làm gì tôi cũng được.txt
  OK 174/1343 decrypted=True file=Chương 174 Chiến tranh.txt
  OK 175/1343 decrypted=True file=Chương 175 Mục đích đến của Huỳnh Đạt.txt
  OK 176/1343 decrypted=True file=Chương 176 Không đề.txt
  OK 177/1343 decrypted=True file=Chương 177 Lập trường.txt
  OK 178/1343 decrypted=True file=Chương 178 Nên hay là không.txt
  OK 179/1343 decrypted=True file=Chương 179 Bước tiến của Abid.txt
  OK 180/1343 decrypted=True file=Chương 180 Tiểu sự.txt
BATCH 181-198 / 1343
❌ Lỗi khi tải chương 11244156: HTTPSConnectionPool(host='android.lonoapp.net', port=443): Read timed out. (read timeout=10)
❌ Lỗi khi tải chương 11244164: HTTPSConnectionPool(host='android.lonoapp.net', port=443): Read timed out. (read timeout=10)
  OK 181/1343 decrypted=True file=Chương 181 Anh bác sĩ và Deziree tinh nghịch.txt
  OK 182/1343 decrypted=True file=Chương 182 Tâm tư của Phương Ly.txt
  OK 183/1343 decrypted=True retry=2 file=Chương 183 Tang lễ Joseph 1.txt
  OK 184/1343 decrypted=True file=Chương 184 Tang lễ Joseph 2 Anh em nhà họ Hứa.txt
  OK 185/1343 decrypted=True file=Chương 185 Hứa Tử Lệ đụng mặt Thu Phong.txt
  OK 186/1343 decrypted=True file=Chương 186 Huệ Nhan xuất hiện.txt
  OK 187/1343 decrypted=True file=Chương 187 Điểm danh hắc đạo thành phố Quảng Phúc.txt
  OK 188/1343 decrypted=True file=Chương 188 Bại lộ thân phận.txt
  OK 189/1343 decrypted=True file=Chương 189 Sự quyết đoán của Lục Nương.txt
  OK 190/1343 decrypted=True file=Chương 190 Tiger vs Bạch Vân.txt
  OK 191/1343 decrypted=True retry=2 file=Chương 191 Sớm thôi ….txt
  OK 192/1343 decrypted=True file=Chương 192 Bạch Vân bất tỉnh.txt
  OK 193/1343 decrypted=True file=Chương 193 Dập đầu xin lỗi.txt
  OK 194/1343 decrypted=True file=Chương 194 Lục Nương chứng minh sự trung thành.txt
  OK 195/1343 decrypted=True file=Chương 195 Kế hoạch của Huệ Nhan.txt
  OK 196/1343 decrypted=True file=Chương 196 Lục Nương để lại lời nói.txt
  OK 197/1343 decrypted=True file=Chương 197 Tai nạn.txt
  OK 198/1343 decrypted=True file=Chương 198 Untitled.txt
BATCH 199-216 / 1343
  OK 199/1343 decrypted=True file=Chương 199 Cơ hội của Bạch Vân.txt
  OK 200/1343 decrypted=True file=Chương 200 Giá trị cốt lõi.txt
  OK 201/1343 decrypted=True file=Chương 201 Nga Hoàng bị bẫy.txt
  OK 202/1343 decrypted=True file=Chương 202 Quốc Thiên mang đến sự kinh ngạc.txt
  OK 203/1343 decrypted=True file=Chương 203 Thu Phong vs Quốc Thiên.txt
  OK 204/1343 decrypted=True file=Chương 204 Con cá lọt lưới.txt
  OK 205/1343 decrypted=True file=Chương 205 Thành Chân xuất hiện.txt
  OK 206/1343 decrypted=True file=Chương 206 Tao là anh mày.txt
  OK 207/1343 decrypted=True file=Chương 207 Sự thật về cuộc đời Quốc Thiên.txt
  OK 208/1343 decrypted=True file=Chương 208 Cuối cùng là chuyện gì.txt
  OK 209/1343 decrypted=True file=Chương 209 Hắc Long Bang quay trở lại.txt
  OK 210/1343 decrypted=True file=Chương 210 Huệ Nhan đổ bệnh.txt
  OK 211/1343 decrypted=True file=Chương 211 Cân bằng nội bộ.txt
  OK 212/1343 decrypted=True file=Chương 212 Cuộc họp 1.txt
  OK 213/1343 decrypted=True file=Chương 213 Cuộc họp 2.txt
  OK 214/1343 decrypted=True file=Chương 214 Điểm mạnh và điểm yếu.txt
  OK 215/1343 decrypted=True file=Chương 215 Sự chuẩn bị cho tương lai.txt
  OK 216/1343 decrypted=True file=Chương 216 Có biến.txt
BATCH 217-234 / 1343
  OK 217/1343 decrypted=True file=Chương 217 Thu Phong bị bắt cóc.txt
  OK 218/1343 decrypted=True file=Chương 218 Ta không phải là Quốc Phong.txt
  OK 219/1343 decrypted=True file=Chương 219 Song trùng thế giới.txt
  OK 220/1343 decrypted=True file=Chương 220 Quán ăn Nguyệt Quốc.txt
  OK 221/1343 decrypted=True file=Chương 221 Mấy thằng ranh.txt
  OK 222/1343 decrypted=True file=Chương 222 Thu Phong mạnh đến nhường nào.txt
  OK 223/1343 decrypted=True file=Chương 223 Luyện tập.txt
  OK 224/1343 decrypted=True file=Chương 224 Nhà.txt
  OK 225/1343 decrypted=True file=Chương 225 3 anh em nhà họ Nguyễn.txt
  OK 226/1343 decrypted=True file=Chương 226 Hắc Long Bang tấn công Khuyển Bạch.txt
  OK 227/1343 decrypted=True file=Chương 227 Xuân Tiến vs Lý Đại.txt
  OK 228/1343 decrypted=True file=Chương 228 Untitled.txt
  OK 229/1343 decrypted=True file=Chương 229 Thu phục Lý Đại.txt
  OK 230/1343 decrypted=True file=Chương 230 Cặp song sinh.txt
  OK 231/1343 decrypted=True file=Chương 231 Untitled.txt
  OK 232/1343 decrypted=True file=Chương 232 Thời gian biểu của Quốc Thiên.txt
  OK 233/1343 decrypted=True file=Chương 233 Untitled.txt
  OK 234/1343 decrypted=True file=Chương 234 Cà khịa.txt
BATCH 235-252 / 1343
  OK 235/1343 decrypted=True file=Chương 235 Ngã rẽ ~.txt
  OK 236/1343 decrypted=True file=Chương 236 Trọng Khoa.txt
  OK 237/1343 decrypted=True file=Chương 237 Sửa xe.txt
  OK 238/1343 decrypted=True file=Chương 238 Ảo giác.txt
  OK 239/1343 decrypted=True file=Chương 239 Nhẹ lòng ….txt
  OK 240/1343 decrypted=True file=Chương 240 Trận chiến bắt đầu.txt
  OK 241/1343 decrypted=True file=Chương 241 Chấp vài tay.txt
  OK 242/1343 decrypted=True file=Chương 242 Bạch Vân quyết đấu Hứa Tử Lệ.txt
  OK 243/1343 decrypted=True file=Chương 243 Ông chủ ….txt
  OK 244/1343 decrypted=True file=Chương 244 Kết hợp và nổ tung.txt
  OK 245/1343 decrypted=True file=Chương 245 Phần thưởng.txt
  OK 246/1343 decrypted=True file=Chương 246 Muốn tái đấu.txt
  OK 247/1343 decrypted=True file=Chương 247 Chuẩn bị.txt
  OK 248/1343 decrypted=True file=Chương 248 Thử nghiệm.txt
  OK 249/1343 decrypted=True file=Chương 249 Võ Năng Giả.txt
  OK 250/1343 decrypted=True file=Chương 250 Bổ khuyết.txt
  OK 251/1343 decrypted=True file=Chương 251 Kết hợp một lần nữa Sự khó khăn.txt
  OK 252/1343 decrypted=True file=Chương 252 Thức tỉnh.txt
BATCH 253-270 / 1343
  OK 253/1343 decrypted=True file=Chương 253 Cuối cùng là sao.txt
  OK 254/1343 decrypted=True file=Chương 254 Quỷ.txt
  OK 255/1343 decrypted=True file=Chương 255 Tô Lâm Cai Ngục Trưởng.txt
  OK 256/1343 decrypted=True file=Chương 256 Tình cảm của Lục Nương ….txt
  OK 257/1343 decrypted=True file=Chương 257 Lưỡng lự hay quyết tâm.txt
  OK 258/1343 decrypted=True file=Chương 258 Một đạp vào mặt.txt
  OK 259/1343 decrypted=True file=Chương 259 Run rẩy.txt
  OK 260/1343 decrypted=True file=Chương 260 Tiền kiếp.txt
  OK 261/1343 decrypted=True file=Chương 261 Truy hồn.txt
  OK 262/1343 decrypted=True file=Chương 262 Lại cà khịa.txt
  OK 263/1343 decrypted=True file=Chương 263 Kinh Mạch và 108 Huyệt Đạo.txt
  OK 264/1343 decrypted=True file=Chương 264 Luyện công không dễ.txt
  OK 265/1343 decrypted=True file=Chương 265 Khai thông ư.txt
  OK 266/1343 decrypted=True file=Chương 266 Hai anh em quái thai.txt
  OK 267/1343 decrypted=True file=Chương 267 Lượt đấu.txt
  OK 268/1343 decrypted=True file=Chương 268 Đừng tự mãn.txt
  OK 269/1343 decrypted=True file=Chương 269 Chết vì gái.txt
  OK 270/1343 decrypted=True file=Chương 270 Tức giận.txt
BATCH 271-288 / 1343
  OK 271/1343 decrypted=True file=Chương 271 Sắp kết thúc.txt
  OK 272/1343 decrypted=True file=Chương 272 Kiêu ngạo ư Tao có thừa.txt
  OK 273/1343 decrypted=True file=Chương 273 1vs5.txt
  OK 274/1343 decrypted=True file=Chương 274 Cảm giác tội lỗi.txt
  OK 275/1343 decrypted=True file=Chương 275 Cơ hội làm lại.txt
  OK 276/1343 decrypted=True file=Chương 276 Lại sắp có biến.txt
  OK 277/1343 decrypted=True file=Chương 277 Võ kỹ.txt
  OK 278/1343 decrypted=True file=Chương 278 Tiên Nhân Chỉ.txt
  OK 279/1343 decrypted=True file=Chương 279 Kỹ Năng Trấn Phái.txt
  OK 280/1343 decrypted=True file=Chương 280 Bất Tử.txt
  OK 281/1343 decrypted=True file=Chương 281 Ngoài Bất Tử Tao Chẳng Có Gì.txt
  OK 282/1343 decrypted=True file=Chương 282 Trọng Sinh.txt
  OK 283/1343 decrypted=True file=Chương 283 Mục đích của ta.txt
  OK 284/1343 decrypted=True file=Chương 284 Gia nhập.txt
  OK 285/1343 decrypted=True file=Chương 285 Chuyến thăm bất ngờ đã báo trước.txt
  OK 286/1343 decrypted=True file=Chương 286 Không còn giá trị.txt
  OK 287/1343 decrypted=True file=Chương 287 Untitled.txt
  OK 288/1343 decrypted=True file=Chương 288 Lạ.txt
BATCH 289-306 / 1343
  OK 289/1343 decrypted=True file=Chương 289 Vì gia đình.txt
  OK 290/1343 decrypted=True file=Chương 290 Lập kỷ lục rồi phá kỷ lục.txt
  OK 291/1343 decrypted=True file=Chương 291 Bất ngờ xảy ra … Chiếnnnn.txt
  OK 292/1343 decrypted=True file=Chương 292 Guerriers Forts tiến công.txt
  OK 293/1343 decrypted=True file=Chương 293 Hỗn chiến.txt
  OK 294/1343 decrypted=True file=Chương 294 Màn độc tấu của Hắc Long Bang 1.txt
  OK 295/1343 decrypted=True file=Chương 295 Màn độc tấu của Hắc Long Bang 2.txt
  OK 296/1343 decrypted=True file=Chương 296 Đặt dấu chấm hết cho Guerriers Forts.txt
  OK 297/1343 decrypted=True file=Chương 297 Trả thù.txt
  OK 298/1343 decrypted=True file=Chương 298 Một cơ hội.txt
  OK 299/1343 decrypted=True file=Chương 299 Vỹ Kỳ ra mặt.txt
  OK 300/1343 decrypted=True file=Chương 300 Mật Tông Phái.txt
  OK 301/1343 decrypted=True file=Chương 301 Bị Cài Boom.txt
  OK 302/1343 decrypted=True file=Chương 302 Giang Nam xuất hiện.txt
  OK 303/1343 decrypted=True file=Chương 303 Quân đội xuất hiện.txt
  OK 304/1343 decrypted=True file=Chương 304 Đoán đường lập binh.txt
  OK 305/1343 decrypted=True file=Chương 305 108 Huyệt Vị Khai.txt
  OK 306/1343 decrypted=True file=Chương 306 Tập hợp.txt
BATCH 307-324 / 1343
  OK 307/1343 decrypted=True file=Chương 307 Sức Mạnh Dị Biến Đó Là Gì.txt
  OK 308/1343 decrypted=True retry=2 file=Chương 308 Mười đấm.txt
  OK 309/1343 decrypted=True file=Chương 309 Khởi Đầu từ sự Kết Thúc.txt
  OK 310/1343 decrypted=True file=Chương 310 Mục đích.txt
  OK 311/1343 decrypted=True file=Chương 311 Cấu trúc của Đấu Trường.txt
  OK 312/1343 decrypted=True file=Chương 312 Dị Năng Giả dịch chuyển cấp 1.txt
  OK 313/1343 decrypted=True file=Chương 313 Vượt cấp dễ vậy ư.txt
  OK 314/1343 decrypted=True file=Chương 314 Gấu Nướng ….txt
  OK 315/1343 decrypted=True file=Chương 315 Hắn được gọi là chiến binh.txt
  OK 316/1343 decrypted=True file=Chương 316 Muốn đấu liền.txt
  OK 317/1343 decrypted=True file=Chương 317 Một Sút Quay Đầu.txt
  OK 318/1343 decrypted=True file=Chương 318 Thu hay không thu.txt
  OK 319/1343 decrypted=True file=Chương 319 Ngắm Gái Rồi Chạy.txt
  OK 320/1343 decrypted=True file=Chương 320 Bất ngờ dành cho Porteur.txt
  OK 321/1343 decrypted=True file=Chương 321 Thử Thách.txt
  OK 322/1343 decrypted=True file=Chương 322 Quy Phục.txt
  OK 323/1343 decrypted=True file=Chương 323 Đăng Ký.txt
  OK 324/1343 decrypted=True file=Chương 324 Dị Năng Giả Triệu Hồi.txt
BATCH 325-342 / 1343
❌ Lỗi khi tải chương 11244306: HTTPSConnectionPool(host='android.lonoapp.net', port=443): Read timed out. (read timeout=10)
❌ Lỗi khi tải chương 11244311: HTTPSConnectionPool(host='android.lonoapp.net', port=443): Read timed out. (read timeout=10)
❌ Lỗi khi tải chương 11244314: HTTPSConnectionPool(host='android.lonoapp.net', port=443): Read timed out. (read timeout=10)
  OK 325/1343 decrypted=True file=Chương 325 Bá Vương Quyền.txt
  OK 326/1343 decrypted=True file=Chương 326 Bị tổng thống phát hiện ~~.txt
  OK 327/1343 decrypted=True file=Chương 327 Thái Độ và Sự Tức Giận.txt
  OK 328/1343 decrypted=True file=Chương 328 Uy Phong.txt
  OK 329/1343 decrypted=True file=Chương 329 Trao đổi qua lại.txt
  OK 330/1343 decrypted=True file=Chương 330 Buồn.txt
  OK 331/1343 decrypted=True file=Chương 331 Đứa bé mà ông muốn giết ... Nó tên Quốc Thiên.txt
  OK 332/1343 decrypted=True file=Chương 332 Đám người không liêm sỉ.txt
  OK 333/1343 decrypted=True retry=2 file=Chương 333 Toàn Diệt.txt
  OK 334/1343 decrypted=True file=Chương 334 Sự thật ... Và nỗi lòng của Nhược Y.txt
  OK 335/1343 decrypted=True file=Chương 335 Sắp điên rồi.txt
  OK 336/1343 decrypted=True file=Chương 336 Chiêu Binh.txt
  OK 337/1343 decrypted=True file=Chương 337 Sự xuất hiện của Quốc Phong.txt
  OK 338/1343 decrypted=True retry=2 file=Chương 338 Quốc Phong thay thế Thu Phong.txt
  OK 339/1343 decrypted=True file=Chương 339 Vỹ Kỳ.txt
  OK 340/1343 decrypted=True file=Chương 340 Thông tin truyện từ chương 183 296.txt
  OK 341/1343 decrypted=True retry=2 file=Chương 341 Phiền Phức.txt
  OK 342/1343 decrypted=True file=Chương 342 Đám bắt cóc.txt
BATCH 343-360 / 1343
  OK 343/1343 decrypted=True file=Chương 343 Vũ Tinh Bang.txt
  OK 344/1343 decrypted=True file=Chương 344 Giải cứu.txt
  OK 345/1343 decrypted=True file=Chương 345 Cám ơn.txt
  OK 346/1343 decrypted=True file=Chương 346 Đại náo tòa cao ốc.txt
  OK 347/1343 decrypted=True file=Chương 347 Đốt.txt
  OK 348/1343 decrypted=True file=Chương 348 Quyết định.txt
  OK 349/1343 decrypted=True file=Chương 349 Duy Linh chết.txt
  OK 350/1343 decrypted=True file=Chương 350 Robot.txt
  OK 351/1343 decrypted=True file=Chương 351 Nhận nuôi.txt
  OK 352/1343 decrypted=True file=Chương 352 Trúng kế của Mực.txt
  OK 353/1343 decrypted=True file=Chương 353 Qua cửa ải cuối cùng.txt
  OK 354/1343 decrypted=True file=Chương 354 Con Trai Thị Trưởng.txt
  OK 355/1343 decrypted=True file=Chương 355 Xong đời thị trưởng.txt
  OK 356/1343 decrypted=True file=Chương 356 Lục Nương mất tích ….txt
  OK 357/1343 decrypted=True file=Chương 357 Ngạ Quỷ.txt
  OK 358/1343 decrypted=True file=Chương 358 Cây đại thụ.txt
  OK 359/1343 decrypted=True file=Chương 359 Hung thủ thực sự.txt
  OK 360/1343 decrypted=True file=Chương 360 Cấp độ của Quỷ.txt
BATCH 361-378 / 1343
  OK 361/1343 decrypted=True file=Chương 361 Trung Đoàn Đặc Công 617.txt
  OK 362/1343 decrypted=True file=Chương 362 Xích mích nhỏ của hai anh em ….txt
  OK 363/1343 decrypted=True file=Chương 363 Nguy cơ.txt
  OK 364/1343 decrypted=True file=Chương 364 Giết.txt
  OK 365/1343 decrypted=True file=Chương 365 Tình hình rất chi là tình hình ….txt
  OK 366/1343 decrypted=True file=Chương 366 100 Triệu dễ kiếm không.txt
  OK 367/1343 decrypted=True file=Chương 367 Tao đưa chúng mày đi gặp Satan.txt
  OK 368/1343 decrypted=True file=Chương 368 Đi đâu.txt
  OK 369/1343 decrypted=True file=Chương 369 Viên đạn.txt
  OK 370/1343 decrypted=True file=Chương 370 Ngu ít và ngu nhiều đều giống nhau.txt
  OK 371/1343 decrypted=True file=Chương 371 Sự phối hợp hoàn hảo.txt
  OK 372/1343 decrypted=True file=Chương 372 Suýt thì bay đầu.txt
  OK 373/1343 decrypted=True file=Chương 373 Giang Nam Học Đạo.txt
  OK 374/1343 decrypted=True file=Chương 374 Áo giáp chiến đấu.txt
  OK 375/1343 decrypted=True file=Chương 375 Mực oai phong.txt
  OK 376/1343 decrypted=True file=Chương 376 Nhẫn Giả Nguyệt Quốc.txt
  OK 377/1343 decrypted=True file=Chương 377 Độc bước.txt
  OK 378/1343 decrypted=True file=Chương 378 Người Thừa Kế.txt
BATCH 379-396 / 1343
  OK 379/1343 decrypted=True file=Chương 379 Untitled.txt
  OK 380/1343 decrypted=True file=Chương 380 Ngôi Làng Nhẫn Giả.txt
  OK 381/1343 decrypted=True file=Chương 381 Cúp Điện ….txt
  OK 382/1343 decrypted=True file=Chương 382 Ngày cận tàn.txt
  OK 383/1343 decrypted=True file=Chương 383 Kéo Xe.txt
  OK 384/1343 decrypted=True file=Chương 384 Giáng Long Thập Bát Chưởng.txt
  OK 385/1343 decrypted=True file=Chương 385 Sức Mạnh Của Quốc Thiên.txt
  OK 386/1343 decrypted=True file=Chương 386 Lập chốt hay không lập chốt.txt
  OK 387/1343 decrypted=True file=Chương 387 Lập chốt.txt
  OK 388/1343 decrypted=True file=Chương 388 Tàu Thủy Hơi Nước.txt
  OK 389/1343 decrypted=True file=Chương 389 Tương lai ….txt
  OK 390/1343 decrypted=True file=Chương 390 Mưa.txt
  OK 391/1343 decrypted=True file=Chương 391 Cạn kiệt.txt
  OK 392/1343 decrypted=True file=Chương 392 Ý định hủy diệt loài người.txt
  OK 393/1343 decrypted=True file=Chương 393 Chìm vào giấc ngủ.txt
  OK 394/1343 decrypted=True file=Chương 394 Sự thay đổi của thế giới.txt
  OK 395/1343 decrypted=True file=Chương 395 Dị Biến.txt
  OK 396/1343 decrypted=True file=Chương 396 Gánh vác ….txt
BATCH 397-414 / 1343
  OK 397/1343 decrypted=True file=Chương 397 Ý tưởng sinh tồn.txt
  OK 398/1343 decrypted=True file=Chương 398 Kế hoạch.txt
  OK 399/1343 decrypted=True file=Chương 399 Giấc mơ của Thành Chân.txt
  OK 400/1343 decrypted=True file=Chương 400 Cái sai của tạo hóa là tạo ra con người.txt
  OK 401/1343 decrypted=True file=Chương 401 Săn mồi ….txt
  OK 402/1343 decrypted=True file=Chương 402 Da cá sấu ….txt
  OK 403/1343 decrypted=True file=Chương 403 Trở về.txt
  OK 404/1343 decrypted=True file=Chương 404 Lóc da cá sấu.txt
  OK 405/1343 decrypted=True file=Chương 405 Cô đầu bếp đáng thương.txt
  OK 406/1343 decrypted=True file=Chương 406 Không cùng một thế giới.txt
  OK 407/1343 decrypted=True file=Chương 407 Hiện tượng lạ.txt
  OK 408/1343 decrypted=True file=Chương 408 Biến dị lần 2.txt
  OK 409/1343 decrypted=True file=Chương 409 Bây giờ không thử đợi đến khi nào.txt
  OK 410/1343 decrypted=True file=Chương 410 Cách Thu Phong sử dụng người.txt
  OK 411/1343 decrypted=True file=Chương 411 Di Chuyển.txt
  OK 412/1343 decrypted=True file=Chương 412 Quả cầu lừa.txt
  OK 413/1343 decrypted=True file=Chương 413 Vụ nổ.txt
  OK 414/1343 decrypted=True file=Chương 414 Cây Đại Thụ Khổng Lồ.txt
BATCH 415-432 / 1343
  OK 415/1343 decrypted=True file=Chương 415 Sinh vật kì lạ ….txt
  OK 416/1343 decrypted=True file=Chương 416 Đế Vương.txt
  OK 417/1343 decrypted=True file=Chương 417 Khôi Vĩ.txt
  OK 418/1343 decrypted=True file=Chương 418 Thứ Tội Tao không quan tâm.txt
  OK 419/1343 decrypted=True file=Chương 419 Chứng minh sự trung thành.txt
  OK 420/1343 decrypted=True file=Chương 420 Tìm được Vỹ Kỳ.txt
  OK 421/1343 decrypted=True file=Chương 421 Thiên Thạch Chế Tạo Vũ Khí.txt
  OK 422/1343 decrypted=True file=Chương 422 Miếu Thần.txt
  OK 423/1343 decrypted=True file=Chương 423 Không Gian Thế Giới.txt
  OK 424/1343 decrypted=True file=Chương 424 Sư Hống Quán Âm.txt
  OK 425/1343 decrypted=True file=Chương 425 Vì Hữu Duyên.txt
  OK 426/1343 decrypted=True file=Chương 426 Nguyện Ý.txt
  OK 427/1343 decrypted=True file=Chương 427 Chó sủa là chó không cắn.txt
  OK 428/1343 decrypted=True file=Chương 428 Bá Đạo.txt
  OK 429/1343 decrypted=True file=Chương 429 Trở về.txt
  OK 430/1343 decrypted=True file=Chương 430 Vẫn là Sinh Tồn.txt
  OK 431/1343 decrypted=True file=Chương 431 Mảnh Thiên Thạch kỳ dị.txt
  OK 432/1343 decrypted=True file=Chương 432 Ta Là một chiến binh.txt
BATCH 433-450 / 1343
  OK 433/1343 decrypted=True file=Chương 433 Võ Năng Giả xuất hiện.txt
  OK 434/1343 decrypted=True file=Chương 434 Giết được tao không.txt
  OK 435/1343 decrypted=True file=Chương 435 Chiến Binh … đây mới là Chiến Binh.txt
  OK 436/1343 decrypted=True file=Chương 436 Muốn kiếm chác nữa không.txt
  OK 437/1343 decrypted=True file=Chương 437 Tiếng gầm của Sư Tử.txt
  OK 438/1343 decrypted=True file=Chương 438 Giới hạn thọ mệnh.txt
  OK 439/1343 decrypted=True file=Chương 439 Đánh bài chuồn.txt
  OK 440/1343 decrypted=True file=Chương 440 Tìm cách nung chảy.txt
  OK 441/1343 decrypted=True file=Chương 441 Không bạc đãi.txt
  OK 442/1343 decrypted=True file=Chương 442 Long Mạch tại Quảng Phúc.txt
  OK 443/1343 decrypted=True file=Chương 443 Linh Đan trở về. Lý Đại chết.txt
  OK 444/1343 decrypted=True file=Chương 444 Bấc trắc tiềm tàng.txt
  OK 445/1343 decrypted=True file=Chương 445 Mực tái xuất.txt
  OK 446/1343 decrypted=True file=Chương 446 Đông Lão Tiêu đùng đùng xuất hiện.txt
  OK 447/1343 decrypted=True file=Chương 447 Thiên La Địa Võng.txt
  OK 448/1343 decrypted=True file=Chương 448 Trở thành đệ tử ta … muốn cả thiên hạ cũng được.txt
  OK 449/1343 decrypted=True file=Chương 449 Mực kích động.txt
  OK 450/1343 decrypted=True file=Chương 450 Con là thứ quái gì vậy.txt
BATCH 451-468 / 1343
  OK 451/1343 decrypted=True file=Chương 451 Suy nghĩ của Đông Lão Tiêu.txt
  OK 452/1343 decrypted=True file=Chương 452 Hai thiên tài mất tích.txt
  OK 453/1343 decrypted=True file=Chương 453 Trúc Lâm Yên Tử.txt
  OK 454/1343 decrypted=True file=Chương 454 Ý chí sinh tồn.txt
  OK 455/1343 decrypted=True file=Chương 455 Vây khốn.txt
  OK 456/1343 decrypted=True file=Chương 456 Đông Lão Tiêu vs Giáo Chủ Trúc Lâm Yên Tử.txt
  OK 457/1343 decrypted=True file=Chương 457 Đông Lão Tiêu thể hiện bản lĩnh.txt
  OK 458/1343 decrypted=True file=Chương 458 Duy Ngã Độc Tôn.txt
  OK 459/1343 decrypted=True file=Chương 459 Ý đồ của kẻ đã khuất Hạc Hiên.txt
  OK 460/1343 decrypted=True file=Chương 460 Kiến Trung mắc sai lầm.txt
  OK 461/1343 decrypted=True file=Chương 461 Luật Ngầm của giới Võ Năng Giả.txt
  OK 462/1343 decrypted=True file=Chương 462 Khấu đầu tạ lỗi.txt
  OK 463/1343 decrypted=True file=Chương 463 Trúc Thanh Trang và Đông Lão Tiêu hợp tác hay phụ thuộc.txt
  OK 464/1343 decrypted=True file=Chương 464 Con số.txt
  OK 465/1343 decrypted=True file=Chương 465 Khuyết Điểm của Thu Phong.txt
  OK 466/1343 decrypted=True file=Chương 466 Sáu thế lực trên đất Xích Quỷ sau thời đại cũ.txt
  OK 467/1343 decrypted=True file=Chương 467 Mỹ nữ chỉ dành cho dũng phu.txt
  OK 468/1343 decrypted=True file=Chương 468 Quỷ Kiếm.txt
BATCH 469-486 / 1343
❌ Lỗi khi tải chương 12070371: HTTPSConnectionPool(host='android.lonoapp.net', port=443): Read timed out. (read timeout=10)
  OK 469/1343 decrypted=True file=Chương 469 Thanh Quỷ Kiếm tồn tại từ thời Hồng Hoang.txt
  OK 470/1343 decrypted=True file=Chương 470 Con Quỷ vô dụng.txt
  OK 471/1343 decrypted=True file=Chương 471 Quý Tộc Quỷ.txt
  OK 472/1343 decrypted=True file=Chương 472 Khế ước chủ tớ và biến cố của Tam Giới Lục Cõi.txt
  OK 473/1343 decrypted=True file=Chương 473 Ngọc Lam Hắc Quỷ Kiếm.txt
  OK 474/1343 decrypted=True retry=2 file=Chương 474 Đám người kì lạ.txt
  OK 475/1343 decrypted=True file=Chương 475 Vùng đất của Quỷ.txt
  OK 476/1343 decrypted=True file=Chương 476 Ma Thần Vô Danh.txt
  OK 477/1343 decrypted=True file=Chương 477 Không phải kẻ thù.txt
  OK 478/1343 decrypted=True file=Chương 478 Điều kiện.txt
  OK 479/1343 decrypted=True file=Chương 479 Untitled.txt
  OK 480/1343 decrypted=True file=Chương 480 Quỷ Kiếm được hoàn thành.txt
  OK 481/1343 decrypted=True file=Chương 481 Bề tôi trung thành của ta.txt
  OK 482/1343 decrypted=True file=Chương 482 Đệ tử Tiêu Dao Phái xuất hiện.txt
  OK 483/1343 decrypted=True file=Chương 483 Bàn chuyện nhân sinh.txt
  OK 484/1343 decrypted=True file=Chương 484 Hành động thiếu suy nghĩ.txt
  OK 485/1343 decrypted=True file=Chương 485 Untitled.txt
  OK 486/1343 decrypted=True file=Chương 486 Thanh kiếm hút nội lực.txt
BATCH 487-504 / 1343
❌ Lỗi khi tải chương 12070399: HTTPSConnectionPool(host='android.lonoapp.net', port=443): Read timed out. (read timeout=10)
  OK 487/1343 decrypted=True file=Chương 487 Khai Ấn.txt
  OK 488/1343 decrypted=True file=Chương 488 Linh Kiếm.txt
  OK 489/1343 decrypted=True file=Chương 489 Vũ khí cấp bậc Thần Thoại.txt
  OK 490/1343 decrypted=True file=Chương 490 Anh hai.txt
  OK 491/1343 decrypted=True file=Chương 491 Em gái Diệc Tâm ….txt
  OK 492/1343 decrypted=True file=Chương 492 Xác nhận thân phận.txt
  OK 493/1343 decrypted=True file=Chương 493 Họp môn phái.txt
  OK 494/1343 decrypted=True file=Chương 494 Tranh chức em rể.txt
  OK 495/1343 decrypted=True file=Chương 495 Kế hoạch tương lai của Tiêu Dao.txt
  OK 496/1343 decrypted=True file=Chương 496 Phát hiện của Diệc Tâm.txt
  OK 497/1343 decrypted=True file=Chương 497 Áp lực trên vai của kẻ đứng đầu.txt
  OK 498/1343 decrypted=True file=Chương 498 Cách vận dụng 108 huyệt vị.txt
  OK 499/1343 decrypted=True file=Chương 499 Hai tuần đầu.txt
  OK 500/1343 decrypted=True file=Chương 500 Tiếp cận Mach 6.txt
  OK 501/1343 decrypted=True file=Chương 501 Đừng cố quá ….txt
  OK 502/1343 decrypted=True retry=2 file=Chương 502 Có phải kẻ thù.txt
  OK 503/1343 decrypted=True file=Chương 503 Giết không còn một mống.txt
  OK 504/1343 decrypted=True file=Chương 504 Trở về.txt
BATCH 505-522 / 1343
  OK 505/1343 decrypted=True file=Chương 505 Chuyến săn trên biển băng.txt
  OK 506/1343 decrypted=True file=Chương 506 Kim Cang Bất Bại Chiến Giáp.txt
  OK 507/1343 decrypted=True file=Chương 507 Thu hoạch dễ dàng hơn.txt
  OK 508/1343 decrypted=True file=Chương 508 Khải Giáp Đầu Tiên.txt
  OK 509/1343 decrypted=True file=Chương 509 Thợ rèn.txt
  OK 510/1343 decrypted=True file=Chương 510 Bạch Vô Diện.txt
  OK 511/1343 decrypted=True file=Chương 511 Huỳnh Đạt xuất hiện.txt
  OK 512/1343 decrypted=True file=Chương 512 Tổ chức New World.txt
  OK 513/1343 decrypted=True file=Chương 513 Biến đổi khí hậu.txt
  OK 514/1343 decrypted=True file=Chương 514 Tổng Đà Tiêu Dao Phái.txt
  OK 515/1343 decrypted=True file=Chương 515 Sinh vật kì dị.txt
  OK 516/1343 decrypted=True file=Chương 516 Sinh vật quái thai.txt
  OK 517/1343 decrypted=True file=Chương 517 Untitled.txt
  OK 518/1343 decrypted=True file=Chương 518 Hắc Bạch Vô Diện.txt
  OK 519/1343 decrypted=True file=Chương 519 Thu Phong nổi điên.txt
  OK 520/1343 decrypted=True file=Chương 520 Đánh ra thành đống phân.txt
  OK 521/1343 decrypted=True file=Chương 521 Hắc Vô Diện thuần phục.txt
  OK 522/1343 decrypted=True file=Chương 522 Giang Nam xuất hiện.txt
BATCH 523-540 / 1343
  OK 523/1343 decrypted=True file=Chương 523 Cân bằng.txt
  OK 524/1343 decrypted=True file=Chương 524 Kẻ điên.txt
  OK 525/1343 decrypted=True file=Chương 525 Ngũ Hành Biến Dị.txt
  OK 526/1343 decrypted=True file=Chương 526 Giang Nam kẻ coi thường Thu Phong.txt
  OK 527/1343 decrypted=True file=Chương 527 Trâu bò đánh nhau ruồi muỗi chết.txt
  OK 528/1343 decrypted=True file=Chương 528 Trận chiến kết thúc.txt
  OK 529/1343 decrypted=True file=Chương 529 Xuất Phát.txt
  OK 530/1343 decrypted=True file=Chương 530 Thành phố chết.txt
  OK 531/1343 decrypted=True file=Chương 531 Siêu Đầm Lầy.txt
  OK 532/1343 decrypted=True file=Chương 532 Vượt sông.txt
  OK 533/1343 decrypted=True file=Chương 533 Có người.txt
  OK 534/1343 decrypted=True file=Chương 534 Tổ chức Kỷ Nguyên Hắc Ám.txt
  OK 535/1343 decrypted=True file=Chương 535 Tìm hiểu thông tin.txt
  OK 536/1343 decrypted=True file=Chương 536 Quốc Thiên.txt
  OK 537/1343 decrypted=True file=Chương 537 Quốc Thiên tức giận.txt
  OK 538/1343 decrypted=True file=Chương 538 Đứng đây làm cái gì.txt
  OK 539/1343 decrypted=True file=Chương 539 Gặp lại.txt
  OK 540/1343 decrypted=True file=Chương 540 Bão mặt trời.txt
BATCH 541-558 / 1343
❌ Lỗi khi tải chương 12070450: HTTPSConnectionPool(host='android.lonoapp.net', port=443): Read timed out. (read timeout=10)
  OK 541/1343 decrypted=True file=Chương 541 Mày sẽ phải chết.txt
  OK 542/1343 decrypted=True file=Chương 542 Phản trọng x20.txt
  OK 543/1343 decrypted=True file=Chương 543 Hoàng Phi.txt
  OK 544/1343 decrypted=True file=Chương 544 Miễn Cưỡng Có Tư Cách.txt
  OK 545/1343 decrypted=True file=Chương 545 Một cân tất cả.txt
  OK 546/1343 decrypted=True file=Chương 546 Tiếu Hồng Trần.txt
  OK 547/1343 decrypted=True file=Chương 547 Dị Biến.txt
  OK 548/1343 decrypted=True file=Chương 548 Chiếc bè khổng lồ.txt
  OK 549/1343 decrypted=True file=Chương 549 Thiên tài cần phải thất bại.txt
  OK 550/1343 decrypted=True file=Chương 550 Ngủ đông.txt
  OK 551/1343 decrypted=True file=Chương 551 Tân Thế Giới.txt
  OK 552/1343 decrypted=True file=Chương 552 Tân Thế Giới .. Bắt đầu.txt
  OK 553/1343 decrypted=True retry=2 file=Chương 553 Trận chiến bất đắc dĩ.txt
  OK 554/1343 decrypted=True file=Chương 554 Tính kế.txt
  OK 555/1343 decrypted=True file=Chương 555 Sự to lớn của Trái Đất.txt
  OK 556/1343 decrypted=True file=Chương 556 Điều Tích Cực.txt
  OK 557/1343 decrypted=True file=Chương 557 Rừng Trúc.txt
  OK 558/1343 decrypted=True file=Chương 558 Suy Đoán.txt
BATCH 559-576 / 1343
❌ Lỗi khi tải chương 12070470: HTTPSConnectionPool(host='android.lonoapp.net', port=443): Read timed out. (read timeout=10)
  OK 559/1343 decrypted=True file=Chương 559 Đồng minh ư.txt
  OK 560/1343 decrypted=True file=Chương 560 Làm đúng lương tâm.txt
  OK 561/1343 decrypted=True file=Chương 561 Trở về.txt
  OK 562/1343 decrypted=True file=Chương 562 Tranh dành đệ tử.txt
  OK 563/1343 decrypted=True file=Chương 563 Căng thẳng.txt
  OK 564/1343 decrypted=True file=Chương 564 Ăn nói hàm hồ.txt
  OK 565/1343 decrypted=True file=Chương 565 Hiểu lầm.txt
  OK 566/1343 decrypted=True file=Chương 566 Tình mẫu tử.txt
  OK 567/1343 decrypted=True file=Chương 567 Sự Thật.txt
  OK 568/1343 decrypted=True file=Chương 568 Giải quyết hiểu lầm.txt
  OK 569/1343 decrypted=True file=Chương 569 Thế giới con người.txt
  OK 570/1343 decrypted=True file=Chương 570 Vỹ Kỳ lại xuất hiện.txt
  OK 571/1343 decrypted=True file=Chương 571 Ta muốn mạnh hơn để đánh bại ngươi.txt
  OK 572/1343 decrypted=True file=Chương 572 Cõi Atula thế giới linh hồn.txt
  OK 573/1343 decrypted=True retry=2 file=Chương 573 Chủ nhân đời trước của Hoàng Lam Kim Nhãn.txt
  OK 574/1343 decrypted=True file=Chương 574 Chuẩn bị cho chuyến đi xa.txt
  OK 575/1343 decrypted=True file=Chương 575 Thiếu chủ … à không Quân Vương.txt
  OK 576/1343 decrypted=True file=Chương 576 Mơ hồ.txt
BATCH 577-594 / 1343
  OK 577/1343 decrypted=True file=Chương 577 Có bị điên không.txt
  OK 578/1343 decrypted=True file=Chương 578 Dự cảm ….txt
  OK 579/1343 decrypted=True file=Chương 579 Linh hồn của Quốc Thiên và Diệc Tâm.txt
  OK 580/1343 decrypted=True file=Chương 580 Rùa núi.txt
  OK 581/1343 decrypted=True file=Chương 581 Liều mạng.txt
  OK 582/1343 decrypted=True file=Chương 582 Trộm trứng rùa.txt
  OK 583/1343 decrypted=True file=Chương 583 Một con rùa lớn bằng một thành phố.txt
  OK 584/1343 decrypted=True file=Chương 584 Hắc Vô Diện hi sinh.txt
  OK 585/1343 decrypted=True file=Chương 585 Thất bại thảm hại.txt
  OK 586/1343 decrypted=True file=Chương 586 Bị lừa.txt
  OK 587/1343 decrypted=True file=Chương 587 Vị tướng duy nhất Bắc phạt.txt
  OK 588/1343 decrypted=True file=Chương 588 Mổ bụng tự tử.txt
  OK 589/1343 decrypted=True file=Chương 589 Con trai của Tứ Thiên Vương.txt
  OK 590/1343 decrypted=True file=Chương 590 Quỷ Oni.txt
  OK 591/1343 decrypted=True file=Chương 591 Làm Quỷ ngu hơn làm người.txt
  OK 592/1343 decrypted=True file=Chương 592 Lên một lần đi.txt
  OK 593/1343 decrypted=True file=Chương 593 Vây công.txt
  OK 594/1343 decrypted=True retry=2 file=Chương 594 Ngươi là Ác Quỷ.txt
BATCH 595-612 / 1343
  OK 595/1343 decrypted=True file=Chương 595 Đối thủ.txt
  OK 596/1343 decrypted=True file=Chương 596 Đã đến biên giới.txt
  OK 597/1343 decrypted=True file=Chương 597 Thương Long.txt
  OK 598/1343 decrypted=True file=Chương 598 Thoát nạn.txt
  OK 599/1343 decrypted=True file=Chương 599 Hòn đảo đen.txt
  OK 600/1343 decrypted=True file=Chương 600 Buông.txt
  OK 601/1343 decrypted=True file=Chương 601 Chờ đợi.txt
  OK 602/1343 decrypted=True file=Chương 602 Chia sẻ tri thức.txt
  OK 603/1343 decrypted=True file=Chương 603 Chiến trường.txt
  OK 604/1343 decrypted=True file=Chương 604 Ngươi là truyền nhân của ta.txt
  OK 605/1343 decrypted=True file=Chương 605 Giấc mơ của ngươi là gì.txt
  OK 606/1343 decrypted=True file=Chương 606 Giáp Hắc Vô Diện.txt
  OK 607/1343 decrypted=True file=Chương 607 Hóa thân của Hắc Vô Diện.txt
  OK 608/1343 decrypted=True file=Chương 608 Chặn đường dài.txt
  OK 609/1343 decrypted=True file=Chương 609 Thuồng Luồng.txt
  OK 610/1343 decrypted=True file=Chương 610 Người vận chuyển.txt
  OK 611/1343 decrypted=True file=Chương 611 Một ngón chặn đứng.txt
  OK 612/1343 decrypted=True file=Chương 612 Chưa kịp nghỉ ngơi.txt
BATCH 613-630 / 1343
  OK 613/1343 decrypted=True file=Chương 613 Nguy hiểm dồn dập.txt
  OK 614/1343 decrypted=True file=Chương 614 Hòa vào thiên nhiên.txt
  OK 615/1343 decrypted=True file=Chương 615 Tâm tình thoải mái.txt
  OK 616/1343 decrypted=True file=Chương 616 Ở nhà có chuyện.txt
  OK 617/1343 decrypted=True file=Chương 617 Thế giới đại loạn và những điều không ngờ.txt
  OK 618/1343 decrypted=True file=Chương 618 Huỳnh Đạt đang trên đường đến.txt
  OK 619/1343 decrypted=True file=Chương 619 Thu Phong vs Thủy Thạch Tượng Long 1.txt
  OK 620/1343 decrypted=True file=Chương 620 Thu Phong vs Thủy Thạch Tượng Long 2.txt
  OK 621/1343 decrypted=True file=Chương 621 Đòn bất ngờ.txt
  OK 622/1343 decrypted=True file=Chương 622 Không cùng đẳng cấp.txt
  OK 623/1343 decrypted=True file=Chương 623 Thủy Thạch Tượng Long tức giận.txt
  OK 624/1343 decrypted=True file=Chương 624 Hồi phục.txt
  OK 625/1343 decrypted=True file=Chương 625 Nhờn với chó chó liếm mặt.txt
  OK 626/1343 decrypted=True file=Chương 626 Thập Nhị Huyền Môn Công.txt
  OK 627/1343 decrypted=True file=Chương 627 Thú vị.txt
  OK 628/1343 decrypted=True file=Chương 628 Ăn Hành.txt
  OK 629/1343 decrypted=True file=Chương 629 Xuất hiện như một vị thần.txt
  OK 630/1343 decrypted=True file=Chương 630 Bị chỉ trích.txt
BATCH 631-648 / 1343
❌ Lỗi khi tải chương 12070538: HTTPSConnectionPool(host='android.lonoapp.net', port=443): Read timed out. (read timeout=10)
  OK 631/1343 decrypted=True file=Chương 631 Hành động hơn vạn lý do.txt
  OK 632/1343 decrypted=True file=Chương 632 Một cơ hội.txt
  OK 633/1343 decrypted=True file=Chương 633 Thử thách thực sự cho Huỳnh Đạt.txt
  OK 634/1343 decrypted=True file=Chương 634 Giang Nam.txt
  OK 635/1343 decrypted=True file=Chương 635 Hai ngày.txt
  OK 636/1343 decrypted=True file=Chương 636 Bàn kế hoạch.txt
  OK 637/1343 decrypted=True file=Chương 637 Quỷ Môn Quan mở cửa.txt
  OK 638/1343 decrypted=True file=Chương 638 Giai đoạn 2 của Hoàng Lam Kim Nhãn là gì.txt
  OK 639/1343 decrypted=True file=Chương 639 Luật thế giới.txt
  OK 640/1343 decrypted=True file=Chương 640 Hoàng Lam Kim Nhãn tái kích hoạt.txt
  OK 641/1343 decrypted=True retry=2 file=Chương 641 Thành công.txt
  OK 642/1343 decrypted=True file=Chương 642 Xông pha.txt
  OK 643/1343 decrypted=True file=Chương 643 Xui xẻo.txt
  OK 644/1343 decrypted=True file=Chương 644 Động thái kì lạ của Hỏa Ma Khuyển.txt
  OK 645/1343 decrypted=True file=Chương 645 Hắc Bạch Vô Thường.txt
  OK 646/1343 decrypted=True file=Chương 646 Tuyệt cảnh.txt
  OK 647/1343 decrypted=True file=Chương 647 Vượt quan.txt
  OK 648/1343 decrypted=True file=Chương 648 Cõi Atula.txt
BATCH 649-666 / 1343
❌ Lỗi khi tải chương 12070555: HTTPSConnectionPool(host='android.lonoapp.net', port=443): Read timed out. (read timeout=10)
  OK 649/1343 decrypted=True file=Chương 649 Lão già quái đản.txt
  OK 650/1343 decrypted=True file=Chương 650 Gia tiên nhà họ Nguyễn.txt
  OK 651/1343 decrypted=True file=Chương 651 Lão gia tiên.txt
  OK 652/1343 decrypted=True file=Chương 652 Ngay sau lưng ngươi.txt
  OK 653/1343 decrypted=True file=Chương 653 Những kẻ náo loạn Địa Ngục.txt
  OK 654/1343 decrypted=True file=Chương 654 Hỏi đường.txt
  OK 655/1343 decrypted=True file=Chương 655 Kẻ dẫn đường.txt
  OK 656/1343 decrypted=True file=Chương 656 Bị thế giới đào thải.txt
  OK 657/1343 decrypted=True file=Chương 657 Cự Nhân Dị Thạch.txt
  OK 658/1343 decrypted=True retry=2 file=Chương 658 Giết.txt
  OK 659/1343 decrypted=True file=Chương 659 Thành phố bốc cháy.txt
  OK 660/1343 decrypted=True file=Chương 660 Giá trị.txt
  OK 661/1343 decrypted=True file=Chương 661 Những kẻ đến từ thế giới khác.txt
  OK 662/1343 decrypted=True file=Chương 662 Câu chuyện.txt
  OK 663/1343 decrypted=True file=Chương 663 Công dụng mới của Hắc Vô Diện.txt
  OK 664/1343 decrypted=True file=Chương 664 Vô dụng.txt
  OK 665/1343 decrypted=True file=Chương 665 Untitled.txt
  OK 666/1343 decrypted=True file=Chương 666 Tích điểm thợ săn.txt
BATCH 667-684 / 1343
  OK 667/1343 decrypted=True file=Chương 667 Tóc đỏ mắt xanh.txt
  OK 668/1343 decrypted=True file=Chương 668 Ngạc nhiên.txt
  OK 669/1343 decrypted=True file=Chương 669 Lật mặt.txt
  OK 670/1343 decrypted=True file=Chương 670 Ngoài đẹp ra còn bị khùng.txt
  OK 671/1343 decrypted=True file=Chương 671 Ngày thanh tẩy.txt
  OK 672/1343 decrypted=True file=Chương 672 Untitled.txt
  OK 673/1343 decrypted=True file=Chương 673 Đừng dây vào hắn.txt
  OK 674/1343 decrypted=True file=Chương 674 Tấm bản đồ lừa đảo.txt
  OK 675/1343 decrypted=True file=Chương 675 Cô nói ta nghe về hắn.txt
  OK 676/1343 decrypted=True file=Chương 676 Ẩn tình.txt
  OK 677/1343 decrypted=True file=Chương 677 Nhất Phong.txt
  OK 678/1343 decrypted=True file=Chương 678 Chiến Tranh thời tận thế.txt
  OK 679/1343 decrypted=True file=Chương 679 Quyết định cứu người.txt
  OK 680/1343 decrypted=True file=Chương 680 Màn độc tấu nhạt nhẽo.txt
  OK 681/1343 decrypted=True file=Chương 681 Ấn nô lệ.txt
  OK 682/1343 decrypted=True file=Chương 682 Xin lỗi.txt
  OK 683/1343 decrypted=True file=Chương 683 Quái Thú Đại Đao.txt
  OK 684/1343 decrypted=True file=Chương 684 Thiên sứ Fiona.txt
BATCH 685-702 / 1343
  OK 685/1343 decrypted=True file=Chương 685 Con nhỏ phiền phức.txt
  OK 686/1343 decrypted=True file=Chương 686 Bị ức hiếp.txt
  OK 687/1343 decrypted=True file=Chương 687 Tôi và cô ta ai đẹp hơn.txt
  OK 688/1343 decrypted=True file=Chương 688 Vợ tôi đẹp nhất.txt
  OK 689/1343 decrypted=True file=Chương 689 Tiếp tục cuộc hành trình.txt
  OK 690/1343 decrypted=True file=Chương 690 Con mèo lạc.txt
  OK 691/1343 decrypted=True file=Chương 691 Đàn bà là những niềm đau.txt
  OK 692/1343 decrypted=True file=Chương 692 Rước phiền phức.txt
  OK 693/1343 decrypted=True file=Chương 693 Đừng chọc điên hắn.txt
  OK 694/1343 decrypted=True file=Chương 694 Cú lừa.txt
  OK 695/1343 decrypted=True file=Chương 695 Chia tay.txt
  OK 696/1343 decrypted=True file=Chương 696 Thành Hợp Kim.txt
  OK 697/1343 decrypted=True file=Chương 697 Gia tộc Johnson.txt
  OK 698/1343 decrypted=True file=Chương 698 Điều kiện.txt
  OK 699/1343 decrypted=True file=Chương 699 Hạ nhân.txt
  OK 700/1343 decrypted=True file=Chương 700 Vụ nổ.txt
  OK 701/1343 decrypted=True file=Chương 701 Andrew Johnson đáng thương.txt
  OK 702/1343 decrypted=True file=Chương 702 Kẻ trộm.txt
BATCH 703-720 / 1343
  OK 703/1343 decrypted=True file=Chương 703 Phiền phức tìm tận cửa.txt
  OK 704/1343 decrypted=True file=Chương 704 Stress.txt
  OK 705/1343 decrypted=True file=Chương 705 Sự khác biệt.txt
  OK 706/1343 decrypted=True file=Chương 706 Cô ghét hai thằng nào sao Fiona.txt
  OK 707/1343 decrypted=True file=Chương 707 Cuồng Thú Huyết Sát Thú Vương.txt
  OK 708/1343 decrypted=True file=Chương 708 Cút.txt
  OK 709/1343 decrypted=True file=Chương 709 Trống vắng.txt
  OK 710/1343 decrypted=True file=Chương 710 Đừng đùa với lửa.txt
  OK 711/1343 decrypted=True file=Chương 711 Quyết định đột ngột.txt
  OK 712/1343 decrypted=True file=Chương 712 Lời tiên tri đeo bám.txt
  OK 713/1343 decrypted=True file=Chương 713 Bất tỉnh.txt
  OK 714/1343 decrypted=True file=Chương 714 Mơ.txt
  OK 715/1343 decrypted=True file=Chương 715 Tê Giác Biến Dị.txt
  OK 716/1343 decrypted=True file=Chương 716 Nghiêm túc.txt
  OK 717/1343 decrypted=True file=Chương 717 Cảm xúc hơn vạn câu nói.txt
  OK 718/1343 decrypted=True file=Chương 718 Hẹn.txt
  OK 719/1343 decrypted=True file=Chương 719 Thế cục đang xoay chuyển.txt
  OK 720/1343 decrypted=True file=Chương 720 Thu Phong Nhất Phong.txt
BATCH 721-738 / 1343
  OK 721/1343 decrypted=True file=Chương 721 Ngươi là ta ta là ngươi.txt
  OK 722/1343 decrypted=True file=Chương 722 Ta luôn bảo vệ cô ấy.txt
  OK 723/1343 decrypted=True file=Chương 723 Giới hạn.txt
  OK 724/1343 decrypted=True file=Chương 724 Đến giờ trả đũa.txt
  OK 725/1343 decrypted=True file=Chương 725 Đâm vào đầu cho nhanh.txt
  OK 726/1343 decrypted=True file=Chương 726 Ace là Dị Năng Giả.txt
  OK 727/1343 decrypted=True file=Chương 727 Gián điệp.txt
  OK 728/1343 decrypted=True file=Chương 728 Lão cáo già.txt
  OK 729/1343 decrypted=True file=Chương 729 Lão già chết tiệt.txt
  OK 730/1343 decrypted=True file=Chương 730 Hút nguyên lực.txt
  OK 731/1343 decrypted=True file=Chương 731 Chạy đi.txt
  OK 732/1343 decrypted=True file=Chương 732 Ăn đòn.txt
  OK 733/1343 decrypted=True file=Chương 733 Tuyệt vọng.txt
  OK 734/1343 decrypted=True file=Chương 734 Nhất định có vấn đề.txt
  OK 735/1343 decrypted=True file=Chương 735 Bất lực.txt
  OK 736/1343 decrypted=True file=Chương 736 Quả cầu.txt
  OK 737/1343 decrypted=True file=Chương 737 Mổ bụng.txt
  OK 738/1343 decrypted=True file=Chương 738 Gã mỹ nam tử kì lạ.txt
BATCH 739-756 / 1343
  OK 739/1343 decrypted=True file=Chương 739 Truy nã.txt
  OK 740/1343 decrypted=True file=Chương 740 Kết giới.txt
  OK 741/1343 decrypted=True file=Chương 741 Cảm giác như bị lừa.txt
  OK 742/1343 decrypted=True file=Chương 742 Niềm tin của Hoàng Tống.txt
  OK 743/1343 decrypted=True file=Chương 743 Không cần thiết.txt
  OK 744/1343 decrypted=True file=Chương 744 Tận thế thực sự bắt đầu.txt
  OK 745/1343 decrypted=True file=Chương 745 Đảo Xác Sống.txt
  OK 746/1343 decrypted=True file=Chương 746 Vương Triều Xác Sống.txt
  OK 747/1343 decrypted=True file=Chương 747 Đánh không lại thả chó.txt
  OK 748/1343 decrypted=True file=Chương 748 Tia sáng.txt
  OK 749/1343 decrypted=True file=Chương 749 Nỗi lo của Thu Phong.txt
  OK 750/1343 decrypted=True file=Chương 750 Vua xác sống.txt
  OK 751/1343 decrypted=True file=Chương 751 Bong Bóng Thánh.txt
  OK 752/1343 decrypted=True file=Chương 752 Luyện tập.txt
  OK 753/1343 decrypted=True file=Chương 753 Sức mạnh của thú cưng Nhất Phong.txt
  OK 754/1343 decrypted=True file=Chương 754 Điên cuồng chiến đấu.txt
  OK 755/1343 decrypted=True file=Chương 755 Khiêu chiến tử vong.txt
  OK 756/1343 decrypted=True file=Chương 756 Ngập hành.txt
BATCH 757-774 / 1343
❌ Lỗi khi tải chương 12687772: HTTPSConnectionPool(host='android.lonoapp.net', port=443): Read timed out. (read timeout=10)
  OK 757/1343 decrypted=True file=Chương 757 Tăng Cường.txt
  OK 758/1343 decrypted=True file=Chương 758 Chết.txt
  OK 759/1343 decrypted=True file=Chương 759 Quỷ Vương.txt
  OK 760/1343 decrypted=True file=Chương 760 Đứa trẻ bị nguyền rủa.txt
  OK 761/1343 decrypted=True file=Chương 761 Đứa trẻ bị bỏ rơi.txt
  OK 762/1343 decrypted=True file=Chương 762 Vô cảm.txt
  OK 763/1343 decrypted=True file=Chương 763 Belebub.txt
  OK 764/1343 decrypted=True file=Chương 764 Anh hùng xuất hiện.txt
  OK 765/1343 decrypted=True retry=2 file=Chương 765 Thất thố.txt
  OK 766/1343 decrypted=True file=Chương 766 Sự Thật.txt
  OK 767/1343 decrypted=True file=Chương 767 Cự Ma Thuật.txt
  OK 768/1343 decrypted=True file=Chương 768 Lưới phản đòn.txt
  OK 769/1343 decrypted=True file=Chương 769 1 vs 10.txt
  OK 770/1343 decrypted=True file=Chương 770 Đánh thật.txt
  OK 771/1343 decrypted=True file=Chương 771 Một đấm hủy diệt.txt
  OK 772/1343 decrypted=True file=Chương 772 Death Buz.txt
  OK 773/1343 decrypted=True file=Chương 773 Sức mạnh của Benedict.txt
  OK 774/1343 decrypted=True file=Chương 774 Đóng băng thời gian.txt
BATCH 775-792 / 1343
  OK 775/1343 decrypted=True file=Chương 775 Bao vây.txt
  OK 776/1343 decrypted=True file=Chương 776 Kế hoạch của Belebub.txt
  OK 777/1343 decrypted=True file=Chương 777 Kẻ nhu nhược.txt
  OK 778/1343 decrypted=True file=Chương 778 Kế hoạch và đại chiến.txt
  OK 779/1343 decrypted=True file=Chương 779 Quân Vương ngươi thua rồi.txt
  OK 780/1343 decrypted=True file=Chương 780 Kế trong kế.txt
  OK 781/1343 decrypted=True file=Chương 781 Hồi kết cho Belebub.txt
  OK 782/1343 decrypted=True file=Chương 782 Đi rồi.txt
  OK 783/1343 decrypted=True file=Chương 783 Xuyên không.txt
  OK 784/1343 decrypted=True file=Chương 784 Ma Trơi.txt
  OK 785/1343 decrypted=True file=Chương 785 Hắn tên gì.txt
  OK 786/1343 decrypted=True file=Chương 786 Thành Đại La.txt
  OK 787/1343 decrypted=True file=Chương 787 Bị hạ dược.txt
  OK 788/1343 decrypted=True file=Chương 788 Ảnh Quỷ.txt
  OK 789/1343 decrypted=True file=Chương 789 Ảnh Quỷ xuất hiện.txt
  OK 790/1343 decrypted=True file=Chương 790 Tuyết Ngọc.txt
  OK 791/1343 decrypted=True file=Chương 791 Một đám ngốc.txt
  OK 792/1343 decrypted=True file=Chương 792 Đắc tội.txt
BATCH 793-810 / 1343
❌ Lỗi khi tải chương 12767468: HTTPSConnectionPool(host='android.lonoapp.net', port=443): Read timed out. (read timeout=10)
  OK 793/1343 decrypted=True file=Chương 793 Ta vừa xuất sư.txt
  OK 794/1343 decrypted=True file=Chương 794 Đe dọa hay đặc ân.txt
  OK 795/1343 decrypted=True file=Chương 795 Lão bản thịt bò.txt
  OK 796/1343 decrypted=True file=Chương 796 Một phương hào kiệt ….txt
  OK 797/1343 decrypted=True file=Chương 797 Lý Kiệt.txt
  OK 798/1343 decrypted=True file=Chương 798 Huynh đệ kết nghĩa.txt
  OK 799/1343 decrypted=True file=Chương 799 Truy binh.txt
  OK 800/1343 decrypted=True file=Chương 800 Bức được ta hãy nói.txt
  OK 801/1343 decrypted=True retry=2 file=Chương 801 Có cố gắng.txt
  OK 802/1343 decrypted=True file=Chương 802 Lý Công Uẩn.txt
  OK 803/1343 decrypted=True file=Chương 803 Dã tâm của Lý Kiệt.txt
  OK 804/1343 decrypted=True file=Chương 804 Huynh là tiên.txt
  OK 805/1343 decrypted=True file=Chương 805 Hoáng đế Lê Long Đĩnh.txt
  OK 806/1343 decrypted=True file=Chương 806 Sen Hồng Cung.txt
  OK 807/1343 decrypted=True file=Chương 807 Có thích khách.txt
  OK 808/1343 decrypted=True file=Chương 808 Đệ Tử Đường Môn.txt
  OK 809/1343 decrypted=True file=Chương 809 Không phục.txt
  OK 810/1343 decrypted=True file=Chương 810 Thạch Sơn Quyền.txt
BATCH 811-828 / 1343
  OK 811/1343 decrypted=True file=Chương 811 Băng Sơn tỷ muội.txt
  OK 812/1343 decrypted=True file=Chương 812 Nghịch đồ.txt
  OK 813/1343 decrypted=True file=Chương 813 Trần Cổ.txt
  OK 814/1343 decrypted=True file=Chương 814 Ngũ sư huynh đệ tình như thủ túc.txt
  OK 815/1343 decrypted=True file=Chương 815 Ta không cần ngươi đệ ta mới cần ngươi.txt
  OK 816/1343 decrypted=True file=Chương 816 Tuyết Mộng.txt
  OK 817/1343 decrypted=True file=Chương 817 Đình Phong.txt
  OK 818/1343 decrypted=True file=Chương 818 Lý Thái.txt
  OK 819/1343 decrypted=True file=Chương 819 Chỉ huy sứ.txt
  OK 820/1343 decrypted=True file=Chương 820 Rắc rối.txt
  OK 821/1343 decrypted=True file=Chương 821 Mày bảo ai là lũ mọi.txt
  OK 822/1343 decrypted=True file=Chương 822 Xui xẻo.txt
  OK 823/1343 decrypted=True file=Chương 823 Lừa đảo.txt
  OK 824/1343 decrypted=True file=Chương 824 Tuyết Mộng an nguy.txt
  OK 825/1343 decrypted=True file=Chương 825 Vì sao người không làm Bang Chủ.txt
  OK 826/1343 decrypted=True file=Chương 826 Suy nghĩ của Giang Nam.txt
  OK 827/1343 decrypted=True file=Chương 827 Trình Hầu.txt
  OK 828/1343 decrypted=True file=Chương 828 Cứu người.txt
BATCH 829-846 / 1343
  OK 829/1343 decrypted=True file=Chương 829 Hi vọng rồi lại thất vọng.txt
  OK 830/1343 decrypted=True file=Chương 830 Con Rồng cháu Tiên.txt
  OK 831/1343 decrypted=True file=Chương 831 Thập Nhị Hoa Giáp Trình Hầu.txt
  OK 832/1343 decrypted=True file=Chương 832 Tả Hiểu Tiểu Tử Thiếu Xung Kiếm.txt
  OK 833/1343 decrypted=True file=Chương 833 Dốt hết phần thiên hạ.txt
  OK 834/1343 decrypted=True file=Chương 834 Là ngươi.txt
  OK 835/1343 decrypted=True file=Chương 835 Tâm tư của Lý Công Uẩn.txt
  OK 836/1343 decrypted=True file=Chương 836 Ngươi vì sao thích ta.txt
  OK 837/1343 decrypted=True file=Chương 837 Triều đình động tĩnh.txt
  OK 838/1343 decrypted=True file=Chương 838 Tâm tư.txt
  OK 839/1343 decrypted=True file=Chương 839 Ép hôn.txt
  OK 840/1343 decrypted=True file=Chương 840 Mưu hèn kế mọn của Đình Phong.txt
  OK 841/1343 decrypted=True file=Chương 841 Kẻ không theo kế hoạch.txt
  OK 842/1343 decrypted=True file=Chương 842 Kẻ giả mạo.txt
  OK 843/1343 decrypted=True file=Chương 843 Ta chỉ vô tình đi ngang qua.txt
  OK 844/1343 decrypted=True file=Chương 844 Nhã Nguyệt Tuệ.txt
  OK 845/1343 decrypted=True file=Chương 845 Mạc Phi tự Ngạo Long.txt
  OK 846/1343 decrypted=True file=Chương 846 Bạch Thủy Kính.txt
BATCH 847-864 / 1343
  OK 847/1343 decrypted=True file=Chương 847 Bạch Thủy Kính vs Mạc Phi.txt
  OK 848/1343 decrypted=True file=Chương 848 Bạch Thủy Kính bại.txt
  OK 849/1343 decrypted=True file=Chương 849 Ta chính là quả báo của các ngươi.txt
  OK 850/1343 decrypted=True file=Chương 850 Toàn thành Đại Lý gà bay chó chạy.txt
  OK 851/1343 decrypted=True file=Chương 851 Dùng lời đẩy lùi đại địch.txt
  OK 852/1343 decrypted=True file=Chương 852 Kế hoạch vây đánh.txt
  OK 853/1343 decrypted=True file=Chương 853 Kế hoạch vỡ nát.txt
  OK 854/1343 decrypted=True file=Chương 854 Tuyết Mộng gặp nạn.txt
  OK 855/1343 decrypted=True file=Chương 855 Ta cần một kẻ mạnh hơn cả ta.txt
  OK 856/1343 decrypted=True file=Chương 856 Nghiệp quả.txt
  OK 857/1343 decrypted=True file=Chương 857 Nghiệp báo phải trả.txt
  OK 858/1343 decrypted=True file=Chương 858 Vô Nhai Tử.txt
  OK 859/1343 decrypted=True file=Chương 859 Đồ sát Tàng Kiếm Sơn Trang.txt
  OK 860/1343 decrypted=True file=Chương 860 Diệp Kim nhập ma đạo.txt
  OK 861/1343 decrypted=True file=Chương 861 Sát.txt
  OK 862/1343 decrypted=True file=Chương 862 Diệp Kim tử.txt
  OK 863/1343 decrypted=True file=Chương 863 Bỏ Chạy.txt
  OK 864/1343 decrypted=True file=Chương 864 Thứ đó không đến từ thế giới này.txt
BATCH 865-882 / 1343
  OK 865/1343 decrypted=True file=Chương 865 Ngươi không phải con người.txt
  OK 866/1343 decrypted=True file=Chương 866 Có chuyện còn lớn hơn.txt
  OK 867/1343 decrypted=True file=Chương 867 Tiên tri.txt
  OK 868/1343 decrypted=True file=Chương 868 Ngươi là ai.txt
  OK 869/1343 decrypted=True file=Chương 869 Hắc Long Bang xuất thế. 1.txt
  OK 870/1343 decrypted=True file=Chương 870 Hắn là ác ma.txt
  OK 871/1343 decrypted=True file=Chương 871 Hỏa Giáo Đồ chuẩn bị tiến công.txt
  OK 872/1343 decrypted=True file=Chương 872 Diệp Lữ.txt
  OK 873/1343 decrypted=True file=Chương 873 Sát khí.txt
  OK 874/1343 decrypted=True file=Chương 874 Không phải cách thường làm.txt
  OK 875/1343 decrypted=True file=Chương 875 Đầu Trâu Mặt Ngựa.txt
  OK 876/1343 decrypted=True file=Chương 876 Quốc Thiên và Diệc Tâm quay lại.txt
  OK 877/1343 decrypted=True file=Chương 877 Chiến.txt
  OK 878/1343 decrypted=True file=Chương 878 Trận này khó.txt
  OK 879/1343 decrypted=True file=Chương 879 Quái vật vs Biến thái.txt
  OK 880/1343 decrypted=True file=Chương 880 Hiểu lầm.txt
  OK 881/1343 decrypted=True file=Chương 881 Nhật Nguyệt Thần Giáo xuất hiện.txt
  OK 882/1343 decrypted=True file=Chương 882 Quần chiến.txt
BATCH 883-900 / 1343
❌ Lỗi khi tải chương 13063763: HTTPSConnectionPool(host='android.lonoapp.net', port=443): Read timed out. (read timeout=10)
❌ Lỗi khi tải chương 13162705: HTTPSConnectionPool(host='android.lonoapp.net', port=443): Read timed out. (read timeout=10)
  OK 883/1343 decrypted=True file=Chương 883 Đống cứt.txt
  OK 884/1343 decrypted=True file=Chương 884 Đừng đánh nữa.txt
  OK 885/1343 decrypted=True retry=2 file=Chương 885 Điều kiện.txt
  OK 886/1343 decrypted=True file=Chương 886 Loạn.txt
  OK 887/1343 decrypted=True file=Chương 887 Chiều riết hư.txt
  OK 888/1343 decrypted=True file=Chương 888 Hắc Long Bang không xứng thì ai xứng.txt
  OK 889/1343 decrypted=True file=Chương 889 Lồng chim.txt
  OK 890/1343 decrypted=True file=Chương 890 Là ông nội mày đây.txt
  OK 891/1343 decrypted=True file=Chương 891 Võ lâm tam quốc hội tụ.txt
  OK 892/1343 decrypted=True retry=2 file=Chương 892 Tướng số tính không ra.txt
  OK 893/1343 decrypted=True file=Chương 893 Trà của ngươi nhạt như nước ốc.txt
  OK 894/1343 decrypted=True file=Chương 894 Ta muốn gia nhập Hắc Long Bang.txt
  OK 895/1343 decrypted=True file=Chương 895 Giả nhân giả nghĩa.txt
  OK 896/1343 decrypted=True file=Chương 896 Nhu cương chưởng quyền pháp.txt
  OK 897/1343 decrypted=True file=Chương 897 Uy lực của Thái Cực.txt
  OK 898/1343 decrypted=True file=Chương 898 Vị thần khinh thường chúng sinh.txt
  OK 899/1343 decrypted=True file=Chương 899 Tranh cãi.txt
  OK 900/1343 decrypted=True file=Chương 900 Không phải ta làm.txt
BATCH 901-918 / 1343
❌ Lỗi khi tải chương 13228377: HTTPSConnectionPool(host='android.lonoapp.net', port=443): Read timed out. (read timeout=10)
  OK 901/1343 decrypted=True file=Chương 901 Dị tộc kẻ đứng sau.txt
  OK 902/1343 decrypted=True file=Chương 902 Càng náo càng thích.txt
  OK 903/1343 decrypted=True file=Chương 903 Đại tai họa.txt
  OK 904/1343 decrypted=True file=Chương 904 Khai mạc.txt
  OK 905/1343 decrypted=True file=Chương 905 Đại hội diễn ra.txt
  OK 906/1343 decrypted=True file=Chương 906 Dương gia vs Lê gia.txt
  OK 907/1343 decrypted=True file=Chương 907 Vòng đấu trường.txt
  OK 908/1343 decrypted=True file=Chương 908 Nguy cơ tiềm ẩn.txt
  OK 909/1343 decrypted=True file=Chương 909 Lên đường.txt
  OK 910/1343 decrypted=True file=Chương 910 Ngươi sẽ chết không được toàn thây.txt
  OK 911/1343 decrypted=True file=Chương 911 Muốn quản ngươi tự đi mà quản.txt
  OK 912/1343 decrypted=True file=Chương 912 Giết.txt
  OK 913/1343 decrypted=True file=Chương 913 Mục đích của đại hội.txt
  OK 914/1343 decrypted=True file=Chương 914 Quỷ.txt
  OK 915/1343 decrypted=True file=Chương 915 Ta muốn xem ngươi yếu đến mức nào thôi.txt
  OK 916/1343 decrypted=True retry=2 file=Chương 916 Thuận sống nghịch chết.txt
  OK 917/1343 decrypted=True file=Chương 917 Tò mò.txt
  OK 918/1343 decrypted=True file=Chương 918 Không thể sống.txt
BATCH 919-936 / 1343
❌ Lỗi khi tải chương 13253212: HTTPSConnectionPool(host='android.lonoapp.net', port=443): Read timed out. (read timeout=10)
❌ Lỗi khi tải chương 13273475: HTTPSConnectionPool(host='android.lonoapp.net', port=443): Read timed out. (read timeout=10)
  OK 919/1343 decrypted=True file=Chương 919 Không dám nghĩ.txt
  OK 920/1343 decrypted=True file=Chương 920 Tế đàn.txt
  OK 921/1343 decrypted=True file=Chương 921 Kẻ có thể cùng nói chuyện.txt
  OK 922/1343 decrypted=True file=Chương 922 Hắc Vô Diện.txt
  OK 923/1343 decrypted=True file=Chương 923 Không gian bên trong Hắc Vô Diện.txt
  OK 924/1343 decrypted=True file=Chương 924 Chiêu hồn hồi hồn.txt
  OK 925/1343 decrypted=True retry=2 file=Chương 925 May là các ngươi gặp ta.txt
  OK 926/1343 decrypted=True file=Chương 926 Không muốn đánh.txt
  OK 927/1343 decrypted=True file=Chương 927 Bách Quỷ Dạ Hành.txt
  OK 928/1343 decrypted=True file=Chương 928 Yếu.txt
  OK 929/1343 decrypted=True file=Chương 929 Lần này ngươi may.txt
  OK 930/1343 decrypted=True file=Chương 930 Lĩnh vực của Quỷ.txt
  OK 931/1343 decrypted=True file=Chương 931 Hỏa Quỷ được việc hơn Lam Dực Quỷ.txt
  OK 932/1343 decrypted=True retry=2 file=Chương 932 Vừa đấm vừa xoa.txt
  OK 933/1343 decrypted=True file=Chương 933 Ma sói.txt
  OK 934/1343 decrypted=True file=Chương 934 Vẫn là ma sói nhưng ngoan hơn.txt
  OK 935/1343 decrypted=True file=Chương 935 Tộc người sói.txt
  OK 936/1343 decrypted=True file=Chương 936 Khiêu khích kẻ điên.txt
BATCH 937-954 / 1343
  OK 937/1343 decrypted=True file=Chương 937 Cuộc chiến của hai con quái vật.txt
  OK 938/1343 decrypted=True file=Chương 938 Mày làm tao bực rồi đấy chó hư.txt
  OK 939/1343 decrypted=True file=Chương 939 Cuồng bạo chiến đấu.txt
  OK 940/1343 decrypted=True file=Chương 940 Vậy ta gọi ngươi là thiếu chủ đi.txt
  OK 941/1343 decrypted=True file=Chương 941 Ma cà rồng.txt
  OK 942/1343 decrypted=True file=Chương 942 Muốn chết nhưng lại không thể chết.txt
  OK 943/1343 decrypted=True file=Chương 943 Linh Miêu.txt
  OK 944/1343 decrypted=True file=Chương 944 Vì cái gì không thể.txt
  OK 945/1343 decrypted=True file=Chương 945 Chiến.txt
  OK 946/1343 decrypted=True file=Chương 946 Ta muốn bán linh hồn cho ngươi.txt
  OK 947/1343 decrypted=True file=Chương 947 Kẻ vận chuyển Hắc Vô Diện.txt
  OK 948/1343 decrypted=True file=Chương 948 Truy tìm vùng đất bị lãng quên.txt
  OK 949/1343 decrypted=True file=Chương 949 Biết thế thì đừng làm.txt
  OK 950/1343 decrypted=True file=Chương 950 Lần sau phải ngoan.txt
  OK 951/1343 decrypted=True file=Chương 951 Nàng Elf.txt
  OK 952/1343 decrypted=True file=Chương 952 Không phải ai cũng biết điều.txt
  OK 953/1343 decrypted=True file=Chương 953 Vực Đá Sấm.txt
  OK 954/1343 decrypted=True file=Chương 954 Tiên tri trên bức tường đá.txt
BATCH 955-972 / 1343
  OK 955/1343 decrypted=True file=Chương 955 Hòn đảo.txt
  OK 956/1343 decrypted=True file=Chương 956 Ta sợ ta quá đẹp.txt
  OK 957/1343 decrypted=True file=Chương 957 Sắc đẹp tử thần.txt
  OK 958/1343 decrypted=True file=Chương 958 Ta sẽ dạy ngươi.txt
  OK 959/1343 decrypted=True file=Chương 959 Ngươi coi như bị lừa rồi.txt
  OK 960/1343 decrypted=True file=Chương 960 Giết gà dọa khỉ.txt
  OK 961/1343 decrypted=True file=Chương 961 Rồng từ phương Tây.txt
  OK 962/1343 decrypted=True file=Chương 962 Bị thao túng.txt
  OK 963/1343 decrypted=True file=Chương 963 Ngươi không còn là công chúa.txt
  OK 964/1343 decrypted=True file=Chương 964 Giết người sẽ gây nghiện đấy.txt
  OK 965/1343 decrypted=True file=Chương 965 Hai thuộc hạ Ác Ma.txt
  OK 966/1343 decrypted=True file=Chương 966 Tĩnh lặng.txt
  OK 967/1343 decrypted=True file=Chương 967 Trâu bò đánh nhau cả làng được nhờ.txt
  OK 968/1343 decrypted=True file=Chương 968 Ta tin ngươi.txt
  OK 969/1343 decrypted=True file=Chương 969 Cần phải mạnh hơn.txt
  OK 970/1343 decrypted=True file=Chương 970 Tộc Troll tiến hóa.txt
  OK 971/1343 decrypted=True file=Chương 971 Ban tên.txt
  OK 972/1343 decrypted=True file=Chương 972 Đại Tây Dương.txt
BATCH 973-990 / 1343
  OK 973/1343 decrypted=True file=Chương 973 Tam Giác Quỷ.txt
  OK 974/1343 decrypted=True file=Chương 974 Garous vs Kraken.txt
  OK 975/1343 decrypted=True file=Chương 975 Ngạ Quỷ Xích Viêm.txt
  OK 976/1343 decrypted=True file=Chương 976 Con mồi thì không nên chống cự.txt
  OK 977/1343 decrypted=True file=Chương 977 Sinh vật hạ đẳng.txt
  OK 978/1343 decrypted=True file=Chương 978 Đáng đời nhà ngươi.txt
  OK 979/1343 decrypted=True file=Chương 979 Đến lúc náo loạn thế giới.txt
  OK 980/1343 decrypted=True file=Chương 980 Vứt cho chó ăn.txt
  OK 981/1343 decrypted=True file=Chương 981 Nên cảm thấy may mắn.txt
  OK 982/1343 decrypted=True file=Chương 982 Hành động.txt
  OK 983/1343 decrypted=True file=Chương 983 Thử nghiệm.txt
  OK 984/1343 decrypted=True file=Chương 984 Làm trái quy tắc.txt
  OK 985/1343 decrypted=True file=Chương 985 Thiên Phạt.txt
  OK 986/1343 decrypted=True file=Chương 986 Năng lượng khởi nguyên Hỗn Độn.txt
  OK 987/1343 decrypted=True file=Chương 987 Nữ nhân bí ẩn.txt
  OK 988/1343 decrypted=True file=Chương 988 Nguy kịch.txt
  OK 989/1343 decrypted=True file=Chương 989 Fiona và tình cảm của Hilary.txt
  OK 990/1343 decrypted=True file=Chương 990 Chuyện tình.txt
BATCH 991-1008 / 1343
❌ Lỗi khi tải chương 13506340: HTTPSConnectionPool(host='android.lonoapp.net', port=443): Read timed out. (read timeout=10)
  OK 991/1343 decrypted=True file=Chương 991 Thu Phong tỉnh dậy.txt
  OK 992/1343 decrypted=True file=Chương 992 Trốn tránh quá khứ.txt
  OK 993/1343 decrypted=True file=Chương 993 Lĩnh vực khởi nguyên.txt
  OK 994/1343 decrypted=True file=Chương 994 Lăng mộ.txt
  OK 995/1343 decrypted=True file=Chương 995 Lam Ngọc Tâm.txt
  OK 996/1343 decrypted=True file=Chương 996 Tác dụng của trái tim mới.txt
  OK 997/1343 decrypted=True file=Chương 997 Ngày cận kề.txt
  OK 998/1343 decrypted=True file=Chương 998 Hắc Bạch Vô Thường ghé thăm.txt
  OK 999/1343 decrypted=True file=Chương 999 Tận thế đến.txt
  OK 1000/1343 decrypted=True file=Chương 1000 Ngày đó lập lại.txt
  OK 1001/1343 decrypted=True file=Chương 1001 Bí mật Tam Giới Lục Cõi.txt
  OK 1002/1343 decrypted=True file=Chương 1002 Thế giới nâng cấp.txt
  OK 1003/1343 decrypted=True retry=2 file=Chương 1003 Tồn hay vong do các ngươi quyết.txt
  OK 1004/1343 decrypted=True file=Chương 1004 Biểu quyết.txt
  OK 1005/1343 decrypted=True file=Chương 1005 Tuyển quân sư.txt
  OK 1006/1343 decrypted=True file=Chương 1006 Tận thế chỉ vừa mới bắt đầu.txt
  OK 1007/1343 decrypted=True file=Chương 1007 Thiếu niên bán Elf.txt
  OK 1008/1343 decrypted=True file=Chương 1008 Thú triều.txt
BATCH 1009-1026 / 1343
❌ Lỗi khi tải chương 13523837: HTTPSConnectionPool(host='android.lonoapp.net', port=443): Read timed out. (read timeout=10)
❌ Lỗi khi tải chương 13521186: HTTPSConnectionPool(host='android.lonoapp.net', port=443): Read timed out. (read timeout=10)
  OK 1009/1343 decrypted=True file=Chương 1009 Quân Vương.txt
  OK 1010/1343 decrypted=True file=Chương 1010 Lại nữa.txt
  OK 1011/1343 decrypted=True file=Chương 1011 Không thể tránh né.txt
  OK 1012/1343 decrypted=True retry=2 file=Chương 1012 Đại Đế Vento Đệ Nhất.txt
  OK 1013/1343 decrypted=True file=Chương 1013 Truy tìm Ma Tộc.txt
  OK 1014/1343 decrypted=True retry=2 file=Chương 1014 Các ngươi không ghê sợ ta sao.txt
  OK 1015/1343 decrypted=True file=Chương 1015 Bức tường tự nhiên.txt
  OK 1016/1343 decrypted=True file=Chương 1016 Sinh vật kỳ bí.txt
  OK 1017/1343 decrypted=True file=Chương 1017 Bên kia bức tường.txt
  OK 1018/1343 decrypted=True file=Chương 1018 Bức tường phân chia thế giới.txt
  OK 1019/1343 decrypted=True file=Chương 1019 Mái vòm.txt
  OK 1020/1343 decrypted=True file=Chương 1020 Garous đi bụi.txt
  OK 1021/1343 decrypted=True file=Chương 1021 Con mèo mê tiền.txt
  OK 1022/1343 decrypted=True file=Chương 1022 Đi tìm vùng đất khác biệt.txt
  OK 1023/1343 decrypted=True file=Chương 1023 Bảo sao.txt
  OK 1024/1343 decrypted=True file=Chương 1024 Đến em mình cũng không tha.txt
  OK 1025/1343 decrypted=True file=Chương 1025 Chúng ta sẽ cùng nhau bảo vệ gia đình này.txt
  OK 1026/1343 decrypted=True file=Chương 1026 Ông thầy vô trách nhiệm.txt
BATCH 1027-1044 / 1343
  OK 1027/1343 decrypted=True file=Chương 1027 Chiêu cuối cùng.txt
  OK 1028/1343 decrypted=True file=Chương 1028 Tin tức của lũ phù thủy.txt
  OK 1029/1343 decrypted=True file=Chương 1029 Bảy Đại Tội Bảy Đức Hạnh.txt
  OK 1030/1343 decrypted=True file=Chương 1030 Kẻ tốt trở thành kẻ xấu kẻ xấu lại trở thành kẻ tốt.txt
  OK 1031/1343 decrypted=True file=Chương 1031 Âm mưu.txt
  OK 1032/1343 decrypted=True file=Chương 1032 Thiên Long trưởng thành.txt
  OK 1033/1343 decrypted=True file=Chương 1033 Cơn điên của Hà Hải.txt
  OK 1034/1343 decrypted=True file=Chương 1034 Nói ra tất cả.txt
  OK 1035/1343 decrypted=True file=Chương 1035 Thằng em mới đáng sợ.txt
  OK 1036/1343 decrypted=True file=Chương 1036 Đến để thông báo.txt
  OK 1037/1343 decrypted=True file=Chương 1037 Dư luận chính là vũ khí đáng sợ nhất.txt
  OK 1038/1343 decrypted=True file=Chương 1038 Kế hoạch thắp sáng Busan.txt
  OK 1039/1343 decrypted=True file=Chương 1039 Thắp sáng Busan.txt
  OK 1040/1343 decrypted=True file=Chương 1040 Sự tàn nhẫn của Minh Con.txt
  OK 1041/1343 decrypted=True file=Chương 1041 Ngươi chọn thế nào đây.txt
  OK 1042/1343 decrypted=True file=Chương 1042 Cặn bã.txt
  OK 1043/1343 decrypted=True file=Chương 1043 Là người thường thật ư.txt
  OK 1044/1343 decrypted=True file=Chương 1044 Kẻ mang sắc dục.txt
BATCH 1045-1062 / 1343
  OK 1045/1343 decrypted=True file=Chương 1045 Kẻ lạ mặt đến từ thế giới quen thuộc.txt
  OK 1046/1343 decrypted=True file=Chương 1046 Kẻ đồng hương gặp nhau.txt
  OK 1047/1343 decrypted=True file=Chương 1047 Đặt tên cho rắn.txt
  OK 1048/1343 decrypted=True file=Chương 1048 Cách cho Lam Dực Quỷ.txt
  OK 1049/1343 decrypted=True file=Chương 1049 Có thể là bẫy.txt
  OK 1050/1343 decrypted=True file=Chương 1050 Thượng Quỷ Mị Ma.txt
  OK 1051/1343 decrypted=True file=Chương 1051 Hai con Quỷ kỳ lạ.txt
  OK 1052/1343 decrypted=True file=Chương 1052 Thắng không thắng thua không thua.txt
  OK 1053/1343 decrypted=True file=Chương 1053 Ai mới là thợ săn.txt
  OK 1054/1343 decrypted=True file=Chương 1054 Mưu hèn kế bẩn của một Lãnh Quỷ.txt
  OK 1055/1343 decrypted=True file=Chương 1055 Thầy trò Garous.txt
  OK 1056/1343 decrypted=True file=Chương 1056 Đến lúc trở về.txt
  OK 1057/1343 decrypted=True file=Chương 1057 Garous trở về.txt
  OK 1058/1343 decrypted=True file=Chương 1058 Vô dụng.txt
  OK 1059/1343 decrypted=True file=Chương 1059 Nói gì cơ.txt
  OK 1060/1343 decrypted=True file=Chương 1060 Quả trứng.txt
  OK 1061/1343 decrypted=True file=Chương 1061 Vua của muôn loài.txt
  OK 1062/1343 decrypted=True file=Chương 1062 Sau ngày đại họa.txt
BATCH 1063-1080 / 1343
❌ Lỗi khi tải chương 13655963: HTTPSConnectionPool(host='android.lonoapp.net', port=443): Read timed out. (read timeout=10)
  OK 1063/1343 decrypted=True file=Chương 1063 Khế ước.txt
  OK 1064/1343 decrypted=True file=Chương 1064 Cặp trứng.txt
  OK 1065/1343 decrypted=True file=Chương 1065 Bất lực của một kẻ không thể trở về.txt
  OK 1066/1343 decrypted=True file=Chương 1066 Bí mật của một thế giới rộng lớn.txt
  OK 1067/1343 decrypted=True file=Chương 1067 Chuẩn bị giáng lâm thế giới ngoài kia.txt
  OK 1068/1343 decrypted=True file=Chương 1068 Những vùng an toàn.txt
  OK 1069/1343 decrypted=True file=Chương 1069 Một con rồng.txt
  OK 1070/1343 decrypted=True file=Chương 1070 Con rồng và con phượng.txt
  OK 1071/1343 decrypted=True retry=2 file=Chương 1071 Hoang Châu.txt
  OK 1072/1343 decrypted=True file=Chương 1072 Thời gian chạy nhanh trở lại.txt
  OK 1073/1343 decrypted=True file=Chương 1073 Vùng đất tối.txt
  OK 1074/1343 decrypted=True file=Chương 1074 Sinh linh kì lạ.txt
  OK 1075/1343 decrypted=True file=Chương 1075 Bộ lạc.txt
  OK 1076/1343 decrypted=True file=Chương 1076 Ma Cây.txt
  OK 1077/1343 decrypted=True file=Chương 1077 Ma Linh Nguyên.txt
  OK 1078/1343 decrypted=True file=Chương 1078 Khô Lâu Vương.txt
  OK 1079/1343 decrypted=True file=Chương 1079 Có ăn hiếp quá không.txt
  OK 1080/1343 decrypted=True file=Chương 1080 Thu Phong Kẻ ngạo mạn.txt
BATCH 1081-1098 / 1343
  OK 1081/1343 decrypted=True file=Chương 1081 Hắc Diễm.txt
  OK 1082/1343 decrypted=True file=Chương 1082 Thu phục Khô Lâu Vương.txt
  OK 1083/1343 decrypted=True file=Chương 1083 Khô Lâu Vương Vigor.txt
  OK 1084/1343 decrypted=True file=Chương 1084 Thế giới nguy hiểm.txt
  OK 1085/1343 decrypted=True file=Chương 1085 Loạn chiến.txt
  OK 1086/1343 decrypted=True file=Chương 1086 Ăn một gậy.txt
  OK 1087/1343 decrypted=True file=Chương 1087 Hai con thú phát điên.txt
  OK 1088/1343 decrypted=True file=Chương 1088 Một cân hai.txt
  OK 1089/1343 decrypted=True file=Chương 1089 Một góc bí mật của thế giới.txt
  OK 1090/1343 decrypted=True file=Chương 1090 Đi vào di tích.txt
  OK 1091/1343 decrypted=True file=Chương 1091 Bài ca than khóc.txt
  OK 1092/1343 decrypted=True file=Chương 1092 Một tòa thành cổ nát.txt
  OK 1093/1343 decrypted=True file=Chương 1093 Hắc Nguyên Quân.txt
  OK 1094/1343 decrypted=True file=Chương 1094 Huyết Phong.txt
  OK 1095/1343 decrypted=True file=Chương 1095 Bản chất.txt
  OK 1096/1343 decrypted=True file=Chương 1096 Lại một kẻ khác.txt
  OK 1097/1343 decrypted=True file=Chương 1097 Dấu hiệu của đại loạn.txt
  OK 1098/1343 decrypted=True file=Chương 1098 Bạch Hổ Quốc.txt
BATCH 1099-1116 / 1343
❌ Lỗi khi tải chương 13707722: HTTPSConnectionPool(host='android.lonoapp.net', port=443): Read timed out. (read timeout=10)
❌ Lỗi khi tải chương 13713430: HTTPSConnectionPool(host='android.lonoapp.net', port=443): Read timed out. (read timeout=10)
❌ Lỗi khi tải chương 13724785: HTTPSConnectionPool(host='android.lonoapp.net', port=443): Read timed out. (read timeout=10)
  OK 1099/1343 decrypted=True file=Chương 1099 Một đạp.txt
  OK 1100/1343 decrypted=True file=Chương 1100 Kim Ngưu tộc.txt
  OK 1101/1343 decrypted=True file=Chương 1101 Kẻ mang mặt nạ.txt
  OK 1102/1343 decrypted=True retry=2 file=Chương 1102 Khôi lỗi.txt
  OK 1103/1343 decrypted=True file=Chương 1103 Garous phát điên.txt
  OK 1104/1343 decrypted=True file=Chương 1104 Sinh linh kỳ lạ xuất hiện.txt
  OK 1105/1343 decrypted=True file=Chương 1105 Chuyện năm xưa.txt
  OK 1106/1343 decrypted=True retry=2 file=Chương 1106 Thì ra là thế.txt
  OK 1107/1343 decrypted=True file=Chương 1107 Giun đất.txt
  OK 1108/1343 decrypted=True file=Chương 1108 Âm Dương Vô Diện.txt
  OK 1109/1343 decrypted=True file=Chương 1109 Là Ma tộc.txt
  OK 1110/1343 decrypted=True file=Chương 1110 Thiên phạt.txt
  OK 1111/1343 decrypted=True file=Chương 1111 Vạ miệng.txt
  OK 1112/1343 decrypted=True file=Chương 1112 Chuyện năm xưa.txt
  OK 1113/1343 decrypted=True file=Chương 1113 Lôi kiếp ngó lơ.txt
  OK 1114/1343 decrypted=True retry=2 file=Chương 1114 Cách thành Thần.txt
  OK 1115/1343 decrypted=True file=Chương 1115 Bị đả kích.txt
  OK 1116/1343 decrypted=True file=Chương 1116 Trận đánh cuối cùng.txt
BATCH 1117-1134 / 1343
❌ Lỗi khi tải chương 13746346: HTTPSConnectionPool(host='android.lonoapp.net', port=443): Read timed out. (read timeout=10)
  OK 1117/1343 decrypted=True file=Chương 1117 Phải đánh trúng.txt
  OK 1118/1343 decrypted=True file=Chương 1118 Quỷ Kiếm xuất thế.txt
  OK 1119/1343 decrypted=True file=Chương 1119 Loạn chiến Tứ Tượng.txt
  OK 1120/1343 decrypted=True file=Chương 1120 Tao còn chưa giết mày cơ mà.txt
  OK 1121/1343 decrypted=True file=Chương 1121 Kẻ đó.txt
  OK 1122/1343 decrypted=True file=Chương 1122 Hiểu không.txt
  OK 1123/1343 decrypted=True file=Chương 1123 Liều mạng.txt
  OK 1124/1343 decrypted=True file=Chương 1124 Đứa bé.txt
  OK 1125/1343 decrypted=True retry=2 file=Chương 1125 Lão mù lão lừa và đứa trẻ.txt
  OK 1126/1343 decrypted=True file=Chương 1126 Muốn thế giới trở nên tốt đẹp hơn.txt
  OK 1127/1343 decrypted=True file=Chương 1127 Ta tên Thiên Phong.txt
  OK 1128/1343 decrypted=True file=Chương 1128 Con đường sáng.txt
  OK 1129/1343 decrypted=True file=Chương 1129 Tôn Nữ Y Na.txt
  OK 1130/1343 decrypted=True file=Chương 1130 Tìm khu rừng.txt
  OK 1131/1343 decrypted=True file=Chương 1131 Đâm đầu vào chỗ chết.txt
  OK 1132/1343 decrypted=True file=Chương 1132 Ngươi dám dành cháu dâu của cháu ta.txt
  OK 1133/1343 decrypted=True file=Chương 1133 Bài kiểm tra.txt
  OK 1134/1343 decrypted=True file=Chương 1134 Cơn mưa.txt
BATCH 1135-1152 / 1343
  OK 1135/1343 decrypted=True file=Chương 1135 Vực dậy thế giới.txt
  OK 1136/1343 decrypted=True file=Chương 1136 Mẹ và con.txt
  OK 1137/1343 decrypted=True file=Chương 1137 Chăm trẻ.txt
  OK 1138/1343 decrypted=True file=Chương 1138 Con nhận nuôi nó.txt
  OK 1139/1343 decrypted=True file=Chương 1139 Đường đi đến tòa thành.txt
  OK 1140/1343 decrypted=True file=Chương 1140 Tòa thành u ám.txt
  OK 1141/1343 decrypted=True file=Chương 1141 Từng là Lục Địa Bay.txt
  OK 1142/1343 decrypted=True file=Chương 1142 Lựa chọn.txt
  OK 1143/1343 decrypted=True file=Chương 1143 Tử Ngạo nhận đệ tử.txt
  OK 1144/1343 decrypted=True file=Chương 1144 Kiêu ngạo.txt
  OK 1145/1343 decrypted=True file=Chương 1145 Đánh cho tỉnh.txt
  OK 1146/1343 decrypted=True file=Chương 1146 Phát điên.txt
  OK 1147/1343 decrypted=True file=Chương 1147 Thánh Viện Olympus.txt
  OK 1148/1343 decrypted=True file=Chương 1148 Ngày nhàn dần trôi qua.txt
  OK 1149/1343 decrypted=True file=Chương 1149 Lời hứa.txt
  OK 1150/1343 decrypted=True file=Chương 1150 Quỷ tham lam.txt
  OK 1151/1343 decrypted=True file=Chương 1151 Lục địa ngoài biển.txt
  OK 1152/1343 decrypted=True file=Chương 1152 Vì sao lại thế.txt
BATCH 1153-1170 / 1343
❌ Lỗi khi tải chương 13823651: HTTPSConnectionPool(host='android.lonoapp.net', port=443): Read timed out. (read timeout=10)
❌ Lỗi khi tải chương 13823651: HTTPSConnectionPool(host='android.lonoapp.net', port=443): Read timed out. (read timeout=10)
  OK 1153/1343 decrypted=True file=Chương 1153 Quỷ đầu dê.txt
  OK 1154/1343 decrypted=True file=Chương 1154 Ước nguyện của Rayam.txt
  OK 1155/1343 decrypted=True file=Chương 1155 Kẻ truyền thừa.txt
  OK 1156/1343 decrypted=True file=Chương 1156 Họa.txt
  OK 1157/1343 decrypted=True file=Chương 1157 Người có thể sống riêng ngươi không thể sống.txt
  OK 1158/1343 decrypted=True file=Chương 1158 Vong.txt
  OK 1159/1343 decrypted=True file=Chương 1159 Không nhịn được.txt
  OK 1160/1343 decrypted=True file=Chương 1160 THẦN MA NHÂN toàn bộ giết.txt
  OK 1161/1343 decrypted=True file=Chương 1161 Một kiếp khác.txt
  OK 1162/1343 decrypted=True file=Chương 1162 Mấy ngàn năm trôi qua.txt
  OK 1163/1343 decrypted=True retry=3 file=Chương 1163 Phá kết giới.txt
  OK 1164/1343 decrypted=True file=Chương 1164 Tùy.txt
  OK 1165/1343 decrypted=True file=Chương 1165 Vĩnh bất vi nô.txt
  OK 1166/1343 decrypted=True file=Chương 1166 Chúng ta đều theo ngươi.txt
  OK 1167/1343 decrypted=True file=Chương 1167 Đánh du kích.txt
  OK 1168/1343 decrypted=True file=Chương 1168 Quốc Thiên vs Thượng Quỷ.txt
  OK 1169/1343 decrypted=True file=Chương 1169 Đấu chiến hiệp hai.txt
  OK 1170/1343 decrypted=True file=Chương 1170 Đánh ngất.txt
BATCH 1171-1188 / 1343
  OK 1171/1343 decrypted=True file=Chương 1171 Tại sao lại chấp nhận cái chết.txt
  OK 1172/1343 decrypted=True file=Chương 1172 Ngạc Sa.txt
  OK 1173/1343 decrypted=True file=Chương 1173 Ta tìm các ngươi mãi.txt
  OK 1174/1343 decrypted=True file=Chương 1174 Kẻ Thu Phong ghét cay ghét đắng.txt
  OK 1175/1343 decrypted=True file=Chương 1175 Ngươi chỉ có 1% cơ hội.txt
  OK 1176/1343 decrypted=True file=Chương 1176 Không thích cũng không phải chọn.txt
  OK 1177/1343 decrypted=True file=Chương 1177 So tài với những kẻ nhanh nhất.txt
  OK 1178/1343 decrypted=True file=Chương 1178 Garous mất kiểm soát.txt
  OK 1179/1343 decrypted=True file=Chương 1179 Trở về hay không.txt
  OK 1180/1343 decrypted=True file=Chương 1180 Về thế giới Quốc Phong.txt
  OK 1181/1343 decrypted=True file=Chương 1181 Đòi người.txt
  OK 1182/1343 decrypted=True file=Chương 1182 Thích thì chiến.txt
  OK 1183/1343 decrypted=True file=Chương 1183 Thủy Thạch Tượng Long xuất hiện.txt
  OK 1184/1343 decrypted=True file=Chương 1184 Giang Nam và Thụy Hải.txt
  OK 1185/1343 decrypted=True file=Chương 1185 Đại chiến.txt
  OK 1186/1343 decrypted=True file=Chương 1186 Giang Nam vs Thủy Thạch Tượng Long.txt
  OK 1187/1343 decrypted=True file=Chương 1187 Mày muốn chết như thế nào.txt
  OK 1188/1343 decrypted=True file=Chương 1188 Trở về.txt
BATCH 1189-1206 / 1343
❌ Lỗi khi tải chương 13889632: HTTPSConnectionPool(host='android.lonoapp.net', port=443): Read timed out. (read timeout=10)
  OK 1189/1343 decrypted=True file=Chương 1189 Toàn kẻ điên.txt
  OK 1190/1343 decrypted=True file=Chương 1190 Độc Ma Long.txt
  OK 1191/1343 decrypted=True file=Chương 1191 Thu Phong vs Giang Nam 1.txt
  OK 1192/1343 decrypted=True file=Chương 1192 Thu Phong vs Giang Nam 2.txt
  OK 1193/1343 decrypted=True file=Chương 1193 Thu Phong vs Giang Nam 3.txt
  OK 1194/1343 decrypted=True file=Chương 1194 Ta cho ngươi thế giới này.txt
  OK 1195/1343 decrypted=True file=Chương 1195 Thuồng Luồng Cao Lãng.txt
  OK 1196/1343 decrypted=True file=Chương 1196 Mua bán thế giới.txt
  OK 1197/1343 decrypted=True retry=2 file=Chương 1197 Cổ Thần liệu còn sống.txt
  OK 1198/1343 decrypted=True file=Chương 1198 Cảm giác ớn lạnh.txt
  OK 1199/1343 decrypted=True file=Chương 1199 Anh là đồ chết tiệt.txt
  OK 1200/1343 decrypted=True file=Chương 1200 Chào đón.txt
  OK 1201/1343 decrypted=True file=Chương 1201 Khiêu chiến.txt
  OK 1202/1343 decrypted=True file=Chương 1202 1 vs tất cả.txt
  OK 1203/1343 decrypted=True file=Chương 1203 Trận đánh lịch sử.txt
  OK 1204/1343 decrypted=True file=Chương 1204 Ra đường anh là cá mập.txt
  OK 1205/1343 decrypted=True file=Chương 1205 Tiên Lực.txt
  OK 1206/1343 decrypted=True file=Chương 1206 Ngũ chi Đại Đạo.txt
BATCH 1207-1224 / 1343
  OK 1207/1343 decrypted=True file=Chương 1207 Đứa trẻ ngoan hay cứ ngoan đi.txt
  OK 1208/1343 decrypted=True file=Chương 1208 Hãy sống thật hạnh phúc.txt
  OK 1209/1343 decrypted=True file=Chương 1209 Không còn như trước.txt
  OK 1210/1343 decrypted=True file=Chương 1210 Chuyện cuối cùng.txt
  OK 1211/1343 decrypted=True file=Chương 1211 Coi như cứu thế giới chết tiệt này đi.txt
  OK 1212/1343 decrypted=True file=Chương 1212 Anh về rồi đây.txt
  OK 1213/1343 decrypted=True file=Chương 1213 Anh em đoàn tụ.txt
  OK 1214/1343 decrypted=True file=Chương 1214 Trọng trách.txt
  OK 1215/1343 decrypted=True file=Chương 1215 Nguồn gốc ở đâu.txt
  OK 1216/1343 decrypted=True file=Chương 1216 Làm Thần có ích gì.txt
  OK 1217/1343 decrypted=True file=Chương 1217 Ta về thăm mẹ.txt
  OK 1218/1343 decrypted=True file=Chương 1218 Nàng là ai.txt
  OK 1219/1343 decrypted=True file=Chương 1219 Hoàng Lam Kim Nhãn.txt
  OK 1220/1343 decrypted=True file=Chương 1220 Silbl Lisa.txt
  OK 1221/1343 decrypted=True file=Chương 1221 Người che giấu thiên cơ.txt
  OK 1222/1343 decrypted=True file=Chương 1222 Là vì mẹ nhớ con.txt
  OK 1223/1343 decrypted=True file=Chương 1223 Khống Ngục Thần Nhãn và Thiên Giới loạn.txt
  OK 1224/1343 decrypted=True file=Chương 1224 Con đường đầy chông gai.txt
BATCH 1225-1242 / 1343
  OK 1225/1343 decrypted=True file=Chương 1225 Câu trả lời thích đáng.txt
  OK 1226/1343 decrypted=True file=Chương 1226 Thu Hương.txt
  OK 1227/1343 decrypted=True file=Chương 1227 Nụ cười của Thu Hương.txt
  OK 1228/1343 decrypted=True file=Chương 1228 Thần Magni.txt
  OK 1229/1343 decrypted=True file=Chương 1229 Cho ta thấy ý đồ của ngươi.txt
  OK 1230/1343 decrypted=True file=Chương 1230 Thực thể chiến tranh biến đổi vũ khí.txt
  OK 1231/1343 decrypted=True file=Chương 1231 Sức mạnh hủy diệt.txt
  OK 1232/1343 decrypted=True file=Chương 1232 Sức mạnh mất kiểm soát.txt
  OK 1233/1343 decrypted=True file=Chương 1233 Hai kẻ lạc lõng.txt
  OK 1234/1343 decrypted=True file=Chương 1234 Magni đáng thương.txt
  OK 1235/1343 decrypted=True file=Chương 1235 Bắt ký nợ.txt
  OK 1236/1343 decrypted=True file=Chương 1236 Thầy chùa.txt
  OK 1237/1343 decrypted=True file=Chương 1237 Chủ nợ và hai con nợ.txt
  OK 1238/1343 decrypted=True file=Chương 1238 Thành Narok.txt
  OK 1239/1343 decrypted=True file=Chương 1239 Ranh con.txt
  OK 1240/1343 decrypted=True file=Chương 1240 Đánh nhanh đi.txt
  OK 1241/1343 decrypted=True file=Chương 1241 Giết.txt
  OK 1242/1343 decrypted=True file=Chương 1242 Phế Thần.txt
BATCH 1243-1260 / 1343
  OK 1243/1343 decrypted=True file=Chương 1243 Cháu của Magni.txt
  OK 1244/1343 decrypted=True file=Chương 1244 Trật Tự và Hỗn Độn.txt
  OK 1245/1343 decrypted=True file=Chương 1245 Đừng có đi tìm chết.txt
  OK 1246/1343 decrypted=True file=Chương 1246 Tính làm cướp.txt
  OK 1247/1343 decrypted=True file=Chương 1247 Kẻ thứ 7.txt
  OK 1248/1343 decrypted=True file=Chương 1248 Lại bị lạc.txt
  OK 1249/1343 decrypted=True file=Chương 1249 Chuột sa hũ gạo.txt
  OK 1250/1343 decrypted=True file=Chương 1250 Hạ Phong.txt
  OK 1251/1343 decrypted=True file=Chương 1251 Khôi phục cho Hạ Phong.txt
  OK 1252/1343 decrypted=True file=Chương 1252 Giao dịch.txt
  OK 1253/1343 decrypted=True file=Chương 1253 Ngươi lại muốn có cuộc sống bình phàm.txt
  OK 1254/1343 decrypted=True file=Chương 1254 Tĩnh lặng.txt
  OK 1255/1343 decrypted=True file=Chương 1255 Nó đã quay lại.txt
  OK 1256/1343 decrypted=True file=Chương 1256 Công tước quỷ Haborym.txt
  OK 1257/1343 decrypted=True file=Chương 1257 Chiến.txt
  OK 1258/1343 decrypted=True file=Chương 1258 Diễm Nhãn Dạ Xoa.txt
  OK 1259/1343 decrypted=True file=Chương 1259 Xin thần phục.txt
  OK 1260/1343 decrypted=True file=Chương 1260 Thần Phật nhắm đến.txt
BATCH 1261-1278 / 1343
  OK 1261/1343 decrypted=True file=Chương 1261 Thiên Phong.txt
  OK 1262/1343 decrypted=True file=Chương 1262 Zeus.txt
  OK 1263/1343 decrypted=True file=Chương 1263 Mũ Thần Bóng Tối Hades.txt
  OK 1264/1343 decrypted=True file=Chương 1264 Cuộc chiến giữa ba vị thần mạnh nhất.txt
  OK 1265/1343 decrypted=True file=Chương 1265 Olympus xóa tên khỏi Thiên Giới.txt
  OK 1266/1343 decrypted=True file=Chương 1266 Chiến.txt
  OK 1267/1343 decrypted=True file=Chương 1267 Điều tra về tiền kiếp Autuna Vento.txt
  OK 1268/1343 decrypted=True file=Chương 1268 Chuyển Luân Vương.txt
  OK 1269/1343 decrypted=True file=Chương 1269 Nhị Lang Thần và Tam thái tử xuất hiện.txt
  OK 1270/1343 decrypted=True file=Chương 1270 Mọi thứ sẽ kết thúc.txt
  OK 1271/1343 decrypted=True file=Chương 1271 Tạm tin.txt
  OK 1272/1343 decrypted=True file=Chương 1272 Con đường phía trước.txt
  OK 1273/1343 decrypted=True file=Chương 1273 Ngày tàn của chư thần.txt
  OK 1274/1343 decrypted=True file=Chương 1274 Lucifer.txt
  OK 1275/1343 decrypted=True file=Chương 1275 Hội ngộ.txt
  OK 1276/1343 decrypted=True file=Chương 1276 Yêu Linh Giới.txt
  OK 1277/1343 decrypted=True file=Chương 1277 Điều kiện đã hoàn thành.txt
  OK 1278/1343 decrypted=True file=Chương 1278 Căn phòng của Cổ Thần.txt
BATCH 1279-1296 / 1343
  OK 1279/1343 decrypted=True file=Chương 1279 Người tạo ra Khống Ngục Thần Nhãn.txt
  OK 1280/1343 decrypted=True file=Chương 1280 Quy tắc vận hành.txt
  OK 1281/1343 decrypted=True file=Chương 1281 Yêu Vương Hắc Sư tuyên thệ.txt
  OK 1282/1343 decrypted=True file=Chương 1282 Tháp luân hồi.txt
  OK 1283/1343 decrypted=True file=Chương 1283 Quỷ Vương khác.txt
  OK 1284/1343 decrypted=True file=Chương 1284 Đại đạo suy yếu.txt
  OK 1285/1343 decrypted=True file=Chương 1285 Hố đen và hố trắng.txt
  OK 1286/1343 decrypted=True file=Chương 1286 Cuộc trò chuyện của hai người mạnh nhất Ma Giới.txt
  OK 1287/1343 decrypted=True file=Chương 1287 Thập công chúa Cecania Luna.txt
  OK 1288/1343 decrypted=True file=Chương 1288 Trở thành nô lệ của ta.txt
  OK 1289/1343 decrypted=True file=Chương 1289 Ký ức giải khai.txt
  OK 1290/1343 decrypted=True file=Chương 1290 Ngày đó cũng đến.txt
  OK 1291/1343 decrypted=True file=Chương 1291 Gặp lại thầy chùa.txt
  OK 1292/1343 decrypted=True file=Chương 1292 Hồi sinh Tiết Long Quý.txt
  OK 1293/1343 decrypted=True file=Chương 1293 Không đề.txt
  OK 1294/1343 decrypted=True file=Chương 1294 Huyết Phong gặp Nhất Phong.txt
  OK 1295/1343 decrypted=True file=Chương 1295 Kẻ tôi tớ hùng mạnh.txt
  OK 1296/1343 decrypted=True file=Chương 1296 Ta cho ngươi thấy thế nào gọi là mạnh.txt
BATCH 1297-1314 / 1343
  OK 1297/1343 decrypted=True file=Chương 1297 Sức mạnh của Thu Phong.txt
  OK 1298/1343 decrypted=True file=Chương 1298 Biến cố.txt
  OK 1299/1343 decrypted=True file=Chương 1299 Vùng Không Chất.txt
  OK 1300/1343 decrypted=True file=Chương 1300 Thạch Tâm.txt
  OK 1301/1343 decrypted=True file=Chương 1301 Ta là trẻ mồ côi đừng gọi ta là con.txt
  OK 1302/1343 decrypted=True file=Chương 1302 Chọn ai.txt
  OK 1303/1343 decrypted=True file=Chương 1303 Đi vào hỗn độn.txt
  OK 1304/1343 decrypted=True file=Chương 1304 Thiên Phong bị bắt.txt
  OK 1305/1343 decrypted=True file=Chương 1305 Thất hồn hội tụ.txt
  OK 1306/1343 decrypted=True file=Chương 1306 Đánh.txt
  OK 1307/1343 decrypted=True file=Chương 1307 Cửu Thiên Huyền Nữ.txt
  OK 1308/1343 decrypted=True file=Chương 1308 Bày trò.txt
  OK 1309/1343 decrypted=True file=Chương 1309 Anselm Kẻ mang sức mạnh của Tử Vong Đại Đạo.txt
  OK 1310/1343 decrypted=True file=Chương 1310 Vương Mẫu nương nương.txt
  OK 1311/1343 decrypted=True file=Chương 1311 Ma Thần Vương và Yahweh.txt
  OK 1312/1343 decrypted=True file=Chương 1312 Vĩnh hằng thật sự.txt
  OK 1313/1343 decrypted=True file=Chương 1313 Hô to cái tên của bệ hạ.txt
  OK 1314/1343 decrypted=True file=Chương 1314 Dị tượng.txt
BATCH 1315-1332 / 1343
  OK 1315/1343 decrypted=True file=Chương 1315 Quyết định của Vương Mẫu nương nương.txt
  OK 1316/1343 decrypted=True file=Chương 1316 Không còn cách nào khác.txt
  OK 1317/1343 decrypted=True file=Chương 1317 Bốn phe khai chiến.txt
  OK 1318/1343 decrypted=True file=Chương 1318 Seraphiel trở lại.txt
  OK 1319/1343 decrypted=True file=Chương 1319 Behemoth Jocasta.txt
  OK 1320/1343 decrypted=True file=Chương 1320 Seraphiel bị dụ dỗ.txt
  OK 1321/1343 decrypted=True file=Chương 1321 Sự nhàm chán của Thủy Thạch Tượng Long.txt
  OK 1322/1343 decrypted=True file=Chương 1322 Một nửa sự thật không phải là sự thật.txt
  OK 1323/1343 decrypted=True file=Chương 1323 Kẻ nào phá bĩnh con trai ta.txt
  OK 1324/1343 decrypted=True file=Chương 1324 7 Quỷ Vương vs 7 Tổng Lãnh Thiên Thần.txt
  OK 1325/1343 decrypted=True file=Chương 1325 Âm Dương Vô Diện và Magni.txt
  OK 1326/1343 decrypted=True file=Chương 1326 Magni vs Âm Dương Vô Diện.txt
  OK 1327/1343 decrypted=True file=Chương 1327 Giang Nam vs Âm Dương Vô Diện.txt
  OK 1328/1343 decrypted=True file=Chương 1328 Thể thuật chiến.txt
  OK 1329/1343 decrypted=True file=Chương 1329 Quỷ Kiếm.txt
  OK 1330/1343 decrypted=True file=Chương 1330 Tới đó rồi tính.txt
  OK 1331/1343 decrypted=True file=Chương 1331 Lôi kiếp Luân Hồi.txt
  OK 1332/1343 decrypted=True file=Chương 1332 Tâm ma.txt
BATCH 1333-1343 / 1343
  OK 1333/1343 decrypted=True file=Chương 1333 Tử Lôi Tuyệt Lộ Kiếp.txt
  OK 1334/1343 decrypted=True file=Chương 1334 Ta muốn bỏ mặt nạ sống như người bình thường.txt
  OK 1335/1343 decrypted=True file=Chương 1335 Linh hồn ký ức của Autuna Vento.txt
  OK 1336/1343 decrypted=True file=Chương 1336 Trò chơi Vùng đất hạnh phúc.txt
  OK 1337/1343 decrypted=True file=Chương 1337 Sống lại một kiếp của ta.txt
  OK 1338/1343 decrypted=True file=Chương 1338 Ta không phải anh em với ngươi.txt
  OK 1339/1343 decrypted=True file=Chương 1339 Thế giới này dường như không có thực.txt
  OK 1340/1343 decrypted=True file=Chương 1340 Tam Giới Lục Cõi chiến lần thứ hai.txt
  OK 1341/1343 decrypted=True file=Chương 1341 Chiến tranh.txt
  OK 1342/1343 decrypted=True file=Chương 1342 Đột phá.txt
  OK 1343/1343 decrypted=True file=Chương 1343 Đại kết cục.txt
final_ok=1343
final_fail=0
out=C:\Dev\MTC\Tam Giới Lục Cõi Ký

[stderr]
