book=Vô Tận Trùng Sinh
book_id=104343
out=C:\Dev\MTC\Vô Tận Trùng Sinh
chapters_total=1322 expected=1322
workers=6 batch_size=18
BATCH 1-18 / 1322
❌ Lỗi khi tải chương 12838546: HTTPSConnectionPool(host='android.lonoapp.net', port=443): Read timed out. (read timeout=10)
  OK 1/1322 decrypted=True file=Chương 1 Đại Thiên Nguyên Giới.txt
  OK 2/1322 decrypted=True file=Chương 2 Đi săn.txt
  OK 3/1322 decrypted=True file=Chương 3 Hòn đảo thứ hai.txt
  OK 4/1322 decrypted=True file=Chương 4 Cuộc sống trên đảo hoang.txt
  OK 5/1322 decrypted=True file=Chương 5 Tìm tới.txt
  OK 6/1322 decrypted=True retry=2 file=Chương 6 Ba năm sau.txt
  OK 7/1322 decrypted=True file=Chương 7 Nguyên giả duy nhất trên Lam Hải Tinh.txt
  OK 8/1322 decrypted=True file=Chương 8 Vệ sĩ tạm thời.txt
  OK 9/1322 decrypted=True file=Chương 9 Dạy cho Trương Vân Vân một bài học.txt
  OK 10/1322 decrypted=True file=Chương 10 Mỏ quạ đen.txt
  OK 11/1322 decrypted=True file=Chương 11 Kẻ nào dám động đến Lâm gia.txt
  OK 12/1322 decrypted=True file=Chương 12 Dạo chơi buổi tối.txt
  OK 13/1322 decrypted=True file=Chương 13 Đi mua đồ.txt
  OK 14/1322 decrypted=True file=Chương 14 Chuẩn bị ra về.txt
  OK 15/1322 decrypted=True file=Chương 15 Tới thẳng Lâm gia.txt
  OK 16/1322 decrypted=True file=Chương 16 Ta đến rồi đây.txt
  OK 17/1322 decrypted=True file=Chương 17 Trào phúng ngược.txt
  OK 18/1322 decrypted=True file=Chương 18 Hai tiểu ăn hàng.txt
BATCH 19-36 / 1322
  OK 19/1322 decrypted=True file=Chương 19 Cơ Không.txt
  OK 20/1322 decrypted=True file=Chương 20 Trò truyện cùng Cơ Không.txt
  OK 21/1322 decrypted=True file=Chương 21 Tộc nhân cuối cùng Chiêm Tinh tộc.txt
  OK 22/1322 decrypted=True file=Chương 22 Một câu chuyện có thể kể mãi không hết.txt
  OK 23/1322 decrypted=True file=Chương 23 Rời Lâm gia.txt
  OK 24/1322 decrypted=True file=Chương 24 Cướp giữa đường.txt
  OK 25/1322 decrypted=True file=Chương 25 Hảo tâm nhắc nhở.txt
  OK 26/1322 decrypted=True file=Chương 26 Quán mỳ vạn năm.txt
  OK 27/1322 decrypted=True file=Chương 27 Đấu giá hội 1.txt
  OK 28/1322 decrypted=True file=Chương 28 Đấu giá hội 2.txt
  OK 29/1322 decrypted=True file=Chương 29 Tự làm xấu mặt.txt
  OK 30/1322 decrypted=True file=Chương 30 Không chấp với người chết.txt
  OK 31/1322 decrypted=True file=Chương 31 Chữa bệnh.txt
  OK 32/1322 decrypted=True file=Chương 32 Lam Tiểu Nhu.txt
  OK 33/1322 decrypted=True file=Chương 33 Giúp đỡ tiểu nha đầu.txt
  OK 34/1322 decrypted=True file=Chương 34 Lấy dược liệu.txt
  OK 35/1322 decrypted=True file=Chương 35 Cao lão bản.txt
  OK 36/1322 decrypted=True file=Chương 36 Sinh ý làm ăn.txt
BATCH 37-54 / 1322
  OK 37/1322 decrypted=True file=Chương 37 Luyện chế Hỗn Nguyên Linh Dịch.txt
  OK 38/1322 decrypted=True file=Chương 38 Hồng môn yến.txt
  OK 39/1322 decrypted=True file=Chương 39 Như chó gặp chủ.txt
  OK 40/1322 decrypted=True file=Chương 40 Khó khăn của Từ gia.txt
  OK 41/1322 decrypted=True file=Chương 41 Giao thủ.txt
  OK 42/1322 decrypted=True file=Chương 42 Băng thứ chữa ám thương.txt
  OK 43/1322 decrypted=True file=Chương 43 Thành Tây quỷ dị.txt
  OK 44/1322 decrypted=True file=Chương 44 Gặp người quen.txt
  OK 45/1322 decrypted=True file=Chương 45 Nhà trọ quỷ dị 1.txt
  OK 46/1322 decrypted=True file=Chương 46 Nhà trọ quỷ dị 2.txt
  OK 47/1322 decrypted=True file=Chương 47 Dưỡng Hồn Quan.txt
  OK 48/1322 decrypted=True file=Chương 48 Dị trạng của Luân Hồi Chú.txt
  OK 49/1322 decrypted=True file=Chương 49 Lai lịch Dưỡng Hồn Quan.txt
  OK 50/1322 decrypted=True file=Chương 50 Cầu cứu Khương Thần.txt
  OK 51/1322 decrypted=True file=Chương 51 Sự cố trên máy bay.txt
  OK 52/1322 decrypted=True file=Chương 52 Chữa bệnh.txt
  OK 53/1322 decrypted=True file=Chương 53 Đại nhân vật.txt
  OK 54/1322 decrypted=True file=Chương 54 Tinh Vẫn Thiết.txt
BATCH 55-72 / 1322
  OK 55/1322 decrypted=True file=Chương 55 Ám ti.txt
  OK 56/1322 decrypted=True file=Chương 56 Thân phận lão thái bà.txt
  OK 57/1322 decrypted=True file=Chương 57 Gặp lại lão thái bà.txt
  OK 58/1322 decrypted=True file=Chương 58 Gặp lại Dịch Phong.txt
  OK 59/1322 decrypted=True file=Chương 59 Giúp đỡ tiểu cô nương.txt
  OK 60/1322 decrypted=True file=Chương 60 Ra chút sự tình.txt
  OK 61/1322 decrypted=True file=Chương 61 Cao Hình Thiên gọi điện.txt
  OK 62/1322 decrypted=True file=Chương 62 Cao Hình Thiên bái phỏng.txt
  OK 63/1322 decrypted=True file=Chương 63 Vân Tu Kiệt.txt
  OK 64/1322 decrypted=True file=Chương 64 Thủ pháp chữa bệnh kì lạ.txt
  OK 65/1322 decrypted=True file=Chương 65 Phân bộ của Ám ti.txt
  OK 66/1322 decrypted=True file=Chương 66 Lại đến Cao gia.txt
  OK 67/1322 decrypted=True file=Chương 67 Chuẩn bị trước.txt
  OK 68/1322 decrypted=True file=Chương 68 Âm hồn tới.txt
  OK 69/1322 decrypted=True file=Chương 69 Toan tính của Khương Thần.txt
  OK 70/1322 decrypted=True file=Chương 70 Tụ tập cùng Từ Trạch Đông.txt
  OK 71/1322 decrypted=True file=Chương 71 Cố Hào Kiện khiêu khích.txt
  OK 72/1322 decrypted=True file=Chương 72 Phán đoán sai.txt
BATCH 73-90 / 1322
  OK 73/1322 decrypted=True file=Chương 73 Từ Trạch Đông đắc chí.txt
  OK 74/1322 decrypted=True file=Chương 74 Giao thủ trong rừng sâu.txt
  OK 75/1322 decrypted=True file=Chương 75 Ngự quỷ thuật.txt
  OK 76/1322 decrypted=True file=Chương 76 Thủ đoạn của Vu sư.txt
  OK 77/1322 decrypted=True file=Chương 77 Cứu giúp minh tinh 1.txt
  OK 78/1322 decrypted=True file=Chương 78 Cứu giúp minh tinh 2.txt
  OK 79/1322 decrypted=True file=Chương 79 Uy hiếp Lục Tiểu Uyển.txt
  OK 80/1322 decrypted=True file=Chương 80 Giải quyết vấn đề.txt
  OK 81/1322 decrypted=True file=Chương 81 Khởi động trận pháp.txt
  OK 82/1322 decrypted=True file=Chương 82 Nghiêm túc tu luyện.txt
  OK 83/1322 decrypted=True file=Chương 83 Dằn mặt Trương Nghị.txt
  OK 84/1322 decrypted=True file=Chương 84 Đánh cược.txt
  OK 85/1322 decrypted=True file=Chương 85 Lần đầu tiên thất thố.txt
  OK 86/1322 decrypted=True file=Chương 86 Khương Thần tới 1.txt
  OK 87/1322 decrypted=True file=Chương 87 Khương Thần tới 2.txt
  OK 88/1322 decrypted=True file=Chương 88 Giết người từ xa.txt
  OK 89/1322 decrypted=True file=Chương 89 Một lần xuất thủ của ta chính là vô giá.txt
  OK 90/1322 decrypted=True file=Chương 90 Đi Thiên Huyễn quốc.txt
BATCH 91-108 / 1322
  OK 91/1322 decrypted=True file=Chương 91 Đem theo ý tốt mà đến.txt
  OK 92/1322 decrypted=True file=Chương 92 Mối quan hệ đặc biệt.txt
  OK 93/1322 decrypted=True file=Chương 93 Lâm Thiên Bá cao ngạo.txt
  OK 94/1322 decrypted=True file=Chương 94 Lão bản giở trò.txt
  OK 95/1322 decrypted=True file=Chương 95 Cắt ra phế thạch.txt
  OK 96/1322 decrypted=True file=Chương 96 Có người nhắm tới.txt
  OK 97/1322 decrypted=True file=Chương 97 Ra chút chuyện 1.txt
  OK 98/1322 decrypted=True file=Chương 98 Ra chút chuyện 2.txt
  OK 99/1322 decrypted=True file=Chương 99 Ra chút chuyện 3.txt
  OK 100/1322 decrypted=True file=Chương 100 Đấu giá nguyên thạch.txt
  OK 101/1322 decrypted=True file=Chương 101 Minh đại sư 1.txt
  OK 102/1322 decrypted=True file=Chương 102 Minh đại sư 2.txt
  OK 103/1322 decrypted=True file=Chương 103 Sự bá đạo của Thánh Đồng.txt
  OK 104/1322 decrypted=True file=Chương 104 Luyện dược sau vạn năm.txt
  OK 105/1322 decrypted=True file=Chương 105 Đột phá Nguyên Hồn Cảnh.txt
  OK 106/1322 decrypted=True file=Chương 106 Du lịch thành Tây.txt
  OK 107/1322 decrypted=True file=Chương 107 Trấn Hồn Quan dị biến.txt
  OK 108/1322 decrypted=True file=Chương 108 Trấn áp Trấn Hồn Quan.txt
BATCH 109-126 / 1322
  OK 109/1322 decrypted=True file=Chương 109 Trấn Hồn Quan thành tinh.txt
  OK 110/1322 decrypted=True file=Chương 110 Lâm Chấn Thiên kết cục.txt
  OK 111/1322 decrypted=True file=Chương 111 Ngoài ý muốn gặp Băng Nguyên Thảo.txt
  OK 112/1322 decrypted=True file=Chương 112 Người chết trở về.txt
  OK 113/1322 decrypted=True file=Chương 113 Trở lại Mê Thất Đảo.txt
  OK 114/1322 decrypted=True file=Chương 114 Cơ quan mở ra.txt
  OK 115/1322 decrypted=True file=Chương 115 Cổ Trường Sinh.txt
  OK 116/1322 decrypted=True file=Chương 116 Hé lộ.txt
  OK 117/1322 decrypted=True file=Chương 117 Ngoại giới sáu năm sau.txt
  OK 118/1322 decrypted=True file=Chương 118 Tiệc sinh nhật.txt
  OK 119/1322 decrypted=True file=Chương 119 Gặp lại Lam Tiểu Nhu.txt
  OK 120/1322 decrypted=True file=Chương 120 Hàn Thiên Hùng nguy kịch.txt
  OK 121/1322 decrypted=True file=Chương 121 Kinh biến.txt
  OK 122/1322 decrypted=True file=Chương 122 Lâm Thải Hân chết.txt
  OK 123/1322 decrypted=True file=Chương 123 Nguyên Tôn Cảnh linh hồn phân thân.txt
  OK 124/1322 decrypted=True file=Chương 124 Đồ đằng Hồn tộc.txt
  OK 125/1322 decrypted=True file=Chương 125 Thánh Đồng đối Hồn Ấn.txt
  OK 126/1322 decrypted=True file=Chương 126 Hồi sinh Lâm Thải Hân.txt
BATCH 127-144 / 1322
❌ Lỗi khi tải chương 13054683: HTTPSConnectionPool(host='android.lonoapp.net', port=443): Read timed out. (read timeout=10)
  OK 127/1322 decrypted=True file=Chương 127 Luân Hồi Chú xuất hiện.txt
  OK 128/1322 decrypted=True file=Chương 128 Bản thể của Luân Hồi Chú.txt
  OK 129/1322 decrypted=True file=Chương 129 Bộ mặt thật.txt
  OK 130/1322 decrypted=True file=Chương 130 Từng tầng chuẩn bị.txt
  OK 131/1322 decrypted=True file=Chương 131 Thủ đoạn sau cùng của Cổ Trường Sinh.txt
  OK 132/1322 decrypted=True file=Chương 132 Bát Quan Trấn Quỷ Trận.txt
  OK 133/1322 decrypted=True file=Chương 133 Đoạt xá.txt
  OK 134/1322 decrypted=True file=Chương 134 Hắn khóc.txt
  OK 135/1322 decrypted=True retry=2 file=Chương 135 Rời đi.txt
  OK 136/1322 decrypted=True file=Chương 136 Công việc mới.txt
  OK 137/1322 decrypted=True file=Chương 137 Dời mộ.txt
  OK 138/1322 decrypted=True file=Chương 138 Quan này di không được.txt
  OK 139/1322 decrypted=True file=Chương 139 Xe đưa tang.txt
  OK 140/1322 decrypted=True file=Chương 140 Khương Y Na ngốc manh.txt
  OK 141/1322 decrypted=True file=Chương 141 Khương Y Na gây chuyện.txt
  OK 142/1322 decrypted=True file=Chương 142 Bị nói trúng.txt
  OK 143/1322 decrypted=True file=Chương 143 Trở về nhà.txt
  OK 144/1322 decrypted=True file=Chương 144 Đồ vật quan trọng.txt
BATCH 145-162 / 1322
❌ Lỗi khi tải chương 13085592: HTTPSConnectionPool(host='android.lonoapp.net', port=443): Read timed out. (read timeout=10)
  OK 145/1322 decrypted=True file=Chương 145 Cường thân kiện thể.txt
  OK 146/1322 decrypted=True file=Chương 146 Phục dụng tinh huyết.txt
  OK 147/1322 decrypted=True file=Chương 147 Thiếu nữ ăn cắp.txt
  OK 148/1322 decrypted=True file=Chương 148 Trừng trị đại hán.txt
  OK 149/1322 decrypted=True file=Chương 149 Đánh người Cao gia.txt
  OK 150/1322 decrypted=True file=Chương 150 Không chút khách khí.txt
  OK 151/1322 decrypted=True file=Chương 151 Tìm trường học.txt
  OK 152/1322 decrypted=True file=Chương 152 Thú vui tao nhã.txt
  OK 153/1322 decrypted=True file=Chương 153 Hai tiểu nữ hài bán hoa.txt
  OK 154/1322 decrypted=True file=Chương 154 Lại nhận thêm hai tiểu la lỵ.txt
  OK 155/1322 decrypted=True retry=2 file=Chương 155 Gặp nhau trong quán ăn.txt
  OK 156/1322 decrypted=True file=Chương 156 Đám cưới trên biển.txt
  OK 157/1322 decrypted=True file=Chương 157 Biến cố xảy ra.txt
  OK 158/1322 decrypted=True file=Chương 158 Vũ tổ ép cung.txt
  OK 159/1322 decrypted=True file=Chương 159 Vũ tổ bi kịch Ám ti rung động 1.txt
  OK 160/1322 decrypted=True file=Chương 160 Vũ tổ bi kịch Ám ti rung động 2.txt
  OK 161/1322 decrypted=True file=Chương 161 Là ta gọi các ngươi tới.txt
  OK 162/1322 decrypted=True file=Chương 162 Trương gia lâm vào thảm kịch 1.txt
BATCH 163-180 / 1322
  OK 163/1322 decrypted=True file=Chương 163 Trương gia lâm vào thảm kịch 2.txt
  OK 164/1322 decrypted=True file=Chương 164 Đoán già đoán non.txt
  OK 165/1322 decrypted=True file=Chương 165 Chơi Liên Quân.txt
  OK 166/1322 decrypted=True file=Chương 166 Trở lại cuộc sống bình thường.txt
  OK 167/1322 decrypted=True file=Chương 167 Trở lại cuộc sống bình thường 1.txt
  OK 168/1322 decrypted=True file=Chương 168 Mâu thuẫn nhỏ.txt
  OK 169/1322 decrypted=True file=Chương 169 Thấy chết không cứu.txt
  OK 170/1322 decrypted=True file=Chương 170 Vu oan giá họa.txt
  OK 171/1322 decrypted=True file=Chương 171 Bốn cây kình trụ của Thiên Độ quốc.txt
  OK 172/1322 decrypted=True file=Chương 172 Bốn vị Thiên Nhân.txt
  OK 173/1322 decrypted=True file=Chương 173 Thảo Mộc Tam Biến.txt
  OK 174/1322 decrypted=True file=Chương 174 Lấy một địch bốn.txt
  OK 175/1322 decrypted=True file=Chương 175 Thảo Mộc Giai Binh.txt
  OK 176/1322 decrypted=True file=Chương 176 Kết cục năm người Hạ Thanh Long.txt
  OK 177/1322 decrypted=True file=Chương 177 Sáu năm sau.txt
  OK 178/1322 decrypted=True file=Chương 178 Tiểu nha đầu nghịch ngợm.txt
  OK 179/1322 decrypted=True file=Chương 179 Lại gặp Lâm Thải Hân.txt
  OK 180/1322 decrypted=True file=Chương 180 Đột phá Nguyên Vương Cảnh.txt
BATCH 181-198 / 1322
❌ Lỗi khi tải chương 13163503: HTTPSConnectionPool(host='android.lonoapp.net', port=443): Read timed out. (read timeout=10)
  OK 181/1322 decrypted=True file=Chương 181 Đối chiến tiểu nha đầu.txt
  OK 182/1322 decrypted=True file=Chương 182 Trục vớt Trấn Hồn Quan.txt
  OK 183/1322 decrypted=True file=Chương 183 Gặp lại Chu Kiệt Luân.txt
  OK 184/1322 decrypted=True file=Chương 184 Khoái ý ân cừu.txt
  OK 185/1322 decrypted=True file=Chương 185 Đánh úp sứ giả Uông Tử Thành.txt
  OK 186/1322 decrypted=True file=Chương 186 Uông Tử thành.txt
  OK 187/1322 decrypted=True file=Chương 187 Giả mạo tộc nhân Hồn tộc.txt
  OK 188/1322 decrypted=True file=Chương 188 Chấn nhiếp toàn trường.txt
  OK 189/1322 decrypted=True file=Chương 189 Hóa ra là hàng giả.txt
  OK 190/1322 decrypted=True file=Chương 190 Huyết Hồn Dung Nguyên Đan.txt
  OK 191/1322 decrypted=True file=Chương 191 Hư hư thực thực.txt
  OK 192/1322 decrypted=True file=Chương 192 Sâm La Thủ Ấn.txt
  OK 193/1322 decrypted=True file=Chương 193 Kịch chiến Nguyên Tôn Cảnh.txt
  OK 194/1322 decrypted=True file=Chương 194 Không gian dịch chuyển.txt
  OK 195/1322 decrypted=True retry=2 file=Chương 195 Trốn về Lam Hải tinh.txt
  OK 196/1322 decrypted=True file=Chương 196 Chữa trị thương thế.txt
  OK 197/1322 decrypted=True file=Chương 197 Cảnh giới linh hồn.txt
  OK 198/1322 decrypted=True file=Chương 198 Diêm Hoàng Trấn.txt
BATCH 199-216 / 1322
❌ Lỗi khi tải chương 13179021: HTTPSConnectionPool(host='android.lonoapp.net', port=443): Read timed out. (read timeout=10)
❌ Lỗi khi tải chương 13179024: HTTPSConnectionPool(host='android.lonoapp.net', port=443): Read timed out. (read timeout=10)
❌ Lỗi khi tải chương 13198019: HTTPSConnectionPool(host='android.lonoapp.net', port=443): Read timed out. (read timeout=10)
❌ Lỗi khi tải chương 13200622: HTTPSConnectionPool(host='android.lonoapp.net', port=443): Read timed out. (read timeout=10)
  OK 199/1322 decrypted=True retry=2 file=Chương 199 Lão thái bà là quỷ hồn.txt
  OK 200/1322 decrypted=True file=Chương 200 Thiên Hỏa bảng bài danh thứ chín.txt
  OK 201/1322 decrypted=True file=Chương 201 Tứ Cực Hỏa Linh Trận.txt
  OK 202/1322 decrypted=True retry=2 file=Chương 202 Hóa Nguyên Đại Pháp.txt
  OK 203/1322 decrypted=True file=Chương 203 Uy lực của Hóa Nguyên Đại Pháp.txt
  OK 204/1322 decrypted=True file=Chương 204 Uông Tử thành có động tĩnh.txt
  OK 205/1322 decrypted=True file=Chương 205 Trò chuyện ngắn ngủi.txt
  OK 206/1322 decrypted=True retry=2 file=Chương 206 Lại tiến vào Uông Tử thành.txt
  OK 207/1322 decrypted=True retry=2 file=Chương 207 Không gian phong tỏa.txt
  OK 208/1322 decrypted=True file=Chương 208 Mưu toan trà trộn.txt
  OK 209/1322 decrypted=True file=Chương 209 Bị ám toán.txt
  OK 210/1322 decrypted=True file=Chương 210 Giết sạch.txt
  OK 211/1322 decrypted=True file=Chương 211 Vào Uông Tử thành.txt
  OK 212/1322 decrypted=True file=Chương 212 Uông Tử thành sầm uất.txt
  OK 213/1322 decrypted=True file=Chương 213 Mua sắm tài liệu.txt
  OK 214/1322 decrypted=True file=Chương 214 Gặp phải phiền toái.txt
  OK 215/1322 decrypted=True file=Chương 215 Giải quyết phiền toái.txt
  OK 216/1322 decrypted=True file=Chương 216 Khương Thần đấu Yêu Luân.txt
BATCH 217-234 / 1322
  OK 217/1322 decrypted=True file=Chương 217 Mâu thuẫn kết thúc.txt
  OK 218/1322 decrypted=True file=Chương 218 Phong ba khởi.txt
  OK 219/1322 decrypted=True file=Chương 219 Giết người trong thành.txt
  OK 220/1322 decrypted=True file=Chương 220 Uông Tử thành bạo động.txt
  OK 221/1322 decrypted=True file=Chương 221 Khương Thần nổi giận.txt
  OK 222/1322 decrypted=True file=Chương 222 Tam Mục Thần Tộc.txt
  OK 223/1322 decrypted=True file=Chương 223 Tứ Cực Hỏa Linh Trận đấu Tổ Hồn Phù Đồ Trận.txt
  OK 224/1322 decrypted=True file=Chương 224 Uông Tử thành chấm hết.txt
  OK 225/1322 decrypted=True file=Chương 225 Có liều mới ăn được nhiều.txt
  OK 226/1322 decrypted=True file=Chương 226 Tiếp tục gặp khó khăn.txt
  OK 227/1322 decrypted=True file=Chương 227 Phong lão.txt
  OK 228/1322 decrypted=True file=Chương 228 Bố cục Đại Thiên Nguyên Giới.txt
  OK 229/1322 decrypted=True file=Chương 229 Lôi kiếp.txt
  OK 230/1322 decrypted=True file=Chương 230 Cổ Đế chi kiếp.txt
  OK 231/1322 decrypted=True file=Chương 231 Lam Tuyết Đại Lục.txt
  OK 232/1322 decrypted=True file=Chương 232 Đón tiếp trưởng lão.txt
  OK 233/1322 decrypted=True file=Chương 233 Phong lôi thuộc tính.txt
  OK 234/1322 decrypted=True file=Chương 234 Bán đan phương 1.txt
BATCH 235-252 / 1322
  OK 235/1322 decrypted=True file=Chương 235 Bán đan phương 2.txt
  OK 236/1322 decrypted=True file=Chương 236 Luyện chế đan dược.txt
  OK 237/1322 decrypted=True file=Chương 237 Công phu sư tử ngoạm.txt
  OK 238/1322 decrypted=True file=Chương 238 Lạc trong rừng.txt
  OK 239/1322 decrypted=True file=Chương 239 Không có duyên chung đường.txt
  OK 240/1322 decrypted=True file=Chương 240 Quyết định tới Tiêu gia.txt
  OK 241/1322 decrypted=True file=Chương 241 Không phải Tiêu gia kia.txt
  OK 242/1322 decrypted=True file=Chương 242 Hỏa Mộng Vũ.txt
  OK 243/1322 decrypted=True file=Chương 243 Bị theo dõi.txt
  OK 244/1322 decrypted=True file=Chương 244 Chữa trị kinh mạch.txt
  OK 245/1322 decrypted=True file=Chương 245 Luôn đi trước một bước.txt
  OK 246/1322 decrypted=True file=Chương 246 Thành chủ Tinh Thần Thành.txt
  OK 247/1322 decrypted=True file=Chương 247 Tiếp tục tính kế.txt
  OK 248/1322 decrypted=True file=Chương 248 Nguyên Linh Cảnh tới.txt
  OK 249/1322 decrypted=True file=Chương 249 Đường Chấn.txt
  OK 250/1322 decrypted=True file=Chương 250 Thiết luật đối với các thương hội.txt
  OK 251/1322 decrypted=True file=Chương 251 Trước giờ khảo hạch.txt
  OK 252/1322 decrypted=True file=Chương 252 Hình thức khảo hạch.txt
BATCH 253-270 / 1322
❌ Lỗi khi tải chương 13510880: HTTPSConnectionPool(host='android.lonoapp.net', port=443): Read timed out. (read timeout=10)
❌ Lỗi khi tải chương 13512112: HTTPSConnectionPool(host='android.lonoapp.net', port=443): Read timed out. (read timeout=10)
  OK 253/1322 decrypted=True file=Chương 253 La Chinh.txt
  OK 254/1322 decrypted=True file=Chương 254 Lần khảo hạch cuối cùng.txt
  OK 255/1322 decrypted=True file=Chương 255 Sơn môn Linh Vân Tông.txt
  OK 256/1322 decrypted=True file=Chương 256 Trương Nhị Huyền.txt
  OK 257/1322 decrypted=True file=Chương 257 Tinh Thần Sát.txt
  OK 258/1322 decrypted=True file=Chương 258 Chức vụ cùng nhiệm vụ.txt
  OK 259/1322 decrypted=True file=Chương 259 Giúp đỡ Chu Tiểu Mỹ.txt
  OK 260/1322 decrypted=True file=Chương 260 Đáng lẽ ta tên Trương Tam Huyền.txt
  OK 261/1322 decrypted=True file=Chương 261 Hợp tác.txt
  OK 262/1322 decrypted=True file=Chương 262 Lần thứ hai tới Tàng Thư Các.txt
  OK 263/1322 decrypted=True file=Chương 263 Tới tầng bốn mượn Tinh Thần Quyết.txt
  OK 264/1322 decrypted=True file=Chương 264 Trần Phong cứng họng.txt
  OK 265/1322 decrypted=True retry=2 file=Chương 265 Một chỉ bại Trần Phong.txt
  OK 266/1322 decrypted=True file=Chương 266 Chạy.txt
  OK 267/1322 decrypted=True file=Chương 267 Trần Phong gặp thảm kịch.txt
  OK 268/1322 decrypted=True file=Chương 268 Một truy một trốn.txt
  OK 269/1322 decrypted=True retry=2 file=Chương 269 Truy kích cùng phản kích.txt
  OK 270/1322 decrypted=True file=Chương 270 Phục kích Thị Huyết Biên Bức Vương.txt
BATCH 271-288 / 1322
❌ Lỗi khi tải chương 13512116: HTTPSConnectionPool(host='android.lonoapp.net', port=443): Read timed out. (read timeout=10)
  OK 271/1322 decrypted=True file=Chương 271 Thái Dương Nộ Thiên Phù hiển uy.txt
  OK 272/1322 decrypted=True file=Chương 272 Hoàn thành nhiệm vụ.txt
  OK 273/1322 decrypted=True retry=2 file=Chương 273 Tới Chấp Pháp Đường.txt
  OK 274/1322 decrypted=True file=Chương 274 Đáp trả.txt
  OK 275/1322 decrypted=True file=Chương 275 Mộc Kiếm Thanh.txt
  OK 276/1322 decrypted=True file=Chương 276 Yêu Nghiệt Đường.txt
  OK 277/1322 decrypted=True file=Chương 277 Vương Hiền bại trận.txt
  OK 278/1322 decrypted=True file=Chương 278 Gặp lại La Chinh.txt
  OK 279/1322 decrypted=True file=Chương 279 Cơ hội làm ăn.txt
  OK 280/1322 decrypted=True file=Chương 280 Tới mỏ Hỗn Nguyên Thạch.txt
  OK 281/1322 decrypted=True file=Chương 281 Quy củ của mỏ Hỗn Nguyên Thạch.txt
  OK 282/1322 decrypted=True file=Chương 282 Thử ăn trộm Hỗn Nguyên Thạch.txt
  OK 283/1322 decrypted=True file=Chương 283 Bạch Tê Yêu tấn công.txt
  OK 284/1322 decrypted=True file=Chương 284 Chủ động tấn công.txt
  OK 285/1322 decrypted=True file=Chương 285 Tống Chân tới.txt
  OK 286/1322 decrypted=True file=Chương 286 Nổi lòng tham.txt
  OK 287/1322 decrypted=True file=Chương 287 Bạch U Cơ đến.txt
  OK 288/1322 decrypted=True file=Chương 288 Bạch U Cơ mắc bệnh đãng trí.txt
BATCH 289-306 / 1322
  OK 289/1322 decrypted=True file=Chương 289 Dưỡng Nhan Linh Dịch khủng bố.txt
  OK 290/1322 decrypted=True file=Chương 290 Bắt đầu kế hoạch buôn bán toàn tông môn.txt
  OK 291/1322 decrypted=True file=Chương 291 Sinh ý đầu tiên.txt
  OK 292/1322 decrypted=True file=Chương 292 Buôn lời bán lãi.txt
  OK 293/1322 decrypted=True file=Chương 293 Vu oan giá hoạ.txt
  OK 294/1322 decrypted=True file=Chương 294 Cá cược.txt
  OK 295/1322 decrypted=True file=Chương 295 Công khai luyện chế Dưỡng Nhan Linh Dịch.txt
  OK 296/1322 decrypted=True file=Chương 296 Vân Nguyệt phường thị vong.txt
  OK 297/1322 decrypted=True file=Chương 297 Chúng nữ bủa vây.txt
  OK 298/1322 decrypted=True file=Chương 298 Phá Nguyên Thể Thánh Đồng hiện.txt
  OK 299/1322 decrypted=True file=Chương 299 Cường giả sợ hãi.txt
  OK 300/1322 decrypted=True file=Chương 300 Long Giai My.txt
  OK 301/1322 decrypted=True file=Chương 301 Hắn chính là người luyện chế Dưỡng Nhan Linh Dịch.txt
  OK 302/1322 decrypted=True file=Chương 302 Hắn là đệ tử của La Chinh.txt
  OK 303/1322 decrypted=True file=Chương 303 Trước giờ tông môn đại tái.txt
  OK 304/1322 decrypted=True file=Chương 304 Đại tái khởi tranh.txt
  OK 305/1322 decrypted=True file=Chương 305 Khương Thần lên đài.txt
  OK 306/1322 decrypted=True file=Chương 306 Khương Thần với Tô Ưng.txt
BATCH 307-324 / 1322
  OK 307/1322 decrypted=True file=Chương 307 Bị đấm thành đầu heo.txt
  OK 308/1322 decrypted=True file=Chương 308 U Quỷ Phiên.txt
  OK 309/1322 decrypted=True file=Chương 309 Phá Cấm Phù.txt
  OK 310/1322 decrypted=True file=Chương 310 Chiêu Lôi Phù đánh bại Tô Ưng.txt
  OK 311/1322 decrypted=True file=Chương 311 Ám khí.txt
  OK 312/1322 decrypted=True file=Chương 312 Dạo chơi Vân Nguyệt Thành.txt
  OK 313/1322 decrypted=True file=Chương 313 Tam hoàng tử.txt
  OK 314/1322 decrypted=True file=Chương 314 Long Tinh Thần.txt
  OK 315/1322 decrypted=True file=Chương 315 Thể thức đại chiến.txt
  OK 316/1322 decrypted=True file=Chương 316 Giao dịch.txt
  OK 317/1322 decrypted=True file=Chương 317 Trú Nhan Đan.txt
  OK 318/1322 decrypted=True file=Chương 318 Tới hoàng cung.txt
  OK 319/1322 decrypted=True file=Chương 319 Chấp nhận giao dịch.txt
  OK 320/1322 decrypted=True file=Chương 320 Diện kiến Long Thiên Thánh.txt
  OK 321/1322 decrypted=True file=Chương 321 Bảo khố Long gia.txt
  OK 322/1322 decrypted=True file=Chương 322 Chuẩn bị kĩ càng.txt
  OK 323/1322 decrypted=True file=Chương 323 Dùng huyết mạch trấn áp hỏa chủng.txt
  OK 324/1322 decrypted=True file=Chương 324 Trở về.txt
BATCH 325-342 / 1322
  OK 325/1322 decrypted=True file=Chương 325 Tử Vong Sâm Lâm.txt
  OK 326/1322 decrypted=True file=Chương 326 Bất ngờ có cự mãng.txt
  OK 327/1322 decrypted=True file=Chương 327 Đây là một trận âm mưu.txt
  OK 328/1322 decrypted=True file=Chương 328 Chiến đấu kịch liệt.txt
  OK 329/1322 decrypted=True file=Chương 329 Dọa lui.txt
  OK 330/1322 decrypted=True file=Chương 330 Bất ngờ có khách ghé thăm.txt
  OK 331/1322 decrypted=True file=Chương 331 Một trận bạo tạc.txt
  OK 332/1322 decrypted=True file=Chương 332 Công bố thứ hạng.txt
  OK 333/1322 decrypted=True file=Chương 333 Mai Khả Ái.txt
  OK 334/1322 decrypted=True file=Chương 334 Mai Khả Ái mạnh mẽ.txt
  OK 335/1322 decrypted=True file=Chương 335 Tiêu diệt Địa Lam Thụ.txt
  OK 336/1322 decrypted=True file=Chương 336 Thí luyện không khác gì dã ngoại.txt
  OK 337/1322 decrypted=True file=Chương 337 Sự lợi hại của trận pháp sư.txt
  OK 338/1322 decrypted=True file=Chương 338 Kẻ đi săn trở thành kẻ bị săn.txt
  OK 339/1322 decrypted=True file=Chương 339 Diệt Nguyên Kiếm Trận.txt
  OK 340/1322 decrypted=True file=Chương 340 Ngươi có Diệt Nguyên ta có Phá Nguyên.txt
  OK 341/1322 decrypted=True file=Chương 341 Chó sói tới.txt
  OK 342/1322 decrypted=True file=Chương 342 Gắp lửa bỏ tay người.txt
BATCH 343-360 / 1322
  OK 343/1322 decrypted=True file=Chương 343 Điểm số nhảy vọt.txt
  OK 344/1322 decrypted=True file=Chương 344 Bạch U Cơ bị thương.txt
  OK 345/1322 decrypted=True file=Chương 345 Khung cảnh hương diễm.txt
  OK 346/1322 decrypted=True file=Chương 346 Tính toán của Vương Chi Sách.txt
  OK 347/1322 decrypted=True file=Chương 347 Có ai từng gọi ngươi là Trần Thiếu Nữ chưa.txt
  OK 348/1322 decrypted=True file=Chương 348 Bỏ chạy.txt
  OK 349/1322 decrypted=True file=Chương 349 Trở về kịp thời 1.txt
  OK 350/1322 decrypted=True file=Chương 350 Trở về kịp thời 2.txt
  OK 351/1322 decrypted=True file=Chương 351 Cả hai đều khổ tâm.txt
  OK 352/1322 decrypted=True file=Chương 352 Quan hệ hòa hoãn trong bất đắc dĩ.txt
  OK 353/1322 decrypted=True file=Chương 353 Thủ đoạn chạy trốn.txt
  OK 354/1322 decrypted=True file=Chương 354 Thứ kia thế mà bay được.txt
  OK 355/1322 decrypted=True file=Chương 355 Lừa giết địch nhân.txt
  OK 356/1322 decrypted=True file=Chương 356 Đón hoàng hôn.txt
  OK 357/1322 decrypted=True file=Chương 357 Tránh được một kiếp.txt
  OK 358/1322 decrypted=True file=Chương 358 Tư thế mập mờ.txt
  OK 359/1322 decrypted=True file=Chương 359 Hạ cánh không an toàn.txt
  OK 360/1322 decrypted=True file=Chương 360 Lần công bố thứ ba 1.txt
BATCH 361-378 / 1322
❌ Lỗi khi tải chương 13660647: HTTPSConnectionPool(host='android.lonoapp.net', port=443): Read timed out. (read timeout=10)
  OK 361/1322 decrypted=True file=Chương 361 Công bố thứ hạng lần ba 2.txt
  OK 362/1322 decrypted=True file=Chương 362 Gặp mặt.txt
  OK 363/1322 decrypted=True file=Chương 363 Đồng hành.txt
  OK 364/1322 decrypted=True file=Chương 364 Tiểu Nhu trở thành người hâm mộ.txt
  OK 365/1322 decrypted=True file=Chương 365 Quyết định không ai ngờ tới.txt
  OK 366/1322 decrypted=True file=Chương 366 Chế tạo dù lượn.txt
  OK 367/1322 decrypted=True file=Chương 367 Tập bay.txt
  OK 368/1322 decrypted=True file=Chương 368 Lại một lần nữa sử dụng khinh khí cầu.txt
  OK 369/1322 decrypted=True file=Chương 369 Hai vương triều.txt
  OK 370/1322 decrypted=True retry=2 file=Chương 370 Quan Thiên Long kinh khủng.txt
  OK 371/1322 decrypted=True file=Chương 371 Thực lực Nguyên Linh Cảnh.txt
  OK 372/1322 decrypted=True file=Chương 372 Hoàng Kim sáo trang.txt
  OK 373/1322 decrypted=True file=Chương 373 Quyền đấu Hoàng Kim Thánh Mâu.txt
  OK 374/1322 decrypted=True file=Chương 374 Hồng Thần bại.txt
  OK 375/1322 decrypted=True file=Chương 375 Thủ đoạn sau cùng của Hồng Thần.txt
  OK 376/1322 decrypted=True file=Chương 376 Vượt qua hẻm núi Tử Thần 1.txt
  OK 377/1322 decrypted=True file=Chương 377 Vượt qua hẻm núi Tử Thần 2.txt
  OK 378/1322 decrypted=True file=Chương 378 Vượt qua hẻm núi Tử Thần 3.txt
BATCH 379-396 / 1322
  OK 379/1322 decrypted=True file=Chương 379 Ba đại thế lực.txt
  OK 380/1322 decrypted=True file=Chương 380 Giương cung bạt kiếm.txt
  OK 381/1322 decrypted=True file=Chương 381 Đại chiến nổ ra.txt
  OK 382/1322 decrypted=True file=Chương 382 Hỗn chiến.txt
  OK 383/1322 decrypted=True file=Chương 383 Chiến hỏa kết thúc.txt
  OK 384/1322 decrypted=True file=Chương 384 Chia tách.txt
  OK 385/1322 decrypted=True file=Chương 385 Bỏ chạy.txt
  OK 386/1322 decrypted=True file=Chương 386 Định.txt
  OK 387/1322 decrypted=True file=Chương 387 Bị vây công lần nữa.txt
  OK 388/1322 decrypted=True file=Chương 388 Mộc Thuật Thập Bát Trận.txt
  OK 389/1322 decrypted=True file=Chương 389 Thủ đoạn kinh người.txt
  OK 390/1322 decrypted=True file=Chương 390 Ngụy hỏa khủng bố.txt
  OK 391/1322 decrypted=True file=Chương 391 Người buồn cảnh có vui đâu bao giờ.txt
  OK 392/1322 decrypted=True file=Chương 392 Ước mơ bình dị.txt
  OK 393/1322 decrypted=True file=Chương 393 Đột phá.txt
  OK 394/1322 decrypted=True file=Chương 394 Bạch U Cơ khiêu chiến.txt
  OK 395/1322 decrypted=True file=Chương 395 Yêu tinh mê người.txt
  OK 396/1322 decrypted=True file=Chương 396 Để ta suy nghĩ.txt
BATCH 397-414 / 1322
  OK 397/1322 decrypted=True file=Chương 397 Sự kinh khủng của phù sư.txt
  OK 398/1322 decrypted=True file=Chương 398 Bạch U Cơ thảm hại.txt
  OK 399/1322 decrypted=True file=Chương 399 Dạo đầu.txt
  OK 400/1322 decrypted=True file=Chương 400 Vương Chi Sách chật vật.txt
  OK 401/1322 decrypted=True file=Chương 401 Quan Thiên Long bại trận.txt
  OK 402/1322 decrypted=True file=Chương 402 Ở đâu cũng có quần là áo lượt.txt
  OK 403/1322 decrypted=True file=Chương 403 Kinh thành không thiếu quần là áo lượt.txt
  OK 404/1322 decrypted=True file=Chương 404 Chấp pháp đội.txt
  OK 405/1322 decrypted=True file=Chương 405 Tiểu nha đầu ranh mãnh.txt
  OK 406/1322 decrypted=True file=Chương 406 Phát hiện kì lạ.txt
  OK 407/1322 decrypted=True file=Chương 407 Huyết chú.txt
  OK 408/1322 decrypted=True file=Chương 408 Tới Cửu Nguyệt Bảo Các.txt
  OK 409/1322 decrypted=True file=Chương 409 Bị theo dõi.txt
  OK 410/1322 decrypted=True file=Chương 410 Hắc Bạch Vô Thường.txt
  OK 411/1322 decrypted=True file=Chương 411 Thủ đoạn ma quỷ.txt
  OK 412/1322 decrypted=True file=Chương 412 Ảo cảnh.txt
  OK 413/1322 decrypted=True file=Chương 413 Mục đích của La Chinh.txt
  OK 414/1322 decrypted=True file=Chương 414 Tu bổ tinh thần lực.txt
BATCH 415-432 / 1322
  OK 415/1322 decrypted=True file=Chương 415 Khí tức hủy diệt.txt
  OK 416/1322 decrypted=True file=Chương 416 Nguyên nhân sâu xa.txt
  OK 417/1322 decrypted=True file=Chương 417 Lời mời của Long Giai My.txt
  OK 418/1322 decrypted=True file=Chương 418 Nước cờ kì dị.txt
  OK 419/1322 decrypted=True file=Chương 419 Chỗ ta đánh cờ như vậy.txt
  OK 420/1322 decrypted=True file=Chương 420 Sư tỷ Ngươi bình tĩnh.txt
  OK 421/1322 decrypted=True file=Chương 421 Nữ nhân cần phải hàm dưỡng tốt.txt
  OK 422/1322 decrypted=True file=Chương 422 Ta dĩ nhiên có chuẩn bị mà tới.txt
  OK 423/1322 decrypted=True file=Chương 423 Ba loại chức nghiệp.txt
  OK 424/1322 decrypted=True file=Chương 424 Trong tay ngươi nó liền vô giá.txt
  OK 425/1322 decrypted=True file=Chương 425 Tình thế của Long Giai My.txt
  OK 426/1322 decrypted=True file=Chương 426 Cẩn thận với hắn.txt
  OK 427/1322 decrypted=True file=Chương 427 Tiếp nhận nhiệm vụ.txt
  OK 428/1322 decrypted=True file=Chương 428 Dịch trạm tại Minh Nguyệt Vương Triều.txt
  OK 429/1322 decrypted=True file=Chương 429 Người vì sao phải cúi đầu.txt
  OK 430/1322 decrypted=True file=Chương 430 Vân Đoan Sơn Mạch.txt
  OK 431/1322 decrypted=True file=Chương 431 Bốn đánh một.txt
  OK 432/1322 decrypted=True file=Chương 432 Yêu đan của Vân Sí Điểu.txt
BATCH 433-450 / 1322
  OK 433/1322 decrypted=True file=Chương 433 Quyết định của Vân Sí Điểu.txt
  OK 434/1322 decrypted=True file=Chương 434 Bạo tạc khủng bố.txt
  OK 435/1322 decrypted=True file=Chương 435 Tha cho các ngươi một mạng.txt
  OK 436/1322 decrypted=True file=Chương 436 Tham Lang mạo hiểm đoàn.txt
  OK 437/1322 decrypted=True file=Chương 437 Thiên Dực Hổ thương nặng.txt
  OK 438/1322 decrypted=True file=Chương 438 Tất cả đều là của ta.txt
  OK 439/1322 decrypted=True file=Chương 439 Âm thầm chuẩn bị.txt
  OK 440/1322 decrypted=True file=Chương 440 Song trận dịch chuyển.txt
  OK 441/1322 decrypted=True file=Chương 441 Ra điều kiện.txt
  OK 442/1322 decrypted=True file=Chương 442 Nữ tử áo đen.txt
  OK 443/1322 decrypted=True file=Chương 443 Suy đoán.txt
  OK 444/1322 decrypted=True file=Chương 444 Thủ đoạn của Trương Nhị Huyền.txt
  OK 445/1322 decrypted=True file=Chương 445 Trương Nhị Huyền bi thảm.txt
  OK 446/1322 decrypted=True file=Chương 446 Hoàn cảnh của nữ tử áo đen.txt
  OK 447/1322 decrypted=True file=Chương 447 Đề nghị của Trương Tiểu Hân.txt
  OK 448/1322 decrypted=True file=Chương 448 Phía sau sơn cốc.txt
  OK 449/1322 decrypted=True file=Chương 449 Bàn giao nhiệm vụ.txt
  OK 450/1322 decrypted=True file=Chương 450 Chuẩn bị trước khi rời đi 1.txt
BATCH 451-468 / 1322
  OK 451/1322 decrypted=True file=Chương 451 Chuẩn bị trước khi rời đi 2.txt
  OK 452/1322 decrypted=True file=Chương 452 Độc hành.txt
  OK 453/1322 decrypted=True file=Chương 453 Trở mặt.txt
  OK 454/1322 decrypted=True file=Chương 454 Thành trì của mạo hiểm giả.txt
  OK 455/1322 decrypted=True file=Chương 455 Dong binh Mộc Linh Thành.txt
  OK 456/1322 decrypted=True file=Chương 456 Gia nhập đội dong binh.txt
  OK 457/1322 decrypted=True file=Chương 457 Yêu thú tập kích.txt
  OK 458/1322 decrypted=True file=Chương 458 Ăn đồ nóng chiên xào nóng trong người.txt
  OK 459/1322 decrypted=True file=Chương 459 Khương Thần bỏ chạy.txt
  OK 460/1322 decrypted=True file=Chương 460 Song phương chiến đấu.txt
  OK 461/1322 decrypted=True file=Chương 461 Tràng cảnh đẫm máu.txt
  OK 462/1322 decrypted=True file=Chương 462 Rời đi.txt
  OK 463/1322 decrypted=True file=Chương 463 Công tác chuẩn bị.txt
  OK 464/1322 decrypted=True file=Chương 464 Quá trình luyện hóa khó khăn.txt
  OK 465/1322 decrypted=True file=Chương 465 Luyện hóa hoàn mỹ.txt
  OK 466/1322 decrypted=True file=Chương 466 Diễm phúc không cạn.txt
  OK 467/1322 decrypted=True file=Chương 467 Chữa trị thương thế.txt
  OK 468/1322 decrypted=True file=Chương 468 Đột phá Nguyên Khí Cảnh.txt
BATCH 469-486 / 1322
❌ Lỗi khi tải chương 13969167: HTTPSConnectionPool(host='android.lonoapp.net', port=443): Read timed out. (read timeout=10)
❌ Lỗi khi tải chương 13974147: HTTPSConnectionPool(host='android.lonoapp.net', port=443): Read timed out. (read timeout=10)
❌ Lỗi khi tải chương 13991143: HTTPSConnectionPool(host='android.lonoapp.net', port=443): Read timed out. (read timeout=10)
❌ Lỗi khi tải chương 13996872: HTTPSConnectionPool(host='android.lonoapp.net', port=443): Read timed out. (read timeout=10)
  OK 469/1322 decrypted=True file=Chương 469 Đột phá không hề dễ dàng như vậy.txt
  OK 470/1322 decrypted=True file=Chương 470 Ba tôn yêu vương.txt
  OK 471/1322 decrypted=True file=Chương 471 Lại tìm đám người kia gây phiền toái.txt
  OK 472/1322 decrypted=True file=Chương 472 Phục kích.txt
  OK 473/1322 decrypted=True file=Chương 473 Đối chiến Nguyên Hồn Cảnh đỉnh phong.txt
  OK 474/1322 decrypted=True retry=2 file=Chương 474 Truy đuổi kịch liệt.txt
  OK 475/1322 decrypted=True file=Chương 475 Liên tục chạy trốn.txt
  OK 476/1322 decrypted=True retry=2 file=Chương 476 Cút.txt
  OK 477/1322 decrypted=True file=Chương 477 Dọa lui.txt
  OK 478/1322 decrypted=True file=Chương 478 Thất bại ê chề.txt
  OK 479/1322 decrypted=True file=Chương 479 Hai năm sau.txt
  OK 480/1322 decrypted=True file=Chương 480 Tham Lang mạo hiểm đoàn mạnh mẽ.txt
  OK 481/1322 decrypted=True file=Chương 481 Do thám.txt
  OK 482/1322 decrypted=True retry=2 file=Chương 482 Làm tiểu nhị thôi.txt
  OK 483/1322 decrypted=True file=Chương 483 Nơi mai táng đẹp đẽ.txt
  OK 484/1322 decrypted=True retry=2 file=Chương 484 Lọt vào mai phục.txt
  OK 485/1322 decrypted=True file=Chương 485 Công kích xảo trá.txt
  OK 486/1322 decrypted=True file=Chương 486 Lại giết Triệu Tiến.txt
BATCH 487-504 / 1322
  OK 487/1322 decrypted=True file=Chương 487 Toàn diệt đội áp tiêu.txt
  OK 488/1322 decrypted=True file=Chương 488 Bắt đầu giết chóc.txt
  OK 489/1322 decrypted=True file=Chương 489 Dâm phụ cùng hoàn khố.txt
  OK 490/1322 decrypted=True file=Chương 490 Phỏng đoán của Khương Thần.txt
  OK 491/1322 decrypted=True file=Chương 491 Ôm cây đợi thỏ.txt
  OK 492/1322 decrypted=True file=Chương 492 Trạch Thanh xuất hiện.txt
  OK 493/1322 decrypted=True file=Chương 493 Tạm thời thoát lui.txt
  OK 494/1322 decrypted=True file=Chương 494 Truy lùng ráo riết.txt
  OK 495/1322 decrypted=True file=Chương 495 Mưu đồ xảo trá.txt
  OK 496/1322 decrypted=True file=Chương 496 Ăn trộm trứng.txt
  OK 497/1322 decrypted=True file=Chương 497 Hắc Kim Xà trở về.txt
  OK 498/1322 decrypted=True file=Chương 498 Lam Dực Xà góp náo nhiệt.txt
  OK 499/1322 decrypted=True file=Chương 499 Vỡ trứng.txt
  OK 500/1322 decrypted=True file=Chương 500 Lựa chọn khó khăn.txt
  OK 501/1322 decrypted=True file=Chương 501 Luyện Ngục.txt
  OK 502/1322 decrypted=True file=Chương 502 Huyết quỷ.txt
  OK 503/1322 decrypted=True file=Chương 503 Tham Lang mạo hiểm đoàn bị diệt.txt
  OK 504/1322 decrypted=True file=Chương 504 Chuẩn bị trước chia xa.txt
BATCH 505-522 / 1322
❌ Lỗi khi tải chương 14092791: HTTPSConnectionPool(host='android.lonoapp.net', port=443): Read timed out. (read timeout=10)
❌ Lỗi khi tải chương 14103805: HTTPSConnectionPool(host='android.lonoapp.net', port=443): Read timed out. (read timeout=10)
  OK 505/1322 decrypted=True file=Chương 505 Ly biệt.txt
  OK 506/1322 decrypted=True file=Chương 506 Trở về Linh Vân Tông.txt
  OK 507/1322 decrypted=True file=Chương 507 Giáo huấn nhỏ.txt
  OK 508/1322 decrypted=True file=Chương 508 Hiểu rõ tình hình.txt
  OK 509/1322 decrypted=True file=Chương 509 Đụng độ.txt
  OK 510/1322 decrypted=True file=Chương 510 Mắng xéo.txt
  OK 511/1322 decrypted=True file=Chương 511 Đòn cảnh cáo.txt
  OK 512/1322 decrypted=True file=Chương 512 Bộc bạch.txt
  OK 513/1322 decrypted=True file=Chương 513 Thần tiên quyến lữ.txt
  OK 514/1322 decrypted=True file=Chương 514 Đi tới kinh thành.txt
  OK 515/1322 decrypted=True file=Chương 515 Luyện khí sư Triệu Địa.txt
  OK 516/1322 decrypted=True retry=2 file=Chương 516 Đi xem tỷ đấu.txt
  OK 517/1322 decrypted=True file=Chương 517 Thu hoạch nhỏ nhỏ.txt
  OK 518/1322 decrypted=True retry=2 file=Chương 518 Đại tái bắt đầu.txt
  OK 519/1322 decrypted=True file=Chương 519 Ôn nhu hương.txt
  OK 520/1322 decrypted=True file=Chương 520 Đại tái khởi tranh.txt
  OK 521/1322 decrypted=True file=Chương 521 Trận chiến được chờ mong nhất.txt
  OK 522/1322 decrypted=True file=Chương 522 Thăm dò.txt
BATCH 523-540 / 1322
❌ Lỗi khi tải chương 14130365: HTTPSConnectionPool(host='android.lonoapp.net', port=443): Read timed out. (read timeout=10)
  OK 523/1322 decrypted=True file=Chương 523 Công kích điên cuồng.txt
  OK 524/1322 decrypted=True file=Chương 524 Nhìn em gái ngươi.txt
  OK 525/1322 decrypted=True file=Chương 525 Đối kháng mạnh mẽ.txt
  OK 526/1322 decrypted=True retry=2 file=Chương 526 Oanh tạc khủng bố.txt
  OK 527/1322 decrypted=True file=Chương 527 Đấu tài lực với luyện đan sư.txt
  OK 528/1322 decrypted=True file=Chương 528 Sư phụ thần bí ra tay.txt
  OK 529/1322 decrypted=True file=Chương 529 Lại oanh tạc.txt
  OK 530/1322 decrypted=True file=Chương 530 Huyễn ảo đồng thuật.txt
  OK 531/1322 decrypted=True file=Chương 531 Đoạt Mục Cấm Thuật.txt
  OK 532/1322 decrypted=True file=Chương 532 Hoa Thụ Giới Hàng Lâm.txt
  OK 533/1322 decrypted=True file=Chương 533 Nữ tử lạ mặt.txt
  OK 534/1322 decrypted=True file=Chương 534 Khách không mời mà đến.txt
  OK 535/1322 decrypted=True file=Chương 535 Chiêu mộ.txt
  OK 536/1322 decrypted=True file=Chương 536 Phản bội.txt
  OK 537/1322 decrypted=True file=Chương 537 Đề nghị của Khương Thần.txt
  OK 538/1322 decrypted=True file=Chương 538 Tới Tuyệt Thế Đường.txt
  OK 539/1322 decrypted=True file=Chương 539 Đệ tử ký danh.txt
  OK 540/1322 decrypted=True file=Chương 540 Tụ tập tai Tuyệt Thế Đường.txt
BATCH 541-558 / 1322
  OK 541/1322 decrypted=True file=Chương 541 Thể thức tuyển trạch.txt
  OK 542/1322 decrypted=True file=Chương 542 Lễ bái sư.txt
  OK 543/1322 decrypted=True file=Chương 543 Một mình Khương mỗ chấp hết.txt
  OK 544/1322 decrypted=True file=Chương 544 Hắc kén bạo tạc.txt
  OK 545/1322 decrypted=True file=Chương 545 Năm đánh một.txt
  OK 546/1322 decrypted=True file=Chương 546 Phối hợp ăn ý.txt
  OK 547/1322 decrypted=True file=Chương 547 Song quyền nan địch tứ thủ.txt
  OK 548/1322 decrypted=True file=Chương 548 Mang đệ đệ của ngươi cút xuống.txt
  OK 549/1322 decrypted=True file=Chương 549 Mục đích của Khương Thần.txt
  OK 550/1322 decrypted=True file=Chương 550 Di tích tông môn cổ.txt
  OK 551/1322 decrypted=True file=Chương 551 Phong ấn suy yếu.txt
  OK 552/1322 decrypted=True file=Chương 552 Kinh biến xảy ra.txt
  OK 553/1322 decrypted=True file=Chương 553 Xích mích nổ ra.txt
  OK 554/1322 decrypted=True file=Chương 554 Bạch U Cơ ra tay.txt
  OK 555/1322 decrypted=True file=Chương 555 Nguồn gốc của hắc nhận quỷ dị.txt
  OK 556/1322 decrypted=True file=Chương 556 Không làm mà đòi có ăn sao.txt
  OK 557/1322 decrypted=True file=Chương 557 Bên trong kết giới phong ấn.txt
  OK 558/1322 decrypted=True file=Chương 558 Trùng vây yêu thú.txt
BATCH 559-576 / 1322
❌ Lỗi khi tải chương 14293600: HTTPSConnectionPool(host='android.lonoapp.net', port=443): Read timed out. (read timeout=10)
  OK 559/1322 decrypted=True file=Chương 559 Lại gặp Thực Âm Phong.txt
  OK 560/1322 decrypted=True file=Chương 560 Trận pháp vây nhốt.txt
  OK 561/1322 decrypted=True file=Chương 561 Song phương đều tiêu hao.txt
  OK 562/1322 decrypted=True file=Chương 562 Khu vực trung tâm.txt
  OK 563/1322 decrypted=True file=Chương 563 Ngũ đại vương triều.txt
  OK 564/1322 decrypted=True file=Chương 564 Hợp sức.txt
  OK 565/1322 decrypted=True file=Chương 565 Tranh đoạt trong thạch động.txt
  OK 566/1322 decrypted=True file=Chương 566 Hai mặt vây công.txt
  OK 567/1322 decrypted=True file=Chương 567 Thạch điện khổng lồ.txt
  OK 568/1322 decrypted=True file=Chương 568 Vong Linh Tôn Giả.txt
  OK 569/1322 decrypted=True retry=2 file=Chương 569 Bạch U Cơ mẫn tuệ.txt
  OK 570/1322 decrypted=True file=Chương 570 Ý đồ phía sau.txt
  OK 571/1322 decrypted=True file=Chương 571 Nghi vấn 1.txt
  OK 572/1322 decrypted=True file=Chương 572 Nghi vấn 2.txt
  OK 573/1322 decrypted=True file=Chương 573 Không gian thức hải.txt
  OK 574/1322 decrypted=True file=Chương 574 Ta cũng muốn thôn phệ ngươi.txt
  OK 575/1322 decrypted=True file=Chương 575 Hành hạ.txt
  OK 576/1322 decrypted=True file=Chương 576 Khương Thần nổi giận.txt
BATCH 577-594 / 1322
  OK 577/1322 decrypted=True file=Chương 577 Công kích áp đảo.txt
  OK 578/1322 decrypted=True file=Chương 578 Di Thiên Thuật 1.txt
  OK 579/1322 decrypted=True file=Chương 579 Di Thiên Thuật 2.txt
  OK 580/1322 decrypted=True file=Chương 580 Lại áp đảo.txt
  OK 581/1322 decrypted=True file=Chương 581 Tỏa Hồn Trận.txt
  OK 582/1322 decrypted=True file=Chương 582 Thiên Ma Chỉ đấu Viêm Dương Lục Biến.txt
  OK 583/1322 decrypted=True file=Chương 583 Thương tổn nữ nhân của ta ngươi tất chết.txt
  OK 584/1322 decrypted=True file=Chương 584 Trận pháp bạo tạc.txt
  OK 585/1322 decrypted=True file=Chương 585 Tin tức truyền ra.txt
  OK 586/1322 decrypted=True file=Chương 586 Dưới đáy vực.txt
  OK 587/1322 decrypted=True file=Chương 587 Hỗn Nguyên mạch.txt
  OK 588/1322 decrypted=True file=Chương 588 Huyết mạch tinh tiến.txt
  OK 589/1322 decrypted=True file=Chương 589 Thanh đồng cổ điện.txt
  OK 590/1322 decrypted=True file=Chương 590 Bốn tôn hắc thú.txt
  OK 591/1322 decrypted=True file=Chương 591 Lai lịch bốn tôn hắc thú.txt
  OK 592/1322 decrypted=True file=Chương 592 Quạ đen bị đánh.txt
  OK 593/1322 decrypted=True file=Chương 593 Hắc cẩu chuyên cắn trộm.txt
  OK 594/1322 decrypted=True file=Chương 594 Ngu mà tỏ ra nguy hiểm.txt
BATCH 595-612 / 1322
  OK 595/1322 decrypted=True file=Chương 595 Tuyết Ưng Vương Triều.txt
  OK 596/1322 decrypted=True file=Chương 596 Tới Bạch Lĩnh Thành.txt
  OK 597/1322 decrypted=True file=Chương 597 Bạch lão gia tử bị bệnh.txt
  OK 598/1322 decrypted=True file=Chương 598 Bạch gia 1.txt
  OK 599/1322 decrypted=True file=Chương 599 Bạch gia 2.txt
  OK 600/1322 decrypted=True file=Chương 600 Khu Huyết Đan.txt
  OK 601/1322 decrypted=True file=Chương 601 Lựa chọn của Bạch Trình.txt
  OK 602/1322 decrypted=True file=Chương 602 Chữa trị thất bại.txt
  OK 603/1322 decrypted=True file=Chương 603 Không hứng thú.txt
  OK 604/1322 decrypted=True file=Chương 604 Ý tưởng quỷ quái.txt
  OK 605/1322 decrypted=True file=Chương 605 Kiềm hãm Bạch Khiêm.txt
  OK 606/1322 decrypted=True file=Chương 606 Ba ngày chuẩn bị 1.txt
  OK 607/1322 decrypted=True file=Chương 607 Ba ngày chuẩn bị 2.txt
  OK 608/1322 decrypted=True file=Chương 608 Tiểu viện của Bạch U Cơ.txt
  OK 609/1322 decrypted=True file=Chương 609 Đổ thánh cùng đổ thần.txt
  OK 610/1322 decrypted=True file=Chương 610 Hóa ra là một tiểu thần côn.txt
  OK 611/1322 decrypted=True file=Chương 611 Quá trình trị bệnh trong bí mật.txt
  OK 612/1322 decrypted=True file=Chương 612 Điên cuồng thôn phệ 1.txt
BATCH 613-630 / 1322
❌ Lỗi khi tải chương 14462088: HTTPSConnectionPool(host='android.lonoapp.net', port=443): Read timed out. (read timeout=10)
  OK 613/1322 decrypted=True file=Chương 613 Điên cuồng thôn phệ 2.txt
  OK 614/1322 decrypted=True file=Chương 614 Điên cuồng thôn phệ 3.txt
  OK 615/1322 decrypted=True file=Chương 615 Yến tiệc 1.txt
  OK 616/1322 decrypted=True retry=2 file=Chương 616 Yến tiệc 2.txt
  OK 617/1322 decrypted=True file=Chương 617 Từ chối.txt
  OK 618/1322 decrypted=True file=Chương 618 Rời đi.txt
  OK 619/1322 decrypted=True file=Chương 619 Âm Phong Cốc.txt
  OK 620/1322 decrypted=True file=Chương 620 Cốt Dực Ngô Công vây đánh.txt
  OK 621/1322 decrypted=True file=Chương 621 Chạy không thoát.txt
  OK 622/1322 decrypted=True file=Chương 622 Trúng độc.txt
  OK 623/1322 decrypted=True file=Chương 623 Kế hoạch không thành.txt
  OK 624/1322 decrypted=True file=Chương 624 Quấn quýt.txt
  OK 625/1322 decrypted=True file=Chương 625 Nhảy chương độc giả bỏ qua chương này.txt
  OK 626/1322 decrypted=True file=Chương 626 Một khoảnh khắc.txt
  OK 627/1322 decrypted=True file=Chương 627 Tâm cảnh dao động.txt
  OK 628/1322 decrypted=True file=Chương 628 Đường về nhà.txt
  OK 629/1322 decrypted=True file=Chương 629 Lo lắng.txt
  OK 630/1322 decrypted=True file=Chương 630 Nam Cung Y Vận.txt
BATCH 631-648 / 1322
  OK 631/1322 decrypted=True file=Chương 631 Bạch U Cơ tiều tụy.txt
  OK 632/1322 decrypted=True file=Chương 632 Báo cáo tình hình.txt
  OK 633/1322 decrypted=True file=Chương 633 Trương Nhị Huyền có bạn gái.txt
  OK 634/1322 decrypted=True file=Chương 634 Dạo chơi.txt
  OK 635/1322 decrypted=True file=Chương 635 Đội nón xanh.txt
  OK 636/1322 decrypted=True file=Chương 636 Truyền tống.txt
  OK 637/1322 decrypted=True file=Chương 637 Gặp phải phục kích.txt
  OK 638/1322 decrypted=True file=Chương 638 Bố trí của Khương Thần.txt
  OK 639/1322 decrypted=True file=Chương 639 Ba cái trận pháp.txt
  OK 640/1322 decrypted=True file=Chương 640 U Cơ trở về.txt
  OK 641/1322 decrypted=True file=Chương 641 Đối mặt Bạch Diễm Cơ.txt
  OK 642/1322 decrypted=True file=Chương 642 Đều là người quen.txt
  OK 643/1322 decrypted=True file=Chương 643 Cầu thân.txt
  OK 644/1322 decrypted=True file=Chương 644 Tâm sự nhỏ nhỏ.txt
  OK 645/1322 decrypted=True file=Chương 645 Tỷ muội đối đầu.txt
  OK 646/1322 decrypted=True file=Chương 646 Đối chọi gay gắt.txt
  OK 647/1322 decrypted=True file=Chương 647 Ta nên phạt ngươi thế nào đây.txt
  OK 648/1322 decrypted=True file=Chương 648 Khoảnh khắc hương diễm.txt
BATCH 649-666 / 1322
  OK 649/1322 decrypted=True file=Chương 649 Khoảnh khắc hương diễm 1.txt
  OK 650/1322 decrypted=True file=Chương 650 Tâm sự dưới ánh trăng.txt
  OK 651/1322 decrypted=True file=Chương 651 Bói một quẻ 1.txt
  OK 652/1322 decrypted=True file=Chương 652 Bói một quẻ 2.txt
  OK 653/1322 decrypted=True file=Chương 653 Nhảy chương độc giả bỏ qua chương này.txt
  OK 654/1322 decrypted=True file=Chương 654 Tranh cãi.txt
  OK 655/1322 decrypted=True file=Chương 655 Bên nào đau hơn.txt
  OK 656/1322 decrypted=True retry=2 file=Chương 656 Nhảy chương độc giả bỏ qua chương này.txt
  OK 657/1322 decrypted=True file=Chương 657 Nhảy chương độc giả bỏ qua chương này.txt
  OK 658/1322 decrypted=True file=Chương 658 Nhảy chương độc giả bỏ qua chương này.txt
  OK 659/1322 decrypted=True file=Chương 659 Nhảy chương độc giả bỏ qua chương này.txt
  OK 660/1322 decrypted=True file=Chương 660 Mười ngày liên tục.txt
  OK 661/1322 decrypted=True file=Chương 661 Một nhà năm người.txt
  OK 662/1322 decrypted=True file=Chương 662 Trò chuyện.txt
  OK 663/1322 decrypted=True file=Chương 663 Ngày cuối năm.txt
  OK 664/1322 decrypted=True file=Chương 664 Phá đám.txt
  OK 665/1322 decrypted=True file=Chương 665 Ta cũng có thể làm dâu thảo vợ hiền mẹ đảm.txt
  OK 666/1322 decrypted=True file=Chương 666 Lễ mừng thọ.txt
BATCH 667-684 / 1322
❌ Lỗi khi tải chương 14617834: HTTPSConnectionPool(host='android.lonoapp.net', port=443): Read timed out. (read timeout=10)
  OK 667/1322 decrypted=True file=Chương 667 Phong Vạn Lý.txt
  OK 668/1322 decrypted=True file=Chương 668 Thọ lễ to lớn.txt
  OK 669/1322 decrypted=True file=Chương 669 Cầu hôn.txt
  OK 670/1322 decrypted=True file=Chương 670 Nghe nói ngươi tìm ta.txt
  OK 671/1322 decrypted=True file=Chương 671 Cương 671 Châm chọc.txt
  OK 672/1322 decrypted=True file=Chương 672 Liễu Thi Cầm.txt
  OK 673/1322 decrypted=True file=Chương 673 Phú hào.txt
  OK 674/1322 decrypted=True retry=2 file=Chương 674 Rời khỏi Bạch gia.txt
  OK 675/1322 decrypted=True file=Chương 675 Bạch U Cơ lo lắng.txt
  OK 676/1322 decrypted=True file=Chương 676 Bạch Linh Cơ phát hiện.txt
  OK 677/1322 decrypted=True file=Chương 677 Toan tính của Phong Vạn Lý.txt
  OK 678/1322 decrypted=True file=Chương 678 Kháng cự 1.txt
  OK 679/1322 decrypted=True file=Chương 679 Kháng cự 2.txt
  OK 680/1322 decrypted=True file=Chương 680 Hắc y nhân.txt
  OK 681/1322 decrypted=True file=Chương 681 Đánh lui hắc y nhân.txt
  OK 682/1322 decrypted=True file=Chương 682 Trúng phải xuân dược.txt
  OK 683/1322 decrypted=True file=Chương 683 Ngày buồn nhất 1.txt
  OK 684/1322 decrypted=True file=Chương 684 Ngày buồn nhất 2.txt
BATCH 685-702 / 1322
  OK 685/1322 decrypted=True file=Chương 685 Ngày buồn nhất 3.txt
  OK 686/1322 decrypted=True file=Chương 686 Ai vì U Cơ hóa bạc đầu.txt
  OK 687/1322 decrypted=True file=Chương 687 Thế giới ảm đạm vô quang.txt
  OK 688/1322 decrypted=True file=Chương 688 La Chinh tìm tới.txt
  OK 689/1322 decrypted=True file=Chương 689 Chuẩn bị luyện dược.txt
  OK 690/1322 decrypted=True file=Chương 690 Quá trình luyện dược khó khăn.txt
  OK 691/1322 decrypted=True file=Chương 691 Quá trình luyện dược khó khăn 1.txt
  OK 692/1322 decrypted=True file=Chương 692 Kinh biến xảy ra.txt
  OK 693/1322 decrypted=True file=Chương 693 Không kịp ngăn cản.txt
  OK 694/1322 decrypted=True file=Chương 694 Trộm đồ sau đó rời đi.txt
  OK 695/1322 decrypted=True file=Chương 695 Linh Vân Truy Sát Lệnh.txt
  OK 696/1322 decrypted=True file=Chương 696 Cẩm nang.txt
  OK 697/1322 decrypted=True file=Chương 697 Ẩn núp.txt
  OK 698/1322 decrypted=True file=Chương 698 Phục dụng Phân Thần Đan.txt
  OK 699/1322 decrypted=True file=Chương 699 Bị phát hiện.txt
  OK 700/1322 decrypted=True file=Chương 700 Trốn thoát.txt
  OK 701/1322 decrypted=True file=Chương 701 Ngọc giản báo tin.txt
  OK 702/1322 decrypted=True file=Chương 702 Gặp lại bằng hữu cũ.txt
BATCH 703-720 / 1322
  OK 703/1322 decrypted=True file=Chương 703 Thần thú vô sỉ nhất thế gian.txt
  OK 704/1322 decrypted=True file=Chương 704 Nói xấu.txt
  OK 705/1322 decrypted=True file=Chương 705 Khua môi múa mép.txt
  OK 706/1322 decrypted=True file=Chương 706 Rủ rê.txt
  OK 707/1322 decrypted=True file=Chương 707 La Chinh lại tới.txt
  OK 708/1322 decrypted=True file=Chương 708 Dịch chuyển lệch vị.txt
  OK 709/1322 decrypted=True file=Chương 709 Tiến vào động phủ.txt
  OK 710/1322 decrypted=True file=Chương 710 Gây sự với Độc Nhãn Oa.txt
  OK 711/1322 decrypted=True file=Chương 711 Diệt Độc Nhãn Oa.txt
  OK 712/1322 decrypted=True file=Chương 712 Bốn con hàng không đáng tin.txt
  OK 713/1322 decrypted=True file=Chương 713 Cướp đoạt Viêm Phượng Thảo.txt
  OK 714/1322 decrypted=True file=Chương 714 Hố hàng tiểu ô quy.txt
  OK 715/1322 decrypted=True file=Chương 715 Thu hoạch phong phú.txt
  OK 716/1322 decrypted=True file=Chương 716 Lại đánh một trận.txt
  OK 717/1322 decrypted=True file=Chương 717 Tới Diệt Man Thành.txt
  OK 718/1322 decrypted=True file=Chương 718 Tình huống của Diệt Man Thành.txt
  OK 719/1322 decrypted=True file=Chương 719 Mua bán.txt
  OK 720/1322 decrypted=True file=Chương 720 Nam Man Hoang.txt
BATCH 721-738 / 1322
  OK 721/1322 decrypted=True file=Chương 721 Lừa đảo cô nương Mị Linh Tộc.txt
  OK 722/1322 decrypted=True file=Chương 722 Tòa thành thứ hai.txt
  OK 723/1322 decrypted=True file=Chương 723 Bảo vệ Tháp Khắc Linh Nhi.txt
  OK 724/1322 decrypted=True file=Chương 724 Đối chiến Tào Phi.txt
  OK 725/1322 decrypted=True file=Chương 725 Một chiêu định thắng bại.txt
  OK 726/1322 decrypted=True file=Chương 726 Tào Phi bại.txt
  OK 727/1322 decrypted=True file=Chương 727 Tiêu Nguyên trưởng lão.txt
  OK 728/1322 decrypted=True file=Chương 728 Nói dối không đỏ mặt.txt
  OK 729/1322 decrypted=True file=Chương 729 Giao dịch cùng năm vị trưởng lão.txt
  OK 730/1322 decrypted=True file=Chương 730 Quân địch tới.txt
  OK 731/1322 decrypted=True file=Chương 731 Thiên Nữ.txt
  OK 732/1322 decrypted=True file=Chương 732 Đối chọi gay gắt.txt
  OK 733/1322 decrypted=True file=Chương 733 Đối chọi gay gắt 1.txt
  OK 734/1322 decrypted=True file=Chương 734 Nguyên bảo cơ quan.txt
  OK 735/1322 decrypted=True file=Chương 735 Mục đích đến đây.txt
  OK 736/1322 decrypted=True file=Chương 736 Tổn thất thảm trọng.txt
  OK 737/1322 decrypted=True file=Chương 737 Tiến vào Nam Man Hoang.txt
  OK 738/1322 decrypted=True file=Chương 738 Thương Vị Minh Tiêu.txt
BATCH 739-756 / 1322
❌ Lỗi khi tải chương 14767979: HTTPSConnectionPool(host='android.lonoapp.net', port=443): Read timed out. (read timeout=10)
  OK 739/1322 decrypted=True file=Chương 739 Tiến vào trong đảo.txt
  OK 740/1322 decrypted=True file=Chương 740 Hư Linh Thành.txt
  OK 741/1322 decrypted=True retry=2 file=Chương 741 Vân Hải Các.txt
  OK 742/1322 decrypted=True file=Chương 742 Tháp Khắc Linh Nhi hung hăng.txt
  OK 743/1322 decrypted=True file=Chương 743 Từ lão.txt
  OK 744/1322 decrypted=True file=Chương 744 Nhâm Tịnh gia tam lão.txt
  OK 745/1322 decrypted=True file=Chương 745 Đối chiến Nhâm Tịnh tam lão.txt
  OK 746/1322 decrypted=True file=Chương 746 Giết gà dọa khỉ.txt
  OK 747/1322 decrypted=True file=Chương 747 Khách nhân tới.txt
  OK 748/1322 decrypted=True file=Chương 748 Giương cung bạt kiếm.txt
  OK 749/1322 decrypted=True file=Chương 749 Trở thành khách khanh trưởng lão.txt
  OK 750/1322 decrypted=True file=Chương 750 Năm gốc Ngưng Nguyên Thảo.txt
  OK 751/1322 decrypted=True file=Chương 751 Dùng đan dược trao đổi.txt
  OK 752/1322 decrypted=True file=Chương 752 Thiên Lang Bang tìm tới.txt
  OK 753/1322 decrypted=True file=Chương 753 Lực ép Tả Hồng Phi.txt
  OK 754/1322 decrypted=True file=Chương 754 Chấn kinh toàn trường.txt
  OK 755/1322 decrypted=True file=Chương 755 Ở tạm Lam Tinh Các.txt
  OK 756/1322 decrypted=True file=Chương 756 Trần Tiến cùng Tả Hồng Phi chết.txt
BATCH 757-774 / 1322
  OK 757/1322 decrypted=True file=Chương 757 Thất sắc phi chu.txt
  OK 758/1322 decrypted=True file=Chương 758 Người bước lên thuyền đầu tiên.txt
  OK 759/1322 decrypted=True file=Chương 759 Tranh đoạt phần thưởng.txt
  OK 760/1322 decrypted=True file=Chương 760 Nhiệt Y Trác.txt
  OK 761/1322 decrypted=True file=Chương 761 Mị Linh Châu.txt
  OK 762/1322 decrypted=True file=Chương 762 Mảnh đồng thau cổ.txt
  OK 763/1322 decrypted=True file=Chương 763 Thái Dương Liệt Diễm.txt
  OK 764/1322 decrypted=True file=Chương 764 Luyện thành Ngưng Nguyên Đan.txt
  OK 765/1322 decrypted=True file=Chương 765 Xà Nhân Tộc.txt
  OK 766/1322 decrypted=True file=Chương 766 Thần Chiếu Mị Nhãn.txt
  OK 767/1322 decrypted=True file=Chương 767 Cường hóa thể chất đột phá Giả Đan Cảnh.txt
  OK 768/1322 decrypted=True file=Chương 768 Tháp Khắc gia tộc.txt
  OK 769/1322 decrypted=True file=Chương 769 Một nhà vui mừng.txt
  OK 770/1322 decrypted=True file=Chương 770 Ô Mã Lạp.txt
  OK 771/1322 decrypted=True file=Chương 771 Tin tức về Thiên Đãng sơn mạch.txt
  OK 772/1322 decrypted=True file=Chương 772 Chiêu Sinh Bài.txt
  OK 773/1322 decrypted=True file=Chương 773 Tinh thần lực Hóa Tiên Cảnh.txt
  OK 774/1322 decrypted=True file=Chương 774 Rời đi.txt
BATCH 775-792 / 1322
  OK 775/1322 decrypted=True file=Chương 775 Thánh Linh Viện.txt
  OK 776/1322 decrypted=True file=Chương 776 Làm quen với Thánh Linh Viện.txt
  OK 777/1322 decrypted=True file=Chương 777 Tu luyện dưới nước.txt
  OK 778/1322 decrypted=True file=Chương 778 Triệu Trác Trầm Ngư.txt
  OK 779/1322 decrypted=True file=Chương 779 Lại tìm tới.txt
  OK 780/1322 decrypted=True file=Chương 780 Uy lực của tinh thần lực Hóa Tiên Cảnh 1.txt
  OK 781/1322 decrypted=True file=Chương 781 Uy lực của tinh thần lực Hóa Tiên Cảnh 2.txt
  OK 782/1322 decrypted=True file=Chương 782 Chiêu lồng trong chiêu.txt
  OK 783/1322 decrypted=True file=Chương 783 Trấn áp cô nàng Triệu Trác Lạc Nhạn.txt
  OK 784/1322 decrypted=True file=Chương 784 Triệu Trác Trầm Ngư tìm tới.txt
  OK 785/1322 decrypted=True file=Chương 785 Đột phá Nguyên Đan Cảnh.txt
  OK 786/1322 decrypted=True file=Chương 786 Lại gây oanh động.txt
  OK 787/1322 decrypted=True file=Chương 787 Thượng đài.txt
  OK 788/1322 decrypted=True file=Chương 788 Khương Thần chiến Tiêu Linh.txt
  OK 789/1322 decrypted=True file=Chương 789 Tiêu Linh nghiêm túc.txt
  OK 790/1322 decrypted=True file=Chương 790 Va chạm khủng bố.txt
  OK 791/1322 decrypted=True file=Chương 791 Bố trí trận pháp.txt
  OK 792/1322 decrypted=True file=Chương 792 Hóa Sinh Phù Trận tứ phẩm đỉnh phong.txt
BATCH 793-810 / 1322
  OK 793/1322 decrypted=True file=Chương 793 Mộc quan bá đạo.txt
  OK 794/1322 decrypted=True file=Chương 794 Cỗ mộc quan thứ ba.txt
  OK 795/1322 decrypted=True file=Chương 795 Hạng năm Nguyên Đan Bảng.txt
  OK 796/1322 decrypted=True file=Chương 796 Tới Thần Đảo.txt
  OK 797/1322 decrypted=True file=Chương 797 Thiếu nữ tốt bụng.txt
  OK 798/1322 decrypted=True file=Chương 798 Bốc thăm chọn đối thủ.txt
  OK 799/1322 decrypted=True file=Chương 799 Tô Thái.txt
  OK 800/1322 decrypted=True file=Chương 800 Chiến lợi phẩm.txt
  OK 801/1322 decrypted=True file=Chương 801 Vòng đấu thứ hai.txt
  OK 802/1322 decrypted=True file=Chương 802 Khương Thần đấu Tần Như Tuyết.txt
  OK 803/1322 decrypted=True file=Chương 803 Viêm Đế Thủ.txt
  OK 804/1322 decrypted=True file=Chương 804 Thắng.txt
  OK 805/1322 decrypted=True file=Chương 805 Đột phá nho nhỏ.txt
  OK 806/1322 decrypted=True file=Chương 806 Thánh Linh Viện đấu Kinh Hồng Viện.txt
  OK 807/1322 decrypted=True file=Chương 807 Triệu Trác Trầm Ngư đấu Nguyên Nhược Lan.txt
  OK 808/1322 decrypted=True file=Chương 808 Phong long đấu băng phượng.txt
  OK 809/1322 decrypted=True file=Chương 809 Muội muội của Thiên Nữ.txt
  OK 810/1322 decrypted=True file=Chương 810 Hoàng Tuyền Huyết Trận.txt
BATCH 811-828 / 1322
  OK 811/1322 decrypted=True file=Chương 811 Ngang tài ngang sức.txt
  OK 812/1322 decrypted=True file=Chương 812 Huyết mạch khủng bố.txt
  OK 813/1322 decrypted=True file=Chương 813 Triệu Trác Lạc Nhạn giở trò quỷ.txt
  OK 814/1322 decrypted=True file=Chương 814 Nhiệm vụ Thiên cấp.txt
  OK 815/1322 decrypted=True file=Chương 815 Rời Thánh Linh Viện.txt
  OK 816/1322 decrypted=True file=Chương 816 Thu thập tin tức.txt
  OK 817/1322 decrypted=True file=Chương 817 Long xà hỗn tạp.txt
  OK 818/1322 decrypted=True file=Chương 818 Đấu giá bắt đầu.txt
  OK 819/1322 decrypted=True file=Chương 819 Phòng đấu giá sôi nổi.txt
  OK 820/1322 decrypted=True file=Chương 820 Phần Thiên bảo tàng.txt
  OK 821/1322 decrypted=True file=Chương 821 Tranh đoạt kịch liệt.txt
  OK 822/1322 decrypted=True file=Chương 822 Tiến nhập Phần Thiên Cốc.txt
  OK 823/1322 decrypted=True file=Chương 823 Dạ tập.txt
  OK 824/1322 decrypted=True file=Chương 824 Rơi vào vây công.txt
  OK 825/1322 decrypted=True file=Chương 825 Truy đuổi.txt
  OK 826/1322 decrypted=True file=Chương 826 Tiếp tục tiến sâu vào Phần Thiên Cốc.txt
  OK 827/1322 decrypted=True file=Chương 827 Quần long hội tụ.txt
  OK 828/1322 decrypted=True file=Chương 828 Bảo tàng mở ra.txt
BATCH 829-846 / 1322
❌ Lỗi khi tải chương 15005754: HTTPSConnectionPool(host='android.lonoapp.net', port=443): Read timed out. (read timeout=10)
  OK 829/1322 decrypted=True file=Chương 829 Bảo tàng mở ra 1.txt
  OK 830/1322 decrypted=True file=Chương 830 Lại gặp đám người Viêm Vương.txt
  OK 831/1322 decrypted=True file=Chương 831 Di Hình.txt
  OK 832/1322 decrypted=True file=Chương 832 Phiền toái của Cáp Ni.txt
  OK 833/1322 decrypted=True file=Chương 833 Dọa lui.txt
  OK 834/1322 decrypted=True retry=2 file=Chương 834 Lại gặp bốn con thú vô sỉ.txt
  OK 835/1322 decrypted=True file=Chương 835 Uy hiếp bốn thú.txt
  OK 836/1322 decrypted=True file=Chương 836 Viêm Vương lại đến.txt
  OK 837/1322 decrypted=True file=Chương 837 Quyền đấu Ba Lạp lão.txt
  OK 838/1322 decrypted=True file=Chương 838 Tụ tập đông đủ.txt
  OK 839/1322 decrypted=True file=Chương 839 Phần Thiên Liệt Địa.txt
  OK 840/1322 decrypted=True file=Chương 840 Tiến nhập thung lũng màu đỏ 1.txt
  OK 841/1322 decrypted=True file=Chương 841 Tiến nhập thung lũng màu đỏ 2.txt
  OK 842/1322 decrypted=True file=Chương 842 Thung lũng hiện ra.txt
  OK 843/1322 decrypted=True file=Chương 843 Cản đỡ một kích.txt
  OK 844/1322 decrypted=True file=Chương 844 Chữa trị cánh tay.txt
  OK 845/1322 decrypted=True file=Chương 845 Sức khôi phục kinh dị của tiểu phi xà.txt
  OK 846/1322 decrypted=True file=Chương 846 Đoạt lấy bảo vật.txt
BATCH 847-864 / 1322
  OK 847/1322 decrypted=True file=Chương 847 Viêm Minh cường thế.txt
  OK 848/1322 decrypted=True file=Chương 848 Cường giả Triệu Trác gia.txt
  OK 849/1322 decrypted=True file=Chương 849 Phù Đồ Tôn Giả.txt
  OK 850/1322 decrypted=True file=Chương 850 Thỉnh cầu của Diệp Na Lạc.txt
  OK 851/1322 decrypted=True file=Chương 851 Phần Tâm Diễm.txt
  OK 852/1322 decrypted=True file=Chương 852 Thân phận bại lộ.txt
  OK 853/1322 decrypted=True file=Chương 853 Quyết định của Khương Thần.txt
  OK 854/1322 decrypted=True file=Chương 854 Cổ Thánh Thành.txt
  OK 855/1322 decrypted=True file=Chương 855 Đắc tội Thương Ngạo gia.txt
  OK 856/1322 decrypted=True file=Chương 856 Cường giả tới.txt
  OK 857/1322 decrypted=True file=Chương 857 Dương đông kích tây.txt
  OK 858/1322 decrypted=True file=Chương 858 Phi thâu bất phú.txt
  OK 859/1322 decrypted=True file=Chương 859 Chạy trốn liên tục.txt
  OK 860/1322 decrypted=True file=Chương 860 Chạy tới Cổ Thánh Vực.txt
  OK 861/1322 decrypted=True file=Chương 861 Bố trí.txt
  OK 862/1322 decrypted=True file=Chương 862 Bốn vị Nguyên Vương Cảnh.txt
  OK 863/1322 decrypted=True file=Chương 863 Tin tức vẫn bị truyền ra.txt
  OK 864/1322 decrypted=True file=Chương 864 Cướp sạch.txt
BATCH 865-882 / 1322
  OK 865/1322 decrypted=True file=Chương 865 Kịch chiến.txt
  OK 866/1322 decrypted=True file=Chương 866 Trận pháp dịch chuyển không gian.txt
  OK 867/1322 decrypted=True file=Chương 867 Thoát đi thành công.txt
  OK 868/1322 decrypted=True file=Chương 868 Lệnh truy nã.txt
  OK 869/1322 decrypted=True file=Chương 869 Ăn chia chiến lợi phẩm.txt
  OK 870/1322 decrypted=True file=Chương 870 Bày binh bố trận.txt
  OK 871/1322 decrypted=True file=Chương 871 Tiếp tục chiến đấu.txt
  OK 872/1322 decrypted=True file=Chương 872 Tái hiện Đoạt Mục Cấm Thuật.txt
  OK 873/1322 decrypted=True file=Chương 873 Hạ sát thủ.txt
  OK 874/1322 decrypted=True file=Chương 874 Phối hợp ăn ý.txt
  OK 875/1322 decrypted=True file=Chương 875 Lại rời đi.txt
  OK 876/1322 decrypted=True file=Chương 876 Tiềm tu.txt
  OK 877/1322 decrypted=True file=Chương 877 Vạn Thú Thành.txt
  OK 878/1322 decrypted=True file=Chương 878 Bị phát hiện.txt
  OK 879/1322 decrypted=True file=Chương 879 Giao thủ với Minh trưởng lão.txt
  OK 880/1322 decrypted=True file=Chương 880 Vây nhốt trong Vạn Thú Thành.txt
  OK 881/1322 decrypted=True file=Chương 881 Kế hoạch dự kiến.txt
  OK 882/1322 decrypted=True file=Chương 882 Đùa giỡn.txt
BATCH 883-900 / 1322
  OK 883/1322 decrypted=True file=Chương 883 Chọc tức Thiên Hoàng Bối Nhi.txt
  OK 884/1322 decrypted=True file=Chương 884 Bắt được Khương Thần.txt
  OK 885/1322 decrypted=True file=Chương 885 Tiếp tục đùa giỡn.txt
  OK 886/1322 decrypted=True file=Chương 886 Tiến vào Yêu Liên Hỏa Vực.txt
  OK 887/1322 decrypted=True file=Chương 887 Tu luyện trong thế giới hỏa diễm.txt
  OK 888/1322 decrypted=True file=Chương 888 Bắt được bản nguyên chi hỏa.txt
  OK 889/1322 decrypted=True file=Chương 889 Luyện hóa.txt
  OK 890/1322 decrypted=True file=Chương 890 Kiếp nạn của Nguyên Vương Cảnh.txt
  OK 891/1322 decrypted=True file=Chương 891 Lôi kiếp khủng bố.txt
  OK 892/1322 decrypted=True file=Chương 892 Địa phương xa lạ 1.txt
  OK 893/1322 decrypted=True file=Chương 893 Địa phương xa lạ 2.txt
  OK 894/1322 decrypted=True file=Chương 894 Thanh Thạch bộ lạc.txt
  OK 895/1322 decrypted=True file=Chương 895 Giao dịch bộ lạc.txt
  OK 896/1322 decrypted=True file=Chương 896 Mục đích.txt
  OK 897/1322 decrypted=True file=Chương 897 Phản bội.txt
  OK 898/1322 decrypted=True file=Chương 898 Hỗn loạn.txt
  OK 899/1322 decrypted=True file=Chương 899 Khương Thần ra tay.txt
  OK 900/1322 decrypted=True file=Chương 900 Lấy một địch bốn.txt
BATCH 901-918 / 1322
  OK 901/1322 decrypted=True file=Chương 901 Tâm ngoan thủ lạt.txt
  OK 902/1322 decrypted=True file=Chương 902 Tế Thần bộ lạc.txt
  OK 903/1322 decrypted=True file=Chương 903 Đánh với Tế Thần.txt
  OK 904/1322 decrypted=True file=Chương 904 Giết chết Tế Thần.txt
  OK 905/1322 decrypted=True file=Chương 905 Chưa vội rời đi.txt
  OK 906/1322 decrypted=True file=Chương 906 Kẻ địch tới.txt
  OK 907/1322 decrypted=True file=Chương 907 Ngăn cơn sóng dữ.txt
  OK 908/1322 decrypted=True file=Chương 908 Một chiêu đồ sát.txt
  OK 909/1322 decrypted=True file=Chương 909 Lại gặp bốn thú.txt
  OK 910/1322 decrypted=True file=Chương 910 Bốn con hàng ba hoa.txt
  OK 911/1322 decrypted=True file=Chương 911 Diệt Hắc Xà bộ lạc.txt
  OK 912/1322 decrypted=True file=Chương 912 Diệt Hắc Xà bộ lạc 1.txt
  OK 913/1322 decrypted=True file=Chương 913 Diệt Hắc Xà bộ lạc 2.txt
  OK 914/1322 decrypted=True file=Chương 914 Kế hoạch tiếp theo.txt
  OK 915/1322 decrypted=True file=Chương 915 Toan tính của bốn thú.txt
  OK 916/1322 decrypted=True file=Chương 916 Suy tính cẩn thận.txt
  OK 917/1322 decrypted=True file=Chương 917 Trao đổi đồ vật.txt
  OK 918/1322 decrypted=True file=Chương 918 Hai kẻ gian xảo.txt
BATCH 919-936 / 1322
  OK 919/1322 decrypted=True file=Chương 919 Chiến trường thảm khốc.txt
  OK 920/1322 decrypted=True file=Chương 920 Trở về Tây Thiên Vực.txt
  OK 921/1322 decrypted=True file=Chương 921 Điều tra sơ bộ.txt
  OK 922/1322 decrypted=True file=Chương 922 Tình hình cụ thể.txt
  OK 923/1322 decrypted=True file=Chương 923 Tình cảnh của Nam Cung Y Vận.txt
  OK 924/1322 decrypted=True file=Chương 924 Trương Tiểu Hân chi mộ.txt
  OK 925/1322 decrypted=True file=Chương 925 Nữ tử thần bí.txt
  OK 926/1322 decrypted=True file=Chương 926 Hai tiếng sư phụ.txt
  OK 927/1322 decrypted=True file=Chương 927 Lại gặp bốn thú.txt
  OK 928/1322 decrypted=True file=Chương 928 Sự tình cướp đoạt.txt
  OK 929/1322 decrypted=True file=Chương 929 Bám dai như đỉa.txt
  OK 930/1322 decrypted=True file=Chương 930 Cường hoành trở về.txt
  OK 931/1322 decrypted=True file=Chương 931 Kẻ thù cũ.txt
  OK 932/1322 decrypted=True file=Chương 932 Nam Cung Y Vận đến.txt
  OK 933/1322 decrypted=True file=Chương 933 Chiến đấu với La Chinh.txt
  OK 934/1322 decrypted=True file=Chương 934 Áp chế La Chinh.txt
  OK 935/1322 decrypted=True file=Chương 935 Sư phụ ngươi bình tĩnh.txt
  OK 936/1322 decrypted=True file=Chương 936 Bốn thú lại đến.txt
BATCH 937-954 / 1322
  OK 937/1322 decrypted=True file=Chương 937 Bốn thú vô sỉ.txt
  OK 938/1322 decrypted=True file=Chương 938 Đối chiến ba vị lão tổ.txt
  OK 939/1322 decrypted=True file=Chương 939 Phần Tâm Diễm xuất hiện.txt
  OK 940/1322 decrypted=True file=Chương 940 Lấn ép tam tổ.txt
  OK 941/1322 decrypted=True file=Chương 941 Không hề khách khí.txt
  OK 942/1322 decrypted=True file=Chương 942 Dụ dỗ chúng thú.txt
  OK 943/1322 decrypted=True file=Chương 943 Pháo đất khủng bố.txt
  OK 944/1322 decrypted=True file=Chương 944 Dẹp yên Linh Vân Tông.txt
  OK 945/1322 decrypted=True file=Chương 945 Tình nghĩa sư đồ.txt
  OK 946/1322 decrypted=True file=Chương 946 Đi kinh thành.txt
  OK 947/1322 decrypted=True file=Chương 947 Toàn trường kinh khiếp.txt
  OK 948/1322 decrypted=True file=Chương 948 Tin tức bạo tạc.txt
  OK 949/1322 decrypted=True file=Chương 949 Bắt giữ Tần Thiên Hoành.txt
  OK 950/1322 decrypted=True file=Chương 950 Tinh huyết kỳ quái.txt
  OK 951/1322 decrypted=True file=Chương 951 Kẻ địch tới.txt
  OK 952/1322 decrypted=True file=Chương 952 Nam Cung Y Vận bị đánh.txt
  OK 953/1322 decrypted=True file=Chương 953 Pháo đất lần nữa lập công.txt
  OK 954/1322 decrypted=True file=Chương 954 Phong tỏa.txt
BATCH 955-972 / 1322
  OK 955/1322 decrypted=True file=Chương 955 Đại chiến.txt
  OK 956/1322 decrypted=True file=Chương 956 Phong Liêm mạnh mẽ.txt
  OK 957/1322 decrypted=True file=Chương 957 Đẩy lui Phong Liêm.txt
  OK 958/1322 decrypted=True file=Chương 958 Nửa bước Nguyên Tôn Cảnh 1.txt
  OK 959/1322 decrypted=True file=Chương 959 Nửa bước Nguyên Tôn Cảnh 2.txt
  OK 960/1322 decrypted=True file=Chương 960 Yêu thú hóa hình.txt
  OK 961/1322 decrypted=True file=Chương 961 Tranh giành.txt
  OK 962/1322 decrypted=True file=Chương 962 Quạ trọc đầu xuất mã.txt
  OK 963/1322 decrypted=True file=Chương 963 Làm thịt Lâm Hùng.txt
  OK 964/1322 decrypted=True file=Chương 964 Dọn dẹp tàn cục.txt
  OK 965/1322 decrypted=True file=Chương 965 Đột phá nho nhỏ 1.txt
  OK 966/1322 decrypted=True file=Chương 966 Đột phá nho nhỏ 2.txt
  OK 967/1322 decrypted=True file=Chương 967 Rời đi.txt
  OK 968/1322 decrypted=True file=Chương 968 Thiên Phong Thành.txt
  OK 969/1322 decrypted=True file=Chương 969 Thủ pháp ép cung.txt
  OK 970/1322 decrypted=True file=Chương 970 Cúc hoa bạo liệt.txt
  OK 971/1322 decrypted=True file=Chương 971 Tới Hắc Thủy Thành.txt
  OK 972/1322 decrypted=True file=Chương 972 Tân nương.txt
BATCH 973-990 / 1322
❌ Lỗi khi tải chương 15439435: HTTPSConnectionPool(host='android.lonoapp.net', port=443): Read timed out. (read timeout=10)
  OK 973/1322 decrypted=True file=Chương 973 Tiểu nha đầu xuất hiện.txt
  OK 974/1322 decrypted=True file=Chương 974 Khương Thần thượng đài.txt
  OK 975/1322 decrypted=True file=Chương 975 Tiểu nha đầu lém lỉnh.txt
  OK 976/1322 decrypted=True file=Chương 976 Tây Môn Động.txt
  OK 977/1322 decrypted=True file=Chương 977 Giao thủ một chiêu.txt
  OK 978/1322 decrypted=True file=Chương 978 Dè chừng.txt
  OK 979/1322 decrypted=True file=Chương 979 Thương lượng.txt
  OK 980/1322 decrypted=True file=Chương 980 Bỏ chạy.txt
  OK 981/1322 decrypted=True file=Chương 981 Tây Môn Chiêm gặp bi kịch.txt
  OK 982/1322 decrypted=True file=Chương 982 Lại về Linh Vân Tông.txt
  OK 983/1322 decrypted=True retry=2 file=Chương 983 Lại về Linh Vân Tông 2.txt
  OK 984/1322 decrypted=True file=Chương 984 Một tháng thay đổi.txt
  OK 985/1322 decrypted=True file=Chương 985 Vấn đề nhỏ.txt
  OK 986/1322 decrypted=True file=Chương 986 Tiểu nha đầu tinh nghịch.txt
  OK 987/1322 decrypted=True file=Chương 987 Ta ngủ sẽ không mặc quần áo.txt
  OK 988/1322 decrypted=True file=Chương 988 Đêm xuân.txt
  OK 989/1322 decrypted=True file=Chương 989 Lại rời đi.txt
  OK 990/1322 decrypted=True file=Chương 990 Vào thành.txt
BATCH 991-1008 / 1322
  OK 991/1322 decrypted=True file=Chương 991 Thiếu niên báo thù.txt
  OK 992/1322 decrypted=True file=Chương 992 Cường thế mà đến.txt
  OK 993/1322 decrypted=True file=Chương 993 Cường thế mà đến 1.txt
  OK 994/1322 decrypted=True file=Chương 994 Tăng phúc khủng khiếp.txt
  OK 995/1322 decrypted=True file=Chương 995 Khương Thần ra tay.txt
  OK 996/1322 decrypted=True file=Chương 996 Song phương giao chiến.txt
  OK 997/1322 decrypted=True file=Chương 997 Hành động mạo hiểm.txt
  OK 998/1322 decrypted=True file=Chương 998 Hành thi cường đại.txt
  OK 999/1322 decrypted=True file=Chương 999 Hợp kích.txt
  OK 1000/1322 decrypted=True file=Chương 1000 Bỏ chạy.txt
  OK 1001/1322 decrypted=True file=Chương 1001 Đánh cướp toàn vương triều.txt
  OK 1002/1322 decrypted=True file=Chương 1002 Tiến đánh Phong Vân Thành.txt
  OK 1003/1322 decrypted=True file=Chương 1003 Bố trí của Mạnh gia.txt
  OK 1004/1322 decrypted=True file=Chương 1004 Chiến đấu nổ ra.txt
  OK 1005/1322 decrypted=True file=Chương 1005 Bắt nhầm con tin.txt
  OK 1006/1322 decrypted=True file=Chương 1006 Biến hình.txt
  OK 1007/1322 decrypted=True file=Chương 1007 Đại chiến Nguyên Tôn Cảnh.txt
  OK 1008/1322 decrypted=True file=Chương 1008 Đại chiến Nguyên Tôn Cảnh 1.txt
BATCH 1009-1026 / 1322
  OK 1009/1322 decrypted=True file=Chương 1009 Va chạm khủng bố.txt
  OK 1010/1322 decrypted=True file=Chương 1010 Kinh biến.txt
  OK 1011/1322 decrypted=True file=Chương 1011 Kết thúc.txt
  OK 1012/1322 decrypted=True file=Chương 1012 Cửa ải khó.txt
  OK 1013/1322 decrypted=True file=Chương 1013 Chiến tranh thảm thiết.txt
  OK 1014/1322 decrypted=True file=Chương 1014 Trận pháp bị phá.txt
  OK 1015/1322 decrypted=True file=Chương 1015 Về kịp.txt
  OK 1016/1322 decrypted=True file=Chương 1016 Đối mặt với Tào Tham.txt
  OK 1017/1322 decrypted=True file=Chương 1017 Áp đảo Tào Tham.txt
  OK 1018/1322 decrypted=True file=Chương 1018 Tào Tham bỏ chạy.txt
  OK 1019/1322 decrypted=True file=Chương 1019 Lại một vị Nguyên Tôn Cảnh.txt
  OK 1020/1322 decrypted=True file=Chương 1020 Huyết Thần Tôn Giả.txt
  OK 1021/1322 decrypted=True file=Chương 1021 Đối chiến Huyết Thần Tôn Giả.txt
  OK 1022/1322 decrypted=True file=Chương 1022 Hợp kích.txt
  OK 1023/1322 decrypted=True file=Chương 1023 Thắng lợi.txt
  OK 1024/1322 decrypted=True file=Chương 1024 Bà cụ non.txt
  OK 1025/1322 decrypted=True file=Chương 1025 Tiểu biệt thắng tân hôn.txt
  OK 1026/1322 decrypted=True file=Chương 1026 Nhảy chương độc giả bỏ qua chương này.txt
BATCH 1027-1044 / 1322
  OK 1027/1322 decrypted=True file=Chương 1027 Nhớ ra đại sự.txt
  OK 1028/1322 decrypted=True file=Chương 1028 Các phương tới mừng.txt
  OK 1029/1322 decrypted=True file=Chương 1029 Hai hổ tới mừng 1.txt
  OK 1030/1322 decrypted=True file=Chương 1030 Hai hổ tới mừng 2.txt
  OK 1031/1322 decrypted=True file=Chương 1031 Ban thưởng.txt
  OK 1032/1322 decrypted=True file=Chương 1032 Đi xa một chuyến.txt
  OK 1033/1322 decrypted=True file=Chương 1033 Địa phương hỗn loạn.txt
  OK 1034/1322 decrypted=True file=Chương 1034 Hồng nhan họa thủy.txt
  OK 1035/1322 decrypted=True file=Chương 1035 Tạm lắng xuống.txt
  OK 1036/1322 decrypted=True file=Chương 1036 Hố hàng.txt
  OK 1037/1322 decrypted=True file=Chương 1037 Tiếp tục đào hố.txt
  OK 1038/1322 decrypted=True file=Chương 1038 Không chút lưu tình.txt
  OK 1039/1322 decrypted=True file=Chương 1039 Lại thêm một mạng.txt
  OK 1040/1322 decrypted=True file=Chương 1040 Luyện chế Long Phượng Thiên Tôn Đan.txt
  OK 1041/1322 decrypted=True file=Chương 1041 Tam sắc đan lôi.txt
  OK 1042/1322 decrypted=True file=Chương 1042 Bế quan tu luyện.txt
  OK 1043/1322 decrypted=True file=Chương 1043 Đột phá thành công.txt
  OK 1044/1322 decrypted=True file=Chương 1044 Rời đi lần nữa.txt
BATCH 1045-1062 / 1322
  OK 1045/1322 decrypted=True file=Chương 1045 Đại náo Vạn Hoa Tông.txt
  OK 1046/1322 decrypted=True file=Chương 1046 Trục xuất Nguyên Tôn Cảnh.txt
  OK 1047/1322 decrypted=True file=Chương 1047 Sáu vị Nguyên Tôn Cảnh.txt
  OK 1048/1322 decrypted=True file=Chương 1048 Đại chiến siêu cấp.txt
  OK 1049/1322 decrypted=True file=Chương 1049 Giết chết Diễm Linh.txt
  OK 1050/1322 decrypted=True file=Chương 1050 Giết đỏ mắt.txt
  OK 1051/1322 decrypted=True file=Chương 1051 Dọa lui nhị tông.txt
  OK 1052/1322 decrypted=True file=Chương 1052 Gặp lại cừu nhân.txt
  OK 1053/1322 decrypted=True file=Chương 1053 Phương pháp hồi sinh.txt
  OK 1054/1322 decrypted=True file=Chương 1054 Sự tình quỷ dị.txt
  OK 1055/1322 decrypted=True file=Chương 1055 Ẩn núp trong bóng tối.txt
  OK 1056/1322 decrypted=True file=Chương 1056 Giãi bày tâm sự.txt
  OK 1057/1322 decrypted=True file=Chương 1057 Hành động càn quấy.txt
  OK 1058/1322 decrypted=True file=Chương 1058 Thỏa thuận.txt
  OK 1059/1322 decrypted=True file=Chương 1059 Bốn thú trở về.txt
  OK 1060/1322 decrypted=True file=Chương 1060 Vị trí của Mạnh gia.txt
  OK 1061/1322 decrypted=True file=Chương 1061 Giao chiến.txt
  OK 1062/1322 decrypted=True file=Chương 1062 Dây dưa không ngớt.txt
BATCH 1063-1080 / 1322
  OK 1063/1322 decrypted=True file=Chương 1063 Dụ dỗ cùng mua chuộc.txt
  OK 1064/1322 decrypted=True file=Chương 1064 Ngũ đại tông môn bao vây.txt
  OK 1065/1322 decrypted=True file=Chương 1065 Quý nhân giải vây.txt
  OK 1066/1322 decrypted=True file=Chương 1066 Nghi ngờ thân phận.txt
  OK 1067/1322 decrypted=True file=Chương 1067 Tăng Thiện bi thảm.txt
  OK 1068/1322 decrypted=True file=Chương 1068 Vấn đề của Tịnh gia.txt
  OK 1069/1322 decrypted=True file=Chương 1069 Viễn Cổ Băng Tâm Trùng.txt
  OK 1070/1322 decrypted=True file=Chương 1070 Bắt đầu chữa bệnh.txt
  OK 1071/1322 decrypted=True file=Chương 1071 Khu trục.txt
  OK 1072/1322 decrypted=True file=Chương 1072 Điều kiện.txt
  OK 1073/1322 decrypted=True file=Chương 1073 Tây Thiên Vực chấn động.txt
  OK 1074/1322 decrypted=True file=Chương 1074 Thất bại.txt
  OK 1075/1322 decrypted=True file=Chương 1075 Trước giờ đi xa.txt
  OK 1076/1322 decrypted=True file=Chương 1076 Truyền tống lệch vị.txt
  OK 1077/1322 decrypted=True file=Chương 1077 Cường giả trẻ tuổi.txt
  OK 1078/1322 decrypted=True file=Chương 1078 Ép hỏi tin tức.txt
  OK 1079/1322 decrypted=True file=Chương 1079 Trục xuất chạy trốn.txt
  OK 1080/1322 decrypted=True file=Chương 1080 Huyền Ma Điện.txt
BATCH 1081-1098 / 1322
  OK 1081/1322 decrypted=True file=Chương 1081 Lọt vào tầm ngắm.txt
  OK 1082/1322 decrypted=True file=Chương 1082 Đối chiến tiểu đội Huyền Ma Điện.txt
  OK 1083/1322 decrypted=True file=Chương 1083 Truy tung thuật.txt
  OK 1084/1322 decrypted=True file=Chương 1084 Dập tắt U Diễm Quỷ Nhãn.txt
  OK 1085/1322 decrypted=True file=Chương 1085 Kích thương Hắc Quỷ.txt
  OK 1086/1322 decrypted=True file=Chương 1086 Thay đổi phương hướng.txt
  OK 1087/1322 decrypted=True file=Chương 1087 Tiến vào bên trong khe nứt.txt
  OK 1088/1322 decrypted=True file=Chương 1088 Diễn trò.txt
  OK 1089/1322 decrypted=True file=Chương 1089 Lừa đảo.txt
  OK 1090/1322 decrypted=True file=Chương 1090 Thất Thải Tích Dịch.txt
  OK 1091/1322 decrypted=True file=Chương 1091 Hắc Thiểm Giao Long.txt
  OK 1092/1322 decrypted=True file=Chương 1092 Liên thủ.txt
  OK 1093/1322 decrypted=True file=Chương 1093 Tiêu diệt Hắc Thiểm Giao Long.txt
  OK 1094/1322 decrypted=True file=Chương 1094 Tranh đoạt lợi ích.txt
  OK 1095/1322 decrypted=True file=Chương 1095 Lấy một địch hai.txt
  OK 1096/1322 decrypted=True file=Chương 1096 Kế hoạch của Khương Thần.txt
  OK 1097/1322 decrypted=True file=Chương 1097 Giao dịch 1.txt
  OK 1098/1322 decrypted=True file=Chương 1098 Giao dịch 2.txt
BATCH 1099-1116 / 1322
❌ Lỗi khi tải chương 15890803: HTTPSConnectionPool(host='android.lonoapp.net', port=443): Read timed out. (read timeout=10)
  OK 1099/1322 decrypted=True file=Chương 1099 Rời đi.txt
  OK 1100/1322 decrypted=True file=Chương 1100 Nhân mã Tịnh Nguyệt Tông.txt
  OK 1101/1322 decrypted=True file=Chương 1101 Hạch tâm bí tàng.txt
  OK 1102/1322 decrypted=True file=Chương 1102 Cường giả tề tựu.txt
  OK 1103/1322 decrypted=True file=Chương 1103 Thụ yêu cường hãn.txt
  OK 1104/1322 decrypted=True file=Chương 1104 Không muốn nợ ân tình.txt
  OK 1105/1322 decrypted=True file=Chương 1105 Kế hoạch mới.txt
  OK 1106/1322 decrypted=True file=Chương 1106 Ý đồ của Lạc Minh.txt
  OK 1107/1322 decrypted=True file=Chương 1107 Lừa giết Lạc Minh.txt
  OK 1108/1322 decrypted=True file=Chương 1108 Một kích Nguyên Thánh Cảnh.txt
  OK 1109/1322 decrypted=True file=Chương 1109 Lại có viện quân.txt
  OK 1110/1322 decrypted=True file=Chương 1110 Hoàng Phi hung hăng.txt
  OK 1111/1322 decrypted=True file=Chương 1111 Ăn thua thiệt.txt
  OK 1112/1322 decrypted=True file=Chương 1112 Không gian thần thức.txt
  OK 1113/1322 decrypted=True file=Chương 1113 Yêu cầu của con quạ đen.txt
  OK 1114/1322 decrypted=True file=Chương 1114 Trung niên nhân hoàng kim.txt
  OK 1115/1322 decrypted=True retry=2 file=Chương 1115 Diệp Khinh Tuyết nhạy bén.txt
  OK 1116/1322 decrypted=True file=Chương 1116 Hoàng Phi suýt chết.txt
BATCH 1117-1134 / 1322
❌ Lỗi khi tải chương 15890808: HTTPSConnectionPool(host='android.lonoapp.net', port=443): Read timed out. (read timeout=10)
  OK 1117/1322 decrypted=True file=Chương 1117 Thủ tịch đấu giá sư hắc cẩu.txt
  OK 1118/1322 decrypted=True file=Chương 1118 Hai thú vô sỉ.txt
  OK 1119/1322 decrypted=True file=Chương 1119 Chữa trị cấp tốc.txt
  OK 1120/1322 decrypted=True retry=2 file=Chương 1120 Thanh thế lớn.txt
  OK 1121/1322 decrypted=True file=Chương 1121 So đấu đồng thuật.txt
  OK 1122/1322 decrypted=True file=Chương 1122 Phục Chế.txt
  OK 1123/1322 decrypted=True file=Chương 1123 Lại là Đoạt Mục Cấm Thuật.txt
  OK 1124/1322 decrypted=True file=Chương 1124 Chấn kinh toàn trường.txt
  OK 1125/1322 decrypted=True file=Chương 1125 Lực áp quần hùng.txt
  OK 1126/1322 decrypted=True file=Chương 1126 Thực lực tinh tiến.txt
  OK 1127/1322 decrypted=True file=Chương 1127 Đệ lục biến.txt
  OK 1128/1322 decrypted=True file=Chương 1128 Một mình ép ba thiên tài.txt
  OK 1129/1322 decrypted=True file=Chương 1129 Rút lui.txt
  OK 1130/1322 decrypted=True file=Chương 1130 Vọng Thiên Thuật.txt
  OK 1131/1322 decrypted=True file=Chương 1131 Ôn Thanh Tuyền tới.txt
  OK 1132/1322 decrypted=True file=Chương 1132 Đồng thuật kinh người.txt
  OK 1133/1322 decrypted=True file=Chương 1133 Tấn công dồn dập.txt
  OK 1134/1322 decrypted=True file=Chương 1134 Trục xuất Ôn Thanh Tuyền.txt
BATCH 1135-1152 / 1322
  OK 1135/1322 decrypted=True file=Chương 1135 Thông đạo dẫn tới hạch tâm bí tàng.txt
  OK 1136/1322 decrypted=True file=Chương 1136 Tình thế bên ngoài.txt
  OK 1137/1322 decrypted=True file=Chương 1137 Hạ thấp tư thái.txt
  OK 1138/1322 decrypted=True file=Chương 1138 Vượt qua nội vi.txt
  OK 1139/1322 decrypted=True file=Chương 1139 Lựa chọn của con quạ.txt
  OK 1140/1322 decrypted=True file=Chương 1140 Mỹ nữ cũng tự sướng.txt
  OK 1141/1322 decrypted=True file=Chương 1141 Rời khỏi Phần Viêm Cốc.txt
  OK 1142/1322 decrypted=True file=Chương 1142 Nhảy chương độc giả bỏ qua chương này.txt
  OK 1143/1322 decrypted=True file=Chương 1143 Linh cảm không lành.txt
  OK 1144/1322 decrypted=True file=Chương 1144 Thoát khỏi tình huống hiểm hóc.txt
  OK 1145/1322 decrypted=True file=Chương 1145 U Minh Tôn Giả.txt
  OK 1146/1322 decrypted=True file=Chương 1146 Chạy trốn và đuổi giết 1.txt
  OK 1147/1322 decrypted=True file=Chương 1147 Chạy trốn và đuổi giết 2.txt
  OK 1148/1322 decrypted=True file=Chương 1148 Chạy trốn và đuổi giết 3.txt
  OK 1149/1322 decrypted=True file=Chương 1149 Chạy trốn và đuổi giết 4.txt
  OK 1150/1322 decrypted=True file=Chương 1150 Chạy trốn và đuổi giết 5.txt
  OK 1151/1322 decrypted=True file=Chương 1151 Thiêu đốt huyết mạch.txt
  OK 1152/1322 decrypted=True file=Chương 1152 Con rùa đen lại tới.txt
BATCH 1153-1170 / 1322
  OK 1153/1322 decrypted=True file=Chương 1153 U Minh Tôn Giả bỏ chạy.txt
  OK 1154/1322 decrypted=True file=Chương 1154 U Minh Tôn Giả cường thế.txt
  OK 1155/1322 decrypted=True file=Chương 1155 Trảm sát.txt
  OK 1156/1322 decrypted=True file=Chương 1156 Trở lại viễn cổ bí tàng.txt
  OK 1157/1322 decrypted=True file=Chương 1157 Vấn đề của viễn cổ bí tàng.txt
  OK 1158/1322 decrypted=True file=Chương 1158 Chữa trị thuận lợi.txt
  OK 1159/1322 decrypted=True file=Chương 1159 Âm mưu của bốn tông.txt
  OK 1160/1322 decrypted=True file=Chương 1160 Hắc Ngục Ma Đằng tạo phản.txt
  OK 1161/1322 decrypted=True file=Chương 1161 Khống chế yêu thú.txt
  OK 1162/1322 decrypted=True file=Chương 1162 Sinh Mệnh Nguyên Dịch.txt
  OK 1163/1322 decrypted=True file=Chương 1163 “Đánh cờ” với Nguyên Thánh Cảnh.txt
  OK 1164/1322 decrypted=True file=Chương 1164 Giằng co từng chút.txt
  OK 1165/1322 decrypted=True file=Chương 1165 Phối hợp ăn ý.txt
  OK 1166/1322 decrypted=True file=Chương 1166 Vĩnh đại sư rút lui.txt
  OK 1167/1322 decrypted=True file=Chương 1167 Dịch chuyển.txt
  OK 1168/1322 decrypted=True file=Chương 1168 Kế hoạch xâm chiếm.txt
  OK 1169/1322 decrypted=True file=Chương 1169 Đội ngũ tiến vào.txt
  OK 1170/1322 decrypted=True file=Chương 1170 Phòng thủ kín kẽ.txt
BATCH 1171-1188 / 1322
  OK 1171/1322 decrypted=True file=Chương 1171 Phòng thủ kiên cố.txt
  OK 1172/1322 decrypted=True file=Chương 1172 Con quạ đen mang đến bất ngờ.txt
  OK 1173/1322 decrypted=True file=Chương 1173 Nguyệt Cơ trọng thương.txt
  OK 1174/1322 decrypted=True file=Chương 1174 Liên tục quấy phá.txt
  OK 1175/1322 decrypted=True file=Chương 1175 Lễ ra mắt của Khương Thần.txt
  OK 1176/1322 decrypted=True file=Chương 1176 Chia để trị.txt
  OK 1177/1322 decrypted=True file=Chương 1177 Kế hoạch đổ bể.txt
  OK 1178/1322 decrypted=True file=Chương 1178 Kế hoạch của Khương Thần.txt
  OK 1179/1322 decrypted=True file=Chương 1179 Rời khỏi Thiên Lô Vực.txt
  OK 1180/1322 decrypted=True file=Chương 1180 Thương Linh Thành.txt
  OK 1181/1322 decrypted=True file=Chương 1181 Mộng Vũ.txt
  OK 1182/1322 decrypted=True file=Chương 1182 Gặp lại tiểu cô nương tinh quái.txt
  OK 1183/1322 decrypted=True file=Chương 1183 Đấu giá bắt đầu.txt
  OK 1184/1322 decrypted=True file=Chương 1184 Vương Tiểu Kiều ra oai.txt
  OK 1185/1322 decrypted=True file=Chương 1185 Tiểu phú bà.txt
  OK 1186/1322 decrypted=True file=Chương 1186 Ở trọ qua đêm.txt
  OK 1187/1322 decrypted=True file=Chương 1187 Đánh nhanh thắng nhanh.txt
  OK 1188/1322 decrypted=True file=Chương 1188 Kinh sợ Hồ tiên tử.txt
BATCH 1189-1206 / 1322
  OK 1189/1322 decrypted=True file=Chương 1189 Nữ nhân áo trắng.txt
  OK 1190/1322 decrypted=True file=Chương 1190 Hành trình dài dằng dặc.txt
  OK 1191/1322 decrypted=True file=Chương 1191 Đi Huyết Long Sơn.txt
  OK 1192/1322 decrypted=True file=Chương 1192 Va chạm nhẹ 1.txt
  OK 1193/1322 decrypted=True file=Chương 1193 Va chạm nhẹ 2.txt
  OK 1194/1322 decrypted=True file=Chương 1194 Rừng rậm hung hiểm.txt
  OK 1195/1322 decrypted=True file=Chương 1195 Cố nhân.txt
  OK 1196/1322 decrypted=True file=Chương 1196 Khương Thần xuất hiện.txt
  OK 1197/1322 decrypted=True file=Chương 1197 Giải quyết nhanh gọn.txt
  OK 1198/1322 decrypted=True file=Chương 1198 Vượt qua sương mù.txt
  OK 1199/1322 decrypted=True file=Chương 1199 Hỗn chiến.txt
  OK 1200/1322 decrypted=True file=Chương 1200 Thuận lợi vượt qua.txt
  OK 1201/1322 decrypted=True file=Chương 1201 Tiến vào Huyết Long Đàm.txt
  OK 1202/1322 decrypted=True file=Chương 1202 Trụ lại lâu nhất.txt
  OK 1203/1322 decrypted=True file=Chương 1203 Thánh Đồng khủng bố.txt
  OK 1204/1322 decrypted=True file=Chương 1204 Nghe chuyện Phượng Thanh Nhi.txt
  OK 1205/1322 decrypted=True file=Chương 1205 Tây Đại Thiên Nguyên Giới.txt
  OK 1206/1322 decrypted=True file=Chương 1206 Gặp phải hải tặc.txt
BATCH 1207-1224 / 1322
  OK 1207/1322 decrypted=True file=Chương 1207 Thuyền của yêu tộc.txt
  OK 1208/1322 decrypted=True file=Chương 1208 Song phương đại chiến.txt
  OK 1209/1322 decrypted=True file=Chương 1209 Áp chế toàn diện.txt
  OK 1210/1322 decrypted=True file=Chương 1210 Nhân lúc cháy nhà mà đi hôi của.txt
  OK 1211/1322 decrypted=True file=Chương 1211 Phòng ngự bền bỉ.txt
  OK 1212/1322 decrypted=True file=Chương 1212 Giải quyết đoàn hải tặc.txt
  OK 1213/1322 decrypted=True file=Chương 1213 Đi cùng nhau.txt
  OK 1214/1322 decrypted=True file=Chương 1214 Đông Huyền Châu.txt
  OK 1215/1322 decrypted=True file=Chương 1215 Bắt làm con tin.txt
  OK 1216/1322 decrypted=True file=Chương 1216 Không Châu.txt
  OK 1217/1322 decrypted=True file=Chương 1217 Viêm Giáp Lãn Hùng tộc.txt
  OK 1218/1322 decrypted=True file=Chương 1218 Dụ rắn ra khỏi hang.txt
  OK 1219/1322 decrypted=True file=Chương 1219 Phiền phức đến từ Thiên Linh Tộc.txt
  OK 1220/1322 decrypted=True file=Chương 1220 Hạ thấp tư thái.txt
  OK 1221/1322 decrypted=True file=Chương 1221 Lừa giết Từ Thông.txt
  OK 1222/1322 decrypted=True file=Chương 1222 Thời gian trôi nhanh.txt
  OK 1223/1322 decrypted=True file=Chương 1223 Phiền phức ở truyền tống trận.txt
  OK 1224/1322 decrypted=True file=Chương 1224 Khương Thần giải vây.txt
BATCH 1225-1242 / 1322
  OK 1225/1322 decrypted=True file=Chương 1225 Xung đột.txt
  OK 1226/1322 decrypted=True file=Chương 1226 Lộ ra thân phận.txt
  OK 1227/1322 decrypted=True file=Chương 1227 Quỳ xuống xin chết.txt
  OK 1228/1322 decrypted=True file=Chương 1228 Tới Thiên Cơ tộc.txt
  OK 1229/1322 decrypted=True file=Chương 1229 Nữ tử thần bí.txt
  OK 1230/1322 decrypted=True file=Chương 1230 Phượng Thanh Nhi cầu viện.txt
  OK 1231/1322 decrypted=True file=Chương 1231 Chấn kinh toàn trường.txt
  OK 1232/1322 decrypted=True file=Chương 1232 Tiến vào khu vực thí luyện.txt
  OK 1233/1322 decrypted=True file=Chương 1233 Khương Thần cướp đoạt điểm số.txt
  OK 1234/1322 decrypted=True file=Chương 1234 Nhà giàu.txt
  OK 1235/1322 decrypted=True file=Chương 1235 Bị bao vây.txt
  OK 1236/1322 decrypted=True file=Chương 1236 Kết cục không ai ngờ tới.txt
  OK 1237/1322 decrypted=True file=Chương 1237 Âm mưu của đại trưởng lão.txt
  OK 1238/1322 decrypted=True file=Chương 1238 Nguyên Đế Cảnh xuất hiện.txt
  OK 1239/1322 decrypted=True file=Chương 1239 Một chưởng đè chết.txt
  OK 1240/1322 decrypted=True file=Chương 1240 Cố nhân không ngờ tới.txt
  OK 1241/1322 decrypted=True file=Chương 1241 Ý nghĩ của Phượng Phần Thiên.txt
  OK 1242/1322 decrypted=True file=Chương 1242 Cổ Thiên Lạc.txt
BATCH 1243-1260 / 1322
  OK 1243/1322 decrypted=True file=Chương 1243 Kẻ truy người trốn.txt
  OK 1244/1322 decrypted=True file=Chương 1244 Dồn toàn lực.txt
  OK 1245/1322 decrypted=True file=Chương 1245 Dẫn dụ.txt
  OK 1246/1322 decrypted=True file=Chương 1246 Cướp đoạt U Minh Quỷ Nhãn.txt
  OK 1247/1322 decrypted=True file=Chương 1247 Minh Thần Chi Mâu.txt
  OK 1248/1322 decrypted=True file=Chương 1248 Tới Tịnh gia Thương Mang đại lục.txt
  OK 1249/1322 decrypted=True file=Chương 1249 Giải quyết vấn đề.txt
  OK 1250/1322 decrypted=True file=Chương 1250 Tình hình Lam Tuyết đại lục.txt
  OK 1251/1322 decrypted=True file=Chương 1251 Khương Thần trở về.txt
  OK 1252/1322 decrypted=True file=Chương 1252 Giết chóc tàn nhẫn.txt
  OK 1253/1322 decrypted=True file=Chương 1253 Gặp lại đám Tần Thiên Hoành.txt
  OK 1254/1322 decrypted=True file=Chương 1254 Hủy diệt.txt
  OK 1255/1322 decrypted=True file=Chương 1255 Tình trạng của Thái Văn Cơ.txt
  OK 1256/1322 decrypted=True file=Chương 1256 Giết đỏ mắt.txt
  OK 1257/1322 decrypted=True file=Chương 1257 Khương Thần vô tình.txt
  OK 1258/1322 decrypted=True file=Chương 1258 Trở về Lam Hải tinh.txt
  OK 1259/1322 decrypted=True file=Chương 1259 Cảnh còn người mất.txt
  OK 1260/1322 decrypted=True file=Chương 1260 Thư để lại.txt
BATCH 1261-1278 / 1322
  OK 1261/1322 decrypted=True file=Chương 1261 Tìm kiếm dấu vết.txt
  OK 1262/1322 decrypted=True file=Chương 1262 Cứu Từ Trạch Đông.txt
  OK 1263/1322 decrypted=True file=Chương 1263 Lại gặp bốn thú.txt
  OK 1264/1322 decrypted=True file=Chương 1264 Kẻ thù áo đen.txt
  OK 1265/1322 decrypted=True file=Chương 1265 Rời đi an toàn.txt
  OK 1266/1322 decrypted=True file=Chương 1266 Tới Thánh Thiên đại lục.txt
  OK 1267/1322 decrypted=True file=Chương 1267 Suýt bị phát hiện.txt
  OK 1268/1322 decrypted=True file=Chương 1268 Âm thầm tìm kiếm.txt
  OK 1269/1322 decrypted=True file=Chương 1269 Trắc thí huyết mạch.txt
  OK 1270/1322 decrypted=True file=Chương 1270 Tung tích của Khương Y Na.txt
  OK 1271/1322 decrypted=True file=Chương 1271 Vũ Vô Địch đột phá.txt
  OK 1272/1322 decrypted=True file=Chương 1272 Tới Hư Vô Yêu Giới.txt
  OK 1273/1322 decrypted=True file=Chương 1273 Viễn Tiểu Linh.txt
  OK 1274/1322 decrypted=True file=Chương 1274 Nhận thân.txt
  OK 1275/1322 decrypted=True file=Chương 1275 Thái thượng trưởng lão Thánh Thiên giáo xuất hiện.txt
  OK 1276/1322 decrypted=True file=Chương 1276 Cấu kết với Thời tộc.txt
  OK 1277/1322 decrypted=True file=Chương 1277 Phong giới.txt
  OK 1278/1322 decrypted=True file=Chương 1278 Phá hủy trận pháp.txt
BATCH 1279-1296 / 1322
  OK 1279/1322 decrypted=True file=Chương 1279 Viễn Thiên Long tới.txt
  OK 1280/1322 decrypted=True file=Chương 1280 Chạy đôn chạy đáo.txt
  OK 1281/1322 decrypted=True file=Chương 1281 Quấy đảo Viễn Cổ Thiên Hoàng tộc.txt
  OK 1282/1322 decrypted=True file=Chương 1282 Viễn Cổ Thiên Hoàng tộc bị đè ép.txt
  OK 1283/1322 decrypted=True file=Chương 1283 Chuyên tâm tu luyện.txt
  OK 1284/1322 decrypted=True file=Chương 1284 Đột phá lần nữa.txt
  OK 1285/1322 decrypted=True file=Chương 1285 Sơ đấu.txt
  OK 1286/1322 decrypted=True file=Chương 1286 Chiến đấu cấp Tiên Đế.txt
  OK 1287/1322 decrypted=True file=Chương 1287 Biến ảo khôn lường.txt
  OK 1288/1322 decrypted=True file=Chương 1288 Thánh giới khai mở.txt
  OK 1289/1322 decrypted=True file=Chương 1289 Hài nhi trở về rồi đây.txt
  OK 1290/1322 decrypted=True file=Chương 1290 Thiên Cổ chiến trường.txt
  OK 1291/1322 decrypted=True file=Chương 1291 Tin tức Thời tộc mang đến.txt
  OK 1292/1322 decrypted=True file=Chương 1292 Cường giả cũng sợ mẹ.txt
  OK 1293/1322 decrypted=True file=Chương 1293 Tu luyện trong mặt trời.txt
  OK 1294/1322 decrypted=True file=Chương 1294 Luyện hóa Thái Dương Thiên Hỏa.txt
  OK 1295/1322 decrypted=True file=Chương 1295 Trận chiến tranh đoạt chức đội trưởng.txt
  OK 1296/1322 decrypted=True file=Chương 1296 Chiếm chút ưu thế.txt
BATCH 1297-1314 / 1322
  OK 1297/1322 decrypted=True file=Chương 1297 Chiến đấu kịch liệt.txt
  OK 1298/1322 decrypted=True file=Chương 1298 Kịch tính.txt
  OK 1299/1322 decrypted=True file=Chương 1299 Mài giết.txt
  OK 1300/1322 decrypted=True file=Chương 1300 Chiến thắng.txt
  OK 1301/1322 decrypted=True file=Chương 1301 Thiên Cổ chiến trường.txt
  OK 1302/1322 decrypted=True file=Chương 1302 Nguy hiểm cận kề.txt
  OK 1303/1322 decrypted=True file=Chương 1303 Gặp bốn thú.txt
  OK 1304/1322 decrypted=True file=Chương 1304 Đối mặt với đội ngũ Hồn tộc.txt
  OK 1305/1322 decrypted=True file=Chương 1305 Một chiêu ước định.txt
  OK 1306/1322 decrypted=True file=Chương 1306 Đông đúc náo nhiệt.txt
  OK 1307/1322 decrypted=True file=Chương 1307 Không có thu hoạch.txt
  OK 1308/1322 decrypted=True file=Chương 1308 Kẻ thù cũ.txt
  OK 1309/1322 decrypted=True file=Chương 1309 Kiêng dè lẫn nhau.txt
  OK 1310/1322 decrypted=True file=Chương 1310 Thần điện.txt
  OK 1311/1322 decrypted=True file=Chương 1311 Chính điện.txt
  OK 1312/1322 decrypted=True file=Chương 1312 Linh hồn tứ đại thiên thư.txt
  OK 1313/1322 decrypted=True file=Chương 1313 Cửu U Đế.txt
  OK 1314/1322 decrypted=True file=Chương 1314 Bất ngờ liên tục.txt
BATCH 1315-1322 / 1322
  OK 1315/1322 decrypted=True file=Chương 1315 Thông Thiên Đế.txt
  OK 1316/1322 decrypted=True file=Chương 1316 Chiến đấu khắp nơi.txt
  OK 1317/1322 decrypted=True file=Chương 1317 Vây công Thiên giới.txt
  OK 1318/1322 decrypted=True file=Chương 1318 Về tộc.txt
  OK 1319/1322 decrypted=True file=Chương 1319 Hội nghị.txt
  OK 1320/1322 decrypted=True file=Chương 1320 Tiễn biệt.txt
  OK 1321/1322 decrypted=True file=Chương 1321 Kết thúc cũng là lúc bắt đầu.txt
  OK 1322/1322 decrypted=True file=Chương 1322 Lời ngỏ.txt
final_ok=1322
final_fail=0
out=C:\Dev\MTC\Vô Tận Trùng Sinh

[stderr]
