book=Tổng Mạn Cùng Miêu Nương Không Đơn Giản Thường Ngày
book_id=105037
out=C:\Dev\MTC\Tổng Mạn Cùng Miêu Nương Không Đơn Giản Thường Ngày
chapters_total=1243 expected=1243
workers=6 batch_size=18
BATCH 1-18 / 1243
❌ Lỗi khi tải chương 12991062: HTTPSConnectionPool(host='android.lonoapp.net', port=443): Read timed out. (read timeout=10)
  OK 1/1243 decrypted=True file=Chương 1 Amakawa Yuuto.txt
  OK 2/1243 decrypted=True file=Chương 2 Lương Sơn Bạc.txt
  OK 3/1243 decrypted=True file=Chương 3 Địa Ngục Huấn Luyện.txt
  OK 4/1243 decrypted=True file=Chương 4 Hatake gia kiếm thuật.txt
  OK 5/1243 decrypted=True file=Chương 5 Trò chuyện với Miu.txt
  OK 6/1243 decrypted=True file=Chương 6 Thực chiến.txt
  OK 7/1243 decrypted=True file=Chương 7 Khô Lâu Binh.txt
  OK 8/1243 decrypted=True retry=2 file=Chương 8 Sàn Đấu Ngầm.txt
  OK 9/1243 decrypted=True file=Chương 9 Sàn Đấu Ngầm chiến đấu.txt
  OK 10/1243 decrypted=True file=Chương 10 Thực lực tăng lên.txt
  OK 11/1243 decrypted=True file=Chương 11 Jinguji Kuesu.txt
  OK 12/1243 decrypted=True file=Chương 12 Cùng Sakaki Shio đối luyện.txt
  OK 13/1243 decrypted=True file=Chương 13 Cuối cùng cũng rút ra Anh Linh.txt
  OK 14/1243 decrypted=True file=Chương 14 Lại xuất hiện nhiệm vụ.txt
  OK 15/1243 decrypted=True file=Chương 15 Tắm chung.txt
  OK 16/1243 decrypted=True file=Chương 16 Chiến đấu.txt
  OK 17/1243 decrypted=True file=Chương 17 Chiến Vĩ Nhân.txt
  OK 18/1243 decrypted=True file=Chương 18 Chiến thắng.txt
BATCH 19-36 / 1243
  OK 19/1243 decrypted=True file=Chương 19 Truy sát.txt
  OK 20/1243 decrypted=True file=Chương 20 Phản ứng.txt
  OK 21/1243 decrypted=True file=Chương 21 Cùng Kuesu hẹn hò.txt
  OK 22/1243 decrypted=True file=Chương 22 Hai nữ gặp mặt.txt
  OK 23/1243 decrypted=True file=Chương 23 Chân chính địa ngục cấp Huấn Luyện.txt
  OK 24/1243 decrypted=True file=Chương 24 Shigure.txt
  OK 25/1243 decrypted=True file=Chương 25 Cùng Miu huấn luyện.txt
  OK 26/1243 decrypted=True file=Chương 26 Chiến thắng.txt
  OK 27/1243 decrypted=True file=Chương 27 Tuyệt vọng Sakura.txt
  OK 28/1243 decrypted=True file=Chương 28 Cứu Sakura.txt
  OK 29/1243 decrypted=True file=Chương 29 Chém giết lão sâu trùng.txt
  OK 30/1243 decrypted=True file=Chương 30 Chuẩn bị triệu hoán Servant.txt
  OK 31/1243 decrypted=True file=Chương 31 Miyamoto no Yorimitsu.txt
  OK 32/1243 decrypted=True file=Chương 32 Irisviel cùng Arturia đến.txt
  OK 33/1243 decrypted=True file=Chương 33 Caster Cú Chulainn.txt
  OK 34/1243 decrypted=True file=Chương 34 Khiêu khích.txt
  OK 35/1243 decrypted=True file=Chương 35 Trận chiến đầu tiên.txt
  OK 36/1243 decrypted=True file=Chương 36 Gae Dearg.txt
BATCH 37-54 / 1243
  OK 37/1243 decrypted=True file=Chương 37 Rơi vào thế yếu Saber.txt
  OK 38/1243 decrypted=True file=Chương 38 Rider đến.txt
  OK 39/1243 decrypted=True file=Chương 39 Lần lượt lên sàn.txt
  OK 40/1243 decrypted=True file=Chương 40 Toàn trường chấn động.txt
  OK 41/1243 decrypted=True file=Chương 41 Archer tạm thời rút lui.txt
  OK 42/1243 decrypted=True file=Chương 42 Đêm đầu tiên kết thúc.txt
  OK 43/1243 decrypted=True file=Chương 43 Emiya Kiritsugu tập kích.txt
  OK 44/1243 decrypted=True file=Chương 44 Kotomine Kirei tập kích.txt
  OK 45/1243 decrypted=True file=Chương 45 Matou Kariya đến.txt
  OK 46/1243 decrypted=True file=Chương 46 Tohsaka Rin.txt
  OK 47/1243 decrypted=True file=Chương 47 Tohsaka Aoi.txt
  OK 48/1243 decrypted=True file=Chương 48 Vương chi Yến hội 1.txt
  OK 49/1243 decrypted=True file=Chương 49 Vương chi Yến hội 2.txt
  OK 50/1243 decrypted=True file=Chương 50 Vương chi Yến hội 3.txt
  OK 51/1243 decrypted=True file=Chương 51 Vương chi Yến hội 4.txt
  OK 52/1243 decrypted=True file=Chương 52 Vương chi Yến Hội 5.txt
  OK 53/1243 decrypted=True file=Chương 53 Chiến đấu.txt
  OK 54/1243 decrypted=True file=Chương 54 Assassin rút lui.txt
BATCH 55-72 / 1243
  OK 55/1243 decrypted=True file=Chương 55 Caren Hortensia.txt
  OK 56/1243 decrypted=True file=Chương 56 Phản bội.txt
  OK 57/1243 decrypted=True file=Chương 57 Saber vs Lancer.txt
  OK 58/1243 decrypted=True file=Chương 58 Lancer rút lui.txt
  OK 59/1243 decrypted=True file=Chương 59 Sắp đến hồi kết Chiến Tranh.txt
  OK 60/1243 decrypted=True file=Chương 60 Bắt đi Irisviel.txt
  OK 61/1243 decrypted=True file=Chương 61 Cùng Irisviel nói chuyện.txt
  OK 62/1243 decrypted=True file=Chương 62 Tính hiệu.txt
  OK 63/1243 decrypted=True file=Chương 63 Trước trận chiến.txt
  OK 64/1243 decrypted=True file=Chương 64 Ionioi Hetairoi.txt
  OK 65/1243 decrypted=True file=Chương 65 Tinh Tú Khai Tịnh Đất Trời • Enuma Ellish.txt
  OK 66/1243 decrypted=True file=Chương 66 Kotomine Kirei vs Emiya Kiritsugu.txt
  OK 67/1243 decrypted=True file=Chương 67 Kotomine Kirei chết.txt
  OK 68/1243 decrypted=True file=Chương 68 Caster Berserker vs Archer.txt
  OK 69/1243 decrypted=True file=Chương 69 Đảo ngược tình thế.txt
  OK 70/1243 decrypted=True file=Chương 70 Gilgamesh rút lui.txt
  OK 71/1243 decrypted=True file=Chương 71 Excalibur.txt
  OK 72/1243 decrypted=True file=Chương 72 Lần thứ tư Chén Thánh Chiến Tranh kết thúc.txt
BATCH 73-90 / 1243
  OK 73/1243 decrypted=True file=Chương 73 Sau trận chiến an bài.txt
  OK 74/1243 decrypted=True file=Chương 74 Einzbern pháo đài cùng Euryale.txt
  OK 75/1243 decrypted=True file=Chương 75 Illyasviel von Einzbern.txt
  OK 76/1243 decrypted=True file=Chương 76 Đến Asagami gia.txt
  OK 77/1243 decrypted=True file=Chương 77 Mang Fujino về dạy dỗ Euryale.txt
  OK 78/1243 decrypted=True file=Chương 78 Rời đi.txt
  OK 79/1243 decrypted=True file=Chương 79 Rút thưởng cùng Hệ Thống nhắc nhở.txt
  OK 80/1243 decrypted=True file=Chương 80 Ma Nhãn.txt
  OK 81/1243 decrypted=True file=Chương 81 Kiyohime.txt
  OK 82/1243 decrypted=True file=Chương 82 Bất ngờ.txt
  OK 83/1243 decrypted=True file=Chương 83 Himari hóa hình.txt
  OK 84/1243 decrypted=True file=Chương 84 Amakawa Genzo.txt
  OK 85/1243 decrypted=True file=Chương 85 Xã Hội thượng lưu Yến Hội.txt
  OK 86/1243 decrypted=True file=Chương 86 Shinomiya gia tộc.txt
  OK 87/1243 decrypted=True file=Chương 87 Nakiri Erina.txt
  OK 88/1243 decrypted=True file=Chương 88 Shokugeki.txt
  OK 89/1243 decrypted=True file=Chương 89 Chiến thắng.txt
  OK 90/1243 decrypted=True file=Chương 90 Shinomiya Kaguya cùng Hayasaka Ai.txt
BATCH 91-108 / 1243
❌ Lỗi khi tải chương 13049906: HTTPSConnectionPool(host='android.lonoapp.net', port=443): Read timed out. (read timeout=10)
❌ Lỗi khi tải chương 13052418: HTTPSConnectionPool(host='android.lonoapp.net', port=443): Read timed out. (read timeout=10)
  OK 91/1243 decrypted=True file=Chương 91 Yến Hội kết thúc.txt
  OK 92/1243 decrypted=True file=Chương 92 Nakiri Senzaemon.txt
  OK 93/1243 decrypted=True file=Chương 93 Lại gặp Yami.txt
  OK 94/1243 decrypted=True file=Chương 94 Susanoo.txt
  OK 95/1243 decrypted=True file=Chương 95 Ác Ma.txt
  OK 96/1243 decrypted=True file=Chương 96 Huấn luyện không ngừng.txt
  OK 97/1243 decrypted=True file=Chương 97 Quyết định danh ngạch.txt
  OK 98/1243 decrypted=True file=Chương 98 Sonoda Umi.txt
  OK 99/1243 decrypted=True file=Chương 99 Umi kinh ngạc.txt
  OK 100/1243 decrypted=True file=Chương 100 Busujima Saeko.txt
  OK 101/1243 decrypted=True file=Chương 101 Giảo Thủ.txt
  OK 102/1243 decrypted=True retry=2 file=Chương 102 Bị trêu đùa Busujima Saeko.txt
  OK 103/1243 decrypted=True file=Chương 103 Nhận Đệ Tử.txt
  OK 104/1243 decrypted=True file=Chương 104 Thực hiện ước định.txt
  OK 105/1243 decrypted=True retry=2 file=Chương 105 Natsukawa Masuzu muốn bỏ nhà đi.txt
  OK 106/1243 decrypted=True file=Chương 106 Khiêu Vũ.txt
  OK 107/1243 decrypted=True file=Chương 107 Masuzu cùng chúng nữ gặp mặt.txt
  OK 108/1243 decrypted=True file=Chương 108 Chưa sa đọa thiên sứ.txt
BATCH 109-126 / 1243
❌ Lỗi khi tải chương 13058592: HTTPSConnectionPool(host='android.lonoapp.net', port=443): Read timed out. (read timeout=10)
  OK 109/1243 decrypted=True file=Chương 109 Busujima Ichiro.txt
  OK 110/1243 decrypted=True file=Chương 110 Thiên Đoạn Vạn Trảm uy lực.txt
  OK 111/1243 decrypted=True file=Chương 111 Sau này dự tính.txt
  OK 112/1243 decrypted=True file=Chương 112 Machida Sonoko cùng Hiratsuka Shizuka.txt
  OK 113/1243 decrypted=True file=Chương 113 Từng người rời đi.txt
  OK 114/1243 decrypted=True retry=2 file=Chương 114 Bãi biển.txt
  OK 115/1243 decrypted=True file=Chương 115 Dạy Masuzu bơi lội.txt
  OK 116/1243 decrypted=True file=Chương 116 Đập dưa hấu.txt
  OK 117/1243 decrypted=True file=Chương 117 Yuuto phản kích.txt
  OK 118/1243 decrypted=True file=Chương 118 Khi dễ hai nữ.txt
  OK 119/1243 decrypted=True file=Chương 119 Masuzu rời đi.txt
  OK 120/1243 decrypted=True file=Chương 120 Thế Giới tình huống.txt
  OK 121/1243 decrypted=True file=Chương 121 5 Centimet trên giây.txt
  OK 122/1243 decrypted=True file=Chương 122 Gặp lại Sonoko Machida.txt
  OK 123/1243 decrypted=True file=Chương 123 Erina tạm thời rời đi.txt
  OK 124/1243 decrypted=True file=Chương 124 Phê Bình.txt
  OK 125/1243 decrypted=True file=Chương 125 Lại gặp Shokugeki.txt
  OK 126/1243 decrypted=True file=Chương 126 Người hầu Hōjō Miyoko.txt
BATCH 127-144 / 1243
  OK 127/1243 decrypted=True file=Chương 127 Từng người ý định.txt
  OK 128/1243 decrypted=True file=Chương 128 Akame ga Kill thế giới.txt
  OK 129/1243 decrypted=True file=Chương 129 Esdeath.txt
  OK 130/1243 decrypted=True file=Chương 130 Esdeath thuần phục.txt
  OK 131/1243 decrypted=True file=Chương 131 Triệu Hoán Anh Linh.txt
  OK 132/1243 decrypted=True file=Chương 132 Chiến trường tình huống.txt
  OK 133/1243 decrypted=True file=Chương 133 Đế Quốc có hành động.txt
  OK 134/1243 decrypted=True file=Chương 134 Không đơn giản thế giới.txt
  OK 135/1243 decrypted=True file=Chương 135 Chiến đấu.txt
  OK 136/1243 decrypted=True file=Chương 136 Giải quyết.txt
  OK 137/1243 decrypted=True file=Chương 137 Nghênh chiến.txt
  OK 138/1243 decrypted=True file=Chương 138 Tức Giận.txt
  OK 139/1243 decrypted=True file=Chương 139 Chấn nhiếp.txt
  OK 140/1243 decrypted=True file=Chương 140 Tộc Curtis hội nghị.txt
  OK 141/1243 decrypted=True file=Chương 141 Tộc Curtis thuần phục.txt
  OK 142/1243 decrypted=True file=Chương 142 Nửa năm trôi qua.txt
  OK 143/1243 decrypted=True file=Chương 143 Yuuto mục đích.txt
  OK 144/1243 decrypted=True file=Chương 144 Akame cùng Kurome.txt
BATCH 145-162 / 1243
  OK 145/1243 decrypted=True file=Chương 145 Kurome giá trị.txt
  OK 146/1243 decrypted=True file=Chương 146 Tỷ muội gặp lại.txt
  OK 147/1243 decrypted=True file=Chương 147 Yuuto tức giận.txt
  OK 148/1243 decrypted=True file=Chương 148 Cơ Hội.txt
  OK 149/1243 decrypted=True file=Chương 149 Đến nơi.txt
  OK 150/1243 decrypted=True file=Chương 150 Chiến Đấu bạo phát.txt
  OK 151/1243 decrypted=True file=Chương 151 Đồ Sát.txt
  OK 152/1243 decrypted=True file=Chương 152 Akame quyết định.txt
  OK 153/1243 decrypted=True file=Chương 153 Kết Thúc.txt
  OK 154/1243 decrypted=True file=Chương 154 Akame thiện lương.txt
  OK 155/1243 decrypted=True file=Chương 155 Akame rời đi.txt
  OK 156/1243 decrypted=True file=Chương 156 Rinslet Laurenfrost.txt
  OK 157/1243 decrypted=True file=Chương 157 Mục nát Đế Quốc.txt
  OK 158/1243 decrypted=True file=Chương 158 Người quen.txt
  OK 159/1243 decrypted=True file=Chương 159 Cùng Sayo trò chuyện.txt
  OK 160/1243 decrypted=True file=Chương 160 Tạm chia tay.txt
  OK 161/1243 decrypted=True file=Chương 161 Tatsumi đến Đế Đô.txt
  OK 162/1243 decrypted=True file=Chương 162 Leone.txt
BATCH 163-180 / 1243
  OK 163/1243 decrypted=True file=Chương 163 Bị lừa gạt Tatsumi.txt
  OK 164/1243 decrypted=True file=Chương 164 Night Raid hành động.txt
  OK 165/1243 decrypted=True file=Chương 165 Đế Đô hắc ám.txt
  OK 166/1243 decrypted=True file=Chương 166 Yuuto vs Night Raid 1.txt
  OK 167/1243 decrypted=True file=Chương 167 Yuuto vs Night Raid 2.txt
  OK 168/1243 decrypted=True file=Chương 168 Rời đi.txt
  OK 169/1243 decrypted=True file=Chương 169 Yuuto kinh khủng.txt
  OK 170/1243 decrypted=True file=Chương 170 Ouroboros Đế Quốc hành động.txt
  OK 171/1243 decrypted=True file=Chương 171 Rinslet hành động.txt
  OK 172/1243 decrypted=True file=Chương 172 Jaegers thành lập.txt
  OK 173/1243 decrypted=True file=Chương 173 Esdeath trở về.txt
  OK 174/1243 decrypted=True file=Chương 174 Thiết Toái Nha Tessaiga.txt
  OK 175/1243 decrypted=True file=Chương 175 Himari chiến đấu.txt
  OK 176/1243 decrypted=True file=Chương 176 Sóng ngầm bắt đầu nổi lên.txt
  OK 177/1243 decrypted=True file=Chương 177 Jaegers vs Night Raid.txt
  OK 178/1243 decrypted=True file=Chương 178 Teresa.txt
  OK 179/1243 decrypted=True file=Chương 179 Tứ Quỷ Rakshasa chết.txt
  OK 180/1243 decrypted=True file=Chương 180 Jaegers vs Night Raid chiến đấu 1.txt
BATCH 181-198 / 1243
  OK 181/1243 decrypted=True file=Chương 181 Jaegers vs Night Raid chiến đấu 2.txt
  OK 182/1243 decrypted=True file=Chương 182 Jaegers vs Night Raid chiến đấu 3.txt
  OK 183/1243 decrypted=True file=Chương 183 Jaegers vs Night Raid chiến đấu 4.txt
  OK 184/1243 decrypted=True file=Chương 184 Akame phản bội.txt
  OK 185/1243 decrypted=True file=Chương 185 Yuuto vs Susanoo.txt
  OK 186/1243 decrypted=True file=Chương 186 Susanoo vs Đế Cụ Susanoo.txt
  OK 187/1243 decrypted=True file=Chương 187 Ngã xuống Đại Thần Honest.txt
  OK 188/1243 decrypted=True file=Chương 188 Hỗn loạn bắt đầu.txt
  OK 189/1243 decrypted=True file=Chương 189 Hỗn loạn bắt đầu.txt
  OK 190/1243 decrypted=True file=Chương 190 Cuối cùng quyết chiến.txt
  OK 191/1243 decrypted=True file=Chương 191 Va Chạm.txt
  OK 192/1243 decrypted=True file=Chương 192 Mới ma thuật kết thúc chiến đấu.txt
  OK 193/1243 decrypted=True file=Chương 193 Medea.txt
  OK 194/1243 decrypted=True file=Chương 194 Esdeath khiêu chiến.txt
  OK 195/1243 decrypted=True file=Chương 195 An bài Night Raid.txt
  OK 196/1243 decrypted=True file=Chương 196 Night Raid được thả.txt
  OK 197/1243 decrypted=True file=Chương 197 Yuuto vs Esdeath.txt
  OK 198/1243 decrypted=True file=Chương 198 Yuuto vs Esdeath 2.txt
BATCH 199-216 / 1243
❌ Lỗi khi tải chương 13343666: HTTPSConnectionPool(host='android.lonoapp.net', port=443): Read timed out. (read timeout=10)
❌ Lỗi khi tải chương 13360390: HTTPSConnectionPool(host='android.lonoapp.net', port=443): Read timed out. (read timeout=10)
  OK 199/1243 decrypted=True file=Chương 199 Esdeath bại.txt
  OK 200/1243 decrypted=True file=Chương 200 Akame ga kill kết thúc.txt
  OK 201/1243 decrypted=True retry=2 file=Chương 201 Kỹ năng cùng Bảo Cụ.txt
  OK 202/1243 decrypted=True file=Chương 202 Kuesu u oán.txt
  OK 203/1243 decrypted=True file=Chương 203 Bất ngờ gặp gỡ.txt
  OK 204/1243 decrypted=True file=Chương 204 Đến trường học.txt
  OK 205/1243 decrypted=True file=Chương 205 Mở Hậu Cung tuyên ngôn.txt
  OK 206/1243 decrypted=True file=Chương 206 Tự giới thiệu.txt
  OK 207/1243 decrypted=True file=Chương 207 Lớp trưởng.txt
  OK 208/1243 decrypted=True file=Chương 208 Rất nhiều người quen.txt
  OK 209/1243 decrypted=True file=Chương 209 Khai giảng.txt
  OK 210/1243 decrypted=True file=Chương 210 Truyền Kỳ Thời Đại.txt
  OK 211/1243 decrypted=True file=Chương 211 Sân thượng gặp mặt Kasumigaoka Utaha.txt
  OK 212/1243 decrypted=True retry=2 file=Chương 212 Xấu hổ Kasumigaoka Utaha.txt
  OK 213/1243 decrypted=True file=Chương 213 Cảm thấy thú vị.txt
  OK 214/1243 decrypted=True file=Chương 214 Ngu ngốc Satanichia.txt
  OK 215/1243 decrypted=True file=Chương 215 Ako.txt
  OK 216/1243 decrypted=True file=Chương 216 Gabriel tiếp xúc trò chơi.txt
BATCH 217-234 / 1243
  OK 217/1243 decrypted=True file=Chương 217 Gabriel sa đọa bước đầu tiên.txt
  OK 218/1243 decrypted=True file=Chương 218 Hết cứu Satanichia.txt
  OK 219/1243 decrypted=True file=Chương 219 Kasumigaoka Utaha mời.txt
  OK 220/1243 decrypted=True file=Chương 220 Đánh giá.txt
  OK 221/1243 decrypted=True file=Chương 221 Kasumigaoka Utaha nhờ cậy.txt
  OK 222/1243 decrypted=True file=Chương 222 Tác phẩm mới Inuyasha.txt
  OK 223/1243 decrypted=True file=Chương 223 Tổng biên tập khen ngợi.txt
  OK 224/1243 decrypted=True file=Chương 224 Vô tình gặp Yukinoshita Yukino.txt
  OK 225/1243 decrypted=True file=Chương 225 Chinh phục hai nữ xử lý.txt
  OK 226/1243 decrypted=True file=Chương 226 Thất Bại.txt
  OK 227/1243 decrypted=True file=Chương 227 Busujima Saeko trở về.txt
  OK 228/1243 decrypted=True file=Chương 228 Chúng nữ bàn luận.txt
  OK 229/1243 decrypted=True file=Chương 229 Gabriel trốn học.txt
  OK 230/1243 decrypted=True file=Chương 230 Trêu trọc Kasumigaoka Utaha.txt
  OK 231/1243 decrypted=True file=Chương 231 Không tiêu đề.txt
  OK 232/1243 decrypted=True file=Chương 232 Gabriel sa đọa.txt
  OK 233/1243 decrypted=True file=Chương 233 Không cứu nổi Gabriel.txt
  OK 234/1243 decrypted=True file=Chương 234 Nero Claudius Ceasar Augustus Germanicus.txt
BATCH 235-252 / 1243
  OK 235/1243 decrypted=True file=Chương 235 Sasaki Kojiro.txt
  OK 236/1243 decrypted=True file=Chương 236 Jack The Ripper.txt
  OK 237/1243 decrypted=True file=Chương 237 Nero khủng bố tiếng ca.txt
  OK 238/1243 decrypted=True file=Chương 238 Lớn mật Nero.txt
  OK 239/1243 decrypted=True file=Chương 239 Không giữ lời Gabriel.txt
  OK 240/1243 decrypted=True file=Chương 240 Thể dục khóa.txt
  OK 241/1243 decrypted=True file=Chương 241 Miura Yumiko nhắc nhở.txt
  OK 242/1243 decrypted=True file=Chương 242 Khiêu chiến.txt
  OK 243/1243 decrypted=True file=Chương 243 Bắt Đầu.txt
  OK 244/1243 decrypted=True file=Chương 244 Cuồng vọng.txt
  OK 245/1243 decrypted=True file=Chương 245 Đi dạo phố.txt
  OK 246/1243 decrypted=True file=Chương 246 Trêu đùa học tỷ.txt
  OK 247/1243 decrypted=True file=Chương 247 Thử đồ kết thúc.txt
  OK 248/1243 decrypted=True file=Chương 248 Lại vào Game.txt
  OK 249/1243 decrypted=True file=Chương 249 Ako mời.txt
  OK 250/1243 decrypted=True file=Chương 250 Thường ngày sáng sớm.txt
  OK 251/1243 decrypted=True file=Chương 251 Trao đổi số điện thoại liên lạc.txt
  OK 252/1243 decrypted=True file=Chương 252 Biếng nhác thiên sứ đến trường.txt
BATCH 253-270 / 1243
  OK 253/1243 decrypted=True file=Chương 253 Không có tiêu đề.txt
  OK 254/1243 decrypted=True file=Chương 254 Xử lý bộ Happy New Year.txt
  OK 255/1243 decrypted=True file=Chương 255 Ako tỏ tình.txt
  OK 256/1243 decrypted=True file=Chương 256 Offline tụ hội.txt
  OK 257/1243 decrypted=True file=Chương 257 Tụ tập đông đủ.txt
  OK 258/1243 decrypted=True file=Chương 258 Giới thiệu bản thân.txt
  OK 259/1243 decrypted=True file=Chương 259 Không có tiêu đề.txt
  OK 260/1243 decrypted=True file=Chương 260 Uy nghiêm Bá đạo.txt
  OK 261/1243 decrypted=True file=Chương 261 Phát giác.txt
  OK 262/1243 decrypted=True file=Chương 262 Run S thiên sứ tới.txt
  OK 263/1243 decrypted=True file=Chương 263 Bị để mắt tới Yuuto.txt
  OK 264/1243 decrypted=True file=Chương 264 Sợ chó Satanichia.txt
  OK 265/1243 decrypted=True file=Chương 265 Học chó sủa Satanichia.txt
  OK 266/1243 decrypted=True file=Chương 266 Gặp mặt.txt
  OK 267/1243 decrypted=True file=Chương 267 Satanichia chó sủa Video.txt
  OK 268/1243 decrypted=True file=Chương 268 Vignette đề nghị.txt
  OK 269/1243 decrypted=True file=Chương 269 Cùng Ako ngã bài.txt
  OK 270/1243 decrypted=True file=Chương 270 Gặp học tỷ Ako ghen.txt
BATCH 271-288 / 1243
  OK 271/1243 decrypted=True file=Chương 271 Rung động.txt
  OK 272/1243 decrypted=True file=Chương 272 Gặp mặt Yuuki Asuna.txt
  OK 273/1243 decrypted=True file=Chương 273 Hai người tò mò.txt
  OK 274/1243 decrypted=True file=Chương 274 Yukinoshita muốn thiết lập câu lạc bộ.txt
  OK 275/1243 decrypted=True file=Chương 275 Yukinoshita Yukino thỏa hiệp.txt
  OK 276/1243 decrypted=True file=Chương 276 Chỉ đạo.txt
  OK 277/1243 decrypted=True file=Chương 277 Ngắm Hoa Anh Đào.txt
  OK 278/1243 decrypted=True file=Chương 278 Giao Thủ.txt
  OK 279/1243 decrypted=True file=Chương 279 Fuurinji Hayato thỏa hiệp.txt
  OK 280/1243 decrypted=True file=Chương 280 Gabriel tìm hiểu.txt
  OK 281/1243 decrypted=True file=Chương 281 Fan hâm mộ thêm Vignette một cái.txt
  OK 282/1243 decrypted=True file=Chương 282 Yên bình sinh hoạt.txt
  OK 283/1243 decrypted=True file=Chương 283 Nero lại ca hát.txt
  OK 284/1243 decrypted=True file=Chương 284 Cùng Nero hẹn hò.txt
  OK 285/1243 decrypted=True file=Chương 285 Tình lữ phần món ăn.txt
  OK 286/1243 decrypted=True file=Chương 286 Hẹn hò kết thúc Nero ngượng ngùng.txt
  OK 287/1243 decrypted=True file=Chương 287 Gabriel nguyên vị pantsu.txt
  OK 288/1243 decrypted=True file=Chương 288 Gabriel đồ lót đến trường sự kiện.txt
BATCH 289-306 / 1243
  OK 289/1243 decrypted=True file=Chương 289 Akane ngã bài.txt
  OK 290/1243 decrypted=True file=Chương 290 CLB Tình Nguyện.txt
  OK 291/1243 decrypted=True file=Chương 291 Sữa dê đại yêu tinh lại xuất hiện.txt
  OK 292/1243 decrypted=True file=Chương 292 Haruno bắt đầu để ý.txt
  OK 293/1243 decrypted=True file=Chương 293 CLB Tình Nguyện ủy thác đầu tiên.txt
  OK 294/1243 decrypted=True file=Chương 294 Yukinoshita Yukino cùng Gabriel.txt
  OK 295/1243 decrypted=True file=Chương 295 Trêu đùa Raphiel.txt
  OK 296/1243 decrypted=True file=Chương 296 Kinh ngạc.txt
  OK 297/1243 decrypted=True file=Chương 297 Yukinoshita Yukino hâm mộ.txt
  OK 298/1243 decrypted=True file=Chương 298 Lại đến kho sách.txt
  OK 299/1243 decrypted=True file=Chương 299 Muốn Manga hóa tiểu thuyết.txt
  OK 300/1243 decrypted=True file=Chương 300 Sawamura Spencer Eriri.txt
  OK 301/1243 decrypted=True file=Chương 301 Vô tình gặp được.txt
  OK 302/1243 decrypted=True file=Chương 302 Bát quái Haruno.txt
  OK 303/1243 decrypted=True file=Chương 303 Nặng nề kết thúc.txt
  OK 304/1243 decrypted=True file=Chương 304 Cách đấu trò chơi giải thi đấu.txt
  OK 305/1243 decrypted=True file=Chương 305 Chiến thắng.txt
  OK 306/1243 decrypted=True file=Chương 306 Doma Umaru.txt
BATCH 307-324 / 1243
  OK 307/1243 decrypted=True file=Chương 307 Chuẩn bị đi du lịch.txt
  OK 308/1243 decrypted=True file=Chương 308 Đến nhà Ako.txt
  OK 309/1243 decrypted=True file=Chương 309 Ăn Ako.txt
  OK 310/1243 decrypted=True file=Chương 310 Ấm áp thời gian.txt
  OK 311/1243 decrypted=True file=Chương 311 Khởi hành.txt
  OK 312/1243 decrypted=True file=Chương 312 Doma Umaru kinh ngạc.txt
  OK 313/1243 decrypted=True file=Chương 313 Đến Hokkaido.txt
  OK 314/1243 decrypted=True file=Chương 314 Anh Linh có thể hay không mang thai.txt
  OK 315/1243 decrypted=True file=Chương 315 Kiyohime phục vụ.txt
  OK 316/1243 decrypted=True file=Chương 316 Bị phát hiện.txt
  OK 317/1243 decrypted=True file=Chương 317 Ngượng ngùng Shizukawaii.txt
  OK 318/1243 decrypted=True file=Chương 318 Tiểu Jack sân nhà.txt
  OK 319/1243 decrypted=True file=Chương 319 Ký tên bán sách.txt
  OK 320/1243 decrypted=True file=Chương 320 Đến Akihabara.txt
  OK 321/1243 decrypted=True file=Chương 321 Ký bán hội bắt đầu.txt
  OK 322/1243 decrypted=True file=Chương 322 Liên tiếp mà đến người quen.txt
  OK 323/1243 decrypted=True file=Chương 323 Ký bán hội kết thúc cùng phúc lợi.txt
  OK 324/1243 decrypted=True file=Chương 324 Chuẩn bị vẽ Naruto.txt
BATCH 325-342 / 1243
  OK 325/1243 decrypted=True file=Chương 325 Nakiri Alice.txt
  OK 326/1243 decrypted=True file=Chương 326 Bại Alice.txt
  OK 327/1243 decrypted=True file=Chương 327 Kiyohime quyết định.txt
  OK 328/1243 decrypted=True file=Chương 328 Nakiri Senzaemon dự định.txt
  OK 329/1243 decrypted=True file=Chương 329 Mua bán.txt
  OK 330/1243 decrypted=True file=Chương 330 Không hợp nhau hai tỷ muội.txt
  OK 331/1243 decrypted=True file=Chương 331 Vô tình gặp Đại yêu tinh.txt
  OK 332/1243 decrypted=True file=Chương 332 Đại yêu tinh dụ hoặc.txt
  OK 333/1243 decrypted=True file=Chương 333 Gặp lại Dango.txt
  OK 334/1243 decrypted=True file=Chương 334 Kỳ nghỉ kết thúc.txt
  OK 335/1243 decrypted=True file=Chương 335 Lời đồn.txt
  OK 336/1243 decrypted=True file=Chương 336 Đáng thương Satanichia.txt
  OK 337/1243 decrypted=True file=Chương 337 Kinh ngạc.txt
  OK 338/1243 decrypted=True file=Chương 338 Gậy ông đập lưng ông.txt
  OK 339/1243 decrypted=True file=Chương 339 Yukinoshita Yukino xin lỗi.txt
  OK 340/1243 decrypted=True file=Chương 340 Xử lý khóa.txt
  OK 341/1243 decrypted=True file=Chương 341 Rung động.txt
  OK 342/1243 decrypted=True file=Chương 342 Gabriel muốn khắc kim.txt
BATCH 343-360 / 1243
  OK 343/1243 decrypted=True file=Chương 343 Gabriel muốn đi làm thêm.txt
  OK 344/1243 decrypted=True file=Chương 344 Đi làm Thiên Sứ.txt
  OK 345/1243 decrypted=True file=Chương 345 Mặc hầu gái trang Gabriel.txt
  OK 346/1243 decrypted=True file=Chương 346 Bận rộn Gabriel.txt
  OK 347/1243 decrypted=True file=Chương 347 Trước khi nghỉ hè dự tính.txt
  OK 348/1243 decrypted=True file=Chương 348 Bị chơi hỏng Satanichia.txt
  OK 349/1243 decrypted=True file=Chương 349 Gia nhập Hội Học Sinh.txt
  OK 350/1243 decrypted=True file=Chương 350 Bàn bạc.txt
  OK 351/1243 decrypted=True file=Chương 351 Chuẩn bị.txt
  OK 352/1243 decrypted=True file=Chương 352 Trời Mưa.txt
  OK 353/1243 decrypted=True file=Chương 353 Esdeath cùng Shigure sơ giao phong.txt
  OK 354/1243 decrypted=True file=Chương 354 Đồ bơi chúng nữ.txt
  OK 355/1243 decrypted=True file=Chương 355 Thoa kem chống nắng.txt
  OK 356/1243 decrypted=True file=Chương 356 Không nhấc nổi tinh thần Gabriel.txt
  OK 357/1243 decrypted=True file=Chương 357 Lại bị hố Satanichia.txt
  OK 358/1243 decrypted=True file=Chương 358 Bất ngờ phần thưởng.txt
  OK 359/1243 decrypted=True file=Chương 359 Uống Rượu.txt
  OK 360/1243 decrypted=True file=Chương 360 Pháo hoa.txt
BATCH 361-378 / 1243
❌ Lỗi khi tải chương 13575175: HTTPSConnectionPool(host='android.lonoapp.net', port=443): Read timed out. (read timeout=10)
  OK 361/1243 decrypted=True file=Chương 361 Không tiêu đề.txt
  OK 362/1243 decrypted=True file=Chương 362 Đáy biển đi dạo.txt
  OK 363/1243 decrypted=True file=Chương 363 Bãi biển du lịch kết thúc.txt
  OK 364/1243 decrypted=True file=Chương 364 Yukihira một nhà.txt
  OK 365/1243 decrypted=True file=Chương 365 Shirogane Kei.txt
  OK 366/1243 decrypted=True file=Chương 366 Shizukawaii lại ra mắt thất bại.txt
  OK 367/1243 decrypted=True file=Chương 367 Nghỉ hè kết thúc.txt
  OK 368/1243 decrypted=True file=Chương 368 Satanichia vũ khí bí mật.txt
  OK 369/1243 decrypted=True retry=2 file=Chương 369 Lễ hội sân trường sắp đến.txt
  OK 370/1243 decrypted=True file=Chương 370 Chọn ra ủy ban thành viên.txt
  OK 371/1243 decrypted=True file=Chương 371 Ủy ban cuộc họp.txt
  OK 372/1243 decrypted=True file=Chương 372 Lễ Hội Học Viện chuẩn bị đang tiến hành.txt
  OK 373/1243 decrypted=True file=Chương 373 Chuẩn bị kết thúc.txt
  OK 374/1243 decrypted=True file=Chương 374 Bày bán.txt
  OK 375/1243 decrypted=True file=Chương 375 Vô cùng bận rộn.txt
  OK 376/1243 decrypted=True file=Chương 376 Cùng chúng nữ hẹn hò.txt
  OK 377/1243 decrypted=True file=Chương 377 Lễ hội văn hóa kết thúc.txt
  OK 378/1243 decrypted=True file=Chương 378 Bị trừ tiền sinh hoạt Vignette.txt
BATCH 379-396 / 1243
  OK 379/1243 decrypted=True file=Chương 379 Khuyên bảo Vignette giết người.txt
  OK 380/1243 decrypted=True file=Chương 380 Giải quyết.txt
  OK 381/1243 decrypted=True file=Chương 381 Anime hóa tiểu thuyết.txt
  OK 382/1243 decrypted=True file=Chương 382 Bắt đầu vẽ Manga.txt
  OK 383/1243 decrypted=True file=Chương 383 Đăng nhiều kỳ.txt
  OK 384/1243 decrypted=True file=Chương 384 Naruto mang đến rung động.txt
  OK 385/1243 decrypted=True file=Chương 385 Raphiel vấn đề.txt
  OK 386/1243 decrypted=True file=Chương 386 Raphiel cảm kích.txt
  OK 387/1243 decrypted=True file=Chương 387 Chạy cự ly dài.txt
  OK 388/1243 decrypted=True file=Chương 388 Ác miệng Yukinoshita.txt
  OK 389/1243 decrypted=True file=Chương 389 Áp lực nặng nề Yukinoshita Yukino.txt
  OK 390/1243 decrypted=True file=Chương 390 Chúng nữ ngâm mình suối nước nóng.txt
  OK 391/1243 decrypted=True file=Chương 391 Halloween.txt
  OK 392/1243 decrypted=True file=Chương 392 Lại bị chó dành mất bánh dứa sa Satanichia.txt
  OK 393/1243 decrypted=True file=Chương 393 Lễ giáng sinh tới.txt
  OK 394/1243 decrypted=True file=Chương 394 Ông già Noel trang phục.txt
  OK 395/1243 decrypted=True file=Chương 395 Trêu đùa Utaha.txt
  OK 396/1243 decrypted=True file=Chương 396 Chủ động Goshouin Kyou.txt
BATCH 397-414 / 1243
❌ Lỗi khi tải chương 13677323: HTTPSConnectionPool(host='android.lonoapp.net', port=443): Read timed out. (read timeout=10)
  OK 397/1243 decrypted=True file=Chương 397 Amakawa Yuuto Hậu Cung nhóm.txt
  OK 398/1243 decrypted=True file=Chương 398 Uống say Gabriel.txt
  OK 399/1243 decrypted=True file=Chương 399 Untitled.txt
  OK 400/1243 decrypted=True file=Chương 400 Bại lộ.txt
  OK 401/1243 decrypted=True file=Chương 401 Xóa ký ức.txt
  OK 402/1243 decrypted=True file=Chương 402 Tà giáo tổ ba người.txt
  OK 403/1243 decrypted=True file=Chương 403 Quyết định.txt
  OK 404/1243 decrypted=True file=Chương 404 Kuesu tức giận.txt
  OK 405/1243 decrypted=True file=Chương 405 Kuesu thủ đoạn.txt
  OK 406/1243 decrypted=True file=Chương 406 Trở lại Akame thế giới.txt
  OK 407/1243 decrypted=True file=Chương 407 Phát Triển.txt
  OK 408/1243 decrypted=True file=Chương 408 Nhân từ Najenda.txt
  OK 409/1243 decrypted=True file=Chương 409 Đi săn.txt
  OK 410/1243 decrypted=True file=Chương 410 Saeko mục tiêu.txt
  OK 411/1243 decrypted=True file=Chương 411 Loạn chiến.txt
  OK 412/1243 decrypted=True retry=2 file=Chương 412 Kết thúc.txt
  OK 413/1243 decrypted=True file=Chương 413 An bài.txt
  OK 414/1243 decrypted=True file=Chương 414 Gabriel trở về.txt
BATCH 415-432 / 1243
  OK 415/1243 decrypted=True file=Chương 415 Thiện lương Satanichia.txt
  OK 416/1243 decrypted=True file=Chương 416 Nuôi dưỡng tiểu cẩu Satanichia.txt
  OK 417/1243 decrypted=True file=Chương 417 Zelel buông xuống.txt
  OK 418/1243 decrypted=True file=Chương 418 Tuyệt vọng Gabriel.txt
  OK 419/1243 decrypted=True file=Chương 419 Thần thao tác Gabriel.txt
  OK 420/1243 decrypted=True file=Chương 420 Tỷ tỷ cùng muội muội.txt
  OK 421/1243 decrypted=True file=Chương 421 Biểu diễn thời gian đã đến.txt
  OK 422/1243 decrypted=True file=Chương 422 Hèn hạ Gabriel.txt
  OK 423/1243 decrypted=True file=Chương 423 Gabriel rời đi.txt
  OK 424/1243 decrypted=True file=Chương 424 Gabriel trở về.txt
  OK 425/1243 decrypted=True file=Chương 425 Ảnh Hậu Gabriel.txt
  OK 426/1243 decrypted=True file=Chương 426 Trong Game trò chuyện.txt
  OK 427/1243 decrypted=True file=Chương 427 Bại lộ Gabriel.txt
  OK 428/1243 decrypted=True file=Chương 428 Nhân sinh như kịch toàn bộ nhờ diễm kỹ.txt
  OK 429/1243 decrypted=True file=Chương 429 Kasumigaoka Utaha u oán.txt
  OK 430/1243 decrypted=True file=Chương 430 Hai nữ giao phong.txt
  OK 431/1243 decrypted=True file=Chương 431 Chiêu đãng hoàng kim kịch trường.txt
  OK 432/1243 decrypted=True file=Chương 432 Tam nữ chất vấn.txt
BATCH 433-450 / 1243
❌ Lỗi khi tải chương 13742903: HTTPSConnectionPool(host='android.lonoapp.net', port=443): Read timed out. (read timeout=10)
  OK 433/1243 decrypted=True file=Chương 433 Không tiêu đề.txt
  OK 434/1243 decrypted=True file=Chương 434 Takamiya Mio.txt
  OK 435/1243 decrypted=True file=Chương 435 Takamiya Mana.txt
  OK 436/1243 decrypted=True file=Chương 436 Cùng Mio hẹn hò.txt
  OK 437/1243 decrypted=True file=Chương 437 Không nghĩ ra tiêu đề.txt
  OK 438/1243 decrypted=True file=Chương 438 Elliot Baldwin Woodman.txt
  OK 439/1243 decrypted=True file=Chương 439 Westcott đuổi tới.txt
  OK 440/1243 decrypted=True file=Chương 440 Bạo phát chiến đấu.txt
  OK 441/1243 decrypted=True retry=2 file=Chương 441 Thiêu đốt sinh mệnh.txt
  OK 442/1243 decrypted=True file=Chương 442 Kết thúc.txt
  OK 443/1243 decrypted=True file=Chương 443 Hai mươi bảy năm sau gặp lại Mio.txt
  OK 444/1243 decrypted=True file=Chương 444 Itsuka Kotori.txt
  OK 445/1243 decrypted=True file=Chương 445 Ngăn cản bi kịch.txt
  OK 446/1243 decrypted=True file=Chương 446 Mio chuyển đến.txt
  OK 447/1243 decrypted=True file=Chương 447 Yoimachi Tsukino đĩa cd.txt
  OK 448/1243 decrypted=True file=Chương 448 Nguy hiểm thiếu nữ.txt
  OK 449/1243 decrypted=True file=Chương 449 Tokisaki Kurumi.txt
  OK 450/1243 decrypted=True file=Chương 450 Thiên sứ Zaphkiel Zafkiel.txt
BATCH 451-468 / 1243
❌ Lỗi khi tải chương 13788528: HTTPSConnectionPool(host='android.lonoapp.net', port=443): Read timed out. (read timeout=10)
❌ Lỗi khi tải chương 13788527: HTTPSConnectionPool(host='android.lonoapp.net', port=443): Read timed out. (read timeout=10)
  OK 451/1243 decrypted=True file=Chương 451 Chiến đấu.txt
  OK 452/1243 decrypted=True file=Chương 452 Bắt được Tokisaki Kurumi.txt
  OK 453/1243 decrypted=True file=Chương 453 Mana nỗ lực.txt
  OK 454/1243 decrypted=True file=Chương 454 Không tiêu đề.txt
  OK 455/1243 decrypted=True file=Chương 455 Izayoi Miku.txt
  OK 456/1243 decrypted=True file=Chương 456 Ca Cơ Diva sinh ra.txt
  OK 457/1243 decrypted=True file=Chương 457 Muốn dùng sắc dụ Tokisaki Kurumi.txt
  OK 458/1243 decrypted=True file=Chương 458 Gặp lại Origami.txt
  OK 459/1243 decrypted=True retry=2 file=Chương 459 Ba không thiếu nữ Origami.txt
  OK 460/1243 decrypted=True retry=2 file=Chương 460 Chủ động.txt
  OK 461/1243 decrypted=True file=Chương 461 Cùng Tokisaki Kurumi ở chung thường ngày.txt
  OK 462/1243 decrypted=True file=Chương 462 Cùng Origami hẹn hò.txt
  OK 463/1243 decrypted=True file=Chương 463 Si nữ Origami.txt
  OK 464/1243 decrypted=True file=Chương 464 Ăn Origami.txt
  OK 465/1243 decrypted=True file=Chương 465 Kurumi nhìn thấy Mio.txt
  OK 466/1243 decrypted=True file=Chương 466 Kurumi nổi điên.txt
  OK 467/1243 decrypted=True file=Chương 467 Kết thúc.txt
  OK 468/1243 decrypted=True file=Chương 468 Kịch bản bắt đầu.txt
BATCH 469-486 / 1243
  OK 469/1243 decrypted=True file=Chương 469 Tonomachi Hiroto cùng Ai Mai Mii tổ ba người.txt
  OK 470/1243 decrypted=True file=Chương 470 Rung động.txt
  OK 471/1243 decrypted=True file=Chương 471 Công chúa Princess buông xuống.txt
  OK 472/1243 decrypted=True file=Chương 472 Tohka vs Origami.txt
  OK 473/1243 decrypted=True file=Chương 473 Á Servant Mash Kyrielight.txt
  OK 474/1243 decrypted=True file=Chương 474 Bánh mì đậu nành.txt
  OK 475/1243 decrypted=True file=Chương 475 Thành công.txt
  OK 476/1243 decrypted=True file=Chương 476 Lấy tên Tohka.txt
  OK 477/1243 decrypted=True file=Chương 477 Phong ấn Tohka.txt
  OK 478/1243 decrypted=True file=Chương 478 Tức giận Kotori.txt
  OK 479/1243 decrypted=True file=Chương 479 Ăn hàng Tohka.txt
  OK 480/1243 decrypted=True file=Chương 480 Đến trường.txt
  OK 481/1243 decrypted=True file=Chương 481 Tohka vs Origami.txt
  OK 482/1243 decrypted=True file=Chương 482 Cố gắng quá độ Murasame Reine.txt
  OK 483/1243 decrypted=True file=Chương 483 Phúc lợi buổi sáng.txt
  OK 484/1243 decrypted=True file=Chương 484 Yoshino.txt
  OK 485/1243 decrypted=True file=Chương 485 Yoshino rời đi.txt
  OK 486/1243 decrypted=True file=Chương 486 Yoshino lại xuất hiện.txt
BATCH 487-504 / 1243
  OK 487/1243 decrypted=True file=Chương 487 Gặp lại Yoshino.txt
  OK 488/1243 decrypted=True file=Chương 488 Cùng Yoshino giao lưu.txt
  OK 489/1243 decrypted=True file=Chương 489 Phong ấn Yoshino.txt
  OK 490/1243 decrypted=True file=Chương 490 Sau đó.txt
  OK 491/1243 decrypted=True file=Chương 491 Mana đến.txt
  OK 492/1243 decrypted=True file=Chương 492 Tokisaki Kurumi trở về.txt
  OK 493/1243 decrypted=True file=Chương 493 Lớn mật Kurumi.txt
  OK 494/1243 decrypted=True file=Chương 494 Mana vs Kurumi.txt
  OK 495/1243 decrypted=True file=Chương 495 Cùng Kurumi hẹn hò.txt
  OK 496/1243 decrypted=True file=Chương 496 Hẹn hò tiến hành lúc.txt
  OK 497/1243 decrypted=True file=Chương 497 Mèo nô Kurumi.txt
  OK 498/1243 decrypted=True file=Chương 498 Kết thúc.txt
  OK 499/1243 decrypted=True file=Chương 499 Không có tiêu đề.txt
  OK 500/1243 decrypted=True file=Chương 500 Dạ Tập Kurumi.txt
  OK 501/1243 decrypted=True file=Chương 501 Kurumi mục tiêu.txt
  OK 502/1243 decrypted=True file=Chương 502 Kurumi quy tâm.txt
  OK 503/1243 decrypted=True file=Chương 503 Hassan of Serenity.txt
  OK 504/1243 decrypted=True file=Chương 504 Điên cuồng giai Lancelot.txt
BATCH 505-522 / 1243
  OK 505/1243 decrypted=True file=Chương 505 Tiến công.txt
  OK 506/1243 decrypted=True file=Chương 506 Artemisia Ashcroft.txt
  OK 507/1243 decrypted=True file=Chương 507 Dị biến xảy ra.txt
  OK 508/1243 decrypted=True file=Chương 508 Đảo Ngược.txt
  OK 509/1243 decrypted=True file=Chương 509 Phong ấn Nia.txt
  OK 510/1243 decrypted=True file=Chương 510 Nia khôi phục.txt
  OK 511/1243 decrypted=True file=Chương 511 Cùng tam nữ đến Akihabara.txt
  OK 512/1243 decrypted=True file=Chương 512 Cùng chúng Nia ngã bài.txt
  OK 513/1243 decrypted=True file=Chương 513 Nghỉ hè du học lữ hành.txt
  OK 514/1243 decrypted=True file=Chương 514 Mua đồ bơi.txt
  OK 515/1243 decrypted=True file=Chương 515 DEM giám thị.txt
  OK 516/1243 decrypted=True file=Chương 516 Không tiêu đề.txt
  OK 517/1243 decrypted=True file=Chương 517 Yamai tỷ muội xuất hiện.txt
  OK 518/1243 decrypted=True file=Chương 518 Đề tài thi đấu.txt
  OK 519/1243 decrypted=True file=Chương 519 Định xuống quyết đấu đề tài.txt
  OK 520/1243 decrypted=True file=Chương 520 Chúng nữ tranh chấp.txt
  OK 521/1243 decrypted=True file=Chương 521 Cùng Reina trò chuyện.txt
  OK 522/1243 decrypted=True file=Chương 522 Đơn thuần Yamai tỷ muội.txt
BATCH 523-540 / 1243
❌ Lỗi khi tải chương 13831523: HTTPSConnectionPool(host='android.lonoapp.net', port=443): Read timed out. (read timeout=10)
❌ Lỗi khi tải chương 13831520: HTTPSConnectionPool(host='android.lonoapp.net', port=443): Read timed out. (read timeout=10)
❌ Lỗi khi tải chương 13838146: HTTPSConnectionPool(host='android.lonoapp.net', port=443): Read timed out. (read timeout=10)
❌ Lỗi khi tải chương 13838144: HTTPSConnectionPool(host='android.lonoapp.net', port=443): Read timed out. (read timeout=10)
  OK 523/1243 decrypted=True file=Chương 523 Ngượng ngùng Yamai tỷ muội.txt
  OK 524/1243 decrypted=True file=Chương 524 Ăn sạch Yamai tỷ muội.txt
  OK 525/1243 decrypted=True retry=2 file=Chương 525 Mash vs Yamai tỷ muội.txt
  OK 526/1243 decrypted=True file=Chương 526 Mash đêm.txt
  OK 527/1243 decrypted=True file=Chương 527 Không tiêu đề.txt
  OK 528/1243 decrypted=True retry=2 file=Chương 528 Bóng chuyền bãi biển.txt
  OK 529/1243 decrypted=True file=Chương 529 Hợp tác.txt
  OK 530/1243 decrypted=True file=Chương 530 Kết quả.txt
  OK 531/1243 decrypted=True file=Chương 531 DEM đột kích.txt
  OK 532/1243 decrypted=True file=Chương 532 Thẳng thắn Yamai tỷ muội.txt
  OK 533/1243 decrypted=True file=Chương 533 Lancelot vs Ellen.txt
  OK 534/1243 decrypted=True retry=2 file=Chương 534 Dị biến.txt
  OK 535/1243 decrypted=True file=Chương 535 Dung hợp.txt
  OK 536/1243 decrypted=True retry=2 file=Chương 536 Giải quyết.txt
  OK 537/1243 decrypted=True file=Chương 537 Ăn Tohka.txt
  OK 538/1243 decrypted=True file=Chương 538 Mash tiểu thắng lợi.txt
  OK 539/1243 decrypted=True file=Chương 539 Miku trở về.txt
  OK 540/1243 decrypted=True file=Chương 540 Bị trừng phạt Miku.txt
BATCH 541-558 / 1243
  OK 541/1243 decrypted=True file=Chương 541 Lễ hội Tenou.txt
  OK 542/1243 decrypted=True file=Chương 542 Lại phải làm ủy viên.txt
  OK 543/1243 decrypted=True file=Chương 543 Bắt giữ kế hoạch.txt
  OK 544/1243 decrypted=True file=Chương 544 Kusakabe Ryouko đến.txt
  OK 545/1243 decrypted=True file=Chương 545 Biệt Thiên Thần.txt
  OK 546/1243 decrypted=True file=Chương 546 Bàn bạc.txt
  OK 547/1243 decrypted=True file=Chương 547 Kế Hoạch.txt
  OK 548/1243 decrypted=True file=Chương 548 Avenger • Jeanne Alter.txt
  OK 549/1243 decrypted=True file=Chương 549 Edmond Dantes.txt
  OK 550/1243 decrypted=True file=Chương 550 Chiến đấu bạo phát.txt
  OK 551/1243 decrypted=True file=Chương 551 Bảo Cụ giải phóng.txt
  OK 552/1243 decrypted=True file=Chương 552 Kotori ra tay.txt
  OK 553/1243 decrypted=True file=Chương 553 To lớn thân ảnh màu đen.txt
  OK 554/1243 decrypted=True file=Chương 554 Tà Long Fafnir.txt
  OK 555/1243 decrypted=True file=Chương 555 Thiên Sứ Origami.txt
  OK 556/1243 decrypted=True file=Chương 556 Chiến đấu kết thúc.txt
  OK 557/1243 decrypted=True file=Chương 557 Kết thúc lễ hội.txt
  OK 558/1243 decrypted=True file=Chương 558 Muốn hủy diệt DEM.txt
BATCH 559-576 / 1243
  OK 559/1243 decrypted=True file=Chương 559 Kotori dị thường trạng thái.txt
  OK 560/1243 decrypted=True file=Chương 560 Cùng Kotori hẹn hò.txt
  OK 561/1243 decrypted=True file=Chương 561 Kotori vui vẻ.txt
  OK 562/1243 decrypted=True file=Chương 562 Kotori cùng Nia.txt
  OK 563/1243 decrypted=True file=Chương 563 Không dậy nổi Nia.txt
  OK 564/1243 decrypted=True file=Chương 564 Mayuri tài quyết.txt
  OK 565/1243 decrypted=True file=Chương 565 Cùng Yamai Kaguya hẹn hò.txt
  OK 566/1243 decrypted=True file=Chương 566 Cùng Yoshino hẹn hò.txt
  OK 567/1243 decrypted=True file=Chương 567 Học được kiên cường Yoshino.txt
  OK 568/1243 decrypted=True file=Chương 568 Cùng Origami hẹn hò.txt
  OK 569/1243 decrypted=True file=Chương 569 Không tiết tháo Origami.txt
  OK 570/1243 decrypted=True file=Chương 570 Yuzuru bạo gan đề nghị.txt
  OK 571/1243 decrypted=True file=Chương 571 Nia muốn vẽ Date a live.txt
  OK 572/1243 decrypted=True file=Chương 572 Phố ăn vặt.txt
  OK 573/1243 decrypted=True file=Chương 573 Kurumi muốn kết hôn.txt
  OK 574/1243 decrypted=True file=Chương 574 Hẹn hò kết thúc.txt
  OK 575/1243 decrypted=True file=Chương 575 Lôi Đình Thành Đường «Kerubiel».txt
  OK 576/1243 decrypted=True file=Chương 576 Hoàng Viêm Chi Kiếm Lahathelev.txt
BATCH 577-594 / 1243
❌ Lỗi khi tải chương 13866070: HTTPSConnectionPool(host='android.lonoapp.net', port=443): Read timed out. (read timeout=10)
❌ Lỗi khi tải chương 13866069: HTTPSConnectionPool(host='android.lonoapp.net', port=443): Read timed out. (read timeout=10)
❌ Lỗi khi tải chương 13866069: HTTPSConnectionPool(host='android.lonoapp.net', port=443): Read timed out. (read timeout=10)
  OK 577/1243 decrypted=True file=Chương 577 Luân Chuyển Thắng Lợi Chi Kiếm.txt
  OK 578/1243 decrypted=True file=Chương 578 Kết thúc sự kiện.txt
  OK 579/1243 decrypted=True file=Chương 579 Cùng Mayuri hẹn hò.txt
  OK 580/1243 decrypted=True file=Chương 580 Có Tinh Linh hiện giới.txt
  OK 581/1243 decrypted=True file=Chương 581 Vu Nữ Natsumi.txt
  OK 582/1243 decrypted=True file=Chương 582 Phong ấn Natsumi.txt
  OK 583/1243 decrypted=True file=Chương 583 Natsumi biến hóa.txt
  OK 584/1243 decrypted=True file=Chương 584 Còn kém một cái cuối cùng.txt
  OK 585/1243 decrypted=True file=Chương 585 Ngoài vũ trụ.txt
  OK 586/1243 decrypted=True file=Chương 586 Hoshimiya Mukuro.txt
  OK 587/1243 decrypted=True file=Chương 587 Mang Mukuro trở về.txt
  OK 588/1243 decrypted=True file=Chương 588 Mukuro quy tâm.txt
  OK 589/1243 decrypted=True file=Chương 589 Dung hợp.txt
  OK 590/1243 decrypted=True file=Chương 590 Toàn Trí Toàn Năng chi Thư.txt
  OK 591/1243 decrypted=True file=Chương 591 Sawa cùng Kurumi.txt
  OK 592/1243 decrypted=True file=Chương 592 Cho chúng nữ làm thủ tục nhập học.txt
  OK 593/1243 decrypted=True retry=3 file=Chương 593 Trong văn phòng làm việc.txt
  OK 594/1243 decrypted=True retry=2 file=Chương 594 Cùng Utaha hẹn hò.txt
BATCH 595-612 / 1243
❌ Lỗi khi tải chương 13866071: HTTPSConnectionPool(host='android.lonoapp.net', port=443): Read timed out. (read timeout=10)
❌ Lỗi khi tải chương 13868707: HTTPSConnectionPool(host='android.lonoapp.net', port=443): Read timed out. (read timeout=10)
❌ Lỗi khi tải chương 13872279: HTTPSConnectionPool(host='android.lonoapp.net', port=443): Read timed out. (read timeout=10)
❌ Lỗi khi tải chương 13872282: HTTPSConnectionPool(host='android.lonoapp.net', port=443): Read timed out. (read timeout=10)
❌ Lỗi khi tải chương 13872282: HTTPSConnectionPool(host='android.lonoapp.net', port=443): Read timed out. (read timeout=10)
  OK 595/1243 decrypted=True retry=2 file=Chương 595 Bất ngờ tình huống.txt
  OK 596/1243 decrypted=True file=Chương 596 Đến nhà Shizukawaii.txt
  OK 597/1243 decrypted=True file=Chương 597 KKhông nghĩ ra tiêu đề.txt
  OK 598/1243 decrypted=True file=Chương 598 Một đám tiểu la lỵ.txt
  OK 599/1243 decrypted=True file=Chương 599 Hài hòa thường ngày.txt
  OK 600/1243 decrypted=True file=Chương 600 Haruno dự định.txt
  OK 601/1243 decrypted=True retry=2 file=Chương 601 Mang bốn cái tiểu la lỵ đi ra ngoài.txt
  OK 602/1243 decrypted=True file=Chương 602 vô tình gặp phải Yukinoshita hai tỷ muội.txt
  OK 603/1243 decrypted=True file=Chương 603 Báo cảnh sát.txt
  OK 604/1243 decrypted=True file=Chương 604 Trêu đùa Haruno.txt
  OK 605/1243 decrypted=True retry=2 file=Chương 605 Shiina Mashiro.txt
  OK 606/1243 decrypted=True file=Chương 606 Mashiro chuyển đến.txt
  OK 607/1243 decrypted=True file=Chương 607 Sinh hoạt đứa đần Shiina Mashiro.txt
  OK 608/1243 decrypted=True retry=3 file=Chương 608 Chăm sóc Mashiro.txt
  OK 609/1243 decrypted=True file=Chương 609 Khai giảng.txt
  OK 610/1243 decrypted=True file=Chương 610 Rất nhiều người quen.txt
  OK 611/1243 decrypted=True file=Chương 611 Yuigahama Yui nguy hiểm ý nghĩ.txt
  OK 612/1243 decrypted=True file=Chương 612 muốn đối với CLB ra tay.txt
BATCH 613-630 / 1243
  OK 613/1243 decrypted=True file=Chương 613 Bắt đầu ra tay.txt
  OK 614/1243 decrypted=True file=Chương 614 Quyết Định.txt
  OK 615/1243 decrypted=True file=Chương 615 Quyết định.txt
  OK 616/1243 decrypted=True file=Chương 616 Sengoku Chihiro.txt
  OK 617/1243 decrypted=True file=Chương 617 Yuigahama Yui tìm giúp đỡ.txt
  OK 618/1243 decrypted=True file=Chương 618 Yuigahama ủy thác.txt
  OK 619/1243 decrypted=True file=Chương 619 Thử độc bắt đầu.txt
  OK 620/1243 decrypted=True file=Chương 620 Hay nghiêng hợp ngươi khác Yuigahama Yui.txt
  OK 621/1243 decrypted=True file=Chương 621 Rót vào Tâm ý món ăn.txt
  OK 622/1243 decrypted=True file=Chương 622 Yui lễ vật.txt
  OK 623/1243 decrypted=True file=Chương 623 Mash đến.txt
  OK 624/1243 decrypted=True file=Chương 624 Mayuri đến CLB Tình Nguyện.txt
  OK 625/1243 decrypted=True file=Chương 625 Mayuri nỗ lực.txt
  OK 626/1243 decrypted=True file=Chương 626 Yukino nhóm người đến.txt
  OK 627/1243 decrypted=True file=Chương 627 Mèo nô Yukino.txt
  OK 628/1243 decrypted=True file=Chương 628 Học viện thần tượng Mộng tượng bắt đầu chỗ.txt
  OK 629/1243 decrypted=True file=Chương 629 Nghiêm túc Honoka.txt
  OK 630/1243 decrypted=True file=Chương 630 Gabriel thông báo.txt
BATCH 631-648 / 1243
❌ Lỗi khi tải chương 13886468: HTTPSConnectionPool(host='android.lonoapp.net', port=443): Read timed out. (read timeout=10)
❌ Lỗi khi tải chương 13891335: HTTPSConnectionPool(host='android.lonoapp.net', port=443): Read timed out. (read timeout=10)
  OK 631/1243 decrypted=True file=Chương 631 Cùng Gabriel giao dịch.txt
  OK 632/1243 decrypted=True file=Chương 632 Gặp lại Zelel.txt
  OK 633/1243 decrypted=True file=Chương 633 Nói chuyện.txt
  OK 634/1243 decrypted=True file=Chương 634 Yuuto mưu đồ.txt
  OK 635/1243 decrypted=True file=Chương 635 mang Mashiro đến CLB.txt
  OK 636/1243 decrypted=True file=Chương 636 Thiên nhiên hắc Mashiro.txt
  OK 637/1243 decrypted=True file=Chương 637 Tà giáo đầu lĩnh Honoka.txt
  OK 638/1243 decrypted=True retry=2 file=Chương 638 Muse kỳ tích.txt
  OK 639/1243 decrypted=True file=Chương 639 Không tầm thường Toujou Nozomi.txt
  OK 640/1243 decrypted=True file=Chương 640 Đùa giỡn tổ ba người.txt
  OK 641/1243 decrypted=True file=Chương 641 Ngượng ngùng Kotori.txt
  OK 642/1243 decrypted=True file=Chương 642 Katou Megumi.txt
  OK 643/1243 decrypted=True file=Chương 643 Đi làm thêm Vignette.txt
  OK 644/1243 decrypted=True file=Chương 644 Mashiro lễ vật.txt
  OK 645/1243 decrypted=True file=Chương 645 Trong Thư viện thỏ nữ lang.txt
  OK 646/1243 decrypted=True retry=2 file=Chương 646 Sakurajima Mai.txt
  OK 647/1243 decrypted=True file=Chương 647 Sakurajima Mai cảm kích.txt
  OK 648/1243 decrypted=True file=Chương 648 Tuổi dậy thì hội chứng.txt
BATCH 649-666 / 1243
❌ Lỗi khi tải chương 13894049: HTTPSConnectionPool(host='android.lonoapp.net', port=443): Read timed out. (read timeout=10)
  OK 649/1243 decrypted=True file=Chương 649 CLB Tình Nguyện đám người tam quan vỡ vụn.txt
  OK 650/1243 decrypted=True file=Chương 650 Schrödinger mèo.txt
  OK 651/1243 decrypted=True file=Chương 651 Thân nhân quên mất.txt
  OK 652/1243 decrypted=True file=Chương 652 Sakurajima Mai cảm kích.txt
  OK 653/1243 decrypted=True file=Chương 653 Yếu đuối bất lực học tỷ.txt
  OK 654/1243 decrypted=True file=Chương 654 Bất lực Yukinoshita Yukino.txt
  OK 655/1243 decrypted=True file=Chương 655 Không nghĩ ra tiêu đề.txt
  OK 656/1243 decrypted=True file=Chương 656 Thỏ nữ lang học tỷ thẹn thùng.txt
  OK 657/1243 decrypted=True retry=2 file=Chương 657 Giải quyết.txt
  OK 658/1243 decrypted=True file=Chương 658 Quan hệ rút ngắn.txt
  OK 659/1243 decrypted=True file=Chương 659 Kotori ý nghĩ.txt
  OK 660/1243 decrypted=True file=Chương 660 Vây công Yuuto.txt
  OK 661/1243 decrypted=True file=Chương 661 Figneria thuần phục.txt
  OK 662/1243 decrypted=True file=Chương 662 Tấn Công.txt
  OK 663/1243 decrypted=True file=Chương 663 Xâm nhập.txt
  OK 664/1243 decrypted=True file=Chương 664 Đàm phán.txt
  OK 665/1243 decrypted=True file=Chương 665 Thu xếp.txt
  OK 666/1243 decrypted=True file=Chương 666 Lựa chọn.txt
BATCH 667-684 / 1243
❌ Lỗi khi tải chương 13903794: HTTPSConnectionPool(host='android.lonoapp.net', port=443): Read timed out. (read timeout=10)
❌ Lỗi khi tải chương 13909525: HTTPSConnectionPool(host='android.lonoapp.net', port=443): Read timed out. (read timeout=10)
❌ Lỗi khi tải chương 13909526: HTTPSConnectionPool(host='android.lonoapp.net', port=443): Read timed out. (read timeout=10)
❌ Lỗi khi tải chương 13912394: HTTPSConnectionPool(host='android.lonoapp.net', port=443): Read timed out. (read timeout=10)
❌ Lỗi khi tải chương 13912395: HTTPSConnectionPool(host='android.lonoapp.net', port=443): Read timed out. (read timeout=10)
  OK 667/1243 decrypted=True file=Chương 667 Thần Tích.txt
  OK 668/1243 decrypted=True file=Chương 668 Thái độ thay đổi.txt
  OK 669/1243 decrypted=True retry=2 file=Chương 669 Đến Otonokizaka.txt
  OK 670/1243 decrypted=True file=Chương 670 Nishikino Maki.txt
  OK 671/1243 decrypted=True file=Chương 671 Nishikino Maki rung động.txt
  OK 672/1243 decrypted=True file=Chương 672 Bị chơi hỏng Umi.txt
  OK 673/1243 decrypted=True file=Chương 673 Ayase Eli.txt
  OK 674/1243 decrypted=True file=Chương 674 Cùng Ayase Eli đổ ước.txt
  OK 675/1243 decrypted=True retry=2 file=Chương 675 Sakurajima Mai quyết định.txt
  OK 676/1243 decrypted=True retry=2 file=Chương 676 Katou Megumi ủy thác.txt
  OK 677/1243 decrypted=True file=Chương 677 Hay bị người quên Katou Megumi.txt
  OK 678/1243 decrypted=True file=Chương 678 Hoán đổi vị trí.txt
  OK 679/1243 decrypted=True file=Chương 679 Nhìn bầu không khí Yui.txt
  OK 680/1243 decrypted=True file=Chương 680 Gay gắt.txt
  OK 681/1243 decrypted=True retry=2 file=Chương 681 Không nghĩ ra tiêu đề.txt
  OK 682/1243 decrypted=True retry=2 file=Chương 682 Bằng hữu.txt
  OK 683/1243 decrypted=True file=Chương 683 Mắt cá chết cùng trung nhị mập mạp.txt
  OK 684/1243 decrypted=True file=Chương 684 đánh giá tiểu thuyết.txt
BATCH 685-702 / 1243
❌ Lỗi khi tải chương 13918086: HTTPSConnectionPool(host='android.lonoapp.net', port=443): Read timed out. (read timeout=10)
  OK 685/1243 decrypted=True file=Chương 685 Ngủ mỹ nhân.txt
  OK 686/1243 decrypted=True file=Chương 686 Đâm tâm bình luận.txt
  OK 687/1243 decrypted=True file=Chương 687 Tẩy não.txt
  OK 688/1243 decrypted=True file=Chương 688 Hoshinoumi học viện.txt
  OK 689/1243 decrypted=True file=Chương 689 Umi thẹn thùng.txt
  OK 690/1243 decrypted=True file=Chương 690 Các thiếu nữ đang trưởng thành.txt
  OK 691/1243 decrypted=True file=Chương 691 Tennis đại tái.txt
  OK 692/1243 decrypted=True file=Chương 692 Yamai tỷ muội tín toán.txt
  OK 693/1243 decrypted=True file=Chương 693 Totsuka ủy thác.txt
  OK 694/1243 decrypted=True file=Chương 694 Để người hâm mộ Yui.txt
  OK 695/1243 decrypted=True retry=2 file=Chương 695 Gian khổ huấn luyện.txt
  OK 696/1243 decrypted=True file=Chương 696 Thái độ biến hóa.txt
  OK 697/1243 decrypted=True file=Chương 697 Xinh đẹp phong cảnh.txt
  OK 698/1243 decrypted=True file=Chương 698 Trước Live chuẩn bị.txt
  OK 699/1243 decrypted=True file=Chương 699 Phía sau hậu trường.txt
  OK 700/1243 decrypted=True file=Chương 700 Thẹn thùng Umi.txt
  OK 701/1243 decrypted=True file=Chương 701 Vắng vẻ sân khấu.txt
  OK 702/1243 decrypted=True file=Chương 702 START DASH.txt
BATCH 703-720 / 1243
❌ Lỗi khi tải chương 13921552: HTTPSConnectionPool(host='android.lonoapp.net', port=443): Read timed out. (read timeout=10)
  OK 703/1243 decrypted=True retry=2 file=Chương 703 Thành công Live.txt
  OK 704/1243 decrypted=True file=Chương 704 Muse sớm tập hợp.txt
  OK 705/1243 decrypted=True file=Chương 705 Gặp lại kim mao bại khuyển.txt
  OK 706/1243 decrypted=True file=Chương 706 Akihabara chiêu bài nữ bộc Minalinsky.txt
  OK 707/1243 decrypted=True file=Chương 707 Đặc thù phục vụ.txt
  OK 708/1243 decrypted=True file=Chương 708 Bị ác ma thánh quang sáng mù mắt thiên sứ.txt
  OK 709/1243 decrypted=True file=Chương 709 Lộ Pantsu thiên sứ.txt
  OK 710/1243 decrypted=True file=Chương 710 Thê thảm Satanichia.txt
  OK 711/1243 decrypted=True file=Chương 711 Thẹn thùng Kotori.txt
  OK 712/1243 decrypted=True file=Chương 712 Sắp xếp.txt
  OK 713/1243 decrypted=True file=Chương 713 Thực tập.txt
  OK 714/1243 decrypted=True file=Chương 714 Tương lai mỗi người.txt
  OK 715/1243 decrypted=True file=Chương 715 Yukino bất mãn.txt
  OK 716/1243 decrypted=True file=Chương 716 Yukinoshita nhà phản ứng.txt
  OK 717/1243 decrypted=True file=Chương 717 Cơ hội.txt
  OK 718/1243 decrypted=True file=Chương 718 Trao đổi số liên lạc.txt
  OK 719/1243 decrypted=True file=Chương 719 Mắt xích tin nhắn sự kiện.txt
  OK 720/1243 decrypted=True file=Chương 720 Chân tướng sự việc.txt
BATCH 721-738 / 1243
❌ Lỗi khi tải chương 13939529: HTTPSConnectionPool(host='android.lonoapp.net', port=443): Read timed out. (read timeout=10)
  OK 721/1243 decrypted=True file=Chương 721 Cách giải quyết.txt
  OK 722/1243 decrypted=True file=Chương 722 Chỉ đạo viên kiêm người đại diện.txt
  OK 723/1243 decrypted=True file=Chương 723 Phản đối nguyên nhân.txt
  OK 724/1243 decrypted=True file=Chương 724 Minami Hiyoko.txt
  OK 725/1243 decrypted=True file=Chương 725 Thương Lượng.txt
  OK 726/1243 decrypted=True file=Chương 726 Muse chín người.txt
  OK 727/1243 decrypted=True file=Chương 727 Bến cảng.txt
  OK 728/1243 decrypted=True file=Chương 728 Shirogane Miyuki.txt
  OK 729/1243 decrypted=True file=Chương 729 Dò hỏi tin tức.txt
  OK 730/1243 decrypted=True file=Chương 730 Đến Mộng Huyễn Đảo.txt
  OK 731/1243 decrypted=True file=Chương 731 Yume to Hazakura.txt
  OK 732/1243 decrypted=True file=Chương 732 Học cặn bã ba người.txt
  OK 733/1243 decrypted=True file=Chương 733 Sắp xếp.txt
  OK 734/1243 decrypted=True file=Chương 734 Kinh khủng Yuuto.txt
  OK 735/1243 decrypted=True file=Chương 735 Maki ngượng ngùng.txt
  OK 736/1243 decrypted=True retry=2 file=Chương 736 Gặp phụ huynh.txt
  OK 737/1243 decrypted=True file=Chương 737 Đưa Kotori trở về nhà.txt
  OK 738/1243 decrypted=True file=Chương 738 Yến hội.txt
BATCH 739-756 / 1243
  OK 739/1243 decrypted=True file=Chương 739 Gặp lại Shinomiya Kaguya.txt
  OK 740/1243 decrypted=True file=Chương 740 Mê mang Yukino.txt
  OK 741/1243 decrypted=True file=Chương 741 Tiếp nhận trợ giúp Yukino.txt
  OK 742/1243 decrypted=True file=Chương 742 Một cơ hội.txt
  OK 743/1243 decrypted=True file=Chương 743 Fujiwara Chika.txt
  OK 744/1243 decrypted=True file=Chương 744 Gặp lại Nakiri Erina.txt
  OK 745/1243 decrypted=True file=Chương 745 Nakiri Leonora.txt
  OK 746/1243 decrypted=True file=Chương 746 Đệ tứ thú.txt
  OK 747/1243 decrypted=True file=Chương 747 Ảnh chụp.txt
  OK 748/1243 decrypted=True file=Chương 748 Hoàn tất chuẩn bị.txt
  OK 749/1243 decrypted=True file=Chương 749 Kousaka Yukiho cùng Ayase Alisa.txt
  OK 750/1243 decrypted=True file=Chương 750 Trắc nghiệm.txt
  OK 751/1243 decrypted=True file=Chương 751 Cao cấp tư chất.txt
  OK 752/1243 decrypted=True file=Chương 752 Ma Nhãn.txt
  OK 753/1243 decrypted=True file=Chương 753 Yukinoshita gia bí mật.txt
  OK 754/1243 decrypted=True file=Chương 754 Cùng Haruno trò chuyện.txt
  OK 755/1243 decrypted=True file=Chương 755 Haruno hâm mộ.txt
  OK 756/1243 decrypted=True file=Chương 756 Haruno sơ hôn.txt
BATCH 757-774 / 1243
  OK 757/1243 decrypted=True file=Chương 757 Thích hợp ma pháp.txt
  OK 758/1243 decrypted=True file=Chương 758 Sonoko Machida quyết định.txt
  OK 759/1243 decrypted=True file=Chương 759 Không nghĩ ra tiêu đề.txt
  OK 760/1243 decrypted=True file=Chương 760 Đấu giá hội bắt đầu.txt
  OK 761/1243 decrypted=True file=Chương 761 Đấu giá hội 1.txt
  OK 762/1243 decrypted=True file=Chương 762 Đấu giá hội 2.txt
  OK 763/1243 decrypted=True file=Chương 763 Đấu giá hội 3.txt
  OK 764/1243 decrypted=True file=Chương 764 Đấu giá hội 4.txt
  OK 765/1243 decrypted=True file=Chương 765 Đấu giá hội kết.txt
  OK 766/1243 decrypted=True file=Chương 766 Pháp tổ Anh Linh.txt
  OK 767/1243 decrypted=True file=Chương 767 Fou cùng Merlin.txt
  OK 768/1243 decrypted=True file=Chương 768 Thảm không tả nổi Merlin.txt
  OK 769/1243 decrypted=True file=Chương 769 Jeanne Alter ngượng ngùng.txt
  OK 770/1243 decrypted=True file=Chương 770 Hai người buổi hòa nhạc.txt
  OK 771/1243 decrypted=True file=Chương 771 Kinh khủng buổi hòa nhạc.txt
  OK 772/1243 decrypted=True file=Chương 772 Cắt ngang giữa chừng.txt
  OK 773/1243 decrypted=True file=Chương 773 Bị đả kích Nero cùng Elizabeth.txt
  OK 774/1243 decrypted=True file=Chương 774 Jeanne Alter đêm.txt
BATCH 775-792 / 1243
  OK 775/1243 decrypted=True file=Chương 775 Thỏ nữ lang học tỷ bất an.txt
  OK 776/1243 decrypted=True file=Chương 776 Học tập hội.txt
  OK 777/1243 decrypted=True file=Chương 777 Đám người tụ tập.txt
  OK 778/1243 decrypted=True file=Chương 778 Chiba đặc sản.txt
  OK 779/1243 decrypted=True file=Chương 779 Muội khống.txt
  OK 780/1243 decrypted=True file=Chương 780 Hikigaya Komachi.txt
  OK 781/1243 decrypted=True file=Chương 781 Mana tình cảm.txt
  OK 782/1243 decrypted=True file=Chương 782 Đến từ ngoài trường học ủy thác.txt
  OK 783/1243 decrypted=True file=Chương 783 Ủy thác nội dung.txt
  OK 784/1243 decrypted=True file=Chương 784 Tìm Shizukawaii trợ giúp.txt
  OK 785/1243 decrypted=True file=Chương 785 Kawasaki Saki.txt
  OK 786/1243 decrypted=True file=Chương 786 Tin tức nặng ký.txt
  OK 787/1243 decrypted=True file=Chương 787 Angel Maid Cafe.txt
  OK 788/1243 decrypted=True file=Chương 788 Lại gặp đả kích Yukino.txt
  OK 789/1243 decrypted=True file=Chương 789 Hầu gái trang phục.txt
  OK 790/1243 decrypted=True file=Chương 790 Địa điểm cuối cùng.txt
  OK 791/1243 decrypted=True file=Chương 791 Mặc lễ phục Yui.txt
  OK 792/1243 decrypted=True file=Chương 792 Yukino vs Saki.txt
BATCH 793-810 / 1243
  OK 793/1243 decrypted=True file=Chương 793 Kết quả.txt
  OK 794/1243 decrypted=True file=Chương 794 Yukino muốn được tự do.txt
  OK 795/1243 decrypted=True file=Chương 795 Trêu đùa Yukino.txt
  OK 796/1243 decrypted=True file=Chương 796 Sáng sớm nói chuyện.txt
  OK 797/1243 decrypted=True file=Chương 797 Đi nhầm lộ Saki.txt
  OK 798/1243 decrypted=True file=Chương 798 Giải quyết.txt
  OK 799/1243 decrypted=True file=Chương 799 Bokura no LIVE Kimi to no LIFE.txt
  OK 800/1243 decrypted=True file=Chương 800 Đần độn Honoka.txt
  OK 801/1243 decrypted=True file=Chương 801 Umi gia nhập vào.txt
  OK 802/1243 decrypted=True file=Chương 802 Sakurajima Mai ngượng ngùng.txt
  OK 803/1243 decrypted=True file=Chương 803 Xấu hổ Dango đồng học.txt
  OK 804/1243 decrypted=True file=Chương 804 Hố người Mashiro.txt
  OK 805/1243 decrypted=True file=Chương 805 Bị lên án Yuuto.txt
  OK 806/1243 decrypted=True file=Chương 806 Mashiro hảo hữu.txt
  OK 807/1243 decrypted=True file=Chương 807 tìm chết Rita.txt
  OK 808/1243 decrypted=True file=Chương 808 Rita chấn kinh.txt
  OK 809/1243 decrypted=True file=Chương 809 Đơn thuần Mashiro.txt
  OK 810/1243 decrypted=True file=Chương 810 Theo dõi hai người.txt
BATCH 811-828 / 1243
  OK 811/1243 decrypted=True file=Chương 811 Thiên tài lúc nào cũng trong lúc lơ đãng làm tổn thương phàm nhân.txt
  OK 812/1243 decrypted=True file=Chương 812 Mashiro cùng Rita hữu nghị.txt
  OK 813/1243 decrypted=True file=Chương 813 Rita cám ơn.txt
  OK 814/1243 decrypted=True file=Chương 814 Rita ở lại.txt
  OK 815/1243 decrypted=True file=Chương 815 Xuất phát.txt
  OK 816/1243 decrypted=True file=Chương 816 Brune cùng Zhcted chiến tranh.txt
  OK 817/1243 decrypted=True file=Chương 817 Đột kích.txt
  OK 818/1243 decrypted=True file=Chương 818 Elen đầu hàng.txt
  OK 819/1243 decrypted=True file=Chương 819 Phản ứng.txt
  OK 820/1243 decrypted=True file=Chương 820 Tù Binh Elen.txt
  OK 821/1243 decrypted=True file=Chương 821 Xinh đẹp Elen.txt
  OK 822/1243 decrypted=True file=Chương 822 Ban đêm người tới.txt
  OK 823/1243 decrypted=True file=Chương 823 Limalisha.txt
  OK 824/1243 decrypted=True file=Chương 824 Tigrevurmud Vorn.txt
  OK 825/1243 decrypted=True file=Chương 825 Lim kế hoạch.txt
  OK 826/1243 decrypted=True file=Chương 826 Hai vị chiến cơ.txt
  OK 827/1243 decrypted=True file=Chương 827 Hắc Cung.txt
  OK 828/1243 decrypted=True file=Chương 828 Ầm ĩ cãi nhau hai cái chiến cơ.txt
BATCH 829-846 / 1243
  OK 829/1243 decrypted=True file=Chương 829 Không nghĩ ra tiêu đề.txt
  OK 830/1243 decrypted=True file=Chương 830 Thenardier công tước mưu đồ.txt
  OK 831/1243 decrypted=True file=Chương 831 Long khúc hành quân.txt
  OK 832/1243 decrypted=True file=Chương 832 Đến Leitmeritz.txt
  OK 833/1243 decrypted=True file=Chương 833 Tự cao tự đại Zion.txt
  OK 834/1243 decrypted=True file=Chương 834 Chiến đấu bạo phát.txt
  OK 835/1243 decrypted=True file=Chương 835 Sát song Long.txt
  OK 836/1243 decrypted=True file=Chương 836 Chiếm được ưu thế.txt
  OK 837/1243 decrypted=True file=Chương 837 Chiến thắng.txt
  OK 838/1243 decrypted=True file=Chương 838 Thu phục Tigrevurmud.txt
  OK 839/1243 decrypted=True file=Chương 839 Thenardier tức giận.txt
  OK 840/1243 decrypted=True file=Chương 840 Tắm rửa.txt
  OK 841/1243 decrypted=True file=Chương 841 Chiến sự.txt
  OK 842/1243 decrypted=True file=Chương 842 Cùng Regin ra ngoài.txt
  OK 843/1243 decrypted=True file=Chương 843 Phục kích.txt
  OK 844/1243 decrypted=True file=Chương 844 Serasyu Bảy Khóa.txt
  OK 845/1243 decrypted=True file=Chương 845 Ma Vật hành động.txt
  OK 846/1243 decrypted=True file=Chương 846 Scathach.txt
BATCH 847-864 / 1243
❌ Lỗi khi tải chương 14049919: HTTPSConnectionPool(host='android.lonoapp.net', port=443): Read timed out. (read timeout=10)
  OK 847/1243 decrypted=True file=Chương 847 Cùng Scathach chiến đấu.txt
  OK 848/1243 decrypted=True file=Chương 848 Kết quả Hòa.txt
  OK 849/1243 decrypted=True file=Chương 849 Học tập thương thuật.txt
  OK 850/1243 decrypted=True file=Chương 850 Hắc kỵ sĩ Roland.txt
  OK 851/1243 decrypted=True file=Chương 851 Gia Cát Khổng Minh.txt
  OK 852/1243 decrypted=True file=Chương 852 Bát trận đồ.txt
  OK 853/1243 decrypted=True file=Chương 853 Roland vs Teresa.txt
  OK 854/1243 decrypted=True file=Chương 854 Roland chết.txt
  OK 855/1243 decrypted=True file=Chương 855 Thế như lôi đình.txt
  OK 856/1243 decrypted=True file=Chương 856 Valentina.txt
  OK 857/1243 decrypted=True file=Chương 857 Tir Na Fal.txt
  OK 858/1243 decrypted=True file=Chương 858 Trêu đùa nữ thần.txt
  OK 859/1243 decrypted=True file=Chương 859 Trong đêm tập kích.txt
  OK 860/1243 decrypted=True file=Chương 860 Dị giới bản Xích Bích chi chiến.txt
  OK 861/1243 decrypted=True retry=2 file=Chương 861 Riche vs Elizavetta.txt
  OK 862/1243 decrypted=True file=Chương 862 Chiến thắng.txt
  OK 863/1243 decrypted=True file=Chương 863 Ellen thuần phục.txt
  OK 864/1243 decrypted=True file=Chương 864 Không nghĩ ra tiêu đề.txt
BATCH 865-882 / 1243
❌ Lỗi khi tải chương 14059101: HTTPSConnectionPool(host='android.lonoapp.net', port=443): Read timed out. (read timeout=10)
❌ Lỗi khi tải chương 14072048: HTTPSConnectionPool(host='android.lonoapp.net', port=443): Read timed out. (read timeout=10)
  OK 865/1243 decrypted=True file=Chương 865 Trước trận chiến.txt
  OK 866/1243 decrypted=True file=Chương 866 Chiến đấu nổ ra.txt
  OK 867/1243 decrypted=True file=Chương 867 Spartacus.txt
  OK 868/1243 decrypted=True file=Chương 868 Tỳ thú gầm rống Crying·Warmonger.txt
  OK 869/1243 decrypted=True file=Chương 869 Regin thẳng thắn.txt
  OK 870/1243 decrypted=True file=Chương 870 Gặp Brune quốc vương.txt
  OK 871/1243 decrypted=True retry=2 file=Chương 871 Vua Faron chết.txt
  OK 872/1243 decrypted=True file=Chương 872 Khách không mời mà đến.txt
  OK 873/1243 decrypted=True file=Chương 873 Trêu đùa Valentina.txt
  OK 874/1243 decrypted=True file=Chương 874 Valentina thuần phục.txt
  OK 875/1243 decrypted=True file=Chương 875 Ganelon thân phận.txt
  OK 876/1243 decrypted=True file=Chương 876 Himari ra tay.txt
  OK 877/1243 decrypted=True file=Chương 877 Chiếm thượng phong.txt
  OK 878/1243 decrypted=True file=Chương 878 Tân Chính.txt
  OK 879/1243 decrypted=True retry=2 file=Chương 879 Không nghĩ ra tiêu đề.txt
  OK 880/1243 decrypted=True file=Chương 880 Elen cùng Liza hai người mâu thuẫn.txt
  OK 881/1243 decrypted=True file=Chương 881 Elen cùng Liza chuyện cũ.txt
  OK 882/1243 decrypted=True file=Chương 882 Ngoan ngoãn Sofya.txt
BATCH 883-900 / 1243
  OK 883/1243 decrypted=True file=Chương 883 Elizavetta thuần phục.txt
  OK 884/1243 decrypted=True file=Chương 884 Alexandra Alshavin.txt
  OK 885/1243 decrypted=True file=Chương 885 Sasha quyết ý.txt
  OK 886/1243 decrypted=True file=Chương 886 Chiến đấu sắp tới.txt
  OK 887/1243 decrypted=True file=Chương 887 Chạm mặt.txt
  OK 888/1243 decrypted=True file=Chương 888 Thủy Chiến.txt
  OK 889/1243 decrypted=True file=Chương 889 Phượng Hoàng.txt
  OK 890/1243 decrypted=True file=Chương 890 Sasha vs Figneria.txt
  OK 891/1243 decrypted=True file=Chương 891 Kết Thúc.txt
  OK 892/1243 decrypted=True file=Chương 892 Sasha chuyện cũ.txt
  OK 893/1243 decrypted=True file=Chương 893 Sasha ngượng ngùng.txt
  OK 894/1243 decrypted=True file=Chương 894 Sắp kết thúc chinh phạt.txt
  OK 895/1243 decrypted=True file=Chương 895 Olga Tamm.txt
  OK 896/1243 decrypted=True file=Chương 896 Vương nữ Guinevere.txt
  OK 897/1243 decrypted=True file=Chương 897 Thái Dương Tế.txt
  OK 898/1243 decrypted=True file=Chương 898 Thống nhất.txt
  OK 899/1243 decrypted=True file=Chương 899 Tir Na Fal.txt
  OK 900/1243 decrypted=True file=Chương 900 Nghỉ hè sắp đến.txt
BATCH 901-918 / 1243
  OK 901/1243 decrypted=True file=Chương 901 cho Dango chuẩn bị quà sinh nhật.txt
  OK 902/1243 decrypted=True file=Chương 902 Lựa chọn lễ vật tiến hành bên trong.txt
  OK 903/1243 decrypted=True file=Chương 903 Tạp dề.txt
  OK 904/1243 decrypted=True file=Chương 904 Haruno theo dõi.txt
  OK 905/1243 decrypted=True file=Chương 905 Haruno xen vào.txt
  OK 906/1243 decrypted=True file=Chương 906 Haruno phá đám.txt
  OK 907/1243 decrypted=True file=Chương 907 Vô tình gặp được Yui.txt
  OK 908/1243 decrypted=True file=Chương 908 Yui mong chờ.txt
  OK 909/1243 decrypted=True file=Chương 909 Tặng lễ vật.txt
  OK 910/1243 decrypted=True file=Chương 910 Alley Cats tập hợp.txt
  OK 911/1243 decrypted=True file=Chương 911 Đến Dungeon.txt
  OK 912/1243 decrypted=True file=Chương 912 Lần đầu chiến đấu.txt
  OK 913/1243 decrypted=True file=Chương 913 Không nghĩ ra tiêu đề.txt
  OK 914/1243 decrypted=True file=Chương 914 Dungeon đêm đầu tiên.txt
  OK 915/1243 decrypted=True file=Chương 915 Nakano ngượng ngùng.txt
  OK 916/1243 decrypted=True file=Chương 916 Trêu chọc Nakano.txt
  OK 917/1243 decrypted=True file=Chương 917 Không nghĩ ra tiêu đề.txt
  OK 918/1243 decrypted=True file=Chương 918 một đêm xuân dài.txt
BATCH 919-936 / 1243
  OK 919/1243 decrypted=True file=Chương 919 Trêu chọc Akane.txt
  OK 920/1243 decrypted=True file=Chương 920 Akane phát hiện kinh người.txt
  OK 921/1243 decrypted=True file=Chương 921 Không nghĩ ra tiêu đề.txt
  OK 922/1243 decrypted=True file=Chương 922 Alley Cats toàn viên.txt
  OK 923/1243 decrypted=True file=Chương 923 Vận khí tốt tổ bốn người.txt
  OK 924/1243 decrypted=True file=Chương 924 Không thích sống chung Maki chan.txt
  OK 925/1243 decrypted=True file=Chương 925 Tiểu phú bà Maki.txt
  OK 926/1243 decrypted=True file=Chương 926 Ma Quỷ Umi.txt
  OK 927/1243 decrypted=True file=Chương 927 Bị chúng nữ thảo phạt Yuuto.txt
  OK 928/1243 decrypted=True file=Chương 928 Xuân sắc tràn đầy bãi biển.txt
  OK 929/1243 decrypted=True file=Chương 929 Không nghĩ ra tiêu đề.txt
  OK 930/1243 decrypted=True file=Chương 930 Chăn lớn cùng ngủ.txt
  OK 931/1243 decrypted=True file=Chương 931 Muse gối đầu đại chiến.txt
  OK 932/1243 decrypted=True file=Chương 932 Không nghĩ ra tiêu đề.txt
  OK 933/1243 decrypted=True file=Chương 933 Alice tự tin.txt
  OK 934/1243 decrypted=True file=Chương 934 Giải quyết Katou Megumi vấn đề.txt
  OK 935/1243 decrypted=True file=Chương 935 Shokugeki phía trước.txt
  OK 936/1243 decrypted=True file=Chương 936 Tỷ muội giao phong.txt
BATCH 937-954 / 1243
  OK 937/1243 decrypted=True file=Chương 937 Hai vị chỉ đen học tỷ giao phong.txt
  OK 938/1243 decrypted=True file=Chương 938 Đụng ngã Erina.txt
  OK 939/1243 decrypted=True file=Chương 939 Uống rượu.txt
  OK 940/1243 decrypted=True file=Chương 940 Xấu bụng Utaha.txt
  OK 941/1243 decrypted=True file=Chương 941 Hai nữ so tài.txt
  OK 942/1243 decrypted=True file=Chương 942 Bữa sáng thẩm tra.txt
  OK 943/1243 decrypted=True file=Chương 943 Yukihira Soma xử lý.txt
  OK 944/1243 decrypted=True file=Chương 944 Bữa sáng kết thúc.txt
  OK 945/1243 decrypted=True file=Chương 945 Bữa tối Yến tiệc.txt
  OK 946/1243 decrypted=True file=Chương 946 Nghe góc tường Sengoku Chihiro.txt
  OK 947/1243 decrypted=True file=Chương 947 Tạm biệt độc thân cẩu nhân sinh.txt
  OK 948/1243 decrypted=True file=Chương 948 Erina kinh ngạc.txt
  OK 949/1243 decrypted=True file=Chương 949 Katou Megumi kỳ diệu gặp gỡ.txt
  OK 950/1243 decrypted=True file=Chương 950 Gợi cảm ảnh chụp.txt
  OK 951/1243 decrypted=True file=Chương 951 Hai cái Futaba.txt
  OK 952/1243 decrypted=True file=Chương 952 Futaba tạm thời vào ở.txt
  OK 953/1243 decrypted=True file=Chương 953 Dưới màn đêm suối nước nóng.txt
  OK 954/1243 decrypted=True file=Chương 954 Futaba tự ti.txt
BATCH 955-972 / 1243
❌ Lỗi khi tải chương 14156838: HTTPSConnectionPool(host='android.lonoapp.net', port=443): Read timed out. (read timeout=10)
❌ Lỗi khi tải chương 14163838: HTTPSConnectionPool(host='android.lonoapp.net', port=443): Read timed out. (read timeout=10)
  OK 955/1243 decrypted=True file=Chương 955 Không nghĩ ra tiêu đề.txt
  OK 956/1243 decrypted=True file=Chương 956 Nguy hiểm hành vi.txt
  OK 957/1243 decrypted=True file=Chương 957 Rio vui vẻ.txt
  OK 958/1243 decrypted=True file=Chương 958 Futaba biết chuyện.txt
  OK 959/1243 decrypted=True file=Chương 959 Futaba thẹn thùng.txt
  OK 960/1243 decrypted=True file=Chương 960 Lẫn nhau chấp nhận.txt
  OK 961/1243 decrypted=True file=Chương 961 Gấp đôi khoái hoạt.txt
  OK 962/1243 decrypted=True file=Chương 962 Katou Megumi lại gặp núi chi ông.txt
  OK 963/1243 decrypted=True retry=2 file=Chương 963 Katou Megumi thiên phú.txt
  OK 964/1243 decrypted=True file=Chương 964 Tĩnh Mịch cùng Katou Megumi.txt
  OK 965/1243 decrypted=True file=Chương 965 Lại đến Dungeon.txt
  OK 966/1243 decrypted=True file=Chương 966 Quái vật tập kích.txt
  OK 967/1243 decrypted=True file=Chương 967 Vận khí không tốt.txt
  OK 968/1243 decrypted=True file=Chương 968 Giám sát.txt
  OK 969/1243 decrypted=True file=Chương 969 Chuẩn bị đánh Boss.txt
  OK 970/1243 decrypted=True file=Chương 970 Shinomiya đoàn người.txt
  OK 971/1243 decrypted=True retry=2 file=Chương 971 Hỏa Diễm Ma Chu.txt
  OK 972/1243 decrypted=True file=Chương 972 Giải quyết Hỏa Diễm Ma Chu.txt
BATCH 973-990 / 1243
  OK 973/1243 decrypted=True file=Chương 973 Mạo hiểm kết thúc.txt
  OK 974/1243 decrypted=True file=Chương 974 Bị hố Shizukawaii.txt
  OK 975/1243 decrypted=True file=Chương 975 Mê người ma nữ.txt
  OK 976/1243 decrypted=True file=Chương 976 Đến Chiba thôn.txt
  OK 977/1243 decrypted=True file=Chương 977 Bị xa lánh nữ hài.txt
  OK 978/1243 decrypted=True file=Chương 978 Đặc biệt tiểu nữ hài.txt
  OK 979/1243 decrypted=True file=Chương 979 Hayama không được.txt
  OK 980/1243 decrypted=True file=Chương 980 Mashiro muốn học nấu ăn.txt
  OK 981/1243 decrypted=True file=Chương 981 Tiếp xúc Tsurumi Rumi.txt
  OK 982/1243 decrypted=True file=Chương 982 Ác miệng tiểu la lỵ.txt
  OK 983/1243 decrypted=True file=Chương 983 Rumi thẹn thùng.txt
  OK 984/1243 decrypted=True file=Chương 984 Không tầm thường Rumi.txt
  OK 985/1243 decrypted=True file=Chương 985 Đệ tử Tsurumi Rumi.txt
  OK 986/1243 decrypted=True file=Chương 986 Trong đêm trò chuyện.txt
  OK 987/1243 decrypted=True file=Chương 987 Dưới ánh trăng mỹ nhân.txt
  OK 988/1243 decrypted=True file=Chương 988 Ban đêm kích thích.txt
  OK 989/1243 decrypted=True file=Chương 989 Không nghĩ ra tiêu đề.txt
  OK 990/1243 decrypted=True file=Chương 990 Đồ tắm Yui.txt
BATCH 991-1008 / 1243
❌ Lỗi khi tải chương 14183653: HTTPSConnectionPool(host='android.lonoapp.net', port=443): Read timed out. (read timeout=10)
❌ Lỗi khi tải chương 14186034: HTTPSConnectionPool(host='android.lonoapp.net', port=443): Read timed out. (read timeout=10)
❌ Lỗi khi tải chương 14189104: HTTPSConnectionPool(host='android.lonoapp.net', port=443): Read timed out. (read timeout=10)
❌ Lỗi khi tải chương 14191901: HTTPSConnectionPool(host='android.lonoapp.net', port=443): Read timed out. (read timeout=10)
  OK 991/1243 decrypted=True file=Chương 991 Xuân sắc tràn đầy.txt
  OK 992/1243 decrypted=True retry=2 file=Chương 992 Bị đả kích không ngừng Yukino.txt
  OK 993/1243 decrypted=True file=Chương 993 Biến cố xảy ra.txt
  OK 994/1243 decrypted=True file=Chương 994 Giải quyết.txt
  OK 995/1243 decrypted=True retry=2 file=Chương 995 Reina.txt
  OK 996/1243 decrypted=True file=Chương 996 Được hoan nghênh Reina.txt
  OK 997/1243 decrypted=True file=Chương 997 Thiên sứ cùng ác ma đến.txt
  OK 998/1243 decrypted=True file=Chương 998 Vô tình gặp được.txt
  OK 999/1243 decrypted=True retry=2 file=Chương 999 Mặc thử trang phục.txt
  OK 1000/1243 decrypted=True file=Chương 1000 Gotobun hoa gả.txt
  OK 1001/1243 decrypted=True file=Chương 1001 Dinh người Reina.txt
  OK 1002/1243 decrypted=True retry=2 file=Chương 1002 Reina rời đi.txt
  OK 1003/1243 decrypted=True file=Chương 1003 Yui Dango.txt
  OK 1004/1243 decrypted=True file=Chương 1004 Lễ hội pháo hoa.txt
  OK 1005/1243 decrypted=True file=Chương 1005 Sagami Minami.txt
  OK 1006/1243 decrypted=True file=Chương 1006 Yui tỏ tình.txt
  OK 1007/1243 decrypted=True file=Chương 1007 Masuzu trở về.txt
  OK 1008/1243 decrypted=True file=Chương 1008 Gặp lại Masuzu.txt
BATCH 1009-1026 / 1243
  OK 1009/1243 decrypted=True file=Chương 1009 Masuzu chuyển trường.txt
  OK 1010/1243 decrypted=True file=Chương 1010 Lễ hội văn hóa sắp đến.txt
  OK 1011/1243 decrypted=True file=Chương 1011 Bị chụp ảnh Maki.txt
  OK 1012/1243 decrypted=True file=Chương 1012 Ủy viên trưởng cùng phó ủy viên trưởng.txt
  OK 1013/1243 decrypted=True file=Chương 1013 Nhân sinh đại phú ông.txt
  OK 1014/1243 decrypted=True file=Chương 1014 Dự cảm không tốt.txt
  OK 1015/1243 decrypted=True file=Chương 1015 Dao bổ củi kết cục.txt
  OK 1016/1243 decrypted=True file=Chương 1016 Eli thẹn thùng.txt
  OK 1017/1243 decrypted=True file=Chương 1017 Ayase Eli mất ngủ.txt
  OK 1018/1243 decrypted=True file=Chương 1018 Kịch bản cùng bán đồ.txt
  OK 1019/1243 decrypted=True file=Chương 1019 Không nghĩ ra tiêu đề.txt
  OK 1020/1243 decrypted=True file=Chương 1020 Katou Megumi biến hóa.txt
  OK 1021/1243 decrypted=True file=Chương 1021 Lão ti cơ Shizukawaii.txt
  OK 1022/1243 decrypted=True file=Chương 1022 Động tâm Honoka.txt
  OK 1023/1243 decrypted=True file=Chương 1023 Honoka sơ hôn.txt
  OK 1024/1243 decrypted=True file=Chương 1024 Lễ hội văn hóa bắt đầu.txt
  OK 1025/1243 decrypted=True file=Chương 1025 Nakano Yotsuba.txt
  OK 1026/1243 decrypted=True file=Chương 1026 Muse MusicStart.txt
BATCH 1027-1044 / 1243
❌ Lỗi khi tải chương 14216135: HTTPSConnectionPool(host='android.lonoapp.net', port=443): Read timed out. (read timeout=10)
❌ Lỗi khi tải chương 14223990: HTTPSConnectionPool(host='android.lonoapp.net', port=443): Read timed out. (read timeout=10)
  OK 1027/1243 decrypted=True file=Chương 1027 Đại yêu tinh phúc lợi.txt
  OK 1028/1243 decrypted=True file=Chương 1028 Lễ hội văn hóa ngày thứ hai.txt
  OK 1029/1243 decrypted=True file=Chương 1029 Mẹ vợ tương lai.txt
  OK 1030/1243 decrypted=True file=Chương 1030 Ăn Yui.txt
  OK 1031/1243 decrypted=True file=Chương 1031 Thẹn thùng viêm chi nữ vương.txt
  OK 1032/1243 decrypted=True file=Chương 1032 Lễ hội văn hóa kết thúc.txt
  OK 1033/1243 decrypted=True retry=2 file=Chương 1033 Thư thông báo.txt
  OK 1034/1243 decrypted=True file=Chương 1034 Gotobun ủy thác.txt
  OK 1035/1243 decrypted=True file=Chương 1035 Ngũ tỷ muội phụ đạo.txt
  OK 1036/1243 decrypted=True file=Chương 1036 Nakano Miku.txt
  OK 1037/1243 decrypted=True file=Chương 1037 Nakano Miku yêu thích.txt
  OK 1038/1243 decrypted=True file=Chương 1038 Không nghĩ ra tiêu đề.txt
  OK 1039/1243 decrypted=True file=Chương 1039 Gotobun trí thông minh.txt
  OK 1040/1243 decrypted=True file=Chương 1040 Phương pháp giải quyết.txt
  OK 1041/1243 decrypted=True retry=2 file=Chương 1041 Gotobun tính cách.txt
  OK 1042/1243 decrypted=True file=Chương 1042 Ngã bài.txt
  OK 1043/1243 decrypted=True file=Chương 1043 Nino ý đồ xấu.txt
  OK 1044/1243 decrypted=True file=Chương 1044 Xui xẻo Nino.txt
BATCH 1045-1062 / 1243
  OK 1045/1243 decrypted=True file=Chương 1045 Cùng Nino nói chuyện.txt
  OK 1046/1243 decrypted=True file=Chương 1046 Thời gian đảo lưu.txt
  OK 1047/1243 decrypted=True file=Chương 1047 Koga Tomoe.txt
  OK 1048/1243 decrypted=True file=Chương 1048 Koga Tomoe tiềm lực rất lớn.txt
  OK 1049/1243 decrypted=True file=Chương 1049 Áp lực lớn Muse.txt
  OK 1050/1243 decrypted=True file=Chương 1050 Bị quên Honoka.txt
  OK 1051/1243 decrypted=True file=Chương 1051 Ông già Noel không tồn tại.txt
  OK 1052/1243 decrypted=True file=Chương 1052 Bình cảnh.txt
  OK 1053/1243 decrypted=True file=Chương 1053 Kotori phiền não.txt
  OK 1054/1243 decrypted=True file=Chương 1054 Trêu chọc Hanayo.txt
  OK 1055/1243 decrypted=True file=Chương 1055 Leo núi.txt
  OK 1056/1243 decrypted=True file=Chương 1056 Sợ bóng đêm Ayase Eli.txt
  OK 1057/1243 decrypted=True file=Chương 1057 Đại hội thể thao.txt
  OK 1058/1243 decrypted=True file=Chương 1058 Đã lâu không gặp ủy thác CLB Tình Nguyện.txt
  OK 1059/1243 decrypted=True file=Chương 1059 Đóng góp ý kiến.txt
  OK 1060/1243 decrypted=True file=Chương 1060 Gây sự Shizukawaii.txt
  OK 1061/1243 decrypted=True file=Chương 1061 Hoàn thành.txt
  OK 1062/1243 decrypted=True file=Chương 1062 Thông qua.txt
BATCH 1063-1080 / 1243
❌ Lỗi khi tải chương 14263057: HTTPSConnectionPool(host='android.lonoapp.net', port=443): Read timed out. (read timeout=10)
  OK 1063/1243 decrypted=True file=Chương 1063 Bánh bao quái Itsuki.txt
  OK 1064/1243 decrypted=True file=Chương 1064 Ồn ào Ngũ tỷ muội.txt
  OK 1065/1243 decrypted=True file=Chương 1065 Lại cứu Nino.txt
  OK 1066/1243 decrypted=True file=Chương 1066 Phạm nhân Yuuto.txt
  OK 1067/1243 decrypted=True file=Chương 1067 Biểu diễn thời gian đã đến.txt
  OK 1068/1243 decrypted=True file=Chương 1068 Yuuto hoàn mỹ tâm cơ.txt
  OK 1069/1243 decrypted=True file=Chương 1069 Khác biệt phản ứng.txt
  OK 1070/1243 decrypted=True file=Chương 1070 Tam nữ cảm xúc.txt
  OK 1071/1243 decrypted=True file=Chương 1071 Trước mặt Nino trêu chọc Miku.txt
  OK 1072/1243 decrypted=True file=Chương 1072 Trêu đùa Ichika.txt
  OK 1073/1243 decrypted=True file=Chương 1073 Thẹn thùng Ichika.txt
  OK 1074/1243 decrypted=True file=Chương 1074 Nino chú ý.txt
  OK 1075/1243 decrypted=True file=Chương 1075 Chạy mượn vật.txt
  OK 1076/1243 decrypted=True file=Chương 1076 Yuuto Ta hối hận a.txt
  OK 1077/1243 decrypted=True file=Chương 1077 Thích nhất.txt
  OK 1078/1243 decrypted=True file=Chương 1078 Hố cha vòng cuối cùng.txt
  OK 1079/1243 decrypted=True retry=2 file=Chương 1079 Cưỡi ngựa đánh trận.txt
  OK 1080/1243 decrypted=True file=Chương 1080 Lại thắng.txt
BATCH 1081-1098 / 1243
❌ Lỗi khi tải chương 14273776: HTTPSConnectionPool(host='android.lonoapp.net', port=443): Read timed out. (read timeout=10)
❌ Lỗi khi tải chương 14277228: HTTPSConnectionPool(host='android.lonoapp.net', port=443): Read timed out. (read timeout=10)
  OK 1081/1243 decrypted=True file=Chương 1081 Cuối cùng một trận tranh tài.txt
  OK 1082/1243 decrypted=True file=Chương 1082 Cản đường Hayama.txt
  OK 1083/1243 decrypted=True file=Chương 1083 Đại hội thể thao kết thúc.txt
  OK 1084/1243 decrypted=True file=Chương 1084 Lỡ lên cô em vợ làm sao bây giờ.txt
  OK 1085/1243 decrypted=True file=Chương 1085 Trao đổi cơ thể tỷ muội.txt
  OK 1086/1243 decrypted=True file=Chương 1086 Xấu bụng Utaha.txt
  OK 1087/1243 decrypted=True retry=2 file=Chương 1087 Raphiel vào hố.txt
  OK 1088/1243 decrypted=True file=Chương 1088 Cãi nhau tỷ muội.txt
  OK 1089/1243 decrypted=True file=Chương 1089 Áp lực nặng nề Nodoka.txt
  OK 1090/1243 decrypted=True retry=2 file=Chương 1090 Thẹn thùng cô em vợ.txt
  OK 1091/1243 decrypted=True file=Chương 1091 Không nghĩ ra tiêu đề.txt
  OK 1092/1243 decrypted=True file=Chương 1092 Sweet Bullet buổi hòa nhạc.txt
  OK 1093/1243 decrypted=True file=Chương 1093 Khôi phục.txt
  OK 1094/1243 decrypted=True file=Chương 1094 Hoa tỷ muội nở rộ.txt
  OK 1095/1243 decrypted=True file=Chương 1095 Chika lấy ra vé xem phim.txt
  OK 1096/1243 decrypted=True file=Chương 1096 Không có khả năng thành thật xem phim.txt
  OK 1097/1243 decrypted=True file=Chương 1097 Muse muốn thực hiện nguyện vọng.txt
  OK 1098/1243 decrypted=True file=Chương 1098 Muse trang phục nữ bộc đại hội.txt
BATCH 1099-1116 / 1243
❌ Lỗi khi tải chương 14295733: HTTPSConnectionPool(host='android.lonoapp.net', port=443): Read timed out. (read timeout=10)
  OK 1099/1243 decrypted=True file=Chương 1099 Kotori thiên hạ đệ nhất.txt
  OK 1100/1243 decrypted=True file=Chương 1100 Da mặt mỏng Ayase Eli.txt
  OK 1101/1243 decrypted=True file=Chương 1101 Ở lại Ayase Eli nhà.txt
  OK 1102/1243 decrypted=True file=Chương 1102 Lovelive trận chung kết bắt đầu.txt
  OK 1103/1243 decrypted=True file=Chương 1103 Quán quân sinh ra.txt
  OK 1104/1243 decrypted=True file=Chương 1104 Chảy ra nước Quả.txt
  OK 1105/1243 decrypted=True file=Chương 1105 Lại tìm đến Shizukawaii.txt
  OK 1106/1243 decrypted=True file=Chương 1106 Liên quan đến kết hôn đề tài.txt
  OK 1107/1243 decrypted=True file=Chương 1107 Điều tra vấn quyển.txt
  OK 1108/1243 decrypted=True file=Chương 1108 Masuzu đến giúp đỡ.txt
  OK 1109/1243 decrypted=True file=Chương 1109 Nấu ăn thi đấu.txt
  OK 1110/1243 decrypted=True file=Chương 1110 Chấm điểm.txt
  OK 1111/1243 decrypted=True file=Chương 1111 Không nghĩ ra tiêu đề.txt
  OK 1112/1243 decrypted=True retry=2 file=Chương 1112 Shizukawaii sợ hãi.txt
  OK 1113/1243 decrypted=True file=Chương 1113 Không nghĩ ra tiêu đề.txt
  OK 1114/1243 decrypted=True file=Chương 1114 Xinh đẹp nhất tân nương.txt
  OK 1115/1243 decrypted=True retry=2 file=Chương 1115 Akatsuki Nagisa.txt
  OK 1116/1243 decrypted=True file=Chương 1116 Minamiya Natsuki.txt
BATCH 1117-1134 / 1243
❌ Lỗi khi tải chương 14305433: HTTPSConnectionPool(host='android.lonoapp.net', port=443): Read timed out. (read timeout=10)
  OK 1117/1243 decrypted=True file=Chương 1117 Không nghĩ ra tiêu đề.txt
  OK 1118/1243 decrypted=True file=Chương 1118 Aiba Asagi.txt
  OK 1119/1243 decrypted=True retry=2 file=Chương 1119 Bám đuôi thiếu nữ.txt
  OK 1120/1243 decrypted=True file=Chương 1120 Himeragi Yukina.txt
  OK 1121/1243 decrypted=True file=Chương 1121 Himeragi Yukina vào ở.txt
  OK 1122/1243 decrypted=True file=Chương 1122 Mash cùng Mana đến.txt
  OK 1123/1243 decrypted=True file=Chương 1123 Cho hai nữ làm thủ tục nhập học.txt
  OK 1124/1243 decrypted=True file=Chương 1124 Thiếu khuyết một chút thường thức Yukina.txt
  OK 1125/1243 decrypted=True file=Chương 1125 Nhận lầm.txt
  OK 1126/1243 decrypted=True file=Chương 1126 Bị bắt gian.txt
  OK 1127/1243 decrypted=True file=Chương 1127 Rudolf Eustach.txt
  OK 1128/1243 decrypted=True file=Chương 1128 Mana đuổi đến.txt
  OK 1129/1243 decrypted=True file=Chương 1129 Một chiêu giải quyết.txt
  OK 1130/1243 decrypted=True file=Chương 1130 Nhận chủ Astarte.txt
  OK 1131/1243 decrypted=True file=Chương 1131 Hút máu.txt
  OK 1132/1243 decrypted=True file=Chương 1132 Thẳng thắn.txt
  OK 1133/1243 decrypted=True file=Chương 1133 Avrora.txt
  OK 1134/1243 decrypted=True file=Chương 1134 Nagisa thẹn thùng.txt
BATCH 1135-1152 / 1243
  OK 1135/1243 decrypted=True file=Chương 1135 Cao thần chi xã.txt
  OK 1136/1243 decrypted=True file=Chương 1136 Bất ngờ chiến đấu.txt
  OK 1137/1243 decrypted=True file=Chương 1137 Kinh khủng chiến đấu.txt
  OK 1138/1243 decrypted=True file=Chương 1138 Giải quyết Brynhildr nguyền rủa.txt
  OK 1139/1243 decrypted=True file=Chương 1139 Náo nhiệt.txt
  OK 1140/1243 decrypted=True file=Chương 1140 MAR.txt
  OK 1141/1243 decrypted=True file=Chương 1141 Avrora di thể.txt
  OK 1142/1243 decrypted=True file=Chương 1142 Hoàng kim thủ hộ giả.txt
  OK 1143/1243 decrypted=True file=Chương 1143 Chữa trị.txt
  OK 1144/1243 decrypted=True file=Chương 1144 Bao vây.txt
  OK 1145/1243 decrypted=True file=Chương 1145 Yuuto động thủ.txt
  OK 1146/1243 decrypted=True file=Chương 1146 Tiến hành phục sinh Avrora.txt
  OK 1147/1243 decrypted=True file=Chương 1147 Phản ứng.txt
  OK 1148/1243 decrypted=True file=Chương 1148 Sáng sớm thường ngày.txt
  OK 1149/1243 decrypted=True file=Chương 1149 Học sinh trao đổi.txt
  OK 1150/1243 decrypted=True file=Chương 1150 Kisaki Kiriha.txt
  OK 1151/1243 decrypted=True file=Chương 1151 Natsuki nhắc nhở.txt
  OK 1152/1243 decrypted=True file=Chương 1152 Nagisa kinh ngạc.txt
BATCH 1153-1170 / 1243
  OK 1153/1243 decrypted=True file=Chương 1153 Si hán Mimori.txt
  OK 1154/1243 decrypted=True file=Chương 1154 Hưng phấn Akatsuki Mimori.txt
  OK 1155/1243 decrypted=True file=Chương 1155 Nam sinh công địch.txt
  OK 1156/1243 decrypted=True file=Chương 1156 Natsuki chấn kinh.txt
  OK 1157/1243 decrypted=True file=Chương 1157 Luyện tập.txt
  OK 1158/1243 decrypted=True file=Chương 1158 Vatler thư mời.txt
  OK 1159/1243 decrypted=True file=Chương 1159 Xinh đẹp Brynhildr.txt
  OK 1160/1243 decrypted=True file=Chương 1160 Xinh đẹp Natsuki chan.txt
  OK 1161/1243 decrypted=True file=Chương 1161 Dimitrie Vatler.txt
  OK 1162/1243 decrypted=True file=Chương 1162 Giao lưu.txt
  OK 1163/1243 decrypted=True file=Chương 1163 Chiến đấu bắt đầu.txt
  OK 1164/1243 decrypted=True file=Chương 1164 Sức mạnh tăng cường.txt
  OK 1165/1243 decrypted=True file=Chương 1165 Siêu việt chân tổ sức mạnh.txt
  OK 1166/1243 decrypted=True file=Chương 1166 Hắc Tử Hoàng Phái.txt
  OK 1167/1243 decrypted=True file=Chương 1167 Khiêu Vũ.txt
  OK 1168/1243 decrypted=True file=Chương 1168 Sáng sớm tập kích Asagi.txt
  OK 1169/1243 decrypted=True file=Chương 1169 Christoph Gardos.txt
  OK 1170/1243 decrypted=True file=Chương 1170 Ra tay.txt
BATCH 1171-1188 / 1243
❌ Lỗi khi tải chương 14370597: HTTPSConnectionPool(host='android.lonoapp.net', port=443): Read timed out. (read timeout=10)
  OK 1171/1243 decrypted=True file=Chương 1171 Bạo động.txt
  OK 1172/1243 decrypted=True file=Chương 1172 Thay đổi thực tế.txt
  OK 1173/1243 decrypted=True file=Chương 1173 Thay đổi thực tế sức mạnh.txt
  OK 1174/1243 decrypted=True file=Chương 1174 Thẳng thắn.txt
  OK 1175/1243 decrypted=True file=Chương 1175 Cảnh đẹp.txt
  OK 1176/1243 decrypted=True file=Chương 1176 Bị phát hiện.txt
  OK 1177/1243 decrypted=True file=Chương 1177 Hút máu Avrora.txt
  OK 1178/1243 decrypted=True file=Chương 1178 Nagisa tức giận.txt
  OK 1179/1243 decrypted=True retry=2 file=Chương 1179 Nagisa nhắc nhở.txt
  OK 1180/1243 decrypted=True file=Chương 1180 Natsuki sơ hôn.txt
  OK 1181/1243 decrypted=True file=Chương 1181 Muốn lấy ra Thánh Diệt.txt
  OK 1182/1243 decrypted=True file=Chương 1182 Asagi chủ động.txt
  OK 1183/1243 decrypted=True file=Chương 1183 Mặt nạ kẻ ký sinh.txt
  OK 1184/1243 decrypted=True file=Chương 1184 Nagisa bị tỏ tình.txt
  OK 1185/1243 decrypted=True file=Chương 1185 Cải tạo.txt
  OK 1186/1243 decrypted=True file=Chương 1186 Sơ trung bộ Thánh Nữ.txt
  OK 1187/1243 decrypted=True file=Chương 1187 Thiện lương Kanon.txt
  OK 1188/1243 decrypted=True file=Chương 1188 Ra tay.txt
BATCH 1189-1206 / 1243
❌ Lỗi khi tải chương 14388185: HTTPSConnectionPool(host='android.lonoapp.net', port=443): Read timed out. (read timeout=10)
  OK 1189/1243 decrypted=True file=Chương 1189 Mô Tạo Thiên Sứ.txt
  OK 1190/1243 decrypted=True file=Chương 1190 Dưới ánh trăng thiếu nữ.txt
  OK 1191/1243 decrypted=True file=Chương 1191 La Folia.txt
  OK 1192/1243 decrypted=True file=Chương 1192 La Folia bái phỏng.txt
  OK 1193/1243 decrypted=True file=Chương 1193 Kanon chuyển vào.txt
  OK 1194/1243 decrypted=True file=Chương 1194 Halloween sắp tới.txt
  OK 1195/1243 decrypted=True file=Chương 1195 Thử đồ.txt
  OK 1196/1243 decrypted=True file=Chương 1196 Thử đồ kết thúc.txt
  OK 1197/1243 decrypted=True retry=2 file=Chương 1197 Mua sắm tiếp tục.txt
  OK 1198/1243 decrypted=True file=Chương 1198 Chuẩn bị hoàn thành.txt
  OK 1199/1243 decrypted=True file=Chương 1199 Lấy ra thánh diệt.txt
  OK 1200/1243 decrypted=True file=Chương 1200 Shizuka Koyomi đến.txt
  OK 1201/1243 decrypted=True file=Chương 1201 Sư Tử Vương cơ quan thuần phục.txt
  OK 1202/1243 decrypted=True file=Chương 1202 Quyến thú trở về.txt
  OK 1203/1243 decrypted=True file=Chương 1203 Kanon đêm.txt
  OK 1204/1243 decrypted=True file=Chương 1204 Thường ngày.txt
  OK 1205/1243 decrypted=True file=Chương 1205 Trang phục học sinh Natsuki chan.txt
  OK 1206/1243 decrypted=True file=Chương 1206 Đệ tam chân tổ muốn đến.txt
BATCH 1207-1224 / 1243
  OK 1207/1243 decrypted=True file=Chương 1207 Thu phục Đệ Tam Chân Tổ.txt
  OK 1208/1243 decrypted=True file=Chương 1208 Vương Nữ muốn gia nhập vào.txt
  OK 1209/1243 decrypted=True file=Chương 1209 Vấn đề khó khăn.txt
  OK 1210/1243 decrypted=True file=Chương 1210 Nagisa ghen.txt
  OK 1211/1243 decrypted=True file=Chương 1211 ICO Thư Viện.txt
  OK 1212/1243 decrypted=True file=Chương 1212 Tam Thánh cùng một chỗ.txt
  OK 1213/1243 decrypted=True file=Chương 1213 ICO.txt
  OK 1214/1243 decrypted=True file=Chương 1214 Yuma đến.txt
  OK 1215/1243 decrypted=True file=Chương 1215 Tokoyogi Yuma.txt
  OK 1216/1243 decrypted=True file=Chương 1216 Bắt đầu hành động.txt
  OK 1217/1243 decrypted=True file=Chương 1217 Giải quyết Meyer tỷ muội.txt
  OK 1218/1243 decrypted=True file=Chương 1218 Đến ngục giam kết giới.txt
  OK 1219/1243 decrypted=True file=Chương 1219 Tokoyogi Aya.txt
  OK 1220/1243 decrypted=True file=Chương 1220 Rung động.txt
  OK 1221/1243 decrypted=True file=Chương 1221 Giúp đỡ.txt
  OK 1222/1243 decrypted=True file=Chương 1222 Năng lực tiến hóa.txt
  OK 1223/1243 decrypted=True file=Chương 1223 Tù Phạm.txt
  OK 1224/1243 decrypted=True file=Chương 1224 Thiên Bộ.txt
BATCH 1225-1242 / 1243
  OK 1225/1243 decrypted=True file=Chương 1225 Itogami Meiga.txt
  OK 1226/1243 decrypted=True file=Chương 1226 Giải quyết Itogami Meiga.txt
  OK 1227/1243 decrypted=True file=Chương 1227 Cùng Ác Ma chiến đấu.txt
  OK 1228/1243 decrypted=True file=Chương 1228 Tiêu diệt ác ma.txt
  OK 1229/1243 decrypted=True file=Chương 1229 Mẫu nữ gặp lại.txt
  OK 1230/1243 decrypted=True file=Chương 1230 Cuối cùng đạt được Natsuki.txt
  OK 1231/1243 decrypted=True file=Chương 1231 Nỉ non đình viện hội nghị.txt
  OK 1232/1243 decrypted=True file=Chương 1232 Phùng Ma Ma Nữ.txt
  OK 1233/1243 decrypted=True file=Chương 1233 Kasugaya Shizuri Castiella.txt
  OK 1234/1243 decrypted=True file=Chương 1234 Chuẩn bị.txt
  OK 1235/1243 decrypted=True file=Chương 1235 Sau đó.txt
  OK 1236/1243 decrypted=True file=Chương 1236 Hiền Giả Linh Huyết.txt
  OK 1237/1243 decrypted=True file=Chương 1237 Nina Adelard.txt
  OK 1238/1243 decrypted=True file=Chương 1238 Leviathan.txt
  OK 1239/1243 decrypted=True file=Chương 1239 Mở rộng đảo Itogami vấn đề.txt
  OK 1240/1243 decrypted=True file=Chương 1240 Thánh diệt di sản.txt
  OK 1241/1243 decrypted=True file=Chương 1241 Glenda.txt
  OK 1242/1243 decrypted=True file=Chương 1242 Tai họa ngầm Mogwai.txt
BATCH 1243-1243 / 1243
  OK 1243/1243 decrypted=True file=Chương 1243 Kết thúc.txt
final_ok=1243
final_fail=0
out=C:\Dev\MTC\Tổng Mạn Cùng Miêu Nương Không Đơn Giản Thường Ngày

[stderr]
