book=Cầu Trường Rực Lửa
book_id=117179
out=C:\Dev\MTC\Cầu Trường Rực Lửa
chapters_total=332 expected=332
[1/332] download chapter_id=15965570 file=Chương 1 Tiền Đạo Bị Sét Đánh.txt
  OK decrypted=True written=Chương 1 Tiền Đạo Bị Sét Đánh.txt
[2/332] download chapter_id=15965939 file=Chương 2 Đức Chân Gỗ.txt
  OK decrypted=True written=Chương 2 Đức Chân Gỗ.txt
[3/332] download chapter_id=15967827 file=Chương 3 Thế Mà Đã 2 0 Rồi Sao.txt
  OK decrypted=True written=Chương 3 Thế Mà Đã 2 0 Rồi Sao.txt
[4/332] download chapter_id=15968894 file=Chương 4 Tình Thế Khó Khăn.txt
  OK decrypted=True written=Chương 4 Tình Thế Khó Khăn.txt
[5/332] download chapter_id=15970298 file=Chương 5 Nguyễn Hoàng Đức.txt
  OK decrypted=True written=Chương 5 Nguyễn Hoàng Đức.txt
[6/332] download chapter_id=15970301 file=Chương 6 Qua Người.txt
  OK decrypted=True written=Chương 6 Qua Người.txt
[7/332] download chapter_id=15970304 file=Chương 7 Vào.txt
  OK decrypted=True written=Chương 7 Vào.txt
[8/332] download chapter_id=15970305 file=Chương 8 Penalty.txt
  OK decrypted=True written=Chương 8 Penalty.txt
[9/332] download chapter_id=15970311 file=Chương 9 Đừng Buồn Cố Lên.txt
  OK decrypted=True written=Chương 9 Đừng Buồn Cố Lên.txt
[10/332] download chapter_id=15970314 file=Chương 10 Vào Trái Thứ Hai.txt
  OK decrypted=True written=Chương 10 Vào Trái Thứ Hai.txt
[11/332] download chapter_id=15973105 file=Chương 11 Thất Bại.txt
  OK decrypted=True written=Chương 11 Thất Bại.txt
[12/332] download chapter_id=15974835 file=Chương 12 Về Nước.txt
  OK decrypted=True written=Chương 12 Về Nước.txt
[13/332] download chapter_id=15978020 file=Chương 13 Nhà.txt
  OK decrypted=True written=Chương 13 Nhà.txt
[14/332] download chapter_id=15981887 file=Chương 14 Kiếp Trước.txt
  OK decrypted=True written=Chương 14 Kiếp Trước.txt
[15/332] download chapter_id=15985621 file=Chương 15 Bạn Gái.txt
  OK decrypted=True written=Chương 15 Bạn Gái.txt
[16/332] download chapter_id=15990019 file=Chương 16 Luyện Tập.txt
  OK decrypted=True written=Chương 16 Luyện Tập.txt
[17/332] download chapter_id=15994682 file=Chương 17 Đến Câu Lạc Bộ.txt
  OK decrypted=True written=Chương 17 Đến Câu Lạc Bộ.txt
[18/332] download chapter_id=15999158 file=Chương 18 Hồn Của Đội Bóng.txt
  OK decrypted=True written=Chương 18 Hồn Của Đội Bóng.txt
[19/332] download chapter_id=16004385 file=Chương 19 Lê Hoài Thanh.txt
  OK decrypted=True written=Chương 19 Lê Hoài Thanh.txt
[20/332] download chapter_id=16008923 file=Chương 20 Giấc Mơ Về Một Nền Bóng Đá Chuyên Nghiệp.txt
  OK decrypted=True written=Chương 20 Giấc Mơ Về Một Nền Bóng Đá Chuyên Nghiệp.txt
[21/332] download chapter_id=16013162 file=Chương 21 Em Sẽ Giúp Anh Hoàn Thành Giấc Mơ.txt
  OK decrypted=True written=Chương 21 Em Sẽ Giúp Anh Hoàn Thành Giấc Mơ.txt
[22/332] download chapter_id=16017019 file=Chương 22 Cạnh Tranh.txt
  OK decrypted=True written=Chương 22 Cạnh Tranh.txt
[23/332] download chapter_id=16020733 file=Chương 23 Em Không Còn Là Đức Chân Gỗ.txt
  OK decrypted=True written=Chương 23 Em Không Còn Là Đức Chân Gỗ.txt
[24/332] download chapter_id=16024669 file=Chương 24 Ngoáy Cháo.txt
  OK decrypted=True written=Chương 24 Ngoáy Cháo.txt
[25/332] download chapter_id=16028260 file=Chương 25 Dẫn Trước.txt
  OK decrypted=True written=Chương 25 Dẫn Trước.txt
[26/332] download chapter_id=16031950 file=Chương 26 Adilson Borges Chịu Áp Lực Rồi.txt
  OK decrypted=True written=Chương 26 Adilson Borges Chịu Áp Lực Rồi.txt
[27/332] download chapter_id=16035478 file=Chương 27 Ép Cho Tiền Đạo Bom Tấn Trở Thành Bom Xịt.txt
  OK decrypted=True written=Chương 27 Ép Cho Tiền Đạo Bom Tấn Trở Thành Bom Xịt.txt
[28/332] download chapter_id=16039142 file=Chương 28 Vững Vàng Suất Đá Chính.txt
  OK decrypted=True written=Chương 28 Vững Vàng Suất Đá Chính.txt
[29/332] download chapter_id=16042745 file=Chương 29 Lên Đường Thi Đấu Giải V. League.txt
  OK decrypted=True written=Chương 29 Lên Đường Thi Đấu Giải V. League.txt
[30/332] download chapter_id=16044182 file=Chương 30 Đến Sân Vận Động Nha Trang.txt
  OK decrypted=True written=Chương 30 Đến Sân Vận Động Nha Trang.txt
[31/332] download chapter_id=16044915 file=Chương 31 Quyết Đấu Khánh Hòa.txt
  OK decrypted=True written=Chương 31 Quyết Đấu Khánh Hòa.txt
[32/332] download chapter_id=16047378 file=Chương 32 Cú Sút Lá Vàng Rơi Trên Sân Nha Trang.txt
  OK decrypted=True written=Chương 32 Cú Sút Lá Vàng Rơi Trên Sân Nha Trang.txt
[33/332] download chapter_id=16049464 file=Chương 33 Cú Poker.txt
  OK decrypted=True written=Chương 33 Cú Poker.txt
[34/332] download chapter_id=16052443 file=Chương 34 Đánh Bại Khánh Hòa.txt
  OK decrypted=True written=Chương 34 Đánh Bại Khánh Hòa.txt
[35/332] download chapter_id=16054406 file=Chương 35 Ăn Mừng.txt
  OK decrypted=True written=Chương 35 Ăn Mừng.txt
[36/332] download chapter_id=16057201 file=Chương 36 Tăng Cường Luyện Tập.txt
  OK decrypted=True written=Chương 36 Tăng Cường Luyện Tập.txt
[37/332] download chapter_id=16058555 file=Chương 37 Đoàn Chính Hưng.txt
  OK decrypted=True written=Chương 37 Đoàn Chính Hưng.txt
[38/332] download chapter_id=16061214 file=Chương 38 Tìm Người Truyền Lửa.txt
  OK decrypted=True written=Chương 38 Tìm Người Truyền Lửa.txt
[39/332] download chapter_id=16062884 file=Chương 39 Từ Chối Khéo.txt
  OK decrypted=True written=Chương 39 Từ Chối Khéo.txt
[40/332] download chapter_id=16065232 file=Chương 40 Vị Huấn Luyện Viên Gian Truân.txt
  OK decrypted=True written=Chương 40 Vị Huấn Luyện Viên Gian Truân.txt
[41/332] download chapter_id=16066859 file=Chương 41 Những Sự Quyết Đoán.txt
  OK decrypted=True written=Chương 41 Những Sự Quyết Đoán.txt
[42/332] download chapter_id=16069285 file=Chương 42 Cuộc Đàm Phán Lịch Sử.txt
  OK decrypted=True written=Chương 42 Cuộc Đàm Phán Lịch Sử.txt
[43/332] download chapter_id=16070950 file=Chương 43 Xin Chào Việt Nam.txt
  OK decrypted=True written=Chương 43 Xin Chào Việt Nam.txt
[44/332] download chapter_id=16077257 file=Chương 44 Món Quà.txt
  OK decrypted=True written=Chương 44 Món Quà.txt
[45/332] download chapter_id=16079179 file=Chương 45 9 0.txt
  OK decrypted=True written=Chương 45 9 0.txt
[46/332] download chapter_id=16082653 file=Chương 46 Những Mục Tiêu Của Huấn Luyện Viên Jeon Byung Hoon.txt
  OK decrypted=True written=Chương 46 Những Mục Tiêu Của Huấn Luyện Viên Jeon Byung Hoon.txt
[47/332] download chapter_id=16085602 file=Chương 47 Lần Đầu Gặp Mặt Jeon Byung Hoon.txt
  OK decrypted=True written=Chương 47 Lần Đầu Gặp Mặt Jeon Byung Hoon.txt
[48/332] download chapter_id=16087247 file=Chương 48 Lòng Kiên Định.txt
  OK decrypted=True written=Chương 48 Lòng Kiên Định.txt
[49/332] download chapter_id=16090267 file=Chương 49 Hiệu Ứng Của Chiến Thắng.txt
  OK decrypted=True written=Chương 49 Hiệu Ứng Của Chiến Thắng.txt
[50/332] download chapter_id=16091618 file=Chương 50 Buổi Tập Đầu Tiên Với Huấn Luyện Viên Mới.txt
  OK decrypted=True written=Chương 50 Buổi Tập Đầu Tiên Với Huấn Luyện Viên Mới.txt
[51/332] download chapter_id=16094392 file=Chương 51 Màn Ra Mắt.txt
  OK decrypted=True written=Chương 51 Màn Ra Mắt.txt
[52/332] download chapter_id=16096168 file=Chương 52 Long Tranh Hổ Đấu.txt
  OK decrypted=True written=Chương 52 Long Tranh Hổ Đấu.txt
[53/332] download chapter_id=16098967 file=Chương 53 Trận Chiến Xác Định Ngai Vương.txt
  OK decrypted=True written=Chương 53 Trận Chiến Xác Định Ngai Vương.txt
[54/332] download chapter_id=16100432 file=Chương 54 Vô Địch V. League.txt
  OK decrypted=True written=Chương 54 Vô Địch V. League.txt
[55/332] download chapter_id=16103274 file=Chương 55 Đến Trung Quốc.txt
  OK decrypted=True written=Chương 55 Đến Trung Quốc.txt
[56/332] download chapter_id=16105423 file=Chương 56 Tập Huấn Trong Giá Rét.txt
  OK decrypted=True written=Chương 56 Tập Huấn Trong Giá Rét.txt
[57/332] download chapter_id=16108109 file=Chương 57 Chiến Binh Sao Vàng Đấu Chiến Binh Thái Cực.txt
  OK decrypted=True written=Chương 57 Chiến Binh Sao Vàng Đấu Chiến Binh Thái Cực.txt
[58/332] download chapter_id=16110228 file=Chương 58 Hàn Quốc Tung Đòn Phủ Đầu.txt
  OK decrypted=True written=Chương 58 Hàn Quốc Tung Đòn Phủ Đầu.txt
[59/332] download chapter_id=16112582 file=Chương 59 Đua Tốc Độ.txt
  OK decrypted=True written=Chương 59 Đua Tốc Độ.txt
[60/332] download chapter_id=16114215 file=Chương 60 Ai Phủ Đầu Ai.txt
  OK decrypted=True written=Chương 60 Ai Phủ Đầu Ai.txt
[61/332] download chapter_id=16116737 file=Chương 61 Hai Cánh Không Thông.txt
  OK decrypted=True written=Chương 61 Hai Cánh Không Thông.txt
[62/332] download chapter_id=16119925 file=Chương 62 Xin Một Trái Nữa.txt
  OK decrypted=True written=Chương 62 Xin Một Trái Nữa.txt
[63/332] download chapter_id=16122617 file=Chương 63 Hàn Quốc Thay Đổi Chiến Thuật.txt
  OK decrypted=True written=Chương 63 Hàn Quốc Thay Đổi Chiến Thuật.txt
[64/332] download chapter_id=16123289 file=Chương 64 Cú Panenka Của Yoon Seung Won.txt
  OK decrypted=True written=Chương 64 Cú Panenka Của Yoon Seung Won.txt
[65/332] download chapter_id=16124047 file=Chương 65 Tiếng Gọi Của Đồng Bào.txt
  OK decrypted=True written=Chương 65 Tiếng Gọi Của Đồng Bào.txt
[66/332] download chapter_id=16126669 file=Chương 66 Hàn Quốc Rút Ngắn Tỷ Số.txt
  OK decrypted=True written=Chương 66 Hàn Quốc Rút Ngắn Tỷ Số.txt
[67/332] download chapter_id=16128583 file=Chương 67 Hàn Quốc Gỡ Hòa.txt
  OK decrypted=True written=Chương 67 Hàn Quốc Gỡ Hòa.txt
[68/332] download chapter_id=16131303 file=Chương 68 Cò Quay Nga Kết Liễu Hàn Quốc.txt
  OK decrypted=True written=Chương 68 Cò Quay Nga Kết Liễu Hàn Quốc.txt
[69/332] download chapter_id=16131934 file=Chương 69 Sự Tính Toán Sau Màn.txt
  OK decrypted=True written=Chương 69 Sự Tính Toán Sau Màn.txt
[70/332] download chapter_id=16132864 file=Chương 70 Cơn Địa Chấn Tại Côn Sơn.txt
  OK decrypted=True written=Chương 70 Cơn Địa Chấn Tại Côn Sơn.txt
[71/332] download chapter_id=16135583 file=Chương 71 Chúc Mừng Sinh Nhật Kiểu Cầu Thủ.txt
  OK decrypted=True written=Chương 71 Chúc Mừng Sinh Nhật Kiểu Cầu Thủ.txt
[72/332] download chapter_id=16135911 file=Chương 72 Đụng Độ Australia.txt
  OK decrypted=True written=Chương 72 Đụng Độ Australia.txt
[73/332] download chapter_id=16137283 file=Chương 73 Sao Vàng Chiến Chuột Túi.txt
  OK decrypted=True written=Chương 73 Sao Vàng Chiến Chuột Túi.txt
[74/332] download chapter_id=16139134 file=Chương 74 Tìm Lại Bản Ngã.txt
  OK decrypted=True written=Chương 74 Tìm Lại Bản Ngã.txt
[75/332] download chapter_id=16140925 file=Chương 75 Kiên Cường Phòng Thủ.txt
  OK decrypted=True written=Chương 75 Kiên Cường Phòng Thủ.txt
[76/332] download chapter_id=16143811 file=Chương 76 Sự Linh Hoạt Của Cầu Thủ Việt Nam.txt
  OK decrypted=True written=Chương 76 Sự Linh Hoạt Của Cầu Thủ Việt Nam.txt
[77/332] download chapter_id=16146028 file=Chương 77 Phạt Góc.txt
  OK decrypted=True written=Chương 77 Phạt Góc.txt
[78/332] download chapter_id=16148527 file=Chương 78 Xiên Chuột Túi Trái Thứ Hai.txt
  OK decrypted=True written=Chương 78 Xiên Chuột Túi Trái Thứ Hai.txt
[79/332] download chapter_id=16150336 file=Chương 79 Sức Ép Từ Socceroos.txt
  OK decrypted=True written=Chương 79 Sức Ép Từ Socceroos.txt
[80/332] download chapter_id=16152466 file=Chương 80 Hai Phe Đấu Chiến Thuật.txt
  OK decrypted=True written=Chương 80 Hai Phe Đấu Chiến Thuật.txt
[81/332] download chapter_id=16153797 file=Chương 81 Làm Gỏi Bầy Chuột Túi.txt
  OK decrypted=True written=Chương 81 Làm Gỏi Bầy Chuột Túi.txt
[82/332] download chapter_id=16155669 file=Chương 82 Thắng Rồi.txt
  OK decrypted=True written=Chương 82 Thắng Rồi.txt
[83/332] download chapter_id=16157695 file=Chương 83 Lan Truyền.txt
  OK decrypted=True written=Chương 83 Lan Truyền.txt
[84/332] download chapter_id=16160224 file=Chương 84 Nguyện Vọng Gieo Ước Mơ Bóng Đá.txt
  OK decrypted=True written=Chương 84 Nguyện Vọng Gieo Ước Mơ Bóng Đá.txt
[85/332] download chapter_id=16162740 file=Chương 85 Trận Chiến Với Đại Bàng Qasioun.txt
  OK decrypted=True written=Chương 85 Trận Chiến Với Đại Bàng Qasioun.txt
[86/332] download chapter_id=16165069 file=Chương 86 U 23 Việt Nam Bay Vào Tứ Kết.txt
  OK decrypted=True written=Chương 86 U 23 Việt Nam Bay Vào Tứ Kết.txt
[87/332] download chapter_id=16166674 file=Chương 87 Nghỉ Chơi Games Một Hôm.txt
  OK decrypted=True written=Chương 87 Nghỉ Chơi Games Một Hôm.txt
[88/332] download chapter_id=16168275 file=Chương 88 Cuộc Họp Bất Thường Của Ban Huấn Luyện Malaysia.txt
  OK decrypted=True written=Chương 88 Cuộc Họp Bất Thường Của Ban Huấn Luyện Malaysia.txt
[89/332] download chapter_id=16169885 file=Chương 89 Sự Âm Hiểm.txt
  OK decrypted=True written=Chương 89 Sự Âm Hiểm.txt
[90/332] download chapter_id=16172781 file=Chương 90 Làn Sóng Chỉ Trích.txt
  OK decrypted=True written=Chương 90 Làn Sóng Chỉ Trích.txt
[91/332] download chapter_id=16175077 file=Chương 91 Những Kẻ Không Nhà.txt
  OK decrypted=True written=Chương 91 Những Kẻ Không Nhà.txt
[92/332] download chapter_id=16177861 file=Chương 92 Tội Đồ.txt
  OK decrypted=True written=Chương 92 Tội Đồ.txt
[93/332] download chapter_id=16179792 file=Chương 93 Đoàn Văn Cường Chấn Thương.txt
  OK decrypted=True written=Chương 93 Đoàn Văn Cường Chấn Thương.txt
[94/332] download chapter_id=16182299 file=Chương 94 Chiến Binh Sao Vàng Đấu Hổ Mã Lai.txt
  OK decrypted=True written=Chương 94 Chiến Binh Sao Vàng Đấu Hổ Mã Lai.txt
[95/332] download chapter_id=16184040 file=Chương 95 Mã Lai Tụi Bay Nghe Đây Bàn Thắng Này Chính Là Đòn Phủ Đầu.txt
  OK decrypted=True written=Chương 95 Mã Lai Tụi Bay Nghe Đây Bàn Thắng Này Chính Là Đòn Phủ Đầu.txt
[96/332] download chapter_id=16187836 file=Chương 96 Phạm Xuân Việt Như Một Cánh Tay Sắt.txt
  OK decrypted=True written=Chương 96 Phạm Xuân Việt Như Một Cánh Tay Sắt.txt
[97/332] download chapter_id=16190794 file=Chương 97 Sáu Phút Ghi Hai Trái.txt
  OK decrypted=True written=Chương 97 Sáu Phút Ghi Hai Trái.txt
[98/332] download chapter_id=16192770 file=Chương 98 Ai Mới Là Kẻ Đá Bóng Bạo Lực.txt
  OK decrypted=True written=Chương 98 Ai Mới Là Kẻ Đá Bóng Bạo Lực.txt
[99/332] download chapter_id=16195528 file=Chương 99 Dĩ Độc Trị Độc.txt
  OK decrypted=True written=Chương 99 Dĩ Độc Trị Độc.txt
[100/332] download chapter_id=16196932 file=Chương 100 Ép Sân Toàn Diện.txt
  OK decrypted=True written=Chương 100 Ép Sân Toàn Diện.txt
[101/332] download chapter_id=16197469 file=Chương 101 Hủy Diệt Malaysia.txt
  OK decrypted=True written=Chương 101 Hủy Diệt Malaysia.txt
[102/332] download chapter_id=16199634 file=Chương 102 Cơn Mưa Tiền Thưởng.txt
  OK decrypted=True written=Chương 102 Cơn Mưa Tiền Thưởng.txt
[103/332] download chapter_id=16201314 file=Chương 103 Nghỉ Ngơi Dưỡng Thương.txt
  OK decrypted=True written=Chương 103 Nghỉ Ngơi Dưỡng Thương.txt
[104/332] download chapter_id=16201356 file=Chương 104 Trước Trận Bán Kết.txt
  OK decrypted=True written=Chương 104 Trước Trận Bán Kết.txt
[105/332] download chapter_id=16201635 file=Chương 105 Chiến Binh Sao Vàng Đấu Sói Trắng.txt
  OK decrypted=True written=Chương 105 Chiến Binh Sao Vàng Đấu Sói Trắng.txt
[106/332] download chapter_id=16203221 file=Chương 106 Lần Đầu Bị Dẫn Trước.txt
  OK decrypted=True written=Chương 106 Lần Đầu Bị Dẫn Trước.txt
[107/332] download chapter_id=16203474 file=Chương 107 Cú Sút Lá Vàng Rơi Trên Sân Côn Sơn.txt
  OK decrypted=True written=Chương 107 Cú Sút Lá Vàng Rơi Trên Sân Côn Sơn.txt
[108/332] download chapter_id=16203948 file=Chương 108 Zabikhillo Urinboev Và Nguyễn Hoàng Đức Giao Phong Khí Thế.txt
  OK decrypted=True written=Chương 108 Zabikhillo Urinboev Và Nguyễn Hoàng Đức Giao Phong Khí Thế.txt
[109/332] download chapter_id=16204330 file=Chương 109 Uzbekistan Lại Chọc Khe.txt
  OK decrypted=True written=Chương 109 Uzbekistan Lại Chọc Khe.txt
[110/332] download chapter_id=16205083 file=Chương 110 Quyết Chiến.txt
  OK decrypted=True written=Chương 110 Quyết Chiến.txt
[111/332] download chapter_id=16205086 file=Chương 111 Hai Cú Nã Pháo.txt
  OK decrypted=True written=Chương 111 Hai Cú Nã Pháo.txt
[112/332] download chapter_id=16205158 file=Chương 112 Bay Vào Chung Kết.txt
  OK decrypted=True written=Chương 112 Bay Vào Chung Kết.txt
[113/332] download chapter_id=16205224 file=Chương 113 Thường Châu Tuyết Trắng.txt
  OK decrypted=True written=Chương 113 Thường Châu Tuyết Trắng.txt
[114/332] download chapter_id=16205378 file=Chương 114 Bộ Ba Nguyên Tử Của Qatar.txt
  OK decrypted=True written=Chương 114 Bộ Ba Nguyên Tử Của Qatar.txt
[115/332] download chapter_id=16205529 file=Chương 115 Việt Nam Ơi.txt
  OK decrypted=True written=Chương 115 Việt Nam Ơi.txt
[116/332] download chapter_id=16205597 file=Chương 116 Tuyệt Đối Đừng Bao Giờ Cúi Đầu.txt
  OK decrypted=True written=Chương 116 Tuyệt Đối Đừng Bao Giờ Cúi Đầu.txt
[117/332] download chapter_id=16205650 file=Chương 117 Trận Chung Kết U 23 Châu Á Bắt Đầu.txt
  OK decrypted=True written=Chương 117 Trận Chung Kết U 23 Châu Á Bắt Đầu.txt
[118/332] download chapter_id=16205823 file=Chương 118 Qatar Mở Tỷ Số.txt
  OK decrypted=True written=Chương 118 Qatar Mở Tỷ Số.txt
[119/332] download chapter_id=16205871 file=Chương 119 Ngã Trước Vòng Cấm Địa.txt
  OK decrypted=True written=Chương 119 Ngã Trước Vòng Cấm Địa.txt
[120/332] download chapter_id=16206063 file=Chương 120 Cú Sút Cầu Vồng Tuyết.txt
  OK decrypted=True written=Chương 120 Cú Sút Cầu Vồng Tuyết.txt
[121/332] download chapter_id=16206149 file=Chương 121 Rượt Đuổi Tỷ Số.txt
  OK decrypted=True written=Chương 121 Rượt Đuổi Tỷ Số.txt
[122/332] download chapter_id=16206643 file=Chương 122 Tình Thế Tuyệt Vọng.txt
  OK decrypted=True written=Chương 122 Tình Thế Tuyệt Vọng.txt
[123/332] download chapter_id=16206706 file=Chương 123 Nguyễn Hoàng Đức Giương Oai.txt
  OK decrypted=True written=Chương 123 Nguyễn Hoàng Đức Giương Oai.txt
[124/332] download chapter_id=16206733 file=Chương 124 Repoker Repoker Repoker.txt
  OK decrypted=True written=Chương 124 Repoker Repoker Repoker.txt
[125/332] download chapter_id=16206924 file=Chương 125 Vinh Quang Việt Nam.txt
  OK decrypted=True written=Chương 125 Vinh Quang Việt Nam.txt
[126/332] download chapter_id=16207031 file=Chương 126 Càn Quét Giải Thưởng Trong Lễ Trao Giải U 23 Châu Á.txt
  OK decrypted=True written=Chương 126 Càn Quét Giải Thưởng Trong Lễ Trao Giải U 23 Châu Á.txt
[127/332] download chapter_id=16207230 file=Chương 127 Mỹ Nhân Như Tiên Nữ.txt
  OK decrypted=True written=Chương 127 Mỹ Nhân Như Tiên Nữ.txt
[128/332] download chapter_id=16207360 file=Chương 128 Từ Chối.txt
  OK decrypted=True written=Chương 128 Từ Chối.txt
[129/332] download chapter_id=16207698 file=Chương 129 Bởi Vì Cháu Là Người Việt Nam Mà.txt
  OK decrypted=True written=Chương 129 Bởi Vì Cháu Là Người Việt Nam Mà.txt
[130/332] download chapter_id=16208985 file=Chương 130 Về Nước Trong Biển Người.txt
  OK decrypted=True written=Chương 130 Về Nước Trong Biển Người.txt
[131/332] download chapter_id=16211103 file=Chương 131 Qua Châu Âu.txt
  OK decrypted=True written=Chương 131 Qua Châu Âu.txt
[132/332] download chapter_id=16212323 file=Chương 132 Chễm Chệ Vị Trí Trung Phong.txt
  OK decrypted=True written=Chương 132 Chễm Chệ Vị Trí Trung Phong.txt
[133/332] download chapter_id=16214570 file=Chương 133 Chelsea Đấu Manchester United.txt
  OK decrypted=True written=Chương 133 Chelsea Đấu Manchester United.txt
[134/332] download chapter_id=16216159 file=Chương 134 Cú Sút Đầu Tiên Tại Trời Âu.txt
  OK decrypted=True written=Chương 134 Cú Sút Đầu Tiên Tại Trời Âu.txt
[135/332] download chapter_id=16218641 file=Chương 135 Quỷ Đỏ Giương Móng Vuốt.txt
  OK decrypted=True written=Chương 135 Quỷ Đỏ Giương Móng Vuốt.txt
[136/332] download chapter_id=16220442 file=Chương 136 Ghi Bàn Thắng Đầu Tiên Tại Old Trafford.txt
  OK decrypted=True written=Chương 136 Ghi Bàn Thắng Đầu Tiên Tại Old Trafford.txt
[137/332] download chapter_id=16222541 file=Chương 137 Trên Làm Dưới Phá.txt
  OK decrypted=True written=Chương 137 Trên Làm Dưới Phá.txt
[138/332] download chapter_id=16224673 file=Chương 138 Hòa.txt
  OK decrypted=True written=Chương 138 Hòa.txt
[139/332] download chapter_id=16226965 file=Chương 139 Nổi Tiếng Ở Trời Âu.txt
  OK decrypted=True written=Chương 139 Nổi Tiếng Ở Trời Âu.txt
[140/332] download chapter_id=16227421 file=Chương 140 Quê Nhà Nức Tiếng.txt
  OK decrypted=True written=Chương 140 Quê Nhà Nức Tiếng.txt
[141/332] download chapter_id=16228884 file=Chương 141 Nguyễn Hoàng Đức Đá Siêu Cup Châu Âu.txt
  OK decrypted=True written=Chương 141 Nguyễn Hoàng Đức Đá Siêu Cup Châu Âu.txt
[142/332] download chapter_id=16231501 file=Chương 142 The Blues VS The Reds.txt
  OK decrypted=True written=Chương 142 The Blues VS The Reds.txt
[143/332] download chapter_id=16233052 file=Chương 143 Xoay Compa Và Dứt Điểm.txt
  OK decrypted=True written=Chương 143 Xoay Compa Và Dứt Điểm.txt
[144/332] download chapter_id=16236094 file=Chương 144 Cú Sút Ngả Bàn Đèn.txt
  OK decrypted=True written=Chương 144 Cú Sút Ngả Bàn Đèn.txt
[145/332] download chapter_id=16238021 file=Chương 145 Sự Trỗi Dậy Của Lữ Đoàn Đỏ.txt
  OK decrypted=True written=Chương 145 Sự Trỗi Dậy Của Lữ Đoàn Đỏ.txt
[146/332] download chapter_id=16241252 file=Chương 146 Thánh Nhân Xoay Compa.txt
  OK decrypted=True written=Chương 146 Thánh Nhân Xoay Compa.txt
[147/332] download chapter_id=16243124 file=Chương 147 Nâng Cao Siêu Cup Châu Âu.txt
  OK decrypted=True written=Chương 147 Nâng Cao Siêu Cup Châu Âu.txt
[148/332] download chapter_id=16245726 file=Chương 148 Nguyễn Tuấn Dũng.txt
  OK decrypted=True written=Chương 148 Nguyễn Tuấn Dũng.txt
[149/332] download chapter_id=16247310 file=Chương 149 Đánh Bại Bầy Cáo.txt
  OK decrypted=True written=Chương 149 Đánh Bại Bầy Cáo.txt
[150/332] download chapter_id=16249766 file=Chương 150 Đả Norwich Thắng Sheffield.txt
  OK decrypted=True written=Chương 150 Đả Norwich Thắng Sheffield.txt
[151/332] download chapter_id=16251072 file=Chương 151 Đồng Đội Đoàn Tụ.txt
  OK decrypted=True written=Chương 151 Đồng Đội Đoàn Tụ.txt
[152/332] download chapter_id=16253408 file=Chương 152 Đặng Văn Hải.txt
  OK decrypted=True written=Chương 152 Đặng Văn Hải.txt
[153/332] download chapter_id=16256095 file=Chương 153 Bài Tập Vỗ Mông.txt
  OK decrypted=True written=Chương 153 Bài Tập Vỗ Mông.txt
[154/332] download chapter_id=16258240 file=Chương 154 Đến Thái Lan.txt
  OK decrypted=True written=Chương 154 Đến Thái Lan.txt
[155/332] download chapter_id=16259697 file=Chương 155 Phủ Đầu Ở Giây Thứ 17.txt
  OK decrypted=True written=Chương 155 Phủ Đầu Ở Giây Thứ 17.txt
[156/332] download chapter_id=16260666 file=Chương 156 Cái Sự “Văn Minh” Của Cầu Thủ Thái Lan Được Bộc Lộ.txt
  OK decrypted=True written=Chương 156 Cái Sự “Văn Minh” Của Cầu Thủ Thái Lan Được Bộc Lộ.txt
[157/332] download chapter_id=16261542 file=Chương 157 Cổ Động Viên Thái Lan Hô Vang Việt Nam.txt
  OK decrypted=True written=Chương 157 Cổ Động Viên Thái Lan Hô Vang Việt Nam.txt
[158/332] download chapter_id=16263254 file=Chương 158 Phát Triển Dần Căn Cơ Bóng Đá.txt
  OK decrypted=True written=Chương 158 Phát Triển Dần Căn Cơ Bóng Đá.txt
[159/332] download chapter_id=16265532 file=Chương 159 Sự Trở Lại Của Antonio Rüdiger.txt
  OK decrypted=True written=Chương 159 Sự Trở Lại Của Antonio Rüdiger.txt
[160/332] download chapter_id=16267966 file=Chương 160 Nguyễn Hoàng Đức Thi Đấu Champions League.txt
  OK decrypted=True written=Chương 160 Nguyễn Hoàng Đức Thi Đấu Champions League.txt
[161/332] download chapter_id=16269422 file=Chương 161 Quăng Lưới Bầy Dơi.txt
  OK decrypted=True written=Chương 161 Quăng Lưới Bầy Dơi.txt
[162/332] download chapter_id=16270463 file=Chương 162 Tái Ngộ Liverpool Tại Premier League.txt
  OK decrypted=True written=Chương 162 Tái Ngộ Liverpool Tại Premier League.txt
[163/332] download chapter_id=16271909 file=Chương 163 Bị Liverpool Dẫn Trước.txt
  OK decrypted=True written=Chương 163 Bị Liverpool Dẫn Trước.txt
[164/332] download chapter_id=16274153 file=Chương 164 Khó.txt
  OK decrypted=True written=Chương 164 Khó.txt
[165/332] download chapter_id=16275699 file=Chương 165 Một Chữ Là Khó Hai Chữ Chính Là Quá Khó.txt
  OK decrypted=True written=Chương 165 Một Chữ Là Khó Hai Chữ Chính Là Quá Khó.txt
[166/332] download chapter_id=16278269 file=Chương 166 Chia Điểm.txt
  OK decrypted=True written=Chương 166 Chia Điểm.txt
[167/332] download chapter_id=16279894 file=Chương 167 Đội Hình Hai Xuất Trận.txt
  OK decrypted=True written=Chương 167 Đội Hình Hai Xuất Trận.txt
[168/332] download chapter_id=16282063 file=Chương 168 Lần Đầu Tiên Chelsea Giữ Sạch Lưới.txt
  OK decrypted=True written=Chương 168 Lần Đầu Tiên Chelsea Giữ Sạch Lưới.txt
[169/332] download chapter_id=16283008 file=Chương 169 Kết Thúc Tháng 9 Với Vị Trí Thứ Hai.txt
  OK decrypted=True written=Chương 169 Kết Thúc Tháng 9 Với Vị Trí Thứ Hai.txt
[170/332] download chapter_id=16285718 file=Chương 170 Chiến Lille.txt
  OK decrypted=True written=Chương 170 Chiến Lille.txt
[171/332] download chapter_id=16287054 file=Chương 171 Nghiền Nát Southampton.txt
  OK decrypted=True written=Chương 171 Nghiền Nát Southampton.txt
[172/332] download chapter_id=16289520 file=Chương 172 Đón Tiếp Malaysia Tại Chảo Lửa Mỹ Đình.txt
  OK decrypted=True written=Chương 172 Đón Tiếp Malaysia Tại Chảo Lửa Mỹ Đình.txt
[173/332] download chapter_id=16290798 file=Chương 173 Nhẹ Nhàng Thôi.txt
  OK decrypted=True written=Chương 173 Nhẹ Nhàng Thôi.txt
[174/332] download chapter_id=16292731 file=Chương 174 Tới Indonesia.txt
  OK decrypted=True written=Chương 174 Tới Indonesia.txt
[175/332] download chapter_id=16294550 file=Chương 175 Bắn Rụng Kim Sí Điểu.txt
  RETRYABLE_FAIL attempt=1 chapter_id=16294550: unable to decode iv
  OK decrypted=True retry=2 written=Chương 175 Bắn Rụng Kim Sí Điểu.txt
[176/332] download chapter_id=16296420 file=Chương 176 Tỉa Lông Những Chú Chim Chích Chòe.txt
  OK decrypted=True written=Chương 176 Tỉa Lông Những Chú Chim Chích Chòe.txt
[177/332] download chapter_id=16297828 file=Chương 177 Lần Đầu Tiên Nhất Bảng.txt
  OK decrypted=True written=Chương 177 Lần Đầu Tiên Nhất Bảng.txt
[178/332] download chapter_id=16300734 file=Chương 178 Bị Ajax Áp Đảo.txt
  OK decrypted=True written=Chương 178 Bị Ajax Áp Đảo.txt
[179/332] download chapter_id=16302666 file=Chương 179 Thắng Sát Nút.txt
  OK decrypted=True written=Chương 179 Thắng Sát Nút.txt
[180/332] download chapter_id=16307595 file=Chương 180 Ngồi Dự Bị Khi Tái Ngộ Manchester United Tại Cup EFL.txt
  OK decrypted=True written=Chương 180 Ngồi Dự Bị Khi Tái Ngộ Manchester United Tại Cup EFL.txt
[181/332] download chapter_id=16311865 file=Chương 181 Nguyễn Hoàng Đức Giúp Chelsea Thắng Lợi Từ Ghế Dự Bị.txt
  OK decrypted=True written=Chương 181 Nguyễn Hoàng Đức Giúp Chelsea Thắng Lợi Từ Ghế Dự Bị.txt
[182/332] download chapter_id=16316967 file=Chương 182 45 Phút Đầu Kỳ Lạ.txt
  OK decrypted=True written=Chương 182 45 Phút Đầu Kỳ Lạ.txt
[183/332] download chapter_id=16321719 file=Chương 183 Trận Thắng Điên Rồ.txt
  OK decrypted=True written=Chương 183 Trận Thắng Điên Rồ.txt
[184/332] download chapter_id=16326858 file=Chương 184 Tiếp Đón UAE.txt
  OK decrypted=True written=Chương 184 Tiếp Đón UAE.txt
[185/332] download chapter_id=16332045 file=Chương 185 Đánh Bại UAE.txt
  OK decrypted=True written=Chương 185 Đánh Bại UAE.txt
[186/332] download chapter_id=16336279 file=Chương 186 Đụng Độ Manchester City.txt
  OK decrypted=True written=Chương 186 Đụng Độ Manchester City.txt
[187/332] download chapter_id=16340400 file=Chương 187 Tranh Đấu The Citizens.txt
  OK decrypted=True written=Chương 187 Tranh Đấu The Citizens.txt
[188/332] download chapter_id=16346209 file=Chương 188 Thắng Tối Thiểu.txt
  OK decrypted=True written=Chương 188 Thắng Tối Thiểu.txt
[189/332] download chapter_id=16351099 file=Chương 189 Chiến Valencia Đấu West Ham United.txt
  OK decrypted=True written=Chương 189 Chiến Valencia Đấu West Ham United.txt
[190/332] download chapter_id=16353295 file=Chương 190 Cầu Thủ Xuất Sắc Nhất Tháng 11.txt
  OK decrypted=True written=Chương 190 Cầu Thủ Xuất Sắc Nhất Tháng 11.txt
[191/332] download chapter_id=16355061 file=Chương 191 Suýt Thua Đội Cầm Đèn Đỏ.txt
  OK decrypted=True written=Chương 191 Suýt Thua Đội Cầm Đèn Đỏ.txt
[192/332] download chapter_id=16359491 file=Chương 192 Hành Quân Đến Sân Vận Động Tottenham Hotspurs.txt
  OK decrypted=True written=Chương 192 Hành Quân Đến Sân Vận Động Tottenham Hotspurs.txt
[193/332] download chapter_id=16365207 file=Chương 193 Bậc Thầy Chiến Thuật Frank Lampard.txt
  OK decrypted=True written=Chương 193 Bậc Thầy Chiến Thuật Frank Lampard.txt
[194/332] download chapter_id=16369480 file=Chương 194 Thi Đấu Mùa Giáng Sinh.txt
  OK decrypted=True written=Chương 194 Thi Đấu Mùa Giáng Sinh.txt
[195/332] download chapter_id=16373392 file=Chương 195 Cuối Năm Gặp Pháo Thủ.txt
  OK decrypted=True written=Chương 195 Cuối Năm Gặp Pháo Thủ.txt
[196/332] download chapter_id=16377438 file=Chương 196 Giành Lại Thế Trận Trong Gian Khổ.txt
  OK decrypted=True written=Chương 196 Giành Lại Thế Trận Trong Gian Khổ.txt
[197/332] download chapter_id=16381930 file=Chương 197 Phá Tan Dàn Pháo Thủ.txt
  OK decrypted=True written=Chương 197 Phá Tan Dàn Pháo Thủ.txt
[198/332] download chapter_id=16386029 file=Chương 198 Vượt Qua Bán Kết EFL Cup.txt
  OK decrypted=True written=Chương 198 Vượt Qua Bán Kết EFL Cup.txt
[199/332] download chapter_id=16389804 file=Chương 199 Kỳ Nghỉ Đông.txt
  OK decrypted=True written=Chương 199 Kỳ Nghỉ Đông.txt
[200/332] download chapter_id=16394104 file=Chương 200 Ra Giêng Anh Cưới Em.txt
  OK decrypted=True written=Chương 200 Ra Giêng Anh Cưới Em.txt
[201/332] download chapter_id=16397710 file=Chương 201 Tụ Tập Với Anh Em.txt
  OK decrypted=True written=Chương 201 Tụ Tập Với Anh Em.txt
[202/332] download chapter_id=16401910 file=Chương 202 Đến Nhà Huấn Luyện Viên Jeon Byung Hoon.txt
  OK decrypted=True written=Chương 202 Đến Nhà Huấn Luyện Viên Jeon Byung Hoon.txt
[203/332] download chapter_id=16405237 file=Chương 203 Đám Cưới.txt
  OK decrypted=True written=Chương 203 Đám Cưới.txt
[204/332] download chapter_id=16410457 file=Chương 204 Toàn Khách VIP.txt
  OK decrypted=True written=Chương 204 Toàn Khách VIP.txt
[205/332] download chapter_id=16414609 file=Chương 205 Mua Nhà Ở Luân Đôn.txt
  OK decrypted=True written=Chương 205 Mua Nhà Ở Luân Đôn.txt
[206/332] download chapter_id=16421149 file=Chương 206 Chiến Bầy Quỷ Đỏ Tại Lượt Về Premier League.txt
  OK decrypted=True written=Chương 206 Chiến Bầy Quỷ Đỏ Tại Lượt Về Premier League.txt
[207/332] download chapter_id=16426306 file=Chương 207 Ép Sân Manchester United.txt
  OK decrypted=True written=Chương 207 Ép Sân Manchester United.txt
[208/332] download chapter_id=16431149 file=Chương 208 VAR Kiểu Gì Vậy.txt
  OK decrypted=True written=Chương 208 VAR Kiểu Gì Vậy.txt
[209/332] download chapter_id=16435163 file=Chương 209 Lại Bị Manchester United Mở Tỷ Số.txt
  OK decrypted=True written=Chương 209 Lại Bị Manchester United Mở Tỷ Số.txt
[210/332] download chapter_id=16441064 file=Chương 210 Sự Kiện Hat Trick VAR.txt
  OK decrypted=True written=Chương 210 Sự Kiện Hat Trick VAR.txt
[211/332] download chapter_id=16445624 file=Chương 211 Gỡ Hòa Kịch Tính.txt
  OK decrypted=True written=Chương 211 Gỡ Hòa Kịch Tính.txt
[212/332] download chapter_id=16451135 file=Chương 212 Liverpool Kéo Giãn Khoảng Cách.txt
  OK decrypted=True written=Chương 212 Liverpool Kéo Giãn Khoảng Cách.txt
[213/332] download chapter_id=16455565 file=Chương 213 Chuẩn Bị Đương Đầu Với Barcelona.txt
  OK decrypted=True written=Chương 213 Chuẩn Bị Đương Đầu Với Barcelona.txt
[214/332] download chapter_id=16459979 file=Chương 214 Áp Lực Đến Từ Bọ Chét Nguyên Tử Lionel Messi.txt
  OK decrypted=True written=Chương 214 Áp Lực Đến Từ Bọ Chét Nguyên Tử Lionel Messi.txt
[215/332] download chapter_id=16464754 file=Chương 215 Barcelona Đè Ép Chelsea.txt
  OK decrypted=True written=Chương 215 Barcelona Đè Ép Chelsea.txt
[216/332] download chapter_id=16468994 file=Chương 216 Nguyễn Hoàng Đức Mở Tỷ Số Trước Barcelona.txt
  OK decrypted=True written=Chương 216 Nguyễn Hoàng Đức Mở Tỷ Số Trước Barcelona.txt
[217/332] download chapter_id=16473839 file=Chương 217 Bại Trận.txt
  OK decrypted=True written=Chương 217 Bại Trận.txt
[218/332] download chapter_id=16477265 file=Chương 218 Hướng Về Phía Trước.txt
  OK decrypted=True written=Chương 218 Hướng Về Phía Trước.txt
[219/332] download chapter_id=16481247 file=Chương 219 Liverpool Sảy Chân Chelsea Hát Vang Tiến Bước.txt
  OK decrypted=True written=Chương 219 Liverpool Sảy Chân Chelsea Hát Vang Tiến Bước.txt
[220/332] download chapter_id=16485756 file=Chương 220 Giáng Đòn Trừng Phạt.txt
  OK decrypted=True written=Chương 220 Giáng Đòn Trừng Phạt.txt
[221/332] download chapter_id=16489742 file=Chương 221 Hủy Diệt Aston Villa.txt
  OK decrypted=True written=Chương 221 Hủy Diệt Aston Villa.txt
[222/332] download chapter_id=16493335 file=Chương 222 Chiến Liverpool Tại Cúp FA.txt
  OK decrypted=True written=Chương 222 Chiến Liverpool Tại Cúp FA.txt
[223/332] download chapter_id=16496876 file=Chương 223 Chelsea Thắng Giòn Giã Tại Premier League.txt
  OK decrypted=True written=Chương 223 Chelsea Thắng Giòn Giã Tại Premier League.txt
[224/332] download chapter_id=16500778 file=Chương 224 Đá Lượt Về Vòng Loại Thứ 2 World Cup.txt
  OK decrypted=True written=Chương 224 Đá Lượt Về Vòng Loại Thứ 2 World Cup.txt
[225/332] download chapter_id=16505196 file=Chương 225 Đá Trận Lượt Về Với Barcelona.txt
  OK decrypted=True written=Chương 225 Đá Trận Lượt Về Với Barcelona.txt
[226/332] download chapter_id=16508914 file=Chương 226 Căng Thẳng.txt
  OK decrypted=True written=Chương 226 Căng Thẳng.txt
[227/332] download chapter_id=16512803 file=Chương 227 Chelsea Thăng Hoa.txt
  OK decrypted=True written=Chương 227 Chelsea Thăng Hoa.txt
[228/332] download chapter_id=16517789 file=Chương 228 Vào Tứ Kết Champions League.txt
  OK decrypted=True written=Chương 228 Vào Tứ Kết Champions League.txt
[229/332] download chapter_id=16521840 file=Chương 229 Liverpool Đại Bại Chelsea Ăn Mừng.txt
  OK decrypted=True written=Chương 229 Liverpool Đại Bại Chelsea Ăn Mừng.txt
[230/332] download chapter_id=16526566 file=Chương 230 Vượt Qua Bán Kết Cúp FA.txt
  OK decrypted=True written=Chương 230 Vượt Qua Bán Kết Cúp FA.txt
[231/332] download chapter_id=16529392 file=Chương 231 Thắng Paris Saint Germain.txt
  OK decrypted=True written=Chương 231 Thắng Paris Saint Germain.txt
[232/332] download chapter_id=16534844 file=Chương 232 Thoát Thua Trước Sheffield United.txt
  OK decrypted=True written=Chương 232 Thoát Thua Trước Sheffield United.txt
[233/332] download chapter_id=16537485 file=Chương 233 Đá Lượt Đi Với RB Leipzig.txt
  OK decrypted=True written=Chương 233 Đá Lượt Đi Với RB Leipzig.txt
[234/332] download chapter_id=16537487 file=Chương 234 Thành Công Lọt Vào Chung Kết Champions League.txt
  OK decrypted=True written=Chương 234 Thành Công Lọt Vào Chung Kết Champions League.txt
[235/332] download chapter_id=16548926 file=Chương 235 Trước Ngày Đại Chiến Premier League.txt
  OK decrypted=True written=Chương 235 Trước Ngày Đại Chiến Premier League.txt
[236/332] download chapter_id=16552936 file=Chương 236 Đại Chiến Liverpool.txt
  OK decrypted=True written=Chương 236 Đại Chiến Liverpool.txt
[237/332] download chapter_id=16556808 file=Chương 237 Đôi Công.txt
  OK decrypted=True written=Chương 237 Đôi Công.txt
[238/332] download chapter_id=16560917 file=Chương 238 Cơn Mưa Bàn Thắng.txt
  OK decrypted=True written=Chương 238 Cơn Mưa Bàn Thắng.txt
[239/332] download chapter_id=16564744 file=Chương 239 Captain America Bùng Nổ.txt
  OK decrypted=True written=Chương 239 Captain America Bùng Nổ.txt
[240/332] download chapter_id=16567814 file=Chương 240 Hãy Gọi Tên Nguyễn Hoàng Đức Đi.txt
  OK decrypted=True written=Chương 240 Hãy Gọi Tên Nguyễn Hoàng Đức Đi.txt
[241/332] download chapter_id=16572541 file=Chương 241 Vô Địch Premier League.txt
  OK decrypted=True written=Chương 241 Vô Địch Premier League.txt
[242/332] download chapter_id=16578361 file=Chương 242 Chiếc Giày Vàng Châu Âu.txt
  OK decrypted=True written=Chương 242 Chiếc Giày Vàng Châu Âu.txt
[243/332] download chapter_id=16582628 file=Chương 243 Cú Ăn Bốn.txt
  OK decrypted=True written=Chương 243 Cú Ăn Bốn.txt
[244/332] download chapter_id=16587680 file=Chương 244 Trận Chung Kết Champions League.txt
  OK decrypted=True written=Chương 244 Trận Chung Kết Champions League.txt
[245/332] download chapter_id=16591333 file=Chương 245 High Pressing Chiến High Pressing.txt
  OK decrypted=True written=Chương 245 High Pressing Chiến High Pressing.txt
[246/332] download chapter_id=16595430 file=Chương 246 Tinh Thần Của Người Đức.txt
  OK decrypted=True written=Chương 246 Tinh Thần Của Người Đức.txt
[247/332] download chapter_id=16600526 file=Chương 247 Bayern Munich Ghi Bàn.txt
  OK decrypted=True written=Chương 247 Bayern Munich Ghi Bàn.txt
[248/332] download chapter_id=16604715 file=Chương 248 Gỡ Hòa Trong Gian Khổ.txt
  OK decrypted=True written=Chương 248 Gỡ Hòa Trong Gian Khổ.txt
[249/332] download chapter_id=16608967 file=Chương 249 Bẻ Nanh Hùm Xám.txt
  OK decrypted=True written=Chương 249 Bẻ Nanh Hùm Xám.txt
[250/332] download chapter_id=16613389 file=Chương 250 Vô Địch Champions League.txt
  OK decrypted=True written=Chương 250 Vô Địch Champions League.txt
[251/332] download chapter_id=16616974 file=Chương 251 Vinh Quy Bái Tổ.txt
  OK decrypted=True written=Chương 251 Vinh Quy Bái Tổ.txt
[252/332] download chapter_id=16621025 file=Chương 252 Khởi Tranh Vòng Loại Thứ Ba World Cup Khu Vực Châu Á.txt
  OK decrypted=True written=Chương 252 Khởi Tranh Vòng Loại Thứ Ba World Cup Khu Vực Châu Á.txt
[253/332] download chapter_id=16625364 file=Chương 253 Chiến Binh Sao Vàng Đấu Chim Ưng Xanh Lá.txt
  OK decrypted=True written=Chương 253 Chiến Binh Sao Vàng Đấu Chim Ưng Xanh Lá.txt
[254/332] download chapter_id=16628893 file=Chương 254 Màn Trình Diễn Của Herve Renard.txt
  OK decrypted=True written=Chương 254 Màn Trình Diễn Của Herve Renard.txt
[255/332] download chapter_id=16633075 file=Chương 255 Hòa Ả Rập Xê Út.txt
  OK decrypted=True written=Chương 255 Hòa Ả Rập Xê Út.txt
[256/332] download chapter_id=16636779 file=Chương 256 Câu Chuyện Mặt Sân Mỹ Đình.txt
  OK decrypted=True written=Chương 256 Câu Chuyện Mặt Sân Mỹ Đình.txt
[257/332] download chapter_id=16640977 file=Chương 257 Khẩn Cấp Xử Lý Vấn Đề Sân Vận Động.txt
  OK decrypted=True written=Chương 257 Khẩn Cấp Xử Lý Vấn Đề Sân Vận Động.txt
[258/332] download chapter_id=16645194 file=Chương 258 Chiến Đội Tuyển Quốc Gia Australia.txt
  OK decrypted=True written=Chương 258 Chiến Đội Tuyển Quốc Gia Australia.txt
[259/332] download chapter_id=16649357 file=Chương 259 Tình Huống Var Quả Bóng Trúng Tay Trong Vòng Cấm.txt
  OK decrypted=True written=Chương 259 Tình Huống Var Quả Bóng Trúng Tay Trong Vòng Cấm.txt
[260/332] download chapter_id=16653549 file=Chương 260 Việt Nam Thắng Sát Nút Australia.txt
  OK decrypted=True written=Chương 260 Việt Nam Thắng Sát Nút Australia.txt
[261/332] download chapter_id=16658386 file=Chương 261 Việt Nam Chiến Trung Quốc.txt
  OK decrypted=True written=Chương 261 Việt Nam Chiến Trung Quốc.txt
[262/332] download chapter_id=16662967 file=Chương 262 Phi Đội Rồng.txt
  OK decrypted=True written=Chương 262 Phi Đội Rồng.txt
[263/332] download chapter_id=16667183 file=Chương 263 Nã Hai Trái Vào Lưới Trung Quốc.txt
  OK decrypted=True written=Chương 263 Nã Hai Trái Vào Lưới Trung Quốc.txt
[264/332] download chapter_id=16671613 file=Chương 264 Trung Quốc Bị Ép Sân Toàn Diện.txt
  OK decrypted=True written=Chương 264 Trung Quốc Bị Ép Sân Toàn Diện.txt
[265/332] download chapter_id=16675268 file=Chương 265 Trung Quốc Bị Bồi Thêm Hai Bàn Nữa.txt
  OK decrypted=True written=Chương 265 Trung Quốc Bị Bồi Thêm Hai Bàn Nữa.txt
[266/332] download chapter_id=16679794 file=Chương 266 Đánh Bại Trung Quốc.txt
  OK decrypted=True written=Chương 266 Đánh Bại Trung Quốc.txt
[267/332] download chapter_id=16683675 file=Chương 267 Đụng Độ Oman.txt
  OK decrypted=True written=Chương 267 Đụng Độ Oman.txt
[268/332] download chapter_id=16687712 file=Chương 268 Việt Nam Bị Phạt Đền.txt
  OK decrypted=True written=Chương 268 Việt Nam Bị Phạt Đền.txt
[269/332] download chapter_id=16692476 file=Chương 269 Tình Huống Phạt Đền Nhưng Việt Nam Không Có Duyên Với VAR.txt
  OK decrypted=True written=Chương 269 Tình Huống Phạt Đền Nhưng Việt Nam Không Có Duyên Với VAR.txt
[270/332] download chapter_id=16696860 file=Chương 270 Ghi Bàn Cũng Không Yên.txt
  OK decrypted=True written=Chương 270 Ghi Bàn Cũng Không Yên.txt
[271/332] download chapter_id=16700903 file=Chương 271 Sút Vào Mặt Trọng Tài.txt
  OK decrypted=True written=Chương 271 Sút Vào Mặt Trọng Tài.txt
[272/332] download chapter_id=16706216 file=Chương 272 Đánh Bại Oman.txt
  OK decrypted=True written=Chương 272 Đánh Bại Oman.txt
[273/332] download chapter_id=16710952 file=Chương 273 Tin Tức Của Anh Hai.txt
  OK decrypted=True written=Chương 273 Tin Tức Của Anh Hai.txt
[274/332] download chapter_id=16716581 file=Chương 274 Tiếp Chiến Nhật Bản.txt
  OK decrypted=True written=Chương 274 Tiếp Chiến Nhật Bản.txt
[275/332] download chapter_id=16720776 file=Chương 275 Lợi Thế Chảo Lửa Mỹ Đình Việt Nam Đè Ép Đối Thủ.txt
  OK decrypted=True written=Chương 275 Lợi Thế Chảo Lửa Mỹ Đình Việt Nam Đè Ép Đối Thủ.txt
[276/332] download chapter_id=16726186 file=Chương 276 Samurai Xanh.txt
  OK decrypted=True written=Chương 276 Samurai Xanh.txt
[277/332] download chapter_id=16730856 file=Chương 277 Chiến Binh Sao Vàng Chiến Thắng Samurai Xanh.txt
  OK decrypted=True written=Chương 277 Chiến Binh Sao Vàng Chiến Thắng Samurai Xanh.txt
[278/332] download chapter_id=16735364 file=Chương 278 Việt Nam Chính Thức Bay Vào World Cup.txt
  OK decrypted=True written=Chương 278 Việt Nam Chính Thức Bay Vào World Cup.txt
[279/332] download chapter_id=16740392 file=Chương 279 Đường Đến World Cup.txt
  OK decrypted=True written=Chương 279 Đường Đến World Cup.txt
[280/332] download chapter_id=16744736 file=Chương 280 Khai Mạc Giải Vô Địch Bóng Đá Thế Giới.txt
  OK decrypted=True written=Chương 280 Khai Mạc Giải Vô Địch Bóng Đá Thế Giới.txt
[281/332] download chapter_id=16749318 file=Chương 281 Bảng Đấu Tử Thần.txt
  OK decrypted=True written=Chương 281 Bảng Đấu Tử Thần.txt
[282/332] download chapter_id=16754872 file=Chương 282 Đức Ép Sân Việt Nam.txt
  OK decrypted=True written=Chương 282 Đức Ép Sân Việt Nam.txt
[283/332] download chapter_id=16758759 file=Chương 283 Đặng Văn Hải Cứu Thua Liên Tiếp.txt
  OK decrypted=True written=Chương 283 Đặng Văn Hải Cứu Thua Liên Tiếp.txt
[284/332] download chapter_id=16762455 file=Chương 284 Đức Mở Tỷ Số.txt
  OK decrypted=True written=Chương 284 Đức Mở Tỷ Số.txt
[285/332] download chapter_id=16766973 file=Chương 285 Từ Cơ Hội Mong Manh Việt Nam Gỡ Hòa.txt
  OK decrypted=True written=Chương 285 Từ Cơ Hội Mong Manh Việt Nam Gỡ Hòa.txt
[286/332] download chapter_id=16770861 file=Chương 286 Bản Lĩnh Việt Nam Lật Đổ Cỗ Xe Tăng Đức.txt
  OK decrypted=True written=Chương 286 Bản Lĩnh Việt Nam Lật Đổ Cỗ Xe Tăng Đức.txt
[287/332] download chapter_id=16774390 file=Chương 287 Động Đất Động Đất Động Đất.txt
  OK decrypted=True written=Chương 287 Động Đất Động Đất Động Đất.txt
[288/332] download chapter_id=16777356 file=Chương 288 Việt Nam Chiến Hà Lan.txt
  OK decrypted=True written=Chương 288 Việt Nam Chiến Hà Lan.txt
[289/332] download chapter_id=16781683 file=Chương 289 Hà Lan Tấn Công Tổng Lực Áp Đảo Việt Nam.txt
  OK decrypted=True written=Chương 289 Hà Lan Tấn Công Tổng Lực Áp Đảo Việt Nam.txt
[290/332] download chapter_id=16785100 file=Chương 290 Việt Nam Bại Trận.txt
  OK decrypted=True written=Chương 290 Việt Nam Bại Trận.txt
[291/332] download chapter_id=16789243 file=Chương 291 Việt Nam Kiên Cường.txt
  OK decrypted=True written=Chương 291 Việt Nam Kiên Cường.txt
[292/332] download chapter_id=16794380 file=Chương 292 Bỏ Túi Đội Tuyển Việt Nam.txt
  OK decrypted=True written=Chương 292 Bỏ Túi Đội Tuyển Việt Nam.txt
[293/332] download chapter_id=16799123 file=Chương 293 Tiki Taka Kiểm Soát Hoàn Toàn Trận Đấu.txt
  OK decrypted=True written=Chương 293 Tiki Taka Kiểm Soát Hoàn Toàn Trận Đấu.txt
[294/332] download chapter_id=16803777 file=Chương 294 Nguyễn Văn Lộc Ghi Bàn.txt
  OK decrypted=True written=Chương 294 Nguyễn Văn Lộc Ghi Bàn.txt
[295/332] download chapter_id=16807523 file=Chương 295 Sinh Tử Chiến.txt
  OK decrypted=True written=Chương 295 Sinh Tử Chiến.txt
[296/332] download chapter_id=16811651 file=Chương 296 Nguyễn Hoàng Đức Ghi Bàn Vào Lưới Tây Ban Nha.txt
  OK decrypted=True written=Chương 296 Nguyễn Hoàng Đức Ghi Bàn Vào Lưới Tây Ban Nha.txt
[297/332] download chapter_id=16816991 file=Chương 297 Ngàn Cân Treo Sợi Tóc.txt
  OK decrypted=True written=Chương 297 Ngàn Cân Treo Sợi Tóc.txt
[298/332] download chapter_id=16823278 file=Chương 298 Chẳng Lẽ Dừng Ở Đây.txt
  OK decrypted=True written=Chương 298 Chẳng Lẽ Dừng Ở Đây.txt
[299/332] download chapter_id=16827287 file=Chương 299 Chấn Động Toàn Thế Giới Việt Nam Vượt Qua Vòng Bảng.txt
  OK decrypted=True written=Chương 299 Chấn Động Toàn Thế Giới Việt Nam Vượt Qua Vòng Bảng.txt
[300/332] download chapter_id=16830684 file=Chương 300 Chiến Binh Sao Vàng Đấu Selecao Châu Âu.txt
  OK decrypted=True written=Chương 300 Chiến Binh Sao Vàng Đấu Selecao Châu Âu.txt
[301/332] download chapter_id=16834573 file=Chương 301 Hàng Thủ Bồ Đào Nha Dằn Mặt Nguyễn Hoàng Đức.txt
  OK decrypted=True written=Chương 301 Hàng Thủ Bồ Đào Nha Dằn Mặt Nguyễn Hoàng Đức.txt
[302/332] download chapter_id=16838284 file=Chương 302 Việt Nam Đôi Công Với Bồ Đào Nha.txt
  OK decrypted=True written=Chương 302 Việt Nam Đôi Công Với Bồ Đào Nha.txt
[303/332] download chapter_id=16844945 file=Chương 303 Bồ Đào Nha Giành Lại Thế Trận.txt
  OK decrypted=True written=Chương 303 Bồ Đào Nha Giành Lại Thế Trận.txt
[304/332] download chapter_id=16847550 file=Chương 304 Bùi Hữu Duệ Bị Phạt Thẻ Vàng.txt
  OK decrypted=True written=Chương 304 Bùi Hữu Duệ Bị Phạt Thẻ Vàng.txt
[305/332] download chapter_id=16849453 file=Chương 305 Nguyễn Hoàng Đức Và Cristiano Ronaldo Thi Nhau Lập Cú Đúp.txt
  OK decrypted=True written=Chương 305 Nguyễn Hoàng Đức Và Cristiano Ronaldo Thi Nhau Lập Cú Đúp.txt
[306/332] download chapter_id=16854185 file=Chương 306 Bồ Đào Nha Ghi Hai Bàn Liên Tiếp.txt
  OK decrypted=True written=Chương 306 Bồ Đào Nha Ghi Hai Bàn Liên Tiếp.txt
[307/332] download chapter_id=16858007 file=Chương 307 Bủa Vây Khóa Hổ.txt
  OK decrypted=True written=Chương 307 Bủa Vây Khóa Hổ.txt
[308/332] download chapter_id=16860794 file=Chương 308 Trận Đấu Của Những Bàn Thắng Việt Nam Đả Bại Bồ Đào Nha.txt
  OK decrypted=True written=Chương 308 Trận Đấu Của Những Bàn Thắng Việt Nam Đả Bại Bồ Đào Nha.txt
[309/332] download chapter_id=16862656 file=Chương 309 Bát Cường Thế Giới.txt
  OK decrypted=True written=Chương 309 Bát Cường Thế Giới.txt
[310/332] download chapter_id=16866678 file=Chương 310 Việt Nam Chiến Brazil.txt
  OK decrypted=True written=Chương 310 Việt Nam Chiến Brazil.txt
[311/332] download chapter_id=16870783 file=Chương 311 Siêu Sao Bóng Đá Neymar Bất Lực Trước Đặng Văn Hải.txt
  OK decrypted=True written=Chương 311 Siêu Sao Bóng Đá Neymar Bất Lực Trước Đặng Văn Hải.txt
[312/332] download chapter_id=16874156 file=Chương 312 Quế Minh Vũ Ơi.txt
  OK decrypted=True written=Chương 312 Quế Minh Vũ Ơi.txt
[313/332] download chapter_id=16877133 file=Chương 313 Neymar Không Thể Chiến Thắng Đặng Văn Hải.txt
  OK decrypted=True written=Chương 313 Neymar Không Thể Chiến Thắng Đặng Văn Hải.txt
[314/332] download chapter_id=16879012 file=Chương 314 Cú Sút Phạt Đền Kinh Điển Của Nguyễn Hoàng Đức.txt
  OK decrypted=True written=Chương 314 Cú Sút Phạt Đền Kinh Điển Của Nguyễn Hoàng Đức.txt
[315/332] download chapter_id=16883326 file=Chương 315 Đất Nước Việt Nam Vỡ Òa Trong Trận Đại Thắng Brazil.txt
  OK decrypted=True written=Chương 315 Đất Nước Việt Nam Vỡ Òa Trong Trận Đại Thắng Brazil.txt
[316/332] download chapter_id=16888145 file=Chương 316 Việt Nam Chiến Pháp.txt
  OK decrypted=True written=Chương 316 Việt Nam Chiến Pháp.txt
[317/332] download chapter_id=16892460 file=Chương 317 Việt Nam Ăn Miếng Trả Miếng Với Pháp.txt
  OK decrypted=True written=Chương 317 Việt Nam Ăn Miếng Trả Miếng Với Pháp.txt
[318/332] download chapter_id=16896663 file=Chương 318 Căng Thẳng Những Phút Bù Giờ Hiệp Một.txt
  OK decrypted=True written=Chương 318 Căng Thẳng Những Phút Bù Giờ Hiệp Một.txt
[319/332] download chapter_id=16901588 file=Chương 319 Pha Phối Hợp Diệu Kỳ Của Bộ Ba Tam Tấu Nước Việt Nam.txt
  OK decrypted=True written=Chương 319 Pha Phối Hợp Diệu Kỳ Của Bộ Ba Tam Tấu Nước Việt Nam.txt
[320/332] download chapter_id=16905833 file=Chương 320 Việt Nam Cầm Hòa Đội Tuyển Pháp.txt
  OK decrypted=True written=Chương 320 Việt Nam Cầm Hòa Đội Tuyển Pháp.txt
[321/332] download chapter_id=16910518 file=Chương 321 Việt Nam Đấu Súng Luân Lưu Với Pháp.txt
  OK decrypted=True written=Chương 321 Việt Nam Đấu Súng Luân Lưu Với Pháp.txt
[322/332] download chapter_id=16915377 file=Chương 322 Luân Lưu Chiến Binh Sao Vàng Đánh Bại Đội Quân Màu Xanh Lam.txt
  OK decrypted=True written=Chương 322 Luân Lưu Chiến Binh Sao Vàng Đánh Bại Đội Quân Màu Xanh Lam.txt
[323/332] download chapter_id=16920270 file=Chương 323 Trước Trận Cầu Rực Lửa.txt
  OK decrypted=True written=Chương 323 Trước Trận Cầu Rực Lửa.txt
[324/332] download chapter_id=16924839 file=Chương 324 Việt Nam Đá Chung Kết World Cup.txt
  OK decrypted=True written=Chương 324 Việt Nam Đá Chung Kết World Cup.txt
[325/332] download chapter_id=16928102 file=Chương 325 Argentina Triển Khai Lối Chơi Pressing Tầm Cao Ép Sân Việt Nam.txt
  OK decrypted=True written=Chương 325 Argentina Triển Khai Lối Chơi Pressing Tầm Cao Ép Sân Việt Nam.txt
[326/332] download chapter_id=16930330 file=Chương 326 Vũ Điệu Tango Của Người Argentina.txt
  OK decrypted=True written=Chương 326 Vũ Điệu Tango Của Người Argentina.txt
[327/332] download chapter_id=16932544 file=Chương 327 Bàn Thắng Đã Đến.txt
  OK decrypted=True written=Chương 327 Bàn Thắng Đã Đến.txt
[328/332] download chapter_id=16937035 file=Chương 328 La Albiceleste Dẫn Trước.txt
  OK decrypted=True written=Chương 328 La Albiceleste Dẫn Trước.txt
[329/332] download chapter_id=16942299 file=Chương 329 Siêu Phẩm Cầu Vồng Của Nguyễn Bá Thịnh.txt
  OK decrypted=True written=Chương 329 Siêu Phẩm Cầu Vồng Của Nguyễn Bá Thịnh.txt
[330/332] download chapter_id=16946817 file=Chương 330 Hai Siêu Tiền Đạo Cùng Lập Cú Đúp.txt
  OK decrypted=True written=Chương 330 Hai Siêu Tiền Đạo Cùng Lập Cú Đúp.txt
[331/332] download chapter_id=16951891 file=Chương 331 Bàn Thắng Cuối Cùng.txt
  OK decrypted=True written=Chương 331 Bàn Thắng Cuối Cùng.txt
[332/332] download chapter_id=16956423 file=Chương 332 Vô Địch World Cup Hết.txt
  OK decrypted=True written=Chương 332 Vô Địch World Cup Hết.txt
final_ok=332
final_fail=0
out=C:\Dev\MTC\Cầu Trường Rực Lửa

[stderr]
