book=Devil'S Path Quỷ Giới Và Nhẫn Giới
book_id=142470
out=C:\Dev\MTC\Devil'S Path Quỷ Giới Và Nhẫn Giới
chapters_total=322 expected=322
[1/322] download chapter_id=22763310 file=Chương 1 Từ Quỷ giới tới Nhẫn giới.txt
  OK decrypted=True written=Chương 1 Từ Quỷ giới tới Nhẫn giới.txt
[2/322] download chapter_id=22763349 file=Chương 2 Hy sinh.txt
  OK decrypted=True written=Chương 2 Hy sinh.txt
[3/322] download chapter_id=22763368 file=Chương 3 Thức tỉnh Những Ngày Khó Khăn Sự Cô Độc Của Naruto.txt
  OK decrypted=True written=Chương 3 Thức tỉnh Những Ngày Khó Khăn Sự Cô Độc Của Naruto.txt
[4/322] download chapter_id=22766829 file=Chương 4 Sự kiện bắt cóc Hinata.txt
  OK decrypted=True written=Chương 4 Sự kiện bắt cóc Hinata.txt
[5/322] download chapter_id=22766920 file=Chương 5 Không tiêu đề.txt
  OK decrypted=True written=Chương 5 Không tiêu đề.txt
[6/322] download chapter_id=22766923 file=Chương 6 Lần đầu gặp Hinata.txt
  OK decrypted=True written=Chương 6 Lần đầu gặp Hinata.txt
[7/322] download chapter_id=22766934 file=Chương 7 Quyết định.txt
  OK decrypted=True written=Chương 7 Quyết định.txt
[8/322] download chapter_id=22766938 file=Chương 8 Nhập học.txt
  OK decrypted=True written=Chương 8 Nhập học.txt
[9/322] download chapter_id=22766962 file=Chương 9 Naruto và những trò lố.txt
  OK decrypted=True written=Chương 9 Naruto và những trò lố.txt
[10/322] download chapter_id=22767044 file=Chương 10 Quyết tâm thay đổi.txt
  OK decrypted=True written=Chương 10 Quyết tâm thay đổi.txt
[11/322] download chapter_id=22767131 file=Chương 11 Quyết tâm thay đổi tiếp theo.txt
  OK decrypted=True written=Chương 11 Quyết tâm thay đổi tiếp theo.txt
[12/322] download chapter_id=22767184 file=Chương 12 Mãnh thú ngọc bích. Cái được gọi là thanh xuân.txt
  OK decrypted=True written=Chương 12 Mãnh thú ngọc bích. Cái được gọi là thanh xuân.txt
[13/322] download chapter_id=22767206 file=Chương 13 Thành quả ban đầu.txt
  OK decrypted=True written=Chương 13 Thành quả ban đầu.txt
[14/322] download chapter_id=22767214 file=Chương 14 Biến cố Uchiha.txt
  OK decrypted=True written=Chương 14 Biến cố Uchiha.txt
[15/322] download chapter_id=22767222 file=Chương 15 Thi tốt nghiệp. Thất bại. Mizuki.txt
  OK decrypted=True written=Chương 15 Thi tốt nghiệp. Thất bại. Mizuki.txt
[16/322] download chapter_id=22767242 file=Chương 16 Cấm thuật.txt
  OK decrypted=True written=Chương 16 Cấm thuật.txt
[17/322] download chapter_id=22767249 file=Chương 17 Lần đầu giết người.txt
  OK decrypted=True written=Chương 17 Lần đầu giết người.txt
[18/322] download chapter_id=22767259 file=Chương 18 Tốt nghiệp. Phân đội.txt
  OK decrypted=True written=Chương 18 Tốt nghiệp. Phân đội.txt
[19/322] download chapter_id=22767313 file=Chương 19 Tốt nghiệp. Phân đội tiếp theo.txt
  OK decrypted=True written=Chương 19 Tốt nghiệp. Phân đội tiếp theo.txt
[20/322] download chapter_id=22767548 file=Chương 20 Thử thách cướp chuông.txt
  OK decrypted=True written=Chương 20 Thử thách cướp chuông.txt
[21/322] download chapter_id=22767998 file=Chương 21 Những nhiệm vụ đầu tiên.txt
  OK decrypted=True written=Chương 21 Những nhiệm vụ đầu tiên.txt
[22/322] download chapter_id=22768066 file=Chương 22 Vergil sensei.txt
  OK decrypted=True written=Chương 22 Vergil sensei.txt
[23/322] download chapter_id=22768145 file=Chương 23 Học nhẫn thuật từ Kakashi.txt
  OK decrypted=True written=Chương 23 Học nhẫn thuật từ Kakashi.txt
[24/322] download chapter_id=22768163 file=Chương 24 Huấn luyện kinh khủng.txt
  OK decrypted=True written=Chương 24 Huấn luyện kinh khủng.txt
[25/322] download chapter_id=22768193 file=Chương 25 Nhất kiếm.txt
  OK decrypted=True written=Chương 25 Nhất kiếm.txt
[26/322] download chapter_id=22768340 file=Chương 26 Không tiêu đề.txt
  OK decrypted=True written=Chương 26 Không tiêu đề.txt
[27/322] download chapter_id=22768444 file=Chương 27 Cảm nhận sát khí.txt
  OK decrypted=True written=Chương 27 Cảm nhận sát khí.txt
[28/322] download chapter_id=22768491 file=Chương 28 Chân tướng bị che giấu.txt
  OK decrypted=True written=Chương 28 Chân tướng bị che giấu.txt
[29/322] download chapter_id=22768807 file=Chương 29 Thay đổi.txt
  OK decrypted=True written=Chương 29 Thay đổi.txt
[30/322] download chapter_id=22768894 file=Chương 30 Nhiệm vụ hộ tống.txt
  OK decrypted=True written=Chương 30 Nhiệm vụ hộ tống.txt
[31/322] download chapter_id=22770005 file=Chương 31 Quỷ Nhân làng Sương Mù Zabuza.txt
  OK decrypted=True written=Chương 31 Quỷ Nhân làng Sương Mù Zabuza.txt
[32/322] download chapter_id=22770108 file=Chương 33 Quỷ Nhân làng Sương Mù Zabuza tiếp theo.txt
  OK decrypted=True written=Chương 33 Quỷ Nhân làng Sương Mù Zabuza tiếp theo.txt
[33/322] download chapter_id=22770160 file=Chương 33 Tâm sự.txt
  OK decrypted=True written=Chương 33 Tâm sự.txt
[34/322] download chapter_id=22770199 file=Chương 34 Viện binh. Ác chiến.txt
  OK decrypted=True written=Chương 34 Viện binh. Ác chiến.txt
[35/322] download chapter_id=22770264 file=Chương 35 Viện binh. Ác chiến tiếp theo.txt
  OK decrypted=True written=Chương 35 Viện binh. Ác chiến tiếp theo.txt
[36/322] download chapter_id=22770291 file=Chương 36 Cái kết của Quỷ Nhân.txt
  OK decrypted=True written=Chương 36 Cái kết của Quỷ Nhân.txt
[37/322] download chapter_id=22770345 file=Chương 37 Trở về.txt
  OK decrypted=True written=Chương 37 Trở về.txt
[38/322] download chapter_id=22770431 file=Chương 38 Học nhẫn thuật mới.txt
  OK decrypted=True written=Chương 38 Học nhẫn thuật mới.txt
[39/322] download chapter_id=22770444 file=Chương 39 Tu luyện cùng nhau. Rasengan.txt
  OK decrypted=True written=Chương 39 Tu luyện cùng nhau. Rasengan.txt
[40/322] download chapter_id=22770463 file=Chương 40 Những kẻ lạ mặt.txt
  OK decrypted=True written=Chương 40 Những kẻ lạ mặt.txt
[41/322] download chapter_id=22770573 file=Chương 41 Kỳ thi Chuunin.txt
  OK decrypted=True written=Chương 41 Kỳ thi Chuunin.txt
[42/322] download chapter_id=22770596 file=Chương 42 Kỳ thi Chuunin bắt đầu.txt
  OK decrypted=True written=Chương 42 Kỳ thi Chuunin bắt đầu.txt
[43/322] download chapter_id=22770613 file=Chương 43 Thi viết.txt
  OK decrypted=True written=Chương 43 Thi viết.txt
[44/322] download chapter_id=22770646 file=Chương 44 Vòng thi thứ 2 bắt đầu.txt
  OK decrypted=True written=Chương 44 Vòng thi thứ 2 bắt đầu.txt
[45/322] download chapter_id=22770673 file=Chương 45 Orochimaru.txt
  OK decrypted=True written=Chương 45 Orochimaru.txt
[46/322] download chapter_id=22770680 file=Chương 46 Đụng độ. Nguyền ấn.txt
  OK decrypted=True written=Chương 46 Đụng độ. Nguyền ấn.txt
[47/322] download chapter_id=22770791 file=Chương 47 Vòng thi đấu phụ.txt
  OK decrypted=True written=Chương 47 Vòng thi đấu phụ.txt
[48/322] download chapter_id=22770860 file=Chương 48 Sasuke Uchiha đấu Yoroi Akadō.txt
  OK decrypted=True written=Chương 48 Sasuke Uchiha đấu Yoroi Akadō.txt
[49/322] download chapter_id=22770911 file=Chương 49 Naruto đấu Kiba.txt
  OK decrypted=True written=Chương 49 Naruto đấu Kiba.txt
[50/322] download chapter_id=22770974 file=Chương 50 Ino đấu Sakura.txt
  OK decrypted=True written=Chương 50 Ino đấu Sakura.txt
[51/322] download chapter_id=22770995 file=Chương 51 Hinata đấu Neji. Cái gì là định mệnh.txt
  OK decrypted=True written=Chương 51 Hinata đấu Neji. Cái gì là định mệnh.txt
[52/322] download chapter_id=22771074 file=Chương 52 Chuẩn bị cho vòng 3. Tiên nhân háo sắc.txt
  OK decrypted=True written=Chương 52 Chuẩn bị cho vòng 3. Tiên nhân háo sắc.txt
[53/322] download chapter_id=22771097 file=Chương 53 Tiên nhân háo sắc chết tiệt.txt
  OK decrypted=True written=Chương 53 Tiên nhân háo sắc chết tiệt.txt
[54/322] download chapter_id=22771130 file=Chương 54 Judgement Cut. Hút cạn Jiraiya.txt
  OK decrypted=True written=Chương 54 Judgement Cut. Hút cạn Jiraiya.txt
[55/322] download chapter_id=22771137 file=Chương 55 Khoảnh khắc bình yên.txt
  OK decrypted=True written=Chương 55 Khoảnh khắc bình yên.txt
[56/322] download chapter_id=22771212 file=Chương 56 Vòng 3 bắt đầu. Để tôi chém nát cái định mệnh đó.txt
  OK decrypted=True written=Chương 56 Vòng 3 bắt đầu. Để tôi chém nát cái định mệnh đó.txt
[57/322] download chapter_id=22771355 file=Chương 57 Shikamaru đấu Temari.txt
  OK decrypted=True written=Chương 57 Shikamaru đấu Temari.txt
[58/322] download chapter_id=22771368 file=Chương 58 Sasuke đấu Gaara. Kế hoạch Konoha sụp đổ.txt
  OK decrypted=True written=Chương 58 Sasuke đấu Gaara. Kế hoạch Konoha sụp đổ.txt
[59/322] download chapter_id=22771409 file=Chương 59 Kế hoạch Konoha sụp đổ tiếp theo.txt
  OK decrypted=True written=Chương 59 Kế hoạch Konoha sụp đổ tiếp theo.txt
[60/322] download chapter_id=22771416 file=Chương 60 Cái chết của Nhẫn Hùng.txt
  OK decrypted=True written=Chương 60 Cái chết của Nhẫn Hùng.txt
[61/322] download chapter_id=22776727 file=Chương 61 Đuổi theo. Gaara bạo phát.txt
  OK decrypted=True written=Chương 61 Đuổi theo. Gaara bạo phát.txt
[62/322] download chapter_id=22776748 file=Chương 62 Shukaku xâm chiếm.txt
  OK decrypted=True written=Chương 62 Shukaku xâm chiếm.txt
[63/322] download chapter_id=22776768 file=Chương 63 Lễ tang của Đệ Tam.txt
  OK decrypted=True written=Chương 63 Lễ tang của Đệ Tam.txt
[64/322] download chapter_id=22776780 file=Chương 64 Âm mưu của Danzo.txt
  OK decrypted=True written=Chương 64 Âm mưu của Danzo.txt
[65/322] download chapter_id=22776799 file=Chương 65 Chuunin.txt
  OK decrypted=True written=Chương 65 Chuunin.txt
[66/322] download chapter_id=22776847 file=Chương 66 Gia nhập Root.txt
  OK decrypted=True written=Chương 66 Gia nhập Root.txt
[67/322] download chapter_id=22776907 file=Chương 67 Akatsuki.txt
  OK decrypted=True written=Chương 67 Akatsuki.txt
[68/322] download chapter_id=22776928 file=Chương 68 Đụng độ.txt
  OK decrypted=True written=Chương 68 Đụng độ.txt
[69/322] download chapter_id=22776942 file=Chương 69 Tình nghĩa anh em có chắc bền lâu.txt
  OK decrypted=True written=Chương 69 Tình nghĩa anh em có chắc bền lâu.txt
[70/322] download chapter_id=22776955 file=Chương 70 Đi tìm Tsunade.txt
  OK decrypted=True written=Chương 70 Đi tìm Tsunade.txt
[71/322] download chapter_id=22776970 file=Chương 71 Cá cược.txt
  OK decrypted=True written=Chương 71 Cá cược.txt
[72/322] download chapter_id=22776984 file=Chương 72 Jiraiya ăn đủ.txt
  OK decrypted=True written=Chương 72 Jiraiya ăn đủ.txt
[73/322] download chapter_id=22777018 file=Chương 73 Nhẫn thuật mới.txt
  OK decrypted=True written=Chương 73 Nhẫn thuật mới.txt
[74/322] download chapter_id=22777032 file=Chương 74 Quyết định của Tsunade.txt
  OK decrypted=True written=Chương 74 Quyết định của Tsunade.txt
[75/322] download chapter_id=22777044 file=Chương 75 Bán hành cho Kabuto.txt
  OK decrypted=True written=Chương 75 Bán hành cho Kabuto.txt
[76/322] download chapter_id=22777060 file=Chương 76 Tam Nin đại chiến.txt
  OK decrypted=True written=Chương 76 Tam Nin đại chiến.txt
[77/322] download chapter_id=22777151 file=Chương 77 Hokage Đệ Ngũ. Trở về Konoha.txt
  OK decrypted=True written=Chương 77 Hokage Đệ Ngũ. Trở về Konoha.txt
[78/322] download chapter_id=22778006 file=Chương 78 Nhiệm vụ đầu tiên của Root.txt
  OK decrypted=True written=Chương 78 Nhiệm vụ đầu tiên của Root.txt
[79/322] download chapter_id=22778265 file=Chương 79 Nhiệm vụ đầu tiên tại Root tiếp theo.txt
  OK decrypted=True written=Chương 79 Nhiệm vụ đầu tiên tại Root tiếp theo.txt
[80/322] download chapter_id=22780771 file=Chương 80 Nhiệm vụ ám sát.txt
  OK decrypted=True written=Chương 80 Nhiệm vụ ám sát.txt
[81/322] download chapter_id=22780916 file=Chương 81 Phát hiện mới.txt
  OK decrypted=True written=Chương 81 Phát hiện mới.txt
[82/322] download chapter_id=22781265 file=Chương 82 Đụng độ Nhị Vĩ.txt
  OK decrypted=True written=Chương 82 Đụng độ Nhị Vĩ.txt
[83/322] download chapter_id=22784901 file=Chương 83 Lôi kéo Tenzo.txt
  OK decrypted=True written=Chương 83 Lôi kéo Tenzo.txt
[84/322] download chapter_id=22785814 file=Chương 84 Đột nhập căn cứ Root.txt
  OK decrypted=True written=Chương 84 Đột nhập căn cứ Root.txt
[85/322] download chapter_id=22786045 file=Chương 85 Danzo làm phản.txt
  OK decrypted=True written=Chương 85 Danzo làm phản.txt
[86/322] download chapter_id=22787083 file=Chương 86 Danzo làm phản tiếp theo.txt
  OK decrypted=True written=Chương 86 Danzo làm phản tiếp theo.txt
[87/322] download chapter_id=22796041 file=Chương 87 Đơn đấu Danzo.txt
  OK decrypted=True written=Chương 87 Đơn đấu Danzo.txt
[88/322] download chapter_id=22796861 file=Chương 88 Tình cha con.txt
  OK decrypted=True written=Chương 88 Tình cha con.txt
[89/322] download chapter_id=22798864 file=Chương 89 Kết thúc. Hồi phục. Tình cảm.txt
  OK decrypted=True written=Chương 89 Kết thúc. Hồi phục. Tình cảm.txt
[90/322] download chapter_id=22802358 file=Chương 90 Bước sang trang mới.txt
  OK decrypted=True written=Chương 90 Bước sang trang mới.txt
[91/322] download chapter_id=22802899 file=Chương 91 Con đường rẽ ngang.txt
  OK decrypted=True written=Chương 91 Con đường rẽ ngang.txt
[92/322] download chapter_id=22803304 file=Chương 92 Phản bội.txt
  OK decrypted=True written=Chương 92 Phản bội.txt
[93/322] download chapter_id=22809800 file=Chương 93 Đối đầu Tứ Quái.txt
  OK decrypted=True written=Chương 93 Đối đầu Tứ Quái.txt
[94/322] download chapter_id=22810348 file=Chương 94 Đối đầu Tứ Quái tiếp theo.txt
  OK decrypted=True written=Chương 94 Đối đầu Tứ Quái tiếp theo.txt
[95/322] download chapter_id=22812604 file=Chương 95 Kimimaro.txt
  OK decrypted=True written=Chương 95 Kimimaro.txt
[96/322] download chapter_id=22825251 file=Chương 96 Phản nhẫn.txt
  OK decrypted=True written=Chương 96 Phản nhẫn.txt
[97/322] download chapter_id=22825909 file=Chương 97 Huấn luyện khắc nghiệt. Khúc bình yên.txt
  OK decrypted=True written=Chương 97 Huấn luyện khắc nghiệt. Khúc bình yên.txt
[98/322] download chapter_id=22826219 file=Chương 98 Tsunade dạy đồ đệ.txt
  OK decrypted=True written=Chương 98 Tsunade dạy đồ đệ.txt
[99/322] download chapter_id=22845213 file=Chương 99 Học giao tiếp với Sai.txt
  OK decrypted=True written=Chương 99 Học giao tiếp với Sai.txt
[100/322] download chapter_id=22847394 file=Chương 100 Gaara bị bắt.txt
  OK decrypted=True written=Chương 100 Gaara bị bắt.txt
[101/322] download chapter_id=22892054 file=Chương 101 Chặn đường.txt
  OK decrypted=True written=Chương 101 Chặn đường.txt
[102/322] download chapter_id=22914067 file=Chương 102 Gỡ kết giới.txt
  OK decrypted=True written=Chương 102 Gỡ kết giới.txt
[103/322] download chapter_id=22915558 file=Chương 103 Sasori.txt
  OK decrypted=True written=Chương 103 Sasori.txt
[104/322] download chapter_id=22950532 file=Chương 104 Cứu Gaara. Kế hoạch Phục Sinh.txt
  OK decrypted=True written=Chương 104 Cứu Gaara. Kế hoạch Phục Sinh.txt
[105/322] download chapter_id=23023983 file=Chương 105 Nỗi khổ của Naruto. Sasuke tiến bộ.txt
  OK decrypted=True written=Chương 105 Nỗi khổ của Naruto. Sasuke tiến bộ.txt
[106/322] download chapter_id=23025552 file=Chương 106 Judgement Cut End. Bản ngã.txt
  OK decrypted=True written=Chương 106 Judgement Cut End. Bản ngã.txt
[107/322] download chapter_id=23037188 file=Chương 107 Cuộc chiến giữa người và Vĩ thú.txt
  OK decrypted=True written=Chương 107 Cuộc chiến giữa người và Vĩ thú.txt
[108/322] download chapter_id=23037721 file=Chương 108 Tiên tri. Tiên Thuật.txt
  OK decrypted=True written=Chương 108 Tiên tri. Tiên Thuật.txt
[109/322] download chapter_id=23038142 file=Chương 109 Naruto tu luyện tiên thuật.txt
  OK decrypted=True written=Chương 109 Naruto tu luyện tiên thuật.txt
[110/322] download chapter_id=23038344 file=Chương 110 Naruto báo thù.txt
  OK decrypted=True written=Chương 110 Naruto báo thù.txt
[111/322] download chapter_id=23044709 file=Chương 111 Gia tộc Kurama.txt
  OK decrypted=True written=Chương 111 Gia tộc Kurama.txt
[112/322] download chapter_id=23044858 file=Chương 112 Gia tộc Kurama tiếp theo.txt
  OK decrypted=True written=Chương 112 Gia tộc Kurama tiếp theo.txt
[113/322] download chapter_id=23044973 file=Chương 113 Cặp đôi cực phẩm. Sai và Yakumo.txt
  OK decrypted=True written=Chương 113 Cặp đôi cực phẩm. Sai và Yakumo.txt
[114/322] download chapter_id=23049818 file=Chương 114 Dạ Tập.txt
  OK decrypted=True written=Chương 114 Dạ Tập.txt
[115/322] download chapter_id=23050566 file=Chương 115 Khói lửa chiến tranh.txt
  OK decrypted=True written=Chương 115 Khói lửa chiến tranh.txt
[116/322] download chapter_id=23051299 file=Chương 116 Chuẩn bị.txt
  OK decrypted=True written=Chương 116 Chuẩn bị.txt
[117/322] download chapter_id=23076632 file=Chương 117 Chuẩn bị tiếp theo.txt
  OK decrypted=True written=Chương 117 Chuẩn bị tiếp theo.txt
[118/322] download chapter_id=23076924 file=Chương 118 Chiến tranh bắt đầu.txt
  OK decrypted=True written=Chương 118 Chiến tranh bắt đầu.txt
[119/322] download chapter_id=23077475 file=Chương 119 Tia chớp vàng Đệ nhị.txt
  OK decrypted=True written=Chương 119 Tia chớp vàng Đệ nhị.txt
[120/322] download chapter_id=23096348 file=Chương 120 Bạch Kim Song Sát.txt
  OK decrypted=True written=Chương 120 Bạch Kim Song Sát.txt
[121/322] download chapter_id=23096616 file=Chương 121 Jinchuuriki đại chiến.txt
  OK decrypted=True written=Chương 121 Jinchuuriki đại chiến.txt
[122/322] download chapter_id=23096882 file=Chương 122 Lương thảo làng Mây bị tập kích.txt
  OK decrypted=True written=Chương 122 Lương thảo làng Mây bị tập kích.txt
[123/322] download chapter_id=23101630 file=Chương 123 Tâm sự mỏng với Kurama.txt
  OK decrypted=True written=Chương 123 Tâm sự mỏng với Kurama.txt
[124/322] download chapter_id=23102096 file=Chương 124 Làng Mây đại bại.txt
  OK decrypted=True written=Chương 124 Làng Mây đại bại.txt
[125/322] download chapter_id=23102264 file=Chương 125 Tin chiến thắng. Hinata có dị biến.txt
  OK decrypted=True written=Chương 125 Tin chiến thắng. Hinata có dị biến.txt
[126/322] download chapter_id=23104148 file=Chương 126 Trở về. Kiếp nạn đào hoa của Naruto.txt
  OK decrypted=True written=Chương 126 Trở về. Kiếp nạn đào hoa của Naruto.txt
[127/322] download chapter_id=23104881 file=Chương 127 Đàm phán hòa bình.txt
  OK decrypted=True written=Chương 127 Đàm phán hòa bình.txt
[128/322] download chapter_id=23107434 file=Chương 128 Tam Vĩ bị bắt.txt
  OK decrypted=True written=Chương 128 Tam Vĩ bị bắt.txt
[129/322] download chapter_id=23108722 file=Chương 129 Sasuke chìm vào hắc ám. Vergil thức tỉnh.txt
  OK decrypted=True written=Chương 129 Sasuke chìm vào hắc ám. Vergil thức tỉnh.txt
[130/322] download chapter_id=23108726 file=Chương 130 Đến làng Mây.txt
  OK decrypted=True written=Chương 130 Đến làng Mây.txt
[131/322] download chapter_id=23109047 file=Chương 131 Hiệp nghị đình chiến. Tu luyện Lôi độn.txt
  OK decrypted=True written=Chương 131 Hiệp nghị đình chiến. Tu luyện Lôi độn.txt
[132/322] download chapter_id=23117356 file=Chương 132 Thời không sai lệch. Lại nghiên cứu kế hoạch Hồi sinh.txt
  OK decrypted=True written=Chương 132 Thời không sai lệch. Lại nghiên cứu kế hoạch Hồi sinh.txt
[133/322] download chapter_id=23117834 file=Chương 133 Tìm hiểu tình báo.txt
  OK decrypted=True written=Chương 133 Tìm hiểu tình báo.txt
[134/322] download chapter_id=23118834 file=Chương 134 Naruto trở về.txt
  OK decrypted=True written=Chương 134 Naruto trở về.txt
[135/322] download chapter_id=23119302 file=Chương 135 Bị bắt gặp. Nhiệm vụ theo dõi.txt
  OK decrypted=True written=Chương 135 Bị bắt gặp. Nhiệm vụ theo dõi.txt
[136/322] download chapter_id=23345021 file=Chương 136 Khi nhiệm vụ biến thành cơm chó.txt
  OK decrypted=True written=Chương 136 Khi nhiệm vụ biến thành cơm chó.txt
[137/322] download chapter_id=23135824 file=Chương 137 Nghi ngờ của Naruto. Nhiệm vụ lau dọn nhà tắm.txt
  OK decrypted=True written=Chương 137 Nghi ngờ của Naruto. Nhiệm vụ lau dọn nhà tắm.txt
[138/322] download chapter_id=23136536 file=Chương 138 Lộ tẩy.txt
  OK decrypted=True written=Chương 138 Lộ tẩy.txt
[139/322] download chapter_id=23140204 file=Chương 139 Tình báo. Chuẩn bị. Loa Toàn Lôi Pháo.txt
  OK decrypted=True written=Chương 139 Tình báo. Chuẩn bị. Loa Toàn Lôi Pháo.txt
[140/322] download chapter_id=23142049 file=Chương 140 Urashiki xuất hiện.txt
  OK decrypted=True written=Chương 140 Urashiki xuất hiện.txt
[141/322] download chapter_id=23146043 file=Chương 141 Ác chiến Urashiki.txt
  OK decrypted=True written=Chương 141 Ác chiến Urashiki.txt
[142/322] download chapter_id=23162647 file=Chương 142 Tenseigan. Phong ấn.txt
  OK decrypted=True written=Chương 142 Tenseigan. Phong ấn.txt
[143/322] download chapter_id=23162755 file=Chương 143 Hậu chiến.txt
  OK decrypted=True written=Chương 143 Hậu chiến.txt
[144/322] download chapter_id=23162907 file=Chương 144 Cha vợ con rể.txt
  OK decrypted=True written=Chương 144 Cha vợ con rể.txt
[145/322] download chapter_id=23196813 file=Chương 145 Tạm biệt.txt
  OK decrypted=True written=Chương 145 Tạm biệt.txt
[146/322] download chapter_id=23196816 file=Chương 146 Món quà từ Sasuke. Bí mật Hyuga.txt
  OK decrypted=True written=Chương 146 Món quà từ Sasuke. Bí mật Hyuga.txt
[147/322] download chapter_id=23197049 file=Chương 147 Tung tích của Sasuke và Sakura.txt
  OK decrypted=True written=Chương 147 Tung tích của Sasuke và Sakura.txt
[148/322] download chapter_id=23197381 file=Chương 148 Truy đuổi thất bại.txt
  OK decrypted=True written=Chương 148 Truy đuổi thất bại.txt
[149/322] download chapter_id=23198038 file=Chương 149 Hebi thành lập.txt
  OK decrypted=True written=Chương 149 Hebi thành lập.txt
[150/322] download chapter_id=23220859 file=Chương 150 Hành tung của Sasuke. Cái chết của Deidara.txt
  OK decrypted=True written=Chương 150 Hành tung của Sasuke. Cái chết của Deidara.txt
[151/322] download chapter_id=23221400 file=Chương 151 Đụng độ Hebi.txt
  OK decrypted=True written=Chương 151 Đụng độ Hebi.txt
[152/322] download chapter_id=23221778 file=Chương 152 Bị cản đường.txt
  OK decrypted=True written=Chương 152 Bị cản đường.txt
[153/322] download chapter_id=23230875 file=Chương 153 Tình nghĩa anh em.txt
  OK decrypted=True written=Chương 153 Tình nghĩa anh em.txt
[154/322] download chapter_id=23231494 file=Chương 154 Tình nghĩa anh em tiếp theo.txt
  OK decrypted=True written=Chương 154 Tình nghĩa anh em tiếp theo.txt
[155/322] download chapter_id=23233161 file=Chương 155 Đụng độ tổ hai người. Asuma bị thương.txt
  OK decrypted=True written=Chương 155 Đụng độ tổ hai người. Asuma bị thương.txt
[156/322] download chapter_id=23233729 file=Chương 156 Tương lai Phép màu.txt
  OK decrypted=True written=Chương 156 Tương lai Phép màu.txt
[157/322] download chapter_id=23235926 file=Chương 157 Kết cục của Hidan.txt
  OK decrypted=True written=Chương 157 Kết cục của Hidan.txt
[158/322] download chapter_id=23345299 file=Chương 158 Ngày tàn của Kakuzu.txt
  OK decrypted=True written=Chương 158 Ngày tàn của Kakuzu.txt
[159/322] download chapter_id=23345520 file=Chương 159 Trở về.txt
  OK decrypted=True written=Chương 159 Trở về.txt
[160/322] download chapter_id=23345608 file=Chương 160 Sasuke biết sự thật . Mục tiêu mới Phá hủy Konoha.txt
  OK decrypted=True written=Chương 160 Sasuke biết sự thật . Mục tiêu mới Phá hủy Konoha.txt
[161/322] download chapter_id=23345883 file=Chương 161 Kế hoạch đưa Orochimaru trở lại.txt
  OK decrypted=True written=Chương 161 Kế hoạch đưa Orochimaru trở lại.txt
[162/322] download chapter_id=23346414 file=Chương 162 Orochimaru trở lại.txt
  OK decrypted=True written=Chương 162 Orochimaru trở lại.txt
[163/322] download chapter_id=23346864 file=Chương 163 Nhiệm vụ bất đắc dĩ. Ino làm thế thân. Naruto nổi cơn ghen.txt
  OK decrypted=True written=Chương 163 Nhiệm vụ bất đắc dĩ. Ino làm thế thân. Naruto nổi cơn ghen.txt
[164/322] download chapter_id=23354813 file=Chương 164 Itachi tỉnh lại.txt
  OK decrypted=True written=Chương 164 Itachi tỉnh lại.txt
[165/322] download chapter_id=23362776 file=Chương 165 Mục tiêu Khai mở Sharingan. Nhiệm vụ tại Hỏa Quốc Tự.txt
  OK decrypted=True written=Chương 165 Mục tiêu Khai mở Sharingan. Nhiệm vụ tại Hỏa Quốc Tự.txt
[166/322] download chapter_id=23363559 file=Chương 166 Âm mưu tại Hỏa Quốc Tự.txt
  OK decrypted=True written=Chương 166 Âm mưu tại Hỏa Quốc Tự.txt
[167/322] download chapter_id=23385614 file=Chương 167 Sora gây chuyện.txt
  OK decrypted=True written=Chương 167 Sora gây chuyện.txt
[168/322] download chapter_id=23386460 file=Chương 168 Mục đích của đối phương là gì.txt
  OK decrypted=True written=Chương 168 Mục đích của đối phương là gì.txt
[169/322] download chapter_id=23412681 file=Chương 169 Ngũ Vĩ bị bắt.txt
  OK decrypted=True written=Chương 169 Ngũ Vĩ bị bắt.txt
[170/322] download chapter_id=23435213 file=Chương 170 Kẻ địch tấn công.txt
  OK decrypted=True written=Chương 170 Kẻ địch tấn công.txt
[171/322] download chapter_id=23435676 file=Chương 171 Kẻ địch lộ mặt.txt
  OK decrypted=True written=Chương 171 Kẻ địch lộ mặt.txt
[172/322] download chapter_id=23436277 file=Chương 172 Kết thúc.txt
  OK decrypted=True written=Chương 172 Kết thúc.txt
[173/322] download chapter_id=23436781 file=Chương 173 Kết quả thí nghiệm từ Orochimaru.txt
  OK decrypted=True written=Chương 173 Kết quả thí nghiệm từ Orochimaru.txt
[174/322] download chapter_id=23440002 file=Chương 174 Mục tiêu mới của Sasuke. Mở mắt thất bại.txt
  OK decrypted=True written=Chương 174 Mục tiêu mới của Sasuke. Mở mắt thất bại.txt
[175/322] download chapter_id=23450791 file=Chương 175 Tu luyện Âm Độn. Thành quả.txt
  OK decrypted=True written=Chương 175 Tu luyện Âm Độn. Thành quả.txt
[176/322] download chapter_id=23454001 file=Chương 176 Học tập ảo thuật. Taka đụng độ Lục Vĩ.txt
  OK decrypted=True written=Chương 176 Học tập ảo thuật. Taka đụng độ Lục Vĩ.txt
[177/322] download chapter_id=23454976 file=Chương 177 Tiết lộ. Hannabi bị bắt cóc.txt
  OK decrypted=True written=Chương 177 Tiết lộ. Hannabi bị bắt cóc.txt
[178/322] download chapter_id=23457212 file=Chương 178 Đội giải cứu thành lập. Lên mặt trăng.txt
  OK decrypted=True written=Chương 178 Đội giải cứu thành lập. Lên mặt trăng.txt
[179/322] download chapter_id=23488729 file=Chương 179 Đại chiến với Toneri.txt
  OK decrypted=True written=Chương 179 Đại chiến với Toneri.txt
[180/322] download chapter_id=23490188 file=Chương 180 Giải cứu Hanabi. Phong ấn cổ.txt
  OK decrypted=True written=Chương 180 Giải cứu Hanabi. Phong ấn cổ.txt
[181/322] download chapter_id=23890612 file=Chương 181 Lục Đạo Tiên Nhân.txt
  OK decrypted=True written=Chương 181 Lục Đạo Tiên Nhân.txt
[182/322] download chapter_id=23491046 file=Chương 182 Bàn luận.txt
  OK decrypted=True written=Chương 182 Bàn luận.txt
[183/322] download chapter_id=23491784 file=Chương 183 Nguồn gốc Otsutsuki.txt
  OK decrypted=True written=Chương 183 Nguồn gốc Otsutsuki.txt
[184/322] download chapter_id=23492807 file=Chương 184 Đối phó.txt
  RETRYABLE_FAIL attempt=1 chapter_id=23492807: unable to decode iv
  OK decrypted=True retry=2 written=Chương 184 Đối phó.txt
[185/322] download chapter_id=23570110 file=Chương 185 Nhiệm vụ hoàn thành. Hội nghị Tứ Kage.txt
  OK decrypted=True written=Chương 185 Nhiệm vụ hoàn thành. Hội nghị Tứ Kage.txt
[186/322] download chapter_id=23606906 file=Chương 186 Trước thềm hội nghị.txt
  OK decrypted=True written=Chương 186 Trước thềm hội nghị.txt
[187/322] download chapter_id=23607244 file=Chương 187 Hội nghị bắt đầu. Taka xuất hiện.txt
  OK decrypted=True written=Chương 187 Hội nghị bắt đầu. Taka xuất hiện.txt
[188/322] download chapter_id=23607494 file=Chương 188 Đấu Taka.txt
  OK decrypted=True written=Chương 188 Đấu Taka.txt
[189/322] download chapter_id=23615005 file=Chương 189 Tuyên chiến Akatsuki. Sasuke mù lòa.txt
  OK decrypted=True written=Chương 189 Tuyên chiến Akatsuki. Sasuke mù lòa.txt
[190/322] download chapter_id=23620310 file=Chương 190 Chiến tranh kỳ quặc.txt
  OK decrypted=True written=Chương 190 Chiến tranh kỳ quặc.txt
[191/322] download chapter_id=23648309 file=Chương 191 Kế hoạch Lột mặt nạ Kakashi.txt
  OK decrypted=True written=Chương 191 Kế hoạch Lột mặt nạ Kakashi.txt
[192/322] download chapter_id=23648753 file=Chương 192 Đệ Lục.txt
  OK decrypted=True written=Chương 192 Đệ Lục.txt
[193/322] download chapter_id=23653770 file=Chương 193 Mùa xuân của Jiraiya.txt
  OK decrypted=True written=Chương 193 Mùa xuân của Jiraiya.txt
[194/322] download chapter_id=23653908 file=Chương 194 Mùa xuân của Jiraiya tiếp theo.txt
  OK decrypted=True written=Chương 194 Mùa xuân của Jiraiya tiếp theo.txt
[195/322] download chapter_id=23654448 file=Chương 195 Mùa xuân của Jiraiya hết.txt
  OK decrypted=True written=Chương 195 Mùa xuân của Jiraiya hết.txt
[196/322] download chapter_id=23679443 file=Chương 196 Rouran.txt
  OK decrypted=True written=Chương 196 Rouran.txt
[197/322] download chapter_id=23681898 file=Chương 197 Quái vật của cát.txt
  OK decrypted=True written=Chương 197 Quái vật của cát.txt
[198/322] download chapter_id=23682328 file=Chương 198 Phong ấn kích hoạt.txt
  OK decrypted=True written=Chương 198 Phong ấn kích hoạt.txt
[199/322] download chapter_id=23682973 file=Chương 199 Xuyên không.txt
  OK decrypted=True written=Chương 199 Xuyên không.txt
[200/322] download chapter_id=23683173 file=Chương 200 Theo dõi.txt
  OK decrypted=True written=Chương 200 Theo dõi.txt
[201/322] download chapter_id=23695225 file=Chương 201 Bị phát hiện.txt
  OK decrypted=True written=Chương 201 Bị phát hiện.txt
[202/322] download chapter_id=23714437 file=Chương 202 Root đột kích.txt
  OK decrypted=True written=Chương 202 Root đột kích.txt
[203/322] download chapter_id=23716203 file=Chương 203 Ngày 10 tháng 10.txt
  OK decrypted=True written=Chương 203 Ngày 10 tháng 10.txt
[204/322] download chapter_id=23716996 file=Chương 204 Lịch sử liệu có lặp lại.txt
  OK decrypted=True written=Chương 204 Lịch sử liệu có lặp lại.txt
[205/322] download chapter_id=23726336 file=Chương 205 Ta sẽ không để nó lặp lại.txt
  OK decrypted=True written=Chương 205 Ta sẽ không để nó lặp lại.txt
[206/322] download chapter_id=23726353 file=Chương 206 Giải cứu.txt
  OK decrypted=True written=Chương 206 Giải cứu.txt
[207/322] download chapter_id=23729406 file=Chương 207 Lộ mặt.txt
  OK decrypted=True written=Chương 207 Lộ mặt.txt
[208/322] download chapter_id=23730462 file=Chương 208 Tâm sự. Trở về.txt
  OK decrypted=True written=Chương 208 Tâm sự. Trở về.txt
[209/322] download chapter_id=23731243 file=Chương 209 Tế bào Hashirama.txt
  OK decrypted=True written=Chương 209 Tế bào Hashirama.txt
[210/322] download chapter_id=23732527 file=Chương 210 Nhiệm vụ mới. Kakashi bị chỉ đích danh.txt
  OK decrypted=True written=Chương 210 Nhiệm vụ mới. Kakashi bị chỉ đích danh.txt
[211/322] download chapter_id=23732530 file=Chương 211 Nhiệm vụ Tuyết Quốc.txt
  OK decrypted=True written=Chương 211 Nhiệm vụ Tuyết Quốc.txt
[212/322] download chapter_id=23745427 file=Chương 212 Tuyết Quốc đảo chính.txt
  OK decrypted=True written=Chương 212 Tuyết Quốc đảo chính.txt
[213/322] download chapter_id=23748665 file=Chương 213 Tuyết quốc đảo chính tiếp theo.txt
  OK decrypted=True written=Chương 213 Tuyết quốc đảo chính tiếp theo.txt
[214/322] download chapter_id=23753715 file=Chương 214 Tân nữ vương Tuyết Quốc.txt
  OK decrypted=True written=Chương 214 Tân nữ vương Tuyết Quốc.txt
[215/322] download chapter_id=23754021 file=Chương 215 Cuộc tấn công của Pain.txt
  OK decrypted=True written=Chương 215 Cuộc tấn công của Pain.txt
[216/322] download chapter_id=23754614 file=Chương 216 Cuộc tấn công của Pain tiếp theo.txt
  OK decrypted=True written=Chương 216 Cuộc tấn công của Pain tiếp theo.txt
[217/322] download chapter_id=23754953 file=Chương 217 Cuộc tấn công của Pain tiếp theo.txt
  OK decrypted=True written=Chương 217 Cuộc tấn công của Pain tiếp theo.txt
[218/322] download chapter_id=23755308 file=Chương 218 Cuộc tấn công của Pain tiếp theo.txt
  OK decrypted=True written=Chương 218 Cuộc tấn công của Pain tiếp theo.txt
[219/322] download chapter_id=23756935 file=Chương 219 Naruto vs. Sasuke.txt
  OK decrypted=True written=Chương 219 Naruto vs. Sasuke.txt
[220/322] download chapter_id=23760860 file=Chương 220 Vây công Obito.txt
  OK decrypted=True written=Chương 220 Vây công Obito.txt
[221/322] download chapter_id=23763479 file=Chương 221 Nỗi đau kết thúc.txt
  OK decrypted=True written=Chương 221 Nỗi đau kết thúc.txt
[222/322] download chapter_id=23793316 file=Chương 222 Tóm gọn.txt
  OK decrypted=True written=Chương 222 Tóm gọn.txt
[223/322] download chapter_id=23896949 file=Chương 223 Kế hoạch lột mặt nạ Kakashi lần 2.txt
  OK decrypted=True written=Chương 223 Kế hoạch lột mặt nạ Kakashi lần 2.txt
[224/322] download chapter_id=23899472 file=Chương 224 Kakashi và Mizukage.txt
  OK decrypted=True written=Chương 224 Kakashi và Mizukage.txt
[225/322] download chapter_id=23902232 file=Chương 225 Không tiêu đề.txt
  OK decrypted=True written=Chương 225 Không tiêu đề.txt
[226/322] download chapter_id=23937620 file=Chương 226 Kế hoạch hồi sinh tiến hành.txt
  OK decrypted=True written=Chương 226 Kế hoạch hồi sinh tiến hành.txt
[227/322] download chapter_id=23946556 file=Chương 227 Uế Thổ Chuyển Sinh.txt
  OK decrypted=True written=Chương 227 Uế Thổ Chuyển Sinh.txt
[228/322] download chapter_id=23947002 file=Chương 228 Uế Thổ Chuyển Sinh tiếp theo.txt
  OK decrypted=True written=Chương 228 Uế Thổ Chuyển Sinh tiếp theo.txt
[229/322] download chapter_id=23947466 file=Chương 229 Uế Thổ Chuyển Sinh Kết thúc.txt
  OK decrypted=True written=Chương 229 Uế Thổ Chuyển Sinh Kết thúc.txt
[230/322] download chapter_id=23949451 file=Chương 230 Các huyền thoại trở về.txt
  OK decrypted=True written=Chương 230 Các huyền thoại trở về.txt
[231/322] download chapter_id=23950691 file=Chương 231 Tình thân gia đình.txt
  OK decrypted=True written=Chương 231 Tình thân gia đình.txt
[232/322] download chapter_id=23968200 file=Chương 232 Tình thân gia đình tiếp theo.txt
  OK decrypted=True written=Chương 232 Tình thân gia đình tiếp theo.txt
[233/322] download chapter_id=23988085 file=Chương 233 Rinnegan.txt
  OK decrypted=True written=Chương 233 Rinnegan.txt
[234/322] download chapter_id=23988472 file=Chương 234 Uchiha Madara.txt
  OK decrypted=True written=Chương 234 Uchiha Madara.txt
[235/322] download chapter_id=24090660 file=Chương 235 Uchiha Madara tiếp theo.txt
  OK decrypted=True written=Chương 235 Uchiha Madara tiếp theo.txt
[236/322] download chapter_id=24092105 file=Chương 236 Thuyết phục Madara.txt
  OK decrypted=True written=Chương 236 Thuyết phục Madara.txt
[237/322] download chapter_id=24093492 file=Chương 237 Thuyết phục Madara tiếp theo.txt
  OK decrypted=True written=Chương 237 Thuyết phục Madara tiếp theo.txt
[238/322] download chapter_id=24102058 file=Chương 238 Phép màu.txt
  OK decrypted=True written=Chương 238 Phép màu.txt
[239/322] download chapter_id=24113998 file=Chương 239 Kỳ nghỉ ngắn ngày.txt
  OK decrypted=True written=Chương 239 Kỳ nghỉ ngắn ngày.txt
[240/322] download chapter_id=24114200 file=Chương 240 Otsutsuki Isshiki.txt
  OK decrypted=True written=Chương 240 Otsutsuki Isshiki.txt
[241/322] download chapter_id=24116625 file=Chương 241 Ác chiến Isshiki.txt
  OK decrypted=True written=Chương 241 Ác chiến Isshiki.txt
[242/322] download chapter_id=24116929 file=Chương 242 Ác chiến Isshiki tiếp theo.txt
  OK decrypted=True written=Chương 242 Ác chiến Isshiki tiếp theo.txt
[243/322] download chapter_id=24118293 file=Chương 243 Vergil xuất thủ.txt
  OK decrypted=True written=Chương 243 Vergil xuất thủ.txt
[244/322] download chapter_id=24129533 file=Chương 244 Jinchuriki Thập Vĩ.txt
  OK decrypted=True written=Chương 244 Jinchuriki Thập Vĩ.txt
[245/322] download chapter_id=24158929 file=Chương 245 Khách đến từ dị giới.txt
  OK decrypted=True written=Chương 245 Khách đến từ dị giới.txt
[246/322] download chapter_id=24159922 file=Chương 246 Dante đến Konoha.txt
  OK decrypted=True written=Chương 246 Dante đến Konoha.txt
[247/322] download chapter_id=24190767 file=Chương 247 Anh em gặp mặt.txt
  OK decrypted=True written=Chương 247 Anh em gặp mặt.txt
[248/322] download chapter_id=24254432 file=Chương 248 Hòa nhập.txt
  OK decrypted=True written=Chương 248 Hòa nhập.txt
[249/322] download chapter_id=24255060 file=Chương 249 Madara vs. Dante.txt
  OK decrypted=True written=Chương 249 Madara vs. Dante.txt
[250/322] download chapter_id=24255163 file=Chương 250 Madara vs. Dante tiếp theo.txt
  OK decrypted=True written=Chương 250 Madara vs. Dante tiếp theo.txt
[251/322] download chapter_id=24493006 file=Chương 251 Trở lại Rōran.txt
  OK decrypted=True written=Chương 251 Trở lại Rōran.txt
[252/322] download chapter_id=24512990 file=Chương 252 Chiến đấu.txt
  OK decrypted=True written=Chương 252 Chiến đấu.txt
[253/322] download chapter_id=24513616 file=Chương 253 Chiến đấu Tiếp theo.txt
  OK decrypted=True written=Chương 253 Chiến đấu Tiếp theo.txt
[254/322] download chapter_id=24515256 file=Chương 254 Sức mạnh mới. Thu thập Long Mạch.txt
  OK decrypted=True written=Chương 254 Sức mạnh mới. Thu thập Long Mạch.txt
[255/322] download chapter_id=24542464 file=Chương 255 Naruto vs. Vergil.txt
  OK decrypted=True written=Chương 255 Naruto vs. Vergil.txt
[256/322] download chapter_id=24546404 file=Chương 256 Lại tới cuộc họp tứ Kage.txt
  OK decrypted=True written=Chương 256 Lại tới cuộc họp tứ Kage.txt
[257/322] download chapter_id=24595367 file=Chương 257 Không còn thời gian.txt
  OK decrypted=True written=Chương 257 Không còn thời gian.txt
[258/322] download chapter_id=24596255 file=Chương 258 Liên minh Nhẫn giới thành lập.txt
  OK decrypted=True written=Chương 258 Liên minh Nhẫn giới thành lập.txt
[259/322] download chapter_id=24657044 file=Chương 259 Liên minh Nhẫn giới thành lập tiếp theo.txt
  OK decrypted=True written=Chương 259 Liên minh Nhẫn giới thành lập tiếp theo.txt
[260/322] download chapter_id=24677057 file=Chương 260 Đám cưới Đệ Lục.txt
  OK decrypted=True written=Chương 260 Đám cưới Đệ Lục.txt
[261/322] download chapter_id=24677354 file=Chương 261 Đám cưới Đệ Lục tiếp theo.txt
  OK decrypted=True written=Chương 261 Đám cưới Đệ Lục tiếp theo.txt
[262/322] download chapter_id=24680690 file=Chương 262 Nhị Vĩ hồi sinh. Bắt Nhị Vĩ.txt
  OK decrypted=True written=Chương 262 Nhị Vĩ hồi sinh. Bắt Nhị Vĩ.txt
[263/322] download chapter_id=24730537 file=Chương 263 Bát Vĩ hồi sinh.txt
  OK decrypted=True written=Chương 263 Bát Vĩ hồi sinh.txt
[264/322] download chapter_id=24782502 file=Chương 264 Lục Đạo Madara.txt
  OK decrypted=True written=Chương 264 Lục Đạo Madara.txt
[265/322] download chapter_id=24782649 file=Chương 265 Sự tiến bộ của Madara.txt
  OK decrypted=True written=Chương 265 Sự tiến bộ của Madara.txt
[266/322] download chapter_id=24785750 file=Chương 266 Hiến tế Isshiki.txt
  OK decrypted=True written=Chương 266 Hiến tế Isshiki.txt
[267/322] download chapter_id=24786887 file=Chương 267 Hiến tế Isshiki tiếp theo.txt
  OK decrypted=True written=Chương 267 Hiến tế Isshiki tiếp theo.txt
[268/322] download chapter_id=24859610 file=Chương 268 Năm năm sau Thế hệ mới chào đời.txt
  OK decrypted=True written=Chương 268 Năm năm sau Thế hệ mới chào đời.txt
[269/322] download chapter_id=24861804 file=Chương 269 Kẻ địch giáng lâm.txt
  OK decrypted=True written=Chương 269 Kẻ địch giáng lâm.txt
[270/322] download chapter_id=24935066 file=Chương 270 Giao chiến.txt
  OK decrypted=True written=Chương 270 Giao chiến.txt
[271/322] download chapter_id=24945197 file=Chương 271 Bắt Kinshiki.txt
  OK decrypted=True written=Chương 271 Bắt Kinshiki.txt
[272/322] download chapter_id=24945856 file=Chương 272 Đánh đuổi Momoshiki.txt
  OK decrypted=True written=Chương 272 Đánh đuổi Momoshiki.txt
[273/322] download chapter_id=25023209 file=Chương 273 Đánh đuổi Urashiki.txt
  OK decrypted=True written=Chương 273 Đánh đuổi Urashiki.txt
[274/322] download chapter_id=25017605 file=Chương 274 Âm mưu của Momoshiki.txt
  OK decrypted=True written=Chương 274 Âm mưu của Momoshiki.txt
[275/322] download chapter_id=25017978 file=Chương 275 Bóng đêm nuốt chửng.txt
  OK decrypted=True written=Chương 275 Bóng đêm nuốt chửng.txt
[276/322] download chapter_id=25018753 file=Chương 276 Thợ săn quỷ.txt
  OK decrypted=True written=Chương 276 Thợ săn quỷ.txt
[277/322] download chapter_id=25021864 file=Chương 277 Thiết lập vành đai Thủy Quốc.txt
  OK decrypted=True written=Chương 277 Thiết lập vành đai Thủy Quốc.txt
[278/322] download chapter_id=25021884 file=Chương 278 Huyết chiến tại bờ biển Thủy Quốc.txt
  OK decrypted=True written=Chương 278 Huyết chiến tại bờ biển Thủy Quốc.txt
[279/322] download chapter_id=25022208 file=Chương 279 Huyết chiến tại bờ biển Thủy Quốc tiếp theo.txt
  OK decrypted=True written=Chương 279 Huyết chiến tại bờ biển Thủy Quốc tiếp theo.txt
[280/322] download chapter_id=25022666 file=Chương 280 Goliath.txt
  OK decrypted=True written=Chương 280 Goliath.txt
[281/322] download chapter_id=25036461 file=Chương 281 Hell Gate.txt
  OK decrypted=True written=Chương 281 Hell Gate.txt
[282/322] download chapter_id=25038275 file=Chương 282 Lại chiến.txt
  OK decrypted=True written=Chương 282 Lại chiến.txt
[283/322] download chapter_id=25038838 file=Chương 283 Momoshiki bại.txt
  OK decrypted=True written=Chương 283 Momoshiki bại.txt
[284/322] download chapter_id=25072203 file=Chương 284 Urashiki bại.txt
  OK decrypted=True written=Chương 284 Urashiki bại.txt
[285/322] download chapter_id=25084207 file=Chương 285 Đại chiến kết thúc.txt
  OK decrypted=True written=Chương 285 Đại chiến kết thúc.txt
[286/322] download chapter_id=25084996 file=Chương 286 Hậu chiến.txt
  OK decrypted=True written=Chương 286 Hậu chiến.txt
[287/322] download chapter_id=25098361 file=Chương 287 Một lần nữa lên Mặt Trăng.txt
  OK decrypted=True written=Chương 287 Một lần nữa lên Mặt Trăng.txt
[288/322] download chapter_id=25110740 file=Chương 288 Tổ tinh tộc Otsutsuki.txt
  OK decrypted=True written=Chương 288 Tổ tinh tộc Otsutsuki.txt
[289/322] download chapter_id=25115142 file=Chương 289 Đại kết cục Nhẫn giới.txt
  OK decrypted=True written=Chương 289 Đại kết cục Nhẫn giới.txt
[290/322] download chapter_id=25132500 file=Chương 290 10 năm sau.txt
  OK decrypted=True written=Chương 290 10 năm sau.txt
[291/322] download chapter_id=25139635 file=Chương 291 Gia đình Namikaze.txt
  OK decrypted=True written=Chương 291 Gia đình Namikaze.txt
[292/322] download chapter_id=25144895 file=Chương 292 Chuyến dã ngoại. Sát thương của Namikaze Io.txt
  OK decrypted=True written=Chương 292 Chuyến dã ngoại. Sát thương của Namikaze Io.txt
[293/322] download chapter_id=25146539 file=Chương 293 Khốn cảnh của Kurama.txt
  OK decrypted=True written=Chương 293 Khốn cảnh của Kurama.txt
[294/322] download chapter_id=25166393 file=Chương 294 Lại có khách từ dị thế giới.txt
  OK decrypted=True written=Chương 294 Lại có khách từ dị thế giới.txt
[295/322] download chapter_id=25166889 file=Chương 295 Bị bao vây.txt
  OK decrypted=True written=Chương 295 Bị bao vây.txt
[296/322] download chapter_id=25167492 file=Chương 296 Bị bao vây tiếp theo.txt
  OK decrypted=True written=Chương 296 Bị bao vây tiếp theo.txt
[297/322] download chapter_id=25173387 file=Chương 297 Boruto cầu cứu.txt
  OK decrypted=True written=Chương 297 Boruto cầu cứu.txt
[298/322] download chapter_id=25173395 file=Chương 298 Đặt chân tới dị giới.txt
  OK decrypted=True written=Chương 298 Đặt chân tới dị giới.txt
[299/322] download chapter_id=25182935 file=Chương 299 Lộ mặt.txt
  OK decrypted=True written=Chương 299 Lộ mặt.txt
[300/322] download chapter_id=25232048 file=Chương 300 Ôn chuyện với Kakashi.txt
  OK decrypted=True written=Chương 300 Ôn chuyện với Kakashi.txt
[301/322] download chapter_id=25232531 file=Chương 301 Giải cứu Sasuke.txt
  OK decrypted=True written=Chương 301 Giải cứu Sasuke.txt
[302/322] download chapter_id=25243104 file=Chương 302 Giải cứu Sasuke tiếp theo.txt
  OK decrypted=True written=Chương 302 Giải cứu Sasuke tiếp theo.txt
[303/322] download chapter_id=25277034 file=Chương 303 Hóa ra lại là Isshiki.txt
  OK decrypted=True written=Chương 303 Hóa ra lại là Isshiki.txt
[304/322] download chapter_id=25277040 file=Chương 304 Giải cứu Đệ Thất.txt
  OK decrypted=True written=Chương 304 Giải cứu Đệ Thất.txt
[305/322] download chapter_id=25292433 file=Chương 305 Code.txt
  OK decrypted=True written=Chương 305 Code.txt
[306/322] download chapter_id=25294187 file=Chương 306 Đệ Thất trở về.txt
  OK decrypted=True written=Chương 306 Đệ Thất trở về.txt
[307/322] download chapter_id=25294570 file=Chương 307 Trở về Nhẫn giới.txt
  OK decrypted=True written=Chương 307 Trở về Nhẫn giới.txt
[308/322] download chapter_id=25294881 file=Chương 308 Tạm biệt Sasuke dị giới. Lấy đi Rinnegan.txt
  OK decrypted=True written=Chương 308 Tạm biệt Sasuke dị giới. Lấy đi Rinnegan.txt
[309/322] download chapter_id=25303191 file=Chương 309 Đi tìm Vergil và Dante.txt
  OK decrypted=True written=Chương 309 Đi tìm Vergil và Dante.txt
[310/322] download chapter_id=25316271 file=Chương 310 Tổ tinh Otsutsuki.txt
  OK decrypted=True written=Chương 310 Tổ tinh Otsutsuki.txt
[311/322] download chapter_id=25316488 file=Chương 311 Mundus.txt
  OK decrypted=True written=Chương 311 Mundus.txt
[312/322] download chapter_id=25316953 file=Chương 312 Jackpot.txt
  OK decrypted=True written=Chương 312 Jackpot.txt
[313/322] download chapter_id=25317927 file=Chương 313 Đại kết cục.txt
  OK decrypted=True written=Chương 313 Đại kết cục.txt
[314/322] download chapter_id=25332436 file=Chương 314 Ngoại truyện Uchiha Madara du lịch dị giới.txt
  OK decrypted=True written=Chương 314 Ngoại truyện Uchiha Madara du lịch dị giới.txt
[315/322] download chapter_id=25354067 file=Chương 315 Ngoại truyện Madara du lịch dị giới tiếp theo.txt
  OK decrypted=True written=Chương 315 Ngoại truyện Madara du lịch dị giới tiếp theo.txt
[316/322] download chapter_id=25355975 file=Chương 316 Shinobi ở dị giới.txt
  OK decrypted=True written=Chương 316 Shinobi ở dị giới.txt
[317/322] download chapter_id=25356611 file=Chương 317 Shinobi ở dị giới tiếp theo.txt
  OK decrypted=True written=Chương 317 Shinobi ở dị giới tiếp theo.txt
[318/322] download chapter_id=25372118 file=Chương 318 Huấn luyện đội Sentai.txt
  OK decrypted=True written=Chương 318 Huấn luyện đội Sentai.txt
[319/322] download chapter_id=25372966 file=Chương 319 Huấn luyện đội Sentai Tiếp theo.txt
  OK decrypted=True written=Chương 319 Huấn luyện đội Sentai Tiếp theo.txt
[320/322] download chapter_id=25435319 file=Chương 320 Super Sentai chiến đấu.txt
  OK decrypted=True written=Chương 320 Super Sentai chiến đấu.txt
[321/322] download chapter_id=25481244 file=Chương 321 Super Sentai chiến đấu kết thúc.txt
  OK decrypted=True written=Chương 321 Super Sentai chiến đấu kết thúc.txt
[322/322] download chapter_id=25481529 file=Chương 322 Lời cảm ơn độc giả.txt
  OK decrypted=True written=Chương 322 Lời cảm ơn độc giả.txt
final_ok=322
final_fail=0
out=C:\Dev\MTC\Devil'S Path Quỷ Giới Và Nhẫn Giới

[stderr]
