book=Dị Giới Trọng Sinh Lục
book_id=114701
out=C:\Dev\MTC\Dị Giới Trọng Sinh Lục
chapters_total=34 expected=34
[1/34] download chapter_id=15353300 file=Chương 1 Trọng sinh.txt
  OK decrypted=True written=Chương 1 Trọng sinh.txt
[2/34] download chapter_id=15353301 file=Chương 2 Học Viện Trung Cấp Tinh Thần 2000 năm Thiên Vân Tinh tân kỷ nguyên.txt
  OK decrypted=True written=Chương 2 Học Viện Trung Cấp Tinh Thần 2000 năm Thiên Vân Tinh tân kỷ nguyên.txt
[3/34] download chapter_id=15353302 file=Chương 3 Thâm Uyên Nhân Loại Anh Hùng Sử.txt
  OK decrypted=True written=Chương 3 Thâm Uyên Nhân Loại Anh Hùng Sử.txt
[4/34] download chapter_id=15353303 file=Chương 4 «The War of Gods».txt
  OK decrypted=True written=Chương 4 «The War of Gods».txt
[5/34] download chapter_id=15353304 file=Chương 5 Cơ chế cơ bản của hệ thống rút thưởng đại bạo.txt
  OK decrypted=True written=Chương 5 Cơ chế cơ bản của hệ thống rút thưởng đại bạo.txt
[6/34] download chapter_id=15353305 file=Chương 6 Mâu thuẫn.txt
  OK decrypted=True written=Chương 6 Mâu thuẫn.txt
[7/34] download chapter_id=15353306 file=Chương 7 Thức tỉnh chân linh 1 Cấp S hiện thế một đoạn kiếm gãy.txt
  OK decrypted=True written=Chương 7 Thức tỉnh chân linh 1 Cấp S hiện thế một đoạn kiếm gãy.txt
[8/34] download chapter_id=15353307 file=Chương 8 Thức tỉnh chân linh 2 Liên tiếp cấp S thức tỉnh khí vận tụ tập Hạ Phong chân linh.txt
  OK decrypted=True written=Chương 8 Thức tỉnh chân linh 2 Liên tiếp cấp S thức tỉnh khí vận tụ tập Hạ Phong chân linh.txt
[9/34] download chapter_id=15353308 file=Chương 9 Biến cố phẫn nộ.txt
  OK decrypted=True written=Chương 9 Biến cố phẫn nộ.txt
[10/34] download chapter_id=15353309 file=Chương 10 Tiến nhập phó bản Hàn Băng Sâm Lâm.txt
  OK decrypted=True written=Chương 10 Tiến nhập phó bản Hàn Băng Sâm Lâm.txt
[11/34] download chapter_id=15353313 file=Chương 11 Nhiệm vụ đầu tiên.txt
  OK decrypted=True written=Chương 11 Nhiệm vụ đầu tiên.txt
[12/34] download chapter_id=15358953 file=Chương 12 Nathan.txt
  OK decrypted=True written=Chương 12 Nathan.txt
[13/34] download chapter_id=15361763 file=Chương 13 Phức tạp tâm tình phát hiện.txt
  OK decrypted=True written=Chương 13 Phức tạp tâm tình phát hiện.txt
[14/34] download chapter_id=15363318 file=Chương 14 Trận chiến đầu tiên quỷ dị khí lưu màu xám.txt
  OK decrypted=True written=Chương 14 Trận chiến đầu tiên quỷ dị khí lưu màu xám.txt
[15/34] download chapter_id=15367567 file=Chương 15 Lily tình cảm Anna tới thăm.txt
  OK decrypted=True written=Chương 15 Lily tình cảm Anna tới thăm.txt
[16/34] download chapter_id=15373501 file=Chương 16 Ma hoá Nathan.txt
  OK decrypted=True written=Chương 16 Ma hoá Nathan.txt
[17/34] download chapter_id=15378373 file=Chương 17 Thức thứ bảy Lôi Duệ Thương.txt
  OK decrypted=True written=Chương 17 Thức thứ bảy Lôi Duệ Thương.txt
[18/34] download chapter_id=15381086 file=Chương 18 Bằng vào danh nghĩa này.txt
  OK decrypted=True written=Chương 18 Bằng vào danh nghĩa này.txt
[19/34] download chapter_id=15383397 file=Chương 19 Lão bà bà Tuyết Trường Thanh vấn đề chân linh giải quyết.txt
  OK decrypted=True written=Chương 19 Lão bà bà Tuyết Trường Thanh vấn đề chân linh giải quyết.txt
[20/34] download chapter_id=15383411 file=Chương 20 Lại có cấp S Siêu vi hình bí cảnh danh ngạch tranh đoạt giải đấu.txt
  OK decrypted=True written=Chương 20 Lại có cấp S Siêu vi hình bí cảnh danh ngạch tranh đoạt giải đấu.txt
[21/34] download chapter_id=15392998 file=Chương 21 Tại đây một cái truyền kỳ sinh ra.txt
  OK decrypted=True written=Chương 21 Tại đây một cái truyền kỳ sinh ra.txt
[22/34] download chapter_id=15393298 file=Chương 22 Ngoại truyện 1 Mãi mãi luôn luôn và... vĩnh hằng.txt
  OK decrypted=True written=Chương 22 Ngoại truyện 1 Mãi mãi luôn luôn và... vĩnh hằng.txt
[23/34] download chapter_id=15400568 file=Chương 23 Buổi đấu giá.txt
  OK decrypted=True written=Chương 23 Buổi đấu giá.txt
[24/34] download chapter_id=15405197 file=Chương 24 Vật phẩm áp trục dị thuộc tính hiện thân.txt
  OK decrypted=True written=Chương 24 Vật phẩm áp trục dị thuộc tính hiện thân.txt
[25/34] download chapter_id=15406598 file=Chương 25 Người đạt được dị hoả mới gặp Bạch Linh.txt
  OK decrypted=True written=Chương 25 Người đạt được dị hoả mới gặp Bạch Linh.txt
[26/34] download chapter_id=15422103 file=Chương 26 Tinh Huy là soi sáng tinh không ánh sao.txt
  OK decrypted=True written=Chương 26 Tinh Huy là soi sáng tinh không ánh sao.txt
[27/34] download chapter_id=15429840 file=Chương 27 Trận chiến mở màn.txt
  OK decrypted=True written=Chương 27 Trận chiến mở màn.txt
[28/34] download chapter_id=15435776 file=Chương 28 Trận đầu toàn thắng.txt
  OK decrypted=True written=Chương 28 Trận đầu toàn thắng.txt
[29/34] download chapter_id=15447879 file=Chương 29 Hệ thống nâng cấp.txt
  OK decrypted=True written=Chương 29 Hệ thống nâng cấp.txt
[30/34] download chapter_id=15453905 file=Chương 30 Không biết đặt tiêu đề gì.txt
  OK decrypted=True written=Chương 30 Không biết đặt tiêu đề gì.txt
[31/34] download chapter_id=15472580 file=Chương 31 Vòng tiếp theo bắt đầu.txt
  OK decrypted=True written=Chương 31 Vòng tiếp theo bắt đầu.txt
[32/34] download chapter_id=15489900 file=Chương 32 Thông báo một chút ;.txt
  OK decrypted=True written=Chương 32 Thông báo một chút ;.txt
[33/34] download chapter_id=15501077 file=Chương 33 Âm mưu tuyết.txt
  OK decrypted=True written=Chương 33 Âm mưu tuyết.txt
[34/34] download chapter_id=15520345 file=Chương 34 Sơ ngộ khoa kỹ lưu.txt
  OK decrypted=True written=Chương 34 Sơ ngộ khoa kỹ lưu.txt
final_ok=34
final_fail=0
out=C:\Dev\MTC\Dị Giới Trọng Sinh Lục

[stderr]
