queue=1428 state_done=239 state_failed=2
[1/1428] SKIP 100480 Tỳ Nhan
[2/1428] SKIP 101141 Tam Giới Thánh Sư
[3/1428] SKIP 153594 The Noexistencen Of You And Me: Nếu Ta Có Ngươi
[4/1428] SKIP 101441 Tam Thể
[5/1428] SKIP 101399 Toàn Dân Tu Võ
[6/1428] SKIP 100401 Đại Chúa Tể Tiền Truyện
[7/1428] SKIP 101711 Thập Tông Tội 3
[8/1428] SKIP 101710 Thập Tông Tội 2
[9/1428] SKIP 100475 Vạn Giới Ra Mắt Hệ Thống
[10/1428] SKIP 101419 Nỗ Lực Thực Hữu Dụng
[11/1428] SKIP 101708 Thập Tông Tội 1
[12/1428] SKIP 101722 Triều Nội 81 Hào
[13/1428] SKIP 100970 Lục Tích Chi Đại Hoang Tế
[14/1428] SKIP 101066 Lục Tích Chi Mộng Yểm Cung
[15/1428] SKIP 101255 Ta Có Thể Hút Ngươi Tạo Hóa
[16/1428] SKIP 100484 Vạn Năng Cố Vấn
[17/1428] SKIP 100486 Hệ Thống Cung Hóa Thương
[18/1428] SKIP 101376 Nguyên Thế Giới Chi Thiên Diễn
[19/1428] SKIP 101072 Nguyện Vọng Thiên Thư
[20/1428] SKIP 101393 Đấu La Đại Lục Chi Đường Môn Anh Hùng
[21/1428] SKIP 100693 Hàng Long Giác Tỉnh
[22/1428] SKIP 101836 Lão Tử Là Thiên Đế
[23/1428] SKIP 101632 Đô Thị Âm Dương Thiên Sư
[24/1428] SKIP 101133 Nghịch Phạt Tinh Hà
[25/1428] SKIP 100807 Nhất Niệm Sâm La
[26/1428] SKIP 101445 Hắn Đến Từ Địa Ngục
[27/1428] SKIP 100450 Ta Thật Chỉ Là Muốn Tìm Chết
[28/1428] SKIP 100495 Ta Đoạt Quỷ Vương Nữ Nhân
[29/1428] SKIP 101091 Toàn Chức Y Thánh
[30/1428] SKIP 101157 Quỷ Bí Thần Thám
[31/1428] SKIP 100482 Muội Muội Ta Là Thiếu Tư Mệnh
[32/1428] SKIP 100357 Cổ Kiếm Đồ Ma Lục
[33/1428] SKIP 100491 Vạn Năng Liên Tiếp Khí
[34/1428] SKIP 101395 Tu La Giác Tỉnh
[35/1428] SKIP 100534 Ác Ma Pháp Điển
[36/1428] SKIP 100707 Marvel Vô Song
[37/1428] SKIP 100608 Mệnh Vận Du Hí Chi Đế Quốc Quật Khởi
[38/1428] SKIP 100428 Thần Lan Kỳ Vực Vô Song Châu
[39/1428] SKIP 101478 Thôn Phệ Tinh Không Hậu Truyện
[40/1428] SKIP 100620 Ta Muốn Làm Người Tốt
[41/1428] SKIP 100312 Tiểu Long Nữ: Ta Sư Huynh Thật Cứng
[42/1428] SKIP 101640 Tiêu Diêu Túy Thế Lục
[43/1428] SKIP 101082 Tuyệt Đối Hư Cấu
[44/1428] SKIP 101565 Yêu Nghiệt Quật Khởi Lục
[45/1428] SKIP 100624 Vô Địch Tiên Tôn Đô Thị Tung Hoành
[46/1428] SKIP 101129 Thần Cấp Y Viện
[47/1428] SKIP 100924 Ta Nữ Phù Thuỷ Các Muội Muội
[48/1428] SKIP 100752 Hỏa Ảnh Chi Cái Hệ Thống Bất Lương
[49/1428] SKIP 101262 Ta Thành Huyền Huyễn Thế Giới Tổ Sư Gia
[50/1428] SKIP 101690 Quỷ Thần Quán Net
[51/1428] SKIP 100755 Tối Cường Yêu Nghiệt Đường Tăng
[52/1428] SKIP 101824 Tối Cường Thổ Hào Đả Kiểm Hệ Thống
[53/1428] SKIP 101346 Hokage Chi Vô Tận Trang Độn
[54/1428] SKIP 101070 Trọng Sinh Chi Đế Bá Tinh Không
[55/1428] SKIP 100521 Ta Có Vô Hạn Thanh Trang Bị
[56/1428] SKIP 101421 Đại Đạo Từ Tâm
[57/1428] SKIP 101786 Kuroko Mạnh Nhất Cầu Thần
[58/1428] SKIP 101750 Long Chau Chi Người Saiya Bản Năng
[59/1428] SKIP 101340 Siêu Năng Lực Gien Cải Tạo
[60/1428] SKIP 101846 Thần Cấp Diệp Lương Thần
[61/1428] SKIP 100125 Vương Triêu Trọng Hiện
[62/1428] SKIP 101370 Dragon Ball Chi Siêu Cấp Tiên Đậu
[63/1428] SKIP 100754 Wifi Tu Tiên
[64/1428] SKIP 101440 Hứa Tiên Bá Đồ
[65/1428] SKIP 101073 Võ Đạo Tiên Nông
[66/1428] SKIP 101828 Cộng Sinh Giới Chỉ
[67/1428] SKIP 101148 Đại Đường Đệ Nhất Hùng Hài Tử
[68/1428] SKIP 101600 Hokage Giới Ninja Trùm Phản Diện
[69/1428] SKIP 101080 Tương Lai 100 Triệu Năm
[70/1428] SKIP 101339 Trộm Món Ăn Hệ Thống
[71/1428] SKIP 101060 Siêu Cấp Quang Não Hệ Thống
[72/1428] SKIP 101842 Hổ Chi Dực
[73/1428] SKIP 100848 Làm Thần Linh Tại Nhật Bản
[74/1428] SKIP 101392 Phục Thiên Kiếm Tôn
[75/1428] SKIP 101854 Hokage Chi Giãy Giụa Vận Mệnh
[76/1428] SKIP 101864 Hải Tặc Chi Vương Giả Lộ
[77/1428] SKIP 100462 Tiên Môn Oai Đạo
[78/1428] SKIP 101135 Hokage Chi Ảnh Hoàng
[79/1428] SKIP 101394 Đại Sư Cứu Mạng
[80/1428] SKIP 101221 Marvel Thương Lôi Chi Ảnh
[81/1428] SKIP 101645 Đô Thị Chi Tối Ngưu Tu Tiên
[82/1428] SKIP 101764 Thám Tử Conan Chi Đại Thúc
[83/1428] SKIP 100870 Phu Nhân, Ta Yêu Mến Các Người A
[84/1428] SKIP 101477 Phật Bản Thị Đạo
[85/1428] SKIP 100858 Pokemon Tối Cường Giải Trí Quán Quân
[86/1428] SKIP 100485 Tam Quốc Chi Ưu Hóa Hệ Thống
[87/1428] SKIP 101681 Vô Hạn Cắn Nuốt Cự Thú
[88/1428] SKIP 101773 Detective Conan Chủ Tiệm Cà Phê
[89/1428] SKIP 101423 Nghịch Võ Chi Tôn
[90/1428] SKIP 101058 Trọng Sinh Ngộ Không Tu Yêu Lục
[91/1428] SKIP 101848 Fairy Tail Chi Huyễn Tưởng Tạo Hình Sư
[92/1428] SKIP 100209 Hokage Ninja Chi Tenseigan
[93/1428] SKIP 100719 Bạn Ngồi Cùng Bàn Hung Mãnh
[94/1428] SKIP 100711 Sử Thượng Mạnh Nhất Thánh Tử
[95/1428] SKIP 101859 Hải Tặc Chi Mạnh Nhất Hải Vương
[96/1428] SKIP 100489 Xuyên Việt Chi Vạn Năng Giả
[97/1428] SKIP 101098 Ngẫu Nhiên Trừng Phạt Khán Giả May Mắn
[98/1428] SKIP 101366 Đấu Phá Chi Phương Xa Uchiha
[99/1428] SKIP 101805 Slamdunk Chi Ikegami Ryoji
[100/1428] SKIP 100447 Vân Thiên Đế
[101/1428] SKIP 100445 Học Tỷ Của Ta Biết Ma Pháp
[102/1428] SKIP 100950 Hòa Vũ Không Nhất Khởi Du Long Châu
[103/1428] SKIP 101871 Hải Tặc Chi Ta Có Thể Đánh Quái
[104/1428] SKIP 100801 Ta Có Thể Khống Chế Đan Điền
[105/1428] SKIP 101759 Long Châu Cực Hạn Đột Phá
[106/1428] SKIP 101749 Kuroko No Basket Tống Mạn Hệ Thống
[107/1428] SKIP 100446 Tạo Hóa Đồ
[108/1428] SKIP 100647 Ai Lĩnh Khen Thưởng Của Ta
[109/1428] SKIP 101777 Bám Thân Mạnh Nhất Songoku
[110/1428] SKIP 101401 Siêu Thần Cảm Ứng
[111/1428] SKIP 100968 Loạn Tiên
[112/1428] SKIP 100115 Trọng Sinh Chi Mộng Huyễn Xạ Thủ
[113/1428] SKIP 100871 Kỵ Sĩ Vương, Ta Bạn Gái Trước
[114/1428] SKIP 100873 Trái Ác Quỷ Thành Tinh Rồi
[115/1428] SKIP 100183 Pokemon Chi Ta Chính Thê Là Cynthia
[116/1428] SKIP 100467 Âm Ti Thăng Chức
[117/1428] SKIP 100957 Somalia Đại Lãnh Chúa
[118/1428] SKIP 100346 Vạn Giới Trực Bá Chi Quân Lâm Thiên Hạ
[119/1428] SKIP 101087 Cực Đạo Chủ
[120/1428] SKIP 101833 Hải Tặc Vương Chi Tối Cường Chi Đồng
[121/1428] SKIP 101858 Hokage Chi Đại Triệu Hoán Sư
[122/1428] SKIP 101146 Ta Có Chín Cái Nữ Đế Tỷ Tỷ
[123/1428] SKIP 101699 Ngẫu Nhiên Từ Hải Tặc Bắt Đầu
[124/1428] SKIP 100969 Nhân Giới Thứ Nhất Tiên
[125/1428] SKIP 100433 Bắt Đầu Trăm Vạn Linh Thạch
[126/1428] SKIP 100919 Ta Có Chư Thiên Vạn Giới Đồ
[127/1428] SKIP 101588 One Piece Ta Có 999 Trái Ác Quỷ
[128/1428] SKIP 101731 Những Năm Đó Ta Bán Hung Trạch
[129/1428] SKIP 100612 Đại Chế Dược Sư Hệ Thống
[130/1428] SKIP 100340 Siêu Thứ Nguyên Trừu Tưởng
[131/1428] SKIP 101211 Sống Lại Làm Anime Đế Quốc
[132/1428] SKIP 101212 Đại Tần Thần Cấp Lỗ Ban
[133/1428] SKIP 100487 Dị Thế Mạnh Nhất Chiến Tiên Hệ Thống
[134/1428] SKIP 100179 Phá Vỡ Hokage
[135/1428] SKIP 100216 One Piece Chi La Lỵ Dưỡng Thành Hệ Thống
[136/1428] SKIP 100814 Bắt Đầu Từ Max Cấp Thuộc Tính
[137/1428] SKIP 101260 Nhà Ta Bạn Gái Là Siêu Sao
[138/1428] SKIP 101784 Em Gái Của Ta Là Umaru
[139/1428] SKIP 101844 Thiên Giới Gian Thương
[140/1428] SKIP 101263 Marvel: Vô Hạn Dị Năng
[141/1428] SKIP 100494 Trọng Sinh Chi Mạnh Nhất Linh Kiếm
[142/1428] SKIP 100496 Mị Hoặc Đế Vương Tâm: Đệ Nhất Sủng Phi
[143/1428] SKIP 101693 Ta Wechat Group Nối Liền Tam Giới
[144/1428] SKIP 100123 Sân Bóng Libero
[145/1428] SKIP 100137 Comic Chi Anh Hùng Guyver
[146/1428] SKIP 101860 Đại Hải Tặc Doflamingo
[147/1428] SKIP 100334 Đồng Thuật Trong Thế Giới Marvel
[148/1428] SKIP 100819 Đô Thị Chi Hệ Thống Đại Trừu Tưởng
[149/1428] SKIP 101074 Tín Ngưỡng Vạn Tuế
[150/1428] SKIP 100141 Bắt Đầu Từ Hôm Nay Làm Đại Phản Phái
[151/1428] SKIP 101149 Vạn Kiếm Chúa Tể
[152/1428] SKIP 101402 Vấn Đạo Chương
[153/1428] SKIP 100809 Ta Chỉ Nghĩ Ăn Lợi Tức
[154/1428] SKIP 101843 Trọng Sinh Chi Hương Thôn Dưỡng Trư
[155/1428] SKIP 100477 Binh Vương Chi Siêu Cấp Thấu Thị
[156/1428] SKIP 101496 Sủng Vật Của Ta Là Boss
[157/1428] SKIP 101850 Ta Tại Tiên Phàm Lưỡng Giới Tăng Tốc Độ
[158/1428] DOWNLOAD 100507 Ma Pháp Thợ Săn Thần Chi Truyền Thuyết chapters=337 status=Hoàn thành
[1/1] 100507 Ma Pháp Thợ Săn Thần Chi Truyền Thuyết chapters=337 status=Hoàn thành
❌ Lỗi khi tải chương 10485649: HTTPSConnectionPool(host='android.lonoapp.net', port=443): Read timed out. (read timeout=10)
❌ Lỗi khi tải chương 10485655: HTTPSConnectionPool(host='android.lonoapp.net', port=443): Read timed out. (read timeout=10)
❌ Lỗi khi tải chương 10485703: HTTPSConnectionPool(host='android.lonoapp.net', port=443): Read timed out. (read timeout=10)
❌ Lỗi khi tải chương 10485711: HTTPSConnectionPool(host='android.lonoapp.net', port=443): Read timed out. (read timeout=10)
  => status=ok ok=337 skip=0 fail=0

DONE: processed=1 errors=0
STATE=C:\Dev\MTC_DOWNLOAD\logs\download_all_missing_state.json
  RESULT id=100507 rc=0 elapsed=88.25s
[159/1428] SKIP 101005 Nho Nhã Hiền Hoà Ta Không Phải Ma Đầu
[160/1428] SKIP 101106 Ta Có Một Cái Tiến Hóa Điểm
[161/1428] SKIP 100184 Hokage Chi Ma Vương Tiến Hóa Luận
[162/1428] SKIP 101284 Hokage Chi Uy Chấn Thiên Hạ
[163/1428] SKIP 101442 Hỏa Ảnh Chi Lăng Thiên Kiếm Đạo
[164/1428] SKIP 101446 Thôn Phệ Vạn Giới
[165/1428] SKIP 100337 Phần Tịch Tinh Không
[166/1428] SKIP 101721 Bắt Đầu Giết Chóc
[167/1428] SKIP 101762 Long Châu Chi Tối Cường Sharingan
[168/1428] SKIP 101801 Đấu La Chi Băng Hoàng
[169/1428] SKIP 101201 Hướng Về Làng Giải Trí Nã Pháo
[170/1428] SKIP 101849 Dưỡng Một Con Mèo
[171/1428] SKIP 100186 Dragon Ball Chi Hành Trình Về Nhà
[172/1428] SKIP 101706 Một Quyền Nháy Mắt Hạ Gục Hệ Thống
[173/1428] SKIP 100843 Trùng Sinh Tiểu Thuyết Phản Phái Công Tử
[174/1428] SKIP 100493 Hắc Khoa Kỹ Cung Ứng Thương
[175/1428] SKIP 101466 Từ Giờ Phút Này Bắt Đầu Khiến Cho Thế Giới Cảm Thụ Thống Khổ
[176/1428] SKIP 101103 Xuyên Qua Đại Tần Làm Bạo Quân
[177/1428] SKIP 100504 Tận Thế Cực Hạn Tìm Đường Chết
[178/1428] SKIP 100514 Cửu Giai Hacker
[179/1428] SKIP 101868 Hunter X Hunter Vương Tọa
[180/1428] SKIP 100505 Chung Cực Vạn Năng Thăng Cấp Hệ Thống
[181/1428] SKIP 100685 Ta Có Thể Thăng Cấp Thiên Phú A!
[182/1428] SKIP 100764 Thiên Đạo Tàng Kinh Các
[183/1428] SKIP 101344 Bán Ra Tương Lai
[184/1428] SKIP 101501 Siêu Thần Tinh Thẻ Sư
[185/1428] SKIP 101413 Hải Tặc Chi Thành Tựu Hệ Thống
[186/1428] SKIP 100513 Ta Là Nội Y Cuồng
[187/1428] SKIP 101200 Tối Cường Nông Dân Trang Bức Hệ Thống
[188/1428] SKIP 101547 Ma Pháp Sư
[189/1428] SKIP 100187 Hokage Chi Vũ Thần Hệ Thống
[190/1428] SKIP 101865 Hokage Tù Binh
[191/1428] SKIP 100784 Tuyệt Thế Yêu Đế
[192/1428] SKIP 100215 Võng Du Chi Tiến Hóa
[193/1428] SKIP 101248 Du Nhàn Đại Địa Chủ
[194/1428] SKIP 100818 Tối Cường Internet Thần Hào
[195/1428] SKIP 101756 Vạn Năng Sửa Chữa Phô
[196/1428] SKIP 100218 Hokage Chi Gensokyo Đại Đệ Tử
[197/1428] SKIP 101352 Trường Đạo Tạo Thần Tiên Chức Nghiệp
[198/1428] SKIP 100595 Tối Cường Hố Hàng Học Sinh
[199/1428] SKIP 100522 Kêu Gọi Ta A
[200/1428] SKIP 100686 Onepiece Chi Loạn Nhập Hệ Thống
[201/1428] SKIP 100789 Tê Thiên Kỷ
[202/1428] SKIP 101679 Thần Cấp Trò Chơi Ở Cổ Đại
[203/1428] SKIP 101296 Mạnh Nhất Siêu Cấp Anh Hùng
[204/1428] SKIP 100188 Vô Hạn Hộ Hoa
[205/1428] SKIP 100112 Lục Nhân Tuệ Tinh
[206/1428] SKIP 100656 Ta Có Một Bộ Đại Đế Phân Thân
[207/1428] SKIP 100811 Hồng Hoang Chi Ta Ở Tây Du Đánh Dấu
[208/1428] SKIP 101144 Phàm Nhân Tru Tiên Duyên
[209/1428] SKIP 101553 Đại Chưởng Môn Hệ Thống
[210/1428] SKIP 100509 Dị Giới Chi Ác Ma Thợ Săn
[211/1428] SKIP 100618 Thính Linh Sư
[212/1428] SKIP 100519 Giống Như Cao Thủ Ở Dị Giới
[213/1428] SKIP 101377 Đấu La Đại Lục Chi Rinnegan
[214/1428] SKIP 100448 Sử Thượng Đệ Nhất Mật Thám
[215/1428] SKIP 100455 Cựu Nhật Chúa Tể
[216/1428] SKIP 100501 Ta Cung Hóa Thương Là Chủ Thần
[217/1428] SKIP 101791 Slytherin Ma Chú Vương Tử
[218/1428] SKIP 101249 Thần Sủng Hàng Lâm
[219/1428] SKIP 100980 Tu Tiên Chúa Tể Ở Đô Thị
[220/1428] SKIP 100854 Pokemon Tùy Thân Mang Theo Master Ball
[221/1428] SKIP 101189 Lão Bà Ta Là Nữ Tông Chủ
[222/1428] SKIP 100348 Trọng Sinh Chi Boxing Sát Thủ
[223/1428] SKIP 100839 Ta Xem Bói Bằng Wechat
[224/1428] SKIP 100675 Võng Du Chi Thần Cấp Virus Sư
[225/1428] SKIP 101646 Trọng Sinh Chi Tán Tài Hệ Thống
[226/1428] SKIP 101729 Đô Thị Tối Cường Tiện Nhân Chủ Bá
[227/1428] SKIP 101856 Hải Tặc Vương Chi Đại Thần Buggy
[228/1428] SKIP 100530 Siêu Phàm Người Chơi
[229/1428] SKIP 101838 Vô Địch Thôn Phệ Hệ Thống
[230/1428] SKIP 100981 Vi Khuẩn Tu Tiên
[231/1428] SKIP 101767 Long Châu Tối Cường Krillin
[232/1428] SKIP 101874 Hải Tặc Mạnh Nhất Người Buôn Bán
[233/1428] SKIP 100232 Võng Du Chi Siêu Thần Áo Giáp Đại Sư
[234/1428] SKIP 100268 Hồng Hoang Chi Hồ Lô Đằng Hệ Thống
[235/1428] SKIP 101001 Ta Có Thể Vô Hạn Cường Hóa
[236/1428] SKIP 101798 Konoha Shiranui Genma
[237/1428] SKIP 101365 Yêu Hầu Ngộ Không
[238/1428] SKIP 101360 Cực Phẩm Phụ Trợ Hệ Thống
[239/1428] SKIP 101713 Quyền Hoàng Chi Mộng
[240/1428] SKIP 101294 Vô Hạn Chi Zombie
[241/1428] SKIP 101714 Hắc Ám Chấp Pháp Quan
[242/1428] SKIP 100525 Cự Long Chiến Kỷ
[243/1428] DOWNLOAD 100583 Tri Thức Của Ta Có Thể Bán Ra Tiền chapters=408 status=Hoàn thành
[1/1] 100583 Tri Thức Của Ta Có Thể Bán Ra Tiền chapters=408 status=Hoàn thành
  => status=ok ok=408 skip=0 fail=0

DONE: processed=1 errors=0
STATE=C:\Dev\MTC_DOWNLOAD\logs\download_all_missing_state.json
  RESULT id=100583 rc=0 elapsed=69.39s
[244/1428] DOWNLOAD 100652 Ta Có Thể Tùy Cơ Hội Lựa Chọn chapters=410 status=Hoàn thành
[1/1] 100652 Ta Có Thể Tùy Cơ Hội Lựa Chọn chapters=410 status=Hoàn thành
❌ Lỗi khi tải chương 10611724: HTTPSConnectionPool(host='android.lonoapp.net', port=443): Read timed out. (read timeout=10)
❌ Lỗi khi tải chương 10611916: HTTPSConnectionPool(host='android.lonoapp.net', port=443): Read timed out. (read timeout=10)
❌ Lỗi khi tải chương 10611924: HTTPSConnectionPool(host='android.lonoapp.net', port=443): Read timed out. (read timeout=10)
❌ Lỗi khi tải chương 10612069: HTTPSConnectionPool(host='android.lonoapp.net', port=443): Read timed out. (read timeout=10)
❌ Lỗi khi tải chương 10612077: HTTPSConnectionPool(host='android.lonoapp.net', port=443): Read timed out. (read timeout=10)
  => status=ok ok=410 skip=0 fail=0

DONE: processed=1 errors=0
STATE=C:\Dev\MTC_DOWNLOAD\logs\download_all_missing_state.json
  RESULT id=100652 rc=0 elapsed=97.39s
[245/1428] DOWNLOAD 101751 Kuroko No Basket Một Cái Khác Kỳ Tích chapters=410 status=Hoàn thành
[1/1] 101751 Kuroko No Basket Một Cái Khác Kỳ Tích chapters=410 status=Hoàn thành
❌ Lỗi khi tải chương 11666412: HTTPSConnectionPool(host='android.lonoapp.net', port=443): Read timed out. (read timeout=10)
❌ Lỗi khi tải chương 11666473: HTTPSConnectionPool(host='android.lonoapp.net', port=443): Read timed out. (read timeout=10)
❌ Lỗi khi tải chương 11666473: HTTPSConnectionPool(host='android.lonoapp.net', port=443): Read timed out. (read timeout=10)
❌ Lỗi khi tải chương 11666473: HTTPSConnectionPool(host='android.lonoapp.net', port=443): Read timed out. (read timeout=10)
    FAIL ch=70 id=11666473: empty content
❌ Lỗi khi tải chương 11666582: HTTPSConnectionPool(host='android.lonoapp.net', port=443): Read timed out. (read timeout=10)
❌ Lỗi khi tải chương 11666600: HTTPSConnectionPool(host='android.lonoapp.net', port=443): Read timed out. (read timeout=10)
❌ Lỗi khi tải chương 11666615: HTTPSConnectionPool(host='android.lonoapp.net', port=443): Read timed out. (read timeout=10)
❌ Lỗi khi tải chương 11666667: HTTPSConnectionPool(host='android.lonoapp.net', port=443): Read timed out. (read timeout=10)
  => status=partial ok=409 skip=0 fail=1

DONE: processed=1 errors=0
STATE=C:\Dev\MTC_DOWNLOAD\logs\download_all_missing_state.json
  RESULT id=101751 rc=0 elapsed=134.78s
[246/1428] DOWNLOAD 100699 Hogwarts Độc Trứng Gà chapters=411 status=Hoàn thành
[1/1] 100699 Hogwarts Độc Trứng Gà chapters=411 status=Hoàn thành
❌ Lỗi khi tải chương 12171478: HTTPSConnectionPool(host='android.lonoapp.net', port=443): Read timed out. (read timeout=10)
❌ Lỗi khi tải chương 12171486: HTTPSConnectionPool(host='android.lonoapp.net', port=443): Read timed out. (read timeout=10)
  => status=ok ok=411 skip=0 fail=0

DONE: processed=1 errors=0
STATE=C:\Dev\MTC_DOWNLOAD\logs\download_all_missing_state.json
  RESULT id=100699 rc=0 elapsed=71.4s
[247/1428] DOWNLOAD 101772 Tử Thần Chi Cuồng Đồ chapters=411 status=Hoàn thành
[1/1] 101772 Tử Thần Chi Cuồng Đồ chapters=411 status=Hoàn thành
❌ Lỗi khi tải chương 11681224: HTTPSConnectionPool(host='android.lonoapp.net', port=443): Read timed out. (read timeout=10)
❌ Lỗi khi tải chương 11681246: HTTPSConnectionPool(host='android.lonoapp.net', port=443): Read timed out. (read timeout=10)
  => status=ok ok=411 skip=0 fail=0

DONE: processed=1 errors=0
STATE=C:\Dev\MTC_DOWNLOAD\logs\download_all_missing_state.json
  RESULT id=101772 rc=0 elapsed=83.56s
[248/1428] DOWNLOAD 100124 Gôn Thần chapters=412 status=Hoàn thành
[1/1] 100124 Gôn Thần chapters=412 status=Hoàn thành
❌ Lỗi khi tải chương 10181513: HTTPSConnectionPool(host='android.lonoapp.net', port=443): Read timed out. (read timeout=10)
  => status=ok ok=412 skip=0 fail=0

DONE: processed=1 errors=0
STATE=C:\Dev\MTC_DOWNLOAD\logs\download_all_missing_state.json
  RESULT id=100124 rc=0 elapsed=71.48s
[249/1428] DOWNLOAD 100769 Hồng Hoang Hỗn Độn Ma Viên chapters=412 status=Hoàn thành
[1/1] 100769 Hồng Hoang Hỗn Độn Ma Viên chapters=412 status=Hoàn thành
❌ Lỗi khi tải chương 10974852: HTTPSConnectionPool(host='android.lonoapp.net', port=443): Read timed out. (read timeout=10)
  => status=ok ok=412 skip=0 fail=0

DONE: processed=1 errors=0
STATE=C:\Dev\MTC_DOWNLOAD\logs\download_all_missing_state.json
  RESULT id=100769 rc=0 elapsed=55.74s
[250/1428] DOWNLOAD 101797 Harry Potter Chi Ta Là Truyền Kỳ chapters=412 status=Hoàn thành
[1/1] 101797 Harry Potter Chi Ta Là Truyền Kỳ chapters=412 status=Hoàn thành
❌ Lỗi khi tải chương 11697744: HTTPSConnectionPool(host='android.lonoapp.net', port=443): Read timed out. (read timeout=10)
  => status=ok ok=412 skip=0 fail=0

DONE: processed=1 errors=0
STATE=C:\Dev\MTC_DOWNLOAD\logs\download_all_missing_state.json
  RESULT id=101797 rc=0 elapsed=73.38s
[251/1428] DOWNLOAD 101126 Vạn Cổ Đệ Nhất Cường Giả chapters=413 status=Hoàn thành
[1/1] 101126 Vạn Cổ Đệ Nhất Cường Giả chapters=413 status=Hoàn thành
❌ Lỗi khi tải chương 11269898: HTTPSConnectionPool(host='android.lonoapp.net', port=443): Read timed out. (read timeout=10)
❌ Lỗi khi tải chương 11270090: HTTPSConnectionPool(host='android.lonoapp.net', port=443): Read timed out. (read timeout=10)
❌ Lỗi khi tải chương 11270098: HTTPSConnectionPool(host='android.lonoapp.net', port=443): Read timed out. (read timeout=10)
❌ Lỗi khi tải chương 11270231: HTTPSConnectionPool(host='android.lonoapp.net', port=443): Read timed out. (read timeout=10)
❌ Lỗi khi tải chương 11270239: HTTPSConnectionPool(host='android.lonoapp.net', port=443): Read timed out. (read timeout=10)
  => status=ok ok=413 skip=0 fail=0

DONE: processed=1 errors=0
STATE=C:\Dev\MTC_DOWNLOAD\logs\download_all_missing_state.json
  RESULT id=101126 rc=0 elapsed=95.34s
[252/1428] DOWNLOAD 101774 Thiên Đình Đọc Truyện App chapters=413 status=Hoàn thành
[1/1] 101774 Thiên Đình Đọc Truyện App chapters=413 status=Hoàn thành
❌ Lỗi khi tải chương 11681903: HTTPSConnectionPool(host='android.lonoapp.net', port=443): Read timed out. (read timeout=10)
❌ Lỗi khi tải chương 11682087: HTTPSConnectionPool(host='android.lonoapp.net', port=443): Read timed out. (read timeout=10)
❌ Lỗi khi tải chương 11682093: HTTPSConnectionPool(host='android.lonoapp.net', port=443): Read timed out. (read timeout=10)
  => status=ok ok=413 skip=0 fail=0

DONE: processed=1 errors=0
STATE=C:\Dev\MTC_DOWNLOAD\logs\download_all_missing_state.json
  RESULT id=101774 rc=0 elapsed=92.36s
[253/1428] DOWNLOAD 100837 Trong Đầu Ta Có Vạn Giới chapters=414 status=Hoàn thành
[1/1] 100837 Trong Đầu Ta Có Vạn Giới chapters=414 status=Hoàn thành
❌ Lỗi khi tải chương 11023713: HTTPSConnectionPool(host='android.lonoapp.net', port=443): Read timed out. (read timeout=10)
❌ Lỗi khi tải chương 11023826: HTTPSConnectionPool(host='android.lonoapp.net', port=443): Read timed out. (read timeout=10)
❌ Lỗi khi tải chương 11023826: HTTPSConnectionPool(host='android.lonoapp.net', port=443): Read timed out. (read timeout=10)
  => status=ok ok=414 skip=0 fail=0

DONE: processed=1 errors=0
STATE=C:\Dev\MTC_DOWNLOAD\logs\download_all_missing_state.json
  RESULT id=100837 rc=0 elapsed=90.74s
[254/1428] DOWNLOAD 100930 Người Nguyên Thủy Ta Đến Từ Trái Đất chapters=415 status=Hoàn thành
[1/1] 100930 Người Nguyên Thủy Ta Đến Từ Trái Đất chapters=415 status=Hoàn thành
  => status=ok ok=415 skip=0 fail=0

DONE: processed=1 errors=0
STATE=C:\Dev\MTC_DOWNLOAD\logs\download_all_missing_state.json
  RESULT id=100930 rc=0 elapsed=62.29s
[255/1428] DOWNLOAD 101252 Yêu Hoàng Thần Sủng Tiến Hóa Hệ Thống chapters=416 status=Hoàn thành
[1/1] 101252 Yêu Hoàng Thần Sủng Tiến Hóa Hệ Thống chapters=416 status=Hoàn thành
❌ Lỗi khi tải chương 11364842: HTTPSConnectionPool(host='android.lonoapp.net', port=443): Read timed out. (read timeout=10)
  => status=ok ok=416 skip=0 fail=0

DONE: processed=1 errors=0
STATE=C:\Dev\MTC_DOWNLOAD\logs\download_all_missing_state.json
  RESULT id=101252 rc=0 elapsed=70.96s
[256/1428] DOWNLOAD 101506 Siêu Thời Không Bình Trắc chapters=416 status=Hoàn thành
[1/1] 101506 Siêu Thời Không Bình Trắc chapters=416 status=Hoàn thành
❌ Lỗi khi tải chương 12317773: HTTPSConnectionPool(host='android.lonoapp.net', port=443): Read timed out. (read timeout=10)
❌ Lỗi khi tải chương 12317831: HTTPSConnectionPool(host='android.lonoapp.net', port=443): Read timed out. (read timeout=10)
❌ Lỗi khi tải chương 12317982: HTTPSConnectionPool(host='android.lonoapp.net', port=443): Read timed out. (read timeout=10)
❌ Lỗi khi tải chương 12317982: HTTPSConnectionPool(host='android.lonoapp.net', port=443): Read timed out. (read timeout=10)
❌ Lỗi khi tải chương 12542035: HTTPSConnectionPool(host='android.lonoapp.net', port=443): Read timed out. (read timeout=10)
❌ Lỗi khi tải chương 12542042: HTTPSConnectionPool(host='android.lonoapp.net', port=443): Read timed out. (read timeout=10)
  => status=ok ok=416 skip=0 fail=0

DONE: processed=1 errors=0
STATE=C:\Dev\MTC_DOWNLOAD\logs\download_all_missing_state.json
  RESULT id=101506 rc=0 elapsed=125.3s
[257/1428] DOWNLOAD 100532 Khởi Động Lại Trò Chơi Thời Đại chapters=417 status=Hoàn thành
[1/1] 100532 Khởi Động Lại Trò Chơi Thời Đại chapters=417 status=Hoàn thành
❌ Lỗi khi tải chương 10500201: HTTPSConnectionPool(host='android.lonoapp.net', port=443): Read timed out. (read timeout=10)
  => status=ok ok=417 skip=0 fail=0

DONE: processed=1 errors=0
STATE=C:\Dev\MTC_DOWNLOAD\logs\download_all_missing_state.json
  RESULT id=100532 rc=0 elapsed=76.43s
[258/1428] DOWNLOAD 100537 Làm Bộ Là Cái Boss chapters=418 status=Hoàn thành
[1/1] 100537 Làm Bộ Là Cái Boss chapters=418 status=Hoàn thành
❌ Lỗi khi tải chương 12137883: HTTPSConnectionPool(host='android.lonoapp.net', port=443): Read timed out. (read timeout=10)
❌ Lỗi khi tải chương 12137948: HTTPSConnectionPool(host='android.lonoapp.net', port=443): Read timed out. (read timeout=10)
  => status=ok ok=418 skip=0 fail=0

DONE: processed=1 errors=0
STATE=C:\Dev\MTC_DOWNLOAD\logs\download_all_missing_state.json
  RESULT id=100537 rc=0 elapsed=88.23s
[259/1428] DOWNLOAD 100672 Đấu La Chi Ngạo Thế chapters=419 status=Hoàn thành
[1/1] 100672 Đấu La Chi Ngạo Thế chapters=419 status=Hoàn thành
❌ Lỗi khi tải chương 12520816: HTTPSConnectionPool(host='android.lonoapp.net', port=443): Read timed out. (read timeout=10)
❌ Lỗi khi tải chương 12520818: HTTPSConnectionPool(host='android.lonoapp.net', port=443): Read timed out. (read timeout=10)
❌ Lỗi khi tải chương 12520824: HTTPSConnectionPool(host='android.lonoapp.net', port=443): Read timed out. (read timeout=10)
❌ Lỗi khi tải chương 12520826: HTTPSConnectionPool(host='android.lonoapp.net', port=443): Read timed out. (read timeout=10)
  => status=ok ok=419 skip=0 fail=0

DONE: processed=1 errors=0
STATE=C:\Dev\MTC_DOWNLOAD\logs\download_all_missing_state.json
  RESULT id=100672 rc=0 elapsed=78.58s
[260/1428] DOWNLOAD 101450 Thằng Hề Trò Chơi chapters=419 status=Hoàn thành
[1/1] 101450 Thằng Hề Trò Chơi chapters=419 status=Hoàn thành
❌ Lỗi khi tải chương 12296753: HTTPSConnectionPool(host='android.lonoapp.net', port=443): Read timed out. (read timeout=10)
❌ Lỗi khi tải chương 12297041: HTTPSConnectionPool(host='android.lonoapp.net', port=443): Read timed out. (read timeout=10)
  => status=ok ok=419 skip=0 fail=0

DONE: processed=1 errors=0
STATE=C:\Dev\MTC_DOWNLOAD\logs\download_all_missing_state.json
  RESULT id=101450 rc=0 elapsed=82.86s
[261/1428] DOWNLOAD 101717 Tà Phái Chưởng Môn Nhân chapters=419 status=Hoàn thành
[1/1] 101717 Tà Phái Chưởng Môn Nhân chapters=419 status=Hoàn thành
❌ Lỗi khi tải chương 12338073: HTTPSConnectionPool(host='android.lonoapp.net', port=443): Read timed out. (read timeout=10)
❌ Lỗi khi tải chương 12338127: HTTPSConnectionPool(host='android.lonoapp.net', port=443): Read timed out. (read timeout=10)
❌ Lỗi khi tải chương 12338134: HTTPSConnectionPool(host='android.lonoapp.net', port=443): Read timed out. (read timeout=10)
❌ Lỗi khi tải chương 12338139: HTTPSConnectionPool(host='android.lonoapp.net', port=443): Read timed out. (read timeout=10)
❌ Lỗi khi tải chương 12338139: HTTPSConnectionPool(host='android.lonoapp.net', port=443): Read timed out. (read timeout=10)
  => status=ok ok=419 skip=0 fail=0

DONE: processed=1 errors=0
STATE=C:\Dev\MTC_DOWNLOAD\logs\download_all_missing_state.json
  RESULT id=101717 rc=0 elapsed=101.25s
[262/1428] DOWNLOAD 101718 Pubg Rơi Xuống Đất Thành Thần chapters=420 status=Hoàn thành
[1/1] 101718 Pubg Rơi Xuống Đất Thành Thần chapters=420 status=Hoàn thành
❌ Lỗi khi tải chương 12338492: HTTPSConnectionPool(host='android.lonoapp.net', port=443): Read timed out. (read timeout=10)
❌ Lỗi khi tải chương 12338856: HTTPSConnectionPool(host='android.lonoapp.net', port=443): Read timed out. (read timeout=10)
❌ Lỗi khi tải chương 12338864: HTTPSConnectionPool(host='android.lonoapp.net', port=443): Read timed out. (read timeout=10)
  => status=ok ok=420 skip=0 fail=0

DONE: processed=1 errors=0
STATE=C:\Dev\MTC_DOWNLOAD\logs\download_all_missing_state.json
  RESULT id=101718 rc=0 elapsed=88.65s
[263/1428] DOWNLOAD 100282 Võng Du: Ta Skill Bị Động Nhiều Lắm chapters=421 status=Hoàn thành
[1/1] 100282 Võng Du: Ta Skill Bị Động Nhiều Lắm chapters=421 status=Hoàn thành
  => status=ok ok=421 skip=0 fail=0

DONE: processed=1 errors=0
STATE=C:\Dev\MTC_DOWNLOAD\logs\download_all_missing_state.json
  RESULT id=100282 rc=0 elapsed=66.87s
[264/1428] DOWNLOAD 100526 Võng Du Chi Long Kỵ Vô Song chapters=422 status=Hoàn thành
[1/1] 100526 Võng Du Chi Long Kỵ Vô Song chapters=422 status=Hoàn thành
❌ Lỗi khi tải chương 10496471: HTTPSConnectionPool(host='android.lonoapp.net', port=443): Read timed out. (read timeout=10)
  => status=ok ok=422 skip=0 fail=0

DONE: processed=1 errors=0
STATE=C:\Dev\MTC_DOWNLOAD\logs\download_all_missing_state.json
  RESULT id=100526 rc=0 elapsed=77.36s
[265/1428] DOWNLOAD 101319 Thảm Cỏ Xanh Thánh Phụ chapters=422 status=Hoàn thành
[1/1] 101319 Thảm Cỏ Xanh Thánh Phụ chapters=422 status=Hoàn thành
❌ Lỗi khi tải chương 11437285: HTTPSConnectionPool(host='android.lonoapp.net', port=443): Read timed out. (read timeout=10)
  => status=ok ok=422 skip=0 fail=0

DONE: processed=1 errors=0
STATE=C:\Dev\MTC_DOWNLOAD\logs\download_all_missing_state.json
  RESULT id=101319 rc=0 elapsed=75.9s
[266/1428] DOWNLOAD 101404 Tối Cường Phản Phái Kiếm Thần chapters=422 status=Hoàn thành
[1/1] 101404 Tối Cường Phản Phái Kiếm Thần chapters=422 status=Hoàn thành
  => status=ok ok=422 skip=0 fail=0

DONE: processed=1 errors=0
STATE=C:\Dev\MTC_DOWNLOAD\logs\download_all_missing_state.json
  RESULT id=101404 rc=0 elapsed=68.03s
[267/1428] DOWNLOAD 100759 Siêu Thần Học Viện Chi Hư Không Kim Dực chapters=423 status=Hoàn thành
[1/1] 100759 Siêu Thần Học Viện Chi Hư Không Kim Dực chapters=423 status=Hoàn thành
❌ Lỗi khi tải chương 10967976: HTTPSConnectionPool(host='android.lonoapp.net', port=443): Read timed out. (read timeout=10)
❌ Lỗi khi tải chương 10967980: HTTPSConnectionPool(host='android.lonoapp.net', port=443): Read timed out. (read timeout=10)
  => status=ok ok=423 skip=0 fail=0

DONE: processed=1 errors=0
STATE=C:\Dev\MTC_DOWNLOAD\logs\download_all_missing_state.json
  RESULT id=100759 rc=0 elapsed=75.56s
[268/1428] DOWNLOAD 101323 Cốt Vương Vạn Năng Tiệm Tạp Hóa chapters=423 status=Hoàn thành
[1/1] 101323 Cốt Vương Vạn Năng Tiệm Tạp Hóa chapters=423 status=Hoàn thành
❌ Lỗi khi tải chương 11440296: HTTPSConnectionPool(host='android.lonoapp.net', port=443): Read timed out. (read timeout=10)
❌ Lỗi khi tải chương 11440574: HTTPSConnectionPool(host='android.lonoapp.net', port=443): Read timed out. (read timeout=10)
❌ Lỗi khi tải chương 11440574: HTTPSConnectionPool(host='android.lonoapp.net', port=443): Read timed out. (read timeout=10)
  => status=ok ok=423 skip=0 fail=0

DONE: processed=1 errors=0
STATE=C:\Dev\MTC_DOWNLOAD\logs\download_all_missing_state.json
  RESULT id=101323 rc=0 elapsed=94.3s
[269/1428] DOWNLOAD 101593 Đô Thị Thần Hào Tầm Mỹ Hệ Thống chapters=423 status=Hoàn thành
[1/1] 101593 Đô Thị Thần Hào Tầm Mỹ Hệ Thống chapters=423 status=Hoàn thành
  => status=ok ok=423 skip=0 fail=0

DONE: processed=1 errors=0
STATE=C:\Dev\MTC_DOWNLOAD\logs\download_all_missing_state.json
  RESULT id=101593 rc=0 elapsed=44.8s
[270/1428] DOWNLOAD 100231 Võng Du Chi Luân Hồi Tam Quốc chapters=424 status=Hoàn thành
❌ Lỗi khi lấy thông tin truyện 100231: HTTPSConnectionPool(host='android.lonoapp.net', port=443): Read timed out. (read timeout=10)
ERROR: book 100231 not found
  RESULT id=100231 rc=2 elapsed=10.52s
[271/1428] DOWNLOAD 101881 Hỏa Ảnh Chi Siêu Cấp Quang Hoàn Hệ Thống chapters=424 status=Hoàn thành
[1/1] 101881 Hỏa Ảnh Chi Siêu Cấp Quang Hoàn Hệ Thống chapters=424 status=Hoàn thành
❌ Lỗi khi tải chương 11742086: HTTPSConnectionPool(host='android.lonoapp.net', port=443): Read timed out. (read timeout=10)
❌ Lỗi khi tải chương 11742084: HTTPSConnectionPool(host='android.lonoapp.net', port=443): Read timed out. (read timeout=10)
  => status=ok ok=424 skip=0 fail=0

DONE: processed=1 errors=0
STATE=C:\Dev\MTC_DOWNLOAD\logs\download_all_missing_state.json
  RESULT id=101881 rc=0 elapsed=53.88s
[272/1428] DOWNLOAD 100498 Cuồng Bạo Công Lược Hệ Thống chapters=426 status=Hoàn thành
[1/1] 100498 Cuồng Bạo Công Lược Hệ Thống chapters=426 status=Hoàn thành
❌ Lỗi khi tải chương 10480772: HTTPSConnectionPool(host='android.lonoapp.net', port=443): Read timed out. (read timeout=10)
❌ Lỗi khi tải chương 10480794: HTTPSConnectionPool(host='android.lonoapp.net', port=443): Read timed out. (read timeout=10)
  => status=ok ok=426 skip=0 fail=0

DONE: processed=1 errors=0
STATE=C:\Dev\MTC_DOWNLOAD\logs\download_all_missing_state.json
  RESULT id=100498 rc=0 elapsed=84.47s
[273/1428] DOWNLOAD 101753 Harry Potter Thiên Sinh Phan Phái chapters=426 status=Hoàn thành
[1/1] 101753 Harry Potter Thiên Sinh Phan Phái chapters=426 status=Hoàn thành
❌ Lỗi khi tải chương 11667831: HTTPSConnectionPool(host='android.lonoapp.net', port=443): Read timed out. (read timeout=10)
❌ Lỗi khi tải chương 11668236: HTTPSConnectionPool(host='android.lonoapp.net', port=443): Read timed out. (read timeout=10)
❌ Lỗi khi tải chương 11668243: HTTPSConnectionPool(host='android.lonoapp.net', port=443): Read timed out. (read timeout=10)
  => status=ok ok=426 skip=0 fail=0

DONE: processed=1 errors=0
STATE=C:\Dev\MTC_DOWNLOAD\logs\download_all_missing_state.json
  RESULT id=101753 rc=0 elapsed=89.11s
[274/1428] DOWNLOAD 100108 Siêu Cấp Cầu Thủ Chạy Cánh chapters=427 status=Hoàn thành
[1/1] 100108 Siêu Cấp Cầu Thủ Chạy Cánh chapters=427 status=Hoàn thành
❌ Lỗi khi tải chương 10170953: HTTPSConnectionPool(host='android.lonoapp.net', port=443): Read timed out. (read timeout=10)
❌ Lỗi khi tải chương 10170959: HTTPSConnectionPool(host='android.lonoapp.net', port=443): Read timed out. (read timeout=10)
❌ Lỗi khi tải chương 10170963: HTTPSConnectionPool(host='android.lonoapp.net', port=443): Read timed out. (read timeout=10)
  => status=ok ok=427 skip=0 fail=0

DONE: processed=1 errors=0
STATE=C:\Dev\MTC_DOWNLOAD\logs\download_all_missing_state.json
  RESULT id=100108 rc=0 elapsed=84.47s
[275/1428] DOWNLOAD 100143 Giới Bóng Đá Tiểu Tướng chapters=427 status=Hoàn thành
[1/1] 100143 Giới Bóng Đá Tiểu Tướng chapters=427 status=Hoàn thành
❌ Lỗi khi tải chương 12094442: HTTPSConnectionPool(host='android.lonoapp.net', port=443): Read timed out. (read timeout=10)
❌ Lỗi khi tải chương 12094455: HTTPSConnectionPool(host='android.lonoapp.net', port=443): Read timed out. (read timeout=10)
❌ Lỗi khi tải chương 12094456: HTTPSConnectionPool(host='android.lonoapp.net', port=443): Read timed out. (read timeout=10)
  => status=ok ok=427 skip=0 fail=0

DONE: processed=1 errors=0
STATE=C:\Dev\MTC_DOWNLOAD\logs\download_all_missing_state.json
  RESULT id=100143 rc=0 elapsed=83.43s
[276/1428] DOWNLOAD 101741 Tối Cường Vô Địch Tông Môn chapters=427 status=Hoàn thành
[1/1] 101741 Tối Cường Vô Địch Tông Môn chapters=427 status=Hoàn thành
❌ Lỗi khi tải chương 11664468: HTTPSConnectionPool(host='android.lonoapp.net', port=443): Read timed out. (read timeout=10)
  => status=ok ok=427 skip=0 fail=0

DONE: processed=1 errors=0
STATE=C:\Dev\MTC_DOWNLOAD\logs\download_all_missing_state.json
  RESULT id=101741 rc=0 elapsed=77.0s
[277/1428] DOWNLOAD 101832 Hải Tặc Vương Chi Cực Ác Thời Đại chapters=427 status=Hoàn thành
[1/1] 101832 Hải Tặc Vương Chi Cực Ác Thời Đại chapters=427 status=Hoàn thành
❌ Lỗi khi tải chương 11716039: HTTPSConnectionPool(host='android.lonoapp.net', port=443): Read timed out. (read timeout=10)
❌ Lỗi khi tải chương 11716087: HTTPSConnectionPool(host='android.lonoapp.net', port=443): Read timed out. (read timeout=10)
❌ Lỗi khi tải chương 11716261: HTTPSConnectionPool(host='android.lonoapp.net', port=443): Read timed out. (read timeout=10)
  => status=ok ok=427 skip=0 fail=0

DONE: processed=1 errors=0
STATE=C:\Dev\MTC_DOWNLOAD\logs\download_all_missing_state.json
  RESULT id=101832 rc=0 elapsed=98.39s
[278/1428] DOWNLOAD 101594 Tận Thế Chi Bạo Lực Triệu Hoán Sư chapters=429 status=Hoàn thành
[1/1] 101594 Tận Thế Chi Bạo Lực Triệu Hoán Sư chapters=429 status=Hoàn thành
❌ Lỗi khi tải chương 11570948: HTTPSConnectionPool(host='android.lonoapp.net', port=443): Read timed out. (read timeout=10)
❌ Lỗi khi tải chương 11570955: HTTPSConnectionPool(host='android.lonoapp.net', port=443): Read timed out. (read timeout=10)
❌ Lỗi khi tải chương 11571076: HTTPSConnectionPool(host='android.lonoapp.net', port=443): Read timed out. (read timeout=10)
❌ Lỗi khi tải chương 11571221: HTTPSConnectionPool(host='android.lonoapp.net', port=443): Read timed out. (read timeout=10)
❌ Lỗi khi tải chương 11571227: HTTPSConnectionPool(host='android.lonoapp.net', port=443): Read timed out. (read timeout=10)
❌ Lỗi khi tải chương 11571329: HTTPSConnectionPool(host='android.lonoapp.net', port=443): Read timed out. (read timeout=10)
❌ Lỗi khi tải chương 11571337: HTTPSConnectionPool(host='android.lonoapp.net', port=443): Read timed out. (read timeout=10)
  => status=ok ok=429 skip=0 fail=0

DONE: processed=1 errors=0
STATE=C:\Dev\MTC_DOWNLOAD\logs\download_all_missing_state.json
  RESULT id=101594 rc=0 elapsed=126.42s
[279/1428] DOWNLOAD 101683 Hải Tặc Chi Ninja Hào chapters=429 status=Hoàn thành
[1/1] 101683 Hải Tặc Chi Ninja Hào chapters=429 status=Hoàn thành
❌ Lỗi khi tải chương 11627222: HTTPSConnectionPool(host='android.lonoapp.net', port=443): Read timed out. (read timeout=10)
❌ Lỗi khi tải chương 11627233: HTTPSConnectionPool(host='android.lonoapp.net', port=443): Read timed out. (read timeout=10)
  => status=ok ok=429 skip=0 fail=0

DONE: processed=1 errors=0
STATE=C:\Dev\MTC_DOWNLOAD\logs\download_all_missing_state.json
  RESULT id=101683 rc=0 elapsed=68.14s
[280/1428] DOWNLOAD 100928 Ta Mang Cửa Hàng Chuyển Kiếp chapters=430 status=Hoàn thành
[1/1] 100928 Ta Mang Cửa Hàng Chuyển Kiếp chapters=430 status=Hoàn thành
  => status=ok ok=430 skip=0 fail=0

DONE: processed=1 errors=0
STATE=C:\Dev\MTC_DOWNLOAD\logs\download_all_missing_state.json
  RESULT id=100928 rc=0 elapsed=62.38s
[281/1428] DOWNLOAD 101739 Hư Không Chi Chủ chapters=430 status=Hoàn thành
❌ Lỗi khi lấy thông tin truyện 101739: HTTPSConnectionPool(host='android.lonoapp.net', port=443): Read timed out. (read timeout=10)
ERROR: book 101739 not found
  RESULT id=101739 rc=2 elapsed=10.8s
[282/1428] DOWNLOAD 101409 Dáng Dấp Quá Hung Làm Sao Bây Giờ chapters=431 status=Hoàn thành
❌ Lỗi khi lấy thông tin truyện 101409: HTTPSConnectionPool(host='android.lonoapp.net', port=443): Read timed out. (read timeout=10)
ERROR: book 101409 not found
  RESULT id=101409 rc=2 elapsed=10.62s
[283/1428] DOWNLOAD 100956 Vạn Giới Qidian chapters=433 status=Hoàn thành
[1/1] 100956 Vạn Giới Qidian chapters=433 status=Hoàn thành
❌ Lỗi khi tải chương 11088663: HTTPSConnectionPool(host='android.lonoapp.net', port=443): Read timed out. (read timeout=10)
❌ Lỗi khi tải chương 11088667: HTTPSConnectionPool(host='android.lonoapp.net', port=443): Read timed out. (read timeout=10)
❌ Lỗi khi tải chương 11088669: HTTPSConnectionPool(host='android.lonoapp.net', port=443): Read timed out. (read timeout=10)
❌ Lỗi khi tải chương 11088680: HTTPSConnectionPool(host='android.lonoapp.net', port=443): Read timed out. (read timeout=10)
❌ Lỗi khi tải chương 11089017: HTTPSConnectionPool(host='android.lonoapp.net', port=443): Read timed out. (read timeout=10)
❌ Lỗi khi tải chương 11089025: HTTPSConnectionPool(host='android.lonoapp.net', port=443): Read timed out. (read timeout=10)
  => status=ok ok=433 skip=0 fail=0

DONE: processed=1 errors=0
STATE=C:\Dev\MTC_DOWNLOAD\logs\download_all_missing_state.json
  RESULT id=100956 rc=0 elapsed=92.78s
[284/1428] DOWNLOAD 101765 Hải Tặc Vương Chi Thích Khách U Ảnh chapters=433 status=Hoàn thành
[1/1] 101765 Hải Tặc Vương Chi Thích Khách U Ảnh chapters=433 status=Hoàn thành
❌ Lỗi khi tải chương 11675113: HTTPSConnectionPool(host='android.lonoapp.net', port=443): Read timed out. (read timeout=10)
  => status=ok ok=433 skip=0 fail=0

DONE: processed=1 errors=0
STATE=C:\Dev\MTC_DOWNLOAD\logs\download_all_missing_state.json
  RESULT id=101765 rc=0 elapsed=59.66s
[285/1428] DOWNLOAD 100591 Từ Rút Đao Bắt Đầu Hokage Thế Giới chapters=434 status=Hoàn thành
[1/1] 100591 Từ Rút Đao Bắt Đầu Hokage Thế Giới chapters=434 status=Hoàn thành
❌ Lỗi khi tải chương 12146607: HTTPSConnectionPool(host='android.lonoapp.net', port=443): Read timed out. (read timeout=10)
❌ Lỗi khi tải chương 12146614: HTTPSConnectionPool(host='android.lonoapp.net', port=443): Read timed out. (read timeout=10)
  => status=ok ok=434 skip=0 fail=0

DONE: processed=1 errors=0
STATE=C:\Dev\MTC_DOWNLOAD\logs\download_all_missing_state.json
  RESULT id=100591 rc=0 elapsed=82.18s
[286/1428] DOWNLOAD 100463 Tuyệt Thế Tiêu Viêm chapters=437 status=Hoàn thành
[1/1] 100463 Tuyệt Thế Tiêu Viêm chapters=437 status=Hoàn thành
❌ Lỗi khi tải chương 10460194: HTTPSConnectionPool(host='android.lonoapp.net', port=443): Read timed out. (read timeout=10)
❌ Lỗi khi tải chương 10460291: HTTPSConnectionPool(host='android.lonoapp.net', port=443): Read timed out. (read timeout=10)
❌ Lỗi khi tải chương 10460291: HTTPSConnectionPool(host='android.lonoapp.net', port=443): Read timed out. (read timeout=10)
❌ Lỗi khi tải chương 10460569: HTTPSConnectionPool(host='android.lonoapp.net', port=443): Read timed out. (read timeout=10)
❌ Lỗi khi tải chương 10460573: HTTPSConnectionPool(host='android.lonoapp.net', port=443): Read timed out. (read timeout=10)
  => status=ok ok=437 skip=0 fail=0

DONE: processed=1 errors=0
STATE=C:\Dev\MTC_DOWNLOAD\logs\download_all_missing_state.json
  RESULT id=100463 rc=0 elapsed=114.74s
[287/1428] DOWNLOAD 101763 Prince Of Tennis Break Serve Ngủ Thần chapters=439 status=Hoàn thành
[1/1] 101763 Prince Of Tennis Break Serve Ngủ Thần chapters=439 status=Hoàn thành
❌ Lỗi khi tải chương 11674447: HTTPSConnectionPool(host='android.lonoapp.net', port=443): Read timed out. (read timeout=10)
❌ Lỗi khi tải chương 11674455: HTTPSConnectionPool(host='android.lonoapp.net', port=443): Read timed out. (read timeout=10)
  => status=ok ok=439 skip=0 fail=0

DONE: processed=1 errors=0
STATE=C:\Dev\MTC_DOWNLOAD\logs\download_all_missing_state.json
  RESULT id=101763 rc=0 elapsed=73.77s
[288/1428] DOWNLOAD 101840 Sử Thượng Tối Cường Cửa Hàng chapters=439 status=Hoàn thành
[1/1] 101840 Sử Thượng Tối Cường Cửa Hàng chapters=439 status=Hoàn thành
❌ Lỗi khi tải chương 11719760: HTTPSConnectionPool(host='android.lonoapp.net', port=443): Read timed out. (read timeout=10)
❌ Lỗi khi tải chương 11719848: HTTPSConnectionPool(host='android.lonoapp.net', port=443): Read timed out. (read timeout=10)
❌ Lỗi khi tải chương 11719854: HTTPSConnectionPool(host='android.lonoapp.net', port=443): Read timed out. (read timeout=10)
❌ Lỗi khi tải chương 11720078: HTTPSConnectionPool(host='android.lonoapp.net', port=443): Read timed out. (read timeout=10)
❌ Lỗi khi tải chương 11720086: HTTPSConnectionPool(host='android.lonoapp.net', port=443): Read timed out. (read timeout=10)
❌ Lỗi khi tải chương 11720094: HTTPSConnectionPool(host='android.lonoapp.net', port=443): Read timed out. (read timeout=10)
  => status=ok ok=439 skip=0 fail=0

DONE: processed=1 errors=0
STATE=C:\Dev\MTC_DOWNLOAD\logs\download_all_missing_state.json
  RESULT id=101840 rc=0 elapsed=114.78s
[289/1428] DOWNLOAD 101649 Từ Lúc Bắt Đầu Liền Vô Địch chapters=440 status=Hoàn thành
[1/1] 101649 Từ Lúc Bắt Đầu Liền Vô Địch chapters=440 status=Hoàn thành
❌ Lỗi khi tải chương 11595195: HTTPSConnectionPool(host='android.lonoapp.net', port=443): Read timed out. (read timeout=10)
❌ Lỗi khi tải chương 11595217: HTTPSConnectionPool(host='android.lonoapp.net', port=443): Read timed out. (read timeout=10)
❌ Lỗi khi tải chương 11595221: HTTPSConnectionPool(host='android.lonoapp.net', port=443): Read timed out. (read timeout=10)
❌ Lỗi khi tải chương 11595228: HTTPSConnectionPool(host='android.lonoapp.net', port=443): Read timed out. (read timeout=10)
❌ Lỗi khi tải chương 11595626: HTTPSConnectionPool(host='android.lonoapp.net', port=443): Read timed out. (read timeout=10)
  => status=ok ok=440 skip=0 fail=0

DONE: processed=1 errors=0
STATE=C:\Dev\MTC_DOWNLOAD\logs\download_all_missing_state.json
  RESULT id=101649 rc=0 elapsed=106.04s
[290/1428] DOWNLOAD 100751 Thì Không Thương Nhân Vị Diện Túng Hoành chapters=442 status=Hoàn thành
[1/1] 100751 Thì Không Thương Nhân Vị Diện Túng Hoành chapters=442 status=Hoàn thành
❌ Lỗi khi tải chương 10662425: HTTPSConnectionPool(host='android.lonoapp.net', port=443): Read timed out. (read timeout=10)
❌ Lỗi khi tải chương 10662542: HTTPSConnectionPool(host='android.lonoapp.net', port=443): Read timed out. (read timeout=10)
❌ Lỗi khi tải chương 10662550: HTTPSConnectionPool(host='android.lonoapp.net', port=443): Read timed out. (read timeout=10)
  => status=ok ok=442 skip=0 fail=0

DONE: processed=1 errors=0
STATE=C:\Dev\MTC_DOWNLOAD\logs\download_all_missing_state.json
  RESULT id=100751 rc=0 elapsed=91.04s
[291/1428] DOWNLOAD 101338 Gian Phòng Ta Có Cái Tinh Tế Chiến Trường chapters=443 status=Hoàn thành
[1/1] 101338 Gian Phòng Ta Có Cái Tinh Tế Chiến Trường chapters=443 status=Hoàn thành
❌ Lỗi khi tải chương 11445980: HTTPSConnectionPool(host='android.lonoapp.net', port=443): Read timed out. (read timeout=10)
❌ Lỗi khi tải chương 11445980: HTTPSConnectionPool(host='android.lonoapp.net', port=443): Read timed out. (read timeout=10)
  => status=ok ok=443 skip=0 fail=0

DONE: processed=1 errors=0
STATE=C:\Dev\MTC_DOWNLOAD\logs\download_all_missing_state.json
  RESULT id=101338 rc=0 elapsed=91.64s
[292/1428] DOWNLOAD 100106 Tất Sát Túc Cầu chapters=444 status=Hoàn thành
[1/1] 100106 Tất Sát Túc Cầu chapters=444 status=Hoàn thành
  => status=ok ok=444 skip=0 fail=0

DONE: processed=1 errors=0
STATE=C:\Dev\MTC_DOWNLOAD\logs\download_all_missing_state.json
  RESULT id=100106 rc=0 elapsed=75.41s
[293/1428] DOWNLOAD 100713 Chiến Thần Tiểu Nông Dân chapters=444 status=Hoàn thành
[1/1] 100713 Chiến Thần Tiểu Nông Dân chapters=444 status=Hoàn thành
