[2025-07-07 13:42:49] INFO - Logger initialized. Log file: logs\mtc_downloader_20250707_134249.log
[2025-07-07 13:42:49] INFO - Detected Windows platform
[2025-07-07 13:42:49] INFO - Detected Python 3.12+, applying special workarounds for asyncio.create_subprocess_exec
[2025-07-07 13:42:49] INFO - Set WindowsSelectorEventLoopPolicy
[2025-07-07 13:42:49] INFO - Garbage collection enabled
[2025-07-07 13:42:49] INFO - Using configuration directory: C:\Users\GHC\AppData\Local\nguyentd010\metruyencv-downloader
[2025-07-07 13:42:49] INFO - Config file path: C:\Users\GHC\AppData\Local\nguyentd010\metruyencv-downloader\config.ini
[2025-07-07 13:42:49] INFO - Found local config file: C:\VF\MTC_Download\config.txt
[2025-07-07 13:42:49] INFO - Successfully read config.txt using latin-1 encoding
[2025-07-07 13:42:49] INFO - Using command line parameters for novel info
[2025-07-07 13:42:49] INFO - Loaded config from local file: email=, disk=C, max_connections=50
[2025-07-07 13:42:49] INFO - Novel URL: https://metruyencv.com/truyen/dai-duong-chi-toi-nguu-vuong-gia, Chapters: 1 to 10
[2025-07-07 13:42:50] INFO - Initialized HTTP client with max_connections=50
[2025-07-07 13:42:50] INFO - Using base URL: https://metruyencv.com/truyen/
[2025-07-07 13:42:50] INFO - Tesseract OCR path set
[2025-07-07 13:42:50] INFO - Pre-installing Firefox browser for Playwright
[2025-07-07 13:42:50] INFO - Launching browser in synchronous mode: firefox
[2025-07-07 13:42:50] ERROR - Error launching browser synchronously: [WinError 2] The system cannot find the file specified
[2025-07-07 13:42:50] INFO - Application started
[2025-07-07 13:42:50] INFO - Processing command line arguments
[2025-07-07 13:42:50] INFO - Command line arguments parsed: URL=https://metruyencv.com/truyen/dai-duong-chi-toi-nguu-vuong-gia, start=1, end=10
[2025-07-07 13:42:50] INFO - Starting MTC Downloader application
[2025-07-07 13:42:50] INFO - Running in automated mode from batch file
[2025-07-07 13:42:50] INFO - Using environment variables: URL=https://metruyencv.com/truyen/dai-duong-chi-toi-nguu-vuong-gia, start=1, end=10
[2025-07-07 13:42:50] INFO - URL: https://metruyencv.com/truyen/dai-duong-chi-toi-nguu-vuong-gia
[2025-07-07 13:42:50] INFO - Chương bắt đầu: 1
[2025-07-07 13:42:50] INFO - Chương kết thúc: 10
[2025-07-07 13:42:50] INFO - Fetching novel information
[2025-07-07 13:42:50] INFO - Novel info: Title='Trinh Quan Hiền Vương', Author='Đại Nhãn Tiểu Kim Ngư', Status='Hoàn thành'
[2025-07-07 13:42:50] INFO - Downloading cover image
[2025-07-07 13:42:51] INFO - Creating output directory: C:/novel/Trinh Quan Hiền Vương
[2025-07-07 13:42:51] INFO - Starting chapter download process
[2025-07-07 13:42:51] INFO - Starting download of chapters 1 to 10
[2025-07-07 13:42:51] INFO - Using semaphore to limit concurrent tasks to 5
[2025-07-07 13:42:51] INFO - Attempting to download chapter 1
[2025-07-07 13:42:51] INFO - Attempting to download chapter 2
[2025-07-07 13:42:51] INFO - Attempting to download chapter 3
[2025-07-07 13:42:51] INFO - Attempting to download chapter 4
[2025-07-07 13:42:51] INFO - Attempting to download chapter 5
[2025-07-07 13:42:51] ERROR - Lỗi khi tải chapter 1: . Đang thử lại...
[2025-07-07 13:42:51] ERROR - Lỗi khi tải chapter 2: . Đang thử lại...
[2025-07-07 13:42:51] ERROR - Lỗi khi tải chapter 3: . Đang thử lại...
[2025-07-07 13:42:51] ERROR - Lỗi khi tải chapter 4: . Đang thử lại...
[2025-07-07 13:42:51] ERROR - Lỗi khi tải chapter 5: . Đang thử lại...
[2025-07-07 13:42:56] INFO - Attempting to download chapter 1
[2025-07-07 13:42:56] ERROR - Lỗi khi tải chapter 1: . Đang thử lại...
[2025-07-07 13:42:56] INFO - Attempting to download chapter 2
[2025-07-07 13:42:56] ERROR - Lỗi khi tải chapter 2: . Đang thử lại...
[2025-07-07 13:42:56] INFO - Attempting to download chapter 5
[2025-07-07 13:42:56] ERROR - Lỗi khi tải chapter 5: . Đang thử lại...
[2025-07-07 13:42:56] INFO - Attempting to download chapter 4
[2025-07-07 13:42:56] ERROR - Lỗi khi tải chapter 4: . Đang thử lại...
[2025-07-07 13:42:56] INFO - Attempting to download chapter 3
[2025-07-07 13:42:56] ERROR - Lỗi khi tải chapter 3: . Đang thử lại...
[2025-07-07 13:43:01] INFO - Attempting to download chapter 2
[2025-07-07 13:43:01] ERROR - Lỗi khi tải chapter 2: . Đang thử lại...
[2025-07-07 13:43:02] INFO - Attempting to download chapter 1
[2025-07-07 13:43:02] ERROR - Lỗi khi tải chapter 1: . Đang thử lại...
[2025-07-07 13:43:02] INFO - Attempting to download chapter 5
[2025-07-07 13:43:02] ERROR - Lỗi khi tải chapter 5: . Đang thử lại...
[2025-07-07 13:43:03] INFO - Attempting to download chapter 4
[2025-07-07 13:43:03] ERROR - Lỗi khi tải chapter 4: . Đang thử lại...
[2025-07-07 13:43:03] INFO - Attempting to download chapter 3
[2025-07-07 13:43:03] ERROR - Lỗi khi tải chapter 3: . Đang thử lại...
[2025-07-07 13:43:06] INFO - Attempting to download chapter 6
[2025-07-07 13:43:06] ERROR - Lỗi khi tải chapter 6: . Đang thử lại...
[2025-07-07 13:43:07] INFO - Attempting to download chapter 7
[2025-07-07 13:43:07] ERROR - Error fetching chapter: 
[2025-07-07 13:43:07] ERROR - Error fetching chapter: 
[2025-07-07 13:43:07] ERROR - Lỗi khi tải chapter 7: . Đang thử lại...
[2025-07-07 13:43:07] INFO - Attempting to download chapter 8
[2025-07-07 13:43:07] ERROR - Lỗi khi tải chapter 8: . Đang thử lại...
[2025-07-07 13:43:08] INFO - Attempting to download chapter 9
[2025-07-07 13:43:08] ERROR - Lỗi khi tải chapter 9: . Đang thử lại...
[2025-07-07 13:43:08] INFO - Attempting to download chapter 10
[2025-07-07 13:43:08] ERROR - Error fetching chapter: 
[2025-07-07 13:43:08] ERROR - Error fetching chapter: 
[2025-07-07 13:43:08] ERROR - Error fetching chapter: 
[2025-07-07 13:43:08] ERROR - Lỗi khi tải chapter 10: . Đang thử lại...
[2025-07-07 13:43:12] INFO - Attempting to download chapter 6
[2025-07-07 13:43:12] ERROR - Lỗi khi tải chapter 6: . Đang thử lại...
[2025-07-07 13:43:12] INFO - Attempting to download chapter 7
[2025-07-07 13:43:12] ERROR - Lỗi khi tải chapter 7: . Đang thử lại...
[2025-07-07 13:43:13] INFO - Attempting to download chapter 10
[2025-07-07 13:43:13] ERROR - Lỗi khi tải chapter 10: . Đang thử lại...
[2025-07-07 13:43:13] INFO - Attempting to download chapter 8
[2025-07-07 13:43:13] ERROR - Lỗi khi tải chapter 8: . Đang thử lại...
[2025-07-07 13:43:13] INFO - Attempting to download chapter 9
[2025-07-07 13:43:13] ERROR - Lỗi khi tải chapter 9: . Đang thử lại...
[2025-07-07 13:43:17] WARNING - Received signal 2. Starting graceful shutdown...
[2025-07-07 13:43:17] WARNING - Received signal 2. Starting graceful shutdown...
[2025-07-07 13:43:17] WARNING - Received signal 2. Starting graceful shutdown...
[2025-07-07 13:43:17] WARNING - Shutdown in progress, skipping chapter 7
[2025-07-07 13:43:18] WARNING - Shutdown in progress, skipping chapter 6
[2025-07-07 13:43:18] INFO - Successfully downloaded 0/10 chapters
[2025-07-07 13:43:18] WARNING - Application is shutting down, skipping download of missing chapters
[2025-07-07 13:43:18] INFO - Processed a total of 0 valid chapters
[2025-07-07 13:43:18] WARNING - Shutdown requested, cancelling EPUB creation
[2025-07-07 13:43:18] INFO - Closing 0 browser instances...
[2025-07-07 13:43:18] INFO - All browsers closed
[2025-07-07 13:43:18] INFO - HTTP client closed
[2025-07-07 13:43:18] INFO - Performing final cleanup
[2025-07-07 13:43:18] INFO - Closing 0 browser instances...
[2025-07-07 13:43:18] INFO - All browsers closed
[2025-07-07 13:43:18] INFO - HTTP client closed
[2025-07-07 13:43:18] INFO - Application completed successfully
