[2025-07-07 12:27:28] INFO - Logger initialized. Log file: logs\mtc_downloader_20250707_122728.log
[2025-07-07 12:27:28] INFO - Detected Windows platform - applying ProactorEventLoop fixes
[2025-07-07 12:27:28] INFO - Set WindowsSelectorEventLoopPolicy for Windows platform
[2025-07-07 12:27:28] INFO - Garbage collection enabled
[2025-07-07 12:27:28] INFO - Using configuration directory: C:\Users\GHC\AppData\Local\nguyentd010\metruyencv-downloader
[2025-07-07 12:27:28] INFO - Config file path: C:\Users\GHC\AppData\Local\nguyentd010\metruyencv-downloader\config.ini
[2025-07-07 12:27:28] INFO - Reading configuration from file
[2025-07-07 12:27:28] INFO - Loaded config: email=0947556012abc@7556012abcgmail.12abcgmailcom, disk=C, max_connections=50
[2025-07-07 12:27:28] INFO - Initialized HTTP client with max_connections=50
[2025-07-07 12:27:28] INFO - Using base URL: https://metruyencv.com/truyen/
[2025-07-07 12:27:28] INFO - Tesseract OCR path set
[2025-07-07 12:27:28] INFO - Application started
[2025-07-07 12:27:28] INFO - Starting MTC Downloader application
[2025-07-07 12:27:28] INFO - Using command line parameters
[2025-07-07 12:27:28] INFO - URL: https://metruyencv.com/truyen/dai-duong-chi-toi-nguu-vuong-gia
[2025-07-07 12:27:28] INFO - Chương bắt đầu: 1
[2025-07-07 12:27:28] INFO - Chương kết thúc: 10
[2025-07-07 12:27:28] INFO - Fetching novel information
[2025-07-07 12:27:29] INFO - Novel info: Title='Trinh Quan Hiền Vương', Author='Đại Nhãn Tiểu Kim Ngư', Status='Hoàn thành'
[2025-07-07 12:27:29] INFO - Downloading cover image
[2025-07-07 12:27:29] INFO - Creating output directory: C:/novel/Trinh Quan Hiền Vương
[2025-07-07 12:27:29] INFO - Starting chapter download process
[2025-07-07 12:27:29] INFO - Starting download of chapters 1 to 10
[2025-07-07 12:27:29] INFO - Using semaphore to limit concurrent tasks to 5
[2025-07-07 12:27:29] INFO - Attempting to download chapter 1
[2025-07-07 12:27:29] INFO - Attempting to download chapter 2
[2025-07-07 12:27:29] INFO - Attempting to download chapter 3
[2025-07-07 12:27:29] INFO - Attempting to download chapter 4
[2025-07-07 12:27:29] INFO - Attempting to download chapter 5
[2025-07-07 12:27:29] ERROR - Lỗi khi tải chapter 1: . Đang thử lại...
[2025-07-07 12:27:29] ERROR - Lỗi khi tải chapter 2: . Đang thử lại...
[2025-07-07 12:27:29] ERROR - Lỗi khi tải chapter 3: . Đang thử lại...
[2025-07-07 12:27:29] ERROR - Lỗi khi tải chapter 4: . Đang thử lại...
[2025-07-07 12:27:29] ERROR - Lỗi khi tải chapter 5: . Đang thử lại...
[2025-07-07 12:27:34] INFO - Attempting to download chapter 1
[2025-07-07 12:27:34] ERROR - Lỗi khi tải chapter 1: . Đang thử lại...
[2025-07-07 12:27:34] INFO - Attempting to download chapter 3
[2025-07-07 12:27:34] INFO - Attempting to download chapter 2
[2025-07-07 12:27:34] ERROR - Lỗi khi tải chapter 3: . Đang thử lại...
[2025-07-07 12:27:34] ERROR - Lỗi khi tải chapter 2: . Đang thử lại...
[2025-07-07 12:27:34] INFO - Attempting to download chapter 5
[2025-07-07 12:27:34] ERROR - Lỗi khi tải chapter 5: . Đang thử lại...
[2025-07-07 12:27:35] INFO - Attempting to download chapter 4
[2025-07-07 12:27:35] ERROR - Lỗi khi tải chapter 4: . Đang thử lại...
[2025-07-07 12:27:40] INFO - Attempting to download chapter 5
[2025-07-07 12:27:40] ERROR - Lỗi khi tải chapter 5: . Đang thử lại...
[2025-07-07 12:27:41] INFO - Attempting to download chapter 1
[2025-07-07 12:27:41] ERROR - Lỗi khi tải chapter 1: . Đang thử lại...
[2025-07-07 12:27:41] INFO - Attempting to download chapter 3
[2025-07-07 12:27:41] ERROR - Lỗi khi tải chapter 3: . Đang thử lại...
[2025-07-07 12:27:41] INFO - Attempting to download chapter 4
[2025-07-07 12:27:41] ERROR - Lỗi khi tải chapter 4: . Đang thử lại...
[2025-07-07 12:27:41] INFO - Attempting to download chapter 2
[2025-07-07 12:27:41] ERROR - Lỗi khi tải chapter 2: . Đang thử lại...
[2025-07-07 12:27:45] WARNING - Received signal 2. Starting graceful shutdown...
[2025-07-07 12:27:46] WARNING - Received signal 2. Starting graceful shutdown...
[2025-07-07 12:27:46] ERROR - Error fetching chapter: 
[2025-07-07 12:27:46] INFO - Successfully downloaded 0/10 chapters
[2025-07-07 12:27:46] WARNING - Application is shutting down, skipping download of missing chapters
[2025-07-07 12:27:46] INFO - Processed a total of 0 valid chapters
[2025-07-07 12:27:46] WARNING - Shutdown requested, cancelling EPUB creation
[2025-07-07 12:27:46] INFO - Closing 0 browser instances...
[2025-07-07 12:27:46] INFO - All browsers closed
[2025-07-07 12:27:46] INFO - HTTP client closed
[2025-07-07 12:27:46] INFO - Performing final cleanup
[2025-07-07 12:27:46] INFO - Closing 0 browser instances...
[2025-07-07 12:27:46] INFO - All browsers closed
[2025-07-07 12:27:46] INFO - HTTP client closed
[2025-07-07 12:27:46] INFO - Application completed successfully
