[2025-07-07 11:54:02] INFO - Logger initialized. Log file: logs\mtc_downloader_20250707_115402.log
[2025-07-07 11:54:02] INFO - Detected Windows platform - applying ProactorEventLoop fixes
[2025-07-07 11:54:02] INFO - Set WindowsSelectorEventLoopPolicy for Windows platform
[2025-07-07 11:54:02] INFO - Garbage collection enabled
[2025-07-07 11:54:02] INFO - Using configuration directory: C:\Users\GHC\AppData\Local\nguyentd010\metruyencv-downloader
[2025-07-07 11:54:02] INFO - Config file path: C:\Users\GHC\AppData\Local\nguyentd010\metruyencv-downloader\config.ini
[2025-07-07 11:54:02] INFO - Reading configuration from file
[2025-07-07 11:54:02] INFO - Loaded config: email=0947556012abc@7556012abcgmail.12abcgmailcom, disk=C, max_connections=50
[2025-07-07 11:54:03] INFO - Initialized HTTP client with max_connections=50
[2025-07-07 11:54:03] INFO - Using base URL: https://metruyencv.com/truyen/
[2025-07-07 11:54:03] INFO - Tesseract OCR path set
[2025-07-07 11:54:03] INFO - Application started
[2025-07-07 11:54:03] INFO - Starting MTC Downloader application
[2025-07-07 11:54:03] INFO - Insufficient command line parameters, requesting user input
[2025-07-07 12:24:01] ERROR - Error reading parameters: invalid literal for int() with base 10: 'python main.py'
[2025-07-07 12:32:37] INFO - Closing 0 browser instances...
[2025-07-07 12:32:37] INFO - All browsers closed
[2025-07-07 12:32:37] INFO - HTTP client closed
[2025-07-07 12:32:37] INFO - Performing final cleanup
[2025-07-07 12:32:37] INFO - Closing 0 browser instances...
[2025-07-07 12:32:37] INFO - All browsers closed
[2025-07-07 12:32:37] INFO - HTTP client closed
[2025-07-07 12:32:37] CRITICAL - Unhandled exception: invalid literal for int() with base 10: 'python main.py https://metruyencv.com/truyen/dai-duong-chi-toi-nguu-vuong-gia 1 2'
Traceback (most recent call last):
  File "C:\VF\MTC_Download\main.py", line 582, in main
    except Exception as e:
                           
ValueError: invalid literal for int() with base 10: 'python main.py'

During handling of the above exception, another exception occurred:

Traceback (most recent call last):
  File "C:\VF\MTC_Download\main.py", line 717, in <module>
    start_chapter = int(sys.argv[2])
  File "C:\Python312\Lib\asyncio\base_events.py", line 687, in run_until_complete
    return future.result()
           ^^^^^^^^^^^^^^^
  File "C:\VF\MTC_Download\main.py", line 693, in run_with_graceful_shutdown
    elif content.startswith(b'\xff\xfe') or content.startswith(b'\xfe\xff'):
    ^^^^^^^^^^^^
  File "C:\VF\MTC_Download\main.py", line 588, in main
    progress_bar.close()
                         
ValueError: invalid literal for int() with base 10: 'python main.py https://metruyencv.com/truyen/dai-duong-chi-toi-nguu-vuong-gia 1 2'
