[2025-07-07 11:38:22] INFO - Logger initialized. Log file: logs\mtc_downloader_20250707_113822.log
[2025-07-07 11:38:22] INFO - Garbage collection enabled
[2025-07-07 11:38:22] INFO - Using configuration directory: C:\Users\GHC\AppData\Local\nguyentd010\metruyencv-downloader
[2025-07-07 11:38:22] INFO - Config file path: C:\Users\GHC\AppData\Local\nguyentd010\metruyencv-downloader\config.ini
[2025-07-07 11:38:22] INFO - Reading configuration from file
[2025-07-07 11:38:22] INFO - Loaded config: email=0947556012abc@7556012abcgmail.12abcgmailcom, disk=C, max_connections=50
[2025-07-07 11:38:22] INFO - Initialized HTTP client with max_connections=50
[2025-07-07 11:38:22] INFO - Using base URL: https://metruyencv.com/truyen/
[2025-07-07 11:38:22] INFO - Tesseract OCR path set
[2025-07-07 11:38:22] INFO - Application started
[2025-07-07 11:38:22] INFO - Starting MTC Downloader application
[2025-07-07 11:38:22] INFO - Using command line parameters
[2025-07-07 11:38:22] INFO - URL: https://metruyencv.com/truyen/dai-duong-chi-toi-nguu-vuong-gia
[2025-07-07 11:38:22] INFO - Chương bắt đầu: 1
[2025-07-07 11:38:22] INFO - Chương kết thúc: 10
[2025-07-07 11:38:22] INFO - Fetching novel information
[2025-07-07 11:38:23] INFO - Novel info: Title='Trinh Quan Hiền Vương', Author='Đại Nhãn Tiểu Kim Ngư', Status='Hoàn thành'
[2025-07-07 11:38:23] INFO - Downloading cover image
[2025-07-07 11:38:23] INFO - Creating output directory: C:/novel/Trinh Quan Hiền Vương
[2025-07-07 11:38:23] INFO - Starting chapter download process
[2025-07-07 11:38:23] INFO - Starting download of chapters 1 to 10
[2025-07-07 11:38:23] INFO - Attempting to download chapter 1
[2025-07-07 11:38:23] INFO - Attempting to download chapter 9
[2025-07-07 11:38:23] INFO - Attempting to download chapter 10
[2025-07-07 11:38:23] INFO - Attempting to download chapter 8
[2025-07-07 11:38:23] INFO - Attempting to download chapter 7
[2025-07-07 11:38:23] INFO - Attempting to download chapter 6
[2025-07-07 11:38:23] INFO - Attempting to download chapter 5
[2025-07-07 11:38:23] INFO - Attempting to download chapter 4
[2025-07-07 11:38:23] INFO - Attempting to download chapter 3
[2025-07-07 11:38:23] INFO - Attempting to download chapter 2
[2025-07-07 11:38:42] ERROR - Lỗi khi tải chapter 10: Event loop is closed. Đang thử lại...
[2025-07-07 11:38:42] ERROR - Lỗi khi tải chapter 9: Event loop is closed. Đang thử lại...
[2025-07-07 11:38:42] ERROR - Lỗi khi tải chapter 8: Event loop is closed. Đang thử lại...
[2025-07-07 11:38:42] ERROR - Lỗi khi tải chapter 7: Event loop is closed. Đang thử lại...
[2025-07-07 11:38:42] ERROR - Lỗi khi tải chapter 6: Event loop is closed. Đang thử lại...
[2025-07-07 11:38:42] ERROR - Lỗi khi tải chapter 5: Event loop is closed. Đang thử lại...
[2025-07-07 11:38:42] ERROR - Lỗi khi tải chapter 4: Event loop is closed. Đang thử lại...
[2025-07-07 11:38:42] ERROR - Lỗi khi tải chapter 3: Event loop is closed. Đang thử lại...
[2025-07-07 11:38:42] ERROR - Lỗi khi tải chapter 2: Event loop is closed. Đang thử lại...
[2025-07-07 11:38:42] ERROR - Lỗi khi tải chapter 1: Event loop is closed. Đang thử lại...
