book=Dị Giới Trọng Sinh Lục
book_id=114701
out=C:\Dev\MTC\Dị Giới Trọng Sinh Lục
chapters_total=34 expected=34
[1/34] skip existing file=Chương 1 Trọng sinh.txt
[2/34] skip existing file=Chương 2 Học Viện Trung Cấp Tinh Thần 2000 năm Thiên Vân Tinh tân kỷ nguyên.txt
[3/34] skip existing file=Chương 3 Thâm Uyên Nhân Loại Anh Hùng Sử.txt
[4/34] skip existing file=Chương 4 «The War of Gods».txt
[5/34] skip existing file=Chương 5 Cơ chế cơ bản của hệ thống rút thưởng đại bạo.txt
[6/34] skip existing file=Chương 6 Mâu thuẫn.txt
[7/34] skip existing file=Chương 7 Thức tỉnh chân linh 1 Cấp S hiện thế một đoạn kiếm gãy.txt
[8/34] skip existing file=Chương 8 Thức tỉnh chân linh 2 Liên tiếp cấp S thức tỉnh khí vận tụ tập Hạ Phong chân linh.txt
[9/34] skip existing file=Chương 9 Biến cố phẫn nộ.txt
[10/34] skip existing file=Chương 10 Tiến nhập phó bản Hàn Băng Sâm Lâm.txt
[11/34] skip existing file=Chương 11 Nhiệm vụ đầu tiên.txt
[12/34] skip existing file=Chương 12 Nathan.txt
[13/34] skip existing file=Chương 13 Phức tạp tâm tình phát hiện.txt
[14/34] skip existing file=Chương 14 Trận chiến đầu tiên quỷ dị khí lưu màu xám.txt
[15/34] skip existing file=Chương 15 Lily tình cảm Anna tới thăm.txt
[16/34] skip existing file=Chương 16 Ma hoá Nathan.txt
[17/34] skip existing file=Chương 17 Thức thứ bảy Lôi Duệ Thương.txt
[18/34] skip existing file=Chương 18 Bằng vào danh nghĩa này.txt
[19/34] skip existing file=Chương 19 Lão bà bà Tuyết Trường Thanh vấn đề chân linh giải quyết.txt
[20/34] skip existing file=Chương 20 Lại có cấp S Siêu vi hình bí cảnh danh ngạch tranh đoạt giải đấu.txt
[21/34] skip existing file=Chương 21 Tại đây một cái truyền kỳ sinh ra.txt
[22/34] skip existing file=Chương 22 Ngoại truyện 1 Mãi mãi luôn luôn và... vĩnh hằng.txt
[23/34] skip existing file=Chương 23 Buổi đấu giá.txt
[24/34] skip existing file=Chương 24 Vật phẩm áp trục dị thuộc tính hiện thân.txt
[25/34] skip existing file=Chương 25 Người đạt được dị hoả mới gặp Bạch Linh.txt
[26/34] skip existing file=Chương 26 Tinh Huy là soi sáng tinh không ánh sao.txt
[27/34] skip existing file=Chương 27 Trận chiến mở màn.txt
[28/34] skip existing file=Chương 28 Trận đầu toàn thắng.txt
[29/34] skip existing file=Chương 29 Hệ thống nâng cấp.txt
[30/34] skip existing file=Chương 30 Không biết đặt tiêu đề gì.txt
[31/34] skip existing file=Chương 31 Vòng tiếp theo bắt đầu.txt
[32/34] download chapter_id=15489900 file=Chương 32 Thông báo một chút ;.txt
  OK decrypted=True written=Chương 32 Thông báo một chút ;.txt
[33/34] skip existing file=Chương 33 Âm mưu tuyết.txt
[34/34] skip existing file=Chương 34 Sơ ngộ khoa kỹ lưu.txt
final_ok=34
final_fail=0
out=C:\Dev\MTC\Dị Giới Trọng Sinh Lục

[stderr]
