book=Đại La Thiên Tôn
book_id=102223
out=C:\Dev\MTC\Đại La Thiên Tôn
chapters_total=664 expected=664
[1/664] skip existing file=Chương 1 Q1 Chương 1 Truy Sát.txt
[2/664] download chapter_id=11883601 file=Chương 2 Q1 Chương 2 Đứa trẻ bất hạnh.txt
  OK decrypted=True written=Chương 2 Q1 Chương 2 Đứa trẻ bất hạnh.txt
[3/664] skip existing file=Chương 3 Q1 Chương 3 Phong ấn.txt
[4/664] skip existing file=Chương 4 Q1 Chương 4 Nguyện sống chết có nhau.txt
[5/664] skip existing file=Chương 5 Q1 Chương 5 Huyết thuẫn.txt
[6/664] download chapter_id=11883605 file=Chương 6 Q1 Chương 6 Cuồng long chiến Thần vương.txt
  OK decrypted=True written=Chương 6 Q1 Chương 6 Cuồng long chiến Thần vương.txt
[7/664] download chapter_id=11883606 file=Chương 7 Q1 Chương 7 Chương 7 Long Tử Thiên chết 1.txt
  OK decrypted=True written=Chương 7 Q1 Chương 7 Chương 7 Long Tử Thiên chết 1.txt
[8/664] download chapter_id=11883607 file=Chương 8 Q1 Chương 8 Chương 8 Long Tử Thiên chết 2.txt
  OK decrypted=True written=Chương 8 Q1 Chương 8 Chương 8 Long Tử Thiên chết 2.txt
[9/664] skip existing file=Chương 9 Q1 Chương 9 Bán vợ.txt
[10/664] skip existing file=Chương 10 Q1 Chương 10 Về Sở gia.txt
[11/664] skip existing file=Chương 11 Q1 Chương 11 Bảy năm.txt
[12/664] skip existing file=Chương 12 Q1 Chương 12 Thủy hỏa âm dương quả.txt
[13/664] skip existing file=Chương 13 Q1 Chương 13 Đánh bại Sở Hóa Long.txt
[14/664] skip existing file=Chương 14 Q1 Chương 14 Rời Sở gia.txt
[15/664] skip existing file=Chương 15 Q1 Chương 15 Rời Hắc ám động phủ.txt
[16/664] skip existing file=Chương 16 Q1 Chương 16 Sở Tiểu Điệp.txt
[17/664] skip existing file=Chương 17 Q1 Chương 17 Ngươi có muốn làm nô tài cho ta không.txt
[18/664] skip existing file=Chương 18 Q1 Chương 18 Luyện chế Tụ nguyên linh dịch.txt
[19/664] skip existing file=Chương 19 Q1 Chương 19 Đấu giá Tụ nguyên linh dịch Thượng.txt
[20/664] skip existing file=Chương 20 Q1 Chương 20 Đấu giá Tụ nguyên linh dịch Hạ.txt
[21/664] skip existing file=Chương 21 Q1 Chương 21 Địa ngục cuồng vũ.txt
[22/664] skip existing file=Chương 22 Q1 Chương 22 Trương Vô Thường.txt
[23/664] skip existing file=Chương 23 Q1 Chương 23 Luyện chế Hóa anh đan.txt
[24/664] skip existing file=Chương 24 Q1 Chương 24 Trùng kích Nguyên anh kỳ.txt
[25/664] skip existing file=Chương 25 Q1 Chương 25 Kiếp hồng nhan.txt
[26/664] skip existing file=Chương 26 Q1 Chương 26 Yến Ngọc Lan.txt
[27/664] skip existing file=Chương 27 Q1 Chương 27 Giải cứu.txt
[28/664] skip existing file=Chương 28 Q1 Chương 28 Ngươi không sợ Thiên Phong đế đình truy nã ngươi tru di cửu tộc ngươi sao.txt
[29/664] skip existing file=Chương 29 Q1 Chương 29 Đại la chưởng.txt
[30/664] skip existing file=Chương 30 Q1 Chương 30 Gặp may.txt
[31/664] skip existing file=Chương 31 Q1 Chương 31 Xử nữ.txt
[32/664] skip existing file=Chương 32 Q1 Chương 32 Thiên ma nhiếp hồn chi nhãn.txt
[33/664] skip existing file=Chương 33 Q1 Chương 32 Thiên hương thảo.txt
[34/664] skip existing file=Chương 34 Q1 Chương 34 Mộng đẹp.txt
[35/664] skip existing file=Chương 35 Q1 Chương 35 Yến hộ pháp chi nộ.txt
[36/664] skip existing file=Chương 36 Q1 Chương 36 Băng cơ tuyết cốt thần thể.txt
[37/664] skip existing file=Chương 37 Q1 Chương 37 Kim Sí thiên bằng.txt
[38/664] skip existing file=Chương 38 Q1 Chương 38 Linh căn.txt
[39/664] skip existing file=Chương 39 Q1 Chương 39 Phục long đỉnh.txt
[40/664] skip existing file=Chương 40 Q1 Chương 40 Quần tiên các.txt
[41/664] skip existing file=Chương 41 Q1 Chương 41 Tô Hân Nhi.txt
[42/664] skip existing file=Chương 42 Q1 Chương 42 Báo danh.txt
[43/664] skip existing file=Chương 43 Q1 Chương 43 Khảo thí.txt
[44/664] skip existing file=Chương 44 Q1 Chương 44 Thập nhị linh căn.txt
[45/664] skip existing file=Chương 45 Q1 Chương 45 Tiến nhập Bách thảo phong.txt
[46/664] skip existing file=Chương 46 Q1 Chương 46 Hai tháng tu luyện.txt
[47/664] skip existing file=Chương 47 Q1 Chương 47 Dược viên.txt
[48/664] skip existing file=Chương 48 Q1 Chương 48 Đại hội luyện dược.txt
[49/664] skip existing file=Chương 49 Q1 Chương 49 Thiên tài luyện dược.txt
[50/664] skip existing file=Chương 50 Q1 Chương 50 Nhậm Thiên Hành thu đồ.txt
[51/664] skip existing file=Chương 51 Q1 Chương 51 Thệ ước ấn ký.txt
[52/664] skip existing file=Chương 52 Q1 Chương 52 Quái mộng.txt
[53/664] skip existing file=Chương 53 Q1 Chương 53 Bắt đầu khảo hạch.txt
[54/664] skip existing file=Chương 54 Q1 Chương 54 Thâm uyên.txt
[55/664] skip existing file=Chương 55 Q1 Chương 55 Tiêu Thiên Tứ.txt
[56/664] skip existing file=Chương 56 Q1 Chương 56 Tuyệt địa.txt
[57/664] skip existing file=Chương 57 Q1 Chương 57 Lục đạo thiên thư Súc sanh đạo.txt
[58/664] skip existing file=Chương 58 Q1 Chương 58 Thoát nạn.txt
[59/664] skip existing file=Chương 59 Q1 Chương 59 Lệnh truy nã.txt
[60/664] skip existing file=Chương 60 Q1 Chương 60 Bát hoang hợp công pháp.txt
[61/664] download chapter_id=11883660 file=Chương 61 Q1 Chương 61 Là ta giết hắn đấy. Muốn báo thù thì mời lên.txt
  OK decrypted=True written=Chương 61 Q1 Chương 61 Là ta giết hắn đấy. Muốn báo thù thì mời lên.txt
[62/664] skip existing file=Chương 62 Q1 Chương 62 Bình sinh ta ghét nhất những kẻ ức hiếp phụ nữ.txt
[63/664] skip existing file=Chương 63 Q1 Chương 63 Ngày thứ sáu khảo hạch.txt
[64/664] skip existing file=Chương 64 Q1 Chương 64 Hồng Vu Đan.txt
[65/664] skip existing file=Chương 65 Q1 Chương 65 Thiên tài hội tụ.txt
[66/664] skip existing file=Chương 66 Q1 Chương 66 Tâm trạng của Sở Tiểu Điệp.txt
[67/664] skip existing file=Chương 67 Q1 Chương 67 Một chiêu phân thắng bại.txt
[68/664] skip existing file=Chương 68 Q1 Chương 68 Đệ nhất khảo hạch.txt
[69/664] skip existing file=Chương 69 Q1 Chương 69 Trở về Thông Thiên phong.txt
[70/664] skip existing file=Chương 70 Q1 Chương 70 Thật buồn nôn.txt
[71/664] skip existing file=Chương 71 Q1 Chương 71 Đa tạ.txt
[72/664] skip existing file=Chương 72 Q1 Chương 72 Phục hồi kinh mạch.txt
[73/664] skip existing file=Chương 73 Q1 Chương 73 Đồ thư quán.txt
[74/664] skip existing file=Chương 74 Q1 Chương 74 Sự cố bất ngờ.txt
[75/664] skip existing file=Chương 75 Q1 Chương 75 Bình minh.txt
[76/664] skip existing file=Chương 76 Q1 Chương 76 Nội các.txt
[77/664] skip existing file=Chương 77 Q1 Chương 77 Nhiệm vụ nhất đẳng.txt
[78/664] skip existing file=Chương 78 Q2 Chương 1 Trúc lâm.txt
[79/664] skip existing file=Chương 79 Q2 Chương 2 Bánh xe vận mệnh.txt
[80/664] skip existing file=Chương 80 Q2 Chương 3 Hắc y nhân.txt
[81/664] skip existing file=Chương 81 Q2 Chương 4 Âm mưu của Thiên Phong đế quốc.txt
[82/664] skip existing file=Chương 82 Q2 Chương 5 Thương Long thất tú.txt
[83/664] skip existing file=Chương 83 Q2 Chương 6 Thái tử Trịnh Thần Không.txt
[84/664] skip existing file=Chương 84 Q2 Chương 7 Ngạo khí.txt
[85/664] skip existing file=Chương 85 Q2 Chương 8 Đêm đen.txt
[86/664] skip existing file=Chương 86 Q2 Chương 9 Hoa tặc.txt
[87/664] skip existing file=Chương 87 Q2 Chương 10 Do dự.txt
[88/664] skip existing file=Chương 88 Q2 Chương 11 Lão đại Nam hoa sơn trại.txt
[89/664] skip existing file=Chương 89 Q2 Chương 12 Thượng cổ thần binh Thiên long ngọc hoành.txt
[90/664] skip existing file=Chương 90 Q2 Chương 13 Kế hoạch.txt
[91/664] skip existing file=Chương 91 Q2 Chương 14 Lập mưu.txt
[92/664] skip existing file=Chương 92 Q2 Chương 15 Cải trang.txt
[93/664] skip existing file=Chương 93 Q2 Chương 16 Cảm ứng.txt
[94/664] skip existing file=Chương 94 Q2 Chương 17 Ngươi là ai.txt
[95/664] skip existing file=Chương 95 Q2 Chương 18 Kịch chiến.txt
[96/664] download chapter_id=11883695 file=Chương 96 Q2 Chương 19 Kịch chiến 2.txt
  OK decrypted=True written=Chương 96 Q2 Chương 19 Kịch chiến 2.txt
[97/664] skip existing file=Chương 97 Q2 Chương 20 Vĩnh viễn không thể.txt
[98/664] skip existing file=Chương 98 Q2 Chương 21 Ngượng ngùng.txt
[99/664] skip existing file=Chương 99 Q2 Chương 22 Lão giả thần bí.txt
[100/664] skip existing file=Chương 100 Q2 Chương 23 Xem tướng.txt
[101/664] skip existing file=Chương 101 Q2 Chương 24 Huyền Cơ tôn giả.txt
[102/664] skip existing file=Chương 102 Q2 Chương 25 Tịch mịch.txt
[103/664] skip existing file=Chương 103 Q2 Chương 26 Tuyệt khúc.txt
[104/664] skip existing file=Chương 104 Q2 Chương 27 Tái ngộ.txt
[105/664] skip existing file=Chương 105 Q2 Chương 28 Sở Bảo.txt
[106/664] skip existing file=Chương 106 Q2 Chương 29 Hồi ức.txt
[107/664] skip existing file=Chương 107 Q2 Chương 30 Mông lung.txt
[108/664] skip existing file=Chương 108 Q2 Chương 31 Thôn phệ thần thông.txt
[109/664] skip existing file=Chương 109 Q2 Chương 32 Vạn bảo tông.txt
[110/664] skip existing file=Chương 110 Q2 Chương 33 Vô thượng chi hỏa.txt
[111/664] skip existing file=Chương 111 Q2 Chương 34 Gây sự trên đường.txt
[112/664] skip existing file=Chương 112 Q2 Chương 35 Lục nguyên tiệm.txt
[113/664] skip existing file=Chương 113 Q2 Chương 37 Tiêu Nhạn Tuyết.txt
[114/664] skip existing file=Chương 114 Q2 Chương 36 Linh lung tuyết quả.txt
[115/664] skip existing file=Chương 115 Q2 Chương 38 Di tích thiên kiếp Thần Địa.txt
[116/664] skip existing file=Chương 116 Q2 Chương 39 Thất tịch.txt
[117/664] skip existing file=Chương 117 Q2 Chương 40 Đau thương.txt
[118/664] skip existing file=Chương 118 Q2 Chương 41 Đại hội luyện dược Thượng.txt
[119/664] skip existing file=Chương 119 Q2 Chương 42 Đại hội luyện dược Trung.txt
[120/664] skip existing file=Chương 120 Q2 Chương 43 Đại hội luyện dược Hạ.txt
[121/664] skip existing file=Chương 121 Q2 Chương 44 Cướp đoạt.txt
[122/664] skip existing file=Chương 122 Q2 Chương 45 Tiểu bằng xuất chiến.txt
[123/664] skip existing file=Chương 123 Q2 Chương 46 Tiêu gia.txt
[124/664] skip existing file=Chương 124 Q2 Chương 47 Đột nhập.txt
[125/664] skip existing file=Chương 125 Q2 Chương 48 Hăm dọa.txt
[126/664] skip existing file=Chương 126 Q2 Chương 49 Lời mời của Tiêu gia.txt
[127/664] skip existing file=Chương 127 Q2 Chương 50 Nỗi buồn của Tiểu Điệp.txt
[128/664] skip existing file=Chương 128 Q2 Chương 51 Đấu khí.txt
[129/664] skip existing file=Chương 129 Q2 Chương 52 Hòa.txt
[130/664] skip existing file=Chương 130 Q2 Chương 53 Nghi ngờ.txt
[131/664] skip existing file=Chương 131 Q2 Chương 54 Lạc đường.txt
[132/664] skip existing file=Chương 132 Q2 Chương 55 Ngôi làng thần bí.txt
[133/664] skip existing file=Chương 133 Q2 Chương 56 Thiên tà vạn độc quả.txt
[134/664] skip existing file=Chương 134 Q2 Chương 57 Vết sẹo.txt
[135/664] skip existing file=Chương 135 Q2 Chương 58 Lễ tế thần.txt
[136/664] skip existing file=Chương 136 Q2 Chương 59 Hạ sát Hoàng vương hổ.txt
[137/664] skip existing file=Chương 137 Q2 Chương 60 Giam vào ngục.txt
[138/664] skip existing file=Chương 138 Q2 Chương 61 Giải độc.txt
[139/664] skip existing file=Chương 139 Q2 Chương 62 Dạ sơn.txt
[140/664] skip existing file=Chương 140 Q2 Chương 63 Thủy động.txt
[141/664] skip existing file=Chương 141 Q2 Chương 64 Thượng cổ ma thú Hắc thủy huyền xà.txt
[142/664] skip existing file=Chương 142 Q2 Chương 65 Diễn lôi phá diệt đại trận.txt
[143/664] skip existing file=Chương 143 Q2 Chương 66 Âm dương sinh tử linh châu.txt
[144/664] skip existing file=Chương 144 Q2 Chương 67 Thập niên hồi mộng.txt
[145/664] skip existing file=Chương 145 Q2 Chương 68 Gặp gỡ.txt
[146/664] skip existing file=Chương 146 Q2 Chương 69 Tấu nhạc.txt
[147/664] skip existing file=Chương 147 Q2 Chương 70 Ám ma lang.txt
[148/664] skip existing file=Chương 148 Q2 Chương 71 Trị thương.txt
[149/664] skip existing file=Chương 149 Q2 Chương 72 Vận mệnh.txt
[150/664] skip existing file=Chương 150 Q2 Chương 73 Phục hồi.txt
[151/664] skip existing file=Chương 151 Q2 Chương 74 Khúc mắc.txt
[152/664] skip existing file=Chương 152 Q2 Chương 75 Cao hứng.txt
[153/664] download chapter_id=11883752 file=Chương 153 Q2 Chương 76 Ngạ quỷ đạo. Tu la đạo. Thần ma chi chiến.txt
  OK decrypted=True written=Chương 153 Q2 Chương 76 Ngạ quỷ đạo. Tu la đạo. Thần ma chi chiến.txt
[154/664] skip existing file=Chương 154 Q2 Chương 77 Bế quan.txt
[155/664] download chapter_id=11883754 file=Chương 155 Q2 Chương 78 Mật lệnh ám sát. Thiếu niên thần bí.txt
  OK decrypted=True written=Chương 155 Q2 Chương 78 Mật lệnh ám sát. Thiếu niên thần bí.txt
[156/664] skip existing file=Chương 156 Q2 Chương 79 Trò chuyện.txt
[157/664] skip existing file=Chương 157 Q2 Chương 80 Tặng vật.txt
[158/664] skip existing file=Chương 158 Q2 Chương 81 Nam Cung Hoàng.txt
[159/664] skip existing file=Chương 159 Q2 Chương 82 Ma thú sơn mạch.txt
[160/664] skip existing file=Chương 160 Lãnh huyết thần long.txt
[161/664] skip existing file=Chương 161 Q2 Chương 84 Thủy hỏa chân long quyết.txt
[162/664] skip existing file=Chương 162 Q2 Chương 85 Ngày về của Lý Tinh Vân.txt
[163/664] skip existing file=Chương 163 Q2 Chương 86 Sở Hóa Long nổi giận.txt
[164/664] skip existing file=Chương 164 Q2 Chương 87 Hôn sự.txt
[165/664] skip existing file=Chương 165 Q2 Chương 88 Giác Long chi kỳ.txt
[166/664] skip existing file=Chương 166 Q2 Chương 89 Tụ bảo động.txt
[167/664] download chapter_id=11883766 file=Chương 167 Q2 Chương 90 Là hư hay là thực….txt
  OK decrypted=True written=Chương 167 Q2 Chương 90 Là hư hay là thực….txt
[168/664] skip existing file=Chương 168 Q2 Chương 91 Lý gia và Yến gia.txt
[169/664] skip existing file=Chương 169 Q2 Chương 92 Tâm sự của Yến Tàn Phong.txt
[170/664] skip existing file=Chương 170 Q2 Chương 93 Đối thoại.txt
[171/664] skip existing file=Chương 171 Trở về thần điện.txt
[172/664] skip existing file=Chương 172 Q2 Chương 95 Hồn Điệp.txt
[173/664] skip existing file=Chương 173 Q2 Chương 96 Bố trí.txt
[174/664] skip existing file=Chương 174 Q2 Chương 97 Tự trách.txt
[175/664] skip existing file=Chương 175 Q2 Chương 98 Thẫn thờ.txt
[176/664] skip existing file=Chương 176 Q2 Chương 99 Bão tố.txt
[177/664] skip existing file=Chương 177 Q2 Chương 100 Sát khí.txt
[178/664] skip existing file=Chương 178 Q2 Chương 101 Thiên tử.txt
[179/664] skip existing file=Chương 179 Q2 Chương 102 Đại biến.txt
[180/664] skip existing file=Chương 180 Q2 Chương 103 Cự tuyệt.txt
[181/664] skip existing file=Chương 181 Q2 Chương 104 Hoán long.txt
[182/664] skip existing file=Chương 182 Q2 Chương 105 Tụ hội.txt
[183/664] skip existing file=Chương 183 Q2 Chương 106 Sống không bằng chết.txt
[184/664] skip existing file=Chương 184 Q2 Chương 107 Gào thét.txt
[185/664] skip existing file=Chương 185 Q2 Chương 108 Ác quỷ.txt
[186/664] skip existing file=Chương 186 Q2 Chương 109 Thương Long.txt
[187/664] skip existing file=Chương 187 Q2 Chương 110 Lưỡng bại.txt
[188/664] skip existing file=Chương 188 Q2 Chương 1 Xác người trên biển.txt
[189/664] skip existing file=Chương 189 Q2 Chương 2 Tai qua nạn khỏi.txt
[190/664] skip existing file=Chương 190 Q2 Chương 3 Nam tử áo trắng.txt
[191/664] skip existing file=Chương 191 Q2 Chương 4 Những lời yêu thương.txt
[192/664] skip existing file=Chương 192 Q2 Chương 5 Vô Thượng Thiên Cung.txt
[193/664] skip existing file=Chương 193 Q3 Chương 6 Huyền Cơ chi tử.txt
[194/664] skip existing file=Chương 194 Q3 Chương 7 Chương Nga biến mất.txt
[195/664] skip existing file=Chương 195 Q3 Chương 8 Hồi tỉnh.txt
[196/664] skip existing file=Chương 196 Q3 Chương 9 Tranh luận.txt
[197/664] skip existing file=Chương 197 Q3 Chương 10 Rời khỏi Vô Thượng Thiên Cung.txt
[198/664] skip existing file=Chương 198 Q3 Chương 11 Nơi Dược viên.txt
[199/664] skip existing file=Chương 199 Q3 Chương 12 Hải tặc tấn công.txt
[200/664] skip existing file=Chương 200 Q3 Chương 13 Phong vân biến chuyển.txt
[201/664] skip existing file=Chương 201 Q3 Chương 14 Điên cuồng đồ sát.txt
[202/664] skip existing file=Chương 202 Q3 Chương 15 Đánh gục.txt
[203/664] skip existing file=Chương 203 Rời khỏi Đào Hoa đảo.txt
[204/664] skip existing file=Chương 204 Q3 Chương 17 Thiên Dương địa lục.txt
[205/664] skip existing file=Chương 205 Q3 Chương 18 Lăng Vân Tông.txt
[206/664] skip existing file=Chương 206 Q3 Chương 19 Chữa trị.txt
[207/664] skip existing file=Chương 207 Q3 Chương 20 Kẻ may mắn.txt
[208/664] skip existing file=Chương 208 Q3 Chương 21 Đêm huyền ảo.txt
[209/664] skip existing file=Chương 209 Q3 Chương 22 Vô Thần.txt
[210/664] skip existing file=Chương 210 Q3 Chương 23 Âm mưu.txt
[211/664] skip existing file=Chương 211 Q3 Chương 24 Bạch và Tử Lạc.txt
[212/664] skip existing file=Chương 212 Q3 Chương 25 Băng linh huyễn thần quyết.txt
[213/664] skip existing file=Chương 213 Q3 Chương 26 Tinh hà cổ lộ.txt
[214/664] skip existing file=Chương 214 Q3 Chương 27 Đêm khuya.txt
[215/664] skip existing file=Chương 215 Q3 Chương 28 Lam xà.txt
[216/664] skip existing file=Chương 216 Q3 Chương 29 Gã ăn xin.txt
[217/664] skip existing file=Chương 217 Q3 Chương 30 Hắc lộ.txt
[218/664] skip existing file=Chương 218 Q3 Chương 31 Bất thường.txt
[219/664] skip existing file=Chương 219 Q3 Chương 32 Tương trợ.txt
[220/664] skip existing file=Chương 220 Q3 Chương 33 Dị nhân.txt
[221/664] skip existing file=Chương 221 Q3 Chương 34 Man hoang.txt
[222/664] skip existing file=Chương 222 Q3 Chương 35 Thiên Lam.txt
[223/664] skip existing file=Chương 223 Q3 Chương 36 Hắc Liệt thù.txt
[224/664] skip existing file=Chương 224 Q3 Chương 37 Mảnh ghép.txt
[225/664] skip existing file=Chương 225 Q3 Chương 38 Phong vân hội tụ.txt
[226/664] skip existing file=Chương 226 Q3 Chương 39 Di vong.txt
[227/664] skip existing file=Chương 227 Q2 Chương 40 Kim long phi thiên.txt
[228/664] skip existing file=Chương 228 Q3 Chương 41 Kịp thời tương trợ.txt
[229/664] skip existing file=Chương 229 Q3 Chương 42 Chim sẻ đỏ.txt
[230/664] skip existing file=Chương 230 Q3 Chương 43 Hỏa Thiên bảo khố.txt
[231/664] skip existing file=Chương 231 Q3 Chương 44 Gặp lại.txt
[232/664] skip existing file=Chương 232 Q3 Chương 45 Hận khí thôn thiên.txt
[233/664] skip existing file=Chương 233 Q3 Chương 46 Bảo khố xuất thế.txt
[234/664] skip existing file=Chương 234 Q3 Chương 47 Phượng Hoàng cầm Thượng.txt
[235/664] skip existing file=Chương 235 Q3 Chương 48 Phượng Hoàng cầm Trung.txt
[236/664] skip existing file=Chương 236 Q3 Chương 49 Phượng Hoàng cầm Hạ.txt
[237/664] skip existing file=Chương 237 Q3 Chương 50 Độ kiếp kỳ Lôi kiếp đệ nhất trọng Thượng.txt
[238/664] skip existing file=Chương 238 Q3 Chương 51 Độ kiếp kỳ Lôi kiếp đệ nhất trọng Trung.txt
[239/664] skip existing file=Chương 239 Q3 Chương 52 Độ kiếp kỳ Lôi kiếp đệ nhất trọng Hạ.txt
[240/664] skip existing file=Chương 240 Q3 Chương 53 Ma chi quân vương Thượng.txt
[241/664] skip existing file=Chương 241 Q3 Chương 54 Ma Chi Quân Vương Trung.txt
[242/664] skip existing file=Chương 242 Q3 Chương 55 Ma Chi Quân Vương Hạ.txt
[243/664] skip existing file=Chương 243 Q3 Chương 56 Minh dạ hàng lâm Thượng.txt
[244/664] skip existing file=Chương 244 Q3 Chương 57 Minh dạ hàng lâm Trung.txt
[245/664] skip existing file=Chương 245 Q3 Chương 58 Minh dạ hàng lâm Hạ.txt
[246/664] skip existing file=Chương 246 Q3 Chương 59 Dạ tận thiên minh Thượng.txt
[247/664] skip existing file=Chương 247 Q3 Chương 60 Dạ tận thiên minh Trung.txt
[248/664] skip existing file=Chương 248 Q3 Chương 61 Dạ tận thiên minh Hạ.txt
[249/664] skip existing file=Chương 249 Q3 Chương 62 Thiên Phong náo loạn Thượng.txt
[250/664] skip existing file=Chương 250 Q3 Chương 63 Thiên Phong náo loạn Trung.txt
[251/664] skip existing file=Chương 251 Q3 Chương 64 Thiên Phong náo loạn Hạ.txt
[252/664] skip existing file=Chương 252 Q3 Chương 65 Tùy phong khởi vũ Thượng.txt
[253/664] skip existing file=Chương 253 Q3 Chương 66 Tùy phong khởi vũ Trung.txt
[254/664] skip existing file=Chương 254 Q3 Chương 67 Tùy phong khởi vũ Hạ.txt
[255/664] skip existing file=Chương 255 Q3 Chương 68 Tái ngộ Ngô Tinh Thượng.txt
[256/664] skip existing file=Chương 256 Q3 Chương 69 Tái ngộ Ngô Tinh Trung.txt
[257/664] skip existing file=Chương 257 Q3 Chương 70 Tái ngộ Ngô Tinh Hạ.txt
[258/664] skip existing file=Chương 258 Q3 Chương 72 Kiến Ninh môn tấn công Trung.txt
[259/664] skip existing file=Chương 259 Q3 Chương 73 Kiến Ninh môn tấn công Hạ.txt
[260/664] skip existing file=Chương 260 Q3 Chương 74 Hỏa chi bổn nguyên Thượng.txt
[261/664] skip existing file=Chương 261 Q3 Chương 75 Hỏa chi bổn nguyên Trung.txt
[262/664] skip existing file=Chương 262 Hỏa chi bổn nguyên Hạ.txt
[263/664] skip existing file=Chương 263 Q3 Chương 77 Dị giới trong dị giới Thượng.txt
[264/664] skip existing file=Chương 264 Q3 Chương 78 Dị giới trong dị giới Trung.txt
[265/664] skip existing file=Chương 265 Q3 Chương 79 Dị giới trong dị giới Hạ.txt
[266/664] skip existing file=Chương 266 Q3 Chương 80 Cửu vĩ hỏa phượng hoàng Thượng.txt
[267/664] skip existing file=Chương 267 Q3 Chương 81 Cửu vĩ hỏa phượng hoàng Trung.txt
[268/664] skip existing file=Chương 268 Q3 Chương 82 Cửu vĩ hỏa phượng hoàng Hạ.txt
[269/664] skip existing file=Chương 269 Q3 Chương 83 Như ảnh tùy hình Thượng.txt
[270/664] skip existing file=Chương 270 Q3 Chương 84 Như ảnh tùy hình Trung.txt
[271/664] skip existing file=Chương 271 Q3 Chương 85 Như ảnh tùy hình Hạ.txt
[272/664] skip existing file=Chương 272 Q3 Chương 86 Nhất phi trùng thiên Thượng.txt
[273/664] skip existing file=Chương 273 Q3 Chương 87 Nhất phi trùng thiên Trung.txt
[274/664] skip existing file=Chương 274 Q3 Chương 88 Nhất phi trùng thiên Hạ.txt
[275/664] skip existing file=Chương 275 Tinh tú băng quả Thượng.txt
[276/664] skip existing file=Chương 276 Q3 Chương 90 Tinh tú băng quả Trung.txt
[277/664] skip existing file=Chương 277 Q3 Chương 91 Tinh tú băng quả Hạ.txt
[278/664] skip existing file=Chương 278 Q3 Chương 92 Thượng cổ bảo thụ Thượng.txt
[279/664] skip existing file=Chương 279 Q3 Chương 93 Thượng cổ bảo thụ Trung.txt
[280/664] skip existing file=Chương 280 Q3 Chương 94 Thượng cổ bảo thụ Hạ.txt
[281/664] skip existing file=Chương 281 Q3 Chương 95 Phong hoa tuyết nguyệt Thượng.txt
[282/664] skip existing file=Chương 282 Q3 Chương 96 Phong hoa tuyết nguyệt Trung.txt
[283/664] skip existing file=Chương 283 Q3 Chương 97 Phong hoa tuyết nguyệt Hạ.txt
[284/664] skip existing file=Chương 284 Q3 Chương 98 Hữu sử đệ nhất Thượng.txt
[285/664] skip existing file=Chương 285 Q3 Chương 99 Hữu sử đệ nhất Trung.txt
[286/664] skip existing file=Chương 286 Q3 Chương 100 Hữu sử đệ nhất Hạ.txt
[287/664] skip existing file=Chương 287 Q3 Chương 101 Yêu vương hóa hình Thượng.txt
[288/664] skip existing file=Chương 288 Q3 Chương 102 Yêu vương hóa hình Trung.txt
[289/664] skip existing file=Chương 289 Q3 Chương 103 Yêu vương hóa hình Hạ.txt
[290/664] skip existing file=Chương 290 Q3 Chương 104 Tử linh yêu tháp Thượng.txt
[291/664] skip existing file=Chương 291 Q3 Chương 105 Tử linh yêu tháp Trung.txt
[292/664] skip existing file=Chương 292 Q3 Chương 106 Tử linh yêu tháp Hạ.txt
[293/664] skip existing file=Chương 293 Q3 Chương 107 Huyễn ảnh tà luân Thượng.txt
[294/664] skip existing file=Chương 294 Q3 Chương 108 Huyễn ảnh tà luân Trung.txt
[295/664] skip existing file=Chương 295 Q3 Chương 109 Huyễn ảnh tà luân Hạ.txt
[296/664] skip existing file=Chương 296 Q3 Chương 110 Địa ngục đạo Thượng.txt
[297/664] skip existing file=Chương 297 Q3 Chương 111 Địa ngục đạo Trung.txt
[298/664] skip existing file=Chương 298 Q3 Chương 112 Địa ngục đạo Hạ.txt
[299/664] skip existing file=Chương 299 Q3 Chương 113 Thi sơn huyết hải Thượng.txt
[300/664] skip existing file=Chương 300 Q3 Chương 114 Thi sơn huyết hải Trung.txt
[301/664] skip existing file=Chương 301 Q3 Chương 115 Thi sơn huyết hải Hạ.txt
[302/664] skip existing file=Chương 302 Q3 Chương 116 Vĩnh thế hàng lâm Thượng.txt
[303/664] skip existing file=Chương 303 Q3 Chương 117 Vĩnh thế hàng lâm Trung.txt
[304/664] skip existing file=Chương 304 Q3 Chương 118 Vĩnh thế hàng lâm Hạ.txt
[305/664] skip existing file=Chương 305 Q3 Chương 119 Vong linh thần bí Thượng.txt
[306/664] skip existing file=Chương 306 Q3 Chương 120 Vong linh thần bí Trung.txt
[307/664] skip existing file=Chương 307 Q3 Chương 121 Vong linh thần bí Hạ.txt
[308/664] skip existing file=Chương 308 Q3 Chương 122 Cửu tầng quỷ tháp Thượng.txt
[309/664] skip existing file=Chương 309 Q3 Chương 123 Cửu tầng quỷ tháp Trung.txt
[310/664] skip existing file=Chương 310 Q3 Chương 124 Cửu tầng quỷ tháp Hạ.txt
[311/664] skip existing file=Chương 311 Q3 Chương 125 Hoàng hoàng thiên uy Thượng.txt
[312/664] skip existing file=Chương 312 Q3 Chương 126 Hoàng hoàng thiên uy Trung.txt
[313/664] skip existing file=Chương 313 Q3 Chương 127 Hoàng hoàng thiên uy Hạ.txt
[314/664] skip existing file=Chương 314 Q3 Chương 128 Hải sinh minh nguyệt Thượng.txt
[315/664] skip existing file=Chương 315 Q3 Chương 129 Hải sinh minh nguyệt Trung.txt
[316/664] skip existing file=Chương 316 Q3 Chương 130 Hải sinh minh nguyệt Hạ.txt
[317/664] skip existing file=Chương 317 Q3 Chương 131 Cự băng thiềm thừ Thượng.txt
[318/664] skip existing file=Chương 318 Cực băng thiềm thừ Trung.txt
[319/664] skip existing file=Chương 319 Q3 Chương 133 Cực băng thiềm thừ Hạ.txt
[320/664] skip existing file=Chương 320 Q3 Chương 134 Thủy chi bổn nguyên Thượng.txt
[321/664] skip existing file=Chương 321 Q3 Chương 135 Thủy chi bổn nguyên Trung.txt
[322/664] skip existing file=Chương 322 Q3 Chương 136 Thủy chi bổn nguyên Hạ.txt
[323/664] skip existing file=Chương 323 Q3 Chương 137 Kích lưu ám dũng Thượng.txt
[324/664] skip existing file=Chương 324 Q3 Chương 138 Kích lưu ám dũng Trung.txt
[325/664] skip existing file=Chương 325 Q3 Chương 139 Kích lưu ám dũng Hạ.txt
[326/664] skip existing file=Chương 326 Q3 Chương 140 Trường sinh bất tử Thượng.txt
[327/664] skip existing file=Chương 327 Q3 Chương 141 Trường sinh bất tỉnh Trung.txt
[328/664] skip existing file=Chương 328 Q3 Chương 142 Trường sinh bất tử Hạ.txt
[329/664] skip existing file=Chương 329 Q3 Chương 143 Tình thiên hận hải Thượng.txt
[330/664] skip existing file=Chương 330 Q3 Chương 144 Tình thiên hận hải Trung.txt
[331/664] skip existing file=Chương 331 Q3 Chương 145 Tình thiên hận hải Hạ.txt
[332/664] skip existing file=Chương 332 Q3 Chương 146 Trấn hồn cổ đỉnh Thượng.txt
[333/664] skip existing file=Chương 333 Q3 Chương 147 Trấn hồn cổ đỉnh Trung.txt
[334/664] skip existing file=Chương 334 Q3 Chương 148 Trấn hồn cổ đỉnh Hạ.txt
[335/664] skip existing file=Chương 335 Q3 Chương 149 Ngọc Hoành hiện thế Thượng.txt
[336/664] skip existing file=Chương 336 Q3 Chương 150 Ngọc Hoành hiện thế Trung.txt
[337/664] skip existing file=Chương 337 Q3 Chương 151 Ngọc Hoành xuất thế Hạ.txt
[338/664] skip existing file=Chương 338 Q3 Chương 152 Địa ngục huyết trì Thượng.txt
[339/664] skip existing file=Chương 339 Q3 Chương 153 Địa ngục huyết trì Trung.txt
[340/664] skip existing file=Chương 340 Q3 Chương 154 Địa ngục huyết trì Hạ.txt
[341/664] skip existing file=Chương 341 Q3 Chương 155 Huyết mạch khảo nghiệm Thượng.txt
[342/664] skip existing file=Chương 342 Q3 Chương 156 Huyết mạch khảo nghiệm Trung.txt
[343/664] skip existing file=Chương 343 Q3 Chương 157 Huyết mạch khảo nghiệm Hạ.txt
[344/664] skip existing file=Chương 344 Q3 Chương 158 Huyễn cảnh hoặc tâm Thượng.txt
[345/664] skip existing file=Chương 345 Q3 Chương 159 Huyễn cảnh hoặc tâm Trung.txt
[346/664] skip existing file=Chương 346 Q3 Chương 160 Huyễn cảnh hoặc tâm Hạ.txt
[347/664] skip existing file=Chương 347 Q3 Chương 161 Tinh hoa phù mộng Thượng.txt
[348/664] skip existing file=Chương 348 Q3 Chương 162 Tinh hoa phù mộng Trung.txt
[349/664] skip existing file=Chương 349 Q3 Chương 163 Tinh hoa phù mộng Hạ.txt
[350/664] skip existing file=Chương 350 Q3 Chương 164 Sơn vũ dục lai Thượng.txt
[351/664] skip existing file=Chương 351 Q3 Chương 165 Sơn vũ dục lai Trung.txt
[352/664] skip existing file=Chương 352 Q3 Chương 166 Sơn vũ dục lai Hạ.txt
[353/664] skip existing file=Chương 353 Q4 Chương 1 Đối chiến Thượng Thần Thượng.txt
[354/664] skip existing file=Chương 354 Q4 Chương 2 Đối chiến Thượng Thần Trung.txt
[355/664] skip existing file=Chương 355 Q3 Chương 3 Đối chiến Thượng Thần Hạ.txt
[356/664] skip existing file=Chương 356 Q4 Chương 4 Nơi bắt đầu Thượng.txt
[357/664] skip existing file=Chương 357 Q4 Chương 5 Nơi bắt đầu Trung.txt
[358/664] skip existing file=Chương 358 Q4 Chương 6 Nơi bắt đầu Hạ.txt
[359/664] skip existing file=Chương 359 Q4 Chương 7 Cổ kiếm Đồ Lục Thượng.txt
[360/664] skip existing file=Chương 360 Q4 Chương 8 Cổ kiếm Đồ Lục Trung.txt
[361/664] skip existing file=Chương 361 Q4 Chương 8 Cổ kiếm Đồ Lục Trung.txt
[362/664] skip existing file=Chương 362 Q4 Chương 9 Cổ kiếm Đồ Lục Hạ.txt
[363/664] skip existing file=Chương 363 Q3 Chương 10 Nộ phạm thiên điều Thượng.txt
[364/664] skip existing file=Chương 364 Q4 Chương 11 Nộ phạm thiên điều Trung.txt
[365/664] skip existing file=Chương 365 Q4 Chương 12 Nộ phạm thiên điều Hạ.txt
[366/664] skip existing file=Chương 366 Q4 Chương 13 Hỏa công công Thượng.txt
[367/664] skip existing file=Chương 367 Q4 Chương 14 Hỏa công công Trung.txt
[368/664] skip existing file=Chương 368 Hỏa công công Hạ.txt
[369/664] skip existing file=Chương 369 Q4 Chương 16 Ân đoạn nghĩa tuyệt Thượng.txt
[370/664] skip existing file=Chương 370 Q4 Chương 17 Ân đoạn nghĩa tuyệt Trung.txt
[371/664] skip existing file=Chương 371 Q4 Chương 18 Ân đoạn nghĩa tuyệt Hạ.txt
[372/664] skip existing file=Chương 372 Q4 Chương 19 Đi Đông hải Thượng.txt
[373/664] skip existing file=Chương 373 Q4 Chương 20 Đi Đông hải Trung.txt
[374/664] skip existing file=Chương 374 Q4 Chương 21 Đi Đông hải Hạ.txt
[375/664] skip existing file=Chương 375 Q4 Chương 22 Đại hội luyện khí Thượng.txt
[376/664] skip existing file=Chương 376 Q4 Chương 23 Đại hội luyện khí Trung.txt
[377/664] skip existing file=Chương 377 Q4 Chương 24 Đại hội luyện khí Hạ.txt
[378/664] skip existing file=Chương 378 Q4 Chương 25 Tứ Hải vương triều Thượng.txt
[379/664] skip existing file=Chương 379 Q4 Chương 26 Tứ Hải vương triều Trung.txt
[380/664] skip existing file=Chương 380 Q4 Chương 27 Tứ Hải vương triều Hạ.txt
[381/664] skip existing file=Chương 381 Q4 Chương 28 Luyện khí sơ khảo Thượng.txt
[382/664] skip existing file=Chương 382 Q4 Chương 29 Luyện khí sơ khảo Trung.txt
[383/664] skip existing file=Chương 383 Q4 Chương 30 Luyện khí sơ khảo Hạ.txt
[384/664] skip existing file=Chương 384 Q4 Chương 31 Nam Ly thánh hỏa Thượng.txt
[385/664] skip existing file=Chương 385 Q4 Chương 32 Nam Ly thánh hỏa Trung.txt
[386/664] skip existing file=Chương 386 Q4 Chương 33 Nam Ly thánh hỏa Hạ.txt
[387/664] skip existing file=Chương 387 Q4 Chương 34 Vô mật thiên ngân Thượng.txt
[388/664] skip existing file=Chương 388 Q4 Chương 35 Vô mật thiên ngân Trung.txt
[389/664] skip existing file=Chương 389 Q4 Chương 36 Vô mật thiên ngân Hạ.txt
[390/664] skip existing file=Chương 390 Q4 Chương 37 Ngũ sắc lôi đình Thượng.txt
[391/664] skip existing file=Chương 391 Q4 Chương 38 Ngũ sắc lôi đình Trung.txt
[392/664] skip existing file=Chương 392 Q4 Chương 39 Ngũ sắc lôi đình Hạ.txt
[393/664] skip existing file=Chương 393 Q4 Chương 40 Luyện khí đệ nhất Thượng.txt
[394/664] skip existing file=Chương 394 Q4 Chương 41 Đệ nhất luyện khí Trung.txt
[395/664] skip existing file=Chương 395 Q4 Chương 42 Đệ nhất luyện khí Hạ.txt
[396/664] skip existing file=Chương 396 Q4 Chương 43 Phong lôi tam hợp phủ Thượng.txt
[397/664] skip existing file=Chương 397 Q4 Chương 44 Phong lôi tam hợp phủ Hạ.txt
[398/664] skip existing file=Chương 398 Q4 Chương 45 Phong lôi tam hợp phủ Hạ.txt
[399/664] skip existing file=Chương 399 Q4 Chương 46 Thuần Dương chi hỏa Thượng.txt
[400/664] skip existing file=Chương 400 Q4 Chương 47 Thuần Dương chi hỏa Trung.txt
[401/664] skip existing file=Chương 401 Q4 Chương 48 Thuần Dương chi hỏa Hạ.txt
[402/664] skip existing file=Chương 402 Q4 Chương 49 Bán thần pháp khí Thượng.txt
[403/664] skip existing file=Chương 403 Q4 Chương 50 Bán thần pháp khí Thượng.txt
[404/664] skip existing file=Chương 404 Q4 Chương 51 Bán thần pháp khí Hạ.txt
[405/664] skip existing file=Chương 405 Q4 Chương 52 Cửu thiên nghi lai Thượng.txt
[406/664] skip existing file=Chương 406 Q4 Chương 53 Cửu thiên nghi lai Trung.txt
[407/664] skip existing file=Chương 407 Q4 Chương 54 Cửu thiên nghi lai Hạ.txt
[408/664] skip existing file=Chương 408 Q4 Chương 55 Tinh Vân chi tử Thượng.txt
[409/664] skip existing file=Chương 409 Q4 Chương 56 Tinh Vân chi tử Trung.txt
[410/664] skip existing file=Chương 410 Q4 Chương 57 Tinh Vân chi tử Hạ.txt
[411/664] skip existing file=Chương 411 Q4 Chương 58 Hắc tinh đại lễ Thượng.txt
[412/664] skip existing file=Chương 412 Q4 Chương 59 Hắc tinh đại lễ Trung.txt
[413/664] skip existing file=Chương 413 Q4 Chương 60 Hắc tinh đại lễ Hạ.txt
[414/664] skip existing file=Chương 414 Q4 Chương 61 Quân mộng như yên Thượng.txt
[415/664] skip existing file=Chương 415 Q4 Chương 62 Quân mộng như yên Trung.txt
[416/664] skip existing file=Chương 416 Q4 Chương 63 Quân mộng như yên Hạ.txt
[417/664] skip existing file=Chương 417 Q4 Chương 64 Nhân định thắng thiên Thượng.txt
[418/664] skip existing file=Chương 418 Q4 Chương 65 Nhân định thắng thiên Trung.txt
[419/664] skip existing file=Chương 419 Q4 Chương 66 Nhân định thắng thiên Hạ.txt
[420/664] skip existing file=Chương 420 Q4 Chương 67 Đông hải Bàn Long Thượng.txt
[421/664] skip existing file=Chương 421 Q4 Chương 68 Đông hải Bàn Long Trung.txt
[422/664] skip existing file=Chương 422 Q4 Chương 69 Đông hải Bàn Long Hạ.txt
[423/664] skip existing file=Chương 423 Q4 Chương 70 Tâm ngoan thủ lạt Thượng.txt
[424/664] skip existing file=Chương 424 Q4 Chương 71 Tâm ngoan thủ lạt Trung.txt
[425/664] skip existing file=Chương 425 Q4 Chương 72 Tâm ngoan thủ lạt Hạ.txt
[426/664] skip existing file=Chương 426 Q4 Chương 73 Thánh cảnh Đông Ly Thượng.txt
[427/664] skip existing file=Chương 427 Q4 Chương 74 Thánh cảnh Đông Ly Trung.txt
[428/664] skip existing file=Chương 428 Q4 Chương 75 Thánh cảnh Đông Ly Hạ.txt
[429/664] skip existing file=Chương 429 Q4 Chương 76 Ám vô thiên tương Thượng.txt
[430/664] skip existing file=Chương 430 Q4 Chương 77 Ám vô thiên tương Trung.txt
[431/664] skip existing file=Chương 431 Q4 Chương 78 Ám vô thương thiên Hạ.txt
[432/664] skip existing file=Chương 432 Q4 Chương 79 Kim chi bản nguyên Thượng.txt
[433/664] skip existing file=Chương 433 Q4 Chương 80 Kim chi bản nguyên Trung.txt
[434/664] skip existing file=Chương 434 Q4 Chương 81 Kim chi bản nguyên Hạ.txt
[435/664] skip existing file=Chương 435 Q4 Chương 82 Sa mạc chết chóc Thượng.txt
[436/664] skip existing file=Chương 436 Q4 Chương 83 Sa mạc tử vong Trung.txt
[437/664] skip existing file=Chương 437 Q4 Chương 84 Sa mạc tử vong Hạ.txt
[438/664] skip existing file=Chương 438 Q4 Chương 85 Tu La chi kiếm Thượng.txt
[439/664] skip existing file=Chương 439 Q4 Chương 86 Tu La chi kiếm Trung.txt
[440/664] skip existing file=Chương 440 Q4 Chương 87 Tu La chi kiếm Hạ.txt
[441/664] skip existing file=Chương 441 Q4 Chương 88 Tù long thoát khốn Thượng.txt
[442/664] skip existing file=Chương 442 Q4 Chương 89 Tù long thoát khốn Trung.txt
[443/664] skip existing file=Chương 443 Q4 Chương 90 Tù long thoát khốn Hạ.txt
[444/664] skip existing file=Chương 444 Q4 Chương 91 Thu thập tài nguyên Thượng.txt
[445/664] skip existing file=Chương 445 Q4 Chương 92 Thu thập tài nguyên Trung.txt
[446/664] skip existing file=Chương 446 Q4 Chương 93 Thu thập tài nguyên Hạ.txt
[447/664] skip existing file=Chương 447 Q4 Chương 94 Thiên Lam chi biến Thượng.txt
[448/664] skip existing file=Chương 448 Q4 Chương 95 Thiên Lam chi biến Trung.txt
[449/664] skip existing file=Chương 449 Q4 Chương 96 Thiên Lam chi biến Hạ.txt
[450/664] skip existing file=Chương 450 Q4 Chương 97 Nộ hỏa xung thiên Thượng.txt
[451/664] skip existing file=Chương 451 Q4 Chương 98 Nộ hỏa xung thiên Trung.txt
[452/664] skip existing file=Chương 452 Q4 Chương 99 Nộ hỏa xung thiên Hạ.txt
[453/664] skip existing file=Chương 453 Q4 Chương 100 Long tranh hổ đấu Thượng.txt
[454/664] skip existing file=Chương 454 Q4 Chương 101 Long tranh hổ đấu Trung.txt
[455/664] skip existing file=Chương 455 Q4 Chương 102 Long tranh hổ đấu Hạ.txt
[456/664] skip existing file=Chương 456 Q4 Chương 103 Huyết vũ tinh phong Thượng.txt
[457/664] skip existing file=Chương 457 Q4 Chương 104 Huyết vũ tinh phong Trung.txt
[458/664] skip existing file=Chương 458 Q4 Chương 105 Huyết vũ tinh phong Hạ.txt
[459/664] skip existing file=Chương 459 Q4 Chương 106 Nghịch thiên tất tử Thượng.txt
[460/664] skip existing file=Chương 460 Q4 Chương 107 Nghịch thiên tất tử Trung.txt
[461/664] skip existing file=Chương 461 Q4 Chương 108 Nghịch thiên tất tử Hạ.txt
[462/664] skip existing file=Chương 462 Q4 Chương 109 Huyết nhiễm hồng trần Thượng.txt
[463/664] skip existing file=Chương 463 Q4 Chương 110 Huyết nhiễm hồng trần Trung.txt
[464/664] skip existing file=Chương 464 Q4 Chương 111 Huyết nhiễm hồng trần Hạ.txt
[465/664] skip existing file=Chương 465 Q4 Chương 112 Âm hàn cửu tuyệt Thượng.txt
[466/664] skip existing file=Chương 466 Q4 Chương 103 Âm hàn cửu tuyệt Trung.txt
[467/664] skip existing file=Chương 467 Q4 Chương 114 Âm hàn cửu tuyệt Hạ.txt
[468/664] skip existing file=Chương 468 Q4 Chương 115 Tổ Long ấn Thượng.txt
[469/664] skip existing file=Chương 469 Q4 Chương 116 Tổ Long ấn Trung.txt
[470/664] skip existing file=Chương 470 Q4 Chương 117 Tổ Long ấn Hạ.txt
[471/664] skip existing file=Chương 471 Q4 Chương 118 Cửu chuyển thần long quyết Thượng.txt
[472/664] skip existing file=Chương 472 Q4 Chương 119 Cửu chuyển thần long quyết Trung.txt
[473/664] skip existing file=Chương 473 Q4 Chương 120 Cửu chuyển thần long quyết Hạ.txt
[474/664] skip existing file=Chương 474 Q5 Chương 1 Tuyên cổ thiên tài Thượng.txt
[475/664] skip existing file=Chương 475 Q5 Chương 2 Tuyên cổ thiên tài Trung.txt
[476/664] skip existing file=Chương 476 Q5 Chương 105 Tuyên cổ thiên tài Hạ.txt
[477/664] skip existing file=Chương 477 Q5 Chương 4 Thiên chân vô tà Thượng.txt
[478/664] skip existing file=Chương 478 Q5 Chương 5 Thiên chân vô tà Trung.txt
[479/664] skip existing file=Chương 479 Q5 Chương 6 Thiên chân vô tà Hạ.txt
[480/664] skip existing file=Chương 480 Q5 Chương 7 Tam niên chi ước Thượng.txt
[481/664] skip existing file=Chương 481 Q5 Chương 8 Tam niên chi ước Trung.txt
[482/664] skip existing file=Chương 482 Q5 Chương 9 Tam niên chi ước Hạ.txt
[483/664] skip existing file=Chương 483 Q5 Chương 10 Ma Thú sơn mạch Thượng.txt
[484/664] skip existing file=Chương 484 Q5 Chương 11 Ma Thú sơn mạch Trung.txt
[485/664] skip existing file=Chương 485 Q5 Chương 12 Ma Thú sơn mạch Hạ.txt
[486/664] skip existing file=Chương 486 Q5 Chương 13 Chết không hết tội Thượng.txt
[487/664] skip existing file=Chương 487 Q5 Chương 14 Chết không hết tội Trung.txt
[488/664] skip existing file=Chương 488 Q5 Chương 15 Chết không hết tội Hạ.txt
[489/664] skip existing file=Chương 489 Q5 Chương 16 Thiên mệnh sở quy Thượng.txt
[490/664] skip existing file=Chương 490 Q5 Chương 17 Thiên mệnh sở quy Trung.txt
[491/664] skip existing file=Chương 491 Q5 Chương 18 Thiên mệnh sở quy Hạ.txt
[492/664] skip existing file=Chương 492 Q5 Chương 19 Đặc huấn dưới núi Thượng.txt
[493/664] skip existing file=Chương 493 Q5 Chương 20 Đặc huấn dưới núi Trung.txt
[494/664] skip existing file=Chương 494 Q5 Chương 21 Đặc huấn dưới núi Hạ.txt
[495/664] skip existing file=Chương 495 Q5 Chương 22 Lục Đạo Thiên Thư Thượng.txt
[496/664] skip existing file=Chương 496 Q5 Chương 23 Lục Đạo Thiên Thư Trung.txt
[497/664] skip existing file=Chương 497 Q5 Chương 24 Lục Đạo Thiên Thư Hạ.txt
[498/664] skip existing file=Chương 498 Q5 Chương 26 Huyết mạch thức tỉnh Thượng.txt
[499/664] skip existing file=Chương 499 Q5 Chương 26 Huyết mạch thức tỉnh Trung.txt
[500/664] skip existing file=Chương 500 Q5 Chương 27 Huyết mạch thức tỉnh Hạ.txt
[501/664] skip existing file=Chương 501 Q5 Chương 28 Thế giới bên ngoài Thượng.txt
[502/664] skip existing file=Chương 502 Q5 Chương 29 Thế giới bên ngoài Trung.txt
[503/664] skip existing file=Chương 503 Q5 Chương 30 Thế giới bên ngoài Hạ.txt
[504/664] skip existing file=Chương 504 Q5 Chương 31 Tuyệt thế kiêu hùng Thượng.txt
[505/664] skip existing file=Chương 505 Q5 Chương 32 Tuyệt thế kiêu hùng Trung.txt
[506/664] skip existing file=Chương 506 Q5 Chương 33 Tuyệt thế kiêu hùng Hạ.txt
[507/664] skip existing file=Chương 507 Q5 Chương 34 Kính hoa thủy nguyệt Thượng.txt
[508/664] skip existing file=Chương 508 Q5 Chương 35 Kính hoa thủy nguyệt Trung.txt
[509/664] skip existing file=Chương 509 Q5 Chương 36 Kính hoa thủy nguyệt Hạ.txt
[510/664] skip existing file=Chương 510 Q5 Chương 37 Vương giả quy lai Thượng.txt
[511/664] skip existing file=Chương 511 Q5 Chương 38 Vương giả quy lai Trung.txt
[512/664] skip existing file=Chương 512 Q5 Chương 39 Vương giả quy lai Hạ.txt
[513/664] skip existing file=Chương 513 Q5 Chương 40 Ảnh Nguyệt sơn trang Thượng.txt
[514/664] skip existing file=Chương 514 Q5 Chương 41 Ảnh Nguyệt sơn trang Trung.txt
[515/664] skip existing file=Chương 515 Q5 Chương 42 Ảnh Nguyệt sơn trang Hạ.txt
[516/664] skip existing file=Chương 516 Q5 Chương 43 Long Hổ đại hội Thượng.txt
[517/664] skip existing file=Chương 517 Q5 Chương 44 Long Hổ đại hội Trung.txt
[518/664] skip existing file=Chương 518 Q5 Chương 45 Long Hổ đại hội Thượng.txt
[519/664] skip existing file=Chương 519 Q5 Chương 46 Tài đại khí thô Thượng.txt
[520/664] skip existing file=Chương 520 Q5 Chương 47 Tài đại khí thô Trung.txt
[521/664] skip existing file=Chương 521 Q5 Chương 48 Tài đại khí thô Hạ.txt
[522/664] skip existing file=Chương 522 Q5 Chương 49 Ngọa hổ tàng long Thượng.txt
[523/664] skip existing file=Chương 523 Q5 Chương 50 Ngọa hổ tàng long Trung.txt
[524/664] skip existing file=Chương 524 Q5 Chương 51 Ngọa hổ tàng long Hạ.txt
[525/664] skip existing file=Chương 525 Q5 Chương 52 Tài Chủ lôi đài Thượng.txt
[526/664] skip existing file=Chương 526 Q5 Chương 53 Tài chủ lôi đài Trung.txt
[527/664] skip existing file=Chương 527 Q5 Chương 54 Tài chủ lôi đài Hạ.txt
[528/664] skip existing file=Chương 528 Q5 Chương 55 Giao Dịch hội Thượng.txt
[529/664] skip existing file=Chương 529 Q5 Chương 56 Giao Dịch hội Trung.txt
[530/664] skip existing file=Chương 530 Q5 Chương 57 Giao Dịch hội Hạ.txt
[531/664] skip existing file=Chương 531 Q5 Chương 58 Tam Hoa Giới Nguyên đan Thượng.txt
[532/664] skip existing file=Chương 532 Q5 Chương 59 Tam Hoa Giới Nguyên đan Trung.txt
[533/664] skip existing file=Chương 533 Q5 Chương 60 Tam Hoa Giới Nguyên đan Hạ.txt
[534/664] skip existing file=Chương 534 Q5 Chương 61 Quân Mạc Tà Thượng.txt
[535/664] skip existing file=Chương 535 Q5 Chương 62 Quân Mạc Tà Trung.txt
[536/664] skip existing file=Chương 536 Q5 Chương 63 Quân Mạc Tà Hạ.txt
[537/664] skip existing file=Chương 537 Q5 Chương 64 Kiếm Trảm Tinh Thần Thượng.txt
[538/664] skip existing file=Chương 538 Q5 Chương 65 Kiếm Trảm Tinh Thần Trung.txt
[539/664] skip existing file=Chương 539 Q5 Chương 66 Kiếm Trảm Tinh Thần Hạ.txt
[540/664] skip existing file=Chương 540 Q5 Chương 67 Thiên Băng đại lục Thượng.txt
[541/664] skip existing file=Chương 541 Q5 Chương 68 Thiên Băng đại lục Trung.txt
[542/664] skip existing file=Chương 542 Q5 Chương 69 Thiên Băng đại lục Hạ.txt
[543/664] skip existing file=Chương 543 Q5 Chương 70 Địa Nguyên Đại Hiệp Cốc Thượng.txt
[544/664] skip existing file=Chương 544 Q5 Chương 71 Địa Nguyên Đại Hiệp Cốc Trung.txt
[545/664] skip existing file=Chương 545 Q5 Chương 72 Địa Nguyên Đại Hiệp Cốc Hạ.txt
[546/664] skip existing file=Chương 546 Q5 Chương 73 Hỗn Độn Chân Long Quyết Thượng.txt
[547/664] skip existing file=Chương 547 Q5 Chương 74 Hỗn Độn Chân Long Quyết Trung.txt
[548/664] skip existing file=Chương 548 Q5 Chương 75 Hỗn Độn Chân Long Quyết Hạ.txt
[549/664] skip existing file=Chương 549 Q5 Chương 76 Kỳ ngộ trong ảo cảnh Thượng.txt
[550/664] skip existing file=Chương 550 Q5 Chương 77 Kỳ ngộ trong ảo cảnh Trung.txt
[551/664] skip existing file=Chương 551 Q5 Chương 78 Kỳ ngộ trong ảo cảnh Hạ.txt
[552/664] skip existing file=Chương 552 Q5 Chương 79 Địa Chi Bản Nguyên Thượng.txt
[553/664] skip existing file=Chương 553 Q5 Chương 80 Địa Chi Bản Nguyên Trung.txt
[554/664] skip existing file=Chương 554 Q5 Chương 81 Địa Chi Bản Nguyên Hạ.txt
[555/664] skip existing file=Chương 555 Q5 Chương 82 Huyết Hà Thần Công Thượng.txt
[556/664] skip existing file=Chương 556 Q5 Chương 83 Huyết Hà Thần Công Trung.txt
[557/664] skip existing file=Chương 557 Q5 Chương 84 Huyết Hà Thần Công Hạ.txt
[558/664] skip existing file=Chương 558 Q5 Chương 85 Quan tài băng Thượng.txt
[559/664] skip existing file=Chương 559 Q5 Chương 86 Quan tài băng Trung.txt
[560/664] skip existing file=Chương 560 Q5 Chương 87 Quan tài băng Hạ.txt
[561/664] skip existing file=Chương 561 Q5 Chương 88 Bạch mao băng thi Thượng.txt
[562/664] skip existing file=Chương 562 Q5 Chương 89 Bạch mao băng thi Trung.txt
[563/664] skip existing file=Chương 563 Q5 Chương 90 Bạch mao băng thi Hạ.txt
[564/664] skip existing file=Chương 564 Q5 Chương 91 Phệ Huyết Châu Thượng.txt
[565/664] skip existing file=Chương 565 Q5 Chương 92 Phệ Huyết Châu Trung.txt
[566/664] skip existing file=Chương 566 Q5 Chương 93 Phệ Huyết Châu Hạ.txt
[567/664] skip existing file=Chương 567 Q5 Chương 94 Thiên hạ và nàng Thượng.txt
[568/664] skip existing file=Chương 568 Q5 Chương 95 Thiên hạ và nàng Trung.txt
[569/664] skip existing file=Chương 569 Q5 Chương 96 Thiên hạ và nàng Hạ.txt
[570/664] skip existing file=Chương 570 Q5 Chương 97 Thiên Long thần điện Thượng.txt
[571/664] skip existing file=Chương 571 Q5 Chương 98 Thiên Long Thần Điện Trung.txt
[572/664] skip existing file=Chương 572 Q5 Chương 99 Thiên Long thần điện Hạ.txt
[573/664] skip existing file=Chương 573 Q5 Chương 100 Huyết nhiễm linh hồn Thượng.txt
[574/664] skip existing file=Chương 574 Q5 Chương 101 Huyết nhiễm linh hồn Trung.txt
[575/664] skip existing file=Chương 575 Q5 Chương 102 Huyết nhiễm linh hồn Hạ.txt
[576/664] skip existing file=Chương 576 Q5 Chương 103 Chí Tôn Thần Thượng.txt
[577/664] skip existing file=Chương 577 Q5 Chương 104 Chí Tôn Thần Trung.txt
[578/664] skip existing file=Chương 578 Q5 Chương 105 Chí Tôn Thần Hạ.txt
[579/664] skip existing file=Chương 579 Q5 Chương 106 Tiềm Long Bí Cảnh Thượng.txt
[580/664] skip existing file=Chương 580 Q5 Chương 107 Tiềm Long Bí Cảnh Trung.txt
[581/664] skip existing file=Chương 581 Q5 Chương 108 Tiềm Long Bí Cảnh Hạ.txt
[582/664] skip existing file=Chương 582 Q5 Chương 109 Hôn lễ của Tàng Tử Đan Thượng.txt
[583/664] skip existing file=Chương 583 Q5 Chương 110 Hôn lễ của Tàng Tử Đan Trung.txt
[584/664] skip existing file=Chương 584 Q5 Chương 111 Hôn lễ của Tàng Tử Đan Hạ.txt
[585/664] skip existing file=Chương 585 Q5 Chương 111 Hôn lễ của Tàng Tử Đan Hạ.txt
[586/664] skip existing file=Chương 586 Q5 Chương 112 Ninh Tiểu Tam chết Thượng.txt
[587/664] skip existing file=Chương 587 Q5 Chương 113 Ninh Tiểu Tam chết Trung.txt
[588/664] skip existing file=Chương 588 Q5 Chương 114 Ninh Tiểu Tam chết Hạ.txt
[589/664] skip existing file=Chương 589 Q5 Chương 115 Phong Thần Chiến Thượng.txt
[590/664] skip existing file=Chương 590 Q5 Chương 116 Phong Thần Chiến Trung.txt
[591/664] skip existing file=Chương 591 Q5 Chương 117 Phong Thần Chiến Hạ.txt
[592/664] skip existing file=Chương 592 Q5 Chương 118 Kẻ chết đầu tiên Thượng.txt
[593/664] skip existing file=Chương 593 Kẻ chết đầu tiên Trung.txt
[594/664] skip existing file=Chương 594 Q5 Chương 120 Kẻ chết đầu tiên Hạ.txt
[595/664] skip existing file=Chương 595 Q5 Chương 121 Thâm bất khả trắc Thượng.txt
[596/664] skip existing file=Chương 596 Q5 Chương 122 Thâm bất khả trắc Trung.txt
[597/664] skip existing file=Chương 597 Q5 Chương 123 Thâm bất khả trắc Hạ.txt
[598/664] skip existing file=Chương 598 Q5 Chương 124 Khổng Tước Minh Vương Thượng.txt
[599/664] skip existing file=Chương 599 Q5 Chương 125 Khổng Tước Minh Vương Trung.txt
[600/664] skip existing file=Chương 600 Q5 Chương 126 Khổng Tước Minh Vương Hạ.txt
[601/664] skip existing file=Chương 601 Q5 Chương 127 Đại biến cố Thượng.txt
[602/664] skip existing file=Chương 602 Q5 Chương 128 Đại biến cố Trung.txt
[603/664] skip existing file=Chương 603 Q5 Chương 129 Đại biến cố Hạ.txt
[604/664] skip existing file=Chương 604 Q5 Chương 130 Di hình hoán ảnh Thượng.txt
[605/664] skip existing file=Chương 605 Q5 Chương 131 Di hình hoán ảnh Trung.txt
[606/664] skip existing file=Chương 606 Q5 Chương 132 Di hình hoán ảnh Hạ.txt
[607/664] skip existing file=Chương 607 Q5 Chương 133 Danh chấn thiên hạ Thượng.txt
[608/664] skip existing file=Chương 608 Q5 Chương 134 Danh chấn thiên hạ Trung.txt
[609/664] skip existing file=Chương 609 Q5 Chương 135 Danh chấn thiên hạ Hạ.txt
[610/664] skip existing file=Chương 610 Q5 Chương 136 Kẻ lười biến Thượng.txt
[611/664] skip existing file=Chương 611 Q5 Chương 137 Kẻ lười biến Trung.txt
[612/664] skip existing file=Chương 612 Q5 Chương 138 Kẻ lười biến Hạ.txt
[613/664] skip existing file=Chương 613 Q5 Chương 139 Nữ cường Thượng.txt
[614/664] skip existing file=Chương 614 Q5 Chương 140 Nữ cường Trung.txt
[615/664] skip existing file=Chương 615 Q5 Chương 141 Nữ cường Hạ.txt
[616/664] skip existing file=Chương 616 Q5 Chương 142 Quán quân Thượng.txt
[617/664] skip existing file=Chương 617 Q5 Chương 143 Quán quân Trung.txt
[618/664] skip existing file=Chương 618 Q5 Chương 144 Quán quân Hạ.txt
[619/664] skip existing file=Chương 619 Q5 Chương 145 Thần Địa Thượng.txt
[620/664] skip existing file=Chương 620 Q5 Chương 146 Thần Địa Trung.txt
[621/664] skip existing file=Chương 621 Q5 Chương 147 Thần Địa Hạ.txt
[622/664] skip existing file=Chương 622 Q5 Chương 148 Khấp Huyết Thượng.txt
[623/664] skip existing file=Chương 623 Q5 Chương 149 Khấp Huyết Trung.txt
[624/664] skip existing file=Chương 624 Q5 Chương 150 Khấp Huyết Hạ.txt
[625/664] skip existing file=Chương 625 Q5 Chương 151 Ma Kiếm Lang Thượng.txt
[626/664] skip existing file=Chương 626 Q5 Chương 152 Ma Kiếm Lang Trung.txt
[627/664] skip existing file=Chương 627 Q5 Chương 153 Ma Kiếm Lang Hạ.txt
[628/664] skip existing file=Chương 628 Q5 Chương 154 Kiếm nghịch thương khung Thượng.txt
[629/664] skip existing file=Chương 629 Q5 Chương 155 Kiếm nghịch thương khung Trung.txt
[630/664] skip existing file=Chương 630 Q5 Chương 156 Kiếm nghịch thương khung Hạ.txt
[631/664] skip existing file=Chương 631 Q5 Chương 157 Trở về Thượng.txt
[632/664] skip existing file=Chương 632 Q5 Chương 158 Trở về Trung.txt
[633/664] skip existing file=Chương 633 Q5 Chương 159 Trở về Hạ.txt
[634/664] skip existing file=Chương 634 Q5 Chương 160 Vô Đạo Thượng.txt
[635/664] skip existing file=Chương 635 Q5 Chương 161 Vô Đạo Trung.txt
[636/664] skip existing file=Chương 636 Q5 Chương 162 Vô Đạo Hạ.txt
[637/664] skip existing file=Chương 637 Q5 Chương 163 Đạo Thượng.txt
[638/664] skip existing file=Chương 638 Q5 Chương 164 Đạo Trung.txt
[639/664] skip existing file=Chương 639 Q5 Chương 165 Đạo Hạ.txt
[640/664] skip existing file=Chương 640 Q5 Chương 166 Giận dữ Thượng.txt
[641/664] skip existing file=Chương 641 Q5 Chương 167 Giận dữ Trung.txt
[642/664] skip existing file=Chương 642 Q5 Chương 168 Giận dữ Hạ.txt
[643/664] skip existing file=Chương 643 Q5 Chương 169 Điên cuồng Thượng.txt
[644/664] skip existing file=Chương 644 Q5 Chương 170 Điên cuồng Trung.txt
[645/664] skip existing file=Chương 645 Q5 Chương 171 Điên cuồng Hạ.txt
[646/664] skip existing file=Chương 646 Q5 Chương 172 Ai chợt tương tư ai trồng hoa đào Thượng.txt
[647/664] skip existing file=Chương 647 Q5 Chương 173 Ai chợt tương tư ai trồng hoa đào Trung.txt
[648/664] skip existing file=Chương 648 Q5 Chương 174 Ai chợt tương tư ai trồng hoa đào Hạ.txt
[649/664] skip existing file=Chương 649 Q5 Chương 175 Nước mắt của người chết Thượng.txt
[650/664] skip existing file=Chương 650 Q5 Chương 176 Nước mắt của người chết Trung.txt
[651/664] skip existing file=Chương 651 Q5 Chương 177 Nước mắt của người chết Hạ.txt
[652/664] skip existing file=Chương 652 Q5 Chương 178 Trong đêm mưa gió ấy là tiếng ai đang thở dài Thượng.txt
[653/664] skip existing file=Chương 653 Q5 Chương 179 Trong đêm mưa gió ấy là tiếng ai đang thở dài Trung.txt
[654/664] skip existing file=Chương 654 Q5 Chương 180 Trong đêm mưa gió ấy là tiếng ai đang thở dài Hạ.txt
[655/664] skip existing file=Chương 655 Q5 Chương 181 Huyết Chiến Thượng.txt
[656/664] skip existing file=Chương 656 Q5 Chương 182 Huyết Chiến Trung.txt
[657/664] skip existing file=Chương 657 Q5 Chương 183 Huyết Chiến Hạ.txt
[658/664] skip existing file=Chương 658 Q5 Chương 184 Thiện lương cùng ý niệm Thượng.txt
[659/664] skip existing file=Chương 659 Q5 Chương 185 Thiện lương cùng ý niệm Trung.txt
[660/664] skip existing file=Chương 660 Q5 Chương 186 Thiện lương cùng ý niệm Hạ.txt
[661/664] skip existing file=Chương 661 Q5 Chương 187 Thắng là sống bại là vong Trung.txt
[662/664] skip existing file=Chương 662 Q5 Chương 188 Thắng là sống bại là vong Hạ.txt
[663/664] skip existing file=Chương 663 Q5 Chương 189 Thắng là sống bại là vong Hạ.txt
[664/664] skip existing file=Chương 664 Q5 Chương 190 Quân Lâm Thiên Hạ Kết cục.txt
final_ok=664
final_fail=0
out=C:\Dev\MTC\Đại La Thiên Tôn

[stderr]
