book=The Gamer Hệ Thống
book_id=100738
out=C:\Dev\MTC\The Gamer Hệ Thống
chapters_total=1010 expected=1010
[1/1010] download chapter_id=10647453 file=Chương 1 Đời học sinh.txt
  OK decrypted=True written=Chương 1 Đời học sinh.txt
[2/1010] skip existing file=Chương 2 Nhiệm vụ và thông tin nhân vật.txt
[3/1010] download chapter_id=10647455 file=Chương 3 skills.txt
  OK decrypted=True written=Chương 3 skills.txt
[4/1010] download chapter_id=10647456 file=Chương 4 Lên Lv.txt
  OK decrypted=True written=Chương 4 Lên Lv.txt
[5/1010] download chapter_id=10647457 file=Chương 5 Hôm nay là thứ mấy Chắc chắn là thứ 2.txt
  OK decrypted=True written=Chương 5 Hôm nay là thứ mấy Chắc chắn là thứ 2.txt
[6/1010] skip existing file=Chương 6 Đánh nhau không.txt
[7/1010] download chapter_id=10647459 file=Chương 7 Nữ Huỳnh Đạo.txt
  OK decrypted=True written=Chương 7 Nữ Huỳnh Đạo.txt
[8/1010] skip existing file=Chương 8 Bãi quái.txt
[9/1010] skip existing file=Chương 9 lần đầu train quái.txt
[10/1010] download chapter_id=10647462 file=Chương 10 Ta tính cả rồi.txt
  OK decrypted=True written=Chương 10 Ta tính cả rồi.txt
[11/1010] download chapter_id=10647463 file=Chương 11 Gặp lại Linh.txt
  OK decrypted=True written=Chương 11 Gặp lại Linh.txt
[12/1010] download chapter_id=10647464 file=Chương 12 Huấn luyện.txt
  OK decrypted=True written=Chương 12 Huấn luyện.txt
[13/1010] skip existing file=Chương 13 Thà chơi game còn hơn.txt
[14/1010] download chapter_id=10647466 file=Chương 14 dậm chân tại chỗ.txt
  OK decrypted=True written=Chương 14 dậm chân tại chỗ.txt
[15/1010] skip existing file=Chương 15 giàu to rồi.txt
[16/1010] skip existing file=Chương 16 mục tiêu.txt
[17/1010] skip existing file=Chương 17 Gọi đệ.txt
[18/1010] skip existing file=Chương 18 Ngày rảnh rỗi.txt
[19/1010] skip existing file=Chương 19 Giao lưu võ thuật.txt
[20/1010] skip existing file=Chương 20 Hai gia đình gặp mặt.txt
[21/1010] download chapter_id=10647473 file=Chương 21 Chán sống.txt
  OK decrypted=True written=Chương 21 Chán sống.txt
[22/1010] skip existing file=Chương 22 Trả thù.txt
[23/1010] skip existing file=Chương 23 skill mới.txt
[24/1010] skip existing file=Chương 24 Chênh lệch về cấp độ.txt
[25/1010] skip existing file=Chương 25 đi săn.txt
[26/1010] skip existing file=Chương 26 Đồ nhà quê.txt
[27/1010] skip existing file=Chương 27 Hawaii.txt
[28/1010] skip existing file=Chương 28 Kết giới ảo ảnh.txt
[29/1010] skip existing file=Chương 29 Dự bị.txt
[30/1010] skip existing file=Chương 30 Lên chức nhanh ghê.txt
[31/1010] skip existing file=Chương 31 Kiếm.txt
[32/1010] skip existing file=Chương 32 Vòng loại.txt
[33/1010] skip existing file=Chương 33 Vượt qua vòng bảng.txt
[34/1010] skip existing file=Chương 34 Mọi người kinh ngạc.txt
[35/1010] skip existing file=Chương 35 Nụ hôn bất ngờ.txt
[36/1010] skip existing file=Chương 36 Sợ gì bố con thằng nào.txt
[37/1010] skip existing file=Chương 37 Vòng 16 đội.txt
[38/1010] skip existing file=Chương 38 Gặp lại kẻ thù.txt
[39/1010] skip existing file=Chương 39 Chết.txt
[40/1010] skip existing file=Chương 40 Phần thưởng.txt
[41/1010] skip existing file=Chương 41 Hướng tới chức vô địch.txt
[42/1010] skip existing file=Chương 42 Trận chung kết.txt
[43/1010] skip existing file=Chương 43 Quán quân.txt
[44/1010] skip existing file=Chương 44 Chia chác.txt
[45/1010] skip existing file=Chương 45 Liên lạc.txt
[46/1010] skip existing file=Chương 46 Thủy cung.txt
[47/1010] skip existing file=Chương 47 Sách phép thuật.txt
[48/1010] skip existing file=Chương 48 Elemental Mage.txt
[49/1010] skip existing file=Chương 49 Full set.txt
[50/1010] skip existing file=Chương 50 Dungeon.txt
[51/1010] skip existing file=Chương 51 Phó bản.txt
[52/1010] skip existing file=Chương 52 Shijou Saikyou No Gamer.txt
[53/1010] skip existing file=Chương 53 Ryozanpaku.txt
[54/1010] skip existing file=Chương 54 Địa ngục hay thiên đường.txt
[55/1010] skip existing file=Chương 55 Raknarok.txt
[56/1010] skip existing file=Chương 56 Chư thần hoàng hôn.txt
[57/1010] skip existing file=Chương 57 Kisara Nanjou.txt
[58/1010] skip existing file=Chương 58 Độ thiện cảm.txt
[59/1010] skip existing file=Chương 59 Định NTR tao à mày chán sống rồi.txt
[60/1010] skip existing file=Chương 60 Ma Renka.txt
[61/1010] skip existing file=Chương 61 Lại để Pet chạy mất rồi.txt
[62/1010] skip existing file=Chương 62 Bắt cóc.txt
[63/1010] skip existing file=Chương 63 Lại gặp bắt cóc.txt
[64/1010] skip existing file=Chương 64 Chức năng mới.txt
[65/1010] skip existing file=Chương 65 Cháy hậu cung.txt
[66/1010] skip existing file=Chương 66 Thành quả huấn luyện.txt
[67/1010] skip existing file=Chương 67 Ba người phụ nữ thì thành một cái chợ.txt
[68/1010] skip existing file=Chương 68 Vũ khí.txt
[69/1010] skip existing file=Chương 69 Lời hứa đầu tuần mà gặp chương số đẹp ghê.txt
[70/1010] skip existing file=Chương 70 Luyện tập đặc biệt.txt
[71/1010] skip existing file=Chương 71 Ogata Isshinsai.txt
[72/1010] skip existing file=Chương 72 Dou Sei.txt
[73/1010] skip existing file=Chương 73 Seikuuken.txt
[74/1010] download chapter_id=10647526 file=Chương 74 Shinpaku vs Raknarok 1.txt
  OK decrypted=True written=Chương 74 Shinpaku vs Raknarok 1.txt
[75/1010] download chapter_id=10647527 file=Chương 75 Shinpaku vs Raknarok 2.txt
  OK decrypted=True written=Chương 75 Shinpaku vs Raknarok 2.txt
[76/1010] skip existing file=Chương 76 Shinpaku vs Raknarok 3.txt
[77/1010] skip existing file=Chương 77 Shinpaku vs Raknarok 4.txt
[78/1010] skip existing file=Chương 78 Sau trận chiến.txt
[79/1010] skip existing file=Chương 79 Mua sắm.txt
[80/1010] skip existing file=Chương 80 Nhiệm vụ đầu tiên.txt
[81/1010] skip existing file=Chương 81 Mission Complete.txt
[82/1010] skip existing file=Chương 82 Yomi.txt
[83/1010] skip existing file=Chương 83 Chishouken.txt
[84/1010] skip existing file=Chương 84 Đẳng cấp mới.txt
[85/1010] skip existing file=Chương 85 Gamer vs võ sư.txt
[86/1010] skip existing file=Chương 86 Ngày đặc biệt.txt
[87/1010] skip existing file=Chương 87 Cánh.txt
[88/1010] skip existing file=Chương 88 D of D.txt
[89/1010] skip existing file=Chương 89 Khai mạc.txt
[90/1010] skip existing file=Chương 90 Sức mạnh áp đảo.txt
[91/1010] skip existing file=Chương 91 Đôi cánh của quỷ dữ.txt
[92/1010] skip existing file=Chương 92 Ngày thứ hai của giải đấu.txt
[93/1010] skip existing file=Chương 93 Rào cản.txt
[94/1010] skip existing file=Chương 94 Phá đảo.txt
[95/1010] skip existing file=Chương 95 Học sinh chuyển trường.txt
[96/1010] skip existing file=Chương 96 Cô dâu xinh đẹp của anh.txt
[97/1010] skip existing file=Chương 97 Đi săn kiếm.txt
[98/1010] skip existing file=Chương 98 Shigure.txt
[99/1010] skip existing file=Chương 99 Setsunamaru.txt
[100/1010] skip existing file=Chương 100 Ngày bình yên.txt
[101/1010] skip existing file=Chương 101 Tập kích.txt
[102/1010] skip existing file=Chương 102 Thiên tài.txt
[103/1010] skip existing file=Chương 103 Kushinada Mikumo.txt
[104/1010] skip existing file=Chương 104 Phố người Hoa.txt
[105/1010] skip existing file=Chương 105 Agaard Jum Sai.txt
[106/1010] skip existing file=Chương 106 Okinawa.txt
[107/1010] skip existing file=Chương 107 Đột nhập căn cứ quân sự Mỹ.txt
[108/1010] skip existing file=Chương 108 Rút lui.txt
[109/1010] skip existing file=Chương 109 Tài liệu mật.txt
[110/1010] skip existing file=Chương 110 Rimi Kokorone.txt
[111/1010] skip existing file=Chương 111 Cướp đoạt.txt
[112/1010] skip existing file=Chương 112 Kuremisago.txt
[113/1010] skip existing file=Chương 113 Cuộc đảo chính ở Tidat.txt
[114/1010] skip existing file=Chương 114 Quỷ thần quyền Silkwat Junazard.txt
[115/1010] skip existing file=Chương 115 Tức giận.txt
[116/1010] skip existing file=Chương 116 Chiến thắng.txt
[117/1010] download chapter_id=10647569 file=Chương 117 Hoàng hôn vĩnh cửu 1.txt
  OK decrypted=True written=Chương 117 Hoàng hôn vĩnh cửu 1.txt
[118/1010] download chapter_id=10647570 file=Chương 118 Hoàng hôn vĩnh cửu 2.txt
  OK decrypted=True written=Chương 118 Hoàng hôn vĩnh cửu 2.txt
[119/1010] skip existing file=Chương 119 Hoàng hôn vĩnh cửu 3.txt
[120/1010] skip existing file=Chương 120 Hoàng hôn vĩnh cửu 4.txt
[121/1010] skip existing file=Chương 121 Hoàng hôn vĩnh cửu 5.txt
[122/1010] skip existing file=Chương 122 Hoàng hôn vĩnh cửu 6.txt
[123/1010] skip existing file=Chương 123 Hoàng hôn vĩnh cửu 7.txt
[124/1010] skip existing file=Chương 124 Hoàng hôn vĩnh cửu 8.txt
[125/1010] skip existing file=Chương 125 Kết thúc.txt
[126/1010] skip existing file=Chương 126 Thu hoạch.txt
[127/1010] skip existing file=Chương 127 Xây dựng hậu cung.txt
[128/1010] skip existing file=Chương 128 Về nhà.txt
[129/1010] skip existing file=Chương 129 Du học.txt
[130/1010] skip existing file=Chương 130 Claymore.txt
[131/1010] skip existing file=Chương 131 Không chế Yoki.txt
[132/1010] skip existing file=Chương 132 Thánh thành Rabona.txt
[133/1010] skip existing file=Chương 133 Bán thức tỉnh.txt
[134/1010] download chapter_id=10647586 file=Chương 134 Đi săn.txt
  OK decrypted=True written=Chương 134 Đi săn.txt
[135/1010] skip existing file=Chương 135 Awakened Being.txt
[136/1010] skip existing file=Chương 136 Thức tỉnh.txt
[137/1010] skip existing file=Chương 137 Ophelia.txt
[138/1010] skip existing file=Chương 138 Irene.txt
[139/1010] skip existing file=Chương 139 Săn boss.txt
[140/1010] skip existing file=Chương 140 Clare và Teresa.txt
[141/1010] skip existing file=Chương 141 Riful của phương tây.txt
[142/1010] skip existing file=Chương 142 Hành trình đến phương bắc.txt
[143/1010] skip existing file=Chương 143 Đội viễn chinh phương bắc.txt
[144/1010] download chapter_id=10647596 file=Chương 144 Phòng thủ. Bom ngày sinh nhật tác giả 1 10.txt
  OK decrypted=True written=Chương 144 Phòng thủ. Bom ngày sinh nhật tác giả 1 10.txt
[145/1010] download chapter_id=10647597 file=Chương 145 Trấn thủ vùng phương bắc. Bom ngày sinh nhật tác giả 2 10.txt
  OK decrypted=True written=Chương 145 Trấn thủ vùng phương bắc. Bom ngày sinh nhật tác giả 2 10.txt
[146/1010] download chapter_id=10647598 file=Chương 146 Làm phản. Bom ngày sinh nhật tác giả 3 10.txt
  OK decrypted=True written=Chương 146 Làm phản. Bom ngày sinh nhật tác giả 3 10.txt
[147/1010] download chapter_id=10647599 file=Chương 147 Di chuyển. Bom ngày sinh nhật tác giả 4 10.txt
  OK decrypted=True written=Chương 147 Di chuyển. Bom ngày sinh nhật tác giả 4 10.txt
[148/1010] download chapter_id=10647600 file=Chương 148 Đột kích Sutafu 1 . Bom ngày sinh nhật tác giả 5 10.txt
  OK decrypted=True written=Chương 148 Đột kích Sutafu 1 . Bom ngày sinh nhật tác giả 5 10.txt
[149/1010] download chapter_id=10647601 file=Chương 149 Đột kích Sutafu 2 . Bom ngày sinh nhật tác giả 6 10.txt
  OK decrypted=True written=Chương 149 Đột kích Sutafu 2 . Bom ngày sinh nhật tác giả 6 10.txt
[150/1010] download chapter_id=10647602 file=Chương 150 Đột kích Sutafu 3 . Bom ngày sinh nhật tác giả 7 10.txt
  OK decrypted=True written=Chương 150 Đột kích Sutafu 3 . Bom ngày sinh nhật tác giả 7 10.txt
[151/1010] download chapter_id=10647603 file=Chương 151 Priscilla. Bom ngày sinh nhật tác giả 8 10.txt
  OK decrypted=True written=Chương 151 Priscilla. Bom ngày sinh nhật tác giả 8 10.txt
[152/1010] download chapter_id=10647604 file=Chương 152 Song tử nữ thần. Bom ngày sinh nhật tác giả 9 10.txt
  OK decrypted=True written=Chương 152 Song tử nữ thần. Bom ngày sinh nhật tác giả 9 10.txt
[153/1010] download chapter_id=10647605 file=Chương 153 Hồi sinh Teresa. Bom ngày sinh nhật tác giả 10 10.txt
  OK decrypted=True written=Chương 153 Hồi sinh Teresa. Bom ngày sinh nhật tác giả 10 10.txt
[154/1010] skip existing file=Chương 154 Xuống địa ngục.txt
[155/1010] skip existing file=Chương 155 Trở về.txt
[156/1010] skip existing file=Chương 156 Tree of Life.txt
[157/1010] skip existing file=Chương 157 Trông trẻ.txt
[158/1010] skip existing file=Chương 158 Sinh vật kỳ lạ.txt
[159/1010] skip existing file=Chương 159 Werewolf.txt
[160/1010] skip existing file=Chương 160 Halloween.txt
[161/1010] skip existing file=Chương 161 Gặp lại.txt
[162/1010] skip existing file=Chương 162 Ngoại truyện dài nhất lịch sử.txt
[163/1010] skip existing file=Chương 163 Konohagakure no Sato.txt
[164/1010] skip existing file=Chương 164 Đội 7.txt
[165/1010] skip existing file=Chương 165 Hatake Kakashi.txt
[166/1010] skip existing file=Chương 166 Cướp chuông.txt
[167/1010] skip existing file=Chương 167 Nhiệm vụ.txt
[168/1010] skip existing file=Chương 168 Nami no Kuni.txt
[169/1010] skip existing file=Chương 169 Momochi Zabuza.txt
[170/1010] skip existing file=Chương 170 Thử sức.txt
[171/1010] skip existing file=Chương 171 Ninjutsu.txt
[172/1010] skip existing file=Chương 172 Kuramadera.txt
[173/1010] skip existing file=Chương 173 Thiếu chủ.txt
[174/1010] skip existing file=Chương 174 Nam giết nữ hiếp.txt
[175/1010] skip existing file=Chương 175 Về làng.txt
[176/1010] skip existing file=Chương 176 Kỳ thi Chuunin.txt
[177/1010] skip existing file=Chương 177 Rock Lee.txt
[178/1010] skip existing file=Chương 178 Thi viết.txt
[179/1010] download chapter_id=10647631 file=Chương 179 Vượt qua vòng 1.txt
  OK decrypted=True written=Chương 179 Vượt qua vòng 1.txt
[180/1010] skip existing file=Chương 180 Khu rừng chết.txt
[181/1010] skip existing file=Chương 181 Orochimaru.txt
[182/1010] skip existing file=Chương 182 Karin.txt
[183/1010] skip existing file=Chương 183 Thiên Địa chi Thư.txt
[184/1010] skip existing file=Chương 184 Đấu loại.txt
[185/1010] skip existing file=Chương 185 Đấu loại kết thúc.txt
[186/1010] skip existing file=Chương 186 Trở lại núi Kurama.txt
[187/1010] skip existing file=Chương 187 Bí thuật.txt
[188/1010] skip existing file=Chương 188 Vòng thi đấu thứ 3.txt
[189/1010] skip existing file=Chương 189 Naruto thua.txt
[190/1010] skip existing file=Chương 190 Kế hoạch hủy diệt làng Lá.txt
[191/1010] skip existing file=Chương 191 Mốc quan trọng.txt
[192/1010] skip existing file=Chương 192 Suna no Shukaku 砂の守鶴 Sa chi Thủ Hạc.txt
[193/1010] skip existing file=Chương 193 Tiềm thức.txt
[194/1010] skip existing file=Chương 194 Chỉ mong được chấp nhận.txt
[195/1010] skip existing file=Chương 195 Đệ tam chết.txt
[196/1010] skip existing file=Chương 196 Uchiha Itachi.txt
[197/1010] skip existing file=Chương 197 Lên cấp Chuunin.txt
[198/1010] skip existing file=Chương 198 Tsunade hime.txt
[199/1010] skip existing file=Chương 199 Otogakure no Sato.txt
[200/1010] skip existing file=Chương 200 làng Lá vs làng Âm Thanh.txt
[201/1010] skip existing file=Chương 201 Shikotsumyaku.txt
[202/1010] skip existing file=Chương 202 Gặp lại Orochimaru.txt
[203/1010] skip existing file=Chương 203 Nhàn rỗi.txt
[204/1010] skip existing file=Chương 204 Quyết đấu.txt
[205/1010] skip existing file=Chương 205 Xong xuôi.txt
[206/1010] skip existing file=Chương 206 Max cấp.txt
[207/1010] download chapter_id=10647659 file=Chương 207 Đi học.txt
  OK decrypted=True written=Chương 207 Đi học.txt
[208/1010] skip existing file=Chương 208 Bữa tiệc tân sinh viên.txt
[209/1010] skip existing file=Chương 209 Andy Thomson.txt
[210/1010] skip existing file=Chương 210 Ngủ lại.txt
[211/1010] skip existing file=Chương 211 Ma quái.txt
[212/1010] skip existing file=Chương 212 Hatreds Soul.txt
[213/1010] skip existing file=Chương 213 Tiêu diệt.txt
[214/1010] skip existing file=Chương 214 UCLA Bruins.txt
[215/1010] skip existing file=Chương 215 Kiểm tra.txt
[216/1010] skip existing file=Chương 216 Bóng bầu dục.txt
[217/1010] skip existing file=Chương 217 Touch down.txt
[218/1010] skip existing file=Chương 218 Yếu thế.txt
[219/1010] skip existing file=Chương 219 Lead block.txt
[220/1010] skip existing file=Chương 220 Lại vào phó bản.txt
[221/1010] skip existing file=Chương 221 Mùa đông lạnh giá.txt
[222/1010] skip existing file=Chương 222 Đi bắt Pet.txt
[223/1010] skip existing file=Chương 223 Nhà trọ Izumo.txt
[224/1010] skip existing file=Chương 224 Musubi.txt
[225/1010] skip existing file=Chương 225 Sống trong nhà trọ.txt
[226/1010] skip existing file=Chương 226 Kusano.txt
[227/1010] download chapter_id=10647679 file=Chương 227 No.2.txt
  OK decrypted=True written=Chương 227 No.2.txt
[228/1010] skip existing file=Chương 228 MBI hành động.txt
[229/1010] skip existing file=Chương 229 Tsukiumi.txt
[230/1010] skip existing file=Chương 230 Kazehana.txt
[231/1010] skip existing file=Chương 231 Gender Bender.txt
[232/1010] skip existing file=Chương 232 Trái tim nữ thần thứ 10.txt
[233/1010] skip existing file=Chương 233 Giai đoạn 3 bắt đầu.txt
[234/1010] skip existing file=Chương 234 Jinki Happy Halloween 1 5.txt
[235/1010] skip existing file=Chương 235 Shijou Saikyou no Ashikabi Happy Halloween 2 5.txt
[236/1010] skip existing file=Chương 236 Uzume Happy Halloween 3 5.txt
[237/1010] skip existing file=Chương 237 Đóa hoa Bách Hợp nở rộ Happy Halloween 4 5.txt
[238/1010] skip existing file=Chương 238 Cản đường Happy Halloween 5 5.txt
[239/1010] skip existing file=Chương 239 Kamikura jima.txt
[240/1010] skip existing file=Chương 240 Cuộc chiến trên đảo.txt
[241/1010] skip existing file=Chương 241 Những kẻ xâm lược.txt
[242/1010] skip existing file=Chương 242 Hướng tới Kouten.txt
[243/1010] skip existing file=Chương 243 Kouten.txt
[244/1010] skip existing file=Chương 244 Mỹ mãn.txt
[245/1010] skip existing file=Chương 245 Đập đồ.txt
[246/1010] skip existing file=Chương 246 Làm cha.txt
[247/1010] skip existing file=Chương 247 Học trò.txt
[248/1010] skip existing file=Chương 248 Lựa chọn.txt
[249/1010] skip existing file=Chương 249 Trở lại thành phố dưới đáy biển.txt
[250/1010] skip existing file=Chương 250 Chợ phù thủy.txt
[251/1010] skip existing file=Chương 251 Chuẩn bị kỹ càng.txt
[252/1010] skip existing file=Chương 252 Tộc Elf.txt
[253/1010] skip existing file=Chương 253 Đi tới tộc Elf.txt
[254/1010] skip existing file=Chương 254 Rừng Białowieża.txt
[255/1010] skip existing file=Chương 255 Rừng Tinh Linh.txt
[256/1010] skip existing file=Chương 256 Fairy.txt
[257/1010] skip existing file=Chương 257 Tinh Linh chi Đô.txt
[258/1010] skip existing file=Chương 258 Nhầm kịch bản.txt
[259/1010] skip existing file=Chương 259 Phù thủy tập sự.txt
[260/1010] skip existing file=Chương 260 Hậu duệ.txt
[261/1010] skip existing file=Chương 261 Linh hồn.txt
[262/1010] skip existing file=Chương 262 Dark magic.txt
[263/1010] skip existing file=Chương 263 Mẹ con gặp lại.txt
[264/1010] skip existing file=Chương 264 Thẻ thay đổi cốt truyện.txt
[265/1010] skip existing file=Chương 265 Hildegarde.txt
[266/1010] skip existing file=Chương 266 Trường Ishiyama.txt
[267/1010] skip existing file=Chương 267 Quỷ Vương Ấn Ký.txt
[268/1010] skip existing file=Chương 268 Đánh nhau.txt
[269/1010] skip existing file=Chương 269 Đột kích.txt
[270/1010] skip existing file=Chương 270 Chủ động tấn công.txt
[271/1010] skip existing file=Chương 271 Kunieda Aoi.txt
[272/1010] skip existing file=Chương 272 Thu phục nữ hoàng.txt
[273/1010] skip existing file=Chương 273 Nene và Chiaki.txt
[274/1010] skip existing file=Chương 274 Red Tail.txt
[275/1010] skip existing file=Chương 275 Kỳ nghỉ hè.txt
[276/1010] skip existing file=Chương 276 Đảo phía nam.txt
[277/1010] skip existing file=Chương 277 Tiến triển.txt
[278/1010] skip existing file=Chương 278 Bác sĩ.txt
[279/1010] skip existing file=Chương 279 Quả tải.txt
[280/1010] skip existing file=Chương 280 Ishiyama.txt
[281/1010] skip existing file=Chương 281 Ước mơ của mọi thằng học sinh.txt
[282/1010] skip existing file=Chương 282 Kunieda Ittousai.txt
[283/1010] skip existing file=Chương 283 Gặp gỡ.txt
[284/1010] skip existing file=Chương 284 Ma giới.txt
[285/1010] skip existing file=Chương 285 Hết hè.txt
[286/1010] skip existing file=Chương 286 Saint Ishiyama.txt
[287/1010] skip existing file=Chương 287 Rokkisei.txt
[288/1010] skip existing file=Chương 288 Xung đột.txt
[289/1010] skip existing file=Chương 289 Lời cảnh cáo.txt
[290/1010] skip existing file=Chương 290 Thủ lĩnh của Rokkisei.txt
[291/1010] skip existing file=Chương 291 Dụ dỗ.txt
[292/1010] skip existing file=Chương 292 Tan rã.txt
[293/1010] skip existing file=Chương 293 Lễ hội trường.txt
[294/1010] skip existing file=Chương 294 Kiriya.txt
[295/1010] skip existing file=Chương 295 Saotome Zenjuro.txt
[296/1010] skip existing file=Chương 296 Ấn pháp sư.txt
[297/1010] skip existing file=Chương 297 Demon Maid.txt
[298/1010] skip existing file=Chương 298 Phá hoại hạnh phúc gia đình người khác là không tốt.txt
[299/1010] skip existing file=Chương 299 Trụ Sư Đoàn số 34.txt
[300/1010] skip existing file=Chương 300 Tìm kiếm.txt
[301/1010] skip existing file=Chương 301 Black Nico.txt
[302/1010] skip existing file=Chương 302 Isafuyu.txt
[303/1010] skip existing file=Chương 303 Tín đồ đầu tiên.txt
[304/1010] skip existing file=Chương 304 The Alpha Jump.txt
[305/1010] skip existing file=Chương 305 Quá đơn giản.txt
[306/1010] skip existing file=Chương 306 Ikaruga Nazuna.txt
[307/1010] skip existing file=Chương 307 Ankokubutou.txt
[308/1010] skip existing file=Chương 308 Akumano.txt
[309/1010] skip existing file=Chương 309 Ác quỷ.txt
[310/1010] skip existing file=Chương 310 Phản bội.txt
[311/1010] skip existing file=Chương 311 Puzzle.txt
[312/1010] skip existing file=Chương 312 Jabberwock.txt
[313/1010] skip existing file=Chương 313 Chế độ phụ huynh.txt
[314/1010] skip existing file=Chương 314 Sai lầm.txt
[315/1010] skip existing file=Chương 315 Lại tới Okinawa.txt
[316/1010] skip existing file=Chương 316 Aiba Izou.txt
[317/1010] skip existing file=Chương 317 Lời nhờ vả.txt
[318/1010] skip existing file=Chương 318 Tầng lớp thượng lưu.txt
[319/1010] skip existing file=Chương 319 Sàn đấu ngầm.txt
[320/1010] skip existing file=Chương 320 Chân dung ác ma.txt
[321/1010] skip existing file=Chương 321 Người phụ nữ xinh đẹp Merry Christmas 1 10.txt
[322/1010] skip existing file=Chương 322 Thành công Merry Christmas 2 10.txt
[323/1010] skip existing file=Chương 323 Ishiyama tái sinh Merry Christmas 3 10.txt
[324/1010] skip existing file=Chương 324 Tranh đấu Merry Christmas 4 10.txt
[325/1010] skip existing file=Chương 325 Sát Lục Duyên Khởi 1 Merry Christmas 5 10.txt
[326/1010] skip existing file=Chương 326 Sát Lục Duyên Khởi 2 Merry Christmas 6 10.txt
[327/1010] skip existing file=Chương 327 Sát Lục Duyên Khởi 3 Merry Christmas 7 10.txt
[328/1010] skip existing file=Chương 328 Sát Lục Duyên Khởi 4 Merry Christmas 8 10.txt
[329/1010] skip existing file=Chương 329 Sát Lục Duyên Khởi 5 Merry Christmas 9 10.txt
[330/1010] skip existing file=Chương 330 Sát Lục Duyên Khởi 6 Merry Christmas 10 10.txt
[331/1010] skip existing file=Chương 331 Tới Mỹ.txt
[332/1010] skip existing file=Chương 332 Lòng hiếu khách.txt
[333/1010] skip existing file=Chương 333 Cung hoàng đạo.txt
[334/1010] skip existing file=Chương 334 Iris.txt
[335/1010] skip existing file=Chương 335 Trở về Ishiyama.txt
[336/1010] skip existing file=Chương 336 Fuji.txt
[337/1010] skip existing file=Chương 337 Beelzebub Lucifer và Satan.txt
[338/1010] skip existing file=Chương 338 Rời đi.txt
[339/1010] skip existing file=Chương 339 Hội kín.txt
[340/1010] skip existing file=Chương 340 Quyển sách kỳ lạ.txt
[341/1010] skip existing file=Chương 341 Andy trổ tài Happy New Year 1 5.txt
[342/1010] skip existing file=Chương 342 Kết thúc học kỳ Happy New Year 2 5.txt
[343/1010] skip existing file=Chương 343 Về nước Happy New Year 3 5.txt
[344/1010] skip existing file=Chương 344 Học viện Youkai Happy New Year 4 5.txt
[345/1010] skip existing file=Chương 345 Kết bạn Happy New Year 5 5.txt
[346/1010] skip existing file=Chương 346 Kurono Kurumu.txt
[347/1010] skip existing file=Chương 347 Câu lạc bộ báo chí.txt
[348/1010] skip existing file=Chương 348 Ura Moka.txt
[349/1010] skip existing file=Chương 349 Sendo Yukari.txt
[350/1010] skip existing file=Chương 350 Gây sự.txt
[351/1010] skip existing file=Chương 351 Bạo loạn.txt
[352/1010] skip existing file=Chương 352 Nghỉ hè.txt
[353/1010] skip existing file=Chương 353 Toujou Ruby.txt
[354/1010] skip existing file=Chương 354 Quay lại học viện.txt
[355/1010] skip existing file=Chương 355 Trái tim cuối cùng.txt
[356/1010] skip existing file=Chương 356 Lv 100.txt
[357/1010] skip existing file=Chương 357 Sức mạnh vượt trội.txt
[358/1010] skip existing file=Chương 358 Phi thuyền vũ trụ.txt
[359/1010] skip existing file=Chương 359 Anti thesis.txt
[360/1010] skip existing file=Chương 360 Thủ lĩnh.txt
[361/1010] skip existing file=Chương 361 Susanoo.txt
[362/1010] skip existing file=Chương 362 Lễ hội trường.txt
[363/1010] skip existing file=Chương 363 Trong ký túc xá.txt
[364/1010] skip existing file=Chương 364 Gương Lilith.txt
[365/1010] skip existing file=Chương 365 Shuzen Kokoa.txt
[366/1010] skip existing file=Chương 366 Ura Moka.txt
[367/1010] skip existing file=Chương 367 Doppelganger.txt
[368/1010] skip existing file=Chương 368 Vùng đất tuyết.txt
[369/1010] skip existing file=Chương 369 Fujisaki Miyabi.txt
[370/1010] skip existing file=Chương 370 Bà chúa tuyết.txt
[371/1010] skip existing file=Chương 371 Otonashi San Quà sinh nhật cho Thần Harem.txt
[372/1010] skip existing file=Chương 372 Nhà trọ.txt
[373/1010] skip existing file=Chương 373 Siren.txt
[374/1010] skip existing file=Chương 374 Won Fan Fan.txt
[375/1010] skip existing file=Chương 375 Won Rin Rin.txt
[376/1010] skip existing file=Chương 376 Tới Hong Kong.txt
[377/1010] skip existing file=Chương 377 Hong Kong.txt
[378/1010] skip existing file=Chương 378 Hougetsu Jigen Tou.txt
[379/1010] skip existing file=Chương 379 Căn cứ trên không.txt
[380/1010] skip existing file=Chương 380 Xâm nhập căn cứ.txt
[381/1010] skip existing file=Chương 381 Alucard.txt
[382/1010] skip existing file=Chương 382 Shuzen Gyokuro.txt
[383/1010] skip existing file=Chương 383 Kanseitai Susansoo.txt
[384/1010] skip existing file=Chương 384 Akasha Bloodriver.txt
[385/1010] skip existing file=Chương 385 Thu hoạch.txt
[386/1010] skip existing file=Chương 386 Cái đuôi.txt
[387/1010] skip existing file=Chương 387 Bulma Brief.txt
[388/1010] skip existing file=Chương 388 Muten Roshi Kame Sennin.txt
[389/1010] skip existing file=Chương 389 Gyuuma Ou của núi Frypan.txt
[390/1010] skip existing file=Chương 390 Kamehameha.txt
[391/1010] skip existing file=Chương 391 Shenlong.txt
[392/1010] skip existing file=Chương 392 Launch.txt
[393/1010] skip existing file=Chương 393 Tháp Korin.txt
[394/1010] skip existing file=Chương 394 Senzu.txt
[395/1010] download chapter_id=10647847 file=Chương 395 Tenkaichi Budoukai 1.txt
  OK decrypted=True written=Chương 395 Tenkaichi Budoukai 1.txt
[396/1010] download chapter_id=10647848 file=Chương 396 Tenkaichi Budoukai 2.txt
  OK decrypted=True written=Chương 396 Tenkaichi Budoukai 2.txt
[397/1010] skip existing file=Chương 397 Phòng trọng lực.txt
[398/1010] skip existing file=Chương 398 Tenkaichi Budoukai lần thứ 22.txt
[399/1010] skip existing file=Chương 399 Lần thứ 2 vô địch.txt
[400/1010] skip existing file=Chương 400 King Piccolo.txt
[401/1010] skip existing file=Chương 401 Lại gọi Shenlong.txt
[402/1010] skip existing file=Chương 402 Super Saiyan.txt
[403/1010] skip existing file=Chương 403 Kita no Kaiou.txt
[404/1010] skip existing file=Chương 404 Tenkaichi Budoukai lần thứ 23.txt
[405/1010] skip existing file=Chương 405 Lần thứ 3 vô địch liên tiếp.txt
[406/1010] skip existing file=Chương 406 Đen đủi.txt
[407/1010] skip existing file=Chương 407 Đôi chút rắc rối.txt
[408/1010] skip existing file=Chương 408 Bill và Megan.txt
[409/1010] skip existing file=Chương 409 SPAD.txt
[410/1010] skip existing file=Chương 410 Shinigami.txt
[411/1010] skip existing file=Chương 411 Inoue Orihime.txt
[412/1010] skip existing file=Chương 412 Siêu thoát.txt
[413/1010] skip existing file=Chương 413 Địa Ngục.txt
[414/1010] skip existing file=Chương 414 Ngày giỗ.txt
[415/1010] skip existing file=Chương 415 Quincy.txt
[416/1010] skip existing file=Chương 416 Urahara Kisuke Cung Chúc Tân Niên 1 10.txt
[417/1010] skip existing file=Chương 417 Kuchiki Byakuya Cung Chúc Tân Niên 2 10.txt
[418/1010] skip existing file=Chương 418 Jinzen Cung Chúc Tân Niên 3 10.txt
[419/1010] skip existing file=Chương 419 Senkaimon Cung Chúc Tân Niên 4 10.txt
[420/1010] skip existing file=Chương 420 Soul Society Cung Chúc Tân Niên 5 10.txt
[421/1010] skip existing file=Chương 421 Shiba Kuukaku Cung Chúc Tân Niên 6 10.txt
[422/1010] skip existing file=Chương 422 Seireitei Cung Chúc Tân Niên 7 10.txt
[423/1010] skip existing file=Chương 423 Shikai Cung Chúc Tân Niên 8 10.txt
[424/1010] skip existing file=Chương 424 Âm mưu Cung Chúc Tân Niên 9 10.txt
[425/1010] skip existing file=Chương 425 Cái chết của Kurotsuchi Mayuri Cung Chúc Tân Niên 10 10.txt
[426/1010] skip existing file=Chương 426 Soukyoku.txt
[427/1010] skip existing file=Chương 427 Zaraki Kenpachi.txt
[428/1010] skip existing file=Chương 428 Hougyoku.txt
[429/1010] skip existing file=Chương 429 Hinamori Momo.txt
[430/1010] skip existing file=Chương 430 Trở về Hiện Thế.txt
[431/1010] skip existing file=Chương 431 Visored.txt
[432/1010] skip existing file=Chương 432 Arrancar.txt
[433/1010] download chapter_id=10647885 file=Chương 433 Đợt tấn công thứ 2.txt
  OK decrypted=True written=Chương 433 Đợt tấn công thứ 2.txt
[434/1010] skip existing file=Chương 434 Grimmjow Jaegerjaquez.txt
[435/1010] skip existing file=Chương 435 Hueco Mundo.txt
[436/1010] skip existing file=Chương 436 Las Noches.txt
[437/1010] skip existing file=Chương 437 Espada.txt
[438/1010] skip existing file=Chương 438 Tranh giành.txt
[439/1010] skip existing file=Chương 439 Chiến đấu.txt
[440/1010] skip existing file=Chương 440 Aizen rời đi.txt
[441/1010] skip existing file=Chương 441 Ulquiorra Cifer.txt
[442/1010] skip existing file=Chương 442 Thu phục.txt
[443/1010] skip existing file=Chương 443 Thị trấn Karakura giả.txt
[444/1010] skip existing file=Chương 444 Ichimaru Gin.txt
[445/1010] skip existing file=Chương 445 Ryuujin Jakka.txt
[446/1010] skip existing file=Chương 446 Hợp nhất.txt
[447/1010] skip existing file=Chương 447 Cái chết của Ichimaru Gin.txt
[448/1010] skip existing file=Chương 448 Giết Aizen.txt
[449/1010] skip existing file=Chương 449 Đội 14.txt
[450/1010] skip existing file=Chương 450 Fullbringer.txt
[451/1010] skip existing file=Chương 451 Tìm kiếm.txt
[452/1010] skip existing file=Chương 452 Wandenreich.txt
[453/1010] skip existing file=Chương 453 Bambietta.txt
[454/1010] skip existing file=Chương 454 Yhwach.txt
[455/1010] skip existing file=Chương 455 Đột kích.txt
[456/1010] skip existing file=Chương 456 Hạ sát Yhwach.txt
[457/1010] skip existing file=Chương 457 Linh Vương Cung.txt
[458/1010] skip existing file=Chương 458 Zanpakuto.txt
[459/1010] skip existing file=Chương 459 Tiêu diệt Ouzokutokumu.txt
[460/1010] skip existing file=Chương 460 Hấp thụ.txt
[461/1010] skip existing file=Chương 461 Ryuuka.txt
[462/1010] skip existing file=Chương 462 Tổng kết.txt
[463/1010] skip existing file=Chương 463 Rút thưởng.txt
[464/1010] skip existing file=Chương 464 Đội thám hiểm.txt
[465/1010] skip existing file=Chương 465 Gặp lại người quen.txt
[466/1010] skip existing file=Chương 466 Xung đột.txt
[467/1010] skip existing file=Chương 467 Cuộc họp.txt
[468/1010] skip existing file=Chương 468 Wyverns.txt
[469/1010] skip existing file=Chương 469 Thám hiểm.txt
[470/1010] skip existing file=Chương 470 Di tích cổ.txt
[471/1010] skip existing file=Chương 471 Di chỉ Maya.txt
[472/1010] skip existing file=Chương 472 Konoha Keimu Butai.txt
[473/1010] skip existing file=Chương 473 Lời cầu cứu tới từ làng Cát.txt
[474/1010] skip existing file=Chương 474 Trợ giúp.txt
[475/1010] skip existing file=Chương 475 Hồi sinh Gaara.txt
[476/1010] skip existing file=Chương 476 Trở về làng Lá.txt
[477/1010] skip existing file=Chương 477 Danzo.txt
[478/1010] skip existing file=Chương 478 Rời làng.txt
[479/1010] skip existing file=Chương 479 Konan.txt
[480/1010] skip existing file=Chương 480 Cái chết của Jiraiya.txt
[481/1010] skip existing file=Chương 481 Làng Lá bị tấn công.txt
[482/1010] skip existing file=Chương 482 Pain Lục Đạo.txt
[483/1010] skip existing file=Chương 483 Uzumaki Nagato.txt
[484/1010] skip existing file=Chương 484 Trưởng thôn.txt
[485/1010] skip existing file=Chương 485 Cảnh cáo.txt
[486/1010] skip existing file=Chương 486 Ngũ Ảnh Hội Đàm.txt
[487/1010] skip existing file=Chương 487 Obito đột kích.txt
[488/1010] skip existing file=Chương 488 Gặp mặt.txt
[489/1010] skip existing file=Chương 489 Uchiha Mikoto và Nohara Rin.txt
[490/1010] skip existing file=Chương 490 Kyuubi.txt
[491/1010] skip existing file=Chương 491 Mạo danh.txt
[492/1010] skip existing file=Chương 492 Uzumaki Kushina.txt
[493/1010] skip existing file=Chương 493 Đại chiến Ninja.txt
[494/1010] skip existing file=Chương 494 Bị phục kích.txt
[495/1010] skip existing file=Chương 495 Giết Danzo.txt
[496/1010] skip existing file=Chương 496 Uchiha Madara.txt
[497/1010] skip existing file=Chương 497 Kirin.txt
[498/1010] skip existing file=Chương 498 Kế hoạch.txt
[499/1010] skip existing file=Chương 499 Thập Vĩ thức tỉnh.txt
[500/1010] skip existing file=Chương 500 Chiến đấu.txt
[501/1010] skip existing file=Chương 501 Rikudou Sennin.txt
[502/1010] skip existing file=Chương 502 Rikudou Madara.txt
[503/1010] skip existing file=Chương 503 Mugen Tsukuyomi.txt
[504/1010] skip existing file=Chương 504 Ootsutsuki Kaguya.txt
[505/1010] skip existing file=Chương 505 Kekkei Moura.txt
[506/1010] skip existing file=Chương 506 Nương tay.txt
[507/1010] skip existing file=Chương 507 Hấp thu.txt
[508/1010] skip existing file=Chương 508 Tái chiến.txt
[509/1010] skip existing file=Chương 509 Madara chết.txt
[510/1010] skip existing file=Chương 510 Mặt trăng.txt
[511/1010] skip existing file=Chương 511 Tenseigan.txt
[512/1010] skip existing file=Chương 512 Tenseigan tiến hóa thành công.txt
[513/1010] skip existing file=Chương 513 Yami Yami no Mi.txt
[514/1010] skip existing file=Chương 514 Zanpakuto mới.txt
[515/1010] skip existing file=Chương 515 Ra sân.txt
[516/1010] skip existing file=Chương 516 Lời mời.txt
[517/1010] skip existing file=Chương 517 Người nổi tiếng.txt
[518/1010] skip existing file=Chương 518 Phạm Gia.txt
[519/1010] skip existing file=Chương 519 Động đất.txt
[520/1010] skip existing file=Chương 520 Manh mối mới.txt
[521/1010] skip existing file=Chương 521 Ngày tận thế.txt
[522/1010] skip existing file=Chương 522 Nghiên cứu ma trận.txt
[523/1010] skip existing file=Chương 523 Bên dưới tượng nhân sư.txt
[524/1010] skip existing file=Chương 524 Kết cấu phức tạp.txt
[525/1010] skip existing file=Chương 525 Bỏ nhà đi bụi.txt
[526/1010] skip existing file=Chương 526 Thư nhập học.txt
[527/1010] skip existing file=Chương 527 Diagon Alley.txt
[528/1010] skip existing file=Chương 528 Đũa phép.txt
[529/1010] skip existing file=Chương 529 Tàu tốc hành Hogwarts.txt
[530/1010] skip existing file=Chương 530 Hogwarts.txt
[531/1010] skip existing file=Chương 531 Trường học phép thuật.txt
[532/1010] skip existing file=Chương 532 Ma Dược.txt
[533/1010] skip existing file=Chương 533 Phân loại phép thuật.txt
[534/1010] skip existing file=Chương 534 Cho Chang.txt
[535/1010] skip existing file=Chương 535 Halloween.txt
[536/1010] skip existing file=Chương 536 Quidditch.txt
[537/1010] skip existing file=Chương 537 Trứng rồng.txt
[538/1010] skip existing file=Chương 538 Kết thúc năm học thứ nhất.txt
[539/1010] skip existing file=Chương 539 Lại tới Hẻm Xéo.txt
[540/1010] skip existing file=Chương 540 Năm học thứ 2 bắt đầu.txt
[541/1010] skip existing file=Chương 541 Trên đường tới Hogwarts.txt
[542/1010] skip existing file=Chương 542 Khu vực hạn chế.txt
[543/1010] skip existing file=Chương 543 Basilisk.txt
[544/1010] skip existing file=Chương 544 Kẻ kế vị của Slytherin.txt
[545/1010] skip existing file=Chương 545 Trừng phạt.txt
[546/1010] skip existing file=Chương 546 Dobby.txt
[547/1010] skip existing file=Chương 547 Đấu tay đôi với Snape.txt
[548/1010] skip existing file=Chương 548 Phòng chứa bí mật.txt
[549/1010] skip existing file=Chương 549 Minh oan.txt
[550/1010] skip existing file=Chương 550 Sirius Black.txt
[551/1010] skip existing file=Chương 551 Năm học thứ 3.txt
[552/1010] skip existing file=Chương 552 Môn học mới.txt
[553/1010] skip existing file=Chương 553 Chuẩn bị.txt
[554/1010] skip existing file=Chương 554 Animagi.txt
[555/1010] skip existing file=Chương 555 Daphne Greengrass.txt
[556/1010] skip existing file=Chương 556 Remus Lupin.txt
[557/1010] skip existing file=Chương 557 Cá cược.txt
[558/1010] skip existing file=Chương 558 Astoria.txt
[559/1010] skip existing file=Chương 559 Cúp Quidditch.txt
[560/1010] skip existing file=Chương 560 Quidditch World Cup.txt
[561/1010] skip existing file=Chương 561 Triwizard Tournament.txt
[562/1010] skip existing file=Chương 562 Trường Dumstrang và trường Beauxbatons.txt
[563/1010] skip existing file=Chương 563 The Goblet of Fire.txt
[564/1010] skip existing file=Chương 564 Phỏng vấn.txt
[565/1010] skip existing file=Chương 565 Rồng.txt
[566/1010] skip existing file=Chương 566 Yule Ball.txt
[567/1010] download chapter_id=10648019 file=Chương 567 Bài thi thứ 2.txt
  OK decrypted=True written=Chương 567 Bài thi thứ 2.txt
[568/1010] skip existing file=Chương 568 Fleur và Grabielle.txt
[569/1010] skip existing file=Chương 569 Chiếc cúp.txt
[570/1010] skip existing file=Chương 570 Voldemort.txt
[571/1010] skip existing file=Chương 571 Kết thúc năm học.txt
[572/1010] skip existing file=Chương 572 Hội Phượng Hoàng.txt
[573/1010] skip existing file=Chương 573 Horcrux.txt
[574/1010] skip existing file=Chương 574 Phiên tòa.txt
[575/1010] skip existing file=Chương 575 Sự trở lại của giáo sư Lupin.txt
[576/1010] skip existing file=Chương 576 Phòng yêu cầu.txt
[577/1010] skip existing file=Chương 577 Con người thật.txt
[578/1010] skip existing file=Chương 578 Kết thúc.txt
[579/1010] skip existing file=Chương 579 Kích hoạt ma trận.txt
[580/1010] skip existing file=Chương 580 Thân chinh.txt
[581/1010] skip existing file=Chương 581 Mục tiêu.txt
[582/1010] skip existing file=Chương 582 Lạc lối ở Bắc Kinh.txt
[583/1010] skip existing file=Chương 583 Gặp lại Phạm Băng Băng.txt
[584/1010] skip existing file=Chương 584 Trương gia đại thiếu.txt
[585/1010] skip existing file=Chương 585 Tên béo.txt
[586/1010] skip existing file=Chương 586 Tấm địa đồ.txt
[587/1010] skip existing file=Chương 587 Luyện Ngục Cốc.txt
[588/1010] skip existing file=Chương 588 Minh Thần Tông.txt
[589/1010] skip existing file=Chương 589 Diễm Ma.txt
[590/1010] skip existing file=Chương 590 Thuần phục.txt
[591/1010] skip existing file=Chương 591 Huyết trận.txt
[592/1010] skip existing file=Chương 592 Lục Địa Thần Tiên.txt
[593/1010] skip existing file=Chương 593 Học viện Mahora.txt
[594/1010] skip existing file=Chương 594 Dạy học.txt
[595/1010] skip existing file=Chương 595 Bạn đồng hành.txt
[596/1010] skip existing file=Chương 596 Phụ đạo.txt
[597/1010] skip existing file=Chương 597 Võ sư và Ninja.txt
[598/1010] skip existing file=Chương 598 Tranh chấp.txt
[599/1010] skip existing file=Chương 599 Kỳ thi cuối năm.txt
[600/1010] download chapter_id=10648052 file=Chương 600 Evangeline A.K. McDowell.txt
  OK decrypted=True written=Chương 600 Evangeline A.K. McDowell.txt
[601/1010] skip existing file=Chương 601 Phá giải phong ấn.txt
[602/1010] skip existing file=Chương 602 Partner.txt
[603/1010] skip existing file=Chương 603 Magia Erabea.txt
[604/1010] skip existing file=Chương 604 Sức mạnh chồng chéo.txt
[605/1010] skip existing file=Chương 605 Pactio Artifact.txt
[606/1010] skip existing file=Chương 606 Đi dã ngoại.txt
[607/1010] skip existing file=Chương 607 Trên tàu Shinkansen.txt
[608/1010] skip existing file=Chương 608 Kyoto.txt
[609/1010] skip existing file=Chương 609 Trong nhà trọ.txt
[610/1010] skip existing file=Chương 610 Kẻ theo đuôi.txt
[611/1010] skip existing file=Chương 611 Giả trang.txt
[612/1010] skip existing file=Chương 612 Tổ thông tin.txt
[613/1010] skip existing file=Chương 613 10 10.txt
[614/1010] skip existing file=Chương 614 Hiệp hội pháp thuật Kansai.txt
[615/1010] skip existing file=Chương 615 Chết mất xác.txt
[616/1010] skip existing file=Chương 616 Averruncus of Earth.txt
[617/1010] skip existing file=Chương 617 Golden Week.txt
[618/1010] skip existing file=Chương 618 Tác giả không chịu trách nhiệm cho nội dung của chương này.txt
[619/1010] skip existing file=Chương 619 Dụ dỗ.txt
[620/1010] skip existing file=Chương 620 Slime.txt
[621/1010] skip existing file=Chương 621 Lễ hội trường.txt
[622/1010] skip existing file=Chương 622 World Tree.txt
[623/1010] skip existing file=Chương 623 Lễ hội bắt đầu.txt
[624/1010] skip existing file=Chương 624 Giải đấu võ thuật Mahora.txt
[625/1010] skip existing file=Chương 625 Tiến vào vòng trong.txt
[626/1010] skip existing file=Chương 626 Vòng trong.txt
[627/1010] skip existing file=Chương 627 Kankahou.txt
[628/1010] skip existing file=Chương 628 Albireo Imma.txt
[629/1010] skip existing file=Chương 629 Tiến tới trận chung kết.txt
[630/1010] skip existing file=Chương 630 Nagi Springfield.txt
[631/1010] skip existing file=Chương 631 Kế hoạch Đại Ma Pháp.txt
[632/1010] skip existing file=Chương 632 Ngày lễ hội cuối cùng.txt
[633/1010] skip existing file=Chương 633 Chao Lingshen.txt
[634/1010] skip existing file=Chương 634 Nhân vật chính thường xuất hiện vào phút cuối.txt
[635/1010] skip existing file=Chương 635 Ma lực bao trùm.txt
[636/1010] skip existing file=Chương 636 Nghỉ hè.txt
[637/1010] skip existing file=Chương 637 Khởi hành.txt
[638/1010] skip existing file=Chương 638 Cổng dịch chuyển.txt
[639/1010] skip existing file=Chương 639 Mundus Magicus.txt
[640/1010] skip existing file=Chương 640 Theo dõi.txt
[641/1010] skip existing file=Chương 641 Ariadne.txt
[642/1010] skip existing file=Chương 642 Lợi dụng.txt
[643/1010] skip existing file=Chương 643 Ostia.txt
[644/1010] skip existing file=Chương 644 Tsukuyomi.txt
[645/1010] skip existing file=Chương 645 Ma kiếm Hina.txt
[646/1010] skip existing file=Chương 646 Cosmo Entelecheia.txt
[647/1010] skip existing file=Chương 647 Mage of the Beginning.txt
[648/1010] skip existing file=Chương 648 Bankai.txt
[649/1010] download chapter_id=10648101 file=Chương 649 Cuộc chiến của các vị Thần 1.txt
  OK decrypted=True written=Chương 649 Cuộc chiến của các vị Thần 1.txt
[650/1010] download chapter_id=10648102 file=Chương 650 Cuộc chiến của các vị Thần 2.txt
  OK decrypted=True written=Chương 650 Cuộc chiến của các vị Thần 2.txt
[651/1010] skip existing file=Chương 651 Cuộc chiến của các vị Thần 3.txt
[652/1010] skip existing file=Chương 652 World Customize.txt
[653/1010] skip existing file=Chương 653 Trái đất này là của bố mày.txt
[654/1010] skip existing file=Chương 654 Nguy cơ qua đi.txt
[655/1010] skip existing file=Chương 655 Giao lưu.txt
[656/1010] skip existing file=Chương 656 Đối đầu.txt
[657/1010] skip existing file=Chương 657 Xoay chuyển tình thế Bom nhân ngày 1 năm đăng truyện 1 5.txt
[658/1010] skip existing file=Chương 658 Nổi danh Bom nhân ngày 1 năm đăng truyện 2 5.txt
[659/1010] skip existing file=Chương 659 Trở về Mỹ Bom nhân ngày 1 năm đăng truyện 3 5.txt
[660/1010] skip existing file=Chương 660 Thị trấn Hargeon Bom nhân ngày 1 năm đăng truyện 4 5.txt
[661/1010] skip existing file=Chương 661 Lucy Heartfilia Bom nhân ngày 1 năm đăng truyện 5 5.txt
[662/1010] skip existing file=Chương 662 Fairy Tail.txt
[663/1010] skip existing file=Chương 663 Chìa khóa cung hoàng đạo.txt
[664/1010] skip existing file=Chương 664 Virgo.txt
[665/1010] skip existing file=Chương 665 Ezra Scarlet.txt
[666/1010] skip existing file=Chương 666 Lullaby.txt
[667/1010] skip existing file=Chương 667 Đấu với Ezra.txt
[668/1010] skip existing file=Chương 668 Mystogan và Laxus.txt
[669/1010] skip existing file=Chương 669 Nhiệm vụ cấp S.txt
[670/1010] skip existing file=Chương 670 Deliora.txt
[671/1010] skip existing file=Chương 671 Tiêu diệt Deliora.txt
[672/1010] skip existing file=Chương 672 Fairy Tail bị tấn công.txt
[673/1010] skip existing file=Chương 673 Thiết long Gajeel.txt
[674/1010] skip existing file=Chương 674 Metalicana.txt
[675/1010] skip existing file=Chương 675 Chiến tranh.txt
[676/1010] skip existing file=Chương 676 Phantom Lord thất bại.txt
[677/1010] skip existing file=Chương 677 Cản trở.txt
[678/1010] skip existing file=Chương 678 Tower of Heaven.txt
[679/1010] skip existing file=Chương 679 Jellal Fernandes.txt
[680/1010] skip existing file=Chương 680 Hủy diệt tháp thiên đường.txt
[681/1010] skip existing file=Chương 681 Shuukakusai 収穫祭 Thu Hoạch Tế.txt
[682/1010] skip existing file=Chương 682 Raijinshuu.txt
[683/1010] skip existing file=Chương 683 Laxus Dreyar.txt
[684/1010] skip existing file=Chương 684 Liên minh.txt
[685/1010] skip existing file=Chương 685 Tập hợp.txt
[686/1010] skip existing file=Chương 686 Oración Seis.txt
[687/1010] skip existing file=Chương 687 1 vs 6.txt
[688/1010] skip existing file=Chương 688 Nirvana.txt
[689/1010] skip existing file=Chương 689 Edolas.txt
[690/1010] skip existing file=Chương 690 Fairy Tail ở Edolas.txt
[691/1010] skip existing file=Chương 691 Đầu óc đen tối.txt
[692/1010] skip existing file=Chương 692 Tiến về kinh đô.txt
[693/1010] skip existing file=Chương 693 Quân đế quốc.txt
[694/1010] skip existing file=Chương 694 Đảo ngược Anima.txt
[695/1010] skip existing file=Chương 695 Erza vs Erza.txt
[696/1010] skip existing file=Chương 696 Pháp sư cấp S.txt
[697/1010] skip existing file=Chương 697 Gildarts Clive.txt
[698/1010] skip existing file=Chương 698 Zeref.txt
[699/1010] skip existing file=Chương 699 Fairy Tail vs Grimoire Heart.txt
[700/1010] skip existing file=Chương 700 Ultear Milkovich.txt
[701/1010] skip existing file=Chương 701 Dự tính.txt
[702/1010] skip existing file=Chương 702 Acnologia.txt
[703/1010] skip existing file=Chương 703 7 năm sau.txt
[704/1010] skip existing file=Chương 704 Trở về Magnolia.txt
[705/1010] skip existing file=Chương 705 Nhiệm vụ bất ngờ.txt
[706/1010] download chapter_id=10648158 file=Chương 706 Dai Matou Enbu 1.txt
  OK decrypted=True written=Chương 706 Dai Matou Enbu 1.txt
[707/1010] download chapter_id=10648159 file=Chương 707 Dai Matou Enbu 2.txt
  OK decrypted=True written=Chương 707 Dai Matou Enbu 2.txt
[708/1010] skip existing file=Chương 708 Dai Matou Enbu 3.txt
[709/1010] skip existing file=Chương 709 Dai Matou Enbu 4.txt
[710/1010] skip existing file=Chương 710 Dai Matou Enbu 5.txt
[711/1010] skip existing file=Chương 711 Dai Matou Enbu 6.txt
[712/1010] skip existing file=Chương 712 Dai Matou Enbu 7.txt
[713/1010] skip existing file=Chương 713 Dai Matou Enbu 8.txt
[714/1010] skip existing file=Chương 714 Dai Matou Enbu 9.txt
[715/1010] skip existing file=Chương 715 Dai Matou Enbu 10.txt
[716/1010] skip existing file=Chương 716 Dai Matou Enbu 11.txt
[717/1010] skip existing file=Chương 717 Dai Matou Enbu 12.txt
[718/1010] skip existing file=Chương 718 Eclipse Gate.txt
[719/1010] skip existing file=Chương 719 Săn rồng.txt
[720/1010] skip existing file=Chương 720 Tàn sát.txt
[721/1010] skip existing file=Chương 721 Nghĩa địa của rồng.txt
[722/1010] skip existing file=Chương 722 Tứ Thiên Vương của Ishgar.txt
[723/1010] skip existing file=Chương 723 Sun Village.txt
[724/1010] skip existing file=Chương 724 Minerva Orland.txt
[725/1010] skip existing file=Chương 725 Băng tan.txt
[726/1010] skip existing file=Chương 726 Tartaros.txt
[727/1010] download chapter_id=10648179 file=Chương 727 Fairy Tail vs Tartaros 1.txt
  OK decrypted=True written=Chương 727 Fairy Tail vs Tartaros 1.txt
[728/1010] download chapter_id=10648180 file=Chương 728 Fairy Tail vs Tartaros 2.txt
  OK decrypted=True written=Chương 728 Fairy Tail vs Tartaros 2.txt
[729/1010] skip existing file=Chương 729 Fairy Tail vs Tartaros 3.txt
[730/1010] skip existing file=Chương 730 Fairy Tail vs Tartaros 4.txt
[731/1010] skip existing file=Chương 731 Fairy Tail vs Tartaros 5.txt
[732/1010] skip existing file=Chương 732 Acnologia.txt
[733/1010] skip existing file=Chương 733 Avatar.txt
[734/1010] skip existing file=Chương 734 Long Uy.txt
[735/1010] skip existing file=Chương 735 Dragon Form.txt
[736/1010] skip existing file=Chương 736 Diệt Long Ma Pháp.txt
[737/1010] skip existing file=Chương 737 Thập Bát Chiến Thần Yakuma.txt
[738/1010] skip existing file=Chương 738 Fairy Tail tái hợp.txt
[739/1010] skip existing file=Chương 739 Brandish μ.txt
[740/1010] skip existing file=Chương 740 Đế quốc Alvarez.txt
[741/1010] download chapter_id=10648193 file=Chương 741 Chiến tranh 1.txt
  OK decrypted=True written=Chương 741 Chiến tranh 1.txt
[742/1010] download chapter_id=10648194 file=Chương 742 Chiến tranh 2.txt
  OK decrypted=True written=Chương 742 Chiến tranh 2.txt
[743/1010] skip existing file=Chương 743 Chiến tranh 3.txt
[744/1010] skip existing file=Chương 744 Chiến tranh 4.txt
[745/1010] skip existing file=Chương 745 Chiến tranh 5.txt
[746/1010] skip existing file=Chương 746 Chiến tranh 6.txt
[747/1010] skip existing file=Chương 747 Chiến tranh 7.txt
[748/1010] skip existing file=Chương 748 Chiến tranh 8.txt
[749/1010] skip existing file=Chương 749 Chiến tranh 9.txt
[750/1010] skip existing file=Chương 750 Super Dragon.txt
[751/1010] skip existing file=Chương 751 Anna Heartfilia.txt
[752/1010] skip existing file=Chương 752 Phục sinh.txt
[753/1010] skip existing file=Chương 753 Thần giới.txt
[754/1010] skip existing file=Chương 754 Ankhseram.txt
[755/1010] skip existing file=Chương 755 Tước đoạt thần vị.txt
[756/1010] skip existing file=Chương 756 Chỉ số tăng vọt.txt
[757/1010] download chapter_id=10648209 file=Chương 757 YoRHa No.2 Type B.txt
  OK decrypted=True written=Chương 757 YoRHa No.2 Type B.txt
[758/1010] skip existing file=Chương 758 Kỳ lạ.txt
[759/1010] skip existing file=Chương 759 Đẳng cấp tăng vọt.txt
[760/1010] skip existing file=Chương 760 Tinh Linh Nữ Vương.txt
[761/1010] skip existing file=Chương 761 Hỗn loạn.txt
[762/1010] skip existing file=Chương 762 I Am Iron Man.txt
[763/1010] skip existing file=Chương 763 Quyết định của Robert.txt
[764/1010] skip existing file=Chương 764 Thế giới náo động.txt
[765/1010] skip existing file=Chương 765 Siêu anh hùng.txt
[766/1010] skip existing file=Chương 766 Liên minh thượng đẳng.txt
[767/1010] skip existing file=Chương 767 Trở lại thế giới Dragon Ball.txt
[768/1010] skip existing file=Chương 768 Piccolo.txt
[769/1010] skip existing file=Chương 769 Vegeta.txt
[770/1010] skip existing file=Chương 770 Hành tinh Namek.txt
[771/1010] skip existing file=Chương 771 Cái chết của Vegeta.txt
[772/1010] skip existing file=Chương 772 Frieza Happy Birthday To Me 1 5.txt
[773/1010] skip existing file=Chương 773 Future Trunks Happy Birthday To Me 2 5.txt
[774/1010] skip existing file=Chương 774 Android Happy Birthday To Me 3 5.txt
[775/1010] skip existing file=Chương 775 Lapis và Lazuli Happy Birthday To Me 4 5.txt
[776/1010] skip existing file=Chương 776 Cell xuất hiện Happy Birthday To Me 5 5.txt
[777/1010] skip existing file=Chương 777 Perfect Cell.txt
[778/1010] skip existing file=Chương 778 Super Perfect Cell.txt
[779/1010] skip existing file=Chương 779 Thành phố Satan.txt
[780/1010] skip existing file=Chương 780 Videl.txt
[781/1010] skip existing file=Chương 781 Lại tham gia Tenkaichi Budoukai.txt
[782/1010] skip existing file=Chương 782 Kaioushin.txt
[783/1010] skip existing file=Chương 783 Sào huyệt của Babidi.txt
[784/1010] skip existing file=Chương 784 Dabura.txt
[785/1010] skip existing file=Chương 785 Majin Buu.txt
[786/1010] skip existing file=Chương 786 Super Buu.txt
[787/1010] skip existing file=Chương 787 Tiêu diệt Super Buu.txt
[788/1010] skip existing file=Chương 788 Quay thưởng.txt
[789/1010] skip existing file=Chương 789 Quái vật tỉnh giấc.txt
[790/1010] skip existing file=Chương 790 Wendigo.txt
[791/1010] skip existing file=Chương 791 Quái vật thần thoại.txt
[792/1010] skip existing file=Chương 792 Trái đất biến thiên.txt
[793/1010] skip existing file=Chương 793 Tà giáo.txt
[794/1010] skip existing file=Chương 794 Tiến vào tổng bộ.txt
[795/1010] skip existing file=Chương 795 Đụng độ tà giáo.txt
[796/1010] skip existing file=Chương 796 Giải cứu.txt
[797/1010] skip existing file=Chương 797 Tà thần Balor.txt
[798/1010] skip existing file=Chương 798 Chiến tranh nổ ra.txt
[799/1010] skip existing file=Chương 799 Thần khí.txt
[800/1010] skip existing file=Chương 800 Ác Ma.txt
[801/1010] skip existing file=Chương 801 Asia Argento.txt
[802/1010] skip existing file=Chương 802 Xé xác.txt
[803/1010] skip existing file=Chương 803 Thiên thần sa ngã.txt
[804/1010] skip existing file=Chương 804 Asia trở thành ác ma.txt
[805/1010] skip existing file=Chương 805 Thử sức.txt
[806/1010] skip existing file=Chương 806 Grayfia Lucifuge.txt
[807/1010] skip existing file=Chương 807 Riser Phenex.txt
[808/1010] skip existing file=Chương 808 Rating Game.txt
[809/1010] skip existing file=Chương 809 Đặt cược.txt
[810/1010] skip existing file=Chương 810 Giao ước của rồng.txt
[811/1010] skip existing file=Chương 811 Mất cả chì lẫn chài.txt
[812/1010] skip existing file=Chương 812 Thỏa hiệp.txt
[813/1010] download chapter_id=10648265 file=Chương 813 Hy sinh đời… mẹ để củng cố đời con.txt
  OK decrypted=True written=Chương 813 Hy sinh đời… mẹ để củng cố đời con.txt
[814/1010] skip existing file=Chương 814 Thánh kiếm.txt
[815/1010] skip existing file=Chương 815 Giải đấu bóng.txt
[816/1010] skip existing file=Chương 816 Thánh Kiếm.txt
[817/1010] skip existing file=Chương 817 Frostmourne.txt
[818/1010] skip existing file=Chương 818 Hợp tác.txt
[819/1010] skip existing file=Chương 819 Kokabiel.txt
[820/1010] skip existing file=Chương 820 Ma Kiếm.txt
[821/1010] skip existing file=Chương 821 Shadowmourne.txt
[822/1010] skip existing file=Chương 822 Sekiryuutei và Hakuryuukou Xích Long Đế và Bạch Long Hoàng.txt
[823/1010] skip existing file=Chương 823 Ba thế lực họp mặt.txt
[824/1010] skip existing file=Chương 824 Ba phe thế lực.txt
[825/1010] skip existing file=Chương 825 Gasper Vladi.txt
[826/1010] skip existing file=Chương 826 Akeno mở lòng.txt
[827/1010] skip existing file=Chương 827 Khaos Brigade đột kích.txt
[828/1010] skip existing file=Chương 828 Vali Lucifer phản bội.txt
[829/1010] skip existing file=Chương 829 Xuống làm gì rồi mà lại phải lên.txt
[830/1010] skip existing file=Chương 830 Kỳ nghỉ hè sắp tới.txt
[831/1010] skip existing file=Chương 831 Đi tới Minh Giới.txt
[832/1010] skip existing file=Chương 832 Tới nơi.txt
[833/1010] skip existing file=Chương 833 Những người thừa kế.txt
[834/1010] skip existing file=Chương 834 Dọa nạt.txt
[835/1010] skip existing file=Chương 835 Dạ hội.txt
[836/1010] skip existing file=Chương 836 Nekomata.txt
[837/1010] skip existing file=Chương 837 Hậu duệ của Tôn Ngộ Không.txt
[838/1010] skip existing file=Chương 838 Ajuka Beelzebub.txt
[839/1010] skip existing file=Chương 839 Rias vs Sona.txt
[840/1010] skip existing file=Chương 840 Ruruko và Momo.txt
[841/1010] skip existing file=Chương 841 Chiếu tướng.txt
[842/1010] skip existing file=Chương 842 Diodora Astaroth.txt
[843/1010] skip existing file=Chương 843 Thiên thần chuyển sinh.txt
[844/1010] skip existing file=Chương 844 Khaos Brigade hành động.txt
[845/1010] skip existing file=Chương 845 Những vị khách từ Bắc Âu.txt
[846/1010] skip existing file=Chương 846 Tà Thần Loki.txt
[847/1010] skip existing file=Chương 847 Thực và ảo.txt
[848/1010] skip existing file=Chương 848 Lại tới Kyoto.txt
[849/1010] skip existing file=Chương 849 Kyuubi.txt
[850/1010] skip existing file=Chương 850 Dimension Lost.txt
[851/1010] skip existing file=Chương 851 Cao Cao.txt
[852/1010] skip existing file=Chương 852 Tiến về lâu đài Nijou.txt
[853/1010] skip existing file=Chương 853 Anh Hùng Phái.txt
[854/1010] skip existing file=Chương 854 True Longinus.txt
[855/1010] skip existing file=Chương 855 Nhân loại.txt
[856/1010] skip existing file=Chương 856 Trở về học viện Kuou.txt
[857/1010] skip existing file=Chương 857 Vs Sairaorg.txt
[858/1010] skip existing file=Chương 858 Trận đấu tiếp diễn.txt
[859/1010] skip existing file=Chương 859 Liên thắng.txt
[860/1010] skip existing file=Chương 860 Sairaorg ra trận.txt
[861/1010] skip existing file=Chương 861 Trận quyết chiến.txt
[862/1010] skip existing file=Chương 862 Thất vọng.txt
[863/1010] skip existing file=Chương 863 Kỳ thi thăng cấp ác ma trung cấp.txt
[864/1010] skip existing file=Chương 864 Samael.txt
[865/1010] skip existing file=Chương 865 Ophis.txt
[866/1010] skip existing file=Chương 866 Khaos Brigade tấn công.txt
[867/1010] skip existing file=Chương 867 Cứu viện.txt
[868/1010] skip existing file=Chương 868 Đánh lui Khaos Brigade.txt
[869/1010] skip existing file=Chương 869 Vampire.txt
[870/1010] skip existing file=Chương 870 Đàm phán.txt
[871/1010] skip existing file=Chương 871 Ma thuật sư.txt
[872/1010] skip existing file=Chương 872 Euclid Lucifuge.txt
[873/1010] skip existing file=Chương 873 Tà Long Grendel.txt
[874/1010] skip existing file=Chương 874 Tới Romania.txt
[875/1010] skip existing file=Chương 875 Valerie Tepes.txt
[876/1010] skip existing file=Chương 876 Crom Cruach.txt
[877/1010] skip existing file=Chương 877 Chiến đấu.txt
[878/1010] skip existing file=Chương 878 Rizevim Livan Lucifer.txt
[879/1010] skip existing file=Chương 879 Một thế giới khác.txt
[880/1010] skip existing file=Chương 880 Tập kích.txt
[881/1010] skip existing file=Chương 881 Trường học Rating Game.txt
[882/1010] skip existing file=Chương 882 Tại học viện Auros.txt
[883/1010] skip existing file=Chương 883 Grendel Ladon và Aži Dahāka.txt
[884/1010] skip existing file=Chương 884 Diệt hồn.txt
[885/1010] skip existing file=Chương 885 Rossweisse.txt
[886/1010] skip existing file=Chương 886 Thiên đàng.txt
[887/1010] skip existing file=Chương 887 Căn phòng đặc biệt.txt
[888/1010] download chapter_id=10648340 file=Chương 888 Trihexa 1.txt
  OK decrypted=True written=Chương 888 Trihexa 1.txt
[889/1010] download chapter_id=10648341 file=Chương 889 Trihexa 2.txt
  OK decrypted=True written=Chương 889 Trihexa 2.txt
[890/1010] skip existing file=Chương 890 Trihexa 3.txt
[891/1010] skip existing file=Chương 891 Trihexa 4.txt
[892/1010] skip existing file=Chương 892 Hôn mê.txt
[893/1010] skip existing file=Chương 893 Thay đổi.txt
[894/1010] skip existing file=Chương 894 Học viện Trinity.txt
[895/1010] skip existing file=Chương 895 Dạo chơi.txt
[896/1010] skip existing file=Chương 896 Hải tặc.txt
[897/1010] skip existing file=Chương 897 Nami.txt
[898/1010] skip existing file=Chương 898 Làng Syrup.txt
[899/1010] skip existing file=Chương 899 Arlong Park.txt
[900/1010] skip existing file=Chương 900 Người cá.txt
[901/1010] skip existing file=Chương 901 Thị trấn Logue.txt
[902/1010] skip existing file=Chương 902 Grand Line.txt
[903/1010] skip existing file=Chương 903 Bước chân vào Grand Line.txt
[904/1010] skip existing file=Chương 904 Baroque Works.txt
[905/1010] skip existing file=Chương 905 Nico Robin.txt
[906/1010] skip existing file=Chương 906 Alabasta.txt
[907/1010] skip existing file=Chương 907 Poneglyph.txt
[908/1010] skip existing file=Chương 908 Void Century Thế Kỷ Trống.txt
[909/1010] skip existing file=Chương 909 Đảo Jaya.txt
[910/1010] skip existing file=Chương 910 Chấn động.txt
[911/1010] skip existing file=Chương 911 Knock Up Stream.txt
[912/1010] skip existing file=Chương 912 Skypiea.txt
[913/1010] skip existing file=Chương 913 Thần.txt
[914/1010] skip existing file=Chương 914 Upper Yard.txt
[915/1010] skip existing file=Chương 915 Enel.txt
[916/1010] skip existing file=Chương 916 Gác chuông vàng Shandorian.txt
[917/1010] skip existing file=Chương 917 Đảo Long Ring.txt
[918/1010] skip existing file=Chương 918 Đại chiến Aokiji.txt
[919/1010] skip existing file=Chương 919 Water 7.txt
[920/1010] skip existing file=Chương 920 CP9.txt
[921/1010] skip existing file=Chương 921 Haki.txt
[922/1010] skip existing file=Chương 922 Xuất hiện.txt
[923/1010] skip existing file=Chương 923 Rokushiki.txt
[924/1010] skip existing file=Chương 924 Enies Lobby.txt
[925/1010] skip existing file=Chương 925 Đảo Tư Pháp.txt
[926/1010] skip existing file=Chương 926 Càn quét.txt
[927/1010] skip existing file=Chương 927 Buster Call.txt
[928/1010] skip existing file=Chương 928 Rời đi.txt
[929/1010] skip existing file=Chương 929 Garp.txt
[930/1010] skip existing file=Chương 930 Khởi hành.txt
[931/1010] skip existing file=Chương 931 Quần đảo Sabaody.txt
[932/1010] skip existing file=Chương 932 Siêu Tân Tinh.txt
[933/1010] skip existing file=Chương 933 Kuma.txt
[934/1010] skip existing file=Chương 934 Boa Hancock.txt
[935/1010] skip existing file=Chương 935 Thu phục nữ đế.txt
[936/1010] skip existing file=Chương 936 Alvida.txt
[937/1010] skip existing file=Chương 937 Đại náo Impel Down.txt
[938/1010] skip existing file=Chương 938 Phá hủy Impel Down.txt
[939/1010] download chapter_id=10648391 file=Chương 939 Marineford 1.txt
  OK decrypted=True written=Chương 939 Marineford 1.txt
[940/1010] download chapter_id=10648392 file=Chương 940 Marineford 2.txt
  OK decrypted=True written=Chương 940 Marineford 2.txt
[941/1010] skip existing file=Chương 941 Marineford 3.txt
[942/1010] skip existing file=Chương 942 Marineford 4.txt
[943/1010] skip existing file=Chương 943 Marineford 5.txt
[944/1010] skip existing file=Chương 944 Marineford 6.txt
[945/1010] skip existing file=Chương 945 Marineford 7.txt
[946/1010] skip existing file=Chương 946 Marineford 8.txt
[947/1010] skip existing file=Chương 947 Marineford 9.txt
[948/1010] skip existing file=Chương 948 Marineford 10.txt
[949/1010] skip existing file=Chương 949 Trận chiến kết thúc.txt
[950/1010] skip existing file=Chương 950 Trở về quần đảo Sabaody.txt
[951/1010] skip existing file=Chương 951 Đảo người cá.txt
[952/1010] skip existing file=Chương 952 Gặp lại Camie.txt
[953/1010] skip existing file=Chương 953 Mermaid.txt
[954/1010] skip existing file=Chương 954 Poseidon.txt
[955/1010] skip existing file=Chương 955 Băng hải tặc New Fishman.txt
[956/1010] skip existing file=Chương 956 Tiêu diệt toàn bộ.txt
[957/1010] skip existing file=Chương 957 Tứ Hoàng.txt
[958/1010] skip existing file=Chương 958 New World.txt
[959/1010] skip existing file=Chương 959 Punk Hazard.txt
[960/1010] skip existing file=Chương 960 Biscuit Room.txt
[961/1010] skip existing file=Chương 961 Monet.txt
[962/1010] skip existing file=Chương 962 Baby 5.txt
[963/1010] skip existing file=Chương 963 Tiến về Dressrosa.txt
[964/1010] skip existing file=Chương 964 Dressrosa.txt
[965/1010] skip existing file=Chương 965 Cipher Pol.txt
[966/1010] skip existing file=Chương 966 Doflamingo.txt
[967/1010] skip existing file=Chương 967 Doflamingo chết.txt
[968/1010] skip existing file=Chương 968 Ba huynh đệ.txt
[969/1010] skip existing file=Chương 969 Zou.txt
[970/1010] skip existing file=Chương 970 Jack Hạn Hán.txt
[971/1010] skip existing file=Chương 971 Poneglyph đỏ.txt
[972/1010] skip existing file=Chương 972 Người quen cũ.txt
[973/1010] skip existing file=Chương 973 Charlotte Pudding.txt
[974/1010] skip existing file=Chương 974 Đảo bánh.txt
[975/1010] skip existing file=Chương 975 Gia tộc Charlotte.txt
[976/1010] skip existing file=Chương 976 Charlotte Linlin.txt
[977/1010] skip existing file=Chương 977 Big Mom.txt
[978/1010] skip existing file=Chương 978 Đánh bại Big Mom.txt
[979/1010] skip existing file=Chương 979 Thành viên mới.txt
[980/1010] skip existing file=Chương 980 Bản tin chấn động.txt
[981/1010] skip existing file=Chương 981 Wano Quốc.txt
[982/1010] skip existing file=Chương 982 Quốc gia điêu tàn.txt
[983/1010] skip existing file=Chương 983 Giúp đỡ.txt
[984/1010] skip existing file=Chương 984 Hoa Đô.txt
[985/1010] skip existing file=Chương 985 Kouzuki Hiyori.txt
[986/1010] skip existing file=Chương 986 Yamata no Orochi.txt
[987/1010] skip existing file=Chương 987 Bách Thú Kaidou.txt
[988/1010] skip existing file=Chương 988 Đánh bay Kaidou.txt
[989/1010] skip existing file=Chương 989 Hạ sát Kaidou.txt
[990/1010] skip existing file=Chương 990 Poneglyph hải trình.txt
[991/1010] skip existing file=Chương 991 Khối Poneglyph hải trình cuối cùng.txt
[992/1010] skip existing file=Chương 992 Raftel.txt
[993/1010] download chapter_id=10648445 file=Chương 993 One Piece 1.txt
  OK decrypted=True written=Chương 993 One Piece 1.txt
[994/1010] download chapter_id=10648446 file=Chương 994 One Piece 2.txt
  OK decrypted=True written=Chương 994 One Piece 2.txt
[995/1010] skip existing file=Chương 995 One Piece 3.txt
[996/1010] skip existing file=Chương 996 One Piece 4.txt
[997/1010] skip existing file=Chương 997 One Piece 5.txt
[998/1010] skip existing file=Chương 998 Thần linh.txt
[999/1010] skip existing file=Chương 999 Vị khách đến từ ngoài không gian.txt
[1000/1010] skip existing file=Chương 1000 Tam Tiên Tông.txt
[1001/1010] skip existing file=Chương 1001 Nguyên Giới.txt
[1002/1010] skip existing file=Chương 1002 Tuyên bố chủ quyền.txt
[1003/1010] skip existing file=Chương 1003 Dragon Ball Super.txt
[1004/1010] skip existing file=Chương 1004 Makai.txt
[1005/1010] skip existing file=Chương 1005 Beerus.txt
[1006/1010] skip existing file=Chương 1006 Thần Hủy Diệt.txt
[1007/1010] skip existing file=Chương 1007 Super Saiyan God.txt
[1008/1010] skip existing file=Chương 1008 Super Saiyan God Super Saiyan.txt
[1009/1010] download chapter_id=10648461 file=Chương 1009 ∞.txt
  OK decrypted=True written=Chương 1009 ∞.txt
[1010/1010] skip existing file=Chương 1010 Đại Kết Cục Hoàn Thành Cảm Nghĩ.txt
final_ok=1010
final_fail=0
out=C:\Dev\MTC\The Gamer Hệ Thống

[stderr]
