book=Công Cuộc Bị 999 Em Gái Chinh Phục
book_id=100677
out=C:\Dev\MTC\Công Cuộc Bị 999 Em Gái Chinh Phục
chapters_total=1106 expected=1106
[1/1106] skip existing file=Chương 1 Đỗ Mạnh Cầm.txt
[2/1106] skip existing file=Chương 2 Xui Kiếp.txt
[3/1106] download chapter_id=10614326 file=Chương 3 Công đức hoàn.txt
  OK decrypted=True written=Chương 3 Công đức hoàn.txt
[4/1106] skip existing file=Chương 4 Bộ mặt thật của 3 bà chị.txt
[5/1106] skip existing file=Chương 5 Bái sư.txt
[6/1106] skip existing file=Chương 6 Khổ luyện.txt
[7/1106] skip existing file=Chương 7 Khảo hạch đầu vào.txt
[8/1106] skip existing file=Chương 8 món ăn ngon.txt
[9/1106] skip existing file=Chương 9 Ta muốn nói với cô rằng.txt
[10/1106] skip existing file=Chương 10 TA SẼ BAO NUÔI NGƯƠI.txt
[11/1106] skip existing file=Chương 11 BIẾN THÁI.txt
[12/1106] skip existing file=Chương 12 Nhập học.txt
[13/1106] skip existing file=Chương 13 Quảng cáo.txt
[14/1106] skip existing file=Chương 14 Làm công.txt
[15/1106] skip existing file=Chương 15 Đối đầu lục tọa.txt
[16/1106] skip existing file=Chương 16 Tiến hành thi đấu.txt
[17/1106] skip existing file=Chương 17 Thua.txt
[18/1106] skip existing file=Chương 18 Quản gia tạm thời của Kinokuni Nene.txt
[19/1106] skip existing file=Chương 19 Đầm ấm.txt
[20/1106] skip existing file=Chương 20 Làm quản gia cho Nakiri Erina.txt
[21/1106] skip existing file=Chương 21 Chương 21 ĐI CHẾT ĐI ĐỒ BIẾN THÁI.txt
[22/1106] skip existing file=Chương 22 Chết.txt
[23/1106] skip existing file=Chương 23 Tập huấn bắt đầu.txt
[24/1106] download chapter_id=10614347 file=Chương 24 Ngày 1.txt
  OK decrypted=True written=Chương 24 Ngày 1.txt
[25/1106] download chapter_id=10614348 file=Chương 25 Ngày 2.txt
  OK decrypted=True written=Chương 25 Ngày 2.txt
[26/1106] skip existing file=Chương 26 Chiến thôi.txt
[27/1106] skip existing file=Chương 27 Kết thúc và bài kiểm tra cuối cùng.txt
[28/1106] skip existing file=Chương 28 Bắt đầu cuộc kiểm tra cuối cùng.txt
[29/1106] skip existing file=Chương 29 Món ăn của Erina.txt
[30/1106] skip existing file=Chương 30 1 cân 200.txt
[31/1106] skip existing file=Chương 31 Khủng bố.txt
[32/1106] skip existing file=Chương 32 1000 phần.txt
[33/1106] skip existing file=Chương 33 Bị tập kích.txt
[34/1106] skip existing file=Chương 34 Bún đậu mắm tôm.txt
[35/1106] skip existing file=Chương 35 thứ Kenichi thắng được Cầm.txt
[36/1106] skip existing file=Chương 36 Đấu.txt
[37/1106] skip existing file=Chương 37 Tắm chung.txt
[38/1106] skip existing file=Chương 38 Chiến.txt
[39/1106] skip existing file=Chương 39 Trở về học viện.txt
[40/1106] skip existing file=Chương 40 Chung sống trong rừng.txt
[41/1106] skip existing file=Chương 41 Cứu.txt
[42/1106] skip existing file=Chương 42 Bám đuôi.txt
[43/1106] skip existing file=Chương 43 Cuộc thi tuyển mùa thu đã đến.txt
[44/1106] skip existing file=Chương 44 Bắt đầu chấm điểm.txt
[45/1106] skip existing file=Chương 45 Điểm cao hiện ra liên tục.txt
[46/1106] skip existing file=Chương 46 Món ăn của Nakiri Alice.txt
[47/1106] skip existing file=Chương 47 Món ăn của Cầm.txt
[48/1106] skip existing file=Chương 48 Đấu loại kết thúc.txt
[49/1106] skip existing file=Chương 49 Mượn thuyền.txt
[50/1106] skip existing file=Chương 50 Xuất phát.txt
[51/1106] skip existing file=Chương 51 Thiếu niên thần bí.txt
[52/1106] skip existing file=Chương 52 Miu mở đồ sát.txt
[53/1106] download chapter_id=10614376 file=Chương 53 Ngày thi đấu thứ 2.txt
  OK decrypted=True written=Chương 53 Ngày thi đấu thứ 2.txt
[54/1106] skip existing file=Chương 54 Hội nghị.txt
[55/1106] skip existing file=Chương 55 Cuộc chiến đã kéo đến.txt
[56/1106] skip existing file=Chương 56 Kết thúc.txt
[57/1106] skip existing file=Chương 57 Trở lại cuộc sống quản gia.txt
[58/1106] skip existing file=Chương 58 Thuê.txt
[59/1106] skip existing file=Chương 59 Thực tập chi địa.txt
[60/1106] skip existing file=Chương 60 Mời khách.txt
[61/1106] skip existing file=Chương 61 Tình hình.txt
[62/1106] skip existing file=Chương 62 Đối sách.txt
[63/1106] skip existing file=Chương 63 Chuyển biến.txt
[64/1106] skip existing file=Chương 64 Biến chuyển.txt
[65/1106] skip existing file=Chương 65 Kết thúc.txt
[66/1106] skip existing file=Chương 66 Khuyết điểm.txt
[67/1106] skip existing file=Chương 67 học tập và thử thách.txt
[68/1106] skip existing file=Chương 68 hoàn thành.txt
[69/1106] skip existing file=Chương 69 Mở ra thế giới.txt
[70/1106] skip existing file=Chương 70 sốt.txt
[71/1106] skip existing file=Chương 71 Miu gặp nạn.txt
[72/1106] skip existing file=Chương 72 Thương nặng.txt
[73/1106] skip existing file=Chương 73 Xin lỗi nhưng hình như cái bàn đó là chỗ tôi đặt trước thì phải.txt
[74/1106] skip existing file=Chương 74 Biến động bắt đầu.txt
[75/1106] skip existing file=Chương 75 hoàng hôn sắp đến rồi.txt
[76/1106] skip existing file=Chương 76 Tập huấn đặc biệt.txt
[77/1106] skip existing file=Chương 77 Tập huấn.txt
[78/1106] skip existing file=Chương 78 Chiến đấu với Tsukasa Eishi.txt
[79/1106] skip existing file=Chương 79 Nấu nướng bắt đầu.txt
[80/1106] skip existing file=Chương 80 Cháy.txt
[81/1106] skip existing file=Chương 81 Hoàn thành và bắt đầu ăn thử.txt
[82/1106] skip existing file=Chương 82 Kết quả.txt
[83/1106] skip existing file=Chương 83 1 đao.txt
[84/1106] skip existing file=Chương 84 Chết.txt
[85/1106] skip existing file=Chương 85 Tác động.txt
[86/1106] skip existing file=Chương 86 Chuyển biến và hồi ức.txt
[87/1106] skip existing file=Chương 87 Yêu.txt
[88/1106] skip existing file=Chương 88 1 cuộc chiến kết thúc và 1 cuộc chiến lại bắt đầu.txt
[89/1106] skip existing file=Chương 89 trận chiến cuối cùng.txt
[90/1106] skip existing file=Chương 90 Kết thúc.txt
[91/1106] skip existing file=Chương 91 Chấp nhận.txt
[92/1106] skip existing file=Chương 92 Thế giới mới.txt
[93/1106] skip existing file=Chương 93 Gặp mặt lần đầu.txt
[94/1106] skip existing file=Chương 94 Xin lỗi tôi đã có vợ rồi.txt
[95/1106] skip existing file=Chương 95 Bỏ thuốc.txt
[96/1106] skip existing file=Chương 96 Thánh dược cho đàn ông.txt
[97/1106] skip existing file=Chương 97 Phút nguy hiểm và đầy.txt
[98/1106] skip existing file=Chương 98 Hứa.txt
[99/1106] skip existing file=Chương 99 Tới đế đô.txt
[100/1106] skip existing file=Chương 100 Cú ngã thần thánh tái hiện.txt
[101/1106] skip existing file=Chương 101 Nước hoa.txt
[102/1106] skip existing file=Chương 102 Oanh động.txt
[103/1106] skip existing file=Chương 103 Uy hiếp Budo.txt
[104/1106] skip existing file=Chương 104 Cân não cùng tể tướng.txt
[105/1106] skip existing file=Chương 105 Uy hiếp Night Raid.txt
[106/1106] skip existing file=Chương 106 Yên ổn.txt
[107/1106] skip existing file=Chương 107 Rắc rối lại tìm đến cửa.txt
[108/1106] skip existing file=Chương 108 Nhân viên thứ 2 của tiệm vạn năng.txt
[109/1106] skip existing file=Chương 109 cốt truyện bắt đầu.txt
[110/1106] skip existing file=Chương 110 Có phải ngươi có mặt hôm Sheele bị giết không.txt
[111/1106] skip existing file=Chương 111 chân tướng.txt
[112/1106] skip existing file=Chương 112 Esdeath về đế đô.txt
[113/1106] skip existing file=Chương 113 Gặp mặt.txt
[114/1106] skip existing file=Chương 114 Người vận chuyển.txt
[115/1106] skip existing file=Chương 115 Thay đổi.txt
[116/1106] skip existing file=Chương 116 Thành viên mới của Night Raid đã đến.txt
[117/1106] skip existing file=Chương 117 Trận quyết chiến tiến đến.txt
[118/1106] skip existing file=Chương 118 Người chết sống lại.txt
[119/1106] skip existing file=Chương 119 Phát hiện ra.txt
[120/1106] skip existing file=Chương 120 đừng đùa với Esdeath.txt
[121/1106] skip existing file=Chương 121 chữa bệnh.txt
[122/1106] skip existing file=Chương 122 Wind hunt xuất hiện.txt
[123/1106] skip existing file=Chương 123 Hợp Tác.txt
[124/1106] skip existing file=Chương 124 Khuyên bảo hay là xúi dại.txt
[125/1106] skip existing file=Chương 125 Cuộc chiến của 2 chị em.txt
[126/1106] skip existing file=Chương 126 Trận chiến cuối cùng mở màn và kết thúc.txt
[127/1106] skip existing file=Chương 127 nhất long cùng vô số phượng.txt
[128/1106] skip existing file=Chương 128 Kẻ sau màn.txt
[129/1106] skip existing file=Chương 129 Tiến nhập thế giới mới.txt
[130/1106] skip existing file=Chương 130 Lần đầu vào dungeon.txt
[131/1106] skip existing file=Chương 131 Ta sẽ cưới cô ấy làm vợ được chưa.txt
[132/1106] skip existing file=Chương 132 Lần nữa vào đungeon.txt
[133/1106] skip existing file=Chương 133 Quà.txt
[134/1106] skip existing file=Chương 134 Nghỉ ngơi lấy sức.txt
[135/1106] skip existing file=Chương 135 Tiến nhanh như gió.txt
[136/1106] skip existing file=Chương 136 anh hùng cứu mĩ nhân.txt
[137/1106] skip existing file=Chương 137 Đánh boss.txt
[138/1106] skip existing file=Chương 138 Sinh tử.txt
[139/1106] skip existing file=Chương 139 Nhìn trộm và cái kết.txt
[140/1106] download chapter_id=10614463 file=Chương 140 Ta…. Muốn… nữa.txt
  OK decrypted=True written=Chương 140 Ta…. Muốn… nữa.txt
[141/1106] skip existing file=Chương 141 Không hứng thú.txt
[142/1106] download chapter_id=10614465 file=Chương 142 Trừng phạt.txt
  OK decrypted=True written=Chương 142 Trừng phạt.txt
[143/1106] skip existing file=Chương 143 Dậy làm việc đi.txt
[144/1106] skip existing file=Chương 144 Rắc rối lại tìm đến.txt
[145/1106] skip existing file=Chương 145 Cảm động.txt
[146/1106] skip existing file=Chương 146 Quá khứ của Athena.txt
[147/1106] skip existing file=Chương 147 Nụ hôn chúc phúc.txt
[148/1106] skip existing file=Chương 148 Chân tướng.txt
[149/1106] skip existing file=Chương 149 Thử làm conan.txt
[150/1106] skip existing file=Chương 150 Đoán.txt
[151/1106] skip existing file=Chương 151 Tiến hành khế ước.txt
[152/1106] skip existing file=Chương 152 Dạ hội.txt
[153/1106] skip existing file=Chương 153 Nước hoa ra mắt.txt
[154/1106] skip existing file=Chương 154 nước hoa mang đến oanh động.txt
[155/1106] skip existing file=Chương 155 Dò hỏi.txt
[156/1106] download chapter_id=10614479 file=Chương 156 Uy tên khốn kia. Ngươi hôn Freya rồi hả.txt
  OK decrypted=True written=Chương 156 Uy tên khốn kia. Ngươi hôn Freya rồi hả.txt
[157/1106] download chapter_id=10614480 file=Chương 157 Nụ hôn chúc phúc thứ 2.txt
  OK decrypted=True written=Chương 157 Nụ hôn chúc phúc thứ 2.txt
[158/1106] skip existing file=Chương 158 bí mật động trời.txt
[159/1106] skip existing file=Chương 159 Tiến hành khế ước.txt
[160/1106] skip existing file=Chương 160 Phát hiện.txt
[161/1106] skip existing file=Chương 161 Xuất phát.txt
[162/1106] skip existing file=Chương 162 Thăm mộ đồng đội của Ryuu.txt
[163/1106] skip existing file=Chương 163 Tiếp tục lên đường.txt
[164/1106] skip existing file=Chương 164 anh hùng cứu mĩ nhân.txt
[165/1106] skip existing file=Chương 165 Tiến lên tầng 40.txt
[166/1106] skip existing file=Chương 166 Tiến nhập mê vụ sâm lâm.txt
[167/1106] skip existing file=Chương 167 THoát khỏi ảo cảnh.txt
[168/1106] skip existing file=Chương 168 đe dọa loli.txt
[169/1106] skip existing file=Chương 169 Dụ dỗ tiểu la lị.txt
[170/1106] download chapter_id=10614493 file=Chương 170 chủ nhân.txt
  OK decrypted=True written=Chương 170 chủ nhân.txt
[171/1106] skip existing file=Chương 171 Thu la lị hướng tới con đường quái thúc thúc.txt
[172/1106] skip existing file=Chương 172 Cầm là ấu dâm.txt
[173/1106] skip existing file=Chương 173 Làm con trai thật khổ.txt
[174/1106] skip existing file=Chương 174 Đánh boss hay không.txt
[175/1106] skip existing file=Chương 175 đánh boss.txt
[176/1106] skip existing file=Chương 176 Đường cùng.txt
[177/1106] skip existing file=Chương 177 Liều mạng cản hậu.txt
[178/1106] skip existing file=Chương 178 Hi vọng rồi lại tuyệt vọng.txt
[179/1106] skip existing file=Chương 179 Tỉnh lại.txt
[180/1106] skip existing file=Chương 180 Kiểm kê thu hoạch.txt
[181/1106] skip existing file=Chương 181 Đi lấy đồ vật thuộc về mình.txt
[182/1106] skip existing file=Chương 182 Đột phá trong hiểm cảnh.txt
[183/1106] skip existing file=Chương 183 Thời khắc sinh tử.txt
[184/1106] skip existing file=Chương 184 Trò truyện.txt
[185/1106] download chapter_id=10614508 file=Chương 185 Miệng lưỡi công kích.txt
  OK decrypted=True written=Chương 185 Miệng lưỡi công kích.txt
[186/1106] skip existing file=Chương 186 Trở lại thành phố.txt
[187/1106] skip existing file=Chương 187 Thành quả 10 ngày bế quan.txt
[188/1106] skip existing file=Chương 188 Vô địch dược tề.txt
[189/1106] skip existing file=Chương 189 Tin tức gây bão.txt
[190/1106] skip existing file=Chương 190 Đối chọi.txt
[191/1106] skip existing file=Chương 191 Cô muốn để lộ gì cũng được.txt
[192/1106] skip existing file=Chương 192 ta và ngươi có con.txt
[193/1106] skip existing file=Chương 193 Nỗi oan thị màu.txt
[194/1106] skip existing file=Chương 194 Căng thẳng.txt
[195/1106] skip existing file=Chương 195 Giải trừ.txt
[196/1106] download chapter_id=10614519 file=Chương 196 Cân não tập 2.txt
  OK decrypted=True written=Chương 196 Cân não tập 2.txt
[197/1106] skip existing file=Chương 197 Hồi ức.txt
[198/1106] skip existing file=Chương 198 cuộc gặp đêm khuya.txt
[199/1106] skip existing file=Chương 199 Dính bẫy.txt
[200/1106] skip existing file=Chương 200 Thoát khốn.txt
[201/1106] skip existing file=Chương 201 Chết vì gái là cái chết đầy tê tái.txt
[202/1106] skip existing file=Chương 202 Đã nghèo còn mắc cái eo.txt
[203/1106] skip existing file=Chương 203 Giả gái.txt
[204/1106] skip existing file=Chương 204 Lộ.txt
[205/1106] skip existing file=Chương 205 Đi dự tiệc.txt
[206/1106] skip existing file=Chương 206 Dự tiệc.txt
[207/1106] skip existing file=Chương 207 Mỳ ý.txt
[208/1106] skip existing file=Chương 208 Phát hỏa.txt
[209/1106] skip existing file=Chương 209 Thách thức.txt
[210/1106] skip existing file=Chương 210 Kinh diễm.txt
[211/1106] skip existing file=Chương 211 Chất vấn.txt
[212/1106] skip existing file=Chương 212 Lại lộ.txt
[213/1106] skip existing file=Chương 213 Kết thúc thời gian hắc ám.txt
[214/1106] skip existing file=Chương 214 Bế quan luyện khí.txt
[215/1106] skip existing file=Chương 215 Trang bị cho Chistina.txt
[216/1106] skip existing file=Chương 216 Trang bị cho Ryuu.txt
[217/1106] skip existing file=Chương 217 Trang bị của Cầm.txt
[218/1106] skip existing file=Chương 218 2 năm.txt
[219/1106] skip existing file=Chương 219 Anh hùng cứu mĩ nhân.txt
[220/1106] skip existing file=Chương 220 Gặp mặt nhân vật chính.txt
[221/1106] skip existing file=Chương 221 trở về.txt
[222/1106] skip existing file=Chương 222 THuộc tính của Cầm sau 2 năm.txt
[223/1106] skip existing file=Chương 223 2 năm trôi nhanh như nước.txt
[224/1106] skip existing file=Chương 224 Cầm yếu sinh lý.txt
[225/1106] skip existing file=Chương 225 Nhập hố.txt
[226/1106] skip existing file=Chương 226 Phụ nữ là những người không bao giờ nói lý.txt
[227/1106] skip existing file=Chương 227 Vận rủi lại quấn thân.txt
[228/1106] skip existing file=Chương 228 Bị cướp vẫn ăn mừng.txt
[229/1106] skip existing file=Chương 229 Đêm phóng túng.txt
[230/1106] skip existing file=Chương 230 Cảm động.txt
[231/1106] skip existing file=Chương 231 Thú nhận.txt
[232/1106] skip existing file=Chương 232 Cơn giận của Cầm.txt
[233/1106] skip existing file=Chương 233 Thông tin kinh người.txt
[234/1106] skip existing file=Chương 234 Rèn luyện cho nhân vật chính.txt
[235/1106] skip existing file=Chương 235 Lần nữa vào dungeon và dị biến.txt
[236/1106] skip existing file=Chương 236 Lưu lạc tầng sâu.txt
[237/1106] skip existing file=Chương 237 Nhật ký người đã khuất.txt
[238/1106] skip existing file=Chương 238 Thâm nhập làn sương quỷ dị.txt
[239/1106] skip existing file=Chương 239 Nhục nhã.txt
[240/1106] skip existing file=Chương 240 Điên cuồng.txt
[241/1106] skip existing file=Chương 241 Bi thương.txt
[242/1106] skip existing file=Chương 242 Tỉnh.txt
[243/1106] skip existing file=Chương 243 Thương nghị con đường tương lai.txt
[244/1106] skip existing file=Chương 244 Suy đoán.txt
[245/1106] skip existing file=Chương 245 Rời đi.txt
[246/1106] skip existing file=Chương 246 Chờ.txt
[247/1106] skip existing file=Chương 247 Tầng 100.txt
[248/1106] skip existing file=Chương 248 Thú tính lại phát.txt
[249/1106] skip existing file=Chương 249 Thông quan.txt
[250/1106] skip existing file=Chương 250 Vô tình thu mĩ hay là.txt
[251/1106] skip existing file=Chương 251 Nghi vấn và trở về.txt
[252/1106] skip existing file=Chương 252 Gặp lại.txt
[253/1106] skip existing file=Chương 253 Thuật lại.txt
[254/1106] skip existing file=Chương 254 Biến mất.txt
[255/1106] skip existing file=Chương 255 Sống lại.txt
[256/1106] skip existing file=Chương 256 Đăng lâm thế giới mới.txt
[257/1106] skip existing file=Chương 257 Thăm dò vùng đất mới.txt
[258/1106] skip existing file=Chương 258 Vết nứt hư không.txt
[259/1106] skip existing file=Chương 259 Hợp lực.txt
[260/1106] skip existing file=Chương 260 Mất trí nhớ.txt
[261/1106] skip existing file=Chương 261 Bỏ chạy.txt
[262/1106] skip existing file=Chương 262 chứng minh.txt
[263/1106] skip existing file=Chương 263 Mời chào.txt
[264/1106] skip existing file=Chương 264 Ác liệt.txt
[265/1106] skip existing file=Chương 265 Cơ hội kiếm tiền.txt
[266/1106] skip existing file=Chương 266 Kiểm tra.txt
[267/1106] skip existing file=Chương 267 Phán đoán thân phận.txt
[268/1106] skip existing file=Chương 268 Xem kiếm.txt
[269/1106] skip existing file=Chương 269 Thanh kiếm thật.txt
[270/1106] skip existing file=Chương 270 Biện Pháp.txt
[271/1106] download chapter_id=10614594 file=Chương 271 Cách sửa thứ 2.txt
  OK decrypted=True written=Chương 271 Cách sửa thứ 2.txt
[272/1106] skip existing file=Chương 272 Bắt đầu rèn đúc.txt
[273/1106] skip existing file=Chương 273 Kẻ phá đám.txt
[274/1106] skip existing file=Chương 274 Đổ lỗi.txt
[275/1106] skip existing file=Chương 275 tỉnh lại.txt
[276/1106] skip existing file=Chương 276 Rèn thành.txt
[277/1106] skip existing file=Chương 277 Dưỡng thương.txt
[278/1106] skip existing file=Chương 278 Kurogane Shigure sẽ gả cho Cầm.txt
[279/1106] skip existing file=Chương 279 Áo.txt
[280/1106] skip existing file=Chương 280 Từ chối.txt
[281/1106] skip existing file=Chương 281 tìm sự trợ giúp.txt
[282/1106] skip existing file=Chương 282 Đàm phán.txt
[283/1106] skip existing file=Chương 283 Quán mới.txt
[284/1106] skip existing file=Chương 284 vị khách đầu tiên.txt
[285/1106] skip existing file=Chương 285 Vắng khách.txt
[286/1106] skip existing file=Chương 286 Đĩa súp hạnh phúc mang cả thiên hà.txt
[287/1106] skip existing file=Chương 287 Lo chuyện bao đồng.txt
[288/1106] skip existing file=Chương 288 Lộ.txt
[289/1106] skip existing file=Chương 289 Điều kiện.txt
[290/1106] skip existing file=Chương 290 Nhân viên đầu tiên.txt
[291/1106] skip existing file=Chương 291 Ngày đầu tiên làm quảng cáo.txt
[292/1106] skip existing file=Chương 292 ngày đầu làm việc.txt
[293/1106] skip existing file=Chương 293 Vị khách không mời.txt
[294/1106] skip existing file=Chương 294 Lão nát rượu.txt
[295/1106] skip existing file=Chương 295 Vật phẩm giao dịch của lão già nát rượu.txt
[296/1106] skip existing file=Chương 296 Thử rượu.txt
[297/1106] skip existing file=Chương 297 Đưa cơm.txt
[298/1106] skip existing file=Chương 298 Món ăn mang đến hiệu quả.txt
[299/1106] skip existing file=Chương 299 Tức giận.txt
[300/1106] skip existing file=Chương 300 bắt đầu hoạch định tương lai.txt
[301/1106] skip existing file=Chương 301 TIếp khách.txt
[302/1106] skip existing file=Chương 302 Lai giả bất thiện.txt
[303/1106] skip existing file=Chương 303 Phá quán.txt
[304/1106] skip existing file=Chương 304 Trị.txt
[305/1106] skip existing file=Chương 305 Điên.txt
[306/1106] skip existing file=Chương 306 từ mặt.txt
[307/1106] skip existing file=Chương 307 Chân tướng phơi bày.txt
[308/1106] skip existing file=Chương 308 Trọng thương.txt
[309/1106] skip existing file=Chương 309 Khách lạ tới thăm.txt
[310/1106] skip existing file=Chương 310 Đánh phủ đầu.txt
[311/1106] download chapter_id=10614634 file=Chương 311 Đàm phán 1.txt
  OK decrypted=True written=Chương 311 Đàm phán 1.txt
[312/1106] download chapter_id=10614635 file=Chương 312 Đàm phán 2.txt
  OK decrypted=True written=Chương 312 Đàm phán 2.txt
[313/1106] skip existing file=Chương 313 Sinh nghi.txt
[314/1106] skip existing file=Chương 314 Thỏa thuận thành công.txt
[315/1106] skip existing file=Chương 315 Từng bước phát triển.txt
[316/1106] skip existing file=Chương 316 Người con gái đó ở.txt
[317/1106] skip existing file=Chương 317 Học viện Kuou.txt
[318/1106] skip existing file=Chương 318 Phế vật.txt
[319/1106] skip existing file=Chương 319 Từ chối.txt
[320/1106] skip existing file=Chương 320 Hành nhân vật chính.txt
[321/1106] skip existing file=Chương 321 Tự lượng sức mình.txt
[322/1106] skip existing file=Chương 322 Chiến thắng và chỉ bảo.txt
[323/1106] skip existing file=Chương 323 Đấu với Akeno.txt
[324/1106] skip existing file=Chương 324 Long trảo thủ.txt
[325/1106] skip existing file=Chương 325 Ra tay toàn lực và bất ngờ.txt
[326/1106] skip existing file=Chương 326 Gặp cao thủ.txt
[327/1106] skip existing file=Chương 327 hiện thân.txt
[328/1106] skip existing file=Chương 328 Trở về.txt
[329/1106] skip existing file=Chương 329 Dụ dỗ.txt
[330/1106] skip existing file=Chương 330 Mê hoặc.txt
[331/1106] skip existing file=Chương 331 Dụng ý chân chính của Cầm.txt
[332/1106] skip existing file=Chương 332 Mời chào.txt
[333/1106] skip existing file=Chương 333 Tỉnh lại và.txt
[334/1106] skip existing file=Chương 334 Gọi dậy.txt
[335/1106] skip existing file=Chương 335 Chịu lép vế.txt
[336/1106] skip existing file=Chương 336 Độc nhất lòng dạ đàn bà.txt
[337/1106] skip existing file=Chương 337 dụ dỗ.txt
[338/1106] skip existing file=Chương 338 hùng hồn.txt
[339/1106] skip existing file=Chương 339 Xảy ra chuyện.txt
[340/1106] skip existing file=Chương 340 Cuộc chiến của 2 người đàn ông.txt
[341/1106] skip existing file=Chương 341 dùng kiên trì hãi kẻ địch.txt
[342/1106] skip existing file=Chương 342 Hi vọng lớn thất vọng càng nhiều.txt
[343/1106] skip existing file=Chương 343 Thử thách.txt
[344/1106] skip existing file=Chương 344 Thành công hay.txt
[345/1106] skip existing file=Chương 345 Tỉnh lại.txt
[346/1106] skip existing file=Chương 346 Tình Tứ.txt
[347/1106] skip existing file=Chương 347 suy diễn.txt
[348/1106] skip existing file=Chương 348 Chuẩn bị tâm lý.txt
[349/1106] skip existing file=Chương 349 Ta nhất định sẽ bảo vệ nàng mãi mãi.txt
[350/1106] skip existing file=Chương 350 Lấp đầy bụng.txt
[351/1106] skip existing file=Chương 351 Kiểm tra thực lực của bản thân.txt
[352/1106] skip existing file=Chương 352 Tăng trưởng không ngờ.txt
[353/1106] skip existing file=Chương 353 Gặp mặt anh rể.txt
[354/1106] skip existing file=Chương 354 trở về.txt
[355/1106] skip existing file=Chương 355 Mời khách.txt
[356/1106] skip existing file=Chương 356 356 Hối lộ cha mẹ vợ.txt
[357/1106] skip existing file=Chương 357 Ở chung.txt
[358/1106] skip existing file=Chương 358 Bài tập của Cầm.txt
[359/1106] skip existing file=Chương 359 Những thành quả ban đầu của đợt huấn luyện.txt
[360/1106] skip existing file=Chương 360 Quá khứ của Koneko.txt
[361/1106] skip existing file=Chương 361 Món ăn đặc biệt.txt
[362/1106] skip existing file=Chương 362 Tác hành cho 2 chị em.txt
[363/1106] skip existing file=Chương 363 Thành quả của Koneko.txt
[364/1106] skip existing file=Chương 364 Quyết đấu với Issei.txt
[365/1106] skip existing file=Chương 365 Đánh bại.txt
[366/1106] skip existing file=Chương 366 Gặp gỡ nhóm Vali.txt
[367/1106] skip existing file=Chương 367 Vị khách lạ.txt
[368/1106] skip existing file=Chương 368 Dâm hoa gây chuyện.txt
[369/1106] skip existing file=Chương 369 Đánh ghen.txt
[370/1106] skip existing file=Chương 370 Rắc rối chưa hết.txt
[371/1106] skip existing file=Chương 371 cuộc chiến với thiên thần sa ngã.txt
[372/1106] skip existing file=Chương 372 Cầm ra sân.txt
[373/1106] skip existing file=Chương 373 Thảo luận vấn đề tạp chủng.txt
[374/1106] skip existing file=Chương 374 Kịch chiến.txt
[375/1106] skip existing file=Chương 375 Tỉnh lại và rắc rối.txt
[376/1106] skip existing file=Chương 376 Quá khứ của Akeno.txt
[377/1106] skip existing file=Chương 377 Diễn biến như dự định.txt
[378/1106] skip existing file=Chương 378 Kết thúc và rắc rối mới.txt
[379/1106] skip existing file=Chương 379 Kẻ thách đấu.txt
[380/1106] skip existing file=Chương 380 Đề bài.txt
[381/1106] skip existing file=Chương 381 thua tâm phục khẩu phục.txt
[382/1106] skip existing file=Chương 382 lừa tình.txt
[383/1106] skip existing file=Chương 383 Đặt cược.txt
[384/1106] skip existing file=Chương 384 Chiến.txt
[385/1106] skip existing file=Chương 385 Công bố kết quả.txt
[386/1106] skip existing file=Chương 386 thu nhận.txt
[387/1106] skip existing file=Chương 387 Dạy.txt
[388/1106] skip existing file=Chương 388 Khó hiểu.txt
[389/1106] skip existing file=Chương 389 Bài học khác.txt
[390/1106] skip existing file=Chương 390 Bị bỏ lại.txt
[391/1106] skip existing file=Chương 391 Tự lực cánh sinh.txt
[392/1106] skip existing file=Chương 392 Món ăn chết người.txt
[393/1106] skip existing file=Chương 393 Tim nơi đến.txt
[394/1106] skip existing file=Chương 394 Nơi ở mới.txt
[395/1106] skip existing file=Chương 395 Gà con.txt
[396/1106] skip existing file=Chương 396 Dụ.txt
[397/1106] skip existing file=Chương 397 Thu phục và thử thách mới.txt
[398/1106] skip existing file=Chương 398 Thâm nhập băng nguyên.txt
[399/1106] skip existing file=Chương 399 Đấu tứ nữ.txt
[400/1106] skip existing file=Chương 400 Thử thách cuối cùng.txt
[401/1106] skip existing file=Chương 401 thu phục.txt
[402/1106] skip existing file=Chương 402 Tỉnh lại.txt
[403/1106] skip existing file=Chương 403 Trở về.txt
[404/1106] skip existing file=Chương 404 Nguy cơ.txt
[405/1106] skip existing file=Chương 405 Trở về.txt
[406/1106] skip existing file=Chương 406 Đi chơi.txt
[407/1106] skip existing file=Chương 407 Ngắm biển.txt
[408/1106] skip existing file=Chương 408 thử thách đêm khuya.txt
[409/1106] skip existing file=Chương 409 Chiến.txt
[410/1106] skip existing file=Chương 410 Mùa hè kết thúc.txt
[411/1106] download chapter_id=10614734 file=Chương 411 2 trong 1.txt
  OK decrypted=True written=Chương 411 2 trong 1.txt
[412/1106] skip existing file=Chương 412 Lộ.txt
[413/1106] skip existing file=Chương 413 Chiến Issei.txt
[414/1106] skip existing file=Chương 414 Kết thúc.txt
[415/1106] skip existing file=Chương 415 Lời nguyền của Loki phát động.txt
[416/1106] skip existing file=Chương 416 Cầm và Cầm giả.txt
[417/1106] skip existing file=Chương 417 Át chủ bài của Cầm.txt
[418/1106] skip existing file=Chương 418 Tình hình nguy cấp.txt
[419/1106] skip existing file=Chương 419 Thoát khỏi lời nguyền.txt
[420/1106] skip existing file=Chương 420 Lên thiên đàng.txt
[421/1106] skip existing file=Chương 421 Tiến về thánh sơn.txt
[422/1106] skip existing file=Chương 422 Khảo hạch đầu tiên.txt
[423/1106] skip existing file=Chương 423 Vòng thứ 2 bắt đầu.txt
[424/1106] skip existing file=Chương 424 Bước đầu suy luận.txt
[425/1106] skip existing file=Chương 425 Tìm manh mối.txt
[426/1106] skip existing file=Chương 426 kết thúc chóng vánh.txt
[427/1106] skip existing file=Chương 427 Chân tướng.txt
[428/1106] skip existing file=Chương 428 Kết thúc vòng 2 chuẩn bị vòng 3.txt
[429/1106] skip existing file=Chương 429 Vòng 3.txt
[430/1106] skip existing file=Chương 430 đối sách và liều mạng.txt
[431/1106] skip existing file=Chương 431 Tình hình sau cuộc thí luyện.txt
[432/1106] skip existing file=Chương 432 Toà kim sơn.txt
[433/1106] skip existing file=Chương 433 Điều kiện bất ngờ.txt
[434/1106] skip existing file=Chương 434 Kết thúc chuyến đi đến thiên đàng.txt
[435/1106] skip existing file=Chương 435 Chuẩn bị bữa tối.txt
[436/1106] skip existing file=Chương 436 Cầm mất tích.txt
[437/1106] skip existing file=Chương 437 Đi chơi lễ hội.txt
[438/1106] skip existing file=Chương 438 Khách không ngờ.txt
[439/1106] skip existing file=Chương 439 Xảy ra việc.txt
[440/1106] skip existing file=Chương 440 Người giữ mạnh mối.txt
[441/1106] skip existing file=Chương 441 Dạ tập.txt
[442/1106] skip existing file=Chương 442 Rơi vào bẫy.txt
[443/1106] skip existing file=Chương 443 Chân tường và lối thoát.txt
[444/1106] skip existing file=Chương 444 Giải pháp.txt
[445/1106] skip existing file=Chương 445 Thức tỉnh.txt
[446/1106] skip existing file=Chương 446 Suy đoán.txt
[447/1106] download chapter_id=10614770 file=Chương 447 Trận chiến cuối cùng.txt
  OK decrypted=True written=Chương 447 Trận chiến cuối cùng.txt
[448/1106] skip existing file=Chương 448 Liều mạng.txt
[449/1106] skip existing file=Chương 449 đồng quy vũ tận.txt
[450/1106] skip existing file=Chương 450 Hi sinh.txt
[451/1106] skip existing file=Chương 451 Đấu la đại lục.txt
[452/1106] skip existing file=Chương 452 Trắc thí.txt
[453/1106] skip existing file=Chương 453 Võ hồn của Dược Phong.txt
[454/1106] skip existing file=Chương 454 Rời đi.txt
[455/1106] skip existing file=Chương 455 Tình mẫu tử.txt
[456/1106] skip existing file=Chương 456 Mẹ vẫn luôn ở bên.txt
[457/1106] skip existing file=Chương 457 Giải cứu.txt
[458/1106] skip existing file=Chương 458 Lại hiến tế.txt
[459/1106] skip existing file=Chương 459 học viện Sử Lai Khắc.txt
[460/1106] skip existing file=Chương 460 Bị đánh.txt
[461/1106] skip existing file=Chương 461 Tỉnh.txt
[462/1106] skip existing file=Chương 462 Bị ăn hiếp.txt
[463/1106] skip existing file=Chương 463 Kẻ sau màn ra sân.txt
[464/1106] skip existing file=Chương 464 Trả thù.txt
[465/1106] skip existing file=Chương 465 lịch sử bi thương của Vô vũ hồn.txt
[466/1106] skip existing file=Chương 466 Điều kiện tạo ra vô vũ hồn.txt
[467/1106] skip existing file=Chương 467 Luyện thể.txt
[468/1106] skip existing file=Chương 468 Phá rồi lập.txt
[469/1106] skip existing file=Chương 469 nội dụng cốt truyện bắt đầu.txt
[470/1106] skip existing file=Chương 470 bế quan.txt
[471/1106] skip existing file=Chương 471 Thức tỉnh linh hồn của mẹ.txt
[472/1106] skip existing file=Chương 472 Thành công.txt
[473/1106] skip existing file=Chương 473 Tiến vào Tinh Đấu Đại Sâm Lâm.txt
[474/1106] skip existing file=Chương 474 Thuyết Phục Đế Thiên.txt
[475/1106] download chapter_id=10614798 file=Chương 475 Thí nghiệm và thành quả 1.txt
  OK decrypted=True written=Chương 475 Thí nghiệm và thành quả 1.txt
[476/1106] download chapter_id=10614799 file=Chương 476 thí nghiệm và thành quả 2.txt
  OK decrypted=True written=Chương 476 thí nghiệm và thành quả 2.txt
[477/1106] skip existing file=Chương 477 Giải pháp.txt
[478/1106] skip existing file=Chương 478 Nội dung cốt truyện tiếp diễn.txt
[479/1106] skip existing file=Chương 479 Tham gia cuộc thi.txt
[480/1106] skip existing file=Chương 480 Thua hay thắng.txt
[481/1106] skip existing file=Chương 481 Chiến.txt
[482/1106] skip existing file=Chương 482 Trận đấu nhàm chán nhất lịch sử đấu hồn đại tái.txt
[483/1106] skip existing file=Chương 483 Thắng.txt
[484/1106] skip existing file=Chương 484 Đấu giá hội.txt
[485/1106] skip existing file=Chương 485 mặt hạn chế của hồn cốt.txt
[486/1106] skip existing file=Chương 486 Suy đoán.txt
[487/1106] skip existing file=Chương 487 Lửa tình.txt
[488/1106] skip existing file=Chương 488 Trận chung kết bắt đầu.txt
[489/1106] skip existing file=Chương 489 Đội hình đấu đoàn đội.txt
[490/1106] skip existing file=Chương 490 Dạo đầu.txt
[491/1106] skip existing file=Chương 491 Chiến đấu lên cao.txt
[492/1106] skip existing file=Chương 492 Huyền Minh Tri Hoán thành công.txt
[493/1106] skip existing file=Chương 493 Tiếu Hồng Trần cường đại.txt
[494/1106] skip existing file=Chương 494 Chạy thoát.txt
[495/1106] skip existing file=Chương 495 Chịu thua.txt
[496/1106] skip existing file=Chương 496 Tình hình.txt
[497/1106] skip existing file=Chương 497 Bắt đầu đấu đơn.txt
[498/1106] skip existing file=Chương 498 Lại có người chết.txt
[499/1106] skip existing file=Chương 499 Chết.txt
[500/1106] skip existing file=Chương 500 Lại chết.txt
[501/1106] download chapter_id=10614824 file=Chương 501 Mễ Già và Bối Bối 1.txt
  OK decrypted=True written=Chương 501 Mễ Già và Bối Bối 1.txt
[502/1106] download chapter_id=10614825 file=Chương 502 Mễ Già và Bối Bối 2.txt
  OK decrypted=True written=Chương 502 Mễ Già và Bối Bối 2.txt
[503/1106] skip existing file=Chương 503 Mộng Hồng Trần ra sân.txt
[504/1106] skip existing file=Chương 504 Mộng Hồng Trần thần bí.txt
[505/1106] skip existing file=Chương 505 Mộng Hồng Trần cường đại.txt
[506/1106] download chapter_id=10614829 file=Chương 506 Đái Thược Hành và Mộng Hồng Trần 1.txt
  OK decrypted=True written=Chương 506 Đái Thược Hành và Mộng Hồng Trần 1.txt
[507/1106] download chapter_id=10614830 file=Chương 507 Đái Thược Hành và Mộng Hồng Trần 2.txt
  OK decrypted=True written=Chương 507 Đái Thược Hành và Mộng Hồng Trần 2.txt
[508/1106] skip existing file=Chương 508 Thắng thảm.txt
[509/1106] skip existing file=Chương 509 Bắt đầu đấu 2 2 3.txt
[510/1106] skip existing file=Chương 510 Hắc hóa.txt
[511/1106] skip existing file=Chương 511 Nguy kịch.txt
[512/1106] skip existing file=Chương 512 Cứu thành công.txt
[513/1106] skip existing file=Chương 513 Bắt đầu trận đấu quyết định.txt
[514/1106] download chapter_id=10614837 file=Chương 514 Trận đấu quyết định 1.txt
  OK decrypted=True written=Chương 514 Trận đấu quyết định 1.txt
[515/1106] download chapter_id=10614838 file=Chương 515 Trận đấu quyết định 2.txt
  OK decrypted=True written=Chương 515 Trận đấu quyết định 2.txt
[516/1106] skip existing file=Chương 516 Trận đấu quyết định 3.txt
[517/1106] skip existing file=Chương 517 Trận đấu quyết định 4.txt
[518/1106] skip existing file=Chương 518 Trận đấu quyết định 5.txt
[519/1106] skip existing file=Chương 519 Trận đấu quyết định 6.txt
[520/1106] skip existing file=Chương 520 Thất bại Hay thành công.txt
[521/1106] skip existing file=Chương 521 Trở về.txt
[522/1106] download chapter_id=10614845 file=Chương 522 Thắng cùng trao thưởng.txt
  RETRYABLE_FAIL attempt=1 chapter_id=10614845: unable to decode iv
  OK decrypted=True retry=2 written=Chương 522 Thắng cùng trao thưởng.txt
[523/1106] download chapter_id=10614846 file=Chương 523 Học viện ban thưởng 1.txt
  OK decrypted=True written=Chương 523 Học viện ban thưởng 1.txt
[524/1106] download chapter_id=10614847 file=Chương 524 Học viện ban thưởng 2.txt
  OK decrypted=True written=Chương 524 Học viện ban thưởng 2.txt
[525/1106] skip existing file=Chương 525 Ý định của Cầm.txt
[526/1106] skip existing file=Chương 526 Điều kiện rời đi.txt
[527/1106] skip existing file=Chương 527 Ra khơi.txt
[528/1106] skip existing file=Chương 528 Gặp nạn trên biển.txt
[529/1106] skip existing file=Chương 529 Tìm được thông tin.txt
[530/1106] skip existing file=Chương 530 Suy đoán.txt
[531/1106] download chapter_id=10614854 file=Chương 531 Ra khơi và... vào bụng cá.txt
  OK decrypted=True written=Chương 531 Ra khơi và... vào bụng cá.txt
[532/1106] skip existing file=Chương 532 Thám hiểm.txt
[533/1106] skip existing file=Chương 533 Diệt quốc bí ẩn.txt
[534/1106] skip existing file=Chương 534 Tầng đầu tiên.txt
[535/1106] skip existing file=Chương 535 Thất bại trong gang tấc.txt
[536/1106] skip existing file=Chương 536 Ban thưởng phong phú.txt
[537/1106] skip existing file=Chương 537 Thôn nhỏ kỳ quái.txt
[538/1106] skip existing file=Chương 538 Nhật ký.txt
[539/1106] skip existing file=Chương 539 Thăm dò.txt
[540/1106] skip existing file=Chương 540 Tìm ra người sói.txt
[541/1106] skip existing file=Chương 541 Phát hiện mới.txt
[542/1106] skip existing file=Chương 542 Tính toán.txt
[543/1106] skip existing file=Chương 543 Đêm tối tập kích.txt
[544/1106] skip existing file=Chương 544 Kết cục.txt
[545/1106] skip existing file=Chương 545 Kết thúc.txt
[546/1106] skip existing file=Chương 546 Khen thưởng.txt
[547/1106] skip existing file=Chương 547 Chiến.txt
[548/1106] skip existing file=Chương 548 Thắng.txt
[549/1106] skip existing file=Chương 549 Tỉnh lại.txt
[550/1106] skip existing file=Chương 550 Vận mệnh.txt
[551/1106] skip existing file=Chương 551 Qua hay là.txt
[552/1106] skip existing file=Chương 552 Tầng 7.txt
[553/1106] skip existing file=Chương 553 Thuận thiên hay nghịch thiên.txt
[554/1106] skip existing file=Chương 554 Đại lục mới.txt
[555/1106] skip existing file=Chương 555 Tình hình Vận Mệnh đai lục.txt
[556/1106] skip existing file=Chương 556 Rắc rối tìm đến.txt
[557/1106] skip existing file=Chương 557 Chạy thoát.txt
[558/1106] skip existing file=Chương 558 Cứu người.txt
[559/1106] skip existing file=Chương 559 Bí mật được bật mí.txt
[560/1106] skip existing file=Chương 560 Hành động.txt
[561/1106] skip existing file=Chương 561 Thành công.txt
[562/1106] skip existing file=Chương 562 Chiến tranh thăng cấp.txt
[563/1106] skip existing file=Chương 563 Nơi lánh nạn.txt
[564/1106] skip existing file=Chương 564 Cô gái thần bí.txt
[565/1106] skip existing file=Chương 565 Thánh nữ bị ám toán.txt
[566/1106] download chapter_id=10614889 file=Chương 566 Nhật ký 1.txt
  OK decrypted=True written=Chương 566 Nhật ký 1.txt
[567/1106] download chapter_id=10614890 file=Chương 567 Nhật Ký 2.txt
  OK decrypted=True written=Chương 567 Nhật Ký 2.txt
[568/1106] skip existing file=Chương 568 Lam Bích.txt
[569/1106] skip existing file=Chương 569 nội dung ẩn dấu sau thư.txt
[570/1106] skip existing file=Chương 570 Chuẩn bị rời đi.txt
[571/1106] skip existing file=Chương 571 Lênh đênh trên biển.txt
[572/1106] skip existing file=Chương 572 Xác định vị trí.txt
[573/1106] skip existing file=Chương 573 Đột kích.txt
[574/1106] skip existing file=Chương 574 Chiến đấu cùng hải tặc.txt
[575/1106] skip existing file=Chương 575 uy hiếp.txt
[576/1106] skip existing file=Chương 576 Uy hiếp thành công.txt
[577/1106] skip existing file=Chương 577 Tìm thấy.txt
[578/1106] skip existing file=Chương 578 Chạy đua với tử thần.txt
[579/1106] skip existing file=Chương 579 Thành công.txt
[580/1106] skip existing file=Chương 580 Liên Tâm ra tay.txt
[581/1106] skip existing file=Chương 581 Nguy cơ tứ phía.txt
[582/1106] skip existing file=Chương 582 Thập tử.txt
[583/1106] skip existing file=Chương 583 Giải cứu thành công.txt
[584/1106] skip existing file=Chương 584 Mất tích và mah mối.txt
[585/1106] skip existing file=Chương 585 Tiến vào hoàng cung.txt
[586/1106] skip existing file=Chương 586 Lão quái vật.txt
[587/1106] skip existing file=Chương 587 Năm đó.txt
[588/1106] skip existing file=Chương 588 bí mật kinh thiên.txt
[589/1106] skip existing file=Chương 589 Cách mở băng quan.txt
[590/1106] skip existing file=Chương 590 Suy đoán.txt
[591/1106] skip existing file=Chương 591 Thế lực trong bóng tối.txt
[592/1106] skip existing file=Chương 592 Vạch mặt.txt
[593/1106] skip existing file=Chương 593 Đoạt xá.txt
[594/1106] skip existing file=Chương 594 Đàn áp.txt
[595/1106] skip existing file=Chương 595 Tự lâm vào thế khó.txt
[596/1106] skip existing file=Chương 596 Thắng lợi dễ dàng.txt
[597/1106] skip existing file=Chương 597 Kẻ thù mới.txt
[598/1106] skip existing file=Chương 598 Thu hoạch lớn.txt
[599/1106] skip existing file=Chương 599 Thoát và dị biến.txt
[600/1106] skip existing file=Chương 600 Lại ra khơi.txt
[601/1106] skip existing file=Chương 601 Lên thuyền giặc.txt
[602/1106] skip existing file=Chương 602 Lên kế hoạch.txt
[603/1106] skip existing file=Chương 603 dính thuốc.txt
[604/1106] skip existing file=Chương 604 Nhất long tam phượng.txt
[605/1106] skip existing file=Chương 605 Thời gian hạnh phúc.txt
[606/1106] skip existing file=Chương 606 Cá cược.txt
[607/1106] skip existing file=Chương 607 Liệt Diễm Hào hay Ăn Hàng hào.txt
[608/1106] skip existing file=Chương 608 Quần đảo sa đọa.txt
[609/1106] skip existing file=Chương 609 Sòng bạc.txt
[610/1106] skip existing file=Chương 610 Thắng lớn.txt
[611/1106] skip existing file=Chương 611 Cuộc chiến tinh thần lực.txt
[612/1106] skip existing file=Chương 612 Poker.txt
[613/1106] skip existing file=Chương 613 Đấu bài.txt
[614/1106] skip existing file=Chương 614 Thua định Hay là.txt
[615/1106] skip existing file=Chương 615 Đàm phán thành công.txt
[616/1106] skip existing file=Chương 616 quán ăn nơi ngõ nhỏ.txt
[617/1106] skip existing file=Chương 617 Giá trên trời.txt
[618/1106] skip existing file=Chương 618 Nâng tiền đặt cược.txt
[619/1106] skip existing file=Chương 619 Kinh diễm toàn trường.txt
[620/1106] skip existing file=Chương 620 tộc nhân ngư.txt
[621/1106] skip existing file=Chương 621 Kế hoạch mới ý định mới.txt
[622/1106] skip existing file=Chương 622 Lôi kéo.txt
[623/1106] skip existing file=Chương 623 Đấu giá hội bắt đầu.txt
[624/1106] skip existing file=Chương 624 Nhân Ngư Nhã Kỳ.txt
[625/1106] skip existing file=Chương 625 giá trên trời.txt
[626/1106] skip existing file=Chương 626 Gặp mặt Nhã Kỳ.txt
[627/1106] skip existing file=Chương 627 Thời gian khốn khổ của Nhã Kỳ.txt
[628/1106] skip existing file=Chương 628 Chân tướng.txt
[629/1106] skip existing file=Chương 629 Cửa vào.txt
[630/1106] skip existing file=Chương 630 Từ chối.txt
[631/1106] skip existing file=Chương 631 Bí Mật của tộc nhân ngư.txt
[632/1106] skip existing file=Chương 632 Tình cảnh khó khăn.txt
[633/1106] skip existing file=Chương 633 Hồn tháp thành hình.txt
[634/1106] skip existing file=Chương 634 Cơ cấu hồn tháp và đi đón tiểu Kim.txt
[635/1106] skip existing file=Chương 635 Thất bại.txt
[636/1106] skip existing file=Chương 636 Cứu.txt
[637/1106] skip existing file=Chương 637 Tu luyện và dự định tương lai.txt
[638/1106] skip existing file=Chương 638 Thiên hỏa đảo.txt
[639/1106] skip existing file=Chương 639 Luyện Khí.txt
[640/1106] skip existing file=Chương 640 Sinh mệnh bản nguyên.txt
[641/1106] skip existing file=Chương 641 Luyện khí hoàn thành.txt
[642/1106] skip existing file=Chương 642 Dị biến.txt
[643/1106] skip existing file=Chương 643 Long Hỏa.txt
[644/1106] skip existing file=Chương 644 Chân tướng.txt
[645/1106] skip existing file=Chương 645 Sự dung hợp đáng sợ.txt
[646/1106] skip existing file=Chương 646 Nguy kịch.txt
[647/1106] skip existing file=Chương 647 Tỉnh lại.txt
[648/1106] skip existing file=Chương 648 Phút yên lặng sau cơn bão.txt
[649/1106] skip existing file=Chương 649 Mê mang để bị dụ dỗ.txt
[650/1106] skip existing file=Chương 650 Sa đọa.txt
[651/1106] skip existing file=Chương 651 Mưa máu.txt
[652/1106] skip existing file=Chương 652 2 tháng kỳ hạn.txt
[653/1106] skip existing file=Chương 653 Tách ra.txt
[654/1106] skip existing file=Chương 654 Giác ngộ.txt
[655/1106] skip existing file=Chương 655 Chủ động.txt
[656/1106] skip existing file=Chương 656 Đại chiến nổ ra.txt
[657/1106] skip existing file=Chương 657 Kịch liệt.txt
[658/1106] skip existing file=Chương 658 Tiến đến Bạo Kim đảo.txt
[659/1106] skip existing file=Chương 659 Tình hình bất lợi.txt
[660/1106] skip existing file=Chương 660 Thuyết phục.txt
[661/1106] skip existing file=Chương 661 Nỗi khổ của những người thủ hộ.txt
[662/1106] skip existing file=Chương 662 Thú triều đến rồi.txt
[663/1106] skip existing file=Chương 663 Sơ bộ giao phong.txt
[664/1106] skip existing file=Chương 664 Khẩu chiến.txt
[665/1106] skip existing file=Chương 665 Chiến tranh bùng phát.txt
[666/1106] skip existing file=Chương 666 sự đáng sợ của bích cơ.txt
[667/1106] skip existing file=Chương 667 Thanh Ảnh Thần Ưng.txt
[668/1106] skip existing file=Chương 668 Đế Thiên và Mục Lão.txt
[669/1106] skip existing file=Chương 669 Uy lực của hồn đạo pháo.txt
[670/1106] skip existing file=Chương 670 Sử Lai Khắc Lâm nguy.txt
[671/1106] skip existing file=Chương 671 Tạo áp lực.txt
[672/1106] skip existing file=Chương 672 Long Thần vẫn thú triều lên.txt
[673/1106] skip existing file=Chương 673 2 ngày.txt
[674/1106] skip existing file=Chương 674 Tiến nhập sơn động.txt
[675/1106] skip existing file=Chương 675 Yêu cầu của Cầm.txt
[676/1106] skip existing file=Chương 676 Khảo nghiệm.txt
[677/1106] skip existing file=Chương 677 Chiến.txt
[678/1106] skip existing file=Chương 678 Tuyết đế tỉnh lại.txt
[679/1106] skip existing file=Chương 679 Lời nhắn của Đường Tam.txt
[680/1106] skip existing file=Chương 680 Dược điển.txt
[681/1106] skip existing file=Chương 681 thu thập tiên thảo.txt
[682/1106] skip existing file=Chương 682 Âm mưu dần hiện.txt
[683/1106] skip existing file=Chương 683 Đánh lén.txt
[684/1106] skip existing file=Chương 684 Nguy hiểm đến gần.txt
[685/1106] skip existing file=Chương 685 Tình thế nguy hiểm.txt
[686/1106] skip existing file=Chương 686 Khổ chiến.txt
[687/1106] skip existing file=Chương 687 Tấn công điên cuồng.txt
[688/1106] skip existing file=Chương 688 Lựa chọn.txt
[689/1106] skip existing file=Chương 689 Cơ hội.txt
[690/1106] skip existing file=Chương 690 cánh cửa cuối cùng.txt
[691/1106] skip existing file=Chương 691 Vượt quan.txt
[692/1106] skip existing file=Chương 692 Vòng 5.txt
[693/1106] skip existing file=Chương 693 Lựa chọn.txt
[694/1106] skip existing file=Chương 694 Nội dung khảo hạch.txt
[695/1106] skip existing file=Chương 695 Đồng Quy vu tận.txt
[696/1106] skip existing file=Chương 696 Lần nữa tiến vào.txt
[697/1106] skip existing file=Chương 697 Điểm đột phá.txt
[698/1106] skip existing file=Chương 698 Thuyết phục.txt
[699/1106] skip existing file=Chương 699 Xâm nhập.txt
[700/1106] skip existing file=Chương 700 Cửa ải cuối cùng chân chính Thập tử vô sinh.txt
[701/1106] skip existing file=Chương 701 Thử thách cuối cùng.txt
[702/1106] skip existing file=Chương 702 Dục hỏa trọng sinh.txt
[703/1106] skip existing file=Chương 703 Cứu chữa công đức hoàn.txt
[704/1106] skip existing file=Chương 704 Tầng 6.txt
[705/1106] skip existing file=Chương 705 Niết bàn.txt
[706/1106] skip existing file=Chương 706 Ngũ hành thương.txt
[707/1106] skip existing file=Chương 707 Chân tướng cuộc chiến.txt
[708/1106] skip existing file=Chương 708 Gặp mặt.txt
[709/1106] skip existing file=Chương 709 Khảo hạch.txt
[710/1106] skip existing file=Chương 710 Thần lực.txt
[711/1106] skip existing file=Chương 711 1 năm.txt
[712/1106] skip existing file=Chương 712 Kẻ thù mạnh nhất sinh ra.txt
[713/1106] skip existing file=Chương 713 Thảm liệt.txt
[714/1106] skip existing file=Chương 714 Thần xuất hiện.txt
[715/1106] skip existing file=Chương 715 nhất kích tất sát.txt
[716/1106] skip existing file=Chương 716 đăng tràng.txt
[717/1106] skip existing file=Chương 717 Ngũ hành diệt ma.txt
[718/1106] skip existing file=Chương 718 Phong ấn Mã Tiểu Đào.txt
[719/1106] skip existing file=Chương 719 tiến nhập thần giới.txt
[720/1106] skip existing file=Chương 720 Tìm manh mối.txt
[721/1106] skip existing file=Chương 721 Chuẩn bị cho chuyến hành trình tiếp tục.txt
[722/1106] skip existing file=Chương 722 Hạ cánh xuống trái đất.txt
[723/1106] skip existing file=Chương 723 3 ngày tỷ tám.txt
[724/1106] skip existing file=Chương 724 Tham gia Master Chef.txt
[725/1106] skip existing file=Chương 725 Thông qua vòng loại.txt
[726/1106] skip existing file=Chương 726 Chân gà nướng.txt
[727/1106] skip existing file=Chương 727 Thưởng thức.txt
[728/1106] skip existing file=Chương 728 Thịt cừu.txt
[729/1106] skip existing file=Chương 729 Kết thúc ngày đầu tiên bắt đầu vào vòng đồng đội.txt
[730/1106] skip existing file=Chương 730 Kiến nghị của Cầm.txt
[731/1106] skip existing file=Chương 731 Thắng.txt
[732/1106] skip existing file=Chương 732 Lần nữa lựa chọn.txt
[733/1106] skip existing file=Chương 733 Vòng chung kết.txt
[734/1106] skip existing file=Chương 734 Món chính.txt
[735/1106] skip existing file=Chương 735 Món tráng miệng.txt
[736/1106] skip existing file=Chương 736 Đến Nhật Bản.txt
[737/1106] skip existing file=Chương 737 Định cư và tìm việc.txt
[738/1106] skip existing file=Chương 738 Rắc rối tìm đến.txt
[739/1106] skip existing file=Chương 739 đòn tấn công của Chistina.txt
[740/1106] skip existing file=Chương 740 Rắc rối tìm đến.txt
[741/1106] skip existing file=Chương 741 định kế hoạch.txt
[742/1106] skip existing file=Chương 742 Trừng phạt nho nhỏ.txt
[743/1106] skip existing file=Chương 743 Uy hiếp.txt
[744/1106] skip existing file=Chương 744 Thông tin về tam đại gia tộc.txt
[745/1106] skip existing file=Chương 745 Khách không mời từ ngoài vũ trụ.txt
[746/1106] skip existing file=Chương 746 thân thế 2 vị khách không mời.txt
[747/1106] skip existing file=Chương 747 giấc mộng của Kaylin.txt
[748/1106] skip existing file=Chương 748 Tập kích sáng sớm.txt
[749/1106] skip existing file=Chương 749 Chistina bắt đầu hành động.txt
[750/1106] skip existing file=Chương 750 Tam thế.txt
[751/1106] skip existing file=Chương 751 Kết thúc 1 rắc rối rắc rối khác mở ra.txt
[752/1106] skip existing file=Chương 752 Rắc rối vẫn còn.txt
[753/1106] skip existing file=Chương 753 Vô tâm giải quyết vấn đề.txt
[754/1106] skip existing file=Chương 754 tin xấu đến dồn dập.txt
[755/1106] skip existing file=Chương 755 Kẻ đến tuyên chiến.txt
[756/1106] skip existing file=Chương 756 Trúng kế.txt
[757/1106] skip existing file=Chương 757 Yêu cầu của Kaylin.txt
[758/1106] skip existing file=Chương 758 Nhất long tam phượng.txt
[759/1106] skip existing file=Chương 759 Muộn.txt
[760/1106] skip existing file=Chương 760 bị đùa nghịch.txt
[761/1106] skip existing file=Chương 761 Không đề.txt
[762/1106] skip existing file=Chương 762 Kayin gặp nguy.txt
[763/1106] skip existing file=Chương 763 Đường cùng.txt
[764/1106] skip existing file=Chương 764 vũ khí phòng thân của tộc Darksoul.txt
[765/1106] skip existing file=Chương 765 LaLa đến.txt
[766/1106] skip existing file=Chương 766 Kaylin xuất hiện.txt
[767/1106] skip existing file=Chương 767 Câu trả lời của Kaylin.txt
[768/1106] skip existing file=Chương 768 Vật dài dài to to.txt
[769/1106] skip existing file=Chương 769 Bị nắm thóp.txt
[770/1106] skip existing file=Chương 770 Chế định kế hoạch xin lỗi.txt
[771/1106] skip existing file=Chương 771 Giải quyết và chức vụ mới.txt
[772/1106] skip existing file=Chương 772 Lại tạo Scandal.txt
[773/1106] skip existing file=Chương 773 Hinagiku Kotori.txt
[774/1106] skip existing file=Chương 774 Kẻ địch tìm đến cửa.txt
[775/1106] skip existing file=Chương 775 Dị biến.txt
[776/1106] skip existing file=Chương 776 Hồi sinh.txt
[777/1106] skip existing file=Chương 777 Thành viên mới trong nhà.txt
[778/1106] skip existing file=Chương 778 Xử lý.txt
[779/1106] skip existing file=Chương 779 Thành viên mới mang đến rắc rối.txt
[780/1106] skip existing file=Chương 780 Tư vấn tình yêu.txt
[781/1106] skip existing file=Chương 781 Đả kích.txt
[782/1106] download chapter_id=10615105 file=Chương 782 Bị quay lén.txt
  OK decrypted=True written=Chương 782 Bị quay lén.txt
[783/1106] skip existing file=Chương 783 Tình thánh Đỗ Mạnh Cầm.txt
[784/1106] skip existing file=Chương 784 Kế hoạch.txt
[785/1106] skip existing file=Chương 785 Báo thù.txt
[786/1106] skip existing file=Chương 786 đòn sát thủ của Cầm.txt
[787/1106] skip existing file=Chương 787 Thừa nhận và.txt
[788/1106] skip existing file=Chương 788 Tỏ tình.txt
[789/1106] download chapter_id=10615112 file=Chương 789 Chiến dịch tỏ tình lần thứ 1.txt
  OK decrypted=True written=Chương 789 Chiến dịch tỏ tình lần thứ 1.txt
[790/1106] skip existing file=Chương 790 Ngộ.txt
[791/1106] skip existing file=Chương 791 Mắc kẹt.txt
[792/1106] skip existing file=Chương 792 Thám hiểm đảo hoang.txt
[793/1106] skip existing file=Chương 793 Nhật ký.txt
[794/1106] skip existing file=Chương 794 tìm biện pháp xử lý.txt
[795/1106] download chapter_id=10615118 file=Chương 795 ; Đường tỷ tới cứu.txt
  OK decrypted=True written=Chương 795 ; Đường tỷ tới cứu.txt
[796/1106] skip existing file=Chương 796 Thông minh không lại với trời vợ.txt
[797/1106] skip existing file=Chương 797 phiên tòa thẩm phán.txt
[798/1106] skip existing file=Chương 798 Cô hầu gái Đỗ Mạnh Cầm.txt
[799/1106] skip existing file=Chương 799 Hạ cánh.txt
[800/1106] skip existing file=Chương 800 Gặp mặt cha vợ.txt
[801/1106] skip existing file=Chương 801 Thử thách.txt
[802/1106] skip existing file=Chương 802 Hoàn thành nhiệm vụ.txt
[803/1106] skip existing file=Chương 803 Trận chiến không thể tránh khỏi.txt
[804/1106] skip existing file=Chương 804 kết thúc kỳ nghỉ hè.txt
[805/1106] skip existing file=Chương 805 Bị điều đi.txt
[806/1106] skip existing file=Chương 806 Gặp mặt kẻ sau màn.txt
[807/1106] skip existing file=Chương 807 Mục đích của Vivi.txt
[808/1106] skip existing file=Chương 808 Tình trạng hiện tại của gia tộc Fransis.txt
[809/1106] skip existing file=Chương 809 Nhậm chức.txt
[810/1106] skip existing file=Chương 810 Bị dằn mặt.txt
[811/1106] skip existing file=Chương 811 Thăm trường.txt
[812/1106] skip existing file=Chương 812 Tập kích.txt
[813/1106] skip existing file=Chương 813 Dạy bảo.txt
[814/1106] skip existing file=Chương 814 Rơi máy bay.txt
[815/1106] skip existing file=Chương 815 Kẻ sau màn lên tiếng.txt
[816/1106] skip existing file=Chương 816 Đánh giá tình hình.txt
[817/1106] skip existing file=Chương 817 Tứ tán.txt
[818/1106] skip existing file=Chương 818 Phân tích.txt
[819/1106] skip existing file=Chương 819 1 tháng.txt
[820/1106] skip existing file=Chương 820 tìm được cứ điểm đầu tiên.txt
[821/1106] skip existing file=Chương 821 Ngàn cân treo sợi tóc.txt
[822/1106] skip existing file=Chương 822 Mất mát.txt
[823/1106] skip existing file=Chương 823 3 cửa ải.txt
[824/1106] skip existing file=Chương 824 Lựa chọn.txt
[825/1106] skip existing file=Chương 825 Khủng long bạo chúa.txt
[826/1106] skip existing file=Chương 826 Kẻ sau màn hiện thân.txt
[827/1106] skip existing file=Chương 827 Phản công trong vô vọng.txt
[828/1106] skip existing file=Chương 828 Kết thúc.txt
[829/1106] skip existing file=Chương 829 Kết quả.txt
[830/1106] skip existing file=Chương 830 Chuẩn bị cho lễ hội văn hóa.txt
[831/1106] skip existing file=Chương 831 Lễ hội văn hóa.txt
[832/1106] skip existing file=Chương 832 Ngày cuối.txt
[833/1106] skip existing file=Chương 833 Cuộc chiến ngày cuối cùng của lễ hội.txt
[834/1106] skip existing file=Chương 834 Yêu sách của Vivi.txt
[835/1106] skip existing file=Chương 835 Bị âm.txt
[836/1106] skip existing file=Chương 836 Tìm hiểu.txt
[837/1106] skip existing file=Chương 837 Tìm đến cửa.txt
[838/1106] skip existing file=Chương 838 Suy luận.txt
[839/1106] skip existing file=Chương 839 Không đề.txt
[840/1106] skip existing file=Chương 840 quá khứ của Vivi.txt
[841/1106] skip existing file=Chương 841 Ác chiến.txt
[842/1106] skip existing file=Chương 842 108 thế.txt
[843/1106] skip existing file=Chương 843 Bản nguyên.txt
[844/1106] skip existing file=Chương 844 Chiến tranh vũ trụ bùng nổ.txt
[845/1106] skip existing file=Chương 845 Trận chiến cuối cùng.txt
[846/1106] skip existing file=Chương 846 Ác chiến.txt
[847/1106] skip existing file=Chương 847 Chân tướng năm đó.txt
[848/1106] skip existing file=Chương 848 Hấp thụ bản nguyên bóng tối.txt
[849/1106] skip existing file=Chương 849 trảm nguyên anh.txt
[850/1106] skip existing file=Chương 850 Đấm thiên long nhân.txt
[851/1106] skip existing file=Chương 851 kịch chiến Kizaru.txt
[852/1106] skip existing file=Chương 852 3 năm.txt
[853/1106] skip existing file=Chương 853 Đối đầu với Boa Hancock.txt
[854/1106] skip existing file=Chương 854 Vượt quá giới hạn.txt
[855/1106] skip existing file=Chương 855 Lại đấm thiên long nhân.txt
[856/1106] skip existing file=Chương 856 Trọng thương.txt
[857/1106] skip existing file=Chương 857 Gặp râu trắng.txt
[858/1106] skip existing file=Chương 858 đổ bộ hòn đảo Maja.txt
[859/1106] download chapter_id=10615182 file=Chương 859 1 và 2.txt
  OK decrypted=True written=Chương 859 1 và 2.txt
[860/1106] skip existing file=Chương 860 Biển bão.txt
[861/1106] skip existing file=Chương 861 Xâm nhập hòn đảo thần bí.txt
[862/1106] skip existing file=Chương 862 1 và 3.txt
[863/1106] skip existing file=Chương 863 Nguồn gôc trái ác quỷ.txt
[864/1106] skip existing file=Chương 864 trái ác quỷ.txt
[865/1106] skip existing file=Chương 865 1 năm sau.txt
[866/1106] skip existing file=Chương 866 Định hướng tương lai.txt
[867/1106] skip existing file=Chương 867 Thử thách đầu tiên.txt
[868/1106] skip existing file=Chương 868 Tìm ra cửa vào.txt
[869/1106] download chapter_id=10615192 file=Chương 869 Cửa thứ 2.txt
  OK decrypted=True written=Chương 869 Cửa thứ 2.txt
[870/1106] skip existing file=Chương 870 Mê cung.txt
[871/1106] skip existing file=Chương 871 Phá giải.txt
[872/1106] skip existing file=Chương 872 Trái dung hợp.txt
[873/1106] skip existing file=Chương 873 2 thành viên mới.txt
[874/1106] skip existing file=Chương 874 Đơn đả độc đấu.txt
[875/1106] skip existing file=Chương 875 Thắng.txt
[876/1106] skip existing file=Chương 876 Tham chiến.txt
[877/1106] skip existing file=Chương 877 Chiến trường thu nhỏ.txt
[878/1106] skip existing file=Chương 878 Bí chiêu.txt
[879/1106] skip existing file=Chương 879 THắng.txt
[880/1106] skip existing file=Chương 880 Chạy trốn.txt
[881/1106] skip existing file=Chương 881 Xác định mục tiêu.txt
[882/1106] skip existing file=Chương 882 Biển ảo ảnh.txt
[883/1106] skip existing file=Chương 883 bắt đầu xâm nhập biển ảo ảnh.txt
[884/1106] skip existing file=Chương 884 Muộn.txt
[885/1106] skip existing file=Chương 885 Phát hiện kinh người.txt
[886/1106] skip existing file=Chương 886 tiến nhập đảo băng.txt
[887/1106] skip existing file=Chương 887 Thành phố băng dưới lòng đất.txt
[888/1106] skip existing file=Chương 888 Tìm thấy.txt
[889/1106] skip existing file=Chương 889 Chinh phục biển sét.txt
[890/1106] skip existing file=Chương 890 Chậm.txt
[891/1106] skip existing file=Chương 891 biển Kỳ dị.txt
[892/1106] skip existing file=Chương 892 Sự khủng bố của biển quỷ dị.txt
[893/1106] skip existing file=Chương 893 tìm đến cửa.txt
[894/1106] skip existing file=Chương 894 Tử cục.txt
[895/1106] skip existing file=Chương 895 Thoát chết trong gang tấc.txt
[896/1106] skip existing file=Chương 896 huấn luyện.txt
[897/1106] skip existing file=Chương 897 Tiến nhập đất nước Dressrosa.txt
[898/1106] skip existing file=Chương 898 Vòng loại.txt
[899/1106] skip existing file=Chương 899 1 đòn.txt
[900/1106] skip existing file=Chương 900 Vòng chung kết.txt
[901/1106] skip existing file=Chương 901 Kaido khủng bố.txt
[902/1106] skip existing file=Chương 902 Tham chiến.txt
[903/1106] skip existing file=Chương 903 Thua.txt
[904/1106] skip existing file=Chương 904 Không đề.txt
[905/1106] skip existing file=Chương 905 Liên minh.txt
[906/1106] skip existing file=Chương 906 Quân cách mạng đột kích.txt
[907/1106] skip existing file=Chương 907 Lên kế hoạch.txt
[908/1106] skip existing file=Chương 908 Dương mưu.txt
[909/1106] skip existing file=Chương 909 Đột nhập.txt
[910/1106] skip existing file=Chương 910 Shion là kẻ xấu.txt
[911/1106] skip existing file=Chương 911 Tỏ thành ý tìm đồng minh.txt
[912/1106] skip existing file=Chương 912 Bí mật của Shion.txt
[913/1106] skip existing file=Chương 913 Xuất quân.txt
[914/1106] skip existing file=Chương 914 Cạm bẫy.txt
[915/1106] skip existing file=Chương 915 Khai chiến.txt
[916/1106] skip existing file=Chương 916 Kịch chiến.txt
[917/1106] skip existing file=Chương 917 Thua hay thắng.txt
[918/1106] skip existing file=Chương 918 Kẻ sau màn chân chính xuất hiện.txt
[919/1106] skip existing file=Chương 919 Phản bội.txt
[920/1106] skip existing file=Chương 920 Chiến trường bên trong cơ thể.txt
[921/1106] skip existing file=Chương 921 Tỉnh dậy.txt
[922/1106] skip existing file=Chương 922 Lần nữa xâm nhập biển kỳ dị.txt
[923/1106] skip existing file=Chương 923 con thú cuối cùng.txt
[924/1106] skip existing file=Chương 924 Khả năng suy tính đáng sợ của nhà tiên tri từ quá khứ.txt
[925/1106] skip existing file=Chương 925 Kịch chiến.txt
[926/1106] skip existing file=Chương 926 Chịu thua.txt
[927/1106] skip existing file=Chương 927 Sự trợ giúp đến từ con thú cuối cùng.txt
[928/1106] skip existing file=Chương 928 giải cứu và 2 lựa chọn.txt
[929/1106] skip existing file=Chương 929 Bị dắt mũi.txt
[930/1106] skip existing file=Chương 930 Không từ thủ đoạn.txt
[931/1106] skip existing file=Chương 931 bí mật của thế giới.txt
[932/1106] skip existing file=Chương 932 Thế giới mới.txt
[933/1106] skip existing file=Chương 933 Xin giúp đỡ.txt
[934/1106] skip existing file=Chương 934 Kích thích.txt
[935/1106] skip existing file=Chương 935 Buổi sáng đẹp trời.txt
[936/1106] skip existing file=Chương 936 Phân bố thế lực.txt
[937/1106] skip existing file=Chương 937 Bị làm nhục.txt
[938/1106] skip existing file=Chương 938 Tiền đưa đến cửa.txt
[939/1106] skip existing file=Chương 939 Thiên tài bảng.txt
[940/1106] skip existing file=Chương 940 Thập đại mỹ nữ các bác nghĩ sẽ chinh phục bao nhiêu em trong số này.txt
[941/1106] skip existing file=Chương 941 Đại công chúa Đến.txt
[942/1106] download chapter_id=12067451 file=Chương 942 Untitled.txt
  OK decrypted=True written=Chương 942 Untitled.txt
[943/1106] skip existing file=Chương 943 Giao dịch.txt
[944/1106] skip existing file=Chương 944 Kẻ phá đám.txt
[945/1106] skip existing file=Chương 945 Trốn.txt
[946/1106] download chapter_id=12067455 file=Chương 946 Untitled.txt
  OK decrypted=True written=Chương 946 Untitled.txt
[947/1106] download chapter_id=12067456 file=Chương 947 Untitled.txt
  OK decrypted=True written=Chương 947 Untitled.txt
[948/1106] skip existing file=Chương 948 Quyết định.txt
[949/1106] skip existing file=Chương 949 Phát hiện kinh người.txt
[950/1106] download chapter_id=12067459 file=Chương 950 Cái bẫy kinh khủng. Tuyệt cảnh.txt
  OK decrypted=True written=Chương 950 Cái bẫy kinh khủng. Tuyệt cảnh.txt
[951/1106] skip existing file=Chương 951 Trò chơi.txt
[952/1106] skip existing file=Chương 952 Thành công.txt
[953/1106] skip existing file=Chương 953 Vì chàng là người yêu của ta.txt
[954/1106] skip existing file=Chương 954 tiếp nhận niết bàn chi hỏa.txt
[955/1106] skip existing file=Chương 955 Niết bàn.txt
[956/1106] skip existing file=Chương 956 Thử thách.txt
[957/1106] download chapter_id=12067466 file=Chương 957 Ta chọn.. ở rể.txt
  OK decrypted=True written=Chương 957 Ta chọn.. ở rể.txt
[958/1106] download chapter_id=12067467 file=Chương 958 Untitled.txt
  OK decrypted=True written=Chương 958 Untitled.txt
[959/1106] skip existing file=Chương 959 Mắng.txt
[960/1106] skip existing file=Chương 960 Nghi vấn.txt
[961/1106] skip existing file=Chương 961 Đế vương đế khí.txt
[962/1106] skip existing file=Chương 962 Quyết định.txt
[963/1106] skip existing file=Chương 963 Ngày thượng thọ.txt
[964/1106] skip existing file=Chương 964 Món quà của Cầm.txt
[965/1106] download chapter_id=12067474 file=Chương 965 Untitled.txt
  OK decrypted=True written=Chương 965 Untitled.txt
[966/1106] skip existing file=Chương 966 Sáng tạo thế giới.txt
[967/1106] skip existing file=Chương 967 Võng du đầu tiên đản sinh.txt
[968/1106] download chapter_id=12067477 file=Chương 968 Untitled.txt
  OK decrypted=True written=Chương 968 Untitled.txt
[969/1106] skip existing file=Chương 969 Thiên kiếp đến.txt
[970/1106] skip existing file=Chương 970 Bộc bạch.txt
[971/1106] skip existing file=Chương 971 Bước chân đầu tiên trên con đường chinh phục tiên giới.txt
[972/1106] download chapter_id=12067481 file=Chương 972 Untitled.txt
  OK decrypted=True written=Chương 972 Untitled.txt
[973/1106] skip existing file=Chương 973 tìm ra giải pháp.txt
[974/1106] skip existing file=Chương 974 Ý tưởng điên cuồng.txt
[975/1106] skip existing file=Chương 975 Ma giới điện.txt
[976/1106] skip existing file=Chương 976 Hoa Thành.txt
[977/1106] skip existing file=Chương 977 Vọng Nguyệt.txt
[978/1106] download chapter_id=12067487 file=Chương 978 Untitled.txt
  OK decrypted=True written=Chương 978 Untitled.txt
[979/1106] skip existing file=Chương 979 Vạch trần.txt
[980/1106] skip existing file=Chương 980 Thành công trở thành khách trong màn của Mị Cơ.txt
[981/1106] skip existing file=Chương 981 Mục tiêu mới.txt
[982/1106] download chapter_id=12067491 file=Chương 982 Vòng 1.txt
  OK decrypted=True written=Chương 982 Vòng 1.txt
[983/1106] download chapter_id=12067492 file=Chương 983 Vòng 2.txt
  OK decrypted=True written=Chương 983 Vòng 2.txt
[984/1106] skip existing file=Chương 984 Lộ.txt
[985/1106] skip existing file=Chương 985 Kiểm tra.txt
[986/1106] skip existing file=Chương 986 Thủy tinh thể.txt
[987/1106] download chapter_id=12067496 file=Chương 987 Untitled.txt
  OK decrypted=True written=Chương 987 Untitled.txt
[988/1106] skip existing file=Chương 988 Chứng minh.txt
[989/1106] download chapter_id=12067498 file=Chương 989 Untitled.txt
  OK decrypted=True written=Chương 989 Untitled.txt
[990/1106] download chapter_id=12067499 file=Chương 990 Untitled.txt
  OK decrypted=True written=Chương 990 Untitled.txt
[991/1106] download chapter_id=12067500 file=Chương 991 Chinh phục Bạch An 1.txt
  OK decrypted=True written=Chương 991 Chinh phục Bạch An 1.txt
[992/1106] skip existing file=Chương 992 Chinh phục Bạch An.txt
[993/1106] download chapter_id=12067502 file=Chương 993 Chinh phục Bạch An 3 . Thất bại.txt
  OK decrypted=True written=Chương 993 Chinh phục Bạch An 3 . Thất bại.txt
[994/1106] skip existing file=Chương 994 Chạy trốn.txt
[995/1106] download chapter_id=12067504 file=Chương 995 Untitled.txt
  OK decrypted=True written=Chương 995 Untitled.txt
[996/1106] download chapter_id=12067505 file=Chương 996 Untitled.txt
  OK decrypted=True written=Chương 996 Untitled.txt
[997/1106] skip existing file=Chương 997 Long phượng cùng hoan.txt
[998/1106] download chapter_id=12067507 file=Chương 998 Untitled.txt
  OK decrypted=True written=Chương 998 Untitled.txt
[999/1106] skip existing file=Chương 999 Ý tưởng điên cuồng.txt
[1000/1106] skip existing file=Chương 1000 Vòng loại.txt
[1001/1106] skip existing file=Chương 1001 Vượt qua vòng loại.txt
[1002/1106] download chapter_id=12067511 file=Chương 1002 Untitled.txt
  OK decrypted=True written=Chương 1002 Untitled.txt
[1003/1106] download chapter_id=12067512 file=Chương 1003 Untitled.txt
  OK decrypted=True written=Chương 1003 Untitled.txt
[1004/1106] skip existing file=Chương 1004 Bắt đầu xâm nhập ma giới.txt
[1005/1106] skip existing file=Chương 1005 Ngày đầu tại ma giới.txt
[1006/1106] skip existing file=Chương 1006 Ranh giới.txt
[1007/1106] download chapter_id=12067516 file=Chương 1007 Untitled.txt
  OK decrypted=True written=Chương 1007 Untitled.txt
[1008/1106] skip existing file=Chương 1008 Xuống vực.txt
[1009/1106] skip existing file=Chương 1009 Leo xuống đáy vực.txt
[1010/1106] download chapter_id=12067519 file=Chương 1010 Untitled.txt
  OK decrypted=True written=Chương 1010 Untitled.txt
[1011/1106] skip existing file=Chương 1011 Nguy hiểm đến gần.txt
[1012/1106] skip existing file=Chương 1012 Thăm dò.txt
[1013/1106] download chapter_id=12067522 file=Chương 1013 Ma giới... là 1 phần của tiên giới.txt
  OK decrypted=True written=Chương 1013 Ma giới... là 1 phần của tiên giới.txt
[1014/1106] skip existing file=Chương 1014 Phá giải.txt
[1015/1106] skip existing file=Chương 1015 Câu thông.txt
[1016/1106] skip existing file=Chương 1016 Chân tướng.txt
[1017/1106] skip existing file=Chương 1017 2 con đường.txt
[1018/1106] skip existing file=Chương 1018 Chu Tuyết chết.txt
[1019/1106] skip existing file=Chương 1019 Khu vực trung tâm.txt
[1020/1106] download chapter_id=12067529 file=Chương 1020 Untitled.txt
  OK decrypted=True written=Chương 1020 Untitled.txt
[1021/1106] skip existing file=Chương 1021 Các thiên kiêu trở về.txt
[1022/1106] skip existing file=Chương 1022 Ma hóa.txt
[1023/1106] download chapter_id=12067532 file=Chương 1023 Untitled.txt
  OK decrypted=True written=Chương 1023 Untitled.txt
[1024/1106] download chapter_id=12067533 file=Chương 1024 Tỉnh lại.txt
  OK decrypted=True written=Chương 1024 Tỉnh lại.txt
[1025/1106] skip existing file=Chương 1025 Thoát đi ma giới.txt
[1026/1106] skip existing file=Chương 1026 Thiên kiêu chiến bắt đầu.txt
[1027/1106] skip existing file=Chương 1027 Trở về.txt
[1028/1106] download chapter_id=12067537 file=Chương 1028 Untitled.txt
  OK decrypted=True written=Chương 1028 Untitled.txt
[1029/1106] skip existing file=Chương 1029 Gặp khó ngay vòng đầu.txt
[1030/1106] skip existing file=Chương 1030 Lá bài tẩy của Phương Chính.txt
[1031/1106] skip existing file=Chương 1031 Đối chiến man tử.txt
[1032/1106] skip existing file=Chương 1032 Thắng thảm.txt
[1033/1106] skip existing file=Chương 1033 1 đường tiến vào lục cường.txt
[1034/1106] skip existing file=Chương 1034 Đối chiến Chu Vương.txt
[1035/1106] skip existing file=Chương 1035 Lá bài tẩy hiển lộ.txt
[1036/1106] skip existing file=Chương 1036 Dị biến xảy ra.txt
[1037/1106] skip existing file=Chương 1037 Phán quyết.txt
[1038/1106] skip existing file=Chương 1038 Ma Đảo.txt
[1039/1106] download chapter_id=12067548 file=Chương 1039 Thăm ma đảo 1.txt
  OK decrypted=True written=Chương 1039 Thăm ma đảo 1.txt
[1040/1106] download chapter_id=12067549 file=Chương 1040 Thăm ma đảo 2.txt
  OK decrypted=True written=Chương 1040 Thăm ma đảo 2.txt
[1041/1106] download chapter_id=12067550 file=Chương 1041 Ma Chủng.txt
  OK decrypted=True written=Chương 1041 Ma Chủng.txt
[1042/1106] skip existing file=Chương 1042 Làm quen.txt
[1043/1106] skip existing file=Chương 1043 Lăng Tuyết.txt
[1044/1106] download chapter_id=12067553 file=Chương 1044 Untitled.txt
  OK decrypted=True written=Chương 1044 Untitled.txt
[1045/1106] skip existing file=Chương 1045 Lựa chọn của Cầm.txt
[1046/1106] skip existing file=Chương 1046 Khổ nhục kế.txt
[1047/1106] skip existing file=Chương 1047 Tìm ma chủng.txt
[1048/1106] skip existing file=Chương 1048 Ma Chủng bạo phát.txt
[1049/1106] download chapter_id=12067558 file=Chương 1049 Untitled.txt
  OK decrypted=True written=Chương 1049 Untitled.txt
[1050/1106] download chapter_id=12067559 file=Chương 1050 Untitled.txt
  OK decrypted=True written=Chương 1050 Untitled.txt
[1051/1106] skip existing file=Chương 1051 Bước lên Ngộ Đạo Đài.txt
[1052/1106] skip existing file=Chương 1052 bạn đồng hành và nhiệm vụ.txt
[1053/1106] download chapter_id=12067562 file=Chương 1053 Untitled.txt
  OK decrypted=True written=Chương 1053 Untitled.txt
[1054/1106] download chapter_id=12067563 file=Chương 1054 Untitled.txt
  OK decrypted=True written=Chương 1054 Untitled.txt
[1055/1106] download chapter_id=12067564 file=Chương 1055 Untitled.txt
  OK decrypted=True written=Chương 1055 Untitled.txt
[1056/1106] skip existing file=Chương 1056 3 con đường.txt
[1057/1106] download chapter_id=12067566 file=Chương 1057 Untitled.txt
  OK decrypted=True written=Chương 1057 Untitled.txt
[1058/1106] download chapter_id=12067567 file=Chương 1058 Tìm hiểu thông tin 1.txt
  OK decrypted=True written=Chương 1058 Tìm hiểu thông tin 1.txt
[1059/1106] download chapter_id=12067568 file=Chương 1059 Tìm hiểu thông tin 2.txt
  OK decrypted=True written=Chương 1059 Tìm hiểu thông tin 2.txt
[1060/1106] skip existing file=Chương 1060 Mở tiệm.txt
[1061/1106] skip existing file=Chương 1061 Cá lớn xuất hiện.txt
[1062/1106] download chapter_id=12067571 file=Chương 1062 Untitled.txt
  OK decrypted=True written=Chương 1062 Untitled.txt
[1063/1106] download chapter_id=12067572 file=Chương 1063 Untitled.txt
  OK decrypted=True written=Chương 1063 Untitled.txt
[1064/1106] download chapter_id=12067573 file=Chương 1064 Untitled.txt
  OK decrypted=True written=Chương 1064 Untitled.txt
[1065/1106] skip existing file=Chương 1065 Nội gián.txt
[1066/1106] download chapter_id=12067575 file=Chương 1066 Untitled.txt
  OK decrypted=True written=Chương 1066 Untitled.txt
[1067/1106] skip existing file=Chương 1067 Rắc rối tìm đến cửa.txt
[1068/1106] download chapter_id=12067577 file=Chương 1068 Untitled.txt
  OK decrypted=True written=Chương 1068 Untitled.txt
[1069/1106] skip existing file=Chương 1069 Tuyệt Cảnh.txt
[1070/1106] download chapter_id=12067579 file=Chương 1070 Untitled.txt
  OK decrypted=True written=Chương 1070 Untitled.txt
[1071/1106] skip existing file=Chương 1071 Giao dịch.txt
[1072/1106] download chapter_id=12067581 file=Chương 1072 Untitled.txt
  OK decrypted=True written=Chương 1072 Untitled.txt
[1073/1106] download chapter_id=12067582 file=Chương 1073 Untitled.txt
  OK decrypted=True written=Chương 1073 Untitled.txt
[1074/1106] skip existing file=Chương 1074 Cuộc chiến trên Cốt đảo.txt
[1075/1106] skip existing file=Chương 1075 Kịch chiến.txt
[1076/1106] download chapter_id=12067585 file=Chương 1076 Untitled.txt
  OK decrypted=True written=Chương 1076 Untitled.txt
[1077/1106] download chapter_id=12067586 file=Chương 1077 Untitled.txt
  OK decrypted=True written=Chương 1077 Untitled.txt
[1078/1106] download chapter_id=12067587 file=Chương 1078 Untitled.txt
  OK decrypted=True written=Chương 1078 Untitled.txt
[1079/1106] download chapter_id=12067588 file=Chương 1079 Untitled.txt
  OK decrypted=True written=Chương 1079 Untitled.txt
[1080/1106] skip existing file=Chương 1080 Đao Cực.txt
[1081/1106] skip existing file=Chương 1081 Thảm bại.txt
[1082/1106] skip existing file=Chương 1082 Ẩn Vụ và Đao Cực.txt
[1083/1106] download chapter_id=12067592 file=Chương 1083 Untitled.txt
  OK decrypted=True written=Chương 1083 Untitled.txt
[1084/1106] download chapter_id=12067593 file=Chương 1084 Untitled.txt
  OK decrypted=True written=Chương 1084 Untitled.txt
[1085/1106] download chapter_id=12067594 file=Chương 1085 Untitled.txt
  OK decrypted=True written=Chương 1085 Untitled.txt
[1086/1106] download chapter_id=12067595 file=Chương 1086 Untitled.txt
  OK decrypted=True written=Chương 1086 Untitled.txt
[1087/1106] download chapter_id=12067596 file=Chương 1087 Ma Tâm Nhân cách thứ 2.txt
  OK decrypted=True written=Chương 1087 Ma Tâm Nhân cách thứ 2.txt
[1088/1106] skip existing file=Chương 1088 Cầm và Ma Phượng.txt
[1089/1106] skip existing file=Chương 1089 Khế ước nô lệ.txt
[1090/1106] download chapter_id=12067599 file=Chương 1090 Untitled.txt
  OK decrypted=True written=Chương 1090 Untitled.txt
[1091/1106] download chapter_id=12067600 file=Chương 1091 Untitled.txt
  OK decrypted=True written=Chương 1091 Untitled.txt
[1092/1106] skip existing file=Chương 1092 Ma đạo.txt
[1093/1106] skip existing file=Chương 1093 Rời Luyện Ngục.txt
[1094/1106] download chapter_id=12067603 file=Chương 1094 Untitled.txt
  OK decrypted=True written=Chương 1094 Untitled.txt
[1095/1106] download chapter_id=12067604 file=Chương 1095 Untitled.txt
  OK decrypted=True written=Chương 1095 Untitled.txt
[1096/1106] download chapter_id=12067605 file=Chương 1096 Untitled.txt
  OK decrypted=True written=Chương 1096 Untitled.txt
[1097/1106] skip existing file=Chương 1097 Ghép linh hồn.txt
[1098/1106] download chapter_id=12067607 file=Chương 1098 Untitled.txt
  OK decrypted=True written=Chương 1098 Untitled.txt
[1099/1106] skip existing file=Chương 1099 Vô Diện chiến quần hùng.txt
[1100/1106] download chapter_id=12067609 file=Chương 1100 Untitled.txt
  OK decrypted=True written=Chương 1100 Untitled.txt
[1101/1106] download chapter_id=12067610 file=Chương 1101 Untitled.txt
  OK decrypted=True written=Chương 1101 Untitled.txt
[1102/1106] download chapter_id=12067611 file=Chương 1102 Untitled.txt
  OK decrypted=True written=Chương 1102 Untitled.txt
[1103/1106] skip existing file=Chương 1103 Hòa mình vào thiên đạo.txt
[1104/1106] skip existing file=Chương 1104 Tỉnh lại.txt
[1105/1106] download chapter_id=12067614 file=Chương 1105 Khởi đầu mới đại kết cục.txt
  OK decrypted=True written=Chương 1105 Khởi đầu mới đại kết cục.txt
[1106/1106] download chapter_id=12067615 file=Chương 1106 Đôi lời của tác giả.txt
  OK decrypted=True written=Chương 1106 Đôi lời của tác giả.txt
final_ok=1106
final_fail=0
out=C:\Dev\MTC\Công Cuộc Bị 999 Em Gái Chinh Phục

[stderr]
