book=Devil'S Path Quỷ Giới Và Nhẫn Giới
book_id=142470
out=C:\Dev\MTC\Devil'S Path Quỷ Giới Và Nhẫn Giới
chapters_total=322 expected=322
[1/322] skip existing file=Chương 1 Từ Quỷ giới tới Nhẫn giới.txt
[2/322] skip existing file=Chương 2 Hy sinh.txt
[3/322] skip existing file=Chương 3 Thức tỉnh Những Ngày Khó Khăn Sự Cô Độc Của Naruto.txt
[4/322] skip existing file=Chương 4 Sự kiện bắt cóc Hinata.txt
[5/322] skip existing file=Chương 5 Không tiêu đề.txt
[6/322] skip existing file=Chương 6 Lần đầu gặp Hinata.txt
[7/322] skip existing file=Chương 7 Quyết định.txt
[8/322] skip existing file=Chương 8 Nhập học.txt
[9/322] skip existing file=Chương 9 Naruto và những trò lố.txt
[10/322] skip existing file=Chương 10 Quyết tâm thay đổi.txt
[11/322] skip existing file=Chương 11 Quyết tâm thay đổi tiếp theo.txt
[12/322] skip existing file=Chương 12 Mãnh thú ngọc bích. Cái được gọi là thanh xuân.txt
[13/322] skip existing file=Chương 13 Thành quả ban đầu.txt
[14/322] skip existing file=Chương 14 Biến cố Uchiha.txt
[15/322] skip existing file=Chương 15 Thi tốt nghiệp. Thất bại. Mizuki.txt
[16/322] skip existing file=Chương 16 Cấm thuật.txt
[17/322] skip existing file=Chương 17 Lần đầu giết người.txt
[18/322] skip existing file=Chương 18 Tốt nghiệp. Phân đội.txt
[19/322] skip existing file=Chương 19 Tốt nghiệp. Phân đội tiếp theo.txt
[20/322] skip existing file=Chương 20 Thử thách cướp chuông.txt
[21/322] skip existing file=Chương 21 Những nhiệm vụ đầu tiên.txt
[22/322] skip existing file=Chương 22 Vergil sensei.txt
[23/322] skip existing file=Chương 23 Học nhẫn thuật từ Kakashi.txt
[24/322] skip existing file=Chương 24 Huấn luyện kinh khủng.txt
[25/322] skip existing file=Chương 25 Nhất kiếm.txt
[26/322] skip existing file=Chương 26 Không tiêu đề.txt
[27/322] skip existing file=Chương 27 Cảm nhận sát khí.txt
[28/322] skip existing file=Chương 28 Chân tướng bị che giấu.txt
[29/322] skip existing file=Chương 29 Thay đổi.txt
[30/322] skip existing file=Chương 30 Nhiệm vụ hộ tống.txt
[31/322] skip existing file=Chương 31 Quỷ Nhân làng Sương Mù Zabuza.txt
[32/322] skip existing file=Chương 33 Quỷ Nhân làng Sương Mù Zabuza tiếp theo.txt
[33/322] skip existing file=Chương 33 Tâm sự.txt
[34/322] skip existing file=Chương 34 Viện binh. Ác chiến.txt
[35/322] skip existing file=Chương 35 Viện binh. Ác chiến tiếp theo.txt
[36/322] skip existing file=Chương 36 Cái kết của Quỷ Nhân.txt
[37/322] skip existing file=Chương 37 Trở về.txt
[38/322] skip existing file=Chương 38 Học nhẫn thuật mới.txt
[39/322] skip existing file=Chương 39 Tu luyện cùng nhau. Rasengan.txt
[40/322] skip existing file=Chương 40 Những kẻ lạ mặt.txt
[41/322] skip existing file=Chương 41 Kỳ thi Chuunin.txt
[42/322] skip existing file=Chương 42 Kỳ thi Chuunin bắt đầu.txt
[43/322] skip existing file=Chương 43 Thi viết.txt
[44/322] skip existing file=Chương 44 Vòng thi thứ 2 bắt đầu.txt
[45/322] skip existing file=Chương 45 Orochimaru.txt
[46/322] skip existing file=Chương 46 Đụng độ. Nguyền ấn.txt
[47/322] skip existing file=Chương 47 Vòng thi đấu phụ.txt
[48/322] skip existing file=Chương 48 Sasuke Uchiha đấu Yoroi Akadō.txt
[49/322] skip existing file=Chương 49 Naruto đấu Kiba.txt
[50/322] skip existing file=Chương 50 Ino đấu Sakura.txt
[51/322] skip existing file=Chương 51 Hinata đấu Neji. Cái gì là định mệnh.txt
[52/322] skip existing file=Chương 52 Chuẩn bị cho vòng 3. Tiên nhân háo sắc.txt
[53/322] skip existing file=Chương 53 Tiên nhân háo sắc chết tiệt.txt
[54/322] skip existing file=Chương 54 Judgement Cut. Hút cạn Jiraiya.txt
[55/322] skip existing file=Chương 55 Khoảnh khắc bình yên.txt
[56/322] skip existing file=Chương 56 Vòng 3 bắt đầu. Để tôi chém nát cái định mệnh đó.txt
[57/322] skip existing file=Chương 57 Shikamaru đấu Temari.txt
[58/322] skip existing file=Chương 58 Sasuke đấu Gaara. Kế hoạch Konoha sụp đổ.txt
[59/322] skip existing file=Chương 59 Kế hoạch Konoha sụp đổ tiếp theo.txt
[60/322] skip existing file=Chương 60 Cái chết của Nhẫn Hùng.txt
[61/322] skip existing file=Chương 61 Đuổi theo. Gaara bạo phát.txt
[62/322] skip existing file=Chương 62 Shukaku xâm chiếm.txt
[63/322] skip existing file=Chương 63 Lễ tang của Đệ Tam.txt
[64/322] skip existing file=Chương 64 Âm mưu của Danzo.txt
[65/322] skip existing file=Chương 65 Chuunin.txt
[66/322] skip existing file=Chương 66 Gia nhập Root.txt
[67/322] skip existing file=Chương 67 Akatsuki.txt
[68/322] skip existing file=Chương 68 Đụng độ.txt
[69/322] skip existing file=Chương 69 Tình nghĩa anh em có chắc bền lâu.txt
[70/322] skip existing file=Chương 70 Đi tìm Tsunade.txt
[71/322] skip existing file=Chương 71 Cá cược.txt
[72/322] skip existing file=Chương 72 Jiraiya ăn đủ.txt
[73/322] skip existing file=Chương 73 Nhẫn thuật mới.txt
[74/322] skip existing file=Chương 74 Quyết định của Tsunade.txt
[75/322] skip existing file=Chương 75 Bán hành cho Kabuto.txt
[76/322] skip existing file=Chương 76 Tam Nin đại chiến.txt
[77/322] skip existing file=Chương 77 Hokage Đệ Ngũ. Trở về Konoha.txt
[78/322] skip existing file=Chương 78 Nhiệm vụ đầu tiên của Root.txt
[79/322] skip existing file=Chương 79 Nhiệm vụ đầu tiên tại Root tiếp theo.txt
[80/322] skip existing file=Chương 80 Nhiệm vụ ám sát.txt
[81/322] skip existing file=Chương 81 Phát hiện mới.txt
[82/322] skip existing file=Chương 82 Đụng độ Nhị Vĩ.txt
[83/322] skip existing file=Chương 83 Lôi kéo Tenzo.txt
[84/322] skip existing file=Chương 84 Đột nhập căn cứ Root.txt
[85/322] skip existing file=Chương 85 Danzo làm phản.txt
[86/322] skip existing file=Chương 86 Danzo làm phản tiếp theo.txt
[87/322] skip existing file=Chương 87 Đơn đấu Danzo.txt
[88/322] skip existing file=Chương 88 Tình cha con.txt
[89/322] skip existing file=Chương 89 Kết thúc. Hồi phục. Tình cảm.txt
[90/322] skip existing file=Chương 90 Bước sang trang mới.txt
[91/322] skip existing file=Chương 91 Con đường rẽ ngang.txt
[92/322] skip existing file=Chương 92 Phản bội.txt
[93/322] skip existing file=Chương 93 Đối đầu Tứ Quái.txt
[94/322] skip existing file=Chương 94 Đối đầu Tứ Quái tiếp theo.txt
[95/322] skip existing file=Chương 95 Kimimaro.txt
[96/322] skip existing file=Chương 96 Phản nhẫn.txt
[97/322] skip existing file=Chương 97 Huấn luyện khắc nghiệt. Khúc bình yên.txt
[98/322] skip existing file=Chương 98 Tsunade dạy đồ đệ.txt
[99/322] skip existing file=Chương 99 Học giao tiếp với Sai.txt
[100/322] skip existing file=Chương 100 Gaara bị bắt.txt
[101/322] skip existing file=Chương 101 Chặn đường.txt
[102/322] skip existing file=Chương 102 Gỡ kết giới.txt
[103/322] skip existing file=Chương 103 Sasori.txt
[104/322] skip existing file=Chương 104 Cứu Gaara. Kế hoạch Phục Sinh.txt
[105/322] skip existing file=Chương 105 Nỗi khổ của Naruto. Sasuke tiến bộ.txt
[106/322] skip existing file=Chương 106 Judgement Cut End. Bản ngã.txt
[107/322] skip existing file=Chương 107 Cuộc chiến giữa người và Vĩ thú.txt
[108/322] skip existing file=Chương 108 Tiên tri. Tiên Thuật.txt
[109/322] skip existing file=Chương 109 Naruto tu luyện tiên thuật.txt
[110/322] skip existing file=Chương 110 Naruto báo thù.txt
[111/322] skip existing file=Chương 111 Gia tộc Kurama.txt
[112/322] skip existing file=Chương 112 Gia tộc Kurama tiếp theo.txt
[113/322] skip existing file=Chương 113 Cặp đôi cực phẩm. Sai và Yakumo.txt
[114/322] skip existing file=Chương 114 Dạ Tập.txt
[115/322] skip existing file=Chương 115 Khói lửa chiến tranh.txt
[116/322] skip existing file=Chương 116 Chuẩn bị.txt
[117/322] skip existing file=Chương 117 Chuẩn bị tiếp theo.txt
[118/322] skip existing file=Chương 118 Chiến tranh bắt đầu.txt
[119/322] skip existing file=Chương 119 Tia chớp vàng Đệ nhị.txt
[120/322] skip existing file=Chương 120 Bạch Kim Song Sát.txt
[121/322] skip existing file=Chương 121 Jinchuuriki đại chiến.txt
[122/322] skip existing file=Chương 122 Lương thảo làng Mây bị tập kích.txt
[123/322] skip existing file=Chương 123 Tâm sự mỏng với Kurama.txt
[124/322] skip existing file=Chương 124 Làng Mây đại bại.txt
[125/322] skip existing file=Chương 125 Tin chiến thắng. Hinata có dị biến.txt
[126/322] skip existing file=Chương 126 Trở về. Kiếp nạn đào hoa của Naruto.txt
[127/322] skip existing file=Chương 127 Đàm phán hòa bình.txt
[128/322] skip existing file=Chương 128 Tam Vĩ bị bắt.txt
[129/322] skip existing file=Chương 129 Sasuke chìm vào hắc ám. Vergil thức tỉnh.txt
[130/322] skip existing file=Chương 130 Đến làng Mây.txt
[131/322] skip existing file=Chương 131 Hiệp nghị đình chiến. Tu luyện Lôi độn.txt
[132/322] skip existing file=Chương 132 Thời không sai lệch. Lại nghiên cứu kế hoạch Hồi sinh.txt
[133/322] skip existing file=Chương 133 Tìm hiểu tình báo.txt
[134/322] skip existing file=Chương 134 Naruto trở về.txt
[135/322] skip existing file=Chương 135 Bị bắt gặp. Nhiệm vụ theo dõi.txt
[136/322] skip existing file=Chương 136 Khi nhiệm vụ biến thành cơm chó.txt
[137/322] skip existing file=Chương 137 Nghi ngờ của Naruto. Nhiệm vụ lau dọn nhà tắm.txt
[138/322] skip existing file=Chương 138 Lộ tẩy.txt
[139/322] skip existing file=Chương 139 Tình báo. Chuẩn bị. Loa Toàn Lôi Pháo.txt
[140/322] skip existing file=Chương 140 Urashiki xuất hiện.txt
[141/322] skip existing file=Chương 141 Ác chiến Urashiki.txt
[142/322] skip existing file=Chương 142 Tenseigan. Phong ấn.txt
[143/322] skip existing file=Chương 143 Hậu chiến.txt
[144/322] skip existing file=Chương 144 Cha vợ con rể.txt
[145/322] skip existing file=Chương 145 Tạm biệt.txt
[146/322] skip existing file=Chương 146 Món quà từ Sasuke. Bí mật Hyuga.txt
[147/322] skip existing file=Chương 147 Tung tích của Sasuke và Sakura.txt
[148/322] skip existing file=Chương 148 Truy đuổi thất bại.txt
[149/322] skip existing file=Chương 149 Hebi thành lập.txt
[150/322] skip existing file=Chương 150 Hành tung của Sasuke. Cái chết của Deidara.txt
[151/322] skip existing file=Chương 151 Đụng độ Hebi.txt
[152/322] skip existing file=Chương 152 Bị cản đường.txt
[153/322] skip existing file=Chương 153 Tình nghĩa anh em.txt
[154/322] skip existing file=Chương 154 Tình nghĩa anh em tiếp theo.txt
[155/322] skip existing file=Chương 155 Đụng độ tổ hai người. Asuma bị thương.txt
[156/322] skip existing file=Chương 156 Tương lai Phép màu.txt
[157/322] skip existing file=Chương 157 Kết cục của Hidan.txt
[158/322] skip existing file=Chương 158 Ngày tàn của Kakuzu.txt
[159/322] skip existing file=Chương 159 Trở về.txt
[160/322] skip existing file=Chương 160 Sasuke biết sự thật . Mục tiêu mới Phá hủy Konoha.txt
[161/322] skip existing file=Chương 161 Kế hoạch đưa Orochimaru trở lại.txt
[162/322] skip existing file=Chương 162 Orochimaru trở lại.txt
[163/322] skip existing file=Chương 163 Nhiệm vụ bất đắc dĩ. Ino làm thế thân. Naruto nổi cơn ghen.txt
[164/322] skip existing file=Chương 164 Itachi tỉnh lại.txt
[165/322] skip existing file=Chương 165 Mục tiêu Khai mở Sharingan. Nhiệm vụ tại Hỏa Quốc Tự.txt
[166/322] skip existing file=Chương 166 Âm mưu tại Hỏa Quốc Tự.txt
[167/322] skip existing file=Chương 167 Sora gây chuyện.txt
[168/322] skip existing file=Chương 168 Mục đích của đối phương là gì.txt
[169/322] skip existing file=Chương 169 Ngũ Vĩ bị bắt.txt
[170/322] skip existing file=Chương 170 Kẻ địch tấn công.txt
[171/322] skip existing file=Chương 171 Kẻ địch lộ mặt.txt
[172/322] skip existing file=Chương 172 Kết thúc.txt
[173/322] skip existing file=Chương 173 Kết quả thí nghiệm từ Orochimaru.txt
[174/322] skip existing file=Chương 174 Mục tiêu mới của Sasuke. Mở mắt thất bại.txt
[175/322] skip existing file=Chương 175 Tu luyện Âm Độn. Thành quả.txt
[176/322] skip existing file=Chương 176 Học tập ảo thuật. Taka đụng độ Lục Vĩ.txt
[177/322] skip existing file=Chương 177 Tiết lộ. Hannabi bị bắt cóc.txt
[178/322] skip existing file=Chương 178 Đội giải cứu thành lập. Lên mặt trăng.txt
[179/322] skip existing file=Chương 179 Đại chiến với Toneri.txt
[180/322] skip existing file=Chương 180 Giải cứu Hanabi. Phong ấn cổ.txt
[181/322] skip existing file=Chương 181 Lục Đạo Tiên Nhân.txt
[182/322] skip existing file=Chương 182 Bàn luận.txt
[183/322] skip existing file=Chương 183 Nguồn gốc Otsutsuki.txt
[184/322] skip existing file=Chương 184 Đối phó.txt
[185/322] skip existing file=Chương 185 Nhiệm vụ hoàn thành. Hội nghị Tứ Kage.txt
[186/322] skip existing file=Chương 186 Trước thềm hội nghị.txt
[187/322] skip existing file=Chương 187 Hội nghị bắt đầu. Taka xuất hiện.txt
[188/322] skip existing file=Chương 188 Đấu Taka.txt
[189/322] skip existing file=Chương 189 Tuyên chiến Akatsuki. Sasuke mù lòa.txt
[190/322] skip existing file=Chương 190 Chiến tranh kỳ quặc.txt
[191/322] skip existing file=Chương 191 Kế hoạch Lột mặt nạ Kakashi.txt
[192/322] skip existing file=Chương 192 Đệ Lục.txt
[193/322] skip existing file=Chương 193 Mùa xuân của Jiraiya.txt
[194/322] skip existing file=Chương 194 Mùa xuân của Jiraiya tiếp theo.txt
[195/322] skip existing file=Chương 195 Mùa xuân của Jiraiya hết.txt
[196/322] skip existing file=Chương 196 Rouran.txt
[197/322] skip existing file=Chương 197 Quái vật của cát.txt
[198/322] skip existing file=Chương 198 Phong ấn kích hoạt.txt
[199/322] skip existing file=Chương 199 Xuyên không.txt
[200/322] skip existing file=Chương 200 Theo dõi.txt
[201/322] skip existing file=Chương 201 Bị phát hiện.txt
[202/322] skip existing file=Chương 202 Root đột kích.txt
[203/322] skip existing file=Chương 203 Ngày 10 tháng 10.txt
[204/322] skip existing file=Chương 204 Lịch sử liệu có lặp lại.txt
[205/322] skip existing file=Chương 205 Ta sẽ không để nó lặp lại.txt
[206/322] skip existing file=Chương 206 Giải cứu.txt
[207/322] skip existing file=Chương 207 Lộ mặt.txt
[208/322] skip existing file=Chương 208 Tâm sự. Trở về.txt
[209/322] skip existing file=Chương 209 Tế bào Hashirama.txt
[210/322] skip existing file=Chương 210 Nhiệm vụ mới. Kakashi bị chỉ đích danh.txt
[211/322] skip existing file=Chương 211 Nhiệm vụ Tuyết Quốc.txt
[212/322] skip existing file=Chương 212 Tuyết Quốc đảo chính.txt
[213/322] skip existing file=Chương 213 Tuyết quốc đảo chính tiếp theo.txt
[214/322] skip existing file=Chương 214 Tân nữ vương Tuyết Quốc.txt
[215/322] skip existing file=Chương 215 Cuộc tấn công của Pain.txt
[216/322] skip existing file=Chương 216 Cuộc tấn công của Pain tiếp theo.txt
[217/322] skip existing file=Chương 217 Cuộc tấn công của Pain tiếp theo.txt
[218/322] skip existing file=Chương 218 Cuộc tấn công của Pain tiếp theo.txt
[219/322] skip existing file=Chương 219 Naruto vs. Sasuke.txt
[220/322] skip existing file=Chương 220 Vây công Obito.txt
[221/322] skip existing file=Chương 221 Nỗi đau kết thúc.txt
[222/322] skip existing file=Chương 222 Tóm gọn.txt
[223/322] skip existing file=Chương 223 Kế hoạch lột mặt nạ Kakashi lần 2.txt
[224/322] skip existing file=Chương 224 Kakashi và Mizukage.txt
[225/322] skip existing file=Chương 225 Không tiêu đề.txt
[226/322] skip existing file=Chương 226 Kế hoạch hồi sinh tiến hành.txt
[227/322] skip existing file=Chương 227 Uế Thổ Chuyển Sinh.txt
[228/322] skip existing file=Chương 228 Uế Thổ Chuyển Sinh tiếp theo.txt
[229/322] skip existing file=Chương 229 Uế Thổ Chuyển Sinh Kết thúc.txt
[230/322] skip existing file=Chương 230 Các huyền thoại trở về.txt
[231/322] skip existing file=Chương 231 Tình thân gia đình.txt
[232/322] skip existing file=Chương 232 Tình thân gia đình tiếp theo.txt
[233/322] skip existing file=Chương 233 Rinnegan.txt
[234/322] skip existing file=Chương 234 Uchiha Madara.txt
[235/322] skip existing file=Chương 235 Uchiha Madara tiếp theo.txt
[236/322] skip existing file=Chương 236 Thuyết phục Madara.txt
[237/322] skip existing file=Chương 237 Thuyết phục Madara tiếp theo.txt
[238/322] skip existing file=Chương 238 Phép màu.txt
[239/322] skip existing file=Chương 239 Kỳ nghỉ ngắn ngày.txt
[240/322] skip existing file=Chương 240 Otsutsuki Isshiki.txt
[241/322] skip existing file=Chương 241 Ác chiến Isshiki.txt
[242/322] skip existing file=Chương 242 Ác chiến Isshiki tiếp theo.txt
[243/322] skip existing file=Chương 243 Vergil xuất thủ.txt
[244/322] skip existing file=Chương 244 Jinchuriki Thập Vĩ.txt
[245/322] skip existing file=Chương 245 Khách đến từ dị giới.txt
[246/322] skip existing file=Chương 246 Dante đến Konoha.txt
[247/322] skip existing file=Chương 247 Anh em gặp mặt.txt
[248/322] skip existing file=Chương 248 Hòa nhập.txt
[249/322] skip existing file=Chương 249 Madara vs. Dante.txt
[250/322] skip existing file=Chương 250 Madara vs. Dante tiếp theo.txt
[251/322] skip existing file=Chương 251 Trở lại Rōran.txt
[252/322] skip existing file=Chương 252 Chiến đấu.txt
[253/322] skip existing file=Chương 253 Chiến đấu Tiếp theo.txt
[254/322] skip existing file=Chương 254 Sức mạnh mới. Thu thập Long Mạch.txt
[255/322] skip existing file=Chương 255 Naruto vs. Vergil.txt
[256/322] skip existing file=Chương 256 Lại tới cuộc họp tứ Kage.txt
[257/322] skip existing file=Chương 257 Không còn thời gian.txt
[258/322] skip existing file=Chương 258 Liên minh Nhẫn giới thành lập.txt
[259/322] skip existing file=Chương 259 Liên minh Nhẫn giới thành lập tiếp theo.txt
[260/322] skip existing file=Chương 260 Đám cưới Đệ Lục.txt
[261/322] skip existing file=Chương 261 Đám cưới Đệ Lục tiếp theo.txt
[262/322] skip existing file=Chương 262 Nhị Vĩ hồi sinh. Bắt Nhị Vĩ.txt
[263/322] skip existing file=Chương 263 Bát Vĩ hồi sinh.txt
[264/322] skip existing file=Chương 264 Lục Đạo Madara.txt
[265/322] skip existing file=Chương 265 Sự tiến bộ của Madara.txt
[266/322] skip existing file=Chương 266 Hiến tế Isshiki.txt
[267/322] skip existing file=Chương 267 Hiến tế Isshiki tiếp theo.txt
[268/322] skip existing file=Chương 268 Năm năm sau Thế hệ mới chào đời.txt
[269/322] skip existing file=Chương 269 Kẻ địch giáng lâm.txt
[270/322] skip existing file=Chương 270 Giao chiến.txt
[271/322] skip existing file=Chương 271 Bắt Kinshiki.txt
[272/322] skip existing file=Chương 272 Đánh đuổi Momoshiki.txt
[273/322] skip existing file=Chương 273 Đánh đuổi Urashiki.txt
[274/322] skip existing file=Chương 274 Âm mưu của Momoshiki.txt
[275/322] skip existing file=Chương 275 Bóng đêm nuốt chửng.txt
[276/322] skip existing file=Chương 276 Thợ săn quỷ.txt
[277/322] skip existing file=Chương 277 Thiết lập vành đai Thủy Quốc.txt
[278/322] skip existing file=Chương 278 Huyết chiến tại bờ biển Thủy Quốc.txt
[279/322] skip existing file=Chương 279 Huyết chiến tại bờ biển Thủy Quốc tiếp theo.txt
[280/322] skip existing file=Chương 280 Goliath.txt
[281/322] skip existing file=Chương 281 Hell Gate.txt
[282/322] skip existing file=Chương 282 Lại chiến.txt
[283/322] skip existing file=Chương 283 Momoshiki bại.txt
[284/322] skip existing file=Chương 284 Urashiki bại.txt
[285/322] skip existing file=Chương 285 Đại chiến kết thúc.txt
[286/322] skip existing file=Chương 286 Hậu chiến.txt
[287/322] skip existing file=Chương 287 Một lần nữa lên Mặt Trăng.txt
[288/322] skip existing file=Chương 288 Tổ tinh tộc Otsutsuki.txt
[289/322] skip existing file=Chương 289 Đại kết cục Nhẫn giới.txt
[290/322] skip existing file=Chương 290 10 năm sau.txt
[291/322] skip existing file=Chương 291 Gia đình Namikaze.txt
[292/322] skip existing file=Chương 292 Chuyến dã ngoại. Sát thương của Namikaze Io.txt
[293/322] skip existing file=Chương 293 Khốn cảnh của Kurama.txt
[294/322] skip existing file=Chương 294 Lại có khách từ dị thế giới.txt
[295/322] skip existing file=Chương 295 Bị bao vây.txt
[296/322] skip existing file=Chương 296 Bị bao vây tiếp theo.txt
[297/322] skip existing file=Chương 297 Boruto cầu cứu.txt
[298/322] skip existing file=Chương 298 Đặt chân tới dị giới.txt
[299/322] skip existing file=Chương 299 Lộ mặt.txt
[300/322] skip existing file=Chương 300 Ôn chuyện với Kakashi.txt
[301/322] skip existing file=Chương 301 Giải cứu Sasuke.txt
[302/322] skip existing file=Chương 302 Giải cứu Sasuke tiếp theo.txt
[303/322] skip existing file=Chương 303 Hóa ra lại là Isshiki.txt
[304/322] skip existing file=Chương 304 Giải cứu Đệ Thất.txt
[305/322] skip existing file=Chương 305 Code.txt
[306/322] skip existing file=Chương 306 Đệ Thất trở về.txt
[307/322] skip existing file=Chương 307 Trở về Nhẫn giới.txt
[308/322] skip existing file=Chương 308 Tạm biệt Sasuke dị giới. Lấy đi Rinnegan.txt
[309/322] skip existing file=Chương 309 Đi tìm Vergil và Dante.txt
[310/322] skip existing file=Chương 310 Tổ tinh Otsutsuki.txt
[311/322] skip existing file=Chương 311 Mundus.txt
[312/322] skip existing file=Chương 312 Jackpot.txt
[313/322] skip existing file=Chương 313 Đại kết cục.txt
[314/322] skip existing file=Chương 314 Ngoại truyện Uchiha Madara du lịch dị giới.txt
[315/322] skip existing file=Chương 315 Ngoại truyện Madara du lịch dị giới tiếp theo.txt
[316/322] skip existing file=Chương 316 Shinobi ở dị giới.txt
[317/322] skip existing file=Chương 317 Shinobi ở dị giới tiếp theo.txt
[318/322] skip existing file=Chương 318 Huấn luyện đội Sentai.txt
[319/322] skip existing file=Chương 319 Huấn luyện đội Sentai Tiếp theo.txt
[320/322] skip existing file=Chương 320 Super Sentai chiến đấu.txt
[321/322] skip existing file=Chương 321 Super Sentai chiến đấu kết thúc.txt
[322/322] download chapter_id=25481529 file=Chương 322 Lời cảm ơn độc giả.txt
  OK decrypted=True written=Chương 322 Lời cảm ơn độc giả.txt
final_ok=322
final_fail=0
out=C:\Dev\MTC\Devil'S Path Quỷ Giới Và Nhẫn Giới

[stderr]
