book=Định Mệnh
book_id=106124
out=C:\Dev\MTC\Định Mệnh
chapters_total=65 expected=65
[1/65] skip existing file=Chương 1 Gặp gỡ 1.txt
[2/65] skip existing file=Chương 2 Gặp gỡ 2.txt
[3/65] skip existing file=Chương 3 Chia tay 1.txt
[4/65] skip existing file=Chương 4 Chia tay 2.txt
[5/65] skip existing file=Chương 5 Tứ Long sứ.txt
[6/65] skip existing file=Chương 6 Có phải là yêu.txt
[7/65] skip existing file=Chương 7 Cung chủ.txt
[8/65] skip existing file=Chương 8 Duyên.txt
[9/65] skip existing file=Chương 9 Nhớ ngươi.txt
[10/65] skip existing file=Chương 10 Xin lỗi muội Y Y.txt
[11/65] skip existing file=Chương 11 Buông tay.txt
[12/65] skip existing file=Chương 12 Trọn đời.txt
[13/65] skip existing file=Chương 13 Thanh y nữ tử.txt
[14/65] skip existing file=Chương 14 Lỗi Nhịp Con Tim.txt
[15/65] skip existing file=Chương 15 Giá như huynh ở đây.txt
[16/65] skip existing file=Chương 16 Tuyết mùa thu phần 1.txt
[17/65] skip existing file=Chương 17 Tuyết mùa thu phần 2.txt
[18/65] skip existing file=Chương 18 Oan gia.txt
[19/65] skip existing file=Chương 19 Hồi ức.txt
[20/65] skip existing file=Chương 20 Có thù tất báo 1.txt
[21/65] skip existing file=Chương 21 Có thù tất báo 2.txt
[22/65] skip existing file=Chương 22 Mai Hoa cổ động 1.txt
[23/65] skip existing file=Chương 23 Mai Hoa cổ động 2.txt
[24/65] skip existing file=Chương 24 Mai Hoa cổ động 3.txt
[25/65] skip existing file=Chương 25 Mai Hoa cổ động 4.txt
[26/65] skip existing file=Chương 26 Mai Hoa cổ động 5.txt
[27/65] skip existing file=Chương 27 Mia Hoa cổ động 6.txt
[28/65] skip existing file=Chương 28 Nguyệt Như.txt
[29/65] skip existing file=Chương 29 Ray rứt.txt
[30/65] skip existing file=Chương 30 Untitled.txt
[31/65] skip existing file=Chương 31 Mật ngọt 1.txt
[32/65] skip existing file=Chương 32 Mật ngọt 2.txt
[33/65] skip existing file=Chương 33 Trở về 1.txt
[34/65] skip existing file=Chương 34 Trở về 2.txt
[35/65] skip existing file=Chương 35 Trở về 2.txt
[36/65] skip existing file=Chương 36 Cho ta một chút thời gian.txt
[37/65] skip existing file=Chương 37 Nghi ngờ.txt
[38/65] skip existing file=Chương 38 Khởi đầu thương ly 1.txt
[39/65] skip existing file=Chương 39 Khởi đầu thương ly 2.txt
[40/65] skip existing file=Chương 40 Khởi đầu thương ly 3.txt
[41/65] skip existing file=Chương 41 Khởi đầu thương ly 4.txt
[42/65] skip existing file=Chương 42 Khởi đầu thương ly 5.txt
[43/65] skip existing file=Chương 43 Rối lòng.txt
[44/65] skip existing file=Chương 44 Thân thế thật sự.txt
[45/65] skip existing file=Chương 45 Thân thế thật sự 2.txt
[46/65] skip existing file=Chương 46 Thân thế thật sự 3.txt
[47/65] skip existing file=Chương 47 Loạn tâm.txt
[48/65] skip existing file=Chương 48 Loạn tâm 2.txt
[49/65] skip existing file=Chương 49 Mẹ.txt
[50/65] skip existing file=Chương 50 Mê hồn tán 1.txt
[51/65] skip existing file=Chương 51 Mê hồn tán 2.txt
[52/65] skip existing file=Chương 52 Mê hồn tán 3.txt
[53/65] skip existing file=Chương 53 Mê hồn tán 4.txt
[54/65] skip existing file=Chương 54 Thừa nhận.txt
[55/65] download chapter_id=13696167 file=Chương 55 Sát nhân.txt
  OK decrypted=True written=Chương 55 Sát nhân.txt
[56/65] skip existing file=Chương 56 Vô tình.txt
[57/65] skip existing file=Chương 57 Bất ngờ.txt
[58/65] skip existing file=Chương 58 Một chút ngọt ngào.txt
[59/65] skip existing file=Chương 59 Đông qua chỉ hận xuân không về.txt
[60/65] skip existing file=Chương 60 Đông qua chỉ hận xuân không về 2.txt
[61/65] skip existing file=Chương 61 Xuân qua chỉ hận xuân không về 3.txt
[62/65] skip existing file=Chương 62 Trò đùa định mệnh 1.txt
[63/65] skip existing file=Chương 63 Trò đùa định mệnh 2.txt
[64/65] skip existing file=Chương 64 Tận cùng thương đau.txt
[65/65] skip existing file=Chương 65 Thương ly Đại Kết Cục.txt
final_ok=65
final_fail=0
out=C:\Dev\MTC\Định Mệnh

[stderr]
