book=Biển Vô Tận Toàn Chức Vua Câu Cá
book_id=112190
out=C:\Dev\MTC\Biển Vô Tận Toàn Chức Vua Câu Cá
chapters_total=181 expected=181
[1/181] skip existing file=Chương 1 Thám hiểm gia.txt
[2/181] skip existing file=Chương 2 Mạo hiểm hào.txt
[3/181] skip existing file=Chương 3 Ngậm bảo nòng nọc.txt
[4/181] skip existing file=Chương 4 Cuồng bạo hải vực.txt
[5/181] skip existing file=Chương 5 Hải lưu cá ngừ.txt
[6/181] skip existing file=Chương 6 Siêu việt vận tốc âm thanh.txt
[7/181] skip existing file=Chương 7 Sự kiện thế giới.txt
[8/181] skip existing file=Chương 8 Khó hơn lên trời.txt
[9/181] skip existing file=Chương 9 Tơ sương cá.txt
[10/181] skip existing file=Chương 10 Thượng hạng mỹ thực.txt
[11/181] skip existing file=Chương 11 Chảy máu hòn đá.txt
[12/181] skip existing file=Chương 12 Bài hát của cá voi.txt
[13/181] skip existing file=Chương 13 Lời ca của biển.txt
[14/181] skip existing file=Chương 14 Màu lam mặt trăng.txt
[15/181] skip existing file=Chương 15 Liền cái này.txt
[16/181] skip existing file=Chương 16 Bão tới.txt
[17/181] skip existing file=Chương 17 Nhỏ nhưng có võ.txt
[18/181] skip existing file=Chương 18 May vá cùng nấu nướng.txt
[19/181] skip existing file=Chương 19 Mai rùa.txt
[20/181] skip existing file=Chương 20 Mỹ thực cùng kinh hỉ.txt
[21/181] skip existing file=Chương 21 Róc thịt.txt
[22/181] skip existing file=Chương 22 Canh dừa hầm xương cá.txt
[23/181] skip existing file=Chương 23 Bóng đen.txt
[24/181] skip existing file=Chương 24 Hải ly thương nhân.txt
[25/181] skip existing file=Chương 25 Giao dịch.txt
[26/181] skip existing file=Chương 26 Tàng bảo ếch.txt
[27/181] skip existing file=Chương 27 Tri thức thủy tinh.txt
[28/181] skip existing file=Chương 28 Áp súc.txt
[29/181] skip existing file=Chương 29 Áp trục.txt
[30/181] skip existing file=Chương 30 Hoa loa kèn.txt
[31/181] skip existing file=Chương 31 Xui xẻo.txt
[32/181] skip existing file=Chương 32 Đảo quả tạ.txt
[33/181] skip existing file=Chương 33 Thám hiểm đảo hoang.txt
[34/181] skip existing file=Chương 34 Thu hoạch tràn đầy.txt
[35/181] skip existing file=Chương 35 Đài sữa.txt
[36/181] skip existing file=Chương 36 Thêm một trái.txt
[37/181] skip existing file=Chương 37 Cắn câu.txt
[38/181] skip existing file=Chương 38 Cá thủy tinh.txt
[39/181] skip existing file=Chương 39 Khách không mời.txt
[40/181] skip existing file=Chương 40 Nhựa cây.txt
[41/181] skip existing file=Chương 41 Nhện vũ công.txt
[42/181] skip existing file=Chương 42 Cỏ thạch lân.txt
[43/181] skip existing file=Chương 43 Rèn luyện.txt
[44/181] skip existing file=Chương 44 Mỹ lệ rắn trắng.txt
[45/181] skip existing file=Chương 45 Khó được mỹ thực.txt
[46/181] skip existing file=Chương 46 Kiến đen Kiến đen.txt
[47/181] skip existing file=Chương 47 Đàn cá.txt
[48/181] skip existing file=Chương 48 Cá nướng mật cây.txt
[49/181] skip existing file=Chương 49 Xoa bóp.txt
[50/181] skip existing file=Chương 50 Đại chiến.txt
[51/181] skip existing file=Chương 51 Mưa to.txt
[52/181] skip existing file=Chương 52 Tổ đội ăn uống.txt
[53/181] skip existing file=Chương 53 Con mồi thợ săn.txt
[54/181] skip existing file=Chương 54 Ta đã trở lại.txt
[55/181] skip existing file=Chương 55 Cá Da Dày.txt
[56/181] skip existing file=Chương 56 Ngày thường.txt
[57/181] skip existing file=Chương 57 Đại Phong Bạo.txt
[58/181] skip existing file=Chương 58 Cá bay.txt
[59/181] skip existing file=Chương 59 Đồ ăn.txt
[60/181] skip existing file=Chương 60 Giằng co.txt
[61/181] skip existing file=Chương 61 Gãy Gãy.txt
[62/181] skip existing file=Chương 62 Nhảy vọt.txt
[63/181] skip existing file=Chương 63 Vào tay.txt
[64/181] skip existing file=Chương 64 Trở về.txt
[65/181] skip existing file=Chương 65 Phở.txt
[66/181] skip existing file=Chương 66 Tiệc lớn.txt
[67/181] skip existing file=Chương 67 Lốc xoáy.txt
[68/181] skip existing file=Chương 68 Sóng lớn.txt
[69/181] skip existing file=Chương 69 Thần kỹ.txt
[70/181] skip existing file=Chương 70 Ngạo kiều rắn nhỏ.txt
[71/181] skip existing file=Chương 71 Một phần mười.txt
[72/181] skip existing file=Chương 72 Bỏ qua.txt
[73/181] skip existing file=Chương 73 Nhổ neo.txt
[74/181] skip existing file=Chương 74 Nghỉ ngơi.txt
[75/181] skip existing file=Chương 75 Cá chuồn bay khổng lồ.txt
[76/181] skip existing file=Chương 76 Cao trào.txt
[77/181] skip existing file=Chương 77 Ăn cơm.txt
[78/181] skip existing file=Chương 78 Bao trùm.txt
[79/181] skip existing file=Chương 79 Khiêu chiến bắt đầu.txt
[80/181] skip existing file=Chương 80 Chuẩn bị hoàn tất.txt
[81/181] skip existing file=Chương 81 Bóng đen.txt
[82/181] skip existing file=Chương 82 Chọc tức.txt
[83/181] skip existing file=Chương 83 Bất an.txt
[84/181] download chapter_id=16526336 file=Chương 84 Né tránh cùng rèn luyện.txt
  OK decrypted=True written=Chương 84 Né tránh cùng rèn luyện.txt
[85/181] skip existing file=Chương 85 Cứng rắn.txt
[86/181] skip existing file=Chương 86 Biến cố.txt
[87/181] skip existing file=Chương 87 Kiếm lời.txt
[88/181] skip existing file=Chương 88 Hùng vĩ.txt
[89/181] skip existing file=Chương 89 Kết thúc.txt
[90/181] skip existing file=Chương 90 Chữa trị.txt
[91/181] skip existing file=Chương 91 Laman.txt
[92/181] skip existing file=Chương 92 Bữa tối.txt
[93/181] skip existing file=Chương 93 Dời gạch.txt
[94/181] skip existing file=Chương 94 Thu thập.txt
[95/181] skip existing file=Chương 95 Bọ Đá Phát Quang.txt
[96/181] skip existing file=Chương 96 Đảo giữa hồ.txt
[97/181] skip existing file=Chương 97 Nữ hài.txt
[98/181] skip existing file=Chương 98 Khả Lỵ Mộc Linh Tộc.txt
[99/181] skip existing file=Chương 99 Gặp nhau cùng tạm biệt.txt
[100/181] skip existing file=Chương 100 Rời đi cùng xây dựng.txt
[101/181] skip existing file=Chương 101 Kiểm kê thu hoạch.txt
[102/181] skip existing file=Chương 102 Giao dịch.txt
[103/181] skip existing file=Chương 103 Nho Bão.txt
[104/181] skip existing file=Chương 104 Cảm xúc.txt
[105/181] skip existing file=Chương 105 Thủ nghệ.txt
[106/181] skip existing file=Chương 106 Tre Trăm Tầng.txt
[107/181] skip existing file=Chương 107 Cua Đá.txt
[108/181] skip existing file=Chương 108 Quen thuộc.txt
[109/181] skip existing file=Chương 109 Gấu mèo Monat.txt
[110/181] skip existing file=Chương 110 Lần nữa giao dịch.txt
[111/181] skip existing file=Chương 111 Bạn Bè Phương Xa.txt
[112/181] skip existing file=Chương 112 Cá Chuồn Sáu Cánh.txt
[113/181] skip existing file=Chương 113 Cá Thung.txt
[114/181] skip existing file=Chương 114 Tiến triển.txt
[115/181] skip existing file=Chương 115 Mỹ thực.txt
[116/181] skip existing file=Chương 116 Thu hoạch.txt
[117/181] skip existing file=Chương 117 Khoai Sâm Đất.txt
[118/181] skip existing file=Chương 118 Cỏ Nước cùng Xà bông.txt
[119/181] skip existing file=Chương 119 Khoai nướng.txt
[120/181] skip existing file=Chương 120 Bóng đất.txt
[121/181] skip existing file=Chương 121 Hạt Xâm.txt
[122/181] skip existing file=Chương 122 Thường ngày.txt
[123/181] skip existing file=Chương 123 Biến hóa.txt
[124/181] skip existing file=Chương 124 Hồi phục kế hoạch.txt
[125/181] skip existing file=Chương 125 Mưa Cát.txt
[126/181] skip existing file=Chương 126 Câu cá.txt
[127/181] skip existing file=Chương 127 Phản công.txt
[128/181] skip existing file=Chương 128 Lên.txt
[129/181] skip existing file=Chương 129 Cá Gai Cát.txt
[130/181] skip existing file=Chương 130 Cá Lay Thơn.txt
[131/181] skip existing file=Chương 131 Tu luyện.txt
[132/181] skip existing file=Chương 132 Thu hoạch phong phú.txt
[133/181] skip existing file=Chương 133 Thời tiết ác liệt.txt
[134/181] skip existing file=Chương 134 Xử lý nguyên liệu.txt
[135/181] skip existing file=Chương 135 Nấu ăn.txt
[136/181] skip existing file=Chương 136 Mỹ thực cùng chuẩn bị.txt
[137/181] skip existing file=Chương 137 Đóng thuyền.txt
[138/181] skip existing file=Chương 138 Thuộc tính cực hạn.txt
[139/181] skip existing file=Chương 139 Xuất phát.txt
[140/181] skip existing file=Chương 140 Vùng Đất Mới.txt
[141/181] skip existing file=Chương 141 Rừng Tảo Hải Vực.txt
[142/181] skip existing file=Chương 142 Câu cá.txt
[143/181] skip existing file=Chương 143 Đại lực xuất kỳ tích.txt
[144/181] skip existing file=Chương 144 Năng lượng.txt
[145/181] skip existing file=Chương 145 Mộng đẹp.txt
[146/181] skip existing file=Chương 146 Thuật Sĩ Luyện Đồng.txt
[147/181] skip existing file=Chương 147 Rừng Đước.txt
[148/181] skip existing file=Chương 148 Thương thảo cùng bánh su kem.txt
[149/181] skip existing file=Chương 149 Đồ sát.txt
[150/181] skip existing file=Chương 150 Nhà trên cây.txt
[151/181] skip existing file=Chương 151 Quả Mây Sắc.txt
[152/181] skip existing file=Chương 152 Đồ tốt cùng trở về.txt
[153/181] skip existing file=Chương 153 Kiểm kê cùng nấu ăn.txt
[154/181] skip existing file=Chương 154 Mỹ thực.txt
[155/181] skip existing file=Chương 155 Giao dịch thu hoạch phong phú.txt
[156/181] skip existing file=Chương 156 Rươi Tảo Nước.txt
[157/181] skip existing file=Chương 157 Rươi bảy món.txt
[158/181] skip existing file=Chương 158 Câu đêm.txt
[159/181] skip existing file=Chương 159 Cắn câu cự vật.txt
[160/181] skip existing file=Chương 160 Cá Nhạm.txt
[161/181] skip existing file=Chương 161 Nhân sinh.txt
[162/181] skip existing file=Chương 162 Được mùa.txt
[163/181] skip existing file=Chương 163 Quả Lê Nước.txt
[164/181] skip existing file=Chương 164 Tài nguyên dồi dào.txt
[165/181] skip existing file=Chương 165 Sên Lục Thực.txt
[166/181] skip existing file=Chương 166 Phong phú món chay.txt
[167/181] skip existing file=Chương 167 Tối Tăm Màn Đêm.txt
[168/181] skip existing file=Chương 168 Cắn câu.txt
[169/181] skip existing file=Chương 169 Cá Chình Đêm Tối.txt
[170/181] skip existing file=Chương 170 Rùa lớn.txt
[171/181] skip existing file=Chương 171 Mỹ thực.txt
[172/181] skip existing file=Chương 172 Xuất phát.txt
[173/181] skip existing file=Chương 173 Quýt Muối.txt
[174/181] skip existing file=Chương 174 Buổi trưa vui vẻ.txt
[175/181] skip existing file=Chương 175 Tự do nước ngọt.txt
[176/181] skip existing file=Chương 176 Câu đêm.txt
[177/181] skip existing file=Chương 177 Hung tàn cự vật.txt
[178/181] skip existing file=Chương 178 Tảo Mực.txt
[179/181] skip existing file=Chương 179 Thành công.txt
[180/181] skip existing file=Chương 180 Kết thúc cùng khởi đầu.txt
[181/181] skip existing file=Chương 181 Hồn Đảo.txt
final_ok=181
final_fail=0
out=C:\Dev\MTC\Biển Vô Tận Toàn Chức Vua Câu Cá

[stderr]
