book=Đế Vương Tiền Truyện
book_id=106431
out=C:\Dev\MTC\Đế Vương Tiền Truyện
chapters_total=178 expected=178
[1/178] skip existing file=Chương 1 Một tiểu họ Lưu.txt
[2/178] skip existing file=Chương 2 Tài không đợi tuổi.txt
[3/178] skip existing file=Chương 3 Lưu Kim Nam Hà cao trung học sinh.txt
[4/178] skip existing file=Chương 4 Ngươi thực không muốn.txt
[5/178] skip existing file=Chương 5 Tính toán.txt
[6/178] skip existing file=Chương 6 Lời sư phụ không thể cãi.txt
[7/178] skip existing file=Chương 7 Huyết luyện ta đang tại.txt
[8/178] skip existing file=Chương 8 Alex.txt
[9/178] skip existing file=Chương 9 Nàng tới.txt
[10/178] skip existing file=Chương 10 Ba ngày thời hạn.txt
[11/178] skip existing file=Chương 11 Cố ý.txt
[12/178] skip existing file=Chương 12 Tái đấu chuẩn bị.txt
[13/178] skip existing file=Chương 13 Phân tích 1 Huyết Long Phái đặc sắc.txt
[14/178] skip existing file=Chương 14 Người theo dõi bí ẩn tái xuất.txt
[15/178] skip existing file=Chương 15 Thiên Hoàng Kim Bổng.txt
[16/178] skip existing file=Chương 16 Đội Nghĩa Dạ.txt
[17/178] skip existing file=Chương 17 Mạnh quá.txt
[18/178] skip existing file=Chương 18 Ta mang lôi khiển năng lực.txt
[19/178] skip existing file=Chương 19 Hoàng trung tạ vị.txt
[20/178] skip existing file=Chương 20 Lôi Long Quyền Xuất Kích.txt
[21/178] skip existing file=Chương 21 Lưu Kim nguy nan Nam Hà nguy khốn.txt
[22/178] skip existing file=Chương 22 Diện kiến Bộ trưởng Bộ Quốc phòng.txt
[23/178] skip existing file=Chương 23 Một tiểu thiên tài.txt
[24/178] skip existing file=Chương 24 Là Tam thể chỉ là không phải mèo.txt
[25/178] skip existing file=Chương 25 Lại một lần lấy thuốc.txt
[26/178] skip existing file=Chương 26 Xưng làm trẻ nhất Hành Pháp Giả.txt
[27/178] skip existing file=Chương 27 Song Đô Kiếm phái.txt
[28/178] skip existing file=Chương 28 Vì mạng mà chạy.txt
[29/178] skip existing file=Chương 29 Hắn không thích cái gì ta sẽ làm cái đó.txt
[30/178] skip existing file=Chương 30 Tiểu Nhiên Nhiên.txt
[31/178] skip existing file=Chương 31 Theo lời bộ trưởng.txt
[32/178] skip existing file=Chương 32 Gặp lại.txt
[33/178] skip existing file=Chương 33 Lại muốn chết.txt
[34/178] skip existing file=Chương 34 Cái biểu tượng đó.txt
[35/178] skip existing file=Chương 35 Cái thứ hai thứ ba đề cử.txt
[36/178] skip existing file=Chương 36 Nắm bắt nhân tâm.txt
[37/178] skip existing file=Chương 37 Bối cảnh thế giới.txt
[38/178] skip existing file=Chương 38 Ta Mantis là một cái mặt nạ tốt.txt
[39/178] skip existing file=Chương 39 Thức tỉnh.txt
[40/178] skip existing file=Chương 40 Không cầu làm vương.txt
[41/178] skip existing file=Chương 41 Tiểu Bảo tiểu sự tình.txt
[42/178] skip existing file=Chương 42 Tiếp tục.txt
[43/178] skip existing file=Chương 43 Bắt đầu nhiệm vụ.txt
[44/178] skip existing file=Chương 44 Viễn cảnh.txt
[45/178] skip existing file=Chương 45 Bảo vật luận bàn.txt
[46/178] skip existing file=Chương 46 Komodo là thế nào mạnh mẽ.txt
[47/178] skip existing file=Chương 47 Ta muốn là thành.txt
[48/178] skip existing file=Chương 48 Nghịch đạo.txt
[49/178] skip existing file=Chương 49 Kĩ xảo thực lực.txt
[50/178] skip existing file=Chương 50 Lưu Đế.txt
[51/178] skip existing file=Chương 51 Lưu Ngân Sa.txt
[52/178] skip existing file=Chương 52 Huynh muội số phận.txt
[53/178] skip existing file=Chương 53 Tương sinh mà tương khắc.txt
[54/178] skip existing file=Chương 54 Nhật kí Tiểu Bảo chu du.txt
[55/178] skip existing file=Chương 55 Lão điện chủ có giải pháp.txt
[56/178] skip existing file=Chương 56 Hắc Kim hắc hắc.txt
[57/178] skip existing file=Chương 57 Tuần du.txt
[58/178] skip existing file=Chương 58 Vương và đồng đội.txt
[59/178] skip existing file=Chương 59 59 Bee võ phái nói tiếp.txt
[60/178] skip existing file=Chương 60 Bộc lộ.txt
[61/178] download chapter_id=13429796 file=Chương 61 Phân tích 2 Sơ lược nhân vật.txt
  OK decrypted=True written=Chương 61 Phân tích 2 Sơ lược nhân vật.txt
[62/178] skip existing file=Chương 62 500 lực chiến 1000 lực chiến.txt
[63/178] skip existing file=Chương 63 Hắc Ám Vương.txt
[64/178] skip existing file=Chương 64 Xử súc vật.txt
[65/178] skip existing file=Chương 65 Nhân là đạo nhẫn cũng là đạo.txt
[66/178] skip existing file=Chương 66 vì ngài mà quy phục.txt
[67/178] skip existing file=Chương 67 Minh Quân.txt
[68/178] skip existing file=Chương 68 Quản Tống Hiên ngươi im đi.txt
[69/178] skip existing file=Chương 69 Linh Quang Trang.txt
[70/178] skip existing file=Chương 70 Tiểu Tam.txt
[71/178] skip existing file=Chương 71 Sương sương 2307 tuổi.txt
[72/178] skip existing file=Chương 72 Hắc Hoàng Hiệp Sĩ.txt
[73/178] skip existing file=Chương 73 Hợp thể.txt
[74/178] skip existing file=Chương 74 Ỷ Lan Trâm.txt
[75/178] skip existing file=Chương 75 Hắc Kiếm Sĩ Bạch Cầm Sư.txt
[76/178] skip existing file=Chương 76 Tiểu Nhiên Nhiên hôm nay độc tấu.txt
[77/178] skip existing file=Chương 77 Kiếm Trận.txt
[78/178] skip existing file=Chương 78 Calibur tiến hoá.txt
[79/178] skip existing file=Chương 79 Đồ mới.txt
[80/178] skip existing file=Chương 80 Khinh khí cầu của Sue.txt
[81/178] skip existing file=Chương 81 Bích Huyền Lượng Kiếm.txt
[82/178] skip existing file=Chương 82 Vé tàu tới núi Phú Sĩ.txt
[83/178] skip existing file=Chương 83 Chu Tước duệ thần.txt
[84/178] skip existing file=Chương 84 Thiên thạch.txt
[85/178] skip existing file=Chương 85 Tội nhân.txt
[86/178] skip existing file=Chương 86 Tóm Long Tử.txt
[87/178] skip existing file=Chương 87 Delta.txt
[88/178] skip existing file=Chương 88 Ý chí lập.txt
[89/178] skip existing file=Chương 89 Bẫy kệ bẫy.txt
[90/178] skip existing file=Chương 90 Olaf chuẩn đoán.txt
[91/178] skip existing file=Chương 91 Một chọi bốn.txt
[92/178] skip existing file=Chương 92 Đối đầu Streamer.txt
[93/178] skip existing file=Chương 93 Đắc Nhân Tâm.txt
[94/178] skip existing file=Chương 94 Nguyệt Vĩ Hồ lữ kí.txt
[95/178] skip existing file=Chương 95 Hương sắc.txt
[96/178] skip existing file=Chương 96 Đọ trí.txt
[97/178] skip existing file=Chương 97 97 Tam Hợp Lưu Thanh.txt
[98/178] skip existing file=Chương 98 Đa nhân cách.txt
[99/178] skip existing file=Chương 99 Hưng thịnh.txt
[100/178] skip existing file=Chương 100 Đại cục.txt
[101/178] skip existing file=Chương 101 Ô Khải về tay thiên tài.txt
[102/178] skip existing file=Chương 102 Lưỡng cực hợp.txt
[103/178] skip existing file=Chương 103 Sâu rượu chiến.txt
[104/178] skip existing file=Chương 104 Đánh Phong La Quốc.txt
[105/178] skip existing file=Chương 105 Hung quẻ ác điềm.txt
[106/178] skip existing file=Chương 106 Nộ Vũ Giao Long.txt
[107/178] skip existing file=Chương 107 Trung thần tư cách.txt
[108/178] skip existing file=Chương 108 Vô tửu tuý quyền.txt
[109/178] skip existing file=Chương 109 Đạp đổ.txt
[110/178] skip existing file=Chương 110 Ngàn quân dễ kiếm mãnh tướng khó cầu.txt
[111/178] skip existing file=Chương 111 Âu Lạc Cổ Quốc.txt
[112/178] skip existing file=Chương 112 Thiên Hộ Hạc Pháp.txt
[113/178] skip existing file=Chương 113 Huyết Tổ Long công pháp.txt
[114/178] skip existing file=Chương 114 Khải hoàn mạnh mẽ.txt
[115/178] skip existing file=Chương 115 Thu phục.txt
[116/178] skip existing file=Chương 116 Lý Thường Kiệt truyền thừa.txt
[117/178] skip existing file=Chương 117 Quân sư tân huyết.txt
[118/178] skip existing file=Chương 118 Trong đêm tiến đánh.txt
[119/178] skip existing file=Chương 119 Vương Uy Huyết Pháp.txt
[120/178] skip existing file=Chương 120 Ta tu luyện.txt
[121/178] skip existing file=Chương 121 Tân công pháp tân cảnh giới.txt
[122/178] skip existing file=Chương 122 Gặp cường địch.txt
[123/178] skip existing file=Chương 123 Căn bản ta hiện tại nghịch thiên.txt
[124/178] skip existing file=Chương 124 Lật cái bàn cờ.txt
[125/178] skip existing file=Chương 125 So găng.txt
[126/178] skip existing file=Chương 126 Đạp Phong La Quốc phải triệt để.txt
[127/178] skip existing file=Chương 127 Lực lượng bên trên.txt
[128/178] skip existing file=Chương 128 Lão sư ta nguyện làm ngươi chó.txt
[129/178] skip existing file=Chương 129 Đàm phán.txt
[130/178] skip existing file=Chương 130 Ta Nhị Công Chúa hướng ngài cầu cứu.txt
[131/178] skip existing file=Chương 131 Nhất thể song hồn.txt
[132/178] skip existing file=Chương 132 Thấu đạt quá cũng không tốt.txt
[133/178] skip existing file=Chương 133 Linh hồn linh tính.txt
[134/178] skip existing file=Chương 134 Tài không đợi học.txt
[135/178] skip existing file=Chương 135 Độc Hành Kiếm Pháp.txt
[136/178] skip existing file=Chương 136 Phân tách linh hồn khai mở bản ngã.txt
[137/178] skip existing file=Chương 137 Ngũ hành kiếm.txt
[138/178] skip existing file=Chương 138 Hưng Đạo đạo.txt
[139/178] skip existing file=Chương 139 Ta nói một chút.txt
[140/178] skip existing file=Chương 140 Diệt sâu bọ cũng là ta công việc.txt
[141/178] skip existing file=Chương 141 Làm thí nghiệm.txt
[142/178] skip existing file=Chương 142 Là chó ắt phải mò đến người cầu sinh.txt
[143/178] skip existing file=Chương 143 Nhượng hòa.txt
[144/178] skip existing file=Chương 144 Huyết Pháp.txt
[145/178] skip existing file=Chương 145 Kiến cỏ.txt
[146/178] skip existing file=Chương 146 Cao tầng diện mục.txt
[147/178] skip existing file=Chương 147 Trao đổi đi ra.txt
[148/178] skip existing file=Chương 148 Một cái xe chuyển cây.txt
[149/178] skip existing file=Chương 149 Từ Giới Hoàng Vương.txt
[150/178] skip existing file=Chương 150 Phong ấn thiên địa.txt
[151/178] skip existing file=Chương 151 Bất chấp.txt
[152/178] skip existing file=Chương 152 Huyết giới.txt
[153/178] skip existing file=Chương 153 Mơ tưởng hão huyền.txt
[154/178] skip existing file=Chương 154 Lê Tỉnh cũng là người.txt
[155/178] skip existing file=Chương 155 Cái gì Long Phái.txt
[156/178] skip existing file=Chương 156 Cổ Loa chi thành.txt
[157/178] skip existing file=Chương 157 Đối đầu.txt
[158/178] skip existing file=Chương 158 Nhân thần bất dung.txt
[159/178] skip existing file=Chương 159 Chấp kiểu gì.txt
[160/178] skip existing file=Chương 160 Huyết mạch tối thượng.txt
[161/178] skip existing file=Chương 161 Ngụy Xích Tích Huyết Vương.txt
[162/178] skip existing file=Chương 162 Tứ thánh hiệp sĩ.txt
[163/178] skip existing file=Chương 163 Nữ nhân thiệt.txt
[164/178] skip existing file=Chương 164 Tiềm tàng.txt
[165/178] skip existing file=Chương 165 Sự thật.txt
[166/178] skip existing file=Chương 166 Phải tới.txt
[167/178] skip existing file=Chương 167 New York đại họa.txt
[168/178] skip existing file=Chương 168 Một trảo.txt
[169/178] skip existing file=Chương 169 Chủ của ngươi chủ của ta.txt
[170/178] skip existing file=Chương 170 Tiểu bối.txt
[171/178] skip existing file=Chương 171 Thần lực.txt
[172/178] skip existing file=Chương 172 Dai như gián.txt
[173/178] skip existing file=Chương 173 Giáng lâm.txt
[174/178] skip existing file=Chương 174 Tử cục.txt
[175/178] skip existing file=Chương 175 Toàn bộ thu nạp.txt
[176/178] skip existing file=Chương 176 Toàn năng.txt
[177/178] skip existing file=Chương 177 Đế Vương Tiền Truyện.txt
[178/178] skip existing file=Chương 178 Hồi Lưu Y Nhiên.txt
final_ok=178
final_fail=0
out=C:\Dev\MTC\Đế Vương Tiền Truyện

[stderr]
