book=Tổng Mạn Cùng Miêu Nương Không Đơn Giản Thường Ngày
book_id=105037
out=C:\Dev\MTC\Tổng Mạn Cùng Miêu Nương Không Đơn Giản Thường Ngày
chapters_total=1243 expected=1243
[1/1243] skip existing file=Chương 1 Amakawa Yuuto.txt
[2/1243] skip existing file=Chương 2 Lương Sơn Bạc.txt
[3/1243] skip existing file=Chương 3 Địa Ngục Huấn Luyện.txt
[4/1243] skip existing file=Chương 4 Hatake gia kiếm thuật.txt
[5/1243] skip existing file=Chương 5 Trò chuyện với Miu.txt
[6/1243] skip existing file=Chương 6 Thực chiến.txt
[7/1243] skip existing file=Chương 7 Khô Lâu Binh.txt
[8/1243] skip existing file=Chương 8 Sàn Đấu Ngầm.txt
[9/1243] skip existing file=Chương 9 Sàn Đấu Ngầm chiến đấu.txt
[10/1243] skip existing file=Chương 10 Thực lực tăng lên.txt
[11/1243] skip existing file=Chương 11 Jinguji Kuesu.txt
[12/1243] skip existing file=Chương 12 Cùng Sakaki Shio đối luyện.txt
[13/1243] skip existing file=Chương 13 Cuối cùng cũng rút ra Anh Linh.txt
[14/1243] skip existing file=Chương 14 Lại xuất hiện nhiệm vụ.txt
[15/1243] skip existing file=Chương 15 Tắm chung.txt
[16/1243] skip existing file=Chương 16 Chiến đấu.txt
[17/1243] skip existing file=Chương 17 Chiến Vĩ Nhân.txt
[18/1243] skip existing file=Chương 18 Chiến thắng.txt
[19/1243] skip existing file=Chương 19 Truy sát.txt
[20/1243] skip existing file=Chương 20 Phản ứng.txt
[21/1243] skip existing file=Chương 21 Cùng Kuesu hẹn hò.txt
[22/1243] skip existing file=Chương 22 Hai nữ gặp mặt.txt
[23/1243] skip existing file=Chương 23 Chân chính địa ngục cấp Huấn Luyện.txt
[24/1243] skip existing file=Chương 24 Shigure.txt
[25/1243] skip existing file=Chương 25 Cùng Miu huấn luyện.txt
[26/1243] skip existing file=Chương 26 Chiến thắng.txt
[27/1243] skip existing file=Chương 27 Tuyệt vọng Sakura.txt
[28/1243] skip existing file=Chương 28 Cứu Sakura.txt
[29/1243] skip existing file=Chương 29 Chém giết lão sâu trùng.txt
[30/1243] skip existing file=Chương 30 Chuẩn bị triệu hoán Servant.txt
[31/1243] skip existing file=Chương 31 Miyamoto no Yorimitsu.txt
[32/1243] skip existing file=Chương 32 Irisviel cùng Arturia đến.txt
[33/1243] skip existing file=Chương 33 Caster Cú Chulainn.txt
[34/1243] skip existing file=Chương 34 Khiêu khích.txt
[35/1243] skip existing file=Chương 35 Trận chiến đầu tiên.txt
[36/1243] skip existing file=Chương 36 Gae Dearg.txt
[37/1243] skip existing file=Chương 37 Rơi vào thế yếu Saber.txt
[38/1243] download chapter_id=13006648 file=Chương 38 Rider đến.txt
  OK decrypted=True written=Chương 38 Rider đến.txt
[39/1243] skip existing file=Chương 39 Lần lượt lên sàn.txt
[40/1243] skip existing file=Chương 40 Toàn trường chấn động.txt
[41/1243] skip existing file=Chương 41 Archer tạm thời rút lui.txt
[42/1243] skip existing file=Chương 42 Đêm đầu tiên kết thúc.txt
[43/1243] skip existing file=Chương 43 Emiya Kiritsugu tập kích.txt
[44/1243] skip existing file=Chương 44 Kotomine Kirei tập kích.txt
[45/1243] skip existing file=Chương 45 Matou Kariya đến.txt
[46/1243] skip existing file=Chương 46 Tohsaka Rin.txt
[47/1243] skip existing file=Chương 47 Tohsaka Aoi.txt
[48/1243] skip existing file=Chương 48 Vương chi Yến hội 1.txt
[49/1243] skip existing file=Chương 49 Vương chi Yến hội 2.txt
[50/1243] skip existing file=Chương 50 Vương chi Yến hội 3.txt
[51/1243] skip existing file=Chương 51 Vương chi Yến hội 4.txt
[52/1243] skip existing file=Chương 52 Vương chi Yến Hội 5.txt
[53/1243] skip existing file=Chương 53 Chiến đấu.txt
[54/1243] skip existing file=Chương 54 Assassin rút lui.txt
[55/1243] skip existing file=Chương 55 Caren Hortensia.txt
[56/1243] skip existing file=Chương 56 Phản bội.txt
[57/1243] skip existing file=Chương 57 Saber vs Lancer.txt
[58/1243] skip existing file=Chương 58 Lancer rút lui.txt
[59/1243] skip existing file=Chương 59 Sắp đến hồi kết Chiến Tranh.txt
[60/1243] skip existing file=Chương 60 Bắt đi Irisviel.txt
[61/1243] skip existing file=Chương 61 Cùng Irisviel nói chuyện.txt
[62/1243] skip existing file=Chương 62 Tính hiệu.txt
[63/1243] skip existing file=Chương 63 Trước trận chiến.txt
[64/1243] skip existing file=Chương 64 Ionioi Hetairoi.txt
[65/1243] skip existing file=Chương 65 Tinh Tú Khai Tịnh Đất Trời • Enuma Ellish.txt
[66/1243] skip existing file=Chương 66 Kotomine Kirei vs Emiya Kiritsugu.txt
[67/1243] skip existing file=Chương 67 Kotomine Kirei chết.txt
[68/1243] skip existing file=Chương 68 Caster Berserker vs Archer.txt
[69/1243] skip existing file=Chương 69 Đảo ngược tình thế.txt
[70/1243] skip existing file=Chương 70 Gilgamesh rút lui.txt
[71/1243] skip existing file=Chương 71 Excalibur.txt
[72/1243] skip existing file=Chương 72 Lần thứ tư Chén Thánh Chiến Tranh kết thúc.txt
[73/1243] skip existing file=Chương 73 Sau trận chiến an bài.txt
[74/1243] skip existing file=Chương 74 Einzbern pháo đài cùng Euryale.txt
[75/1243] skip existing file=Chương 75 Illyasviel von Einzbern.txt
[76/1243] skip existing file=Chương 76 Đến Asagami gia.txt
[77/1243] skip existing file=Chương 77 Mang Fujino về dạy dỗ Euryale.txt
[78/1243] skip existing file=Chương 78 Rời đi.txt
[79/1243] skip existing file=Chương 79 Rút thưởng cùng Hệ Thống nhắc nhở.txt
[80/1243] skip existing file=Chương 80 Ma Nhãn.txt
[81/1243] skip existing file=Chương 81 Kiyohime.txt
[82/1243] skip existing file=Chương 82 Bất ngờ.txt
[83/1243] skip existing file=Chương 83 Himari hóa hình.txt
[84/1243] skip existing file=Chương 84 Amakawa Genzo.txt
[85/1243] skip existing file=Chương 85 Xã Hội thượng lưu Yến Hội.txt
[86/1243] skip existing file=Chương 86 Shinomiya gia tộc.txt
[87/1243] skip existing file=Chương 87 Nakiri Erina.txt
[88/1243] skip existing file=Chương 88 Shokugeki.txt
[89/1243] skip existing file=Chương 89 Chiến thắng.txt
[90/1243] skip existing file=Chương 90 Shinomiya Kaguya cùng Hayasaka Ai.txt
[91/1243] skip existing file=Chương 91 Yến Hội kết thúc.txt
[92/1243] skip existing file=Chương 92 Nakiri Senzaemon.txt
[93/1243] skip existing file=Chương 93 Lại gặp Yami.txt
[94/1243] skip existing file=Chương 94 Susanoo.txt
[95/1243] skip existing file=Chương 95 Ác Ma.txt
[96/1243] skip existing file=Chương 96 Huấn luyện không ngừng.txt
[97/1243] skip existing file=Chương 97 Quyết định danh ngạch.txt
[98/1243] skip existing file=Chương 98 Sonoda Umi.txt
[99/1243] skip existing file=Chương 99 Umi kinh ngạc.txt
[100/1243] skip existing file=Chương 100 Busujima Saeko.txt
[101/1243] skip existing file=Chương 101 Giảo Thủ.txt
[102/1243] skip existing file=Chương 102 Bị trêu đùa Busujima Saeko.txt
[103/1243] skip existing file=Chương 103 Nhận Đệ Tử.txt
[104/1243] skip existing file=Chương 104 Thực hiện ước định.txt
[105/1243] skip existing file=Chương 105 Natsukawa Masuzu muốn bỏ nhà đi.txt
[106/1243] skip existing file=Chương 106 Khiêu Vũ.txt
[107/1243] skip existing file=Chương 107 Masuzu cùng chúng nữ gặp mặt.txt
[108/1243] skip existing file=Chương 108 Chưa sa đọa thiên sứ.txt
[109/1243] skip existing file=Chương 109 Busujima Ichiro.txt
[110/1243] skip existing file=Chương 110 Thiên Đoạn Vạn Trảm uy lực.txt
[111/1243] skip existing file=Chương 111 Sau này dự tính.txt
[112/1243] skip existing file=Chương 112 Machida Sonoko cùng Hiratsuka Shizuka.txt
[113/1243] skip existing file=Chương 113 Từng người rời đi.txt
[114/1243] skip existing file=Chương 114 Bãi biển.txt
[115/1243] skip existing file=Chương 115 Dạy Masuzu bơi lội.txt
[116/1243] skip existing file=Chương 116 Đập dưa hấu.txt
[117/1243] skip existing file=Chương 117 Yuuto phản kích.txt
[118/1243] skip existing file=Chương 118 Khi dễ hai nữ.txt
[119/1243] skip existing file=Chương 119 Masuzu rời đi.txt
[120/1243] skip existing file=Chương 120 Thế Giới tình huống.txt
[121/1243] skip existing file=Chương 121 5 Centimet trên giây.txt
[122/1243] skip existing file=Chương 122 Gặp lại Sonoko Machida.txt
[123/1243] skip existing file=Chương 123 Erina tạm thời rời đi.txt
[124/1243] skip existing file=Chương 124 Phê Bình.txt
[125/1243] skip existing file=Chương 125 Lại gặp Shokugeki.txt
[126/1243] skip existing file=Chương 126 Người hầu Hōjō Miyoko.txt
[127/1243] skip existing file=Chương 127 Từng người ý định.txt
[128/1243] skip existing file=Chương 128 Akame ga Kill thế giới.txt
[129/1243] skip existing file=Chương 129 Esdeath.txt
[130/1243] skip existing file=Chương 130 Esdeath thuần phục.txt
[131/1243] skip existing file=Chương 131 Triệu Hoán Anh Linh.txt
[132/1243] skip existing file=Chương 132 Chiến trường tình huống.txt
[133/1243] skip existing file=Chương 133 Đế Quốc có hành động.txt
[134/1243] skip existing file=Chương 134 Không đơn giản thế giới.txt
[135/1243] skip existing file=Chương 135 Chiến đấu.txt
[136/1243] skip existing file=Chương 136 Giải quyết.txt
[137/1243] skip existing file=Chương 137 Nghênh chiến.txt
[138/1243] skip existing file=Chương 138 Tức Giận.txt
[139/1243] skip existing file=Chương 139 Chấn nhiếp.txt
[140/1243] skip existing file=Chương 140 Tộc Curtis hội nghị.txt
[141/1243] skip existing file=Chương 141 Tộc Curtis thuần phục.txt
[142/1243] skip existing file=Chương 142 Nửa năm trôi qua.txt
[143/1243] skip existing file=Chương 143 Yuuto mục đích.txt
[144/1243] skip existing file=Chương 144 Akame cùng Kurome.txt
[145/1243] skip existing file=Chương 145 Kurome giá trị.txt
[146/1243] skip existing file=Chương 146 Tỷ muội gặp lại.txt
[147/1243] skip existing file=Chương 147 Yuuto tức giận.txt
[148/1243] skip existing file=Chương 148 Cơ Hội.txt
[149/1243] skip existing file=Chương 149 Đến nơi.txt
[150/1243] skip existing file=Chương 150 Chiến Đấu bạo phát.txt
[151/1243] skip existing file=Chương 151 Đồ Sát.txt
[152/1243] skip existing file=Chương 152 Akame quyết định.txt
[153/1243] skip existing file=Chương 153 Kết Thúc.txt
[154/1243] skip existing file=Chương 154 Akame thiện lương.txt
[155/1243] skip existing file=Chương 155 Akame rời đi.txt
[156/1243] skip existing file=Chương 156 Rinslet Laurenfrost.txt
[157/1243] skip existing file=Chương 157 Mục nát Đế Quốc.txt
[158/1243] skip existing file=Chương 158 Người quen.txt
[159/1243] skip existing file=Chương 159 Cùng Sayo trò chuyện.txt
[160/1243] skip existing file=Chương 160 Tạm chia tay.txt
[161/1243] skip existing file=Chương 161 Tatsumi đến Đế Đô.txt
[162/1243] skip existing file=Chương 162 Leone.txt
[163/1243] skip existing file=Chương 163 Bị lừa gạt Tatsumi.txt
[164/1243] skip existing file=Chương 164 Night Raid hành động.txt
[165/1243] skip existing file=Chương 165 Đế Đô hắc ám.txt
[166/1243] skip existing file=Chương 166 Yuuto vs Night Raid 1.txt
[167/1243] skip existing file=Chương 167 Yuuto vs Night Raid 2.txt
[168/1243] skip existing file=Chương 168 Rời đi.txt
[169/1243] skip existing file=Chương 169 Yuuto kinh khủng.txt
[170/1243] skip existing file=Chương 170 Ouroboros Đế Quốc hành động.txt
[171/1243] skip existing file=Chương 171 Rinslet hành động.txt
[172/1243] skip existing file=Chương 172 Jaegers thành lập.txt
[173/1243] skip existing file=Chương 173 Esdeath trở về.txt
[174/1243] skip existing file=Chương 174 Thiết Toái Nha Tessaiga.txt
[175/1243] skip existing file=Chương 175 Himari chiến đấu.txt
[176/1243] skip existing file=Chương 176 Sóng ngầm bắt đầu nổi lên.txt
[177/1243] skip existing file=Chương 177 Jaegers vs Night Raid.txt
[178/1243] skip existing file=Chương 178 Teresa.txt
[179/1243] skip existing file=Chương 179 Tứ Quỷ Rakshasa chết.txt
[180/1243] skip existing file=Chương 180 Jaegers vs Night Raid chiến đấu 1.txt
[181/1243] skip existing file=Chương 181 Jaegers vs Night Raid chiến đấu 2.txt
[182/1243] skip existing file=Chương 182 Jaegers vs Night Raid chiến đấu 3.txt
[183/1243] skip existing file=Chương 183 Jaegers vs Night Raid chiến đấu 4.txt
[184/1243] skip existing file=Chương 184 Akame phản bội.txt
[185/1243] skip existing file=Chương 185 Yuuto vs Susanoo.txt
[186/1243] skip existing file=Chương 186 Susanoo vs Đế Cụ Susanoo.txt
[187/1243] skip existing file=Chương 187 Ngã xuống Đại Thần Honest.txt
[188/1243] skip existing file=Chương 188 Hỗn loạn bắt đầu.txt
[189/1243] skip existing file=Chương 189 Hỗn loạn bắt đầu.txt
[190/1243] skip existing file=Chương 190 Cuối cùng quyết chiến.txt
[191/1243] skip existing file=Chương 191 Va Chạm.txt
[192/1243] skip existing file=Chương 192 Mới ma thuật kết thúc chiến đấu.txt
[193/1243] skip existing file=Chương 193 Medea.txt
[194/1243] skip existing file=Chương 194 Esdeath khiêu chiến.txt
[195/1243] skip existing file=Chương 195 An bài Night Raid.txt
[196/1243] skip existing file=Chương 196 Night Raid được thả.txt
[197/1243] skip existing file=Chương 197 Yuuto vs Esdeath.txt
[198/1243] skip existing file=Chương 198 Yuuto vs Esdeath 2.txt
[199/1243] skip existing file=Chương 199 Esdeath bại.txt
[200/1243] skip existing file=Chương 200 Akame ga kill kết thúc.txt
[201/1243] skip existing file=Chương 201 Kỹ năng cùng Bảo Cụ.txt
[202/1243] skip existing file=Chương 202 Kuesu u oán.txt
[203/1243] skip existing file=Chương 203 Bất ngờ gặp gỡ.txt
[204/1243] skip existing file=Chương 204 Đến trường học.txt
[205/1243] skip existing file=Chương 205 Mở Hậu Cung tuyên ngôn.txt
[206/1243] skip existing file=Chương 206 Tự giới thiệu.txt
[207/1243] skip existing file=Chương 207 Lớp trưởng.txt
[208/1243] skip existing file=Chương 208 Rất nhiều người quen.txt
[209/1243] skip existing file=Chương 209 Khai giảng.txt
[210/1243] skip existing file=Chương 210 Truyền Kỳ Thời Đại.txt
[211/1243] skip existing file=Chương 211 Sân thượng gặp mặt Kasumigaoka Utaha.txt
[212/1243] skip existing file=Chương 212 Xấu hổ Kasumigaoka Utaha.txt
[213/1243] skip existing file=Chương 213 Cảm thấy thú vị.txt
[214/1243] skip existing file=Chương 214 Ngu ngốc Satanichia.txt
[215/1243] skip existing file=Chương 215 Ako.txt
[216/1243] skip existing file=Chương 216 Gabriel tiếp xúc trò chơi.txt
[217/1243] skip existing file=Chương 217 Gabriel sa đọa bước đầu tiên.txt
[218/1243] skip existing file=Chương 218 Hết cứu Satanichia.txt
[219/1243] skip existing file=Chương 219 Kasumigaoka Utaha mời.txt
[220/1243] skip existing file=Chương 220 Đánh giá.txt
[221/1243] skip existing file=Chương 221 Kasumigaoka Utaha nhờ cậy.txt
[222/1243] skip existing file=Chương 222 Tác phẩm mới Inuyasha.txt
[223/1243] skip existing file=Chương 223 Tổng biên tập khen ngợi.txt
[224/1243] skip existing file=Chương 224 Vô tình gặp Yukinoshita Yukino.txt
[225/1243] skip existing file=Chương 225 Chinh phục hai nữ xử lý.txt
[226/1243] skip existing file=Chương 226 Thất Bại.txt
[227/1243] skip existing file=Chương 227 Busujima Saeko trở về.txt
[228/1243] skip existing file=Chương 228 Chúng nữ bàn luận.txt
[229/1243] skip existing file=Chương 229 Gabriel trốn học.txt
[230/1243] skip existing file=Chương 230 Trêu trọc Kasumigaoka Utaha.txt
[231/1243] skip existing file=Chương 231 Không tiêu đề.txt
[232/1243] skip existing file=Chương 232 Gabriel sa đọa.txt
[233/1243] skip existing file=Chương 233 Không cứu nổi Gabriel.txt
[234/1243] skip existing file=Chương 234 Nero Claudius Ceasar Augustus Germanicus.txt
[235/1243] skip existing file=Chương 235 Sasaki Kojiro.txt
[236/1243] skip existing file=Chương 236 Jack The Ripper.txt
[237/1243] skip existing file=Chương 237 Nero khủng bố tiếng ca.txt
[238/1243] skip existing file=Chương 238 Lớn mật Nero.txt
[239/1243] skip existing file=Chương 239 Không giữ lời Gabriel.txt
[240/1243] skip existing file=Chương 240 Thể dục khóa.txt
[241/1243] skip existing file=Chương 241 Miura Yumiko nhắc nhở.txt
[242/1243] skip existing file=Chương 242 Khiêu chiến.txt
[243/1243] skip existing file=Chương 243 Bắt Đầu.txt
[244/1243] skip existing file=Chương 244 Cuồng vọng.txt
[245/1243] skip existing file=Chương 245 Đi dạo phố.txt
[246/1243] skip existing file=Chương 246 Trêu đùa học tỷ.txt
[247/1243] skip existing file=Chương 247 Thử đồ kết thúc.txt
[248/1243] skip existing file=Chương 248 Lại vào Game.txt
[249/1243] skip existing file=Chương 249 Ako mời.txt
[250/1243] skip existing file=Chương 250 Thường ngày sáng sớm.txt
[251/1243] skip existing file=Chương 251 Trao đổi số điện thoại liên lạc.txt
[252/1243] skip existing file=Chương 252 Biếng nhác thiên sứ đến trường.txt
[253/1243] skip existing file=Chương 253 Không có tiêu đề.txt
[254/1243] skip existing file=Chương 254 Xử lý bộ Happy New Year.txt
[255/1243] skip existing file=Chương 255 Ako tỏ tình.txt
[256/1243] skip existing file=Chương 256 Offline tụ hội.txt
[257/1243] skip existing file=Chương 257 Tụ tập đông đủ.txt
[258/1243] skip existing file=Chương 258 Giới thiệu bản thân.txt
[259/1243] skip existing file=Chương 259 Không có tiêu đề.txt
[260/1243] skip existing file=Chương 260 Uy nghiêm Bá đạo.txt
[261/1243] skip existing file=Chương 261 Phát giác.txt
[262/1243] skip existing file=Chương 262 Run S thiên sứ tới.txt
[263/1243] skip existing file=Chương 263 Bị để mắt tới Yuuto.txt
[264/1243] skip existing file=Chương 264 Sợ chó Satanichia.txt
[265/1243] skip existing file=Chương 265 Học chó sủa Satanichia.txt
[266/1243] skip existing file=Chương 266 Gặp mặt.txt
[267/1243] skip existing file=Chương 267 Satanichia chó sủa Video.txt
[268/1243] skip existing file=Chương 268 Vignette đề nghị.txt
[269/1243] skip existing file=Chương 269 Cùng Ako ngã bài.txt
[270/1243] skip existing file=Chương 270 Gặp học tỷ Ako ghen.txt
[271/1243] skip existing file=Chương 271 Rung động.txt
[272/1243] skip existing file=Chương 272 Gặp mặt Yuuki Asuna.txt
[273/1243] skip existing file=Chương 273 Hai người tò mò.txt
[274/1243] skip existing file=Chương 274 Yukinoshita muốn thiết lập câu lạc bộ.txt
[275/1243] skip existing file=Chương 275 Yukinoshita Yukino thỏa hiệp.txt
[276/1243] skip existing file=Chương 276 Chỉ đạo.txt
[277/1243] skip existing file=Chương 277 Ngắm Hoa Anh Đào.txt
[278/1243] skip existing file=Chương 278 Giao Thủ.txt
[279/1243] skip existing file=Chương 279 Fuurinji Hayato thỏa hiệp.txt
[280/1243] skip existing file=Chương 280 Gabriel tìm hiểu.txt
[281/1243] skip existing file=Chương 281 Fan hâm mộ thêm Vignette một cái.txt
[282/1243] skip existing file=Chương 282 Yên bình sinh hoạt.txt
[283/1243] skip existing file=Chương 283 Nero lại ca hát.txt
[284/1243] skip existing file=Chương 284 Cùng Nero hẹn hò.txt
[285/1243] skip existing file=Chương 285 Tình lữ phần món ăn.txt
[286/1243] skip existing file=Chương 286 Hẹn hò kết thúc Nero ngượng ngùng.txt
[287/1243] skip existing file=Chương 287 Gabriel nguyên vị pantsu.txt
[288/1243] skip existing file=Chương 288 Gabriel đồ lót đến trường sự kiện.txt
[289/1243] skip existing file=Chương 289 Akane ngã bài.txt
[290/1243] skip existing file=Chương 290 CLB Tình Nguyện.txt
[291/1243] skip existing file=Chương 291 Sữa dê đại yêu tinh lại xuất hiện.txt
[292/1243] skip existing file=Chương 292 Haruno bắt đầu để ý.txt
[293/1243] skip existing file=Chương 293 CLB Tình Nguyện ủy thác đầu tiên.txt
[294/1243] skip existing file=Chương 294 Yukinoshita Yukino cùng Gabriel.txt
[295/1243] skip existing file=Chương 295 Trêu đùa Raphiel.txt
[296/1243] skip existing file=Chương 296 Kinh ngạc.txt
[297/1243] skip existing file=Chương 297 Yukinoshita Yukino hâm mộ.txt
[298/1243] skip existing file=Chương 298 Lại đến kho sách.txt
[299/1243] skip existing file=Chương 299 Muốn Manga hóa tiểu thuyết.txt
[300/1243] skip existing file=Chương 300 Sawamura Spencer Eriri.txt
[301/1243] skip existing file=Chương 301 Vô tình gặp được.txt
[302/1243] skip existing file=Chương 302 Bát quái Haruno.txt
[303/1243] skip existing file=Chương 303 Nặng nề kết thúc.txt
[304/1243] skip existing file=Chương 304 Cách đấu trò chơi giải thi đấu.txt
[305/1243] skip existing file=Chương 305 Chiến thắng.txt
[306/1243] skip existing file=Chương 306 Doma Umaru.txt
[307/1243] skip existing file=Chương 307 Chuẩn bị đi du lịch.txt
[308/1243] skip existing file=Chương 308 Đến nhà Ako.txt
[309/1243] skip existing file=Chương 309 Ăn Ako.txt
[310/1243] skip existing file=Chương 310 Ấm áp thời gian.txt
[311/1243] skip existing file=Chương 311 Khởi hành.txt
[312/1243] skip existing file=Chương 312 Doma Umaru kinh ngạc.txt
[313/1243] skip existing file=Chương 313 Đến Hokkaido.txt
[314/1243] skip existing file=Chương 314 Anh Linh có thể hay không mang thai.txt
[315/1243] skip existing file=Chương 315 Kiyohime phục vụ.txt
[316/1243] skip existing file=Chương 316 Bị phát hiện.txt
[317/1243] skip existing file=Chương 317 Ngượng ngùng Shizukawaii.txt
[318/1243] skip existing file=Chương 318 Tiểu Jack sân nhà.txt
[319/1243] skip existing file=Chương 319 Ký tên bán sách.txt
[320/1243] skip existing file=Chương 320 Đến Akihabara.txt
[321/1243] skip existing file=Chương 321 Ký bán hội bắt đầu.txt
[322/1243] skip existing file=Chương 322 Liên tiếp mà đến người quen.txt
[323/1243] skip existing file=Chương 323 Ký bán hội kết thúc cùng phúc lợi.txt
[324/1243] skip existing file=Chương 324 Chuẩn bị vẽ Naruto.txt
[325/1243] skip existing file=Chương 325 Nakiri Alice.txt
[326/1243] skip existing file=Chương 326 Bại Alice.txt
[327/1243] skip existing file=Chương 327 Kiyohime quyết định.txt
[328/1243] skip existing file=Chương 328 Nakiri Senzaemon dự định.txt
[329/1243] skip existing file=Chương 329 Mua bán.txt
[330/1243] skip existing file=Chương 330 Không hợp nhau hai tỷ muội.txt
[331/1243] skip existing file=Chương 331 Vô tình gặp Đại yêu tinh.txt
[332/1243] skip existing file=Chương 332 Đại yêu tinh dụ hoặc.txt
[333/1243] skip existing file=Chương 333 Gặp lại Dango.txt
[334/1243] skip existing file=Chương 334 Kỳ nghỉ kết thúc.txt
[335/1243] skip existing file=Chương 335 Lời đồn.txt
[336/1243] skip existing file=Chương 336 Đáng thương Satanichia.txt
[337/1243] skip existing file=Chương 337 Kinh ngạc.txt
[338/1243] skip existing file=Chương 338 Gậy ông đập lưng ông.txt
[339/1243] skip existing file=Chương 339 Yukinoshita Yukino xin lỗi.txt
[340/1243] skip existing file=Chương 340 Xử lý khóa.txt
[341/1243] skip existing file=Chương 341 Rung động.txt
[342/1243] skip existing file=Chương 342 Gabriel muốn khắc kim.txt
[343/1243] skip existing file=Chương 343 Gabriel muốn đi làm thêm.txt
[344/1243] skip existing file=Chương 344 Đi làm Thiên Sứ.txt
[345/1243] skip existing file=Chương 345 Mặc hầu gái trang Gabriel.txt
[346/1243] skip existing file=Chương 346 Bận rộn Gabriel.txt
[347/1243] skip existing file=Chương 347 Trước khi nghỉ hè dự tính.txt
[348/1243] skip existing file=Chương 348 Bị chơi hỏng Satanichia.txt
[349/1243] skip existing file=Chương 349 Gia nhập Hội Học Sinh.txt
[350/1243] skip existing file=Chương 350 Bàn bạc.txt
[351/1243] skip existing file=Chương 351 Chuẩn bị.txt
[352/1243] skip existing file=Chương 352 Trời Mưa.txt
[353/1243] skip existing file=Chương 353 Esdeath cùng Shigure sơ giao phong.txt
[354/1243] skip existing file=Chương 354 Đồ bơi chúng nữ.txt
[355/1243] skip existing file=Chương 355 Thoa kem chống nắng.txt
[356/1243] skip existing file=Chương 356 Không nhấc nổi tinh thần Gabriel.txt
[357/1243] skip existing file=Chương 357 Lại bị hố Satanichia.txt
[358/1243] skip existing file=Chương 358 Bất ngờ phần thưởng.txt
[359/1243] skip existing file=Chương 359 Uống Rượu.txt
[360/1243] skip existing file=Chương 360 Pháo hoa.txt
[361/1243] skip existing file=Chương 361 Không tiêu đề.txt
[362/1243] skip existing file=Chương 362 Đáy biển đi dạo.txt
[363/1243] skip existing file=Chương 363 Bãi biển du lịch kết thúc.txt
[364/1243] skip existing file=Chương 364 Yukihira một nhà.txt
[365/1243] skip existing file=Chương 365 Shirogane Kei.txt
[366/1243] skip existing file=Chương 366 Shizukawaii lại ra mắt thất bại.txt
[367/1243] skip existing file=Chương 367 Nghỉ hè kết thúc.txt
[368/1243] skip existing file=Chương 368 Satanichia vũ khí bí mật.txt
[369/1243] skip existing file=Chương 369 Lễ hội sân trường sắp đến.txt
[370/1243] skip existing file=Chương 370 Chọn ra ủy ban thành viên.txt
[371/1243] skip existing file=Chương 371 Ủy ban cuộc họp.txt
[372/1243] skip existing file=Chương 372 Lễ Hội Học Viện chuẩn bị đang tiến hành.txt
[373/1243] skip existing file=Chương 373 Chuẩn bị kết thúc.txt
[374/1243] skip existing file=Chương 374 Bày bán.txt
[375/1243] skip existing file=Chương 375 Vô cùng bận rộn.txt
[376/1243] skip existing file=Chương 376 Cùng chúng nữ hẹn hò.txt
[377/1243] skip existing file=Chương 377 Lễ hội văn hóa kết thúc.txt
[378/1243] skip existing file=Chương 378 Bị trừ tiền sinh hoạt Vignette.txt
[379/1243] skip existing file=Chương 379 Khuyên bảo Vignette giết người.txt
[380/1243] skip existing file=Chương 380 Giải quyết.txt
[381/1243] skip existing file=Chương 381 Anime hóa tiểu thuyết.txt
[382/1243] skip existing file=Chương 382 Bắt đầu vẽ Manga.txt
[383/1243] skip existing file=Chương 383 Đăng nhiều kỳ.txt
[384/1243] skip existing file=Chương 384 Naruto mang đến rung động.txt
[385/1243] skip existing file=Chương 385 Raphiel vấn đề.txt
[386/1243] skip existing file=Chương 386 Raphiel cảm kích.txt
[387/1243] skip existing file=Chương 387 Chạy cự ly dài.txt
[388/1243] skip existing file=Chương 388 Ác miệng Yukinoshita.txt
[389/1243] skip existing file=Chương 389 Áp lực nặng nề Yukinoshita Yukino.txt
[390/1243] skip existing file=Chương 390 Chúng nữ ngâm mình suối nước nóng.txt
[391/1243] skip existing file=Chương 391 Halloween.txt
[392/1243] skip existing file=Chương 392 Lại bị chó dành mất bánh dứa sa Satanichia.txt
[393/1243] skip existing file=Chương 393 Lễ giáng sinh tới.txt
[394/1243] skip existing file=Chương 394 Ông già Noel trang phục.txt
[395/1243] skip existing file=Chương 395 Trêu đùa Utaha.txt
[396/1243] skip existing file=Chương 396 Chủ động Goshouin Kyou.txt
[397/1243] skip existing file=Chương 397 Amakawa Yuuto Hậu Cung nhóm.txt
[398/1243] skip existing file=Chương 398 Uống say Gabriel.txt
[399/1243] skip existing file=Chương 399 Untitled.txt
[400/1243] skip existing file=Chương 400 Bại lộ.txt
[401/1243] skip existing file=Chương 401 Xóa ký ức.txt
[402/1243] skip existing file=Chương 402 Tà giáo tổ ba người.txt
[403/1243] skip existing file=Chương 403 Quyết định.txt
[404/1243] skip existing file=Chương 404 Kuesu tức giận.txt
[405/1243] skip existing file=Chương 405 Kuesu thủ đoạn.txt
[406/1243] skip existing file=Chương 406 Trở lại Akame thế giới.txt
[407/1243] skip existing file=Chương 407 Phát Triển.txt
[408/1243] skip existing file=Chương 408 Nhân từ Najenda.txt
[409/1243] skip existing file=Chương 409 Đi săn.txt
[410/1243] skip existing file=Chương 410 Saeko mục tiêu.txt
[411/1243] skip existing file=Chương 411 Loạn chiến.txt
[412/1243] skip existing file=Chương 412 Kết thúc.txt
[413/1243] skip existing file=Chương 413 An bài.txt
[414/1243] skip existing file=Chương 414 Gabriel trở về.txt
[415/1243] skip existing file=Chương 415 Thiện lương Satanichia.txt
[416/1243] skip existing file=Chương 416 Nuôi dưỡng tiểu cẩu Satanichia.txt
[417/1243] skip existing file=Chương 417 Zelel buông xuống.txt
[418/1243] skip existing file=Chương 418 Tuyệt vọng Gabriel.txt
[419/1243] skip existing file=Chương 419 Thần thao tác Gabriel.txt
[420/1243] skip existing file=Chương 420 Tỷ tỷ cùng muội muội.txt
[421/1243] skip existing file=Chương 421 Biểu diễn thời gian đã đến.txt
[422/1243] skip existing file=Chương 422 Hèn hạ Gabriel.txt
[423/1243] skip existing file=Chương 423 Gabriel rời đi.txt
[424/1243] skip existing file=Chương 424 Gabriel trở về.txt
[425/1243] skip existing file=Chương 425 Ảnh Hậu Gabriel.txt
[426/1243] skip existing file=Chương 426 Trong Game trò chuyện.txt
[427/1243] skip existing file=Chương 427 Bại lộ Gabriel.txt
[428/1243] skip existing file=Chương 428 Nhân sinh như kịch toàn bộ nhờ diễm kỹ.txt
[429/1243] skip existing file=Chương 429 Kasumigaoka Utaha u oán.txt
[430/1243] skip existing file=Chương 430 Hai nữ giao phong.txt
[431/1243] skip existing file=Chương 431 Chiêu đãng hoàng kim kịch trường.txt
[432/1243] skip existing file=Chương 432 Tam nữ chất vấn.txt
[433/1243] skip existing file=Chương 433 Không tiêu đề.txt
[434/1243] skip existing file=Chương 434 Takamiya Mio.txt
[435/1243] skip existing file=Chương 435 Takamiya Mana.txt
[436/1243] skip existing file=Chương 436 Cùng Mio hẹn hò.txt
[437/1243] skip existing file=Chương 437 Không nghĩ ra tiêu đề.txt
[438/1243] skip existing file=Chương 438 Elliot Baldwin Woodman.txt
[439/1243] skip existing file=Chương 439 Westcott đuổi tới.txt
[440/1243] skip existing file=Chương 440 Bạo phát chiến đấu.txt
[441/1243] skip existing file=Chương 441 Thiêu đốt sinh mệnh.txt
[442/1243] skip existing file=Chương 442 Kết thúc.txt
[443/1243] skip existing file=Chương 443 Hai mươi bảy năm sau gặp lại Mio.txt
[444/1243] skip existing file=Chương 444 Itsuka Kotori.txt
[445/1243] skip existing file=Chương 445 Ngăn cản bi kịch.txt
[446/1243] skip existing file=Chương 446 Mio chuyển đến.txt
[447/1243] skip existing file=Chương 447 Yoimachi Tsukino đĩa cd.txt
[448/1243] skip existing file=Chương 448 Nguy hiểm thiếu nữ.txt
[449/1243] skip existing file=Chương 449 Tokisaki Kurumi.txt
[450/1243] skip existing file=Chương 450 Thiên sứ Zaphkiel Zafkiel.txt
[451/1243] skip existing file=Chương 451 Chiến đấu.txt
[452/1243] skip existing file=Chương 452 Bắt được Tokisaki Kurumi.txt
[453/1243] skip existing file=Chương 453 Mana nỗ lực.txt
[454/1243] skip existing file=Chương 454 Không tiêu đề.txt
[455/1243] skip existing file=Chương 455 Izayoi Miku.txt
[456/1243] skip existing file=Chương 456 Ca Cơ Diva sinh ra.txt
[457/1243] skip existing file=Chương 457 Muốn dùng sắc dụ Tokisaki Kurumi.txt
[458/1243] skip existing file=Chương 458 Gặp lại Origami.txt
[459/1243] skip existing file=Chương 459 Ba không thiếu nữ Origami.txt
[460/1243] skip existing file=Chương 460 Chủ động.txt
[461/1243] skip existing file=Chương 461 Cùng Tokisaki Kurumi ở chung thường ngày.txt
[462/1243] skip existing file=Chương 462 Cùng Origami hẹn hò.txt
[463/1243] skip existing file=Chương 463 Si nữ Origami.txt
[464/1243] skip existing file=Chương 464 Ăn Origami.txt
[465/1243] skip existing file=Chương 465 Kurumi nhìn thấy Mio.txt
[466/1243] skip existing file=Chương 466 Kurumi nổi điên.txt
[467/1243] skip existing file=Chương 467 Kết thúc.txt
[468/1243] skip existing file=Chương 468 Kịch bản bắt đầu.txt
[469/1243] skip existing file=Chương 469 Tonomachi Hiroto cùng Ai Mai Mii tổ ba người.txt
[470/1243] skip existing file=Chương 470 Rung động.txt
[471/1243] skip existing file=Chương 471 Công chúa Princess buông xuống.txt
[472/1243] skip existing file=Chương 472 Tohka vs Origami.txt
[473/1243] skip existing file=Chương 473 Á Servant Mash Kyrielight.txt
[474/1243] skip existing file=Chương 474 Bánh mì đậu nành.txt
[475/1243] skip existing file=Chương 475 Thành công.txt
[476/1243] skip existing file=Chương 476 Lấy tên Tohka.txt
[477/1243] skip existing file=Chương 477 Phong ấn Tohka.txt
[478/1243] skip existing file=Chương 478 Tức giận Kotori.txt
[479/1243] skip existing file=Chương 479 Ăn hàng Tohka.txt
[480/1243] skip existing file=Chương 480 Đến trường.txt
[481/1243] skip existing file=Chương 481 Tohka vs Origami.txt
[482/1243] skip existing file=Chương 482 Cố gắng quá độ Murasame Reine.txt
[483/1243] skip existing file=Chương 483 Phúc lợi buổi sáng.txt
[484/1243] skip existing file=Chương 484 Yoshino.txt
[485/1243] skip existing file=Chương 485 Yoshino rời đi.txt
[486/1243] skip existing file=Chương 486 Yoshino lại xuất hiện.txt
[487/1243] skip existing file=Chương 487 Gặp lại Yoshino.txt
[488/1243] skip existing file=Chương 488 Cùng Yoshino giao lưu.txt
[489/1243] skip existing file=Chương 489 Phong ấn Yoshino.txt
[490/1243] skip existing file=Chương 490 Sau đó.txt
[491/1243] skip existing file=Chương 491 Mana đến.txt
[492/1243] skip existing file=Chương 492 Tokisaki Kurumi trở về.txt
[493/1243] skip existing file=Chương 493 Lớn mật Kurumi.txt
[494/1243] skip existing file=Chương 494 Mana vs Kurumi.txt
[495/1243] skip existing file=Chương 495 Cùng Kurumi hẹn hò.txt
[496/1243] skip existing file=Chương 496 Hẹn hò tiến hành lúc.txt
[497/1243] skip existing file=Chương 497 Mèo nô Kurumi.txt
[498/1243] skip existing file=Chương 498 Kết thúc.txt
[499/1243] skip existing file=Chương 499 Không có tiêu đề.txt
[500/1243] skip existing file=Chương 500 Dạ Tập Kurumi.txt
[501/1243] skip existing file=Chương 501 Kurumi mục tiêu.txt
[502/1243] skip existing file=Chương 502 Kurumi quy tâm.txt
[503/1243] skip existing file=Chương 503 Hassan of Serenity.txt
[504/1243] skip existing file=Chương 504 Điên cuồng giai Lancelot.txt
[505/1243] skip existing file=Chương 505 Tiến công.txt
[506/1243] skip existing file=Chương 506 Artemisia Ashcroft.txt
[507/1243] skip existing file=Chương 507 Dị biến xảy ra.txt
[508/1243] skip existing file=Chương 508 Đảo Ngược.txt
[509/1243] skip existing file=Chương 509 Phong ấn Nia.txt
[510/1243] skip existing file=Chương 510 Nia khôi phục.txt
[511/1243] skip existing file=Chương 511 Cùng tam nữ đến Akihabara.txt
[512/1243] skip existing file=Chương 512 Cùng chúng Nia ngã bài.txt
[513/1243] skip existing file=Chương 513 Nghỉ hè du học lữ hành.txt
[514/1243] skip existing file=Chương 514 Mua đồ bơi.txt
[515/1243] skip existing file=Chương 515 DEM giám thị.txt
[516/1243] skip existing file=Chương 516 Không tiêu đề.txt
[517/1243] skip existing file=Chương 517 Yamai tỷ muội xuất hiện.txt
[518/1243] skip existing file=Chương 518 Đề tài thi đấu.txt
[519/1243] skip existing file=Chương 519 Định xuống quyết đấu đề tài.txt
[520/1243] skip existing file=Chương 520 Chúng nữ tranh chấp.txt
[521/1243] skip existing file=Chương 521 Cùng Reina trò chuyện.txt
[522/1243] skip existing file=Chương 522 Đơn thuần Yamai tỷ muội.txt
[523/1243] skip existing file=Chương 523 Ngượng ngùng Yamai tỷ muội.txt
[524/1243] skip existing file=Chương 524 Ăn sạch Yamai tỷ muội.txt
[525/1243] skip existing file=Chương 525 Mash vs Yamai tỷ muội.txt
[526/1243] skip existing file=Chương 526 Mash đêm.txt
[527/1243] skip existing file=Chương 527 Không tiêu đề.txt
[528/1243] skip existing file=Chương 528 Bóng chuyền bãi biển.txt
[529/1243] skip existing file=Chương 529 Hợp tác.txt
[530/1243] skip existing file=Chương 530 Kết quả.txt
[531/1243] skip existing file=Chương 531 DEM đột kích.txt
[532/1243] skip existing file=Chương 532 Thẳng thắn Yamai tỷ muội.txt
[533/1243] skip existing file=Chương 533 Lancelot vs Ellen.txt
[534/1243] skip existing file=Chương 534 Dị biến.txt
[535/1243] skip existing file=Chương 535 Dung hợp.txt
[536/1243] skip existing file=Chương 536 Giải quyết.txt
[537/1243] skip existing file=Chương 537 Ăn Tohka.txt
[538/1243] skip existing file=Chương 538 Mash tiểu thắng lợi.txt
[539/1243] skip existing file=Chương 539 Miku trở về.txt
[540/1243] skip existing file=Chương 540 Bị trừng phạt Miku.txt
[541/1243] skip existing file=Chương 541 Lễ hội Tenou.txt
[542/1243] skip existing file=Chương 542 Lại phải làm ủy viên.txt
[543/1243] skip existing file=Chương 543 Bắt giữ kế hoạch.txt
[544/1243] skip existing file=Chương 544 Kusakabe Ryouko đến.txt
[545/1243] skip existing file=Chương 545 Biệt Thiên Thần.txt
[546/1243] skip existing file=Chương 546 Bàn bạc.txt
[547/1243] skip existing file=Chương 547 Kế Hoạch.txt
[548/1243] skip existing file=Chương 548 Avenger • Jeanne Alter.txt
[549/1243] skip existing file=Chương 549 Edmond Dantes.txt
[550/1243] skip existing file=Chương 550 Chiến đấu bạo phát.txt
[551/1243] skip existing file=Chương 551 Bảo Cụ giải phóng.txt
[552/1243] skip existing file=Chương 552 Kotori ra tay.txt
[553/1243] skip existing file=Chương 553 To lớn thân ảnh màu đen.txt
[554/1243] skip existing file=Chương 554 Tà Long Fafnir.txt
[555/1243] skip existing file=Chương 555 Thiên Sứ Origami.txt
[556/1243] skip existing file=Chương 556 Chiến đấu kết thúc.txt
[557/1243] skip existing file=Chương 557 Kết thúc lễ hội.txt
[558/1243] skip existing file=Chương 558 Muốn hủy diệt DEM.txt
[559/1243] skip existing file=Chương 559 Kotori dị thường trạng thái.txt
[560/1243] skip existing file=Chương 560 Cùng Kotori hẹn hò.txt
[561/1243] skip existing file=Chương 561 Kotori vui vẻ.txt
[562/1243] skip existing file=Chương 562 Kotori cùng Nia.txt
[563/1243] skip existing file=Chương 563 Không dậy nổi Nia.txt
[564/1243] skip existing file=Chương 564 Mayuri tài quyết.txt
[565/1243] skip existing file=Chương 565 Cùng Yamai Kaguya hẹn hò.txt
[566/1243] skip existing file=Chương 566 Cùng Yoshino hẹn hò.txt
[567/1243] skip existing file=Chương 567 Học được kiên cường Yoshino.txt
[568/1243] skip existing file=Chương 568 Cùng Origami hẹn hò.txt
[569/1243] skip existing file=Chương 569 Không tiết tháo Origami.txt
[570/1243] skip existing file=Chương 570 Yuzuru bạo gan đề nghị.txt
[571/1243] skip existing file=Chương 571 Nia muốn vẽ Date a live.txt
[572/1243] skip existing file=Chương 572 Phố ăn vặt.txt
[573/1243] skip existing file=Chương 573 Kurumi muốn kết hôn.txt
[574/1243] skip existing file=Chương 574 Hẹn hò kết thúc.txt
[575/1243] skip existing file=Chương 575 Lôi Đình Thành Đường «Kerubiel».txt
[576/1243] skip existing file=Chương 576 Hoàng Viêm Chi Kiếm Lahathelev.txt
[577/1243] skip existing file=Chương 577 Luân Chuyển Thắng Lợi Chi Kiếm.txt
[578/1243] skip existing file=Chương 578 Kết thúc sự kiện.txt
[579/1243] skip existing file=Chương 579 Cùng Mayuri hẹn hò.txt
[580/1243] skip existing file=Chương 580 Có Tinh Linh hiện giới.txt
[581/1243] skip existing file=Chương 581 Vu Nữ Natsumi.txt
[582/1243] skip existing file=Chương 582 Phong ấn Natsumi.txt
[583/1243] skip existing file=Chương 583 Natsumi biến hóa.txt
[584/1243] skip existing file=Chương 584 Còn kém một cái cuối cùng.txt
[585/1243] skip existing file=Chương 585 Ngoài vũ trụ.txt
[586/1243] skip existing file=Chương 586 Hoshimiya Mukuro.txt
[587/1243] skip existing file=Chương 587 Mang Mukuro trở về.txt
[588/1243] skip existing file=Chương 588 Mukuro quy tâm.txt
[589/1243] skip existing file=Chương 589 Dung hợp.txt
[590/1243] skip existing file=Chương 590 Toàn Trí Toàn Năng chi Thư.txt
[591/1243] skip existing file=Chương 591 Sawa cùng Kurumi.txt
[592/1243] skip existing file=Chương 592 Cho chúng nữ làm thủ tục nhập học.txt
[593/1243] skip existing file=Chương 593 Trong văn phòng làm việc.txt
[594/1243] skip existing file=Chương 594 Cùng Utaha hẹn hò.txt
[595/1243] skip existing file=Chương 595 Bất ngờ tình huống.txt
[596/1243] skip existing file=Chương 596 Đến nhà Shizukawaii.txt
[597/1243] skip existing file=Chương 597 KKhông nghĩ ra tiêu đề.txt
[598/1243] skip existing file=Chương 598 Một đám tiểu la lỵ.txt
[599/1243] skip existing file=Chương 599 Hài hòa thường ngày.txt
[600/1243] skip existing file=Chương 600 Haruno dự định.txt
[601/1243] skip existing file=Chương 601 Mang bốn cái tiểu la lỵ đi ra ngoài.txt
[602/1243] skip existing file=Chương 602 vô tình gặp phải Yukinoshita hai tỷ muội.txt
[603/1243] skip existing file=Chương 603 Báo cảnh sát.txt
[604/1243] skip existing file=Chương 604 Trêu đùa Haruno.txt
[605/1243] skip existing file=Chương 605 Shiina Mashiro.txt
[606/1243] skip existing file=Chương 606 Mashiro chuyển đến.txt
[607/1243] skip existing file=Chương 607 Sinh hoạt đứa đần Shiina Mashiro.txt
[608/1243] skip existing file=Chương 608 Chăm sóc Mashiro.txt
[609/1243] skip existing file=Chương 609 Khai giảng.txt
[610/1243] skip existing file=Chương 610 Rất nhiều người quen.txt
[611/1243] skip existing file=Chương 611 Yuigahama Yui nguy hiểm ý nghĩ.txt
[612/1243] skip existing file=Chương 612 muốn đối với CLB ra tay.txt
[613/1243] skip existing file=Chương 613 Bắt đầu ra tay.txt
[614/1243] skip existing file=Chương 614 Quyết Định.txt
[615/1243] skip existing file=Chương 615 Quyết định.txt
[616/1243] skip existing file=Chương 616 Sengoku Chihiro.txt
[617/1243] skip existing file=Chương 617 Yuigahama Yui tìm giúp đỡ.txt
[618/1243] skip existing file=Chương 618 Yuigahama ủy thác.txt
[619/1243] skip existing file=Chương 619 Thử độc bắt đầu.txt
[620/1243] skip existing file=Chương 620 Hay nghiêng hợp ngươi khác Yuigahama Yui.txt
[621/1243] skip existing file=Chương 621 Rót vào Tâm ý món ăn.txt
[622/1243] skip existing file=Chương 622 Yui lễ vật.txt
[623/1243] skip existing file=Chương 623 Mash đến.txt
[624/1243] skip existing file=Chương 624 Mayuri đến CLB Tình Nguyện.txt
[625/1243] skip existing file=Chương 625 Mayuri nỗ lực.txt
[626/1243] skip existing file=Chương 626 Yukino nhóm người đến.txt
[627/1243] skip existing file=Chương 627 Mèo nô Yukino.txt
[628/1243] skip existing file=Chương 628 Học viện thần tượng Mộng tượng bắt đầu chỗ.txt
[629/1243] skip existing file=Chương 629 Nghiêm túc Honoka.txt
[630/1243] skip existing file=Chương 630 Gabriel thông báo.txt
[631/1243] skip existing file=Chương 631 Cùng Gabriel giao dịch.txt
[632/1243] skip existing file=Chương 632 Gặp lại Zelel.txt
[633/1243] skip existing file=Chương 633 Nói chuyện.txt
[634/1243] skip existing file=Chương 634 Yuuto mưu đồ.txt
[635/1243] skip existing file=Chương 635 mang Mashiro đến CLB.txt
[636/1243] skip existing file=Chương 636 Thiên nhiên hắc Mashiro.txt
[637/1243] skip existing file=Chương 637 Tà giáo đầu lĩnh Honoka.txt
[638/1243] skip existing file=Chương 638 Muse kỳ tích.txt
[639/1243] skip existing file=Chương 639 Không tầm thường Toujou Nozomi.txt
[640/1243] skip existing file=Chương 640 Đùa giỡn tổ ba người.txt
[641/1243] skip existing file=Chương 641 Ngượng ngùng Kotori.txt
[642/1243] skip existing file=Chương 642 Katou Megumi.txt
[643/1243] skip existing file=Chương 643 Đi làm thêm Vignette.txt
[644/1243] skip existing file=Chương 644 Mashiro lễ vật.txt
[645/1243] skip existing file=Chương 645 Trong Thư viện thỏ nữ lang.txt
[646/1243] skip existing file=Chương 646 Sakurajima Mai.txt
[647/1243] skip existing file=Chương 647 Sakurajima Mai cảm kích.txt
[648/1243] skip existing file=Chương 648 Tuổi dậy thì hội chứng.txt
[649/1243] skip existing file=Chương 649 CLB Tình Nguyện đám người tam quan vỡ vụn.txt
[650/1243] skip existing file=Chương 650 Schrödinger mèo.txt
[651/1243] skip existing file=Chương 651 Thân nhân quên mất.txt
[652/1243] skip existing file=Chương 652 Sakurajima Mai cảm kích.txt
[653/1243] skip existing file=Chương 653 Yếu đuối bất lực học tỷ.txt
[654/1243] skip existing file=Chương 654 Bất lực Yukinoshita Yukino.txt
[655/1243] skip existing file=Chương 655 Không nghĩ ra tiêu đề.txt
[656/1243] skip existing file=Chương 656 Thỏ nữ lang học tỷ thẹn thùng.txt
[657/1243] skip existing file=Chương 657 Giải quyết.txt
[658/1243] skip existing file=Chương 658 Quan hệ rút ngắn.txt
[659/1243] skip existing file=Chương 659 Kotori ý nghĩ.txt
[660/1243] skip existing file=Chương 660 Vây công Yuuto.txt
[661/1243] skip existing file=Chương 661 Figneria thuần phục.txt
[662/1243] skip existing file=Chương 662 Tấn Công.txt
[663/1243] skip existing file=Chương 663 Xâm nhập.txt
[664/1243] skip existing file=Chương 664 Đàm phán.txt
[665/1243] skip existing file=Chương 665 Thu xếp.txt
[666/1243] skip existing file=Chương 666 Lựa chọn.txt
[667/1243] skip existing file=Chương 667 Thần Tích.txt
[668/1243] skip existing file=Chương 668 Thái độ thay đổi.txt
[669/1243] skip existing file=Chương 669 Đến Otonokizaka.txt
[670/1243] skip existing file=Chương 670 Nishikino Maki.txt
[671/1243] skip existing file=Chương 671 Nishikino Maki rung động.txt
[672/1243] skip existing file=Chương 672 Bị chơi hỏng Umi.txt
[673/1243] skip existing file=Chương 673 Ayase Eli.txt
[674/1243] skip existing file=Chương 674 Cùng Ayase Eli đổ ước.txt
[675/1243] skip existing file=Chương 675 Sakurajima Mai quyết định.txt
[676/1243] skip existing file=Chương 676 Katou Megumi ủy thác.txt
[677/1243] skip existing file=Chương 677 Hay bị người quên Katou Megumi.txt
[678/1243] skip existing file=Chương 678 Hoán đổi vị trí.txt
[679/1243] skip existing file=Chương 679 Nhìn bầu không khí Yui.txt
[680/1243] skip existing file=Chương 680 Gay gắt.txt
[681/1243] skip existing file=Chương 681 Không nghĩ ra tiêu đề.txt
[682/1243] skip existing file=Chương 682 Bằng hữu.txt
[683/1243] skip existing file=Chương 683 Mắt cá chết cùng trung nhị mập mạp.txt
[684/1243] skip existing file=Chương 684 đánh giá tiểu thuyết.txt
[685/1243] skip existing file=Chương 685 Ngủ mỹ nhân.txt
[686/1243] skip existing file=Chương 686 Đâm tâm bình luận.txt
[687/1243] skip existing file=Chương 687 Tẩy não.txt
[688/1243] skip existing file=Chương 688 Hoshinoumi học viện.txt
[689/1243] skip existing file=Chương 689 Umi thẹn thùng.txt
[690/1243] skip existing file=Chương 690 Các thiếu nữ đang trưởng thành.txt
[691/1243] skip existing file=Chương 691 Tennis đại tái.txt
[692/1243] skip existing file=Chương 692 Yamai tỷ muội tín toán.txt
[693/1243] skip existing file=Chương 693 Totsuka ủy thác.txt
[694/1243] skip existing file=Chương 694 Để người hâm mộ Yui.txt
[695/1243] skip existing file=Chương 695 Gian khổ huấn luyện.txt
[696/1243] skip existing file=Chương 696 Thái độ biến hóa.txt
[697/1243] skip existing file=Chương 697 Xinh đẹp phong cảnh.txt
[698/1243] skip existing file=Chương 698 Trước Live chuẩn bị.txt
[699/1243] skip existing file=Chương 699 Phía sau hậu trường.txt
[700/1243] skip existing file=Chương 700 Thẹn thùng Umi.txt
[701/1243] skip existing file=Chương 701 Vắng vẻ sân khấu.txt
[702/1243] skip existing file=Chương 702 START DASH.txt
[703/1243] skip existing file=Chương 703 Thành công Live.txt
[704/1243] skip existing file=Chương 704 Muse sớm tập hợp.txt
[705/1243] skip existing file=Chương 705 Gặp lại kim mao bại khuyển.txt
[706/1243] skip existing file=Chương 706 Akihabara chiêu bài nữ bộc Minalinsky.txt
[707/1243] skip existing file=Chương 707 Đặc thù phục vụ.txt
[708/1243] skip existing file=Chương 708 Bị ác ma thánh quang sáng mù mắt thiên sứ.txt
[709/1243] skip existing file=Chương 709 Lộ Pantsu thiên sứ.txt
[710/1243] skip existing file=Chương 710 Thê thảm Satanichia.txt
[711/1243] skip existing file=Chương 711 Thẹn thùng Kotori.txt
[712/1243] skip existing file=Chương 712 Sắp xếp.txt
[713/1243] skip existing file=Chương 713 Thực tập.txt
[714/1243] skip existing file=Chương 714 Tương lai mỗi người.txt
[715/1243] skip existing file=Chương 715 Yukino bất mãn.txt
[716/1243] skip existing file=Chương 716 Yukinoshita nhà phản ứng.txt
[717/1243] skip existing file=Chương 717 Cơ hội.txt
[718/1243] skip existing file=Chương 718 Trao đổi số liên lạc.txt
[719/1243] skip existing file=Chương 719 Mắt xích tin nhắn sự kiện.txt
[720/1243] skip existing file=Chương 720 Chân tướng sự việc.txt
[721/1243] skip existing file=Chương 721 Cách giải quyết.txt
[722/1243] skip existing file=Chương 722 Chỉ đạo viên kiêm người đại diện.txt
[723/1243] skip existing file=Chương 723 Phản đối nguyên nhân.txt
[724/1243] skip existing file=Chương 724 Minami Hiyoko.txt
[725/1243] skip existing file=Chương 725 Thương Lượng.txt
[726/1243] skip existing file=Chương 726 Muse chín người.txt
[727/1243] skip existing file=Chương 727 Bến cảng.txt
[728/1243] skip existing file=Chương 728 Shirogane Miyuki.txt
[729/1243] skip existing file=Chương 729 Dò hỏi tin tức.txt
[730/1243] skip existing file=Chương 730 Đến Mộng Huyễn Đảo.txt
[731/1243] skip existing file=Chương 731 Yume to Hazakura.txt
[732/1243] skip existing file=Chương 732 Học cặn bã ba người.txt
[733/1243] skip existing file=Chương 733 Sắp xếp.txt
[734/1243] skip existing file=Chương 734 Kinh khủng Yuuto.txt
[735/1243] skip existing file=Chương 735 Maki ngượng ngùng.txt
[736/1243] skip existing file=Chương 736 Gặp phụ huynh.txt
[737/1243] skip existing file=Chương 737 Đưa Kotori trở về nhà.txt
[738/1243] skip existing file=Chương 738 Yến hội.txt
[739/1243] skip existing file=Chương 739 Gặp lại Shinomiya Kaguya.txt
[740/1243] skip existing file=Chương 740 Mê mang Yukino.txt
[741/1243] skip existing file=Chương 741 Tiếp nhận trợ giúp Yukino.txt
[742/1243] skip existing file=Chương 742 Một cơ hội.txt
[743/1243] skip existing file=Chương 743 Fujiwara Chika.txt
[744/1243] skip existing file=Chương 744 Gặp lại Nakiri Erina.txt
[745/1243] skip existing file=Chương 745 Nakiri Leonora.txt
[746/1243] skip existing file=Chương 746 Đệ tứ thú.txt
[747/1243] skip existing file=Chương 747 Ảnh chụp.txt
[748/1243] skip existing file=Chương 748 Hoàn tất chuẩn bị.txt
[749/1243] skip existing file=Chương 749 Kousaka Yukiho cùng Ayase Alisa.txt
[750/1243] skip existing file=Chương 750 Trắc nghiệm.txt
[751/1243] skip existing file=Chương 751 Cao cấp tư chất.txt
[752/1243] skip existing file=Chương 752 Ma Nhãn.txt
[753/1243] skip existing file=Chương 753 Yukinoshita gia bí mật.txt
[754/1243] skip existing file=Chương 754 Cùng Haruno trò chuyện.txt
[755/1243] skip existing file=Chương 755 Haruno hâm mộ.txt
[756/1243] skip existing file=Chương 756 Haruno sơ hôn.txt
[757/1243] skip existing file=Chương 757 Thích hợp ma pháp.txt
[758/1243] skip existing file=Chương 758 Sonoko Machida quyết định.txt
[759/1243] skip existing file=Chương 759 Không nghĩ ra tiêu đề.txt
[760/1243] skip existing file=Chương 760 Đấu giá hội bắt đầu.txt
[761/1243] skip existing file=Chương 761 Đấu giá hội 1.txt
[762/1243] skip existing file=Chương 762 Đấu giá hội 2.txt
[763/1243] skip existing file=Chương 763 Đấu giá hội 3.txt
[764/1243] skip existing file=Chương 764 Đấu giá hội 4.txt
[765/1243] skip existing file=Chương 765 Đấu giá hội kết.txt
[766/1243] skip existing file=Chương 766 Pháp tổ Anh Linh.txt
[767/1243] skip existing file=Chương 767 Fou cùng Merlin.txt
[768/1243] skip existing file=Chương 768 Thảm không tả nổi Merlin.txt
[769/1243] skip existing file=Chương 769 Jeanne Alter ngượng ngùng.txt
[770/1243] skip existing file=Chương 770 Hai người buổi hòa nhạc.txt
[771/1243] skip existing file=Chương 771 Kinh khủng buổi hòa nhạc.txt
[772/1243] skip existing file=Chương 772 Cắt ngang giữa chừng.txt
[773/1243] skip existing file=Chương 773 Bị đả kích Nero cùng Elizabeth.txt
[774/1243] skip existing file=Chương 774 Jeanne Alter đêm.txt
[775/1243] skip existing file=Chương 775 Thỏ nữ lang học tỷ bất an.txt
[776/1243] skip existing file=Chương 776 Học tập hội.txt
[777/1243] skip existing file=Chương 777 Đám người tụ tập.txt
[778/1243] skip existing file=Chương 778 Chiba đặc sản.txt
[779/1243] skip existing file=Chương 779 Muội khống.txt
[780/1243] skip existing file=Chương 780 Hikigaya Komachi.txt
[781/1243] skip existing file=Chương 781 Mana tình cảm.txt
[782/1243] skip existing file=Chương 782 Đến từ ngoài trường học ủy thác.txt
[783/1243] skip existing file=Chương 783 Ủy thác nội dung.txt
[784/1243] skip existing file=Chương 784 Tìm Shizukawaii trợ giúp.txt
[785/1243] skip existing file=Chương 785 Kawasaki Saki.txt
[786/1243] skip existing file=Chương 786 Tin tức nặng ký.txt
[787/1243] skip existing file=Chương 787 Angel Maid Cafe.txt
[788/1243] skip existing file=Chương 788 Lại gặp đả kích Yukino.txt
[789/1243] skip existing file=Chương 789 Hầu gái trang phục.txt
[790/1243] skip existing file=Chương 790 Địa điểm cuối cùng.txt
[791/1243] skip existing file=Chương 791 Mặc lễ phục Yui.txt
[792/1243] skip existing file=Chương 792 Yukino vs Saki.txt
[793/1243] skip existing file=Chương 793 Kết quả.txt
[794/1243] skip existing file=Chương 794 Yukino muốn được tự do.txt
[795/1243] skip existing file=Chương 795 Trêu đùa Yukino.txt
[796/1243] skip existing file=Chương 796 Sáng sớm nói chuyện.txt
[797/1243] skip existing file=Chương 797 Đi nhầm lộ Saki.txt
[798/1243] skip existing file=Chương 798 Giải quyết.txt
[799/1243] skip existing file=Chương 799 Bokura no LIVE Kimi to no LIFE.txt
[800/1243] skip existing file=Chương 800 Đần độn Honoka.txt
[801/1243] skip existing file=Chương 801 Umi gia nhập vào.txt
[802/1243] skip existing file=Chương 802 Sakurajima Mai ngượng ngùng.txt
[803/1243] skip existing file=Chương 803 Xấu hổ Dango đồng học.txt
[804/1243] skip existing file=Chương 804 Hố người Mashiro.txt
[805/1243] skip existing file=Chương 805 Bị lên án Yuuto.txt
[806/1243] skip existing file=Chương 806 Mashiro hảo hữu.txt
[807/1243] skip existing file=Chương 807 tìm chết Rita.txt
[808/1243] skip existing file=Chương 808 Rita chấn kinh.txt
[809/1243] skip existing file=Chương 809 Đơn thuần Mashiro.txt
[810/1243] skip existing file=Chương 810 Theo dõi hai người.txt
[811/1243] skip existing file=Chương 811 Thiên tài lúc nào cũng trong lúc lơ đãng làm tổn thương phàm nhân.txt
[812/1243] skip existing file=Chương 812 Mashiro cùng Rita hữu nghị.txt
[813/1243] skip existing file=Chương 813 Rita cám ơn.txt
[814/1243] skip existing file=Chương 814 Rita ở lại.txt
[815/1243] skip existing file=Chương 815 Xuất phát.txt
[816/1243] skip existing file=Chương 816 Brune cùng Zhcted chiến tranh.txt
[817/1243] skip existing file=Chương 817 Đột kích.txt
[818/1243] skip existing file=Chương 818 Elen đầu hàng.txt
[819/1243] skip existing file=Chương 819 Phản ứng.txt
[820/1243] skip existing file=Chương 820 Tù Binh Elen.txt
[821/1243] skip existing file=Chương 821 Xinh đẹp Elen.txt
[822/1243] skip existing file=Chương 822 Ban đêm người tới.txt
[823/1243] skip existing file=Chương 823 Limalisha.txt
[824/1243] skip existing file=Chương 824 Tigrevurmud Vorn.txt
[825/1243] skip existing file=Chương 825 Lim kế hoạch.txt
[826/1243] skip existing file=Chương 826 Hai vị chiến cơ.txt
[827/1243] skip existing file=Chương 827 Hắc Cung.txt
[828/1243] skip existing file=Chương 828 Ầm ĩ cãi nhau hai cái chiến cơ.txt
[829/1243] skip existing file=Chương 829 Không nghĩ ra tiêu đề.txt
[830/1243] skip existing file=Chương 830 Thenardier công tước mưu đồ.txt
[831/1243] skip existing file=Chương 831 Long khúc hành quân.txt
[832/1243] skip existing file=Chương 832 Đến Leitmeritz.txt
[833/1243] skip existing file=Chương 833 Tự cao tự đại Zion.txt
[834/1243] skip existing file=Chương 834 Chiến đấu bạo phát.txt
[835/1243] skip existing file=Chương 835 Sát song Long.txt
[836/1243] skip existing file=Chương 836 Chiếm được ưu thế.txt
[837/1243] skip existing file=Chương 837 Chiến thắng.txt
[838/1243] skip existing file=Chương 838 Thu phục Tigrevurmud.txt
[839/1243] skip existing file=Chương 839 Thenardier tức giận.txt
[840/1243] skip existing file=Chương 840 Tắm rửa.txt
[841/1243] skip existing file=Chương 841 Chiến sự.txt
[842/1243] skip existing file=Chương 842 Cùng Regin ra ngoài.txt
[843/1243] skip existing file=Chương 843 Phục kích.txt
[844/1243] skip existing file=Chương 844 Serasyu Bảy Khóa.txt
[845/1243] skip existing file=Chương 845 Ma Vật hành động.txt
[846/1243] skip existing file=Chương 846 Scathach.txt
[847/1243] skip existing file=Chương 847 Cùng Scathach chiến đấu.txt
[848/1243] skip existing file=Chương 848 Kết quả Hòa.txt
[849/1243] skip existing file=Chương 849 Học tập thương thuật.txt
[850/1243] skip existing file=Chương 850 Hắc kỵ sĩ Roland.txt
[851/1243] skip existing file=Chương 851 Gia Cát Khổng Minh.txt
[852/1243] skip existing file=Chương 852 Bát trận đồ.txt
[853/1243] skip existing file=Chương 853 Roland vs Teresa.txt
[854/1243] skip existing file=Chương 854 Roland chết.txt
[855/1243] skip existing file=Chương 855 Thế như lôi đình.txt
[856/1243] skip existing file=Chương 856 Valentina.txt
[857/1243] skip existing file=Chương 857 Tir Na Fal.txt
[858/1243] skip existing file=Chương 858 Trêu đùa nữ thần.txt
[859/1243] skip existing file=Chương 859 Trong đêm tập kích.txt
[860/1243] skip existing file=Chương 860 Dị giới bản Xích Bích chi chiến.txt
[861/1243] skip existing file=Chương 861 Riche vs Elizavetta.txt
[862/1243] skip existing file=Chương 862 Chiến thắng.txt
[863/1243] skip existing file=Chương 863 Ellen thuần phục.txt
[864/1243] skip existing file=Chương 864 Không nghĩ ra tiêu đề.txt
[865/1243] skip existing file=Chương 865 Trước trận chiến.txt
[866/1243] skip existing file=Chương 866 Chiến đấu nổ ra.txt
[867/1243] skip existing file=Chương 867 Spartacus.txt
[868/1243] skip existing file=Chương 868 Tỳ thú gầm rống Crying·Warmonger.txt
[869/1243] skip existing file=Chương 869 Regin thẳng thắn.txt
[870/1243] skip existing file=Chương 870 Gặp Brune quốc vương.txt
[871/1243] skip existing file=Chương 871 Vua Faron chết.txt
[872/1243] skip existing file=Chương 872 Khách không mời mà đến.txt
[873/1243] skip existing file=Chương 873 Trêu đùa Valentina.txt
[874/1243] skip existing file=Chương 874 Valentina thuần phục.txt
[875/1243] skip existing file=Chương 875 Ganelon thân phận.txt
[876/1243] skip existing file=Chương 876 Himari ra tay.txt
[877/1243] skip existing file=Chương 877 Chiếm thượng phong.txt
[878/1243] skip existing file=Chương 878 Tân Chính.txt
[879/1243] skip existing file=Chương 879 Không nghĩ ra tiêu đề.txt
[880/1243] skip existing file=Chương 880 Elen cùng Liza hai người mâu thuẫn.txt
[881/1243] skip existing file=Chương 881 Elen cùng Liza chuyện cũ.txt
[882/1243] skip existing file=Chương 882 Ngoan ngoãn Sofya.txt
[883/1243] skip existing file=Chương 883 Elizavetta thuần phục.txt
[884/1243] skip existing file=Chương 884 Alexandra Alshavin.txt
[885/1243] skip existing file=Chương 885 Sasha quyết ý.txt
[886/1243] skip existing file=Chương 886 Chiến đấu sắp tới.txt
[887/1243] skip existing file=Chương 887 Chạm mặt.txt
[888/1243] skip existing file=Chương 888 Thủy Chiến.txt
[889/1243] skip existing file=Chương 889 Phượng Hoàng.txt
[890/1243] skip existing file=Chương 890 Sasha vs Figneria.txt
[891/1243] skip existing file=Chương 891 Kết Thúc.txt
[892/1243] skip existing file=Chương 892 Sasha chuyện cũ.txt
[893/1243] skip existing file=Chương 893 Sasha ngượng ngùng.txt
[894/1243] skip existing file=Chương 894 Sắp kết thúc chinh phạt.txt
[895/1243] skip existing file=Chương 895 Olga Tamm.txt
[896/1243] skip existing file=Chương 896 Vương nữ Guinevere.txt
[897/1243] skip existing file=Chương 897 Thái Dương Tế.txt
[898/1243] skip existing file=Chương 898 Thống nhất.txt
[899/1243] skip existing file=Chương 899 Tir Na Fal.txt
[900/1243] skip existing file=Chương 900 Nghỉ hè sắp đến.txt
[901/1243] skip existing file=Chương 901 cho Dango chuẩn bị quà sinh nhật.txt
[902/1243] skip existing file=Chương 902 Lựa chọn lễ vật tiến hành bên trong.txt
[903/1243] skip existing file=Chương 903 Tạp dề.txt
[904/1243] skip existing file=Chương 904 Haruno theo dõi.txt
[905/1243] skip existing file=Chương 905 Haruno xen vào.txt
[906/1243] skip existing file=Chương 906 Haruno phá đám.txt
[907/1243] skip existing file=Chương 907 Vô tình gặp được Yui.txt
[908/1243] skip existing file=Chương 908 Yui mong chờ.txt
[909/1243] skip existing file=Chương 909 Tặng lễ vật.txt
[910/1243] skip existing file=Chương 910 Alley Cats tập hợp.txt
[911/1243] skip existing file=Chương 911 Đến Dungeon.txt
[912/1243] skip existing file=Chương 912 Lần đầu chiến đấu.txt
[913/1243] skip existing file=Chương 913 Không nghĩ ra tiêu đề.txt
[914/1243] skip existing file=Chương 914 Dungeon đêm đầu tiên.txt
[915/1243] skip existing file=Chương 915 Nakano ngượng ngùng.txt
[916/1243] skip existing file=Chương 916 Trêu chọc Nakano.txt
[917/1243] skip existing file=Chương 917 Không nghĩ ra tiêu đề.txt
[918/1243] skip existing file=Chương 918 một đêm xuân dài.txt
[919/1243] skip existing file=Chương 919 Trêu chọc Akane.txt
[920/1243] skip existing file=Chương 920 Akane phát hiện kinh người.txt
[921/1243] skip existing file=Chương 921 Không nghĩ ra tiêu đề.txt
[922/1243] skip existing file=Chương 922 Alley Cats toàn viên.txt
[923/1243] skip existing file=Chương 923 Vận khí tốt tổ bốn người.txt
[924/1243] skip existing file=Chương 924 Không thích sống chung Maki chan.txt
[925/1243] skip existing file=Chương 925 Tiểu phú bà Maki.txt
[926/1243] skip existing file=Chương 926 Ma Quỷ Umi.txt
[927/1243] skip existing file=Chương 927 Bị chúng nữ thảo phạt Yuuto.txt
[928/1243] skip existing file=Chương 928 Xuân sắc tràn đầy bãi biển.txt
[929/1243] skip existing file=Chương 929 Không nghĩ ra tiêu đề.txt
[930/1243] skip existing file=Chương 930 Chăn lớn cùng ngủ.txt
[931/1243] skip existing file=Chương 931 Muse gối đầu đại chiến.txt
[932/1243] skip existing file=Chương 932 Không nghĩ ra tiêu đề.txt
[933/1243] skip existing file=Chương 933 Alice tự tin.txt
[934/1243] skip existing file=Chương 934 Giải quyết Katou Megumi vấn đề.txt
[935/1243] skip existing file=Chương 935 Shokugeki phía trước.txt
[936/1243] skip existing file=Chương 936 Tỷ muội giao phong.txt
[937/1243] skip existing file=Chương 937 Hai vị chỉ đen học tỷ giao phong.txt
[938/1243] skip existing file=Chương 938 Đụng ngã Erina.txt
[939/1243] skip existing file=Chương 939 Uống rượu.txt
[940/1243] skip existing file=Chương 940 Xấu bụng Utaha.txt
[941/1243] skip existing file=Chương 941 Hai nữ so tài.txt
[942/1243] skip existing file=Chương 942 Bữa sáng thẩm tra.txt
[943/1243] skip existing file=Chương 943 Yukihira Soma xử lý.txt
[944/1243] skip existing file=Chương 944 Bữa sáng kết thúc.txt
[945/1243] skip existing file=Chương 945 Bữa tối Yến tiệc.txt
[946/1243] skip existing file=Chương 946 Nghe góc tường Sengoku Chihiro.txt
[947/1243] skip existing file=Chương 947 Tạm biệt độc thân cẩu nhân sinh.txt
[948/1243] skip existing file=Chương 948 Erina kinh ngạc.txt
[949/1243] skip existing file=Chương 949 Katou Megumi kỳ diệu gặp gỡ.txt
[950/1243] skip existing file=Chương 950 Gợi cảm ảnh chụp.txt
[951/1243] skip existing file=Chương 951 Hai cái Futaba.txt
[952/1243] skip existing file=Chương 952 Futaba tạm thời vào ở.txt
[953/1243] skip existing file=Chương 953 Dưới màn đêm suối nước nóng.txt
[954/1243] skip existing file=Chương 954 Futaba tự ti.txt
[955/1243] skip existing file=Chương 955 Không nghĩ ra tiêu đề.txt
[956/1243] skip existing file=Chương 956 Nguy hiểm hành vi.txt
[957/1243] skip existing file=Chương 957 Rio vui vẻ.txt
[958/1243] skip existing file=Chương 958 Futaba biết chuyện.txt
[959/1243] skip existing file=Chương 959 Futaba thẹn thùng.txt
[960/1243] skip existing file=Chương 960 Lẫn nhau chấp nhận.txt
[961/1243] skip existing file=Chương 961 Gấp đôi khoái hoạt.txt
[962/1243] skip existing file=Chương 962 Katou Megumi lại gặp núi chi ông.txt
[963/1243] skip existing file=Chương 963 Katou Megumi thiên phú.txt
[964/1243] skip existing file=Chương 964 Tĩnh Mịch cùng Katou Megumi.txt
[965/1243] skip existing file=Chương 965 Lại đến Dungeon.txt
[966/1243] skip existing file=Chương 966 Quái vật tập kích.txt
[967/1243] skip existing file=Chương 967 Vận khí không tốt.txt
[968/1243] skip existing file=Chương 968 Giám sát.txt
[969/1243] skip existing file=Chương 969 Chuẩn bị đánh Boss.txt
[970/1243] skip existing file=Chương 970 Shinomiya đoàn người.txt
[971/1243] skip existing file=Chương 971 Hỏa Diễm Ma Chu.txt
[972/1243] skip existing file=Chương 972 Giải quyết Hỏa Diễm Ma Chu.txt
[973/1243] skip existing file=Chương 973 Mạo hiểm kết thúc.txt
[974/1243] skip existing file=Chương 974 Bị hố Shizukawaii.txt
[975/1243] skip existing file=Chương 975 Mê người ma nữ.txt
[976/1243] skip existing file=Chương 976 Đến Chiba thôn.txt
[977/1243] skip existing file=Chương 977 Bị xa lánh nữ hài.txt
[978/1243] skip existing file=Chương 978 Đặc biệt tiểu nữ hài.txt
[979/1243] skip existing file=Chương 979 Hayama không được.txt
[980/1243] skip existing file=Chương 980 Mashiro muốn học nấu ăn.txt
[981/1243] skip existing file=Chương 981 Tiếp xúc Tsurumi Rumi.txt
[982/1243] skip existing file=Chương 982 Ác miệng tiểu la lỵ.txt
[983/1243] skip existing file=Chương 983 Rumi thẹn thùng.txt
[984/1243] skip existing file=Chương 984 Không tầm thường Rumi.txt
[985/1243] skip existing file=Chương 985 Đệ tử Tsurumi Rumi.txt
[986/1243] skip existing file=Chương 986 Trong đêm trò chuyện.txt
[987/1243] skip existing file=Chương 987 Dưới ánh trăng mỹ nhân.txt
[988/1243] skip existing file=Chương 988 Ban đêm kích thích.txt
[989/1243] skip existing file=Chương 989 Không nghĩ ra tiêu đề.txt
[990/1243] skip existing file=Chương 990 Đồ tắm Yui.txt
[991/1243] skip existing file=Chương 991 Xuân sắc tràn đầy.txt
[992/1243] skip existing file=Chương 992 Bị đả kích không ngừng Yukino.txt
[993/1243] skip existing file=Chương 993 Biến cố xảy ra.txt
[994/1243] skip existing file=Chương 994 Giải quyết.txt
[995/1243] skip existing file=Chương 995 Reina.txt
[996/1243] skip existing file=Chương 996 Được hoan nghênh Reina.txt
[997/1243] skip existing file=Chương 997 Thiên sứ cùng ác ma đến.txt
[998/1243] skip existing file=Chương 998 Vô tình gặp được.txt
[999/1243] skip existing file=Chương 999 Mặc thử trang phục.txt
[1000/1243] skip existing file=Chương 1000 Gotobun hoa gả.txt
[1001/1243] skip existing file=Chương 1001 Dinh người Reina.txt
[1002/1243] skip existing file=Chương 1002 Reina rời đi.txt
[1003/1243] skip existing file=Chương 1003 Yui Dango.txt
[1004/1243] skip existing file=Chương 1004 Lễ hội pháo hoa.txt
[1005/1243] skip existing file=Chương 1005 Sagami Minami.txt
[1006/1243] skip existing file=Chương 1006 Yui tỏ tình.txt
[1007/1243] skip existing file=Chương 1007 Masuzu trở về.txt
[1008/1243] skip existing file=Chương 1008 Gặp lại Masuzu.txt
[1009/1243] skip existing file=Chương 1009 Masuzu chuyển trường.txt
[1010/1243] skip existing file=Chương 1010 Lễ hội văn hóa sắp đến.txt
[1011/1243] skip existing file=Chương 1011 Bị chụp ảnh Maki.txt
[1012/1243] skip existing file=Chương 1012 Ủy viên trưởng cùng phó ủy viên trưởng.txt
[1013/1243] skip existing file=Chương 1013 Nhân sinh đại phú ông.txt
[1014/1243] skip existing file=Chương 1014 Dự cảm không tốt.txt
[1015/1243] skip existing file=Chương 1015 Dao bổ củi kết cục.txt
[1016/1243] skip existing file=Chương 1016 Eli thẹn thùng.txt
[1017/1243] skip existing file=Chương 1017 Ayase Eli mất ngủ.txt
[1018/1243] skip existing file=Chương 1018 Kịch bản cùng bán đồ.txt
[1019/1243] skip existing file=Chương 1019 Không nghĩ ra tiêu đề.txt
[1020/1243] skip existing file=Chương 1020 Katou Megumi biến hóa.txt
[1021/1243] skip existing file=Chương 1021 Lão ti cơ Shizukawaii.txt
[1022/1243] skip existing file=Chương 1022 Động tâm Honoka.txt
[1023/1243] skip existing file=Chương 1023 Honoka sơ hôn.txt
[1024/1243] skip existing file=Chương 1024 Lễ hội văn hóa bắt đầu.txt
[1025/1243] skip existing file=Chương 1025 Nakano Yotsuba.txt
[1026/1243] skip existing file=Chương 1026 Muse MusicStart.txt
[1027/1243] skip existing file=Chương 1027 Đại yêu tinh phúc lợi.txt
[1028/1243] skip existing file=Chương 1028 Lễ hội văn hóa ngày thứ hai.txt
[1029/1243] skip existing file=Chương 1029 Mẹ vợ tương lai.txt
[1030/1243] skip existing file=Chương 1030 Ăn Yui.txt
[1031/1243] skip existing file=Chương 1031 Thẹn thùng viêm chi nữ vương.txt
[1032/1243] skip existing file=Chương 1032 Lễ hội văn hóa kết thúc.txt
[1033/1243] skip existing file=Chương 1033 Thư thông báo.txt
[1034/1243] skip existing file=Chương 1034 Gotobun ủy thác.txt
[1035/1243] skip existing file=Chương 1035 Ngũ tỷ muội phụ đạo.txt
[1036/1243] skip existing file=Chương 1036 Nakano Miku.txt
[1037/1243] skip existing file=Chương 1037 Nakano Miku yêu thích.txt
[1038/1243] skip existing file=Chương 1038 Không nghĩ ra tiêu đề.txt
[1039/1243] skip existing file=Chương 1039 Gotobun trí thông minh.txt
[1040/1243] skip existing file=Chương 1040 Phương pháp giải quyết.txt
[1041/1243] skip existing file=Chương 1041 Gotobun tính cách.txt
[1042/1243] skip existing file=Chương 1042 Ngã bài.txt
[1043/1243] skip existing file=Chương 1043 Nino ý đồ xấu.txt
[1044/1243] skip existing file=Chương 1044 Xui xẻo Nino.txt
[1045/1243] skip existing file=Chương 1045 Cùng Nino nói chuyện.txt
[1046/1243] skip existing file=Chương 1046 Thời gian đảo lưu.txt
[1047/1243] skip existing file=Chương 1047 Koga Tomoe.txt
[1048/1243] skip existing file=Chương 1048 Koga Tomoe tiềm lực rất lớn.txt
[1049/1243] skip existing file=Chương 1049 Áp lực lớn Muse.txt
[1050/1243] skip existing file=Chương 1050 Bị quên Honoka.txt
[1051/1243] skip existing file=Chương 1051 Ông già Noel không tồn tại.txt
[1052/1243] skip existing file=Chương 1052 Bình cảnh.txt
[1053/1243] skip existing file=Chương 1053 Kotori phiền não.txt
[1054/1243] skip existing file=Chương 1054 Trêu chọc Hanayo.txt
[1055/1243] skip existing file=Chương 1055 Leo núi.txt
[1056/1243] skip existing file=Chương 1056 Sợ bóng đêm Ayase Eli.txt
[1057/1243] skip existing file=Chương 1057 Đại hội thể thao.txt
[1058/1243] skip existing file=Chương 1058 Đã lâu không gặp ủy thác CLB Tình Nguyện.txt
[1059/1243] skip existing file=Chương 1059 Đóng góp ý kiến.txt
[1060/1243] skip existing file=Chương 1060 Gây sự Shizukawaii.txt
[1061/1243] skip existing file=Chương 1061 Hoàn thành.txt
[1062/1243] skip existing file=Chương 1062 Thông qua.txt
[1063/1243] skip existing file=Chương 1063 Bánh bao quái Itsuki.txt
[1064/1243] skip existing file=Chương 1064 Ồn ào Ngũ tỷ muội.txt
[1065/1243] skip existing file=Chương 1065 Lại cứu Nino.txt
[1066/1243] skip existing file=Chương 1066 Phạm nhân Yuuto.txt
[1067/1243] skip existing file=Chương 1067 Biểu diễn thời gian đã đến.txt
[1068/1243] skip existing file=Chương 1068 Yuuto hoàn mỹ tâm cơ.txt
[1069/1243] skip existing file=Chương 1069 Khác biệt phản ứng.txt
[1070/1243] skip existing file=Chương 1070 Tam nữ cảm xúc.txt
[1071/1243] skip existing file=Chương 1071 Trước mặt Nino trêu chọc Miku.txt
[1072/1243] skip existing file=Chương 1072 Trêu đùa Ichika.txt
[1073/1243] skip existing file=Chương 1073 Thẹn thùng Ichika.txt
[1074/1243] skip existing file=Chương 1074 Nino chú ý.txt
[1075/1243] skip existing file=Chương 1075 Chạy mượn vật.txt
[1076/1243] skip existing file=Chương 1076 Yuuto Ta hối hận a.txt
[1077/1243] skip existing file=Chương 1077 Thích nhất.txt
[1078/1243] skip existing file=Chương 1078 Hố cha vòng cuối cùng.txt
[1079/1243] skip existing file=Chương 1079 Cưỡi ngựa đánh trận.txt
[1080/1243] skip existing file=Chương 1080 Lại thắng.txt
[1081/1243] skip existing file=Chương 1081 Cuối cùng một trận tranh tài.txt
[1082/1243] skip existing file=Chương 1082 Cản đường Hayama.txt
[1083/1243] skip existing file=Chương 1083 Đại hội thể thao kết thúc.txt
[1084/1243] skip existing file=Chương 1084 Lỡ lên cô em vợ làm sao bây giờ.txt
[1085/1243] skip existing file=Chương 1085 Trao đổi cơ thể tỷ muội.txt
[1086/1243] skip existing file=Chương 1086 Xấu bụng Utaha.txt
[1087/1243] skip existing file=Chương 1087 Raphiel vào hố.txt
[1088/1243] skip existing file=Chương 1088 Cãi nhau tỷ muội.txt
[1089/1243] skip existing file=Chương 1089 Áp lực nặng nề Nodoka.txt
[1090/1243] skip existing file=Chương 1090 Thẹn thùng cô em vợ.txt
[1091/1243] skip existing file=Chương 1091 Không nghĩ ra tiêu đề.txt
[1092/1243] skip existing file=Chương 1092 Sweet Bullet buổi hòa nhạc.txt
[1093/1243] skip existing file=Chương 1093 Khôi phục.txt
[1094/1243] skip existing file=Chương 1094 Hoa tỷ muội nở rộ.txt
[1095/1243] skip existing file=Chương 1095 Chika lấy ra vé xem phim.txt
[1096/1243] skip existing file=Chương 1096 Không có khả năng thành thật xem phim.txt
[1097/1243] skip existing file=Chương 1097 Muse muốn thực hiện nguyện vọng.txt
[1098/1243] skip existing file=Chương 1098 Muse trang phục nữ bộc đại hội.txt
[1099/1243] skip existing file=Chương 1099 Kotori thiên hạ đệ nhất.txt
[1100/1243] skip existing file=Chương 1100 Da mặt mỏng Ayase Eli.txt
[1101/1243] skip existing file=Chương 1101 Ở lại Ayase Eli nhà.txt
[1102/1243] skip existing file=Chương 1102 Lovelive trận chung kết bắt đầu.txt
[1103/1243] skip existing file=Chương 1103 Quán quân sinh ra.txt
[1104/1243] skip existing file=Chương 1104 Chảy ra nước Quả.txt
[1105/1243] skip existing file=Chương 1105 Lại tìm đến Shizukawaii.txt
[1106/1243] skip existing file=Chương 1106 Liên quan đến kết hôn đề tài.txt
[1107/1243] skip existing file=Chương 1107 Điều tra vấn quyển.txt
[1108/1243] skip existing file=Chương 1108 Masuzu đến giúp đỡ.txt
[1109/1243] skip existing file=Chương 1109 Nấu ăn thi đấu.txt
[1110/1243] skip existing file=Chương 1110 Chấm điểm.txt
[1111/1243] skip existing file=Chương 1111 Không nghĩ ra tiêu đề.txt
[1112/1243] skip existing file=Chương 1112 Shizukawaii sợ hãi.txt
[1113/1243] skip existing file=Chương 1113 Không nghĩ ra tiêu đề.txt
[1114/1243] skip existing file=Chương 1114 Xinh đẹp nhất tân nương.txt
[1115/1243] skip existing file=Chương 1115 Akatsuki Nagisa.txt
[1116/1243] skip existing file=Chương 1116 Minamiya Natsuki.txt
[1117/1243] skip existing file=Chương 1117 Không nghĩ ra tiêu đề.txt
[1118/1243] skip existing file=Chương 1118 Aiba Asagi.txt
[1119/1243] skip existing file=Chương 1119 Bám đuôi thiếu nữ.txt
[1120/1243] skip existing file=Chương 1120 Himeragi Yukina.txt
[1121/1243] skip existing file=Chương 1121 Himeragi Yukina vào ở.txt
[1122/1243] skip existing file=Chương 1122 Mash cùng Mana đến.txt
[1123/1243] skip existing file=Chương 1123 Cho hai nữ làm thủ tục nhập học.txt
[1124/1243] skip existing file=Chương 1124 Thiếu khuyết một chút thường thức Yukina.txt
[1125/1243] skip existing file=Chương 1125 Nhận lầm.txt
[1126/1243] skip existing file=Chương 1126 Bị bắt gian.txt
[1127/1243] skip existing file=Chương 1127 Rudolf Eustach.txt
[1128/1243] skip existing file=Chương 1128 Mana đuổi đến.txt
[1129/1243] skip existing file=Chương 1129 Một chiêu giải quyết.txt
[1130/1243] skip existing file=Chương 1130 Nhận chủ Astarte.txt
[1131/1243] skip existing file=Chương 1131 Hút máu.txt
[1132/1243] skip existing file=Chương 1132 Thẳng thắn.txt
[1133/1243] skip existing file=Chương 1133 Avrora.txt
[1134/1243] skip existing file=Chương 1134 Nagisa thẹn thùng.txt
[1135/1243] skip existing file=Chương 1135 Cao thần chi xã.txt
[1136/1243] skip existing file=Chương 1136 Bất ngờ chiến đấu.txt
[1137/1243] skip existing file=Chương 1137 Kinh khủng chiến đấu.txt
[1138/1243] skip existing file=Chương 1138 Giải quyết Brynhildr nguyền rủa.txt
[1139/1243] skip existing file=Chương 1139 Náo nhiệt.txt
[1140/1243] skip existing file=Chương 1140 MAR.txt
[1141/1243] skip existing file=Chương 1141 Avrora di thể.txt
[1142/1243] skip existing file=Chương 1142 Hoàng kim thủ hộ giả.txt
[1143/1243] skip existing file=Chương 1143 Chữa trị.txt
[1144/1243] skip existing file=Chương 1144 Bao vây.txt
[1145/1243] skip existing file=Chương 1145 Yuuto động thủ.txt
[1146/1243] skip existing file=Chương 1146 Tiến hành phục sinh Avrora.txt
[1147/1243] skip existing file=Chương 1147 Phản ứng.txt
[1148/1243] skip existing file=Chương 1148 Sáng sớm thường ngày.txt
[1149/1243] skip existing file=Chương 1149 Học sinh trao đổi.txt
[1150/1243] skip existing file=Chương 1150 Kisaki Kiriha.txt
[1151/1243] skip existing file=Chương 1151 Natsuki nhắc nhở.txt
[1152/1243] skip existing file=Chương 1152 Nagisa kinh ngạc.txt
[1153/1243] skip existing file=Chương 1153 Si hán Mimori.txt
[1154/1243] skip existing file=Chương 1154 Hưng phấn Akatsuki Mimori.txt
[1155/1243] skip existing file=Chương 1155 Nam sinh công địch.txt
[1156/1243] skip existing file=Chương 1156 Natsuki chấn kinh.txt
[1157/1243] skip existing file=Chương 1157 Luyện tập.txt
[1158/1243] skip existing file=Chương 1158 Vatler thư mời.txt
[1159/1243] skip existing file=Chương 1159 Xinh đẹp Brynhildr.txt
[1160/1243] skip existing file=Chương 1160 Xinh đẹp Natsuki chan.txt
[1161/1243] skip existing file=Chương 1161 Dimitrie Vatler.txt
[1162/1243] skip existing file=Chương 1162 Giao lưu.txt
[1163/1243] skip existing file=Chương 1163 Chiến đấu bắt đầu.txt
[1164/1243] skip existing file=Chương 1164 Sức mạnh tăng cường.txt
[1165/1243] skip existing file=Chương 1165 Siêu việt chân tổ sức mạnh.txt
[1166/1243] skip existing file=Chương 1166 Hắc Tử Hoàng Phái.txt
[1167/1243] skip existing file=Chương 1167 Khiêu Vũ.txt
[1168/1243] skip existing file=Chương 1168 Sáng sớm tập kích Asagi.txt
[1169/1243] skip existing file=Chương 1169 Christoph Gardos.txt
[1170/1243] skip existing file=Chương 1170 Ra tay.txt
[1171/1243] skip existing file=Chương 1171 Bạo động.txt
[1172/1243] skip existing file=Chương 1172 Thay đổi thực tế.txt
[1173/1243] skip existing file=Chương 1173 Thay đổi thực tế sức mạnh.txt
[1174/1243] skip existing file=Chương 1174 Thẳng thắn.txt
[1175/1243] skip existing file=Chương 1175 Cảnh đẹp.txt
[1176/1243] skip existing file=Chương 1176 Bị phát hiện.txt
[1177/1243] skip existing file=Chương 1177 Hút máu Avrora.txt
[1178/1243] skip existing file=Chương 1178 Nagisa tức giận.txt
[1179/1243] skip existing file=Chương 1179 Nagisa nhắc nhở.txt
[1180/1243] skip existing file=Chương 1180 Natsuki sơ hôn.txt
[1181/1243] skip existing file=Chương 1181 Muốn lấy ra Thánh Diệt.txt
[1182/1243] skip existing file=Chương 1182 Asagi chủ động.txt
[1183/1243] skip existing file=Chương 1183 Mặt nạ kẻ ký sinh.txt
[1184/1243] skip existing file=Chương 1184 Nagisa bị tỏ tình.txt
[1185/1243] skip existing file=Chương 1185 Cải tạo.txt
[1186/1243] skip existing file=Chương 1186 Sơ trung bộ Thánh Nữ.txt
[1187/1243] skip existing file=Chương 1187 Thiện lương Kanon.txt
[1188/1243] skip existing file=Chương 1188 Ra tay.txt
[1189/1243] skip existing file=Chương 1189 Mô Tạo Thiên Sứ.txt
[1190/1243] skip existing file=Chương 1190 Dưới ánh trăng thiếu nữ.txt
[1191/1243] skip existing file=Chương 1191 La Folia.txt
[1192/1243] skip existing file=Chương 1192 La Folia bái phỏng.txt
[1193/1243] skip existing file=Chương 1193 Kanon chuyển vào.txt
[1194/1243] skip existing file=Chương 1194 Halloween sắp tới.txt
[1195/1243] skip existing file=Chương 1195 Thử đồ.txt
[1196/1243] skip existing file=Chương 1196 Thử đồ kết thúc.txt
[1197/1243] skip existing file=Chương 1197 Mua sắm tiếp tục.txt
[1198/1243] skip existing file=Chương 1198 Chuẩn bị hoàn thành.txt
[1199/1243] skip existing file=Chương 1199 Lấy ra thánh diệt.txt
[1200/1243] skip existing file=Chương 1200 Shizuka Koyomi đến.txt
[1201/1243] skip existing file=Chương 1201 Sư Tử Vương cơ quan thuần phục.txt
[1202/1243] skip existing file=Chương 1202 Quyến thú trở về.txt
[1203/1243] skip existing file=Chương 1203 Kanon đêm.txt
[1204/1243] skip existing file=Chương 1204 Thường ngày.txt
[1205/1243] skip existing file=Chương 1205 Trang phục học sinh Natsuki chan.txt
[1206/1243] skip existing file=Chương 1206 Đệ tam chân tổ muốn đến.txt
[1207/1243] skip existing file=Chương 1207 Thu phục Đệ Tam Chân Tổ.txt
[1208/1243] skip existing file=Chương 1208 Vương Nữ muốn gia nhập vào.txt
[1209/1243] skip existing file=Chương 1209 Vấn đề khó khăn.txt
[1210/1243] skip existing file=Chương 1210 Nagisa ghen.txt
[1211/1243] skip existing file=Chương 1211 ICO Thư Viện.txt
[1212/1243] skip existing file=Chương 1212 Tam Thánh cùng một chỗ.txt
[1213/1243] skip existing file=Chương 1213 ICO.txt
[1214/1243] skip existing file=Chương 1214 Yuma đến.txt
[1215/1243] skip existing file=Chương 1215 Tokoyogi Yuma.txt
[1216/1243] skip existing file=Chương 1216 Bắt đầu hành động.txt
[1217/1243] skip existing file=Chương 1217 Giải quyết Meyer tỷ muội.txt
[1218/1243] skip existing file=Chương 1218 Đến ngục giam kết giới.txt
[1219/1243] skip existing file=Chương 1219 Tokoyogi Aya.txt
[1220/1243] skip existing file=Chương 1220 Rung động.txt
[1221/1243] skip existing file=Chương 1221 Giúp đỡ.txt
[1222/1243] skip existing file=Chương 1222 Năng lực tiến hóa.txt
[1223/1243] skip existing file=Chương 1223 Tù Phạm.txt
[1224/1243] skip existing file=Chương 1224 Thiên Bộ.txt
[1225/1243] skip existing file=Chương 1225 Itogami Meiga.txt
[1226/1243] skip existing file=Chương 1226 Giải quyết Itogami Meiga.txt
[1227/1243] skip existing file=Chương 1227 Cùng Ác Ma chiến đấu.txt
[1228/1243] skip existing file=Chương 1228 Tiêu diệt ác ma.txt
[1229/1243] skip existing file=Chương 1229 Mẫu nữ gặp lại.txt
[1230/1243] skip existing file=Chương 1230 Cuối cùng đạt được Natsuki.txt
[1231/1243] skip existing file=Chương 1231 Nỉ non đình viện hội nghị.txt
[1232/1243] skip existing file=Chương 1232 Phùng Ma Ma Nữ.txt
[1233/1243] skip existing file=Chương 1233 Kasugaya Shizuri Castiella.txt
[1234/1243] skip existing file=Chương 1234 Chuẩn bị.txt
[1235/1243] skip existing file=Chương 1235 Sau đó.txt
[1236/1243] skip existing file=Chương 1236 Hiền Giả Linh Huyết.txt
[1237/1243] skip existing file=Chương 1237 Nina Adelard.txt
[1238/1243] skip existing file=Chương 1238 Leviathan.txt
[1239/1243] skip existing file=Chương 1239 Mở rộng đảo Itogami vấn đề.txt
[1240/1243] skip existing file=Chương 1240 Thánh diệt di sản.txt
[1241/1243] skip existing file=Chương 1241 Glenda.txt
[1242/1243] skip existing file=Chương 1242 Tai họa ngầm Mogwai.txt
[1243/1243] skip existing file=Chương 1243 Kết thúc.txt
final_ok=1243
final_fail=0
out=C:\Dev\MTC\Tổng Mạn Cùng Miêu Nương Không Đơn Giản Thường Ngày

[stderr]
